Child #[0, 1]: psutil.Process(pid=3718, name='python', status='running', started='19:34:10'), affinity [0, 1]
Child #[0, 1]: Set my affinity to [0, 1], affinity now [0, 1]

[04/02/2022, 16:41:14] start computing sampling shap for range: [1, 8]
[04/02/2022, 16:41:52] computing sampling shap 0:10 within 37.3466 sec, 3.7347 on average
[04/02/2022, 16:41:52] instances left: 54
[04/02/2022, 16:41:52] estimating time left: 0:03:21.673800

[[-0.13024574  7.7449732  -0.19435713  0.          0.83299013 -0.13558065]
 [-0.33687263 -2.69295676  0.          0.         -0.71648228 -0.21165487]
 [-0.22277153 -2.58888042 -0.20825916  0.          0.83840102  0.02694602]
 [-0.31261237 -2.35909483 -0.24056452  0.         -0.75376875 -0.27793817]
 [-0.02828166 -2.69187956 -0.26198409  0.         -0.65826885 -0.22732894]
 [-0.22950003 -2.59983709 -0.2322719   0.         -0.67280415 -0.20956581]
 [-0.14943111 -2.79390596 -0.07658985  0.         -0.71674375  0.22156169]
 [-0.1179369  -2.86222956 -0.07113394  0.         -0.62832075 -0.04339168]
 [-0.14857435 18.13327062  0.          0.         -0.56467138 -0.26688395]
 [-0.09576333 -2.6632768  -0.27355602  0.         -0.41780769 -0.10785513]]
[04/02/2022, 16:42:26] computing sampling shap 10:20 within 34.0871 sec, 3.5717 on average
[04/02/2022, 16:42:26] instances left: 44
[04/02/2022, 16:42:26] estimating time left: 0:02:37.154800

[[-0.16691661 -2.58308312 -0.32471343  0.          0.95574288 -0.17532172]
 [-0.13638567 -2.43104205 -0.33692235  0.         -0.97120204  0.41254737]
 [-0.27932167 -2.66524969 -0.0742658   0.          0.88371    -0.15916475]
 [-0.27847312 -2.58996816 -0.12052365  0.         -0.74864211 -0.16545804]
 [-0.09136235 -2.9883437   0.          0.         -0.80342391  0.41807016]
 [-0.04199508  7.46467533  0.          0.          0.40804493 -0.17076588]
 [-0.23059395 -2.63575224 -0.20738396  0.         -0.5542191   0.13922032]
 [10.93734522  8.51305577 -0.07147445  0.          0.30455892 -0.07635951]
 [-0.11219438 -2.57270309 -0.26736273  0.         -0.43714774  0.26399614]
 [-0.21294687 -2.52717715 -0.23143557  0.         -0.68390699 -0.05751085]]
[04/02/2022, 16:43:01] computing sampling shap 20:30 within 34.9955 sec, 3.5478 on average
[04/02/2022, 16:43:01] instances left: 34
[04/02/2022, 16:43:01] estimating time left: 0:02:00.625200

[[-3.53216610e-01 -2.38514766e+00 -1.49421767e-01  0.00000000e+00
  -4.48045427e-02  7.45885081e-02]
 [-1.71605805e-01  7.82374674e+00 -1.55677601e-01  0.00000000e+00
   4.08947866e-01 -1.90527424e-01]
 [ 0.00000000e+00 -3.02329532e+00  0.00000000e+00  0.00000000e+00
   4.68405654e-01 -1.26455222e-01]
 [ 6.08529179e+00  3.17050099e+00 -1.45572813e-01  0.00000000e+00
  -6.54348732e-01  4.52146221e-02]
 [-9.32159244e-02 -2.67930563e+00 -1.63127266e-01  0.00000000e+00
   8.14357971e-01 -8.63270823e-02]
 [-2.77409614e-01 -2.57924204e+00 -2.03772343e-01  0.00000000e+00
   8.92577268e-01 -1.03331929e-01]
 [-1.62709751e-02  1.80320770e+01 -6.60536481e-02  0.00000000e+00
  -7.35853656e-01 -1.09773699e-01]
 [-8.46245575e-02  7.60956407e+00  0.00000000e+00  0.00000000e+00
   7.52763664e-01 -1.90518420e-01]
 [ 0.00000000e+00 -2.95941282e+00  0.00000000e+00  0.00000000e+00
  -4.24964731e-03 -1.74676118e-01]
 [-2.45075379e-01 -2.63702599e+00 -7.70426665e-02  0.00000000e+00
   3.53464579e-02  7.53166376e-02]]
[04/02/2022, 16:43:36] computing sampling shap 30:40 within 34.9842 sec, 3.5355 on average
[04/02/2022, 16:43:36] instances left: 24
[04/02/2022, 16:43:36] estimating time left: 0:01:24.852000

[[ 1.21496208e+01  8.92584966e+00 -9.46503903e-02  0.00000000e+00
  -3.11934535e-01 -1.37229045e-01]
 [-2.26685127e-01  7.82475477e+00 -1.82561156e-01  0.00000000e+00
  -6.49949070e-01  2.16936088e-01]
 [-3.35996339e-01 -2.44245906e+00 -1.82752286e-01  0.00000000e+00
  -8.13321234e-01 -3.11990775e-02]
 [-8.70412327e-02  7.68522721e+00 -7.19649536e-02  0.00000000e+00
  -7.65923308e-01 -1.57468877e-01]
 [-2.89600292e-01 -2.72210528e+00  0.00000000e+00  0.00000000e+00
   8.49754467e-01 -1.32340434e-01]
 [-2.83887942e-01 -2.58041649e+00 -1.40215913e-01  0.00000000e+00
  -4.29103573e-01  2.90966181e-02]
 [-4.29709166e-01 -2.33840612e+00 -2.55159555e-01  0.00000000e+00
  -6.93426810e-01 -4.26894786e-02]
 [-2.61962174e-01 -2.70343218e+00  0.00000000e+00  0.00000000e+00
   2.32161213e-02  3.61628317e-01]
 [-3.06537482e-01 -2.40544368e+00 -2.13359111e-01  0.00000000e+00
   3.89159763e-01 -1.39051322e-01]
 [-4.50945265e-01 -2.10545259e+00 -4.00350549e-01  0.00000000e+00
  -7.94812676e-01 -7.82953229e-03]]
[04/02/2022, 16:44:12] computing sampling shap 40:50 within 36.5908 sec, 3.5602 on average
[04/02/2022, 16:44:12] instances left: 14
[04/02/2022, 16:44:12] estimating time left: 0:00:49.842800

[[-2.28275609e-01 -2.67379007e+00  0.00000000e+00  0.00000000e+00
  -6.18175889e-01  4.21069336e-01]
 [-2.37248595e-01 -2.60781024e+00 -2.13895827e-01  0.00000000e+00
   4.82605981e-01 -1.04996646e-01]
 [-4.14054187e-01 -2.58822072e+00  0.00000000e+00  0.00000000e+00
   8.39177822e-01 -1.08081362e-01]
 [-2.25012253e-01 -2.62361332e+00 -7.86984860e-02  0.00000000e+00
  -5.95582093e-03  2.58828403e-01]
 [-2.82103783e-02  7.52623472e+00  0.00000000e+00  0.00000000e+00
  -2.25746099e-01 -2.13542277e-01]
 [-2.78716379e-01 -2.40723839e+00 -2.79468604e-01  0.00000000e+00
   8.66860991e-01 -1.95729571e-01]
 [-2.74559456e-01 -2.30587160e+00 -4.32201236e-01  0.00000000e+00
  -9.85272924e-01 -7.34862424e-02]
 [-1.26569493e-01  7.64734933e+00  0.00000000e+00  0.00000000e+00
  -2.39058693e-01  2.50661703e-01]
 [-3.96509800e-02  7.78742228e+00 -1.99627888e-01  0.00000000e+00
   7.05916316e-01 -1.66874765e-01]
 [ 6.10961613e+00  3.22914424e+00 -2.93417403e-01  0.00000000e+00
   3.42263739e-01 -3.50487676e-02]]
[04/02/2022, 16:44:48] computing sampling shap 50:60 within 35.3281 sec, 3.5557 on average
[04/02/2022, 16:44:48] instances left: 4
[04/02/2022, 16:44:48] estimating time left: 0:00:14.222800

[[-0.23005416 -2.75427588 -0.07374462  0.          0.93858348 -0.17480051]
 [-0.01291562  7.47149135 -0.06696869  0.          0.08527826 -0.06028829]
 [ 0.         -2.71249757 -0.15000087  0.         -0.07195829  0.19144121]
 [-0.2852614  -2.57674048 -0.06943298  0.          0.79678838 -0.15964525]
 [-0.18561509 -2.64161066 -0.07331863  0.         -0.77498784  0.20282779]
 [-0.10905781 -2.84701917 -0.12244287  0.          0.13909359  0.33032147]
 [-0.1445864   7.88826083 -0.17893385  0.         -0.30645984  0.28449311]
 [-0.10458927  7.78552768 -0.16592344  0.         -0.56628227 -0.0703065 ]
 [-0.01324843 -2.91785573 -0.07334591  0.          0.10621284 -0.2150374 ]
 [-0.01403194  7.47174039 -0.15165348  0.         -0.18434522 -0.10085358]]
[04/02/2022, 16:44:48] finish computing sampling shap for range: [1, 8] within 213.342216 sec
