

[08/25/2022, 21:54:23] [get categorical paper data for /Users/yinnnyou/workspace/s2search/pipelining/exp-cset cset]
============== start ==============
[08/25/2022, 21:54:37] [get categorical paper data for /Users/yinnnyou/workspace/s2search/pipelining/exp-cset cset]
============== end 10200 ==============


[08/25/2022, 21:54:37] [sampling shap explainer training for /Users/yinnnyou/workspace/s2search/pipelining/exp-cset cset]
============== start ==============
[08/25/2022, 21:54:37] [sampling shap explainer training for /Users/yinnnyou/workspace/s2search/pipelining/exp-cset cset]
============== end 1 ==============


[08/25/2022, 21:54:37] [sampling shap sv computing for /Users/yinnnyou/workspace/s2search/pipelining/exp-cset cset]
============== start ==============
instances left: 1551
estimating time left: 0:00:48.391200
---- 1000:63000
instances left: 551
estimating time left: 0:00:16.970800
---- 2000:126000
instances left: -449
estimating time left: -1 day, 23:59:48.281100
---- 3000:160650
[08/25/2022, 21:55:56] [sampling shap sv computing for /Users/yinnnyou/workspace/s2search/pipelining/exp-cset cset]
============== end 160650 ==============
