Child #[10, 11]: psutil.Process(pid=3987, name='python', status='running', started='19:35:09'), affinity [10, 11]
Child #[10, 11]: Set my affinity to [10, 11], affinity now [10, 11]

[04/02/2022, 15:45:31] start computing sampling shap for range: [6, 8]
[04/02/2022, 15:46:03] computing sampling shap 695:705 within 31.8778 sec, 3.1878 on average
[04/02/2022, 15:46:03] instances left: 129
[04/02/2022, 15:46:03] estimating time left: 0:06:51.226200

[[-0.43526558 -2.02936628  0.          0.         -0.37658966 -0.1866414 ]
 [-0.46138385 -1.9989933   0.          0.          0.74047287 -0.15139762]
 [-0.51412559 -1.96761815  0.          0.         -0.28897822 -0.22887239]
 [-0.42540702 -2.02141078  0.          0.         -0.35871873 -0.09197429]
 [-0.49847827 -1.76485407  0.          0.         -0.6317068   0.1286632 ]
 [-0.69797962 -1.58247498 -0.09705741  0.         -0.45648256 -0.05264498]
 [-0.40308077 -1.9925143   0.          0.          0.68594454 -0.16165158]
 [-0.32070128 -2.17547024  0.          0.          0.35256499 -0.15262348]
 [-0.23550073 -2.16492633  0.          0.         -0.70844556 -0.19476929]
 [-0.41953859 -1.94597765  0.          0.         -1.0229494   0.60284011]]
[04/02/2022, 15:46:37] computing sampling shap 705:715 within 33.7073 sec, 3.2793 on average
[04/02/2022, 15:46:37] instances left: 119
[04/02/2022, 15:46:37] estimating time left: 0:06:30.236700

[[-0.25094327 -2.04179383  0.          0.          1.01653321 -0.14225335]
 [-0.64664006 -1.78520229  0.          0.         -0.44053334 -0.16609095]
 [-0.61525576 -1.76816009  0.          0.         -0.53427994 -0.12959931]
 [-0.6397225  -1.8486766   0.          0.          1.21407543 -0.1210208 ]
 [-0.47652713 -1.91997045 -0.11371153  0.          1.24833081 -0.09408655]
 [-0.31026591 -2.09839148  0.          0.          0.70293428 -0.19732393]
 [-0.3511025  18.71489177  0.          0.          0.08246041 -0.06610157]
 [-0.58708583 -1.84694015  0.          0.          1.15524767 -0.11656576]
 [-0.59455216 -1.80119368  0.          0.         -0.24185685 -0.16305939]
 [-0.29670766 18.56430465  0.          0.          1.08996472 -0.16128789]]
[04/02/2022, 15:47:10] computing sampling shap 715:725 within 32.8193 sec, 3.2803 on average
[04/02/2022, 15:47:10] instances left: 109
[04/02/2022, 15:47:10] estimating time left: 0:05:57.552700

[[-7.44513620e-01 -1.79013544e+00  0.00000000e+00  0.00000000e+00
  -3.89535131e-01 -1.73143659e-01]
 [-6.12062172e-01 -1.74167750e+00  0.00000000e+00  0.00000000e+00
  -7.23920887e-01  1.31046955e-01]
 [-3.01594514e-01  1.87462447e+01  0.00000000e+00  0.00000000e+00
  -3.93205403e-01 -2.18514902e-01]
 [ 1.07035371e+01  9.58255503e+00  0.00000000e+00  0.00000000e+00
  -1.24705380e+00  3.80175308e-01]
 [-2.10972024e-02 -2.54591186e+00  0.00000000e+00  0.00000000e+00
  -3.59025308e-01 -1.60023217e-01]
 [-5.17113570e-01 -1.93372191e+00  0.00000000e+00  0.00000000e+00
  -1.03541722e+00 -6.77318324e-02]
 [-4.77261423e-01 -2.04725121e+00  0.00000000e+00  0.00000000e+00
   1.24813852e+00 -1.42083196e-01]
 [-5.24477801e-01 -1.87692553e+00  0.00000000e+00  0.00000000e+00
  -3.26075481e-02  1.04290367e-01]
 [-3.42581295e-01 -2.01581313e+00  0.00000000e+00  0.00000000e+00
  -6.95491243e-01  3.53362864e-02]
 [-6.90454300e-01 -1.90492739e+00  0.00000000e+00  0.00000000e+00
  -2.64371359e-01  8.65556663e-03]]
[04/02/2022, 15:47:43] computing sampling shap 725:735 within 32.9539 sec, 3.2841 on average
[04/02/2022, 15:47:43] instances left: 99
[04/02/2022, 15:47:43] estimating time left: 0:05:25.125900

[[-0.59336108 -1.93988134  0.          0.         -0.12789899 -0.12497466]
 [-0.37355832 -2.05410002  0.          0.         -0.67227152  0.15331618]
 [-0.0214018  -2.42364089  0.          0.          0.34218204 -0.05537391]
 [-0.28465202 -1.86561068 -0.22377127  0.         -0.7116695   0.84950142]
 [-0.49751802 -1.96250943 -0.08191951  0.         -0.62329964 -0.03748383]
 [-0.62640593 -1.86025273  0.          0.         -0.43335474  0.06264958]
 [-0.71201903 -1.94790816  0.          0.          0.54647144 -0.18277421]
 [-0.61131397 -1.96317836  0.          0.         -0.25221447  0.27064749]
 [-0.52083467 -2.02653705  0.          0.          0.43683147 -0.18569012]
 [-0.01786535 -2.37397201  0.          0.          1.10120636 -0.12782601]]
[04/02/2022, 15:48:16] computing sampling shap 735:745 within 33.2636 sec, 3.2926 on average
[04/02/2022, 15:48:16] instances left: 89
[04/02/2022, 15:48:16] estimating time left: 0:04:53.041400

[[-5.05520858e-01 -2.01802672e+00  0.00000000e+00  0.00000000e+00
  -6.61482337e-01  6.89183410e-01]
 [-4.49847346e-01 -1.99783179e+00  0.00000000e+00  0.00000000e+00
  -4.45820280e-01 -1.91317599e-01]
 [-5.09493205e-01 -1.95740251e+00  0.00000000e+00  0.00000000e+00
  -1.73507836e-01 -1.60258850e-01]
 [-3.76613053e-01 -2.08030385e+00  0.00000000e+00  0.00000000e+00
   1.34327889e-02  3.42218829e-02]
 [ 0.00000000e+00 -2.49985751e+00  0.00000000e+00  0.00000000e+00
  -6.17512721e-01 -1.86271128e-01]
 [-5.16084857e-01 -1.96849315e+00  0.00000000e+00  0.00000000e+00
   3.58427355e-01 -7.51529893e-02]
 [ 2.12238962e+01 -9.17943314e-01  0.00000000e+00  0.00000000e+00
  -1.30447818e+00 -9.66250480e-02]
 [-3.66643018e-01 -2.04101357e+00  0.00000000e+00  0.00000000e+00
   6.85534788e-01 -1.80925144e-01]
 [-2.09367197e-02 -2.30901495e+00  0.00000000e+00  0.00000000e+00
  -2.78222447e-01 -1.77941539e-01]
 [-2.86833724e-01  1.85292724e+01  0.00000000e+00  0.00000000e+00
   1.09370636e+00 -1.39871095e-01]]
[04/02/2022, 15:48:47] computing sampling shap 745:755 within 31.0931 sec, 3.2621 on average
[04/02/2022, 15:48:47] instances left: 79
[04/02/2022, 15:48:47] estimating time left: 0:04:17.705900

[[-0.53545991 -1.75066919  0.          0.          1.03454744 -0.16687597]
 [-0.65071424 -1.67214431  0.          0.          1.04534368 -0.11782953]
 [-0.34165774 -1.96983461 -0.08584642  0.         -0.03216578  0.02024174]
 [-0.44416659 -2.09365042  0.          0.          0.11847206 -0.19770922]
 [-0.037375   -2.27543432  0.          0.          0.6346894  -0.11616775]
 [-0.42024377 -1.9930469   0.          0.         -0.31634382 -0.04366252]
 [-0.60764164 -1.86397212  0.          0.          0.72445608 -0.0471306 ]
 [-0.39631244 -2.05669653  0.          0.         -0.50888226 -0.12292579]
 [ 0.         -2.39620056  0.          0.         -0.23066467 -0.13910807]
 [-0.52833792 -1.86610179  0.          0.         -0.0447883  -0.09094129]]
[04/02/2022, 15:49:23] computing sampling shap 755:765 within 36.2229 sec, 3.3135 on average
[04/02/2022, 15:49:23] instances left: 69
[04/02/2022, 15:49:23] estimating time left: 0:03:48.631500

[[-0.39990432 -1.77619485 -0.13674007  0.         -1.15824446 -0.07094663]
 [-0.68006948 -1.78103781  0.          0.          1.21889047 -0.17624034]
 [-0.48960668 -1.97803564  0.          0.          0.08852468  0.34734455]
 [-0.32584054 -2.23680781  0.          0.         -1.02491379  0.3807047 ]
 [-0.17455267 18.43570746  0.          0.          1.09960775 -0.1644885 ]
 [-0.42964483 -2.01693111  0.          0.          0.34621727  0.23828651]
 [-0.56571494 -1.85473552  0.          0.          0.3564269  -0.17341708]
 [-0.54160907 -1.94505782  0.          0.         -0.27253606  0.28943865]
 [-0.64212058 -1.80322702  0.          0.         -0.41809356  0.13429857]
 [-0.57600789 -1.85225162  0.          0.          0.6987192  -0.17350685]]
[04/02/2022, 15:49:59] computing sampling shap 765:775 within 36.1477 sec, 3.3512 on average
[04/02/2022, 15:49:59] instances left: 59
[04/02/2022, 15:49:59] estimating time left: 0:03:17.720800

[[-5.64720081e-01 -1.85782029e+00  0.00000000e+00  0.00000000e+00
  -3.70325057e-01  3.15581810e-01]
 [-6.00243839e-01 -1.91142392e+00 -9.17839323e-02  0.00000000e+00
  -2.02471881e-01 -1.67397270e-01]
 [-5.99221818e-01 -1.83526059e+00  0.00000000e+00  0.00000000e+00
  -3.25786374e-01 -6.38877555e-02]
 [-2.08998397e-01 -2.23901787e+00  0.00000000e+00  0.00000000e+00
  -3.02961440e-01  4.02888826e-01]
 [-5.27202624e-01 -1.87382019e+00 -9.89551771e-02  0.00000000e+00
  -1.14098652e-01 -6.99338367e-02]
 [-3.10900382e-01 -1.99389331e+00  0.00000000e+00  0.00000000e+00
  -1.16083213e+00 -7.45901926e-02]
 [-3.61575635e-01 -1.93714018e+00  0.00000000e+00  0.00000000e+00
   1.04246976e+00 -1.39098242e-01]
 [-5.21223051e-01 -1.86649998e+00  0.00000000e+00  0.00000000e+00
   1.11218597e+00 -1.42920602e-01]
 [-4.77222618e-01 -1.97199582e+00  0.00000000e+00  0.00000000e+00
  -6.83158785e-03  2.27227444e-01]
 [-2.39603064e-01  1.85559654e+01  0.00000000e+00  0.00000000e+00
   1.03475124e+00 -1.54839819e-01]]
[04/02/2022, 15:50:31] computing sampling shap 775:785 within 32.1373 sec, 3.336 on average
[04/02/2022, 15:50:31] instances left: 49
[04/02/2022, 15:50:31] estimating time left: 0:02:43.464000

[[-0.63893939 -1.86364729  0.          0.          0.08093104 -0.15063694]
 [-0.51965241 -1.85736784  0.          0.         -1.04055672 -0.22199231]
 [-0.4301702  -2.01019549  0.          0.         -0.72722611  0.50642658]
 [21.06282844 -0.90460945  0.          0.         -1.14148232 -0.06385061]
 [21.34842022 -1.09898888  0.          0.         -0.96740374 -0.06395371]
 [-0.49623626 -2.0544838   0.          0.         -0.21659242 -0.21346067]
 [ 0.         -2.38338187  0.          0.          0.29857767 -0.21142542]
 [-0.67989243 -1.70591691  0.          0.         -0.4564626   0.09128962]
 [-0.42414757 -2.17748046  0.          0.         -0.23886572  0.45393616]
 [ 0.         -2.32316244  0.          0.         -0.52502811 -0.02693046]]
[04/02/2022, 15:51:04] computing sampling shap 785:795 within 32.9027 sec, 3.3314 on average
[04/02/2022, 15:51:04] instances left: 39
[04/02/2022, 15:51:04] estimating time left: 0:02:09.924600

[[-4.77811860e-01 -2.07564074e+00  0.00000000e+00  0.00000000e+00
  -3.74698380e-01 -1.13033972e-01]
 [-5.86464161e-01 -1.81367408e+00  0.00000000e+00  0.00000000e+00
  -1.69980839e-02 -7.41034012e-02]
 [-7.14884019e-01 -1.69918307e+00  0.00000000e+00  0.00000000e+00
   2.26403255e-02 -5.12243997e-02]
 [-5.17379475e-01 -1.99146558e+00  0.00000000e+00  0.00000000e+00
   7.44520283e-01 -8.22614776e-02]
 [-6.35751375e-01 -1.78992343e+00  0.00000000e+00  0.00000000e+00
  -4.01430233e-01  2.21581565e-01]
 [-1.66419410e-01  1.86618925e+01  0.00000000e+00  0.00000000e+00
   2.34783772e-01  3.86986274e-01]
 [-4.82099861e-01 -2.00317727e+00  0.00000000e+00  0.00000000e+00
  -1.05724518e+00  4.42889098e-01]
 [-4.59871541e-01 -1.96343078e+00  0.00000000e+00  0.00000000e+00
  -3.98345603e-01  7.76934850e-01]
 [-6.98549987e-01 -1.69793752e+00  0.00000000e+00  0.00000000e+00
  -5.18749854e-01 -1.37217547e-01]
 [-2.93225290e-01 -2.16721433e+00  0.00000000e+00  0.00000000e+00
  -3.82723953e-01  6.19897109e-01]]
[04/02/2022, 15:51:39] computing sampling shap 795:805 within 34.3933 sec, 3.3412 on average
[04/02/2022, 15:51:39] instances left: 29
[04/02/2022, 15:51:39] estimating time left: 0:01:36.894800

[[-0.57442145 -1.88108372  0.          0.         -0.43096394  0.40646727]
 [-0.40824062 -2.08139873  0.          0.         -0.39447877  0.40411672]
 [-0.40081677 -2.12937825  0.          0.          0.8414141  -0.18252144]
 [-0.44333061 -1.93967068  0.          0.         -0.41443442 -0.20215856]
 [-0.01654641 -2.38135263  0.          0.         -0.38177017  0.22903132]
 [-0.46477539 -1.89437125  0.          0.          0.01667749 -0.10149215]
 [-0.27387673 -2.28472349  0.          0.         -0.35719385  0.28212468]
 [-0.60012282 -1.83307441  0.          0.         -0.67131352 -0.19913143]
 [-0.54380968 -1.8079816  -0.11513637  0.         -0.34613967 -0.12635258]
 [-0.01906583 -2.31901113  0.          0.         -0.98890875  0.45199567]]
[04/02/2022, 15:52:11] computing sampling shap 805:815 within 32.6674 sec, 3.335 on average
[04/02/2022, 15:52:11] instances left: 19
[04/02/2022, 15:52:11] estimating time left: 0:01:03.365000

[[-6.16593774e-01 -1.72177953e+00  0.00000000e+00  0.00000000e+00
  -2.70463701e-01 -7.51734957e-02]
 [ 0.00000000e+00 -2.46398791e+00  0.00000000e+00  0.00000000e+00
  -4.36748367e-01  2.00011072e-01]
 [-5.44920208e-01 -1.82186622e+00  0.00000000e+00  0.00000000e+00
  -8.58878372e-01 -1.52734536e-01]
 [-4.45646523e-01 -2.07817366e+00  0.00000000e+00  0.00000000e+00
  -6.18520492e-02 -1.04437330e-01]
 [-4.77818246e-01 -1.95757987e+00  0.00000000e+00  0.00000000e+00
   7.28873024e-01 -9.38764102e-02]
 [-6.53540435e-01 -1.79644921e+00  0.00000000e+00  0.00000000e+00
   3.18458952e-01 -5.86133260e-03]
 [-5.36175212e-01 -1.99813781e+00  0.00000000e+00  0.00000000e+00
  -3.54065147e-01  4.93127990e-03]
 [-6.29204254e-01 -1.75514013e+00  0.00000000e+00  0.00000000e+00
   1.12133885e+00 -1.55452125e-01]
 [-2.03310078e-01  1.84678742e+01  0.00000000e+00  0.00000000e+00
   8.08076394e-01 -1.48870177e-01]
 [-4.97132127e-01 -1.93173431e+00  0.00000000e+00  0.00000000e+00
   6.97159359e-01 -1.39595070e-01]]
[04/02/2022, 15:52:46] computing sampling shap 815:825 within 34.2775 sec, 3.3422 on average
[04/02/2022, 15:52:46] instances left: 9
[04/02/2022, 15:52:46] estimating time left: 0:00:30.079800

[[-0.58969346 -1.93102622  0.          0.          0.07945036  0.01892355]
 [-0.02228372 -2.50768101  0.          0.         -0.27472579 -0.01946537]
 [ 0.         -2.41685613  0.          0.          0.31899268 -0.06168167]
 [-0.5429239  -1.96492337  0.          0.          1.23407727 -0.14468737]
 [-0.61963172 -1.90166168  0.          0.          0.42354446 -0.19848131]
 [-0.32319838 -2.13800085  0.          0.          0.37353002 -0.14977124]
 [-0.57997099 -1.82474643  0.          0.         -0.4419184  -0.23670421]
 [-0.65807105 -1.94200244  0.          0.          0.12769703 -0.14467763]
 [-0.61028266 -1.88211709  0.          0.         -1.05267638  0.4523545 ]
 [ 0.         -2.40081049  0.          0.         -0.48855749  0.40731116]]
[04/02/2022, 15:52:46] finish computing sampling shap for range: [6, 8] within 434.484284 sec
