Child #[8, 9]: psutil.Process(pid=3952, name='python', status='running', started='19:35:05'), affinity [8, 9]
Child #[8, 9]: Set my affinity to [8, 9], affinity now [8, 9]

[04/02/2022, 15:45:54] start computing sampling shap for range: [5, 8]
[04/02/2022, 15:46:28] computing sampling shap 556:566 within 33.681 sec, 3.3681 on average
[04/02/2022, 15:46:28] instances left: 129
[04/02/2022, 15:46:28] estimating time left: 0:07:14.484900

[[-4.67661122e-01 -2.09271662e+00  0.00000000e+00  0.00000000e+00
  -3.86278814e-01 -7.79933281e-02]
 [-4.39635220e-01 -2.03225882e+00  0.00000000e+00  0.00000000e+00
  -1.21581043e-01  3.37267205e-01]
 [-5.33749727e-02  1.84818061e+01  0.00000000e+00  0.00000000e+00
   9.51514687e-01 -1.05236174e-01]
 [-1.94009197e-02 -2.49326550e+00  0.00000000e+00  0.00000000e+00
  -6.26015567e-01 -1.03941871e-01]
 [-5.16560358e-01 -1.90464952e+00  0.00000000e+00  0.00000000e+00
  -1.46811197e-02 -6.76028473e-03]
 [-6.66371455e-01 -1.90802170e+00  0.00000000e+00  0.00000000e+00
  -4.44883382e-02 -7.12281587e-02]
 [-3.50267124e-01  1.88666360e+01 -2.02384988e-01  0.00000000e+00
   1.04938940e+00 -3.95875552e-02]
 [-1.20499779e-01  1.85869067e+01  0.00000000e+00  0.00000000e+00
  -4.26528451e-01 -2.06948201e-01]
 [-6.94432873e-01 -1.81997474e+00  0.00000000e+00  0.00000000e+00
  -6.79876041e-01 -2.08273884e-01]
 [-6.06158147e-01 -1.96993014e+00  0.00000000e+00  0.00000000e+00
  -8.66427843e-01 -1.79313826e-01]]
[04/02/2022, 15:47:01] computing sampling shap 566:576 within 33.397 sec, 3.354 on average
[04/02/2022, 15:47:01] instances left: 119
[04/02/2022, 15:47:01] estimating time left: 0:06:39.126000

[[ 0.         -2.43904172  0.          0.          1.17108981 -0.1273918 ]
 [-0.49098994 -1.99712278  0.          0.          0.75360697 -0.16854149]
 [-0.66329645 -1.74324734  0.          0.         -0.34981353  0.03653789]
 [-0.57852197 -1.96398062  0.          0.         -0.08734383  0.16352633]
 [-0.35877535 -2.17703328  0.          0.         -0.32698491 -0.09741779]
 [-0.01880644 18.46132432  0.          0.         -0.79996469 -0.12009312]
 [-0.27980457 18.74421805  0.          0.          0.30344753 -0.02653867]
 [11.4272316   8.9765206   0.          0.         -1.30266465 -0.09724716]
 [-0.46750985 -1.82469749 -0.2023844   0.          0.36980553 -0.11265456]
 [-0.21244046 18.64139227  0.          0.          0.33332023 -0.16314201]]
[04/02/2022, 15:47:34] computing sampling shap 576:586 within 32.7474 sec, 3.3276 on average
[04/02/2022, 15:47:34] instances left: 109
[04/02/2022, 15:47:34] estimating time left: 0:06:02.708400

[[-6.18738073e-01 -1.62679959e+00 -1.88389777e-01  0.00000000e+00
  -4.44523680e-01  2.72735590e-01]
 [-3.01078167e-01 -2.19865484e+00  0.00000000e+00  0.00000000e+00
   7.88142709e-01 -1.91456615e-01]
 [-6.94658518e-01 -1.70266077e+00  0.00000000e+00  0.00000000e+00
  -8.46353527e-01 -1.58884749e-01]
 [-4.96056580e-01 -1.95528652e+00  0.00000000e+00  0.00000000e+00
   7.09935755e-01 -1.52745699e-02]
 [-5.93487175e-01 -1.95216097e+00  0.00000000e+00  0.00000000e+00
   1.26147838e+00 -1.11174425e-01]
 [ 0.00000000e+00  1.84441883e+01  0.00000000e+00  0.00000000e+00
  -3.44320046e-01 -1.87774128e-01]
 [-6.38670793e-01 -1.98229810e+00  0.00000000e+00  0.00000000e+00
  -2.74716826e-01  1.92566188e-01]
 [-3.19962906e-01 -2.06136046e+00  0.00000000e+00  0.00000000e+00
  -8.94931654e-01  7.75642545e-01]
 [-5.56669054e-01 -1.88025256e+00  0.00000000e+00  0.00000000e+00
   3.51666810e-01 -7.29804165e-02]
 [-4.18648234e-01 -2.05783588e+00 -9.16507015e-02  0.00000000e+00
   1.44160542e-01 -1.34549517e-01]]
[04/02/2022, 15:48:07] computing sampling shap 586:596 within 32.8091 sec, 3.316 on average
[04/02/2022, 15:48:07] instances left: 99
[04/02/2022, 15:48:07] estimating time left: 0:05:28.284000

[[-0.35836427 -2.1449816   0.          0.         -0.3955729   0.1957992 ]
 [-0.6158067  -1.77767524  0.          0.         -0.47799454 -0.22585123]
 [-0.43658344 -2.04949343  0.          0.         -0.0882907  -0.22629455]
 [-0.63581071 -1.77146497  0.          0.         -0.8184983  -0.15262546]
 [-0.27390682 -2.14784626  0.          0.         -0.51156953 -0.10786236]
 [-0.54505986 -1.91728651  0.          0.          0.71037857 -0.15107923]
 [-0.50755455 -2.14910731  0.          0.         -0.89752786  0.60558894]
 [-0.52266011 -1.88201298  0.          0.         -0.11188311  0.36383719]
 [-0.58981884 -1.8757682   0.          0.         -0.89035633  0.31469321]
 [-0.46907208 -1.96367866  0.          0.         -0.17444535 -0.19346593]]
[04/02/2022, 15:48:43] computing sampling shap 596:606 within 36.2825 sec, 3.3785 on average
[04/02/2022, 15:48:43] instances left: 89
[04/02/2022, 15:48:43] estimating time left: 0:05:00.686500

[[-3.98116925e-02 -2.39723084e+00  0.00000000e+00  0.00000000e+00
   3.11482049e-01 -1.70669097e-01]
 [ 1.10641185e+01  9.21699784e+00  0.00000000e+00  0.00000000e+00
   9.12331942e-01 -1.71369105e-01]
 [-6.29672365e-01 -1.80578327e+00  0.00000000e+00  0.00000000e+00
  -3.59019915e-01  1.93154856e-01]
 [-1.06473739e-01 -2.35440598e+00  0.00000000e+00  0.00000000e+00
  -4.22241384e-01 -1.32654868e-01]
 [-3.23027250e-01  1.87037279e+01  0.00000000e+00  0.00000000e+00
   7.01824625e-01 -6.89507539e-02]
 [-4.97983309e-01 -1.85926084e+00  0.00000000e+00  0.00000000e+00
  -4.59503745e-01 -3.14428700e-02]
 [-1.93561941e-02 -2.44345482e+00  0.00000000e+00  0.00000000e+00
   7.37102334e-01 -1.77337952e-01]
 [-3.08576460e-01 -1.99598849e+00  0.00000000e+00  0.00000000e+00
  -5.35905118e-01  3.50946665e-01]
 [-4.47027075e-01 -1.99580249e+00  0.00000000e+00  0.00000000e+00
   1.69426436e-02  3.99471462e-02]
 [-5.70722819e-01 -1.91508211e+00  0.00000000e+00  0.00000000e+00
  -1.08248072e-01  5.97030021e-01]]
[04/02/2022, 15:49:17] computing sampling shap 606:616 within 33.9887 sec, 3.3819 on average
[04/02/2022, 15:49:17] instances left: 79
[04/02/2022, 15:49:17] estimating time left: 0:04:27.170100

[[-0.49357425 -2.0032501   0.          0.         -0.38928257  0.10510115]
 [-0.55264806 -1.894501    0.          0.         -0.96024704 -0.15476178]
 [-0.125511   -2.35191908  0.          0.         -0.40585039  0.10879726]
 [-0.38901429 -1.94074276  0.          0.          1.07213386 -0.16083445]
 [ 0.         -2.48694627  0.          0.         -0.72708867 -0.09099526]
 [-0.38835354 -1.98172315  0.          0.         -1.04096955  0.18152258]
 [-0.56505575 -1.9249638   0.          0.          0.77105048 -0.18407785]
 [-0.21815491 -2.10744922  0.          0.         -0.40444991  0.01023496]
 [ 0.         -2.46684719  0.          0.         -0.37161834 -0.20821735]
 [-0.37162581 -2.10494794  0.          0.          0.02200834 -0.16248866]]
[04/02/2022, 15:49:55] computing sampling shap 616:626 within 37.7288 sec, 3.4378 on average
[04/02/2022, 15:49:55] instances left: 69
[04/02/2022, 15:49:55] estimating time left: 0:03:57.208200

[[-0.48639711 -2.03628055  0.          0.          1.24978316 -0.14556331]
 [-0.20113717 18.68083353  0.          0.         -0.47891592 -0.17397291]
 [-0.50335432 -2.00860452  0.          0.          1.21346211 -0.09684773]
 [-0.42133384 -2.00463017  0.          0.         -0.17492601  0.45238647]
 [-0.50615402 -1.92926919 -0.10483739  0.         -0.77374603  0.10489811]
 [-0.57932422 -1.8769312   0.          0.         -0.38023175 -0.13683379]
 [-0.05483767 -2.38382485  0.          0.         -0.48453247  0.34883197]
 [-0.39816562 -2.02467411  0.          0.         -0.40763706  0.22915614]
 [-0.18912699 18.47266527  0.          0.          1.0993409  -0.18660545]
 [-0.33765107 -2.1065945   0.          0.          0.70964851 -0.16844999]]
[04/02/2022, 15:50:32] computing sampling shap 626:636 within 37.4755 sec, 3.4765 on average
[04/02/2022, 15:50:32] instances left: 59
[04/02/2022, 15:50:32] estimating time left: 0:03:25.113500

[[-1.37155835e-01  1.86508279e+01  0.00000000e+00  0.00000000e+00
   4.22300796e-02 -1.75753808e-01]
 [-6.24971083e-01 -1.86392535e+00  0.00000000e+00  0.00000000e+00
  -2.89434095e-01  5.39102991e-01]
 [-3.70213144e-01 -1.88367404e+00 -1.41870316e-01  0.00000000e+00
   7.14219198e-01 -1.03689518e-01]
 [-6.61697898e-01 -1.87726791e+00  0.00000000e+00  0.00000000e+00
   1.59593150e-01  1.60071447e-01]
 [-4.90199488e-01 -2.11026091e+00  0.00000000e+00  0.00000000e+00
   8.61514181e-01 -5.53419926e-02]
 [-5.97905187e-01 -1.89845447e+00  0.00000000e+00  0.00000000e+00
  -3.31962832e-01  9.46163216e-02]
 [-4.37130821e-01 -2.03001565e+00  0.00000000e+00  0.00000000e+00
   3.63307202e-01 -1.58665213e-01]
 [-2.15332967e-02 -2.43267255e+00  0.00000000e+00  0.00000000e+00
  -7.56339264e-01 -1.67853723e-01]
 [-1.58477268e-02 -2.42295286e+00 -1.05878302e-01  0.00000000e+00
  -7.21834754e-01  5.58897105e-01]
 [-4.96330806e-01 -2.06313996e+00  0.00000000e+00  0.00000000e+00
  -2.75347731e-01  5.49977251e-01]]
[04/02/2022, 15:51:06] computing sampling shap 636:646 within 34.1612 sec, 3.4698 on average
[04/02/2022, 15:51:06] instances left: 49
[04/02/2022, 15:51:06] estimating time left: 0:02:50.020200

[[-0.5637204  -1.85627649  0.          0.         -0.61340878  0.44211503]
 [-0.49259767 -2.0240063   0.          0.          0.75567098 -0.1421139 ]
 [-0.62751713 -1.93927837  0.          0.         -0.27240795  0.12828661]
 [-0.5499443  -1.98381837  0.          0.         -0.03906092  0.78831606]
 [-0.70653278 -1.79878672  0.          0.         -0.36685635 -0.00294535]
 [-0.02162037 -2.22114192  0.          0.         -0.58425444 -0.22027795]
 [-0.50582568 -1.91886504  0.          0.         -0.45618665  0.40087577]
 [-0.33975006 -2.09834425  0.          0.         -0.46649293  0.04722407]
 [-0.46996121 -1.96051793  0.          0.         -0.32575269  0.49542506]
 [-0.59661302 -1.75891883  0.          0.         -0.40993154 -0.00783342]]
[04/02/2022, 15:51:41] computing sampling shap 646:656 within 35.1809 sec, 3.4746 on average
[04/02/2022, 15:51:41] instances left: 39
[04/02/2022, 15:51:41] estimating time left: 0:02:15.509400

[[-5.81366384e-01 -1.88626505e+00  0.00000000e+00  0.00000000e+00
  -4.59714106e-01 -8.84306853e-02]
 [-5.53536919e-01 -1.96228078e+00  0.00000000e+00  0.00000000e+00
  -3.62214133e-01  1.12736588e-02]
 [-4.99757071e-01 -1.81172823e+00  0.00000000e+00  0.00000000e+00
   1.04771083e+00 -1.54683137e-01]
 [-1.58263552e-02  1.85605818e+01  0.00000000e+00  0.00000000e+00
   5.21786403e-01  2.20848956e-01]
 [-4.07587352e-01 -2.11851136e+00  0.00000000e+00  0.00000000e+00
   7.78857966e-01 -9.93457784e-02]
 [-7.30206469e-01 -1.82280379e+00  0.00000000e+00  0.00000000e+00
  -2.74310239e-01  9.36140603e-02]
 [-6.46228360e-01 -1.83926595e+00  0.00000000e+00  0.00000000e+00
  -1.37418471e-01 -1.63203250e-01]
 [-5.01261939e-01 -1.90375793e+00 -1.11835070e-01  0.00000000e+00
  -1.06970140e+00  6.25019555e-01]
 [-7.59123462e-01 -1.73843500e+00  0.00000000e+00  0.00000000e+00
   7.85130751e-01 -8.79741718e-02]
 [-3.19054039e-01 -2.09947301e+00  0.00000000e+00  0.00000000e+00
  -3.73711269e-01 -1.88534786e-01]]
[04/02/2022, 15:52:21] computing sampling shap 656:666 within 39.7269 sec, 3.5199 on average
[04/02/2022, 15:52:21] instances left: 29
[04/02/2022, 15:52:21] estimating time left: 0:01:42.077100

[[-0.34602138 -1.94310824  0.          0.          1.03612976 -0.16545777]
 [-0.51384108 -1.98270138  0.          0.          0.7911003  -0.1658598 ]
 [-0.63501434 -1.74989851  0.          0.          1.14454113 -0.15497252]
 [-0.57001549 -1.81591948  0.          0.         -0.15465949  0.05552958]
 [-0.67023337 -1.6802265   0.          0.          0.6104181  -0.13126034]
 [-0.18960407 18.729193    0.          0.         -0.66230357  0.04661391]
 [-0.81352591 -1.68896155  0.          0.         -0.13135831 -0.05626398]
 [-0.50360335 -1.85830984  0.          0.          0.65393039 -0.19506444]
 [-0.01966888 -2.34497605  0.          0.         -0.73780505 -0.20119152]
 [-0.66038155 -1.70973528  0.          0.          0.6320367  -0.10850651]]
[04/02/2022, 15:52:57] computing sampling shap 666:676 within 35.5064 sec, 3.5225 on average
[04/02/2022, 15:52:57] instances left: 19
[04/02/2022, 15:52:57] estimating time left: 0:01:06.927500

[[-3.19513536e-01 -2.17351994e+00  0.00000000e+00  0.00000000e+00
   7.51221586e-01 -1.29489906e-01]
 [-6.26806894e-01 -1.71806919e+00  0.00000000e+00  0.00000000e+00
  -3.89506502e-01 -3.89142729e-02]
 [-5.30868150e-01 -1.92979322e+00  0.00000000e+00  0.00000000e+00
   6.95702476e-01 -1.38088032e-01]
 [-3.29577168e-01 -2.06985616e+00 -9.04939067e-02  0.00000000e+00
  -2.33588031e-01 -1.81428533e-02]
 [-1.36138724e-01  1.84869710e+01  0.00000000e+00  0.00000000e+00
   9.94878691e-01 -2.19251616e-02]
 [-3.59377648e-01 -2.13242230e+00  0.00000000e+00  0.00000000e+00
  -4.15534114e-01  3.18214448e-01]
 [-4.31258079e-01 -2.00685768e+00  0.00000000e+00  0.00000000e+00
  -1.01779563e+00  5.25303372e-01]
 [-4.40799648e-01 -1.96826793e+00  0.00000000e+00  0.00000000e+00
   6.74313994e-01 -3.67695290e-02]
 [-4.78004511e-01 -1.86014866e+00  0.00000000e+00  0.00000000e+00
  -5.76936860e-01 -9.57913218e-02]
 [-4.14606889e-01 -2.13030729e+00  0.00000000e+00  0.00000000e+00
  -7.04132307e-01  9.75983628e-01]]
[04/02/2022, 15:53:31] computing sampling shap 676:686 within 33.993 sec, 3.513 on average
[04/02/2022, 15:53:31] instances left: 9
[04/02/2022, 15:53:31] estimating time left: 0:00:31.617000

[[-4.54817138e-01 -2.09882231e+00  0.00000000e+00  0.00000000e+00
  -3.57935993e-01  4.31296179e-01]
 [-1.81072167e-02 -2.44809500e+00  0.00000000e+00  0.00000000e+00
   1.21082312e+00 -5.33438143e-02]
 [-6.81508944e-01 -1.88979315e+00  0.00000000e+00  0.00000000e+00
  -3.52426364e-01 -1.28726525e-01]
 [-6.05908248e-01 -1.82621288e+00  0.00000000e+00  0.00000000e+00
  -6.39863130e-01  7.35251348e-01]
 [-6.08099863e-01 -1.72081458e+00  0.00000000e+00  0.00000000e+00
   6.24574470e-01 -1.98707476e-01]
 [-1.93788058e-02 -2.33923570e+00  0.00000000e+00  0.00000000e+00
   2.60622813e-01 -1.03311979e-01]
 [-6.56292290e-01 -1.75828589e+00  0.00000000e+00  0.00000000e+00
   1.11872518e+00 -1.22604387e-01]
 [-4.90457808e-01 -1.86994197e+00  0.00000000e+00  0.00000000e+00
   1.08055414e+00 -6.62221517e-02]
 [-2.04270884e-02 -2.46030310e+00  0.00000000e+00  0.00000000e+00
  -3.48832687e-01 -1.09855862e-01]
 [-5.90612005e-02  1.84147070e+01  0.00000000e+00  0.00000000e+00
   4.13322794e-01 -8.25326675e-02]]
[04/02/2022, 15:53:31] finish computing sampling shap for range: [5, 8] within 456.69684 sec
