
[08/25/2022, 21:39:47] start computing sampling shap for range: [1, 1]
[08/25/2022, 21:40:15] computing sampling shap 0:1000 within 28.6024 sec, 0.0286 on average
[08/25/2022, 21:40:15] instances left: 18018
[08/25/2022, 21:40:15] estimating time left: 0:08:35.314800

[[ 0.00000000e+00  0.00000000e+00  0.00000000e+00 -1.08421264e-01
   6.30443341e-01  2.95344579e-02]
 [ 0.00000000e+00  2.08592029e+01  0.00000000e+00 -1.09573322e-01
   3.48272389e-01  6.15579797e-01]
 [ 0.00000000e+00  2.08713020e+01  0.00000000e+00 -8.33592821e-02
  -2.12237130e-01  1.43554938e-02]
 ...
 [ 0.00000000e+00  0.00000000e+00  0.00000000e+00 -9.75034262e-02
   1.35935281e+00  5.39431028e-02]
 [ 0.00000000e+00  0.00000000e+00  0.00000000e+00 -1.09347589e-01
   3.70830731e-01  0.00000000e+00]
 [ 0.00000000e+00  0.00000000e+00  0.00000000e+00 -9.50239807e-02
   1.78518195e+00  0.00000000e+00]]
[08/25/2022, 21:40:44] computing sampling shap 1000:2000 within 29.1024 sec, 0.0289 on average
[08/25/2022, 21:40:44] instances left: 17018
[08/25/2022, 21:40:44] estimating time left: 0:08:11.820200

[[ 0.          0.          0.         -0.09409766  1.79700807  0.01182612]
 [ 0.          0.          0.         -0.11890276  0.59894244  0.58261631]
 [ 0.          0.          0.         -0.12231611  0.35114116  0.60460064]
 ...
 [ 0.          0.          0.         -0.09161768 -0.27905366  0.01073375]
 [ 0.          0.          0.         -0.10630904  0.49021021  0.27118209]
 [ 0.          0.          0.         -0.10577596  0.47615148  0.10655447]]
[08/25/2022, 21:41:13] computing sampling shap 2000:3000 within 28.706 sec, 0.0288 on average
[08/25/2022, 21:41:13] instances left: 16018
[08/25/2022, 21:41:13] estimating time left: 0:07:41.318400

[[12.33883631 10.45657318  0.         -0.04957166  1.14921398  0.        ]
 [ 0.          0.          0.         -0.09145235  1.81537515  0.0301932 ]
 [ 0.         10.53597657 10.32308817 -0.10148343  0.30427657  0.50877451]
 ...
 [ 0.          0.          0.         -0.09502398  1.78518195  0.        ]
 [ 0.          0.          0.         -0.11875141  0.39393016  0.56764908]
 [12.37516117 10.46665306  0.         -0.06104572  0.50905123  0.29111851]]
[08/25/2022, 21:41:42] computing sampling shap 3000:4000 within 28.6201 sec, 0.0288 on average
[08/25/2022, 21:41:42] instances left: 15018
[08/25/2022, 21:41:42] estimating time left: 0:07:12.518400

[[ 0.          0.          0.         -0.09864946  1.37130841  0.0658987 ]
 [ 0.         20.74177169  0.         -0.08246671  1.66523631  0.03852151]
 [ 0.         20.82317024  0.         -0.08955203  1.31225312  0.13349518]
 ...
 [12.33841343 10.46541005  0.         -0.06272655  0.36163943  0.40273423]
 [ 0.          0.          0.         -0.10547308  0.96590042  0.04834942]
 [ 0.         20.86697224  0.         -0.09812076  0.63419904  0.07810305]]
[08/25/2022, 21:42:10] computing sampling shap 4000:5000 within 28.2418 sec, 0.0287 on average
[08/25/2022, 21:42:10] instances left: 14018
[08/25/2022, 21:42:10] estimating time left: 0:06:42.316600

[[ 0.00000000e+00  0.00000000e+00  0.00000000e+00 -9.41523141e-02
  -6.60239550e-01  0.00000000e+00]
 [ 0.00000000e+00  0.00000000e+00  0.00000000e+00 -9.75034262e-02
   1.35629603e+00  5.08863220e-02]
 [ 0.00000000e+00  0.00000000e+00  0.00000000e+00 -1.00374559e-01
   5.53525115e-04  5.48736528e-01]
 ...
 [ 1.22888564e+01  1.04550142e+01  0.00000000e+00 -6.21321036e-02
   9.66429885e-01  3.08327077e-01]
 [ 0.00000000e+00  0.00000000e+00  0.00000000e+00 -9.75034262e-02
   1.35629603e+00  5.08863220e-02]
 [ 0.00000000e+00  0.00000000e+00  0.00000000e+00 -9.87888174e-02
   1.83209171e+00  9.42021073e-02]]
[08/25/2022, 21:42:38] computing sampling shap 5000:6000 within 28.1345 sec, 0.0286 on average
[08/25/2022, 21:42:38] instances left: 13018
[08/25/2022, 21:42:38] estimating time left: 0:06:12.314800

[[ 0.          0.          0.         -0.09750343  1.35629603  0.05088632]
 [ 0.          0.          0.         -0.10577596  0.28707548  0.16308831]
 [ 0.          0.          0.         -0.1063994   0.91878472  0.        ]
 ...
 [ 0.          0.          0.         -0.09145235  1.81970663  0.0357584 ]
 [ 0.          0.          0.         -0.10692199  0.66819422  0.21908796]
 [ 0.          0.          0.         -0.10934759  0.62328954  0.02238065]]
[08/25/2022, 21:43:08] computing sampling shap 6000:7000 within 29.9739 sec, 0.0288 on average
[08/25/2022, 21:43:08] instances left: 12018
[08/25/2022, 21:43:08] estimating time left: 0:05:46.118400

[[ 0.00000000e+00  0.00000000e+00  0.00000000e+00 -1.09347589e-01
   1.80689839e-01  9.41032364e-03]
 [ 0.00000000e+00  0.00000000e+00  0.00000000e+00 -9.58882978e-02
   1.83057009e+00  9.26804853e-02]
 [ 0.00000000e+00  0.00000000e+00  0.00000000e+00 -1.09347589e-01
   3.94065804e-01  2.32350729e-02]
 ...
 [ 0.00000000e+00  0.00000000e+00  0.00000000e+00 -1.06399401e-01
   9.18784725e-01  0.00000000e+00]
 [ 0.00000000e+00  0.00000000e+00  0.00000000e+00 -1.01075060e-01
   1.30664343e+00  0.00000000e+00]
 [ 0.00000000e+00  2.08556813e+01  0.00000000e+00 -9.90470884e-02
   5.82728785e-01  2.53990724e-02]]
[08/25/2022, 21:43:37] computing sampling shap 7000:8000 within 28.6335 sec, 0.0288 on average
[08/25/2022, 21:43:37] instances left: 11018
[08/25/2022, 21:43:37] estimating time left: 0:05:17.318400

[[ 0.         20.87486682  0.         -0.08083734 -0.43054613  0.03580754]
 [ 0.         20.74177169  0.         -0.08246671  1.66523631  0.03852151]
 [ 0.         20.7396917   0.         -0.08319251  1.6761291   0.04150113]
 ...
 [ 0.          0.          0.         -0.11117293  0.33318685  1.00161788]
 [ 0.          0.          0.         -0.10107506  1.30664343  0.        ]
 [ 0.          0.          0.         -0.12148703  0.36831905  0.61767704]]
[08/25/2022, 21:44:05] computing sampling shap 8000:9000 within 28.2306 sec, 0.0287 on average
[08/25/2022, 21:44:05] instances left: 10018
[08/25/2022, 21:44:05] estimating time left: 0:04:47.516600

[[ 0.00000000e+00  0.00000000e+00  0.00000000e+00 -1.02827768e-01
   9.94106396e-01  7.65553930e-02]
 [ 0.00000000e+00  2.08591957e+01  0.00000000e+00 -9.62012507e-02
   4.61707408e-01  2.76732628e-01]
 [ 1.24027232e+01  1.04861292e+01  0.00000000e+00 -5.07619340e-02
   1.06944077e-01  4.37002445e-02]
 ...
 [ 2.28212715e+01  0.00000000e+00  0.00000000e+00 -5.62971784e-02
   4.81287093e-01  9.72762278e-02]
 [ 0.00000000e+00  0.00000000e+00  0.00000000e+00 -9.41523141e-02
  -6.14068803e-01  6.20503201e-04]
 [ 0.00000000e+00  2.08180421e+01  0.00000000e+00 -9.07745593e-02
   1.22844349e+00  0.00000000e+00]]
[08/25/2022, 21:44:34] computing sampling shap 9000:10000 within 28.6766 sec, 0.0287 on average
[08/25/2022, 21:44:34] instances left: 9018
[08/25/2022, 21:44:34] estimating time left: 0:04:18.816600

[[ 0.         20.85568125  0.         -0.09904709  0.58272879  0.02539907]
 [ 0.         20.8589398   0.         -0.09578683  0.47697257  0.29326112]
 [12.39123756 10.47528167  0.         -0.06065841  0.39035784  0.30134005]
 ...
 [ 0.          0.          0.         -0.09983733 -0.40319266  0.60585375]
 [ 0.          0.          0.         -0.10934759  0.17127952  0.        ]
 [12.33883631 10.45657318  0.         -0.04957166  1.14921398  0.        ]]
[08/25/2022, 21:45:03] computing sampling shap 10000:11000 within 29.5738 sec, 0.0288 on average
[08/25/2022, 21:45:03] instances left: 8018
[08/25/2022, 21:45:03] estimating time left: 0:03:50.918400

[[ 0.          0.          0.         -0.10013646  0.21649897  0.25330578]
 [ 0.          0.          0.         -0.10934759  0.40207154  0.03124081]
 [12.29019809 10.49270017  0.         -0.0461422  -0.3843986   0.20417441]
 ...
 [ 0.          0.          0.         -0.10906691 -0.31637244  0.79031423]
 [ 0.          0.          0.         -0.09145235  1.81970663  0.0357584 ]
 [ 0.          0.          0.         -0.10107506  1.30664343  0.        ]]
[08/25/2022, 21:45:32] computing sampling shap 11000:12000 within 28.6531 sec, 0.0288 on average
[08/25/2022, 21:45:32] instances left: 7018
[08/25/2022, 21:45:32] estimating time left: 0:03:22.118400

[[ 0.00000000e+00  0.00000000e+00  0.00000000e+00 -1.17465269e-01
   7.62604543e-01  4.33168262e-01]
 [ 2.25561341e+01  0.00000000e+00  0.00000000e+00 -5.09537699e-02
   1.53250757e+00  1.89434943e-02]
 [ 0.00000000e+00  2.07390086e+01  0.00000000e+00 -8.60383482e-02
   1.62794852e+00  0.00000000e+00]
 ...
 [ 0.00000000e+00  0.00000000e+00  0.00000000e+00 -1.02827768e-01
   9.94106396e-01  7.65553930e-02]
 [ 1.25536439e+01  0.00000000e+00  1.03122575e+01 -5.87639083e-02
   2.81607431e-01  4.52433919e-02]
 [ 0.00000000e+00  2.08436573e+01  0.00000000e+00 -9.52636876e-02
   9.68522742e-01  2.40431759e-01]]
[08/25/2022, 21:46:00] computing sampling shap 12000:13000 within 28.4674 sec, 0.0287 on average
[08/25/2022, 21:46:00] instances left: 6018
[08/25/2022, 21:46:00] estimating time left: 0:02:52.716600

[[ 0.00000000e+00  2.07442924e+01  0.00000000e+00 -8.51120235e-02
   1.64505850e+00  1.71099856e-02]
 [ 0.00000000e+00  0.00000000e+00  0.00000000e+00 -9.11176046e-02
  -3.74159626e-01  4.86711435e-02]
 [ 0.00000000e+00  0.00000000e+00  0.00000000e+00 -1.05775955e-01
   3.29847490e-01  1.12712346e-01]
 ...
 [ 0.00000000e+00  0.00000000e+00  0.00000000e+00 -1.05775955e-01
   4.80033285e-01  1.10436276e-01]
 [ 0.00000000e+00  2.08670263e+01  0.00000000e+00 -9.54754550e-02
   2.49350716e-01  1.74041977e-01]
 [ 0.00000000e+00  0.00000000e+00  0.00000000e+00 -9.14523473e-02
   1.81537515e+00  3.01932035e-02]]
[08/25/2022, 21:46:29] computing sampling shap 13000:14000 within 28.3327 sec, 0.0287 on average
[08/25/2022, 21:46:29] instances left: 5018
[08/25/2022, 21:46:29] estimating time left: 0:02:24.016600

[[ 0.         20.8859529   0.         -0.08243296 -0.11586282  0.21687909]
 [ 0.         20.73900858  0.         -0.08603835  1.62794852  0.        ]
 [ 0.         20.84995678  0.         -0.09904709  0.12499429  0.        ]
 ...
 [ 0.          0.          0.         -0.1097804   0.17050507  0.03847477]
 [ 0.         20.73900858  0.         -0.08603835  1.62794852  0.        ]
 [ 0.          0.          0.         -0.10014873  1.33514309  0.02849965]]
[08/25/2022, 21:46:57] computing sampling shap 14000:15000 within 28.6847 sec, 0.0287 on average
[08/25/2022, 21:46:57] instances left: 4018
[08/25/2022, 21:46:57] estimating time left: 0:01:55.316600

[[ 0.00000000e+00  1.05436348e+01  1.03172272e+01 -9.65052134e-02
   4.44635467e-01  2.72063922e-01]
 [ 0.00000000e+00  2.08795899e+01  0.00000000e+00 -9.81207637e-02
   2.15973765e-01  1.13602710e-01]
 [ 1.24326573e+01  1.04875564e+01  0.00000000e+00 -5.30948088e-02
   1.60335026e-01  4.46073703e-02]
 ...
 [ 0.00000000e+00  0.00000000e+00  0.00000000e+00 -1.04397590e-01
  -1.36052513e-02  6.62905650e-01]
 [ 0.00000000e+00  0.00000000e+00  0.00000000e+00 -1.07135087e-01
   2.34767188e-01  2.53305785e-01]
 [ 0.00000000e+00  0.00000000e+00  0.00000000e+00 -1.02781771e-01
   1.51329723e-01  3.75676457e-02]]
[08/25/2022, 21:47:26] computing sampling shap 15000:16000 within 28.6369 sec, 0.0287 on average
[08/25/2022, 21:47:26] instances left: 3018
[08/25/2022, 21:47:26] estimating time left: 0:01:26.616600

[[ 0.00000000e+00  0.00000000e+00  0.00000000e+00 -9.40976561e-02
   1.79700807e+00  1.18261193e-02]
 [ 0.00000000e+00  0.00000000e+00  0.00000000e+00 -1.06947839e-01
   1.00823676e+00  2.41254650e-01]
 [ 0.00000000e+00  0.00000000e+00  0.00000000e+00 -1.05775955e-01
   3.29847490e-01  1.12712346e-01]
 ...
 [ 0.00000000e+00  0.00000000e+00  0.00000000e+00 -1.17465269e-01
   4.47357903e-01  5.23899544e-01]
 [ 0.00000000e+00  0.00000000e+00  0.00000000e+00 -1.05775955e-01
   2.89275514e-01  2.69798615e-01]
 [ 2.27805625e+01  0.00000000e+00  0.00000000e+00 -6.52534722e-02
   3.99515879e-01  3.07369041e-01]]
[08/25/2022, 21:47:54] computing sampling shap 16000:17000 within 28.5098 sec, 0.0287 on average
[08/25/2022, 21:47:54] instances left: 2018
[08/25/2022, 21:47:54] estimating time left: 0:00:57.916600

[[ 0.00000000e+00  2.07390086e+01  0.00000000e+00 -8.60383482e-02
   1.62794852e+00  0.00000000e+00]
 [ 0.00000000e+00  0.00000000e+00  0.00000000e+00 -9.88253060e-02
  -4.98178528e-03  5.43201217e-01]
 [ 0.00000000e+00  0.00000000e+00  0.00000000e+00 -1.11297859e-01
   3.23984067e-01  4.47615059e-01]
 ...
 [ 0.00000000e+00  0.00000000e+00  0.00000000e+00 -9.35421066e-02
   3.49270382e-02  4.06860477e-01]
 [ 0.00000000e+00  2.08676852e+01  0.00000000e+00 -9.15751833e-02
   1.22772962e-01  4.34046730e-02]
 [ 0.00000000e+00  0.00000000e+00  0.00000000e+00 -1.00136463e-01
   2.35145386e-01  2.71952203e-01]]
[08/25/2022, 21:48:22] computing sampling shap 17000:18000 within 27.855 sec, 0.0287 on average
[08/25/2022, 21:48:22] instances left: 1018
[08/25/2022, 21:48:22] estimating time left: 0:00:29.216600

[[ 0.          0.          0.         -0.09145235  1.81537515  0.0301932 ]
 [ 0.         20.74177169  0.         -0.08246671  1.66523631  0.03852151]
 [ 0.          0.          0.         -0.0884723  -0.3021852   0.27121446]
 ...
 [ 0.         20.81804207  0.         -0.09077456  1.22844349  0.        ]
 [12.38278162 10.47250949  0.         -0.05279708  0.91557806  0.0985491 ]
 [ 0.         20.87170351  0.         -0.09961371  0.28773487  0.4576434 ]]
[08/25/2022, 21:48:51] computing sampling shap 18000:19000 within 28.2892 sec, 0.0286 on average
[08/25/2022, 21:48:51] instances left: 18
[08/25/2022, 21:48:51] estimating time left: 0:00:00.514800

[[ 0.          0.          0.         -0.09750343  1.35935281  0.0539431 ]
 [ 0.          0.          0.         -0.09456587 -0.17491843  0.02569143]
 [ 0.          0.          0.         -0.10842126  0.24551831  0.07547251]
 ...
 [ 0.          0.          0.         -0.10692199  0.66819422  0.21908796]
 [ 0.          0.          0.         -0.09069136 -0.20730956  0.12977019]
 [22.82170835  0.          0.         -0.05629718  0.47784209  0.09383123]]
[08/25/2022, 21:48:51] computing sampling shap 19000:19018 within 0.4883 sec, 0.0272 on average
[08/25/2022, 21:48:51] instances left: -982
[08/25/2022, 21:48:51] estimating time left: -1 day, 23:59:33.289600

[[ 0.00000000e+00  0.00000000e+00  2.06553656e+01 -1.13803083e-01
   2.88926507e-01  4.85007180e-01]
 [ 0.00000000e+00  0.00000000e+00  0.00000000e+00 -1.09347589e-01
   6.00908884e-01  0.00000000e+00]
 [ 0.00000000e+00  2.08925430e+01  0.00000000e+00 -1.04837776e-01
   5.08477412e-01  9.84870130e-01]
 [ 0.00000000e+00  0.00000000e+00  0.00000000e+00 -9.03588692e-02
  -2.96734545e-01  2.76665118e-01]
 [ 0.00000000e+00  2.08865867e+01  0.00000000e+00 -1.11981683e-01
   5.08270570e-01  9.44685274e-01]
 [ 0.00000000e+00  0.00000000e+00  0.00000000e+00 -1.05775955e-01
   6.91766609e-01  1.38150067e-01]
 [ 0.00000000e+00  2.08785508e+01  0.00000000e+00 -9.15751833e-02
   1.82637948e-01  1.51721491e-01]
 [ 0.00000000e+00  0.00000000e+00  0.00000000e+00 -1.09347589e-01
   1.68520593e-01  3.51311640e-02]
 [ 0.00000000e+00  2.08222708e+01  0.00000000e+00 -9.07745593e-02
   1.24927733e+00  2.08338320e-02]
 [ 1.24779479e+01  1.04816305e+01  0.00000000e+00 -5.23291688e-02
   2.46260069e-01  1.14513363e-02]
 [ 0.00000000e+00  0.00000000e+00  0.00000000e+00 -1.09347589e-01
   1.71279515e-01  0.00000000e+00]
 [ 0.00000000e+00  2.08629412e+01  0.00000000e+00 -9.81207637e-02
   6.10703130e-01  5.46071390e-02]
 [ 0.00000000e+00  0.00000000e+00  0.00000000e+00 -1.00074244e-01
   1.38771809e+00  1.28367000e-01]
 [ 0.00000000e+00  2.08780654e+01  0.00000000e+00 -9.80561272e-02
   2.70439240e-01  3.22663234e-01]
 [ 0.00000000e+00  2.08780654e+01  0.00000000e+00 -9.80561272e-02
   2.70439240e-01  3.22663234e-01]
 [ 0.00000000e+00  0.00000000e+00  0.00000000e+00 -1.18751409e-01
   3.93930156e-01  5.67649081e-01]
 [ 0.00000000e+00  0.00000000e+00  0.00000000e+00 -1.00136463e-01
   2.36342292e-01  2.73149109e-01]]
[08/25/2022, 21:48:51] finish computing sampling shap for range: [1, 1] within 544.62359 sec
