Child #[15, 15]: psutil.Process(pid=4720, name='python', status='running', started='03:30:25'), affinity [15]
Child #[15, 15]: Set my affinity to [15, 15], affinity now [15]

[03/30/2022, 01:30:52] start computing sampling shap for range: [8, 8]
[03/30/2022, 01:31:41] computing sampling shap 3332:3342 within 48.775 sec, 4.8775 on average
[03/30/2022, 01:31:41] instances left: 462
[03/30/2022, 01:31:41] estimating time left: 0:37:33.405000

[[-1.52905223 -6.69137731 -0.48475798  0.         -0.44515599  0.15106303]
 [-0.45328972 12.80438773 -0.20814948  0.          0.29374359 -0.14037723]
 [-0.74403055 12.76890214  0.          0.          0.95537124 -0.19076886]
 [-0.59703668 12.62721098  0.          0.         -0.37419715  0.23540208]
 [-1.5359949  -7.1933537   0.          0.         -0.43096946  0.56328719]
 [-1.52981291 -6.8853138  -0.36537     0.         -0.20019904  0.02748318]
 [-1.52656451 -7.31867327  0.          0.         -0.10042853 -0.23782501]
 [-1.31638011 -7.4276862   0.          0.         -0.26276293 -0.1405074 ]
 [-0.5492139  12.66539194 -0.1372804   0.          0.67812132 -0.04498457]
 [-0.48096889 12.74667744 -0.20887552  0.          0.62904494  0.01345329]]
[03/30/2022, 01:32:31] computing sampling shap 3342:3352 within 50.249 sec, 4.9513 on average
[03/30/2022, 01:32:31] instances left: 452
[03/30/2022, 01:32:31] estimating time left: 0:37:17.987600

[[-6.04218701e-01  1.26752427e+01 -1.36843780e-01  0.00000000e+00
   1.01298759e+00 -7.55497001e-02]
 [-1.82796000e+00 -6.54921199e+00 -3.67813076e-01  0.00000000e+00
   7.09488818e-01 -2.17169494e-01]
 [ 7.61521042e+00  6.36633946e+00  0.00000000e+00  0.00000000e+00
   7.81492640e-01 -2.08326596e-01]
 [-1.68303711e+00 -7.05728311e+00  0.00000000e+00  0.00000000e+00
  -4.22206454e-01  3.91887483e-01]
 [-1.64175359e+00 -7.04139413e+00  0.00000000e+00  0.00000000e+00
  -8.78769302e-01 -7.84426640e-03]
 [-5.27507092e-01  1.26784368e+01 -1.33092361e-01  0.00000000e+00
   9.60165729e-01 -1.88529243e-01]
 [-8.44604977e-01  1.27552378e+01  0.00000000e+00  0.00000000e+00
   1.05843182e+00 -1.79591101e-01]
 [-1.56653150e-01  1.22039945e+01  0.00000000e+00  0.00000000e+00
  -1.90528258e-01 -8.31116739e-03]
 [-1.87543927e+00 -6.52086964e+00 -2.89698664e-01  0.00000000e+00
   1.08278658e+00 -1.04817826e-01]
 [-7.17748320e-01  1.30125911e+01 -2.70458795e-01  0.00000000e+00
  -2.87523994e-01  4.40025064e-01]]
[03/30/2022, 01:33:20] computing sampling shap 3352:3362 within 48.7667 sec, 4.9265 on average
[03/30/2022, 01:33:20] instances left: 442
[03/30/2022, 01:33:20] estimating time left: 0:36:17.513000

[[-1.63656649 -6.70640318 -0.30992346  0.         -0.65305053  0.51124277]
 [-1.44681727 -7.268085    0.          0.         -0.46623417 -0.08686704]
 [-1.34071796 -7.16457911 -0.35379367  0.         -0.27618783 -0.2471453 ]
 [-1.36466704 -6.94140471 -0.57500029  0.         -0.08112707  0.01843889]
 [-0.54377003 12.64417333  0.          0.         -0.34435337  0.09660707]
 [-1.86210762 -6.58482084 -0.2718459   0.         -1.02340131 -0.07432878]
 [-1.56455321 -6.90939698 -0.31367331  0.          0.36932061 -0.26075688]
 [-1.43894864 -6.94689137 -0.33635748  0.          0.64131268 -0.14706554]
 [-1.2270572  -6.70359821 -0.67564099  0.          0.53885132  0.14409719]
 [-1.56403112 -6.80155279 -0.31732785  0.          1.00718464 -0.05170472]]
[03/30/2022, 01:34:07] computing sampling shap 3362:3372 within 47.6974 sec, 4.8873 on average
[03/30/2022, 01:34:07] instances left: 432
[03/30/2022, 01:34:07] estimating time left: 0:35:11.313600

[[-1.84075357 -6.94344203  0.          0.          0.32098091 -0.21584496]
 [-1.82969968 -6.31515115 -0.603008    0.          0.66773524  0.1567756 ]
 [-1.79561214 -6.57734184 -0.27076723  0.         -0.09628225 -0.19988494]
 [-1.84719705 -6.71423933 -0.2214259   0.         -0.92408067 -0.05993966]
 [ 7.92849238  6.1096102   0.          0.          0.32561371 -0.14409726]
 [-1.96026308 -6.5249649  -0.22231327  0.          0.26464484 -0.0537465 ]
 [-1.63945257 -6.8650807  -0.31295648  0.         -0.41748652  0.11319999]
 [-1.6946777  -6.6391508  -0.31503866  0.         -0.23463347 -0.29999122]
 [-0.55870966 12.97893499 -0.14124711  0.         -1.14076667  0.05891884]
 [-0.49550819 12.50482306  0.          0.         -0.1314508  -0.08967115]]
[03/30/2022, 01:34:57] computing sampling shap 3372:3382 within 49.7108 sec, 4.9041 on average
[03/30/2022, 01:34:57] instances left: 422
[03/30/2022, 01:34:57] estimating time left: 0:34:29.530200

[[-1.33716756 -7.1329087  -0.26319918  0.          0.64324671 -0.1379224 ]
 [-1.89645649 -6.61343407 -0.23838999  0.         -0.24293     0.7432358 ]
 [-1.12310998 -3.30556542 16.30335344  0.         -0.35755886  0.15910447]
 [-0.42464818 -3.21168865 15.56809269  0.         -0.29612438 -0.09232733]
 [ 8.14889495  6.10165993  0.          0.         -0.40666883 -0.21606493]
 [-1.39354064 -7.07652219 -0.14690668  0.         -1.16622136  0.58824429]
 [-0.65669056 12.65322935  0.          0.          0.99498198 -0.20204684]
 [-0.50974785 12.66422056 -0.25350779  0.          0.43356516 -0.12501128]
 [16.86593156 -2.84944228 -0.14734038  0.          0.86714107 -0.17110333]
 [-1.58321093 -6.82309354 -0.2925467   0.          0.26560788 -0.08551291]]
[03/30/2022, 01:35:43] computing sampling shap 3382:3392 within 45.8891 sec, 4.8516 on average
[03/30/2022, 01:35:43] instances left: 412
[03/30/2022, 01:35:43] estimating time left: 0:33:18.859200

[[-1.96456291e+00 -6.60145200e+00 -1.44970449e-01  0.00000000e+00
   6.32814383e-01 -1.74495343e-01]
 [-1.57679906e+00 -7.21723035e+00  0.00000000e+00  0.00000000e+00
   3.16658917e-01 -2.01689183e-01]
 [-1.62904013e+00 -7.22275565e+00  0.00000000e+00  0.00000000e+00
  -9.31914054e-01 -2.20949505e-01]
 [-1.62468343e+00 -6.83368029e+00 -3.22393715e-01  0.00000000e+00
   8.86905228e-03 -1.83233963e-01]
 [-1.71926494e+00 -6.73686404e+00 -2.74615944e-01  0.00000000e+00
  -2.36352732e-02 -1.57153346e-01]
 [-6.64210538e-01  1.26558046e+01  0.00000000e+00  0.00000000e+00
   3.15182215e-01  3.25737497e-02]
 [-1.27340501e+00 -6.84055749e+00 -5.99336398e-01  0.00000000e+00
   6.47660674e-01 -8.72488996e-02]
 [-1.59069049e+00 -6.79473224e+00 -2.76450785e-01  0.00000000e+00
  -5.83519083e-01  2.63639195e-01]
 [-1.72588210e+00 -6.98437179e+00  0.00000000e+00  0.00000000e+00
  -4.57608609e-01  5.73557261e-02]
 [-4.78203017e-01  1.26226577e+01  0.00000000e+00  0.00000000e+00
  -1.17207100e+00 -2.49054156e-01]]
[03/30/2022, 01:36:31] computing sampling shap 3392:3402 within 48.04 sec, 4.8448 on average
[03/30/2022, 01:36:31] instances left: 402
[03/30/2022, 01:36:31] estimating time left: 0:32:27.609600

[[-0.37307823 12.64621566 -0.21288966  0.          0.91597198 -0.18674566]
 [-1.40634019 -6.96362455 -0.29953197  0.          0.62016864 -0.17862308]
 [-1.37885511 -7.19615568 -0.26183712  0.         -0.44334666 -0.19996276]
 [-0.46838663 12.58385399  0.          0.         -0.4561593  -0.18250969]
 [-1.55168518 -6.52885571 -0.49256855  0.         -0.28024665  0.34816088]
 [-1.40297108 -6.72480486 -0.52674355  0.         -0.55037654  0.06842501]
 [-1.49956743 -6.98241585 -0.26963295  0.          0.31179579 -0.1010894 ]
 [-1.76651789 -6.79326626 -0.14663713  0.         -1.28088662 -0.26383092]
 [-0.23475627 12.27131525  0.          0.          0.71290018 -0.14701744]
 [-0.47716102 12.86467658 -0.30029193  0.          0.91611574 -0.13295481]]
[03/30/2022, 01:37:18] computing sampling shap 3402:3412 within 47.1139 sec, 4.8281 on average
[03/30/2022, 01:37:18] instances left: 392
[03/30/2022, 01:37:18] estimating time left: 0:31:32.615200

[[-2.26841860e-01  1.22615311e+01  0.00000000e+00  0.00000000e+00
   4.44543923e-02  3.47201891e-01]
 [-1.87421851e+00 -6.84240010e+00 -1.43176647e-01  0.00000000e+00
  -7.22805597e-01 -1.52636873e-01]
 [-6.48730273e-01  6.37711345e+00  6.30038571e+00  0.00000000e+00
  -3.65662323e-01  1.96781810e-01]
 [-1.70575563e+00 -7.00254049e+00 -1.39451322e-01  0.00000000e+00
  -6.61662513e-02  6.62295056e-02]
 [ 1.73479315e+01 -3.31797605e+00 -1.51435785e-01  0.00000000e+00
   6.63670464e-01 -2.00350205e-01]
 [ 7.79064367e+00  6.29541768e+00  0.00000000e+00  0.00000000e+00
   2.48815688e-02  2.02120116e-02]
 [-1.43000087e+00 -7.18477845e+00 -1.39589745e-01  0.00000000e+00
  -3.29301262e-01 -7.09903414e-02]
 [-1.32678810e+00 -6.83765301e+00 -4.60036960e-01  0.00000000e+00
   5.96796037e-01 -2.00268968e-01]
 [-1.58243665e-01  1.23583990e+01 -2.01481121e-05  0.00000000e+00
  -7.02628702e-01  1.18091577e-01]
 [-5.24794724e-01  1.27052626e+01 -1.37205004e-01  0.00000000e+00
  -1.14833786e-01  2.04143080e-01]]
[03/30/2022, 01:38:05] computing sampling shap 3412:3422 within 47.0423 sec, 4.8144 on average
[03/30/2022, 01:38:05] instances left: 382
[03/30/2022, 01:38:05] estimating time left: 0:30:39.100800

[[-0.48254972 12.57501796  0.          0.         -0.67250285  0.06066848]
 [-0.65288445 13.02615781 -0.21161742  0.         -1.04992514 -0.12463148]
 [-0.6208443  12.84346071  0.          0.         -1.08263515  0.54263282]
 [-1.67957837 -6.77425615 -0.27251123  0.         -0.26004097 -0.18109345]
 [-1.91227959 -6.45024465 -0.39218625  0.          0.67624832 -0.20741488]
 [ 8.28481702  5.91493716 -0.1585109   0.         -0.12344899  0.13715221]
 [-1.68368777 -7.05652341  0.          0.         -0.33782001  0.40266156]
 [-1.31787492 -6.94436533 -0.35541234  0.         -0.49906477 -0.18906395]
 [-1.24654508 -6.99634626 -0.44756916  0.          1.0858722  -0.19669828]
 [-1.33140028 -7.28418304 -0.13881932  0.          0.65880861 -0.13235656]]
[03/30/2022, 01:38:51] computing sampling shap 3422:3432 within 46.1955 sec, 4.7949 on average
[03/30/2022, 01:38:51] instances left: 372
[03/30/2022, 01:38:51] estimating time left: 0:29:43.702800

[[-1.78237858e+00 -6.48457627e+00 -3.45869876e-01  0.00000000e+00
   1.01137299e+00 -1.99834813e-01]
 [-1.48034869e+00 -6.94657156e+00 -1.46307156e-01  0.00000000e+00
   9.69980773e-01 -1.34082385e-01]
 [-1.57144346e+00 -7.10414420e+00 -2.01481047e-05  0.00000000e+00
  -3.93307358e-01 -8.57458177e-02]
 [-1.50533228e+00 -6.92271140e+00 -3.68744169e-01  0.00000000e+00
   3.45255992e-01 -1.67272997e-01]
 [-1.40126391e+00 -6.76699352e+00 -5.35381163e-01  0.00000000e+00
  -2.58902561e-01 -1.02833895e-01]
 [ 8.08388749e+00  6.10174528e+00 -1.58768394e-01  0.00000000e+00
  -3.75713800e-01  2.53517506e-01]
 [-1.47984771e+00 -6.86524885e+00 -3.46376829e-01  0.00000000e+00
   2.46190525e-01 -1.98585686e-01]
 [-1.69255114e+00 -6.76996331e+00 -3.40518396e-01  0.00000000e+00
  -6.47326392e-01  3.47158685e-01]
 [-5.61884134e-01  1.29282675e+01 -2.47334264e-01  0.00000000e+00
  -3.20683601e-01  7.83364646e-01]
 [-1.65512322e+00 -6.72768365e+00 -3.68071654e-01  0.00000000e+00
  -3.26885667e-01  2.51075828e-01]]
[03/30/2022, 01:39:40] computing sampling shap 3432:3442 within 48.1909 sec, 4.7971 on average
[03/30/2022, 01:39:40] instances left: 362
[03/30/2022, 01:39:40] estimating time left: 0:28:56.550200

[[-1.50613291e+00 -6.53519145e+00 -5.93479220e-01  0.00000000e+00
   1.98951113e-01  1.52510632e-01]
 [-7.01502625e-01  1.27667303e+01  0.00000000e+00  0.00000000e+00
  -2.47287338e-01  4.86870401e-01]
 [-4.55030955e-01  1.26968406e+01 -1.34025790e-01  0.00000000e+00
  -2.06676714e-01 -3.20429887e-01]
 [-1.43302899e+00 -6.99098596e+00 -1.33821475e-01  0.00000000e+00
   9.54795969e-01 -1.24391531e-01]
 [-1.84153856e+00 -6.87924934e+00  0.00000000e+00  0.00000000e+00
  -3.73820962e-01  4.45991607e-01]
 [-1.54007138e-01  1.23706018e+01 -2.01481204e-05  0.00000000e+00
  -5.13165919e-02  6.88882411e-01]
 [-1.72605443e+00 -6.79368496e+00 -2.66622535e-01  0.00000000e+00
  -1.06945151e+00  1.25632395e-01]
 [-1.20067477e+00 -7.22278745e+00 -3.42510204e-01  0.00000000e+00
   6.82168420e-01  8.37038686e-03]
 [-1.84541759e+00 -6.44603697e+00 -5.18039885e-01  0.00000000e+00
  -3.33039822e-01  1.06781208e-01]
 [ 7.79391816e+00  6.24287941e+00 -1.46621416e-01  0.00000000e+00
   8.57330150e-01 -1.48428277e-01]]
[03/30/2022, 01:40:28] computing sampling shap 3442:3452 within 48.8828 sec, 4.8047 on average
[03/30/2022, 01:40:28] instances left: 352
[03/30/2022, 01:40:28] estimating time left: 0:28:11.254400

[[-1.80084777 -6.71306346 -0.14506026  0.         -0.55258741 -0.20973746]
 [-1.04474716  6.57988107  6.61302554  0.         -0.18587858 -0.01361621]
 [-1.5933728  -7.09695773  0.          0.         -0.93041603 -0.25210329]
 [-0.37287423 12.58511191 -0.13768882  0.          0.0835944  -0.26113605]
 [-1.79231564 -6.94719546  0.          0.         -0.34907894  0.44641922]
 [-1.44237179 -6.85829696 -0.43217047  0.          1.13113188 -0.1995797 ]
 [-1.71179964 -6.83103183 -0.22494361  0.         -0.27462164  0.07697659]
 [-1.34663358 -7.31906974 -0.13537511  0.          1.1712375  -0.10748744]
 [ 7.44008076  6.53063571 -0.15772001  0.          0.9072273  -0.16550794]
 [-1.81827136 -7.06112625  0.          0.          0.05970884 -0.1354328 ]]
[03/30/2022, 01:41:17] computing sampling shap 3452:3462 within 48.0702 sec, 4.8049 on average
[03/30/2022, 01:41:17] instances left: 342
[03/30/2022, 01:41:17] estimating time left: 0:27:23.275800

[[-0.67129569 -3.74488462 16.31374645  0.         -0.43167408 -0.33208537]
 [16.87880054 -2.89799406  0.          0.         -0.85776569 -0.15764003]
 [-0.35596801 12.44886863  0.          0.         -0.50052475 -0.11557762]
 [ 7.59801949  6.40761728  0.          0.          0.18085154 -0.21491488]
 [ 8.3127362   5.70079953  0.          0.          0.60065413 -0.19375297]
 [-1.53852907 -6.9480971  -0.29025973  0.         -0.25842867  0.65294842]
 [-1.743358   -6.81478856 -0.14504308  0.         -0.50590612 -0.18314967]
 [-0.59597505 12.6444325   0.          0.         -0.41555814 -0.06103986]
 [-1.67976101 -6.96374431 -0.22874729  0.         -0.25700693 -0.23434335]
 [-1.59933784 -6.53501956 -0.4477289   0.          0.96060138 -0.11584397]]
[03/30/2022, 01:42:05] computing sampling shap 3462:3472 within 48.3864 sec, 4.8073 on average
[03/30/2022, 01:42:05] instances left: 332
[03/30/2022, 01:42:05] estimating time left: 0:26:36.023600

[[-1.19719543 -6.85466584 -0.71270171  0.          1.12575416 -0.08862305]
 [-0.39743852 12.42169819  0.          0.         -0.93331982 -0.1999345 ]
 [-1.4347629  -7.11431346 -0.14124652  0.          0.5519568   0.33699556]
 [-1.67151565 -6.80589759 -0.13693032  0.          1.00399736 -0.12698247]
 [-1.4982598  -7.05721022 -0.1451502   0.         -0.41327303 -0.03316375]
 [-1.27610205 -7.23117353 -0.21710937  0.          0.66233075 -0.1658963 ]
 [-1.75582444 -6.47904124 -0.44645063  0.         -0.33811822 -0.16405712]
 [-0.57403432 12.68037832  0.          0.         -0.6327803   0.26603953]
 [-1.45537944 -7.12639963 -0.24183565  0.         -0.31641012  0.02495405]
 [-1.06621659 -7.47698195 -0.13973477  0.          1.05003784 -0.16839034]]
[03/30/2022, 01:42:55] computing sampling shap 3472:3482 within 50.1405 sec, 4.8211 on average
[03/30/2022, 01:42:55] instances left: 322
[03/30/2022, 01:42:55] estimating time left: 0:25:52.394200

[[-1.29817968 -6.70376089 -0.68132996  0.         -0.44744598  0.09667182]
 [-0.71618679 13.00192346 -0.14168131  0.         -0.9629959  -0.31388392]
 [-0.80443403 -3.36032009 15.94130087  0.         -0.37080019 -0.14779399]
 [-1.60910823 -6.80872403 -0.30517391  0.          1.12494975 -0.17865162]
 [-1.64413589 -6.46374846 -0.72504227  0.         -0.20516543  0.62620545]
 [-0.59022216 12.94928772 -0.25382463  0.          0.89424012 -0.12786335]
 [-2.06265247 -6.6219557  -0.14720091  0.         -0.83881991 -0.12416281]
 [-1.67643144 -6.33922266 -0.65173495  0.         -0.41657805  0.04949632]
 [ 7.99073997  6.03380952  0.          0.         -0.36222866  0.11236084]
 [-2.04154698 -6.51244624 -0.14741332  0.         -0.35769022  0.02462622]]
[03/30/2022, 01:43:41] computing sampling shap 3482:3492 within 45.6363 sec, 4.8051 on average
[03/30/2022, 01:43:41] instances left: 312
[03/30/2022, 01:43:41] estimating time left: 0:24:59.191200

[[-1.69798431 -6.50137821 -0.57013739  0.         -1.00644528 -0.22871444]
 [-1.75883933 -6.55573178 -0.40718     0.         -0.42617481  0.70031715]
 [-1.5001288  -7.03908544 -0.26731355  0.          0.64254448  0.39983226]
 [-0.55894267 12.91012426 -0.3118552   0.          0.05780798 -0.02235879]
 [-0.62292076 12.85950528 -0.13114993  0.         -0.30860912  0.10829127]
 [-0.35986355 12.63152276 -0.25561298  0.          0.6677858  -0.21956606]
 [-1.74477193 -6.74651112 -0.13754637  0.          1.00010124 -0.14798002]
 [-1.52909465 -6.83970283 -0.34390998  0.         -0.18848912  0.05351172]
 [-1.88068333 -6.54454539 -0.31593569  0.         -1.00619015 -0.23583806]
 [-1.459339   -7.17531788  0.          0.         -0.07785407 -0.22737687]]
[03/30/2022, 01:44:31] computing sampling shap 3492:3502 within 50.4004 sec, 4.8189 on average
[03/30/2022, 01:44:31] instances left: 302
[03/30/2022, 01:44:31] estimating time left: 0:24:15.307800

[[ 7.89306663  6.02139384  0.          0.          0.81820955 -0.13359225]
 [-1.58636592 -6.86913216 -0.2198174   0.         -0.38865311  0.43483178]
 [-0.65013142 12.64321802  0.          0.         -0.16917394  0.01987925]
 [-0.81654303 12.90266671  0.          0.          0.33243244  0.04734721]
 [-1.42814048 -6.75920507 -0.43269368  0.          0.97142948 -0.15267711]
 [-1.93778211 -6.58468844 -0.14297164  0.         -0.40128622  0.33727526]
 [ 8.16818674  6.0670263  -0.15585083  0.         -0.08093703 -0.10081545]
 [-0.70426443 13.09433502 -0.29832626  0.          0.29437318 -0.08980208]
 [-1.65915394 -7.05932783  0.          0.          0.64282423 -0.17700835]
 [-0.63567005 12.71698453  0.          0.         -0.34174268  0.73273522]]
[03/30/2022, 01:45:17] computing sampling shap 3502:3512 within 46.2884 sec, 4.8083 on average
[03/30/2022, 01:45:17] instances left: 292
[03/30/2022, 01:45:17] estimating time left: 0:23:24.023600

[[17.37266062 -3.10797421 -0.29640194  0.          0.10095976 -0.06415978]
 [-1.71563388 -6.66400642 -0.28949474  0.         -0.03073578  0.28943389]
 [ 7.65485991  6.45341175  0.          0.          0.27043662 -0.15908989]
 [-1.51339002 -6.81096503 -0.46079008  0.         -0.15971538 -0.23863092]
 [-0.60169136 12.75004313 -0.14019858  0.          0.9764608  -0.1951404 ]
 [-1.59254996 -6.85131362 -0.26238511  0.         -0.03433017 -0.0267254 ]
 [-1.39850963 -7.2654138  -0.14907756  0.          0.37695209 -0.18275597]
 [-1.91380785 -6.91656143  0.          0.         -0.32760266  0.44354032]
 [-0.54596833 12.69310915  0.          0.         -0.21148599 -0.09550191]
 [-1.86076421 -6.35165184 -0.53116291  0.         -0.2822073   0.83273523]]
[03/30/2022, 01:46:04] computing sampling shap 3512:3522 within 46.5337 sec, 4.8002 on average
[03/30/2022, 01:46:04] instances left: 282
[03/30/2022, 01:46:04] estimating time left: 0:22:33.656400

[[17.06058882 -3.09702232 -0.1468472   0.          0.90953019 -0.16106291]
 [-1.46313605 -7.00158912 -0.33339817  0.          1.14285747 -0.14602127]
 [-1.44894648 -6.88557485 -0.36296334  0.         -0.76873618  0.42938958]
 [ 7.60535203  6.40664258  0.          0.          0.10405346 -0.0494992 ]
 [-1.65167591 -6.62032828 -0.45808328  0.         -0.67867277 -0.21522817]
 [ 8.07170813  5.85763759  0.          0.          0.83409686 -0.20872625]
 [16.87995218 -2.80190676  0.          0.         -0.20907688  0.1586641 ]
 [-1.66824302 -6.75237288 -0.41995528  0.         -0.40231441 -0.02464351]
 [-1.21798619 -7.2828364  -0.26408041  0.          0.33122235 -0.2101881 ]
 [-1.68625365 -6.88762813 -0.14741334  0.         -0.05587948 -0.2227094 ]]
[03/30/2022, 01:46:51] computing sampling shap 3522:3532 within 46.8274 sec, 4.7943 on average
[03/30/2022, 01:46:51] instances left: 272
[03/30/2022, 01:46:51] estimating time left: 0:21:44.049600

[[-0.43086201 12.45259714  0.          0.         -0.30293486 -0.27783641]
 [-1.57655029 -6.89860128 -0.31403192  0.         -0.29947978  0.13603612]
 [-0.44710782 12.84938198 -0.25751052  0.         -0.32351352  1.26240619]
 [17.09092872 -3.17268046  0.          0.          0.34147058 -0.05368986]
 [ 7.92422794  6.29446672 -0.15705471  0.         -0.38275118 -0.18686628]
 [-1.73881359 -6.71721323 -0.27420154  0.         -0.41387531 -0.21058132]
 [-1.23326911 -7.23450569 -0.27829351  0.          1.10806699 -0.09932683]
 [-1.62165438 -6.59642411 -0.25922714  0.          0.865909   -0.09664234]
 [-0.58999752 12.70543898  0.          0.         -0.38206148  0.19765995]
 [-1.88715892 -6.5000011  -0.31670307  0.          0.6294977  -0.09222598]]
[03/30/2022, 01:47:44] computing sampling shap 3532:3542 within 52.9403 sec, 4.8181 on average
[03/30/2022, 01:47:44] instances left: 262
[03/30/2022, 01:47:44] estimating time left: 0:21:02.342200

[[-4.38915627e-01  1.26139895e+01 -2.12750274e-01  0.00000000e+00
  -3.22740876e-01 -2.61246112e-01]
 [-3.98682499e-01  1.24304387e+01 -2.01481035e-05  0.00000000e+00
   6.40115133e-01 -5.98168590e-02]
 [-7.99028219e-01  1.29278936e+01  0.00000000e+00  0.00000000e+00
  -4.46668152e-01  1.79506102e-01]
 [-2.03725559e+00 -6.11399666e+00 -6.05448512e-01  0.00000000e+00
   1.12948740e+00 -1.74073596e-01]
 [-8.04627524e-01  1.30124250e+01 -1.36484034e-01  0.00000000e+00
  -6.00784043e-01  4.10482918e-01]
 [-4.79765019e-01  1.26314141e+01  0.00000000e+00  0.00000000e+00
  -4.39669696e-01 -8.93564437e-02]
 [-2.52969040e-01  1.22872054e+01  0.00000000e+00  0.00000000e+00
   7.20818055e-01 -2.90787854e-01]
 [ 7.75992084e+00  6.29685880e+00  0.00000000e+00  0.00000000e+00
  -4.57365959e-01 -1.54057472e-01]
 [-7.57442512e-01  1.28771974e+01  0.00000000e+00  0.00000000e+00
  -2.04069793e-01  3.29793307e-02]
 [-1.92210130e+00 -6.56454401e+00 -1.42409450e-01  0.00000000e+00
   1.04211868e+00 -2.14350789e-01]]
[03/30/2022, 01:48:33] computing sampling shap 3542:3552 within 49.5045 sec, 4.8242 on average
[03/30/2022, 01:48:33] instances left: 252
[03/30/2022, 01:48:33] estimating time left: 0:20:15.698400

[[-1.76972698e+00 -6.83889418e+00 -3.04871862e-01  0.00000000e+00
   8.02430226e-01 -1.41603209e-01]
 [-4.46945966e-01 -3.69854768e+00  1.60267573e+01  0.00000000e+00
  -1.04402098e+00 -2.27693053e-01]
 [-3.26805361e-01  1.24192444e+01 -2.01481133e-05  0.00000000e+00
   3.17986654e-01 -2.44254831e-01]
 [-5.26865697e-01  1.28135860e+01 -1.37941388e-01  0.00000000e+00
  -2.02000694e-01  6.32119733e-02]
 [-1.97190416e+00 -6.42534969e+00 -3.34765665e-01  0.00000000e+00
   1.11281656e+00 -1.82083772e-01]
 [-1.75440012e+00 -7.02331336e+00  0.00000000e+00  0.00000000e+00
  -7.66817725e-01 -1.55631733e-01]
 [-2.65877714e-01  1.25583837e+01 -2.06575893e-01  0.00000000e+00
  -4.17570149e-01  1.91528191e-01]
 [-2.70461623e-01  1.24333261e+01 -1.34923276e-01  0.00000000e+00
   9.59756548e-01 -1.91544283e-01]
 [-1.80403697e+00 -6.96782275e+00  0.00000000e+00  0.00000000e+00
  -2.04302735e-01 -9.53110924e-02]
 [-1.84633004e+00 -6.63835764e+00 -2.75855293e-01  0.00000000e+00
  -4.69514715e-01  2.28230036e-01]]
[03/30/2022, 01:49:24] computing sampling shap 3552:3562 within 50.479 sec, 4.8339 on average
[03/30/2022, 01:49:24] instances left: 242
[03/30/2022, 01:49:24] estimating time left: 0:19:29.803800

[[-1.48596222e+00 -6.53509070e+00 -6.51974863e-01  0.00000000e+00
   6.67178613e-01 -2.46817030e-01]
 [-2.02618466e+00 -6.74473282e+00  0.00000000e+00  0.00000000e+00
   7.23060700e-01 -2.38019181e-01]
 [-5.30379594e-01  1.27578667e+01 -2.13872908e-01  0.00000000e+00
   9.87431057e-01 -2.11571622e-01]
 [-7.25029122e-01  1.26959113e+01  0.00000000e+00  0.00000000e+00
   9.60603024e-01 -1.42011027e-01]
 [-1.35633890e+00 -7.22020950e+00 -1.45516341e-01  0.00000000e+00
   1.05224155e+00  5.74097036e-03]
 [-1.56240904e+00 -7.15833688e+00  0.00000000e+00  0.00000000e+00
  -3.58204270e-01 -2.22323439e-02]
 [-4.48258475e-01  1.27391968e+01 -2.02345565e-01  0.00000000e+00
   4.36307411e-02 -1.93537560e-01]
 [-1.77136966e+00 -6.98481110e+00  0.00000000e+00  0.00000000e+00
  -4.37118508e-01  1.26905909e-01]
 [-1.61131305e+00 -6.73926882e+00 -4.12733431e-01  0.00000000e+00
   1.14933432e+00 -1.87306084e-01]
 [-1.37440804e+00 -6.89718828e+00 -5.00051542e-01  0.00000000e+00
   1.13242143e+00 -1.62060888e-01]]
[03/30/2022, 01:50:12] computing sampling shap 3562:3572 within 48.6976 sec, 4.8354 on average
[03/30/2022, 01:50:12] instances left: 232
[03/30/2022, 01:50:12] estimating time left: 0:18:41.812800

[[-0.62548269 13.115349   -0.39744447  0.         -0.11569981  0.14450069]
 [-1.67474279 -6.84249113 -0.14919107  0.          0.25633345 -0.26896792]
 [-0.17712969 12.2250712   0.          0.         -0.16885228 -0.18842711]
 [-0.40602476 12.68927625 -0.23965114  0.          0.32363384  0.25016859]
 [-1.86852375 -6.79753215  0.          0.         -0.22900543 -0.11945324]
 [ 7.4137056   6.71717312 -0.34467508  0.          0.93761179 -0.10400998]
 [-1.84504609 -6.74346606 -0.14122352  0.          1.08771163 -0.15926255]
 [-0.48854005 12.5569812   0.          0.          0.57379471 -0.03979393]
 [-2.02512251 -6.56373337 -0.14524729  0.         -0.19562665  0.01709673]
 [-1.80295099 -6.47169265 -0.35142212  0.         -0.57938861 -0.06254935]]
[03/30/2022, 01:51:01] computing sampling shap 3572:3582 within 48.4242 sec, 4.8357 on average
[03/30/2022, 01:51:01] instances left: 222
[03/30/2022, 01:51:01] estimating time left: 0:17:53.525400

[[-1.91842324e+00 -6.78958648e+00 -1.41227676e-01  0.00000000e+00
  -1.23716333e-01 -9.85202847e-02]
 [ 7.54401917e+00  6.44556362e+00 -1.51216658e-01  0.00000000e+00
   7.51985259e-01 -1.69914713e-01]
 [-2.46165111e+00 -6.30450433e+00 -2.01481060e-05  0.00000000e+00
  -7.67999559e-01  2.81418186e-01]
 [-2.26367820e-01  1.23628068e+01 -1.35977497e-01  0.00000000e+00
   1.26701627e-01 -6.78628576e-02]
 [-1.29736541e+00 -7.07380472e+00 -2.99159732e-01  0.00000000e+00
   6.30164343e-01 -1.35487380e-01]
 [-4.62430408e-01  1.27858821e+01 -2.61986320e-01  0.00000000e+00
  -1.07904193e-01 -4.02278692e-02]
 [-3.83134649e-01  1.23699906e+01  0.00000000e+00  0.00000000e+00
   1.00235478e+00 -1.99737053e-01]
 [ 1.67555774e+01 -2.90833568e+00 -4.11423084e-04  0.00000000e+00
   8.69829045e-01 -6.29626473e-03]
 [-6.98528598e-01  1.27640681e+01  0.00000000e+00  0.00000000e+00
   9.36442528e-01 -2.12508267e-01]
 [-7.53644319e-01  1.28124816e+01  0.00000000e+00  0.00000000e+00
   9.43548869e-01 -2.12912199e-01]]
[03/30/2022, 01:51:49] computing sampling shap 3582:3592 within 48.1918 sec, 4.835 on average
[03/30/2022, 01:51:49] instances left: 212
[03/30/2022, 01:51:49] estimating time left: 0:17:05.020000

[[-1.66261522e+00 -6.89115260e+00 -1.44880613e-01  0.00000000e+00
  -1.04353116e+00 -2.62479896e-01]
 [-1.57931306e+00 -6.61854229e+00 -5.44921624e-01  0.00000000e+00
   2.78222367e-01 -1.54250415e-01]
 [-5.73131563e-01  1.26350299e+01  0.00000000e+00  0.00000000e+00
  -3.54082375e-01  4.69069014e-01]
 [-1.75644150e+00 -6.69534986e+00 -2.95455364e-01  0.00000000e+00
   6.82103977e-01 -2.20734217e-01]
 [-1.41529999e+00 -6.81801037e+00 -5.15433706e-01  0.00000000e+00
  -4.70464209e-01  1.45994357e-01]
 [-1.44074264e-01  1.22720374e+01 -2.01481042e-05  0.00000000e+00
   8.18380536e-01 -6.74874285e-02]
 [-1.51838765e+00 -7.02793220e+00 -1.47749349e-01  0.00000000e+00
  -9.32602527e-01  7.89215171e-02]
 [-8.44788800e-02  1.22224841e+01 -2.01481112e-05  0.00000000e+00
  -2.55777487e-01 -4.20541300e-02]
 [-2.07260100e+00 -6.36521291e+00 -3.22132424e-01  0.00000000e+00
  -2.37358542e-02 -1.71439996e-01]
 [-1.69302714e-01  1.21784323e+01  0.00000000e+00  0.00000000e+00
   1.26216302e-01  2.86013548e-01]]
[03/30/2022, 01:52:35] computing sampling shap 3592:3602 within 45.7818 sec, 4.8255 on average
[03/30/2022, 01:52:35] instances left: 202
[03/30/2022, 01:52:35] estimating time left: 0:16:14.751000

[[-1.60997147 -6.84119617 -0.28081095  0.         -0.70306254  0.32341525]
 [-0.35130163 12.6765772  -0.13730035  0.         -0.28057292 -0.21674061]
 [ 7.65920174  6.43889083 -0.15547427  0.         -1.21524483 -0.05865821]
 [ 7.85962647  6.25187338 -0.15861492  0.         -1.00759129 -0.14115776]
 [ 8.15172984  6.02648659 -0.15645241  0.          0.27981471  0.09492892]
 [-1.79926618 -6.94651836  0.          0.          0.72165629 -0.26174797]
 [-1.47085907 -6.86281468 -0.41325176  0.         -1.06803295 -0.12856383]
 [-1.67064727 -6.93631425 -0.14545382  0.          0.69869564 -0.19894685]
 [-1.84562409 -6.58957227 -0.29721166  0.          1.13249081 -0.20136964]
 [-1.683563   -6.86476902 -0.14231811  0.          1.08467288 -0.19530969]]
[03/30/2022, 01:53:22] computing sampling shap 3602:3612 within 47.6141 sec, 4.8233 on average
[03/30/2022, 01:53:22] instances left: 192
[03/30/2022, 01:53:22] estimating time left: 0:15:26.073600

[[-1.78955984 -6.93788951  0.          0.          1.09188942 -0.16572682]
 [-1.31287816 -7.38900861  0.          0.         -0.33954109  0.36471304]
 [-1.75398138 -6.78010426 -0.14698373  0.         -0.40040374  0.38527781]
 [ 7.3359663   6.87054813  0.          0.         -1.1875941  -0.21774219]
 [-0.22094434 12.1605398   0.          0.         -0.23857147  0.12075072]
 [-0.13079384 12.29466627 -0.13030765  0.          1.00272353 -0.1659041 ]
 [-1.56525917 -6.8827296  -0.33626215  0.         -0.11967956  0.2663578 ]
 [17.40488251 -3.08878047 -0.30923766  0.         -0.40900063 -0.20866792]
 [-0.35869084 12.44182453  0.          0.          0.0366591  -0.24647562]
 [-1.52513382 -6.75003139 -0.51320384  0.         -0.24709467  0.92022829]]
[03/30/2022, 01:54:12] computing sampling shap 3612:3622 within 49.583 sec, 4.8279 on average
[03/30/2022, 01:54:12] instances left: 182
[03/30/2022, 01:54:12] estimating time left: 0:14:38.677800

[[-1.76298853 -6.90832958  0.          0.         -0.23560208 -0.10759452]
 [-1.44756617 -6.95325404 -0.42714192  0.         -1.20046732 -0.1309363 ]
 [-1.98164765 -6.79856285  0.          0.         -0.42179205  0.1339007 ]
 [-1.61985748 -6.49891668 -0.55053015  0.         -0.51374802 -0.19789802]
 [-1.22863227 -6.69725473 -0.65677746  0.          0.52312421 -0.16841048]
 [-1.60110702 -7.10250466  0.          0.          1.08645364 -0.15955011]
 [-2.03818451 -6.89313794  0.          0.          1.28400589 -0.15397024]
 [-0.2843726  12.53002982 -0.13785503  0.         -0.43479801  0.52072174]
 [-1.81908522 -6.88124794 -0.13929467  0.          0.08651169 -0.20200592]
 [-1.97212342 -6.73875327 -0.14359208  0.          0.12430033  0.11998215]]
[03/30/2022, 01:55:01] computing sampling shap 3622:3632 within 49.2265 sec, 4.8311 on average
[03/30/2022, 01:55:01] instances left: 172
[03/30/2022, 01:55:01] estimating time left: 0:13:50.949200

[[-1.53029105 -7.25561418  0.          0.          0.07202688  0.3195988 ]
 [-0.40880021  5.8137631   6.53980633  0.          1.02768344 -0.1020684 ]
 [-1.32820522 -7.12081451 -0.27160688  0.          1.09831951 -0.1150218 ]
 [-0.29827868 12.44191011  0.          0.         -0.42812305  0.22251531]
 [-1.75946102 -6.61309314 -0.31495309  0.          1.08964284 -0.1295677 ]
 [-1.78636897 -6.80252434 -0.2177985   0.         -0.42606543  0.21500548]
 [-1.73326738 -6.89071344 -0.14142398  0.          0.30274495  0.03357054]
 [-0.52623633 12.57567439  0.          0.         -0.35711624  0.47723132]
 [-1.85766897 -6.78137495  0.          0.          0.18627676 -0.16603753]
 [-0.13463692 12.36060936 -0.13383415  0.         -0.39884424  0.76882873]]
[03/30/2022, 01:55:49] computing sampling shap 3632:3642 within 47.9471 sec, 4.8299 on average
[03/30/2022, 01:55:49] instances left: 162
[03/30/2022, 01:55:49] estimating time left: 0:13:02.443800

[[ 1.67879327e+01 -3.21337778e+00  0.00000000e+00  0.00000000e+00
  -7.29363455e-01  3.22274173e-01]
 [-1.49355369e+00 -6.99488652e+00 -2.64817173e-01  0.00000000e+00
  -4.89389219e-01 -2.36269802e-01]
 [-1.51172336e+00 -6.71728515e+00 -4.47187973e-01  0.00000000e+00
  -5.58754227e-01 -2.00333454e-01]
 [-1.87083796e+00 -6.87731683e+00  0.00000000e+00  0.00000000e+00
   3.15645095e-02 -2.38532072e-01]
 [-1.40695734e+00 -7.43483974e+00  0.00000000e+00  0.00000000e+00
   7.95864027e-01 -2.06732743e-01]
 [-1.54549300e+00 -7.23341944e+00  0.00000000e+00  0.00000000e+00
   3.68125297e-01  2.70369744e-01]
 [ 8.35645159e+00  5.64243427e+00  0.00000000e+00  0.00000000e+00
  -2.35816424e-01  3.21418605e-01]
 [-1.54139550e+00 -7.24905941e+00  0.00000000e+00  0.00000000e+00
  -8.33324129e-01 -2.01805694e-01]
 [-1.71817939e+00 -6.85044346e+00 -2.01480990e-05  0.00000000e+00
   9.29450288e-01 -1.62094714e-01]
 [-8.50651148e-02  1.23450466e+01 -1.32048701e-01  0.00000000e+00
  -6.37311819e-01  4.65969384e-01]]
[03/30/2022, 01:56:37] computing sampling shap 3642:3652 within 48.1647 sec, 4.8295 on average
[03/30/2022, 01:56:37] instances left: 152
[03/30/2022, 01:56:37] estimating time left: 0:12:14.084000

[[-1.67279338 -7.1482873   0.          0.         -0.4073549   0.07689203]
 [-0.28331705 12.36411665  0.          0.          0.3512944  -0.13577812]
 [-1.9447005  -6.61094813 -0.14897599  0.          1.09694435 -0.19360687]
 [-0.37802542 12.49194741  0.          0.         -0.29873655  0.49236841]
 [-1.76472829 -6.96471551 -0.14286541  0.         -0.23236462 -0.27774973]
 [-1.90409046 -6.8245313   0.          0.         -0.47217615  0.24673599]
 [-0.66627937 12.83377697 -0.13628559  0.         -0.71344855 -0.19093011]
 [-1.226498   -7.26230843 -0.1342624   0.         -1.24008252  0.47200249]
 [-0.59329193 12.6174245   0.          0.         -0.76577027 -0.19073323]
 [-1.68465271 -6.82534234 -0.31204381  0.         -0.29483653 -0.1889058 ]]
[03/30/2022, 01:57:26] computing sampling shap 3652:3662 within 48.9142 sec, 4.8314 on average
[03/30/2022, 01:57:26] instances left: 142
[03/30/2022, 01:57:26] estimating time left: 0:11:26.058800

[[ 8.19719572e+00  6.05906584e+00 -1.53716817e-01  0.00000000e+00
   5.44933662e-02 -9.04893991e-02]
 [-2.20660476e+00 -6.32195513e+00 -2.28802372e-01  0.00000000e+00
  -7.38251489e-01  1.42092189e-01]
 [-4.98894242e-01  1.26241707e+01  0.00000000e+00  0.00000000e+00
  -4.66296343e-01  3.67043543e-01]
 [-4.42960218e-01  1.25325506e+01  0.00000000e+00  0.00000000e+00
  -1.06923042e+00  7.95849563e-01]
 [-5.48779238e-01  1.26592106e+01 -1.38723470e-01  0.00000000e+00
   1.03614456e+00 -1.37468669e-01]
 [-1.87069402e-01  1.23329570e+01  0.00000000e+00  0.00000000e+00
   2.96615327e-01 -2.32983284e-01]
 [-1.98923715e+00 -6.74474355e+00  0.00000000e+00  0.00000000e+00
  -5.10985730e-01  2.15482380e-01]
 [-1.92073282e+00 -6.80582170e+00  0.00000000e+00  0.00000000e+00
  -2.65157471e-01  6.55639285e-01]
 [-1.70295402e+00 -6.57914764e+00 -4.26879556e-01  0.00000000e+00
  -3.12137316e-02 -6.35146487e-02]
 [ 1.73863103e+01 -3.45465527e+00  0.00000000e+00  0.00000000e+00
  -1.71746492e-01 -1.66603057e-03]]
[03/30/2022, 01:58:14] computing sampling shap 3662:3672 within 47.5397 sec, 4.8291 on average
[03/30/2022, 01:58:14] instances left: 132
[03/30/2022, 01:58:14] estimating time left: 0:10:37.441200

[[-1.87047942 -6.81175848  0.          0.          1.0342125  -0.15326118]
 [-1.35359719 -6.77512405 -0.562027    0.         -0.4704073   0.05064859]
 [-1.80965141 -6.77344945 -0.13922438  0.         -0.41173153 -0.22954587]
 [-1.41047559 -6.68369131 -0.52787242  0.         -0.49056646 -0.18044675]
 [-1.8169622  -6.82904313 -0.14951882  0.         -0.1637391  -0.05525145]
 [-0.27741299 12.6314972  -0.24830162  0.         -0.25275231  0.78998342]
 [-0.52382747 12.93785322 -0.34288935  0.          0.03842376  0.19660247]
 [-1.56717839 -6.78356464 -0.41237859  0.          1.14511168 -0.15869858]
 [-0.55727816 12.60611588 -0.13114386  0.          1.06554685 -0.19376655]
 [-0.60924329 12.57517702  0.          0.          1.03419934 -0.12974822]]
[03/30/2022, 01:59:03] computing sampling shap 3672:3682 within 49.0451 sec, 4.8313 on average
[03/30/2022, 01:59:03] instances left: 122
[03/30/2022, 01:59:03] estimating time left: 0:09:49.418600

[[-7.02094699e-01  1.29562670e+01 -1.35326040e-01  0.00000000e+00
  -3.75243170e-01  1.89898621e-01]
 [-1.71161042e+00 -7.01504632e+00  0.00000000e+00  0.00000000e+00
   6.95546108e-01 -2.54765799e-01]
 [-2.27607068e-01  1.22705080e+01  0.00000000e+00  0.00000000e+00
  -3.30287792e-01  1.70869781e-01]
 [-1.04669844e+00 -7.26165524e+00 -2.97395959e-01  0.00000000e+00
   1.99807283e-01 -1.34967057e-01]
 [-1.54573537e+00 -6.83635169e+00 -3.39665369e-01  0.00000000e+00
   2.70388333e-01 -8.82349812e-02]
 [-1.61323500e+00 -6.74431379e+00 -3.22375904e-01  0.00000000e+00
   6.46892707e-01 -2.52844590e-01]
 [ 1.68584117e+01 -2.70364856e+00 -2.88675540e-01  0.00000000e+00
   3.42702492e-01  1.66508188e-01]
 [-1.64697564e+00 -6.94786635e+00 -1.42457458e-01  0.00000000e+00
  -1.63879479e-02 -2.46196129e-01]
 [-4.83902173e-01  1.25418593e+01  0.00000000e+00  0.00000000e+00
  -1.57211810e-01 -2.40075552e-01]
 [ 8.05262524e+00  6.13208697e+00 -1.55929473e-01  0.00000000e+00
   5.83689945e-01 -1.43440699e-01]]
[03/30/2022, 01:59:50] computing sampling shap 3682:3692 within 47.2624 sec, 4.8284 on average
[03/30/2022, 01:59:50] instances left: 112
[03/30/2022, 01:59:50] estimating time left: 0:09:00.780800

[[-3.50497981e-01  1.24516655e+01  0.00000000e+00  0.00000000e+00
  -4.49942142e-01  4.22879685e-01]
 [-1.65925610e+00 -6.52289306e+00 -6.15353871e-01  0.00000000e+00
  -2.90270325e-01 -1.17747486e-01]
 [-1.85199657e+00 -6.36970489e+00 -4.36280185e-01  0.00000000e+00
   1.00123361e+00 -1.44538837e-01]
 [-5.77436810e-01  1.26060081e+01  0.00000000e+00  0.00000000e+00
   3.08003019e-01 -8.31184665e-02]
 [-4.19288150e-01  1.25055325e+01  0.00000000e+00  0.00000000e+00
   2.70969211e-01 -1.47694337e-01]
 [-1.48854025e+00 -6.97422677e+00 -1.48896310e-01  0.00000000e+00
  -5.43747427e-01  4.49033675e-02]
 [-1.88049541e-01  1.22970962e+01 -2.01481144e-05  0.00000000e+00
  -2.07409743e-01  4.70485741e-02]
 [-1.42950187e+00 -6.54757792e+00 -7.42996556e-01  0.00000000e+00
  -4.12709655e-01 -9.96761134e-02]
 [-1.62773139e+00 -6.95956446e+00  0.00000000e+00  0.00000000e+00
   9.71056172e-01 -1.60468916e-01]
 [-1.52949076e+00 -6.96144800e+00 -1.38715284e-01  0.00000000e+00
   1.01789353e+00 -1.02633561e-01]]
[03/30/2022, 02:00:38] computing sampling shap 3692:3702 within 47.9418 sec, 4.8274 on average
[03/30/2022, 02:00:38] instances left: 102
[03/30/2022, 02:00:38] estimating time left: 0:08:12.394800

[[-3.22170657e-01  1.24279265e+01  0.00000000e+00  0.00000000e+00
   2.18504199e-01  4.98674946e-02]
 [-4.15056071e-01  1.25881602e+01 -1.36221804e-01  0.00000000e+00
   7.76367079e-02  5.45511761e-02]
 [-1.82247559e+00 -6.91391675e+00 -2.01481083e-05  0.00000000e+00
  -4.25576764e-01 -6.75656476e-02]
 [-1.89020248e+00 -6.91291475e+00  0.00000000e+00  0.00000000e+00
   3.39037036e-01 -3.25626336e-02]
 [-5.63179210e-01  1.26499132e+01  0.00000000e+00  0.00000000e+00
   3.62401966e-02  1.83188888e-01]
 [ 1.67133485e+01 -2.71255334e+00  0.00000000e+00  0.00000000e+00
  -8.06855862e-02 -7.44695724e-02]
 [-4.71850455e-01  1.25421429e+01  0.00000000e+00  0.00000000e+00
  -1.33289587e-01  3.71060070e-01]
 [-1.72658975e+00 -6.97576158e+00  0.00000000e+00  0.00000000e+00
   1.09418400e+00 -1.93119131e-01]
 [-5.51374887e-01  1.27776310e+01 -2.01481058e-05  0.00000000e+00
  -3.86806895e-01  8.96687049e-01]
 [-2.05323575e+00 -6.42419286e+00 -3.02264764e-01  0.00000000e+00
   3.02966538e-01 -2.02332418e-01]]
[03/30/2022, 02:01:31] computing sampling shap 3702:3712 within 53.426 sec, 4.841 on average
[03/30/2022, 02:01:31] instances left: 92
[03/30/2022, 02:01:31] estimating time left: 0:07:25.372000

[[-0.47719454 12.48473081  0.          0.          0.04489659 -0.06272359]
 [-0.35052281 12.45937975  0.          0.          0.55165478  0.09052487]
 [-0.80978391 13.21224402 -0.23703041  0.         -0.87050553  0.35955657]
 [ 8.07638071  5.93883859  0.          0.         -0.4203981   0.27277176]
 [-0.69554345 12.69208878  0.          0.         -0.54263946  0.72445919]
 [ 7.34296306  6.58594804  0.          0.          0.82347665 -0.19767148]
 [-0.95725249 -7.27896924 -0.43132543  0.          0.64428701 -0.2294059 ]
 [-1.74299185 -6.64009594 -0.27218412  0.          1.05771063 -0.20372578]
 [-1.78063128 -6.43264827 -0.4405788   0.         -0.58355973  0.70645701]
 [-0.56124839 12.55807963  0.          0.          0.96881708 -0.08681202]]
[03/30/2022, 02:02:18] computing sampling shap 3712:3722 within 46.4512 sec, 4.836 on average
[03/30/2022, 02:02:18] instances left: 82
[03/30/2022, 02:02:18] estimating time left: 0:06:36.552000

[[-1.77735159 -6.93589182  0.          0.         -0.47639826  0.11882121]
 [ 7.56528288  6.31188077  0.          0.          0.67583674 -0.07265773]
 [-1.47788271 -6.94011071 -0.39337105  0.         -0.77271005 -0.20131233]
 [-1.71407167 -6.88351043  0.          0.          0.96139138 -0.16509599]
 [-1.78316366 -6.78291581 -0.14096647  0.         -0.49635551 -0.22061334]
 [-1.59804268 -6.90839858 -0.14290925  0.          1.0726575  -0.2245938 ]
 [-1.38681793 -6.94330499 -0.49270021  0.          0.04276404 -0.21982472]
 [-0.20855001  6.36767168  5.93711767  0.         -1.08069837  0.55748733]
 [-0.57040456 12.66747153  0.          0.          0.59193058 -0.06445448]
 [-1.84439515 -6.84657166  0.          0.          1.04745955 -0.0204326 ]]
[03/30/2022, 02:03:06] computing sampling shap 3722:3732 within 47.9686 sec, 4.835 on average
[03/30/2022, 02:03:06] instances left: 72
[03/30/2022, 02:03:06] estimating time left: 0:05:48.120000

[[-1.48691092e+00 -6.97265376e+00 -2.97379733e-01  0.00000000e+00
  -5.01057931e-01 -2.08166865e-01]
 [-5.94192053e-01  1.28099415e+01 -1.38793089e-01  0.00000000e+00
   6.53215484e-01 -2.65905973e-01]
 [ 1.71037391e+01 -2.91867395e+00 -2.39019112e-01  0.00000000e+00
  -3.00680393e-01  4.02075997e-01]
 [-1.70315373e+00 -6.78519788e+00 -2.83332504e-01  0.00000000e+00
  -9.40299543e-01  2.91077629e-01]
 [-1.44267948e+00 -6.89736404e+00 -4.89679430e-01  0.00000000e+00
  -3.61160896e-01  4.22962454e-01]
 [-1.60337240e+00 -7.12339347e+00  0.00000000e+00  0.00000000e+00
  -4.17344097e-01 -2.94692455e-03]
 [-1.29086881e+00 -7.27013422e+00 -2.24468278e-01  0.00000000e+00
   3.51212336e-01 -2.44800722e-01]
 [-1.60117746e+00 -6.97691472e+00 -1.47239584e-01  0.00000000e+00
  -4.55739843e-01  1.14677260e-01]
 [-1.57706993e+00 -6.95464368e+00 -2.29745772e-01  0.00000000e+00
  -3.09960860e-01  4.29249410e-01]
 [-5.08483684e-01  1.27722369e+01 -1.38115493e-01  0.00000000e+00
   2.79509619e-01 -3.10197960e-02]]
[03/30/2022, 02:03:53] computing sampling shap 3732:3742 within 47.316 sec, 4.8325 on average
[03/30/2022, 02:03:53] instances left: 62
[03/30/2022, 02:03:53] estimating time left: 0:04:59.615000

[[-1.39750366 -6.88604614 -0.43810855  0.          1.11014428 -0.16519424]
 [-2.11903391 -6.63039721  0.          0.         -0.66887528 -0.22329261]
 [-1.79084672 -6.30774564 -0.60022271  0.         -0.5538209  -0.1283147 ]
 [-0.55103251 12.86954968 -0.13972292  0.         -0.49983519 -0.05633589]
 [-1.57483256 -7.14520602  0.          0.         -1.0699527  -0.21466808]
 [-0.16888866 12.2832933  -0.13575231  0.          0.73217607 -0.20066571]
 [-0.39024457 12.64983134 -0.28889476  0.          0.16298203 -0.09558644]
 [-1.74859496 -6.72106092 -0.25292381  0.         -0.47272931 -0.21538349]
 [-1.80189166 -6.6823219  -0.32279962  0.          0.77714396 -0.2227972 ]
 [-1.57781231 -6.89489002 -0.34105501  0.         -0.41534279  0.14701056]]
[03/30/2022, 02:04:41] computing sampling shap 3742:3752 within 47.8168 sec, 4.8313 on average
[03/30/2022, 02:04:41] instances left: 52
[03/30/2022, 02:04:41] estimating time left: 0:04:11.227600

[[-7.35945300e-01  1.28716803e+01 -1.36789973e-01  0.00000000e+00
   9.93070747e-01 -2.02542048e-01]
 [ 1.75540030e+01 -3.19138774e+00 -2.39292453e-01  0.00000000e+00
  -3.35142058e-01 -1.25123234e-01]
 [-4.06908829e-01  1.28200199e+01 -3.31686851e-01  0.00000000e+00
  -4.27985892e-01  1.54535612e-01]
 [-8.72511784e-01 -7.02128509e+00 -7.95287690e-01  0.00000000e+00
   1.04744802e+00 -1.59649652e-01]
 [-1.82925932e+00 -6.49209596e+00 -3.77483197e-01  0.00000000e+00
   2.61363246e-01  3.29726647e-01]
 [-1.60592883e+00 -6.76560474e+00 -3.38323630e-01  0.00000000e+00
   1.07629112e+00 -1.67720251e-01]
 [ 7.92694744e+00  6.36738903e+00 -1.56287046e-01  0.00000000e+00
  -4.13553907e-01  1.43263787e-01]
 [-1.38607940e+00 -7.39446412e+00 -2.01481121e-05  0.00000000e+00
   1.99347705e-02 -6.46961680e-02]
 [-1.57170800e+00 -6.76357628e+00 -4.44581484e-01  0.00000000e+00
   2.96858692e-02 -7.51458915e-02]
 [-1.80368622e+00 -6.70174855e+00 -1.42148442e-01  0.00000000e+00
  -9.05463592e-01  3.79616156e-01]]
[03/30/2022, 02:05:28] computing sampling shap 3752:3762 within 47.3505 sec, 4.8291 on average
[03/30/2022, 02:05:28] instances left: 42
[03/30/2022, 02:05:28] estimating time left: 0:03:22.822200

[[-4.32501222e-01  1.26940427e+01 -1.35840222e-01  0.00000000e+00
  -1.00793765e+00 -5.07882783e-02]
 [-5.27503731e-01  1.25816288e+01  0.00000000e+00  0.00000000e+00
  -3.41291750e-01  4.74009933e-01]
 [-4.33243224e-01  1.26034112e+01  0.00000000e+00  0.00000000e+00
  -1.05584313e+00 -1.23741712e-01]
 [-6.39098679e-01  1.26215281e+01  0.00000000e+00  0.00000000e+00
   1.04304263e+00 -1.95568367e-01]
 [ 7.88088970e+00  6.25884291e+00 -1.50941506e-01  0.00000000e+00
   5.89201939e-01 -1.57556658e-01]
 [-2.03815622e+00 -6.72952623e+00  0.00000000e+00  0.00000000e+00
  -1.21473984e-02 -4.41849774e-02]
 [-1.55101669e+00 -7.01187159e+00 -2.87908476e-01  0.00000000e+00
  -8.12618756e-02  2.16405074e-01]
 [-1.64499221e+00 -6.62842932e+00 -3.14732628e-01  0.00000000e+00
   9.34162195e-01 -3.16153202e-02]
 [-1.30758274e+00 -7.07489396e+00 -3.28524614e-01  0.00000000e+00
  -1.57448234e-03 -2.42546680e-01]
 [-6.66920235e-01  1.30393593e+01 -3.33117271e-01  0.00000000e+00
   9.47953126e-01 -1.16891112e-01]]
[03/30/2022, 02:06:17] computing sampling shap 3762:3772 within 48.9098 sec, 4.8305 on average
[03/30/2022, 02:06:17] instances left: 32
[03/30/2022, 02:06:17] estimating time left: 0:02:34.576000

[[-1.48224062e+00 -7.02714506e+00 -2.91928670e-01  0.00000000e+00
  -4.15595485e-01 -3.12124553e-02]
 [-1.66691762e+00 -6.88930685e+00 -1.44840396e-01  0.00000000e+00
  -7.46302324e-01  1.87726654e-01]
 [-1.72960356e+00 -7.01534616e+00  0.00000000e+00  0.00000000e+00
  -3.96372183e-01  1.73556780e-01]
 [-1.38545045e+00 -6.94382739e+00 -4.52508304e-01  0.00000000e+00
  -5.00390383e-01 -1.23152576e-01]
 [-5.36443835e-01  1.26795624e+01  0.00000000e+00  0.00000000e+00
  -1.24464869e-02  1.32604974e-02]
 [-1.53582512e+00 -7.32114119e+00  0.00000000e+00  0.00000000e+00
  -1.54537584e-01  7.61045484e-01]
 [-1.65035306e+00 -6.83362935e+00 -2.17345199e-01  0.00000000e+00
  -4.25979806e-01 -1.37503474e-01]
 [-8.22277043e-01  1.28940319e+01  0.00000000e+00  0.00000000e+00
   8.89476401e-01 -1.31327337e-01]
 [-1.25908260e+00 -6.93649559e+00 -3.66683423e-01  0.00000000e+00
   8.94075892e-01  4.24629559e-03]
 [-1.57483287e+00 -6.71199479e+00 -4.09674672e-01  0.00000000e+00
  -7.73654005e-01 -8.90059682e-02]]
[03/30/2022, 02:07:09] computing sampling shap 3772:3782 within 51.4008 sec, 4.8373 on average
[03/30/2022, 02:07:09] instances left: 22
[03/30/2022, 02:07:09] estimating time left: 0:01:46.420600

[[-9.11761334e-01 -7.79081013e+00  0.00000000e+00  0.00000000e+00
   1.07432587e+00 -1.73040153e-01]
 [-2.56010916e-01  1.23763140e+01  0.00000000e+00  0.00000000e+00
   5.90699336e-01 -1.08560325e-01]
 [-9.43922242e-01  1.31245031e+01  0.00000000e+00  0.00000000e+00
  -4.51831756e-01  1.88796326e-01]
 [ 8.53811642e+00  5.70033151e+00 -2.49165167e-01  0.00000000e+00
   7.36734155e-01 -9.49008468e-02]
 [ 1.71444990e+01 -3.12233877e+00  0.00000000e+00  0.00000000e+00
   4.99981708e-01 -1.80302344e-01]
 [-3.96100989e-01  1.26284863e+01 -1.32375763e-01  0.00000000e+00
   2.41571742e-01  3.25461710e-02]
 [-3.54787514e-01  1.23874090e+01  0.00000000e+00  0.00000000e+00
   9.53520245e-01 -1.96668365e-01]
 [-4.70446785e-01  1.25736508e+01  0.00000000e+00  0.00000000e+00
  -3.62094276e-01  3.50804990e-01]
 [-4.74435739e-01  1.24540655e+01  0.00000000e+00  0.00000000e+00
  -3.29742109e-01 -1.85011832e-01]
 [-1.74587766e+00 -6.95383854e+00  0.00000000e+00  0.00000000e+00
  -2.55713454e-02  1.42028780e-02]]
[03/30/2022, 02:07:56] computing sampling shap 3782:3792 within 46.8981 sec, 4.8341 on average
[03/30/2022, 02:07:56] instances left: 12
[03/30/2022, 02:07:56] estimating time left: 0:00:58.009200

[[ 8.72273168  5.73111611 -0.25376423  0.         -0.56874694 -0.22082699]
 [17.03716028 -2.99420188  0.          0.         -0.13915277 -0.19523129]
 [-1.84815481 -6.26880073 -0.56352651  0.         -0.51637427 -0.26807258]
 [-1.36760964 -7.44247614  0.          0.          0.70384114 -0.03180026]
 [-0.70171816 12.77719836  0.          0.         -0.38691358 -0.11670687]
 [-0.52741009 12.66985972  0.          0.         -0.48725205  0.36434939]
 [-0.67103602 13.04979964 -0.24982404  0.         -0.42696071  0.32404405]
 [-1.48768448 -6.94545784 -0.29864821  0.          0.66872835 -0.2228142 ]
 [-2.07280785 -6.69859394  0.          0.          0.09477291  0.36382086]
 [-1.46022119 -6.85525217 -0.45858214  0.         -0.78254934 -0.22878197]]
[03/30/2022, 02:08:45] computing sampling shap 3792:3802 within 49.4724 sec, 4.8366 on average
[03/30/2022, 02:08:45] instances left: 2
[03/30/2022, 02:08:45] estimating time left: 0:00:09.673200

[[-0.66433325 12.94127708 -0.13537176  0.         -0.37928014 -0.04953709]
 [-1.58444054 -7.02073194 -0.14490495  0.         -0.36147003 -0.2520555 ]
 [-1.15705938 -7.00737929 -0.44742608  0.          0.96628304 -0.06881276]
 [-1.55756345 -6.63241897 -0.58711355  0.          0.68891884 -0.19769967]
 [-1.92143114 -6.76857111  0.          0.         -0.68832778 -0.02158332]
 [-0.53371261 12.64300865  0.          0.         -0.42173698  0.17232927]
 [ 7.59018326  6.50124177  0.          0.         -0.34362345 -0.15065213]
 [-0.48480836 12.61405281  0.          0.          0.56385782 -0.22883597]
 [-0.43389213 12.60324629 -0.137515    0.         -0.75795163 -0.17527135]
 [-0.38079759 12.47176815  0.          0.          0.91213485 -0.13272087]]
[03/30/2022, 02:08:45] finish computing sampling shap for range: [8, 8] within 2273.183498 sec
