

[03/30/2022, 01:30:13] [get categorical paper data for /home/youyinnn_gmail_com/s2search/pipelining/exp-csds csds]
============== start ==============
[03/30/2022, 01:30:40] [get categorical paper data for /home/youyinnn_gmail_com/s2search/pipelining/exp-csds csds]
============== end 76068 ==============


[03/30/2022, 01:30:40] [sampling shap explainer training for /home/youyinnn_gmail_com/s2search/pipelining/exp-csds csds]
============== start ==============
[03/30/2022, 01:30:52] [sampling shap explainer training for /home/youyinnn_gmail_com/s2search/pipelining/exp-csds csds]
============== end 15213 ==============


[03/30/2022, 01:30:52] [sampling shap sv computing for /home/youyinnn_gmail_com/s2search/pipelining/exp-csds csds]
============== start ==============
instances left: 462
estimating time left: 0:37:33.405000
---- 10:40010
instances left: 452
estimating time left: 0:37:17.987600
---- 20:80020
instances left: 442
estimating time left: 0:36:17.513000
---- 30:120030
instances left: 432
estimating time left: 0:35:11.313600
---- 40:160040
instances left: 422
estimating time left: 0:34:29.530200
---- 50:200050
instances left: 412
estimating time left: 0:33:18.859200
---- 60:240060
instances left: 402
estimating time left: 0:32:27.609600
---- 70:280070
instances left: 392
estimating time left: 0:31:32.615200
---- 80:320080
instances left: 382
estimating time left: 0:30:39.100800
---- 90:360090
instances left: 372
estimating time left: 0:29:43.702800
---- 100:400100
instances left: 362
estimating time left: 0:28:56.550200
---- 110:440110
instances left: 352
estimating time left: 0:28:11.254400
---- 120:480120
instances left: 342
estimating time left: 0:27:23.275800
---- 130:520130
instances left: 332
estimating time left: 0:26:36.023600
---- 140:560140
instances left: 322
estimating time left: 0:25:52.394200
---- 150:600150
instances left: 312
estimating time left: 0:24:59.191200
---- 160:640160
instances left: 302
estimating time left: 0:24:15.307800
---- 170:680170
instances left: 292
estimating time left: 0:23:24.023600
---- 180:720180
instances left: 282
estimating time left: 0:22:33.656400
---- 190:760190
instances left: 272
estimating time left: 0:21:44.049600
---- 200:800200
instances left: 262
estimating time left: 0:21:02.342200
---- 210:840210
instances left: 252
estimating time left: 0:20:15.698400
---- 220:880220
instances left: 242
estimating time left: 0:19:29.803800
---- 230:920230
instances left: 232
estimating time left: 0:18:41.812800
---- 240:960240
instances left: 222
estimating time left: 0:17:53.525400
---- 250:1000250
instances left: 212
estimating time left: 0:17:05.020000
---- 260:1040260
instances left: 202
estimating time left: 0:16:14.751000
---- 270:1080270
instances left: 192
estimating time left: 0:15:26.073600
---- 280:1120280
instances left: 182
estimating time left: 0:14:38.677800
---- 290:1160290
instances left: 172
estimating time left: 0:13:50.949200
---- 300:1200300
instances left: 162
estimating time left: 0:13:02.443800
---- 310:1240310
instances left: 152
estimating time left: 0:12:14.084000
---- 320:1280320
instances left: 142
estimating time left: 0:11:26.058800
---- 330:1320330
instances left: 132
estimating time left: 0:10:37.441200
---- 340:1360340
instances left: 122
estimating time left: 0:09:49.418600
---- 350:1400350
instances left: 112
estimating time left: 0:09:00.780800
---- 360:1440360
instances left: 102
estimating time left: 0:08:12.394800
---- 370:1480370
instances left: 92
estimating time left: 0:07:25.372000
---- 380:1520380
instances left: 82
estimating time left: 0:06:36.552000
---- 390:1560390
instances left: 72
estimating time left: 0:05:48.120000
---- 400:1600400
instances left: 62
estimating time left: 0:04:59.615000
---- 410:1640410
instances left: 52
estimating time left: 0:04:11.227600
---- 420:1680420
instances left: 42
estimating time left: 0:03:22.822200
---- 430:1720430
instances left: 32
estimating time left: 0:02:34.576000
---- 440:1760440
instances left: 22
estimating time left: 0:01:46.420600
---- 450:1800450
instances left: 12
estimating time left: 0:00:58.009200
---- 460:1840460
instances left: 2
estimating time left: 0:00:09.673200
---- 470:1880470
[03/30/2022, 02:08:45] [sampling shap sv computing for /home/youyinnn_gmail_com/s2search/pipelining/exp-csds csds]
============== end 1880470 ==============


