
Child #[0, 1]: psutil.Process(pid=128001, name='python', status='running', started='16:05:59'), affinity [0, 1, 2, 3, 4, 5, 6, 7, 8, 9, 10, 11, 12, 13, 14, 15]
Child #[0, 1]: Set my affinity to [0, 1], affinity now [0, 1]

[03/30/2022, 12:06:02] start anchor metrics
[03/30/2022, 12:07:14] start computing anchor from index: 0 to 3843 with config: 0.9999 0.6
[03/30/2022, 12:07:26] (9 / 3843) title: 10, abstract: 10, venue: 5, authors: 1, year: 8, n_citations: 2 within (12.003413 total / 1.2003 average)
estimate time left: 1:16:41.950200
[03/30/2022, 12:07:39] (19 / 3843) title: 20, abstract: 20, venue: 10, authors: 3, year: 15, n_citations: 7 within (24.589102 total / 1.2295 average)
estimate time left: 1:18:21.608000
[03/30/2022, 12:07:56] (29 / 3843) title: 30, abstract: 30, venue: 17, authors: 5, year: 25, n_citations: 11 within (42.047258 total / 1.4016 average)
estimate time left: 1:29:05.702400
[03/30/2022, 12:08:08] (39 / 3843) title: 40, abstract: 40, venue: 21, authors: 7, year: 32, n_citations: 14 within (53.566087 total / 1.3392 average)
estimate time left: 1:24:54.316800
[03/30/2022, 12:08:17] (49 / 3843) title: 50, abstract: 49, venue: 23, authors: 7, year: 40, n_citations: 17 within (62.35272 total / 1.2471 average)
estimate time left: 1:18:51.497400
[03/30/2022, 12:08:30] (59 / 3843) title: 60, abstract: 59, venue: 28, authors: 9, year: 46, n_citations: 22 within (76.199044 total / 1.27 average)
estimate time left: 1:20:05.680000
[03/30/2022, 12:08:43] (69 / 3843) title: 70, abstract: 69, venue: 31, authors: 11, year: 51, n_citations: 29 within (89.113738 total / 1.2731 average)
estimate time left: 1:20:04.679400
[03/30/2022, 12:08:56] (79 / 3843) title: 80, abstract: 79, venue: 33, authors: 14, year: 57, n_citations: 36 within (102.061512 total / 1.2758 average)
estimate time left: 1:20:02.111200
[03/30/2022, 12:09:09] (89 / 3843) title: 90, abstract: 89, venue: 36, authors: 14, year: 64, n_citations: 40 within (114.431309 total / 1.2715 average)
estimate time left: 1:19:33.211000
[03/30/2022, 12:09:23] (99 / 3843) title: 100, abstract: 99, venue: 40, authors: 15, year: 72, n_citations: 46 within (128.406956 total / 1.2841 average)
estimate time left: 1:20:07.670400
[03/30/2022, 12:09:36] (109 / 3843) title: 109, abstract: 109, venue: 46, authors: 17, year: 79, n_citations: 51 within (142.329542 total / 1.2939 average)
estimate time left: 1:20:31.422600
[03/30/2022, 12:09:47] (119 / 3843) title: 119, abstract: 119, venue: 51, authors: 19, year: 89, n_citations: 55 within (153.043564 total / 1.2754 average)
estimate time left: 1:19:09.589600
[03/30/2022, 12:09:58] (129 / 3843) title: 129, abstract: 128, venue: 55, authors: 20, year: 97, n_citations: 60 within (163.932541 total / 1.261 average)
estimate time left: 1:18:03.354000
[03/30/2022, 12:10:09] (139 / 3843) title: 139, abstract: 137, venue: 58, authors: 21, year: 106, n_citations: 61 within (175.211028 total / 1.2515 average)
estimate time left: 1:17:15.556000
[03/30/2022, 12:10:23] (149 / 3843) title: 149, abstract: 147, venue: 61, authors: 23, year: 114, n_citations: 66 within (188.994408 total / 1.26 average)
estimate time left: 1:17:34.440000
[03/30/2022, 12:10:38] (159 / 3843) title: 159, abstract: 157, venue: 65, authors: 23, year: 124, n_citations: 70 within (204.054922 total / 1.2753 average)
estimate time left: 1:18:18.205200
[03/30/2022, 12:10:52] (169 / 3843) title: 169, abstract: 167, venue: 69, authors: 26, year: 132, n_citations: 73 within (217.817019 total / 1.2813 average)
estimate time left: 1:18:27.496200
[03/30/2022, 12:11:07] (179 / 3843) title: 179, abstract: 177, venue: 74, authors: 27, year: 142, n_citations: 77 within (232.799824 total / 1.2933 average)
estimate time left: 1:18:58.651200
[03/30/2022, 12:11:22] (189 / 3843) title: 189, abstract: 187, venue: 78, authors: 30, year: 149, n_citations: 81 within (247.412883 total / 1.3022 average)
estimate time left: 1:19:18.238800
[03/30/2022, 12:11:36] (199 / 3843) title: 199, abstract: 197, venue: 82, authors: 34, year: 156, n_citations: 86 within (261.75967 total / 1.3088 average)
estimate time left: 1:19:29.267200
[03/30/2022, 12:11:55] (209 / 3843) title: 208, abstract: 207, venue: 88, authors: 37, year: 166, n_citations: 91 within (281.155832 total / 1.3388 average)
estimate time left: 1:21:05.199200
[03/30/2022, 12:12:10] (219 / 3843) title: 218, abstract: 217, venue: 90, authors: 38, year: 174, n_citations: 95 within (295.817401 total / 1.3446 average)
estimate time left: 1:21:12.830400
[03/30/2022, 12:12:23] (229 / 3843) title: 228, abstract: 227, venue: 95, authors: 39, year: 180, n_citations: 100 within (308.696362 total / 1.3422 average)
estimate time left: 1:20:50.710800
[03/30/2022, 12:12:35] (239 / 3843) title: 238, abstract: 237, venue: 97, authors: 42, year: 188, n_citations: 104 within (320.779786 total / 1.3366 average)
estimate time left: 1:20:17.106400
[03/30/2022, 12:12:47] (249 / 3843) title: 248, abstract: 246, venue: 102, authors: 43, year: 196, n_citations: 106 within (332.757769 total / 1.331 average)
estimate time left: 1:19:43.614000
[03/30/2022, 12:12:59] (259 / 3843) title: 258, abstract: 255, venue: 106, authors: 44, year: 205, n_citations: 111 within (344.42283 total / 1.3247 average)
estimate time left: 1:19:07.724800
[03/30/2022, 12:13:10] (269 / 3843) title: 268, abstract: 265, venue: 110, authors: 46, year: 213, n_citations: 117 within (356.234529 total / 1.3194 average)
estimate time left: 1:18:35.535600
[03/30/2022, 12:13:27] (279 / 3843) title: 278, abstract: 275, venue: 115, authors: 49, year: 222, n_citations: 122 within (372.383423 total / 1.3299 average)
estimate time left: 1:18:59.763600
[03/30/2022, 12:13:43] (289 / 3843) title: 288, abstract: 284, venue: 124, authors: 51, year: 231, n_citations: 128 within (389.262068 total / 1.3423 average)
estimate time left: 1:19:30.534200
[03/30/2022, 12:13:55] (299 / 3843) title: 298, abstract: 294, venue: 128, authors: 53, year: 239, n_citations: 133 within (400.805125 total / 1.336 average)
estimate time left: 1:18:54.784000
[03/30/2022, 12:14:09] (309 / 3843) title: 308, abstract: 303, venue: 130, authors: 53, year: 247, n_citations: 138 within (414.831631 total / 1.3382 average)
estimate time left: 1:18:49.198800
[03/30/2022, 12:14:18] (319 / 3843) title: 318, abstract: 313, venue: 132, authors: 53, year: 256, n_citations: 140 within (424.235698 total / 1.3257 average)
estimate time left: 1:17:51.766800
[03/30/2022, 12:14:37] (329 / 3843) title: 327, abstract: 320, venue: 137, authors: 56, year: 263, n_citations: 146 within (442.42212 total / 1.3407 average)
estimate time left: 1:18:31.219800
[03/30/2022, 12:14:56] (339 / 3843) title: 337, abstract: 330, venue: 142, authors: 58, year: 272, n_citations: 148 within (461.835893 total / 1.3583 average)
estimate time left: 1:19:19.483200
[03/30/2022, 12:15:11] (349 / 3843) title: 346, abstract: 339, venue: 149, authors: 59, year: 282, n_citations: 150 within (476.682308 total / 1.3619 average)
estimate time left: 1:19:18.478600
[03/30/2022, 12:15:24] (359 / 3843) title: 356, abstract: 349, venue: 152, authors: 61, year: 291, n_citations: 153 within (490.199838 total / 1.3617 average)
estimate time left: 1:19:04.162800
[03/30/2022, 12:15:36] (369 / 3843) title: 366, abstract: 359, venue: 156, authors: 63, year: 299, n_citations: 158 within (501.442348 total / 1.3552 average)
estimate time left: 1:18:27.964800
[03/30/2022, 12:15:52] (379 / 3843) title: 376, abstract: 367, venue: 162, authors: 66, year: 308, n_citations: 160 within (517.463338 total / 1.3617 average)
estimate time left: 1:18:36.928800
[03/30/2022, 12:16:05] (389 / 3843) title: 385, abstract: 376, venue: 167, authors: 68, year: 317, n_citations: 166 within (530.870301 total / 1.3612 average)
estimate time left: 1:18:21.584800
[03/30/2022, 12:16:17] (399 / 3843) title: 395, abstract: 386, venue: 171, authors: 69, year: 325, n_citations: 170 within (542.402371 total / 1.356 average)
estimate time left: 1:17:50.064000
[03/30/2022, 12:16:29] (409 / 3843) title: 405, abstract: 396, venue: 178, authors: 72, year: 333, n_citations: 174 within (555.080507 total / 1.3539 average)
estimate time left: 1:17:29.292600
[03/30/2022, 12:16:41] (419 / 3843) title: 415, abstract: 406, venue: 181, authors: 73, year: 340, n_citations: 177 within (566.773268 total / 1.3495 average)
estimate time left: 1:17:00.688000
[03/30/2022, 12:16:53] (429 / 3843) title: 425, abstract: 415, venue: 185, authors: 76, year: 346, n_citations: 181 within (578.450942 total / 1.3452 average)
estimate time left: 1:16:32.512800
[03/30/2022, 12:17:08] (439 / 3843) title: 435, abstract: 424, venue: 193, authors: 79, year: 355, n_citations: 185 within (593.833797 total / 1.3496 average)
estimate time left: 1:16:34.038400
[03/30/2022, 12:17:21] (449 / 3843) title: 445, abstract: 434, venue: 198, authors: 81, year: 363, n_citations: 190 within (606.767276 total / 1.3484 average)
estimate time left: 1:16:16.469600
[03/30/2022, 12:17:33] (459 / 3843) title: 455, abstract: 444, venue: 203, authors: 83, year: 371, n_citations: 196 within (618.472689 total / 1.3445 average)
estimate time left: 1:15:49.788000
[03/30/2022, 12:17:49] (469 / 3843) title: 464, abstract: 454, venue: 208, authors: 87, year: 378, n_citations: 203 within (634.9482 total / 1.351 average)
estimate time left: 1:15:58.274000
[03/30/2022, 12:18:04] (479 / 3843) title: 474, abstract: 463, venue: 212, authors: 89, year: 386, n_citations: 208 within (649.417045 total / 1.353 average)
estimate time left: 1:15:51.492000
[03/30/2022, 12:18:19] (489 / 3843) title: 484, abstract: 472, venue: 219, authors: 93, year: 394, n_citations: 215 within (664.76237 total / 1.3567 average)
estimate time left: 1:15:50.371800
[03/30/2022, 12:18:31] (499 / 3843) title: 494, abstract: 481, venue: 220, authors: 95, year: 401, n_citations: 220 within (676.856104 total / 1.3537 average)
estimate time left: 1:15:26.772800
[03/30/2022, 12:18:39] (509 / 3843) title: 504, abstract: 491, venue: 221, authors: 95, year: 410, n_citations: 221 within (684.474275 total / 1.3421 average)
estimate time left: 1:14:34.561400
[03/30/2022, 12:18:49] (519 / 3843) title: 514, abstract: 501, venue: 223, authors: 98, year: 419, n_citations: 222 within (694.610191 total / 1.3358 average)
estimate time left: 1:14:00.199200
[03/30/2022, 12:19:05] (529 / 3843) title: 524, abstract: 511, venue: 227, authors: 100, year: 428, n_citations: 228 within (711.01588 total / 1.3415 average)
estimate time left: 1:14:05.731000
[03/30/2022, 12:19:18] (539 / 3843) title: 534, abstract: 521, venue: 230, authors: 100, year: 437, n_citations: 230 within (723.948604 total / 1.3406 average)
estimate time left: 1:13:49.342400
[03/30/2022, 12:19:30] (549 / 3843) title: 544, abstract: 531, venue: 235, authors: 103, year: 445, n_citations: 236 within (736.333189 total / 1.3388 average)
estimate time left: 1:13:30.007200
[03/30/2022, 12:19:43] (559 / 3843) title: 554, abstract: 541, venue: 241, authors: 104, year: 453, n_citations: 240 within (749.164813 total / 1.3378 average)
estimate time left: 1:13:13.335200
[03/30/2022, 12:19:55] (569 / 3843) title: 564, abstract: 551, venue: 244, authors: 106, year: 462, n_citations: 242 within (761.083793 total / 1.3352 average)
estimate time left: 1:12:51.444800
[03/30/2022, 12:20:10] (579 / 3843) title: 573, abstract: 560, venue: 247, authors: 107, year: 471, n_citations: 247 within (775.918225 total / 1.3378 average)
estimate time left: 1:12:46.579200
[03/30/2022, 12:20:24] (589 / 3843) title: 582, abstract: 570, venue: 253, authors: 110, year: 480, n_citations: 251 within (789.934184 total / 1.3389 average)
estimate time left: 1:12:36.780600
[03/30/2022, 12:20:36] (599 / 3843) title: 592, abstract: 579, venue: 257, authors: 113, year: 487, n_citations: 256 within (802.183757 total / 1.337 average)
estimate time left: 1:12:17.228000
[03/30/2022, 12:20:51] (609 / 3843) title: 602, abstract: 589, venue: 260, authors: 114, year: 494, n_citations: 261 within (816.469029 total / 1.3385 average)
estimate time left: 1:12:08.709000
[03/30/2022, 12:21:04] (619 / 3843) title: 612, abstract: 599, venue: 265, authors: 117, year: 503, n_citations: 265 within (829.867364 total / 1.3385 average)
estimate time left: 1:11:55.324000
[03/30/2022, 12:21:16] (629 / 3843) title: 622, abstract: 609, venue: 269, authors: 121, year: 512, n_citations: 267 within (842.1202 total / 1.3367 average)
estimate time left: 1:11:36.153800
[03/30/2022, 12:21:33] (639 / 3843) title: 631, abstract: 619, venue: 277, authors: 123, year: 521, n_citations: 273 within (859.073803 total / 1.3423 average)
estimate time left: 1:11:40.729200
[03/30/2022, 12:21:51] (649 / 3843) title: 640, abstract: 628, venue: 281, authors: 125, year: 531, n_citations: 277 within (877.023922 total / 1.3493 average)
estimate time left: 1:11:49.664200
[03/30/2022, 12:22:02] (659 / 3843) title: 650, abstract: 637, venue: 283, authors: 127, year: 540, n_citations: 282 within (887.669756 total / 1.345 average)
estimate time left: 1:11:22.480000
[03/30/2022, 12:22:17] (669 / 3843) title: 659, abstract: 647, venue: 285, authors: 128, year: 548, n_citations: 284 within (902.66802 total / 1.3473 average)
estimate time left: 1:11:16.330200
[03/30/2022, 12:22:31] (679 / 3843) title: 669, abstract: 656, venue: 292, authors: 131, year: 555, n_citations: 289 within (917.009842 total / 1.3485 average)
estimate time left: 1:11:06.654000
[03/30/2022, 12:22:47] (689 / 3843) title: 679, abstract: 664, venue: 294, authors: 132, year: 565, n_citations: 295 within (932.854915 total / 1.352 average)
estimate time left: 1:11:04.208000
[03/30/2022, 12:23:06] (699 / 3843) title: 687, abstract: 673, venue: 301, authors: 133, year: 573, n_citations: 302 within (951.736705 total / 1.3596 average)
estimate time left: 1:11:14.582400
[03/30/2022, 12:23:16] (709 / 3843) title: 697, abstract: 683, venue: 304, authors: 134, year: 581, n_citations: 306 within (962.295173 total / 1.3553 average)
estimate time left: 1:10:47.510200
[03/30/2022, 12:23:28] (719 / 3843) title: 707, abstract: 693, venue: 308, authors: 139, year: 588, n_citations: 313 within (974.147499 total / 1.353 average)
estimate time left: 1:10:26.772000
[03/30/2022, 12:23:42] (729 / 3843) title: 717, abstract: 703, venue: 309, authors: 140, year: 594, n_citations: 321 within (987.963799 total / 1.3534 average)
estimate time left: 1:10:14.487600
[03/30/2022, 12:23:51] (739 / 3843) title: 726, abstract: 712, venue: 314, authors: 142, year: 601, n_citations: 327 within (997.29442 total / 1.3477 average)
estimate time left: 1:09:43.260800
[03/30/2022, 12:24:05] (749 / 3843) title: 736, abstract: 722, venue: 318, authors: 144, year: 609, n_citations: 332 within (1010.846399 total / 1.3478 average)
estimate time left: 1:09:30.093200
[03/30/2022, 12:24:17] (759 / 3843) title: 746, abstract: 732, venue: 320, authors: 146, year: 617, n_citations: 336 within (1023.114775 total / 1.3462 average)
estimate time left: 1:09:11.680800
[03/30/2022, 12:24:30] (769 / 3843) title: 756, abstract: 742, venue: 324, authors: 147, year: 626, n_citations: 340 within (1035.986212 total / 1.3454 average)
estimate time left: 1:08:55.759600
[03/30/2022, 12:24:45] (779 / 3843) title: 766, abstract: 752, venue: 329, authors: 150, year: 634, n_citations: 343 within (1050.618697 total / 1.3469 average)
estimate time left: 1:08:46.901600
[03/30/2022, 12:25:00] (789 / 3843) title: 776, abstract: 761, venue: 333, authors: 151, year: 643, n_citations: 346 within (1065.455759 total / 1.3487 average)
estimate time left: 1:08:38.929800
[03/30/2022, 12:25:16] (799 / 3843) title: 785, abstract: 770, venue: 336, authors: 154, year: 652, n_citations: 353 within (1081.465788 total / 1.3518 average)
estimate time left: 1:08:34.879200
[03/30/2022, 12:25:29] (809 / 3843) title: 795, abstract: 780, venue: 341, authors: 157, year: 658, n_citations: 358 within (1094.355477 total / 1.3511 average)
estimate time left: 1:08:19.237400
[03/30/2022, 12:25:43] (819 / 3843) title: 805, abstract: 790, venue: 345, authors: 158, year: 665, n_citations: 361 within (1108.658085 total / 1.352 average)
estimate time left: 1:08:08.448000
[03/30/2022, 12:25:58] (829 / 3843) title: 815, abstract: 800, venue: 351, authors: 160, year: 672, n_citations: 368 within (1123.679066 total / 1.3538 average)
estimate time left: 1:08:00.353200
[03/30/2022, 12:26:10] (839 / 3843) title: 825, abstract: 810, venue: 355, authors: 160, year: 680, n_citations: 370 within (1135.521618 total / 1.3518 average)
estimate time left: 1:07:40.807200
[03/30/2022, 12:26:21] (849 / 3843) title: 835, abstract: 819, venue: 360, authors: 161, year: 688, n_citations: 372 within (1147.0608 total / 1.3495 average)
estimate time left: 1:07:20.403000
[03/30/2022, 12:26:39] (859 / 3843) title: 844, abstract: 828, venue: 367, authors: 164, year: 695, n_citations: 376 within (1164.64616 total / 1.3542 average)
estimate time left: 1:07:20.932800
[03/30/2022, 12:26:57] (869 / 3843) title: 854, abstract: 838, venue: 373, authors: 169, year: 703, n_citations: 383 within (1182.811832 total / 1.3596 average)
estimate time left: 1:07:23.450400
[03/30/2022, 12:27:16] (879 / 3843) title: 863, abstract: 847, venue: 378, authors: 171, year: 710, n_citations: 388 within (1202.145475 total / 1.3661 average)
estimate time left: 1:07:29.120400
[03/30/2022, 12:27:33] (889 / 3843) title: 873, abstract: 857, venue: 382, authors: 173, year: 719, n_citations: 394 within (1218.426598 total / 1.369 average)
estimate time left: 1:07:24.026000
[03/30/2022, 12:27:45] (899 / 3843) title: 883, abstract: 867, venue: 386, authors: 176, year: 724, n_citations: 400 within (1230.870147 total / 1.3676 average)
estimate time left: 1:07:06.214400
[03/30/2022, 12:27:59] (909 / 3843) title: 893, abstract: 877, venue: 390, authors: 178, year: 733, n_citations: 404 within (1245.28172 total / 1.3684 average)
estimate time left: 1:06:54.885600
[03/30/2022, 12:28:12] (919 / 3843) title: 903, abstract: 887, venue: 395, authors: 179, year: 742, n_citations: 407 within (1257.945939 total / 1.3673 average)
estimate time left: 1:06:37.985200
[03/30/2022, 12:28:25] (929 / 3843) title: 913, abstract: 897, venue: 400, authors: 181, year: 752, n_citations: 412 within (1270.727489 total / 1.3664 average)
estimate time left: 1:06:21.689600
[03/30/2022, 12:28:39] (939 / 3843) title: 923, abstract: 906, venue: 402, authors: 182, year: 758, n_citations: 416 within (1284.34849 total / 1.3663 average)
estimate time left: 1:06:07.735200
[03/30/2022, 12:28:51] (949 / 3843) title: 932, abstract: 916, venue: 404, authors: 185, year: 767, n_citations: 422 within (1296.976736 total / 1.3652 average)
estimate time left: 1:05:50.888800
[03/30/2022, 12:29:10] (959 / 3843) title: 942, abstract: 925, venue: 409, authors: 187, year: 774, n_citations: 430 within (1315.840043 total / 1.3707 average)
estimate time left: 1:05:53.098800
[03/30/2022, 12:29:22] (969 / 3843) title: 952, abstract: 934, venue: 412, authors: 188, year: 781, n_citations: 432 within (1327.491213 total / 1.3685 average)
estimate time left: 1:05:33.069000
[03/30/2022, 12:29:43] (979 / 3843) title: 962, abstract: 944, venue: 417, authors: 192, year: 791, n_citations: 436 within (1349.159981 total / 1.3767 average)
estimate time left: 1:05:42.868800
[03/30/2022, 12:29:56] (989 / 3843) title: 972, abstract: 954, venue: 422, authors: 193, year: 801, n_citations: 440 within (1362.061569 total / 1.3758 average)
estimate time left: 1:05:26.533200
[03/30/2022, 12:30:11] (999 / 3843) title: 982, abstract: 964, venue: 427, authors: 195, year: 810, n_citations: 444 within (1376.981901 total / 1.377 average)
estimate time left: 1:05:16.188000
[03/30/2022, 12:30:21] (1009 / 3843) title: 992, abstract: 974, venue: 432, authors: 195, year: 815, n_citations: 450 within (1387.10613 total / 1.3734 average)
estimate time left: 1:04:52.215600
[03/30/2022, 12:30:34] (1019 / 3843) title: 1002, abstract: 984, venue: 433, authors: 196, year: 823, n_citations: 454 within (1399.571862 total / 1.3721 average)
estimate time left: 1:04:34.810400
[03/30/2022, 12:30:46] (1029 / 3843) title: 1011, abstract: 994, venue: 436, authors: 199, year: 828, n_citations: 460 within (1411.390694 total / 1.3703 average)
estimate time left: 1:04:16.024200
[03/30/2022, 12:30:59] (1039 / 3843) title: 1021, abstract: 1004, venue: 441, authors: 200, year: 836, n_citations: 463 within (1424.617349 total / 1.3698 average)
estimate time left: 1:04:00.919200
[03/30/2022, 12:31:10] (1049 / 3843) title: 1031, abstract: 1013, venue: 443, authors: 201, year: 844, n_citations: 467 within (1435.883466 total / 1.3675 average)
estimate time left: 1:03:40.795000
[03/30/2022, 12:31:23] (1059 / 3843) title: 1041, abstract: 1023, venue: 447, authors: 202, year: 854, n_citations: 469 within (1448.349764 total / 1.3664 average)
estimate time left: 1:03:24.057600
[03/30/2022, 12:31:34] (1069 / 3843) title: 1051, abstract: 1033, venue: 450, authors: 206, year: 863, n_citations: 474 within (1459.827896 total / 1.3643 average)
estimate time left: 1:03:04.568200
[03/30/2022, 12:31:45] (1079 / 3843) title: 1061, abstract: 1042, venue: 454, authors: 206, year: 871, n_citations: 477 within (1471.318175 total / 1.3623 average)
estimate time left: 1:02:45.397200
[03/30/2022, 12:31:56] (1089 / 3843) title: 1071, abstract: 1052, venue: 457, authors: 207, year: 881, n_citations: 478 within (1481.903466 total / 1.3595 average)
estimate time left: 1:02:24.063000
[03/30/2022, 12:32:11] (1099 / 3843) title: 1081, abstract: 1062, venue: 462, authors: 209, year: 891, n_citations: 482 within (1496.843825 total / 1.3608 average)
estimate time left: 1:02:14.035200
[03/30/2022, 12:32:25] (1109 / 3843) title: 1091, abstract: 1072, venue: 465, authors: 209, year: 899, n_citations: 486 within (1510.918689 total / 1.3612 average)
estimate time left: 1:02:01.520800
[03/30/2022, 12:32:42] (1119 / 3843) title: 1101, abstract: 1082, venue: 470, authors: 213, year: 908, n_citations: 492 within (1528.306212 total / 1.3646 average)
estimate time left: 1:01:57.170400
[03/30/2022, 12:32:57] (1129 / 3843) title: 1111, abstract: 1092, venue: 477, authors: 214, year: 916, n_citations: 497 within (1542.99053 total / 1.3655 average)
estimate time left: 1:01:45.967000
[03/30/2022, 12:33:09] (1139 / 3843) title: 1121, abstract: 1102, venue: 481, authors: 216, year: 923, n_citations: 500 within (1554.752924 total / 1.3638 average)
estimate time left: 1:01:27.715200
[03/30/2022, 12:33:22] (1149 / 3843) title: 1131, abstract: 1112, venue: 487, authors: 217, year: 931, n_citations: 503 within (1568.094357 total / 1.3636 average)
estimate time left: 1:01:13.538400
[03/30/2022, 12:33:38] (1159 / 3843) title: 1141, abstract: 1122, venue: 493, authors: 219, year: 939, n_citations: 508 within (1583.552261 total / 1.3651 average)
estimate time left: 1:01:03.928400
[03/30/2022, 12:33:52] (1169 / 3843) title: 1150, abstract: 1132, venue: 497, authors: 223, year: 948, n_citations: 512 within (1597.799924 total / 1.3656 average)
estimate time left: 1:00:51.614400
[03/30/2022, 12:34:05] (1179 / 3843) title: 1160, abstract: 1142, venue: 502, authors: 226, year: 957, n_citations: 517 within (1610.378522 total / 1.3647 average)
estimate time left: 1:00:35.560800
[03/30/2022, 12:34:26] (1189 / 3843) title: 1170, abstract: 1152, venue: 507, authors: 228, year: 965, n_citations: 521 within (1631.588012 total / 1.3711 average)
estimate time left: 1:00:38.899400
[03/30/2022, 12:34:39] (1199 / 3843) title: 1180, abstract: 1161, venue: 512, authors: 229, year: 974, n_citations: 526 within (1644.600657 total / 1.3705 average)
estimate time left: 1:00:23.602000
[03/30/2022, 12:34:58] (1209 / 3843) title: 1190, abstract: 1171, venue: 516, authors: 232, year: 981, n_citations: 535 within (1663.889867 total / 1.3751 average)
estimate time left: 1:00:22.013400
[03/30/2022, 12:35:12] (1219 / 3843) title: 1200, abstract: 1181, venue: 517, authors: 234, year: 989, n_citations: 541 within (1677.715422 total / 1.3752 average)
estimate time left: 1:00:08.524800
[03/30/2022, 12:35:23] (1229 / 3843) title: 1210, abstract: 1191, venue: 519, authors: 237, year: 996, n_citations: 547 within (1688.564587 total / 1.3728 average)
estimate time left: 0:59:48.499200
[03/30/2022, 12:35:38] (1239 / 3843) title: 1220, abstract: 1201, venue: 522, authors: 238, year: 1004, n_citations: 552 within (1704.010262 total / 1.3742 average)
estimate time left: 0:59:38.416800
[03/30/2022, 12:35:53] (1249 / 3843) title: 1230, abstract: 1210, venue: 525, authors: 238, year: 1014, n_citations: 557 within (1719.095357 total / 1.3753 average)
estimate time left: 0:59:27.528200
[03/30/2022, 12:36:06] (1259 / 3843) title: 1240, abstract: 1220, venue: 529, authors: 240, year: 1022, n_citations: 561 within (1731.567372 total / 1.3743 average)
estimate time left: 0:59:11.191200
[03/30/2022, 12:36:18] (1269 / 3843) title: 1250, abstract: 1230, venue: 535, authors: 242, year: 1031, n_citations: 563 within (1743.360659 total / 1.3727 average)
estimate time left: 0:58:53.329800
[03/30/2022, 12:36:32] (1279 / 3843) title: 1260, abstract: 1240, venue: 539, authors: 242, year: 1039, n_citations: 569 within (1758.007414 total / 1.3734 average)
estimate time left: 0:58:41.397600
[03/30/2022, 12:36:44] (1289 / 3843) title: 1270, abstract: 1250, venue: 544, authors: 245, year: 1048, n_citations: 572 within (1770.041086 total / 1.3721 average)
estimate time left: 0:58:24.343400
[03/30/2022, 12:36:57] (1299 / 3843) title: 1279, abstract: 1260, venue: 547, authors: 248, year: 1057, n_citations: 576 within (1783.197856 total / 1.3717 average)
estimate time left: 0:58:09.604800
[03/30/2022, 12:37:10] (1309 / 3843) title: 1289, abstract: 1270, venue: 552, authors: 250, year: 1065, n_citations: 580 within (1795.714872 total / 1.3708 average)
estimate time left: 0:57:53.607200
[03/30/2022, 12:37:22] (1319 / 3843) title: 1299, abstract: 1280, venue: 560, authors: 253, year: 1074, n_citations: 583 within (1807.937901 total / 1.3696 average)
estimate time left: 0:57:36.870400
[03/30/2022, 12:37:35] (1329 / 3843) title: 1309, abstract: 1290, venue: 566, authors: 256, year: 1083, n_citations: 585 within (1821.024626 total / 1.3692 average)
estimate time left: 0:57:22.168800
[03/30/2022, 12:37:50] (1339 / 3843) title: 1319, abstract: 1300, venue: 569, authors: 260, year: 1091, n_citations: 590 within (1835.675954 total / 1.3699 average)
estimate time left: 0:57:10.229600
[03/30/2022, 12:38:04] (1349 / 3843) title: 1329, abstract: 1309, venue: 573, authors: 263, year: 1099, n_citations: 595 within (1849.679214 total / 1.3701 average)
estimate time left: 0:56:57.029400
[03/30/2022, 12:38:18] (1359 / 3843) title: 1338, abstract: 1319, venue: 578, authors: 264, year: 1107, n_citations: 599 within (1864.037468 total / 1.3706 average)
estimate time left: 0:56:44.570400
[03/30/2022, 12:38:33] (1369 / 3843) title: 1348, abstract: 1329, venue: 582, authors: 267, year: 1115, n_citations: 602 within (1878.895544 total / 1.3715 average)
estimate time left: 0:56:33.091000
[03/30/2022, 12:38:47] (1379 / 3843) title: 1358, abstract: 1339, venue: 586, authors: 269, year: 1123, n_citations: 608 within (1892.857123 total / 1.3716 average)
estimate time left: 0:56:19.622400
[03/30/2022, 12:38:59] (1389 / 3843) title: 1368, abstract: 1349, venue: 588, authors: 271, year: 1130, n_citations: 614 within (1905.327734 total / 1.3707 average)
estimate time left: 0:56:03.697800
[03/30/2022, 12:39:17] (1399 / 3843) title: 1378, abstract: 1359, venue: 592, authors: 276, year: 1140, n_citations: 620 within (1923.191028 total / 1.3737 average)
estimate time left: 0:55:57.322800
[03/30/2022, 12:39:31] (1409 / 3843) title: 1388, abstract: 1369, venue: 598, authors: 278, year: 1148, n_citations: 625 within (1937.202799 total / 1.3739 average)
estimate time left: 0:55:44.072600
[03/30/2022, 12:39:43] (1419 / 3843) title: 1398, abstract: 1378, venue: 601, authors: 280, year: 1157, n_citations: 629 within (1949.070614 total / 1.3726 average)
estimate time left: 0:55:27.182400
[03/30/2022, 12:39:55] (1429 / 3843) title: 1408, abstract: 1388, venue: 604, authors: 281, year: 1164, n_citations: 632 within (1960.927463 total / 1.3713 average)
estimate time left: 0:55:10.318200
[03/30/2022, 12:40:06] (1439 / 3843) title: 1417, abstract: 1397, venue: 606, authors: 282, year: 1172, n_citations: 635 within (1972.197521 total / 1.3696 average)
estimate time left: 0:54:52.518400
[03/30/2022, 12:40:19] (1449 / 3843) title: 1427, abstract: 1407, venue: 610, authors: 284, year: 1181, n_citations: 640 within (1985.020663 total / 1.369 average)
estimate time left: 0:54:37.386000
[03/30/2022, 12:40:37] (1459 / 3843) title: 1437, abstract: 1417, venue: 616, authors: 285, year: 1191, n_citations: 644 within (2002.472605 total / 1.3716 average)
estimate time left: 0:54:29.894400
[03/30/2022, 12:40:47] (1469 / 3843) title: 1447, abstract: 1427, venue: 620, authors: 286, year: 1199, n_citations: 648 within (2012.72718 total / 1.3692 average)
estimate time left: 0:54:10.480800
[03/30/2022, 12:41:02] (1479 / 3843) title: 1457, abstract: 1437, venue: 625, authors: 290, year: 1209, n_citations: 652 within (2027.419755 total / 1.3699 average)
estimate time left: 0:53:58.443600
[03/30/2022, 12:41:18] (1489 / 3843) title: 1466, abstract: 1447, venue: 629, authors: 293, year: 1215, n_citations: 660 within (2044.244309 total / 1.372 average)
estimate time left: 0:53:49.688000
[03/30/2022, 12:41:32] (1499 / 3843) title: 1476, abstract: 1455, venue: 633, authors: 293, year: 1223, n_citations: 666 within (2057.853109 total / 1.3719 average)
estimate time left: 0:53:35.733600
[03/30/2022, 12:41:56] (1509 / 3843) title: 1486, abstract: 1465, venue: 640, authors: 295, year: 1232, n_citations: 671 within (2081.852273 total / 1.3787 average)
estimate time left: 0:53:37.885800
[03/30/2022, 12:42:12] (1519 / 3843) title: 1496, abstract: 1475, venue: 643, authors: 296, year: 1238, n_citations: 677 within (2098.161073 total / 1.3804 average)
estimate time left: 0:53:28.049600
[03/30/2022, 12:42:23] (1529 / 3843) title: 1506, abstract: 1485, venue: 649, authors: 300, year: 1247, n_citations: 680 within (2108.377901 total / 1.378 average)
estimate time left: 0:53:08.692000
[03/30/2022, 12:42:37] (1539 / 3843) title: 1516, abstract: 1494, venue: 655, authors: 302, year: 1256, n_citations: 685 within (2122.76056 total / 1.3784 average)
estimate time left: 0:52:55.833600
[03/30/2022, 12:42:50] (1549 / 3843) title: 1526, abstract: 1504, venue: 663, authors: 304, year: 1265, n_citations: 690 within (2135.946115 total / 1.378 average)
estimate time left: 0:52:41.132000
[03/30/2022, 12:43:00] (1559 / 3843) title: 1536, abstract: 1514, venue: 666, authors: 306, year: 1272, n_citations: 695 within (2145.867577 total / 1.3756 average)
estimate time left: 0:52:21.870400
[03/30/2022, 12:43:14] (1569 / 3843) title: 1546, abstract: 1524, venue: 669, authors: 308, year: 1278, n_citations: 701 within (2159.586971 total / 1.3755 average)
estimate time left: 0:52:07.887000
[03/30/2022, 12:43:26] (1579 / 3843) title: 1556, abstract: 1534, venue: 671, authors: 309, year: 1286, n_citations: 708 within (2172.222099 total / 1.3748 average)
estimate time left: 0:51:52.547200
[03/30/2022, 12:43:38] (1589 / 3843) title: 1566, abstract: 1544, venue: 675, authors: 310, year: 1295, n_citations: 710 within (2184.283141 total / 1.3738 average)
estimate time left: 0:51:36.545200
[03/30/2022, 12:43:53] (1599 / 3843) title: 1576, abstract: 1554, venue: 678, authors: 314, year: 1302, n_citations: 716 within (2198.349324 total / 1.374 average)
estimate time left: 0:51:23.256000
[03/30/2022, 12:44:07] (1609 / 3843) title: 1586, abstract: 1564, venue: 684, authors: 318, year: 1311, n_citations: 719 within (2212.597039 total / 1.3743 average)
estimate time left: 0:51:10.186200
[03/30/2022, 12:44:21] (1619 / 3843) title: 1596, abstract: 1574, venue: 687, authors: 319, year: 1320, n_citations: 725 within (2227.029106 total / 1.3747 average)
estimate time left: 0:50:57.332800
[03/30/2022, 12:44:34] (1629 / 3843) title: 1606, abstract: 1584, venue: 693, authors: 320, year: 1329, n_citations: 729 within (2239.401059 total / 1.3739 average)
estimate time left: 0:50:41.814600
[03/30/2022, 12:44:46] (1639 / 3843) title: 1615, abstract: 1594, venue: 697, authors: 322, year: 1334, n_citations: 734 within (2251.689536 total / 1.373 average)
estimate time left: 0:50:26.092000
[03/30/2022, 12:44:58] (1649 / 3843) title: 1625, abstract: 1604, venue: 701, authors: 324, year: 1341, n_citations: 740 within (2263.857449 total / 1.372 average)
estimate time left: 0:50:10.168000
[03/30/2022, 12:45:12] (1659 / 3843) title: 1633, abstract: 1614, venue: 706, authors: 325, year: 1346, n_citations: 746 within (2277.8005 total / 1.3722 average)
estimate time left: 0:49:56.884800
[03/30/2022, 12:45:25] (1669 / 3843) title: 1643, abstract: 1624, venue: 711, authors: 327, year: 1356, n_citations: 749 within (2290.342361 total / 1.3715 average)
estimate time left: 0:49:41.641000
[03/30/2022, 12:45:37] (1679 / 3843) title: 1652, abstract: 1634, venue: 713, authors: 327, year: 1364, n_citations: 753 within (2302.389225 total / 1.3705 average)
estimate time left: 0:49:25.762000
[03/30/2022, 12:45:50] (1689 / 3843) title: 1662, abstract: 1644, venue: 716, authors: 328, year: 1374, n_citations: 753 within (2315.422448 total / 1.3701 average)
estimate time left: 0:49:11.195400
[03/30/2022, 12:46:02] (1699 / 3843) title: 1672, abstract: 1654, venue: 721, authors: 330, year: 1380, n_citations: 758 within (2327.508479 total / 1.3691 average)
estimate time left: 0:48:55.350400
[03/30/2022, 12:46:14] (1709 / 3843) title: 1682, abstract: 1664, venue: 726, authors: 333, year: 1389, n_citations: 760 within (2339.864255 total / 1.3683 average)
estimate time left: 0:48:39.952200
[03/30/2022, 12:46:28] (1719 / 3843) title: 1692, abstract: 1674, venue: 729, authors: 336, year: 1399, n_citations: 763 within (2354.32888 total / 1.3688 average)
estimate time left: 0:48:27.331200
[03/30/2022, 12:46:44] (1729 / 3843) title: 1702, abstract: 1684, venue: 735, authors: 338, year: 1409, n_citations: 765 within (2369.575407 total / 1.3697 average)
estimate time left: 0:48:15.545800
[03/30/2022, 12:47:04] (1739 / 3843) title: 1712, abstract: 1694, venue: 739, authors: 340, year: 1418, n_citations: 768 within (2389.655395 total / 1.3734 average)
estimate time left: 0:48:09.633600
[03/30/2022, 12:47:17] (1749 / 3843) title: 1722, abstract: 1704, venue: 744, authors: 343, year: 1428, n_citations: 771 within (2402.404054 total / 1.3728 average)
estimate time left: 0:47:54.643200
[03/30/2022, 12:47:33] (1759 / 3843) title: 1732, abstract: 1714, venue: 747, authors: 343, year: 1436, n_citations: 776 within (2418.75646 total / 1.3743 average)
estimate time left: 0:47:44.041200
[03/30/2022, 12:47:50] (1769 / 3843) title: 1742, abstract: 1724, venue: 751, authors: 346, year: 1444, n_citations: 782 within (2436.003338 total / 1.3763 average)
estimate time left: 0:47:34.446200
[03/30/2022, 12:48:06] (1779 / 3843) title: 1751, abstract: 1734, venue: 754, authors: 346, year: 1450, n_citations: 787 within (2452.158714 total / 1.3776 average)
estimate time left: 0:47:23.366400
[03/30/2022, 12:48:24] (1789 / 3843) title: 1760, abstract: 1744, venue: 758, authors: 348, year: 1457, n_citations: 792 within (2469.523154 total / 1.3796 average)
estimate time left: 0:47:13.698400
[03/30/2022, 12:48:40] (1799 / 3843) title: 1770, abstract: 1754, venue: 764, authors: 350, year: 1466, n_citations: 796 within (2485.565603 total / 1.3809 average)
estimate time left: 0:47:02.559600
[03/30/2022, 12:48:51] (1809 / 3843) title: 1780, abstract: 1763, venue: 768, authors: 352, year: 1474, n_citations: 802 within (2496.516011 total / 1.3793 average)
estimate time left: 0:46:45.496200
[03/30/2022, 12:49:09] (1819 / 3843) title: 1790, abstract: 1772, venue: 772, authors: 354, year: 1481, n_citations: 808 within (2515.251315 total / 1.382 average)
estimate time left: 0:46:37.168000
[03/30/2022, 12:49:22] (1829 / 3843) title: 1800, abstract: 1782, venue: 777, authors: 355, year: 1489, n_citations: 813 within (2527.428888 total / 1.3811 average)
estimate time left: 0:46:21.535400
[03/30/2022, 12:49:32] (1839 / 3843) title: 1810, abstract: 1792, venue: 780, authors: 355, year: 1497, n_citations: 816 within (2538.186221 total / 1.3794 average)
estimate time left: 0:46:04.317600
[03/30/2022, 12:49:51] (1849 / 3843) title: 1818, abstract: 1802, venue: 787, authors: 358, year: 1505, n_citations: 822 within (2556.751607 total / 1.382 average)
estimate time left: 0:45:55.708000
[03/30/2022, 12:50:08] (1859 / 3843) title: 1828, abstract: 1812, venue: 791, authors: 360, year: 1515, n_citations: 826 within (2574.065692 total / 1.3839 average)
estimate time left: 0:45:45.657600
[03/30/2022, 12:50:21] (1869 / 3843) title: 1838, abstract: 1822, venue: 797, authors: 362, year: 1524, n_citations: 828 within (2586.844583 total / 1.3833 average)
estimate time left: 0:45:30.634200
[03/30/2022, 12:50:40] (1879 / 3843) title: 1847, abstract: 1831, venue: 803, authors: 362, year: 1532, n_citations: 835 within (2605.97837 total / 1.3862 average)
estimate time left: 0:45:22.496800
[03/30/2022, 12:50:55] (1889 / 3843) title: 1857, abstract: 1839, venue: 806, authors: 362, year: 1541, n_citations: 837 within (2620.774537 total / 1.3867 average)
estimate time left: 0:45:09.611800
[03/30/2022, 12:51:10] (1899 / 3843) title: 1867, abstract: 1849, venue: 811, authors: 362, year: 1550, n_citations: 840 within (2635.394175 total / 1.387 average)
estimate time left: 0:44:56.328000
[03/30/2022, 12:51:21] (1909 / 3843) title: 1877, abstract: 1859, venue: 814, authors: 363, year: 1560, n_citations: 842 within (2646.860186 total / 1.3858 average)
estimate time left: 0:44:40.137200
[03/30/2022, 12:51:34] (1919 / 3843) title: 1887, abstract: 1869, venue: 819, authors: 367, year: 1568, n_citations: 847 within (2659.616616 total / 1.3852 average)
estimate time left: 0:44:25.124800
[03/30/2022, 12:51:47] (1929 / 3843) title: 1897, abstract: 1878, venue: 825, authors: 369, year: 1576, n_citations: 853 within (2672.845324 total / 1.3849 average)
estimate time left: 0:44:10.698600
[03/30/2022, 12:51:59] (1939 / 3843) title: 1907, abstract: 1888, venue: 828, authors: 369, year: 1583, n_citations: 856 within (2684.505582 total / 1.3838 average)
estimate time left: 0:43:54.755200
[03/30/2022, 12:52:13] (1949 / 3843) title: 1917, abstract: 1897, venue: 832, authors: 369, year: 1591, n_citations: 861 within (2698.602827 total / 1.3839 average)
estimate time left: 0:43:41.106600
[03/30/2022, 12:52:31] (1959 / 3843) title: 1927, abstract: 1907, venue: 836, authors: 373, year: 1600, n_citations: 865 within (2716.775817 total / 1.3861 average)
estimate time left: 0:43:31.412400
[03/30/2022, 12:52:45] (1969 / 3843) title: 1937, abstract: 1917, venue: 840, authors: 377, year: 1607, n_citations: 872 within (2730.941056 total / 1.3863 average)
estimate time left: 0:43:17.926200
[03/30/2022, 12:53:01] (1979 / 3843) title: 1947, abstract: 1927, venue: 845, authors: 381, year: 1615, n_citations: 881 within (2746.363095 total / 1.3871 average)
estimate time left: 0:43:05.554400
[03/30/2022, 12:53:11] (1989 / 3843) title: 1957, abstract: 1937, venue: 850, authors: 383, year: 1623, n_citations: 885 within (2756.362391 total / 1.3851 average)
estimate time left: 0:42:47.975400
[03/30/2022, 12:53:24] (1999 / 3843) title: 1967, abstract: 1947, venue: 855, authors: 385, year: 1632, n_citations: 886 within (2769.918012 total / 1.385 average)
estimate time left: 0:42:33.940000
[03/30/2022, 12:53:40] (2009 / 3843) title: 1977, abstract: 1957, venue: 858, authors: 386, year: 1639, n_citations: 893 within (2785.774518 total / 1.386 average)
estimate time left: 0:42:21.924000
[03/30/2022, 12:53:54] (2019 / 3843) title: 1987, abstract: 1967, venue: 863, authors: 388, year: 1648, n_citations: 898 within (2799.731419 total / 1.386 average)
estimate time left: 0:42:08.064000
[03/30/2022, 12:54:13] (2029 / 3843) title: 1997, abstract: 1977, venue: 867, authors: 390, year: 1657, n_citations: 905 within (2818.42298 total / 1.3884 average)
estimate time left: 0:41:58.557600
[03/30/2022, 12:54:21] (2039 / 3843) title: 2007, abstract: 1987, venue: 870, authors: 391, year: 1663, n_citations: 911 within (2826.448776 total / 1.3855 average)
estimate time left: 0:41:39.442000
[03/30/2022, 12:54:32] (2049 / 3843) title: 2017, abstract: 1997, venue: 874, authors: 392, year: 1671, n_citations: 917 within (2837.871768 total / 1.3843 average)
estimate time left: 0:41:23.434200
[03/30/2022, 12:54:46] (2059 / 3843) title: 2027, abstract: 2007, venue: 879, authors: 393, year: 1678, n_citations: 921 within (2852.234783 total / 1.3846 average)
estimate time left: 0:41:10.126400
[03/30/2022, 12:55:00] (2069 / 3843) title: 2036, abstract: 2017, venue: 883, authors: 397, year: 1686, n_citations: 923 within (2866.1034 total / 1.3846 average)
estimate time left: 0:40:56.280400
[03/30/2022, 12:55:16] (2079 / 3843) title: 2046, abstract: 2026, venue: 886, authors: 399, year: 1696, n_citations: 927 within (2882.323976 total / 1.3857 average)
estimate time left: 0:40:44.374800
[03/30/2022, 12:55:29] (2089 / 3843) title: 2056, abstract: 2036, venue: 891, authors: 399, year: 1706, n_citations: 930 within (2895.004642 total / 1.3852 average)
estimate time left: 0:40:29.640800
[03/30/2022, 12:55:41] (2099 / 3843) title: 2066, abstract: 2046, venue: 894, authors: 402, year: 1713, n_citations: 935 within (2906.660533 total / 1.3841 average)
estimate time left: 0:40:13.870400
[03/30/2022, 12:55:52] (2109 / 3843) title: 2076, abstract: 2056, venue: 899, authors: 403, year: 1723, n_citations: 936 within (2917.822313 total / 1.3829 average)
estimate time left: 0:39:57.948600
[03/30/2022, 12:56:03] (2119 / 3843) title: 2085, abstract: 2066, venue: 901, authors: 404, year: 1731, n_citations: 940 within (2929.122172 total / 1.3817 average)
estimate time left: 0:39:42.050800
[03/30/2022, 12:56:18] (2129 / 3843) title: 2095, abstract: 2076, venue: 906, authors: 407, year: 1740, n_citations: 946 within (2944.141459 total / 1.3822 average)
estimate time left: 0:39:29.090800
[03/30/2022, 12:56:38] (2139 / 3843) title: 2105, abstract: 2086, venue: 910, authors: 409, year: 1749, n_citations: 953 within (2963.444646 total / 1.3848 average)
estimate time left: 0:39:19.699200
[03/30/2022, 12:56:56] (2149 / 3843) title: 2115, abstract: 2096, venue: 913, authors: 411, year: 1758, n_citations: 956 within (2981.773758 total / 1.3869 average)
estimate time left: 0:39:09.408600
[03/30/2022, 12:57:07] (2159 / 3843) title: 2125, abstract: 2105, venue: 916, authors: 414, year: 1766, n_citations: 958 within (2993.090249 total / 1.3857 average)
estimate time left: 0:38:53.518800
[03/30/2022, 12:57:22] (2169 / 3843) title: 2134, abstract: 2115, venue: 919, authors: 417, year: 1771, n_citations: 963 within (3008.079639 total / 1.3862 average)
estimate time left: 0:38:40.498800
[03/30/2022, 12:57:38] (2179 / 3843) title: 2143, abstract: 2124, venue: 924, authors: 418, year: 1781, n_citations: 964 within (3023.977645 total / 1.3871 average)
estimate time left: 0:38:28.134400
[03/30/2022, 12:57:50] (2189 / 3843) title: 2153, abstract: 2134, venue: 930, authors: 420, year: 1791, n_citations: 967 within (3035.513767 total / 1.3861 average)
estimate time left: 0:38:12.609400
[03/30/2022, 12:58:01] (2199 / 3843) title: 2163, abstract: 2143, venue: 933, authors: 421, year: 1798, n_citations: 973 within (3046.526355 total / 1.3848 average)
estimate time left: 0:37:56.611200
[03/30/2022, 12:58:15] (2209 / 3843) title: 2173, abstract: 2152, venue: 938, authors: 422, year: 1804, n_citations: 979 within (3060.863789 total / 1.385 average)
estimate time left: 0:37:43.090000
[03/30/2022, 12:58:30] (2219 / 3843) title: 2183, abstract: 2162, venue: 943, authors: 426, year: 1812, n_citations: 983 within (3075.884612 total / 1.3855 average)
estimate time left: 0:37:30.052000
[03/30/2022, 12:58:42] (2229 / 3843) title: 2193, abstract: 2172, venue: 949, authors: 427, year: 1820, n_citations: 988 within (3088.315935 total / 1.3849 average)
estimate time left: 0:37:15.228600
[03/30/2022, 12:58:57] (2239 / 3843) title: 2202, abstract: 2182, venue: 954, authors: 432, year: 1829, n_citations: 994 within (3102.697573 total / 1.3851 average)
estimate time left: 0:37:01.700400
[03/30/2022, 12:59:08] (2249 / 3843) title: 2212, abstract: 2192, venue: 960, authors: 433, year: 1835, n_citations: 1000 within (3113.738959 total / 1.3839 average)
estimate time left: 0:36:45.936600
[03/30/2022, 12:59:25] (2259 / 3843) title: 2221, abstract: 2202, venue: 963, authors: 435, year: 1845, n_citations: 1003 within (3130.526961 total / 1.3852 average)
estimate time left: 0:36:34.156800
[03/30/2022, 12:59:39] (2269 / 3843) title: 2231, abstract: 2212, venue: 968, authors: 437, year: 1853, n_citations: 1006 within (3144.589493 total / 1.3853 average)
estimate time left: 0:36:20.462200
[03/30/2022, 12:59:55] (2279 / 3843) title: 2241, abstract: 2222, venue: 969, authors: 440, year: 1860, n_citations: 1013 within (3160.455958 total / 1.3862 average)
estimate time left: 0:36:08.016800
[03/30/2022, 13:00:07] (2289 / 3843) title: 2251, abstract: 2232, venue: 975, authors: 440, year: 1870, n_citations: 1018 within (3172.808823 total / 1.3855 average)
estimate time left: 0:35:53.067000
[03/30/2022, 13:00:21] (2299 / 3843) title: 2261, abstract: 2242, venue: 981, authors: 441, year: 1878, n_citations: 1022 within (3186.589327 total / 1.3855 average)
estimate time left: 0:35:39.212000
[03/30/2022, 13:00:35] (2309 / 3843) title: 2271, abstract: 2252, venue: 984, authors: 442, year: 1887, n_citations: 1023 within (3200.357079 total / 1.3854 average)
estimate time left: 0:35:25.203600
[03/30/2022, 13:00:50] (2319 / 3843) title: 2281, abstract: 2262, venue: 989, authors: 443, year: 1896, n_citations: 1029 within (3215.347304 total / 1.3859 average)
estimate time left: 0:35:12.111600
[03/30/2022, 13:01:01] (2329 / 3843) title: 2291, abstract: 2272, venue: 993, authors: 445, year: 1904, n_citations: 1032 within (3226.835248 total / 1.3849 average)
estimate time left: 0:34:56.738600
[03/30/2022, 13:01:14] (2339 / 3843) title: 2301, abstract: 2282, venue: 995, authors: 447, year: 1911, n_citations: 1037 within (3239.474182 total / 1.3844 average)
estimate time left: 0:34:42.137600
[03/30/2022, 13:01:26] (2349 / 3843) title: 2311, abstract: 2292, venue: 998, authors: 448, year: 1919, n_citations: 1039 within (3252.228131 total / 1.3839 average)
estimate time left: 0:34:27.546600
[03/30/2022, 13:01:44] (2359 / 3843) title: 2320, abstract: 2302, venue: 1002, authors: 449, year: 1927, n_citations: 1043 within (3269.8297 total / 1.3855 average)
estimate time left: 0:34:16.082000
[03/30/2022, 13:01:56] (2369 / 3843) title: 2330, abstract: 2312, venue: 1003, authors: 451, year: 1935, n_citations: 1048 within (3281.397466 total / 1.3846 average)
estimate time left: 0:34:00.900400
[03/30/2022, 13:02:08] (2379 / 3843) title: 2340, abstract: 2322, venue: 1006, authors: 453, year: 1944, n_citations: 1052 within (3293.892481 total / 1.384 average)
estimate time left: 0:33:46.176000
[03/30/2022, 13:02:17] (2389 / 3843) title: 2350, abstract: 2331, venue: 1010, authors: 453, year: 1952, n_citations: 1056 within (3303.229956 total / 1.3821 average)
estimate time left: 0:33:29.573400
[03/30/2022, 13:02:29] (2399 / 3843) title: 2360, abstract: 2341, venue: 1012, authors: 454, year: 1960, n_citations: 1057 within (3314.653434 total / 1.3811 average)
estimate time left: 0:33:14.308400
[03/30/2022, 13:02:42] (2409 / 3843) title: 2370, abstract: 2350, venue: 1016, authors: 456, year: 1966, n_citations: 1061 within (3327.345522 total / 1.3806 average)
estimate time left: 0:32:59.780400
[03/30/2022, 13:02:56] (2419 / 3843) title: 2380, abstract: 2359, venue: 1020, authors: 457, year: 1972, n_citations: 1067 within (3341.590453 total / 1.3808 average)
estimate time left: 0:32:46.259200
[03/30/2022, 13:03:13] (2429 / 3843) title: 2389, abstract: 2369, venue: 1022, authors: 460, year: 1979, n_citations: 1073 within (3358.620035 total / 1.3821 average)
estimate time left: 0:32:34.289400
[03/30/2022, 13:03:29] (2439 / 3843) title: 2398, abstract: 2378, venue: 1028, authors: 463, year: 1985, n_citations: 1076 within (3375.085849 total / 1.3832 average)
estimate time left: 0:32:22.012800
[03/30/2022, 13:03:38] (2449 / 3843) title: 2408, abstract: 2387, venue: 1031, authors: 464, year: 1993, n_citations: 1079 within (3383.976239 total / 1.3812 average)
estimate time left: 0:32:05.392800
[03/30/2022, 13:03:51] (2459 / 3843) title: 2418, abstract: 2396, venue: 1035, authors: 466, year: 2002, n_citations: 1084 within (3397.069373 total / 1.3809 average)
estimate time left: 0:31:51.165600
[03/30/2022, 13:04:06] (2469 / 3843) title: 2428, abstract: 2406, venue: 1041, authors: 468, year: 2011, n_citations: 1086 within (3412.089653 total / 1.3814 average)
estimate time left: 0:31:38.043600
[03/30/2022, 13:04:23] (2479 / 3843) title: 2436, abstract: 2416, venue: 1047, authors: 473, year: 2020, n_citations: 1089 within (3429.019913 total / 1.3827 average)
estimate time left: 0:31:26.002800
[03/30/2022, 13:04:37] (2489 / 3843) title: 2446, abstract: 2426, venue: 1053, authors: 476, year: 2027, n_citations: 1094 within (3442.773834 total / 1.3826 average)
estimate time left: 0:31:12.040400
[03/30/2022, 13:04:47] (2499 / 3843) title: 2456, abstract: 2436, venue: 1057, authors: 478, year: 2033, n_citations: 1098 within (3453.236841 total / 1.3813 average)
estimate time left: 0:30:56.467200
[03/30/2022, 13:05:02] (2509 / 3843) title: 2466, abstract: 2445, venue: 1064, authors: 478, year: 2043, n_citations: 1102 within (3467.357781 total / 1.3814 average)
estimate time left: 0:30:42.787600
[03/30/2022, 13:05:16] (2519 / 3843) title: 2476, abstract: 2455, venue: 1068, authors: 480, year: 2051, n_citations: 1107 within (3481.9921 total / 1.3817 average)
estimate time left: 0:30:29.370800
[03/30/2022, 13:05:32] (2529 / 3843) title: 2486, abstract: 2465, venue: 1073, authors: 482, year: 2060, n_citations: 1111 within (3498.225538 total / 1.3827 average)
estimate time left: 0:30:16.867800
[03/30/2022, 13:05:46] (2539 / 3843) title: 2496, abstract: 2475, venue: 1077, authors: 484, year: 2070, n_citations: 1113 within (3511.773559 total / 1.3826 average)
estimate time left: 0:30:02.910400
[03/30/2022, 13:06:00] (2549 / 3843) title: 2506, abstract: 2484, venue: 1081, authors: 486, year: 2078, n_citations: 1118 within (3526.322255 total / 1.3829 average)
estimate time left: 0:29:49.472600
[03/30/2022, 13:06:14] (2559 / 3843) title: 2515, abstract: 2494, venue: 1087, authors: 488, year: 2088, n_citations: 1121 within (3539.456094 total / 1.3826 average)
estimate time left: 0:29:35.258400
[03/30/2022, 13:06:24] (2569 / 3843) title: 2525, abstract: 2503, venue: 1089, authors: 488, year: 2098, n_citations: 1121 within (3550.204963 total / 1.3814 average)
estimate time left: 0:29:19.903600
[03/30/2022, 13:06:36] (2579 / 3843) title: 2534, abstract: 2513, venue: 1092, authors: 489, year: 2107, n_citations: 1127 within (3561.516773 total / 1.3804 average)
estimate time left: 0:29:04.825600
[03/30/2022, 13:06:45] (2589 / 3843) title: 2544, abstract: 2523, venue: 1097, authors: 489, year: 2115, n_citations: 1129 within (3570.914647 total / 1.3787 average)
estimate time left: 0:28:48.889800
[03/30/2022, 13:07:01] (2599 / 3843) title: 2554, abstract: 2533, venue: 1104, authors: 493, year: 2123, n_citations: 1134 within (3586.78719 total / 1.3795 average)
estimate time left: 0:28:36.098000
[03/30/2022, 13:07:12] (2609 / 3843) title: 2564, abstract: 2543, venue: 1110, authors: 495, year: 2132, n_citations: 1139 within (3598.327965 total / 1.3787 average)
estimate time left: 0:28:21.315800
[03/30/2022, 13:07:22] (2619 / 3843) title: 2574, abstract: 2552, venue: 1110, authors: 496, year: 2139, n_citations: 1142 within (3608.298358 total / 1.3772 average)
estimate time left: 0:28:05.692800
[03/30/2022, 13:07:37] (2629 / 3843) title: 2583, abstract: 2562, venue: 1113, authors: 499, year: 2148, n_citations: 1146 within (3622.550962 total / 1.3774 average)
estimate time left: 0:27:52.163600
[03/30/2022, 13:07:50] (2639 / 3843) title: 2593, abstract: 2572, venue: 1117, authors: 501, year: 2156, n_citations: 1149 within (3635.518775 total / 1.3771 average)
estimate time left: 0:27:38.028400
[03/30/2022, 13:08:06] (2649 / 3843) title: 2602, abstract: 2582, venue: 1119, authors: 503, year: 2162, n_citations: 1154 within (3651.743014 total / 1.378 average)
estimate time left: 0:27:25.332000
[03/30/2022, 13:08:24] (2659 / 3843) title: 2611, abstract: 2591, venue: 1123, authors: 507, year: 2171, n_citations: 1160 within (3669.556301 total / 1.3795 average)
estimate time left: 0:27:13.328000
[03/30/2022, 13:08:39] (2669 / 3843) title: 2621, abstract: 2601, venue: 1130, authors: 509, year: 2180, n_citations: 1163 within (3684.645706 total / 1.38 average)
estimate time left: 0:27:00.120000
[03/30/2022, 13:08:55] (2679 / 3843) title: 2631, abstract: 2611, venue: 1137, authors: 510, year: 2185, n_citations: 1171 within (3701.192413 total / 1.381 average)
estimate time left: 0:26:47.484000
[03/30/2022, 13:09:09] (2689 / 3843) title: 2641, abstract: 2621, venue: 1142, authors: 511, year: 2194, n_citations: 1175 within (3714.721356 total / 1.3809 average)
estimate time left: 0:26:33.558600
[03/30/2022, 13:09:18] (2699 / 3843) title: 2651, abstract: 2631, venue: 1146, authors: 513, year: 2203, n_citations: 1179 within (3723.973229 total / 1.3792 average)
estimate time left: 0:26:17.804800
[03/30/2022, 13:09:33] (2709 / 3843) title: 2660, abstract: 2641, venue: 1151, authors: 515, year: 2210, n_citations: 1186 within (3738.701903 total / 1.3796 average)
estimate time left: 0:26:04.466400
[03/30/2022, 13:09:45] (2719 / 3843) title: 2670, abstract: 2651, venue: 1155, authors: 517, year: 2218, n_citations: 1191 within (3750.422881 total / 1.3788 average)
estimate time left: 0:25:49.771200
[03/30/2022, 13:09:56] (2729 / 3843) title: 2680, abstract: 2661, venue: 1158, authors: 518, year: 2226, n_citations: 1196 within (3761.852014 total / 1.378 average)
estimate time left: 0:25:35.092000
[03/30/2022, 13:10:10] (2739 / 3843) title: 2690, abstract: 2669, venue: 1162, authors: 519, year: 2234, n_citations: 1201 within (3776.159685 total / 1.3782 average)
estimate time left: 0:25:21.532800
[03/30/2022, 13:10:27] (2749 / 3843) title: 2700, abstract: 2679, venue: 1168, authors: 521, year: 2241, n_citations: 1209 within (3792.999809 total / 1.3793 average)
estimate time left: 0:25:08.954200
[03/30/2022, 13:10:39] (2759 / 3843) title: 2709, abstract: 2689, venue: 1171, authors: 524, year: 2251, n_citations: 1213 within (3804.983133 total / 1.3786 average)
estimate time left: 0:24:54.402400
[03/30/2022, 13:10:56] (2769 / 3843) title: 2719, abstract: 2699, venue: 1176, authors: 527, year: 2260, n_citations: 1219 within (3821.818641 total / 1.3797 average)
estimate time left: 0:24:41.797800
[03/30/2022, 13:11:16] (2779 / 3843) title: 2729, abstract: 2709, venue: 1179, authors: 529, year: 2267, n_citations: 1223 within (3841.877183 total / 1.382 average)
estimate time left: 0:24:30.448000
[03/30/2022, 13:11:30] (2789 / 3843) title: 2739, abstract: 2719, venue: 1184, authors: 534, year: 2272, n_citations: 1230 within (3855.401338 total / 1.3819 average)
estimate time left: 0:24:16.522600
[03/30/2022, 13:11:41] (2799 / 3843) title: 2749, abstract: 2729, venue: 1191, authors: 537, year: 2282, n_citations: 1233 within (3866.938447 total / 1.381 average)
estimate time left: 0:24:01.764000
[03/30/2022, 13:11:54] (2809 / 3843) title: 2759, abstract: 2739, venue: 1193, authors: 540, year: 2291, n_citations: 1235 within (3879.719525 total / 1.3807 average)
estimate time left: 0:23:47.643800
[03/30/2022, 13:12:05] (2819 / 3843) title: 2769, abstract: 2749, venue: 1197, authors: 541, year: 2299, n_citations: 1241 within (3891.326675 total / 1.3799 average)
estimate time left: 0:23:33.017600
[03/30/2022, 13:12:18] (2829 / 3843) title: 2779, abstract: 2759, venue: 1198, authors: 542, year: 2307, n_citations: 1245 within (3903.440391 total / 1.3793 average)
estimate time left: 0:23:18.610200
[03/30/2022, 13:12:31] (2839 / 3843) title: 2789, abstract: 2768, venue: 1202, authors: 545, year: 2313, n_citations: 1250 within (3916.456938 total / 1.379 average)
estimate time left: 0:23:04.516000
[03/30/2022, 13:12:47] (2849 / 3843) title: 2799, abstract: 2778, venue: 1207, authors: 548, year: 2321, n_citations: 1255 within (3932.784913 total / 1.3799 average)
estimate time left: 0:22:51.620600
[03/30/2022, 13:12:59] (2859 / 3843) title: 2809, abstract: 2788, venue: 1212, authors: 549, year: 2329, n_citations: 1259 within (3944.670866 total / 1.3793 average)
estimate time left: 0:22:37.231200
[03/30/2022, 13:13:13] (2869 / 3843) title: 2819, abstract: 2798, venue: 1218, authors: 549, year: 2337, n_citations: 1263 within (3959.288743 total / 1.3795 average)
estimate time left: 0:22:23.633000
[03/30/2022, 13:13:24] (2879 / 3843) title: 2829, abstract: 2808, venue: 1221, authors: 550, year: 2346, n_citations: 1267 within (3970.089031 total / 1.3785 average)
estimate time left: 0:22:08.874000
[03/30/2022, 13:13:40] (2889 / 3843) title: 2838, abstract: 2817, venue: 1225, authors: 551, year: 2351, n_citations: 1273 within (3985.83571 total / 1.3792 average)
estimate time left: 0:21:55.756800
[03/30/2022, 13:13:56] (2899 / 3843) title: 2847, abstract: 2826, venue: 1230, authors: 553, year: 2358, n_citations: 1280 within (4002.259859 total / 1.3801 average)
estimate time left: 0:21:42.814400
[03/30/2022, 13:14:12] (2909 / 3843) title: 2857, abstract: 2836, venue: 1235, authors: 556, year: 2364, n_citations: 1286 within (4018.27285 total / 1.3808 average)
estimate time left: 0:21:29.667200
[03/30/2022, 13:14:24] (2919 / 3843) title: 2867, abstract: 2846, venue: 1239, authors: 557, year: 2371, n_citations: 1290 within (4029.642925 total / 1.38 average)
estimate time left: 0:21:15.120000
[03/30/2022, 13:14:38] (2929 / 3843) title: 2877, abstract: 2856, venue: 1245, authors: 558, year: 2379, n_citations: 1294 within (4043.965422 total / 1.3802 average)
estimate time left: 0:21:01.502800
[03/30/2022, 13:14:52] (2939 / 3843) title: 2887, abstract: 2866, venue: 1249, authors: 559, year: 2389, n_citations: 1297 within (4057.527548 total / 1.3801 average)
estimate time left: 0:20:47.610400
[03/30/2022, 13:15:04] (2949 / 3843) title: 2897, abstract: 2875, venue: 1254, authors: 561, year: 2396, n_citations: 1303 within (4069.666724 total / 1.3795 average)
estimate time left: 0:20:33.273000
[03/30/2022, 13:15:18] (2959 / 3843) title: 2907, abstract: 2884, venue: 1260, authors: 564, year: 2405, n_citations: 1309 within (4083.453099 total / 1.3795 average)
estimate time left: 0:20:19.478000
[03/30/2022, 13:15:28] (2969 / 3843) title: 2917, abstract: 2894, venue: 1264, authors: 568, year: 2411, n_citations: 1314 within (4094.126565 total / 1.3785 average)
estimate time left: 0:20:04.809000
[03/30/2022, 13:15:41] (2979 / 3843) title: 2927, abstract: 2904, venue: 1269, authors: 569, year: 2420, n_citations: 1316 within (4107.107533 total / 1.3782 average)
estimate time left: 0:19:50.764800
[03/30/2022, 13:15:56] (2989 / 3843) title: 2937, abstract: 2913, venue: 1275, authors: 571, year: 2427, n_citations: 1322 within (4121.572509 total / 1.3785 average)
estimate time left: 0:19:37.239000
[03/30/2022, 13:16:07] (2999 / 3843) title: 2947, abstract: 2923, venue: 1277, authors: 573, year: 2437, n_citations: 1326 within (4132.748999 total / 1.3776 average)
estimate time left: 0:19:22.694400
[03/30/2022, 13:16:21] (3009 / 3843) title: 2957, abstract: 2932, venue: 1281, authors: 576, year: 2444, n_citations: 1328 within (4146.442714 total / 1.3776 average)
estimate time left: 0:19:08.918400
[03/30/2022, 13:16:35] (3019 / 3843) title: 2967, abstract: 2942, venue: 1283, authors: 578, year: 2452, n_citations: 1333 within (4160.824978 total / 1.3778 average)
estimate time left: 0:18:55.307200
[03/30/2022, 13:16:51] (3029 / 3843) title: 2977, abstract: 2952, venue: 1288, authors: 581, year: 2460, n_citations: 1341 within (4176.665554 total / 1.3784 average)
estimate time left: 0:18:42.017600
[03/30/2022, 13:17:13] (3039 / 3843) title: 2987, abstract: 2962, venue: 1293, authors: 585, year: 2469, n_citations: 1347 within (4199.236853 total / 1.3813 average)
estimate time left: 0:18:30.565200
[03/30/2022, 13:17:27] (3049 / 3843) title: 2997, abstract: 2972, venue: 1298, authors: 588, year: 2477, n_citations: 1347 within (4212.486021 total / 1.3811 average)
estimate time left: 0:18:16.593400
[03/30/2022, 13:17:39] (3059 / 3843) title: 3007, abstract: 2982, venue: 1304, authors: 589, year: 2486, n_citations: 1350 within (4224.89282 total / 1.3807 average)
estimate time left: 0:18:02.468800
[03/30/2022, 13:17:51] (3069 / 3843) title: 3017, abstract: 2992, venue: 1307, authors: 590, year: 2495, n_citations: 1352 within (4236.425256 total / 1.3799 average)
estimate time left: 0:17:48.042600
[03/30/2022, 13:18:03] (3079 / 3843) title: 3026, abstract: 3002, venue: 1310, authors: 590, year: 2502, n_citations: 1355 within (4248.768228 total / 1.3795 average)
estimate time left: 0:17:33.938000
[03/30/2022, 13:18:17] (3089 / 3843) title: 3036, abstract: 3012, venue: 1313, authors: 592, year: 2510, n_citations: 1360 within (4262.433769 total / 1.3794 average)
estimate time left: 0:17:20.067600
[03/30/2022, 13:18:37] (3099 / 3843) title: 3045, abstract: 3020, venue: 1320, authors: 595, year: 2518, n_citations: 1365 within (4282.786072 total / 1.3815 average)
estimate time left: 0:17:07.836000
[03/30/2022, 13:18:54] (3109 / 3843) title: 3055, abstract: 3029, venue: 1323, authors: 599, year: 2527, n_citations: 1369 within (4299.569668 total / 1.3825 average)
estimate time left: 0:16:54.755000
[03/30/2022, 13:19:07] (3119 / 3843) title: 3065, abstract: 3039, venue: 1327, authors: 602, year: 2533, n_citations: 1376 within (4312.676487 total / 1.3823 average)
estimate time left: 0:16:40.785200
[03/30/2022, 13:19:22] (3129 / 3843) title: 3075, abstract: 3048, venue: 1331, authors: 602, year: 2540, n_citations: 1384 within (4327.552094 total / 1.3826 average)
estimate time left: 0:16:27.176400
[03/30/2022, 13:19:35] (3139 / 3843) title: 3085, abstract: 3058, venue: 1334, authors: 604, year: 2549, n_citations: 1387 within (4340.998461 total / 1.3825 average)
estimate time left: 0:16:13.280000
[03/30/2022, 13:19:49] (3149 / 3843) title: 3095, abstract: 3068, venue: 1339, authors: 609, year: 2557, n_citations: 1394 within (4355.121619 total / 1.3826 average)
estimate time left: 0:15:59.524400
[03/30/2022, 13:20:06] (3159 / 3843) title: 3105, abstract: 3078, venue: 1342, authors: 612, year: 2565, n_citations: 1398 within (4372.142375 total / 1.3836 average)
estimate time left: 0:15:46.382400
[03/30/2022, 13:20:17] (3169 / 3843) title: 3115, abstract: 3088, venue: 1347, authors: 617, year: 2574, n_citations: 1402 within (4382.670653 total / 1.3825 average)
estimate time left: 0:15:31.805000
[03/30/2022, 13:20:30] (3179 / 3843) title: 3125, abstract: 3098, venue: 1354, authors: 620, year: 2583, n_citations: 1406 within (4395.504681 total / 1.3822 average)
estimate time left: 0:15:17.780800
[03/30/2022, 13:20:40] (3189 / 3843) title: 3135, abstract: 3108, venue: 1358, authors: 621, year: 2591, n_citations: 1411 within (4405.983189 total / 1.3812 average)
estimate time left: 0:15:03.304800
[03/30/2022, 13:20:53] (3199 / 3843) title: 3144, abstract: 3118, venue: 1365, authors: 626, year: 2601, n_citations: 1414 within (4419.320027 total / 1.381 average)
estimate time left: 0:14:49.364000
[03/30/2022, 13:21:06] (3209 / 3843) title: 3154, abstract: 3128, venue: 1368, authors: 629, year: 2607, n_citations: 1418 within (4432.250052 total / 1.3808 average)
estimate time left: 0:14:35.427200
[03/30/2022, 13:21:24] (3219 / 3843) title: 3163, abstract: 3137, venue: 1373, authors: 631, year: 2616, n_citations: 1420 within (4450.274068 total / 1.3821 average)
estimate time left: 0:14:22.430400
[03/30/2022, 13:21:36] (3229 / 3843) title: 3173, abstract: 3147, venue: 1378, authors: 632, year: 2624, n_citations: 1426 within (4461.972842 total / 1.3814 average)
estimate time left: 0:14:08.179600
[03/30/2022, 13:21:49] (3239 / 3843) title: 3183, abstract: 3156, venue: 1382, authors: 633, year: 2634, n_citations: 1428 within (4475.071662 total / 1.3812 average)
estimate time left: 0:13:54.244800
[03/30/2022, 13:22:03] (3249 / 3843) title: 3192, abstract: 3166, venue: 1384, authors: 635, year: 2642, n_citations: 1430 within (4488.859354 total / 1.3812 average)
estimate time left: 0:13:40.432800
[03/30/2022, 13:22:18] (3259 / 3843) title: 3202, abstract: 3176, venue: 1388, authors: 637, year: 2651, n_citations: 1435 within (4503.967201 total / 1.3816 average)
estimate time left: 0:13:26.854400
[03/30/2022, 13:22:36] (3269 / 3843) title: 3212, abstract: 3185, venue: 1394, authors: 639, year: 2661, n_citations: 1439 within (4521.995439 total / 1.3829 average)
estimate time left: 0:13:13.784600
[03/30/2022, 13:22:55] (3279 / 3843) title: 3222, abstract: 3195, venue: 1400, authors: 642, year: 2670, n_citations: 1443 within (4540.46333 total / 1.3843 average)
estimate time left: 0:13:00.745200
[03/30/2022, 13:23:05] (3289 / 3843) title: 3232, abstract: 3204, venue: 1404, authors: 644, year: 2679, n_citations: 1446 within (4550.715656 total / 1.3832 average)
estimate time left: 0:12:46.292800
[03/30/2022, 13:23:18] (3299 / 3843) title: 3242, abstract: 3214, venue: 1407, authors: 645, year: 2687, n_citations: 1451 within (4564.31278 total / 1.3831 average)
estimate time left: 0:12:32.406400
[03/30/2022, 13:23:35] (3309 / 3843) title: 3252, abstract: 3223, venue: 1412, authors: 650, year: 2695, n_citations: 1458 within (4580.876934 total / 1.384 average)
estimate time left: 0:12:19.056000
[03/30/2022, 13:23:51] (3319 / 3843) title: 3262, abstract: 3233, venue: 1416, authors: 650, year: 2704, n_citations: 1461 within (4596.405785 total / 1.3845 average)
estimate time left: 0:12:05.478000
[03/30/2022, 13:24:03] (3329 / 3843) title: 3272, abstract: 3243, venue: 1418, authors: 651, year: 2712, n_citations: 1465 within (4609.199182 total / 1.3841 average)
estimate time left: 0:11:51.427400
[03/30/2022, 13:24:19] (3339 / 3843) title: 3282, abstract: 3253, venue: 1423, authors: 656, year: 2718, n_citations: 1468 within (4624.410915 total / 1.3846 average)
estimate time left: 0:11:37.838400
[03/30/2022, 13:24:32] (3349 / 3843) title: 3292, abstract: 3263, venue: 1427, authors: 657, year: 2726, n_citations: 1471 within (4637.715429 total / 1.3844 average)
estimate time left: 0:11:23.893600
[03/30/2022, 13:24:45] (3359 / 3843) title: 3302, abstract: 3273, venue: 1430, authors: 660, year: 2735, n_citations: 1472 within (4651.028179 total / 1.3842 average)
estimate time left: 0:11:09.952800
[03/30/2022, 13:25:01] (3369 / 3843) title: 3311, abstract: 3282, venue: 1436, authors: 661, year: 2743, n_citations: 1477 within (4667.120739 total / 1.3849 average)
estimate time left: 0:10:56.442600
[03/30/2022, 13:25:12] (3379 / 3843) title: 3321, abstract: 3292, venue: 1440, authors: 662, year: 2750, n_citations: 1479 within (4677.463735 total / 1.3839 average)
estimate time left: 0:10:42.129600
[03/30/2022, 13:25:23] (3389 / 3843) title: 3331, abstract: 3300, venue: 1443, authors: 664, year: 2756, n_citations: 1485 within (4688.738785 total / 1.3831 average)
estimate time left: 0:10:27.927400
[03/30/2022, 13:25:35] (3399 / 3843) title: 3341, abstract: 3310, venue: 1450, authors: 665, year: 2764, n_citations: 1489 within (4700.760453 total / 1.3826 average)
estimate time left: 0:10:13.874400
[03/30/2022, 13:25:48] (3409 / 3843) title: 3351, abstract: 3320, venue: 1455, authors: 667, year: 2774, n_citations: 1494 within (4713.742991 total / 1.3823 average)
estimate time left: 0:09:59.918200
[03/30/2022, 13:26:01] (3419 / 3843) title: 3361, abstract: 3330, venue: 1460, authors: 669, year: 2782, n_citations: 1500 within (4726.487513 total / 1.382 average)
estimate time left: 0:09:45.968000
[03/30/2022, 13:26:14] (3429 / 3843) title: 3371, abstract: 3340, venue: 1466, authors: 670, year: 2790, n_citations: 1503 within (4739.358468 total / 1.3817 average)
estimate time left: 0:09:32.023800
[03/30/2022, 13:26:29] (3439 / 3843) title: 3381, abstract: 3350, venue: 1471, authors: 674, year: 2798, n_citations: 1508 within (4754.582139 total / 1.3821 average)
estimate time left: 0:09:18.368400
[03/30/2022, 13:26:47] (3449 / 3843) title: 3390, abstract: 3359, venue: 1477, authors: 676, year: 2807, n_citations: 1513 within (4772.508943 total / 1.3833 average)
estimate time left: 0:09:05.020200
[03/30/2022, 13:27:02] (3459 / 3843) title: 3400, abstract: 3369, venue: 1481, authors: 676, year: 2816, n_citations: 1518 within (4788.077768 total / 1.3838 average)
estimate time left: 0:08:51.379200
[03/30/2022, 13:27:22] (3469 / 3843) title: 3409, abstract: 3379, venue: 1485, authors: 678, year: 2825, n_citations: 1522 within (4807.533481 total / 1.3855 average)
estimate time left: 0:08:38.177000
[03/30/2022, 13:27:33] (3479 / 3843) title: 3419, abstract: 3389, venue: 1489, authors: 678, year: 2833, n_citations: 1526 within (4818.542201 total / 1.3846 average)
estimate time left: 0:08:23.994400
[03/30/2022, 13:27:47] (3489 / 3843) title: 3427, abstract: 3398, venue: 1491, authors: 679, year: 2841, n_citations: 1528 within (4833.143663 total / 1.3849 average)
estimate time left: 0:08:10.254600
[03/30/2022, 13:28:03] (3499 / 3843) title: 3437, abstract: 3408, venue: 1494, authors: 682, year: 2847, n_citations: 1535 within (4848.510747 total / 1.3853 average)
estimate time left: 0:07:56.543200
[03/30/2022, 13:28:19] (3509 / 3843) title: 3447, abstract: 3417, venue: 1496, authors: 686, year: 2854, n_citations: 1541 within (4865.224702 total / 1.3861 average)
estimate time left: 0:07:42.957400
[03/30/2022, 13:28:31] (3519 / 3843) title: 3457, abstract: 3427, venue: 1498, authors: 688, year: 2861, n_citations: 1545 within (4876.662446 total / 1.3854 average)
estimate time left: 0:07:28.869600
[03/30/2022, 13:28:50] (3529 / 3843) title: 3467, abstract: 3436, venue: 1499, authors: 688, year: 2868, n_citations: 1552 within (4895.482224 total / 1.3868 average)
estimate time left: 0:07:15.455200
[03/30/2022, 13:29:03] (3539 / 3843) title: 3477, abstract: 3446, venue: 1505, authors: 692, year: 2875, n_citations: 1558 within (4909.208741 total / 1.3868 average)
estimate time left: 0:07:01.587200
[03/30/2022, 13:29:16] (3549 / 3843) title: 3487, abstract: 3456, venue: 1507, authors: 693, year: 2881, n_citations: 1564 within (4921.662674 total / 1.3864 average)
estimate time left: 0:06:47.601600
[03/30/2022, 13:29:27] (3559 / 3843) title: 3497, abstract: 3466, venue: 1509, authors: 694, year: 2887, n_citations: 1568 within (4932.847183 total / 1.3856 average)
estimate time left: 0:06:33.510400
[03/30/2022, 13:29:39] (3569 / 3843) title: 3507, abstract: 3476, venue: 1515, authors: 697, year: 2896, n_citations: 1572 within (4945.160541 total / 1.3852 average)
estimate time left: 0:06:19.544800
[03/30/2022, 13:29:53] (3579 / 3843) title: 3517, abstract: 3485, venue: 1519, authors: 699, year: 2904, n_citations: 1577 within (4959.321317 total / 1.3853 average)
estimate time left: 0:06:05.719200
[03/30/2022, 13:30:08] (3589 / 3843) title: 3527, abstract: 3495, venue: 1520, authors: 700, year: 2910, n_citations: 1583 within (4973.75047 total / 1.3854 average)
estimate time left: 0:05:51.891600
[03/30/2022, 13:30:17] (3599 / 3843) title: 3537, abstract: 3505, venue: 1524, authors: 700, year: 2918, n_citations: 1586 within (4982.952138 total / 1.3842 average)
estimate time left: 0:05:37.744800
[03/30/2022, 13:30:32] (3609 / 3843) title: 3547, abstract: 3515, venue: 1526, authors: 702, year: 2927, n_citations: 1590 within (4997.481995 total / 1.3843 average)
estimate time left: 0:05:23.926200
[03/30/2022, 13:30:44] (3619 / 3843) title: 3557, abstract: 3524, venue: 1527, authors: 703, year: 2936, n_citations: 1593 within (5010.039092 total / 1.384 average)
estimate time left: 0:05:10.016000
[03/30/2022, 13:30:55] (3629 / 3843) title: 3567, abstract: 3534, venue: 1531, authors: 704, year: 2944, n_citations: 1598 within (5021.054993 total / 1.3832 average)
estimate time left: 0:04:56.004800
[03/30/2022, 13:31:10] (3639 / 3843) title: 3577, abstract: 3544, venue: 1536, authors: 706, year: 2952, n_citations: 1600 within (5035.754263 total / 1.3834 average)
estimate time left: 0:04:42.213600
[03/30/2022, 13:31:26] (3649 / 3843) title: 3587, abstract: 3553, venue: 1540, authors: 709, year: 2961, n_citations: 1602 within (5051.592513 total / 1.384 average)
estimate time left: 0:04:28.496000
[03/30/2022, 13:31:37] (3659 / 3843) title: 3597, abstract: 3563, venue: 1544, authors: 710, year: 2967, n_citations: 1609 within (5063.243682 total / 1.3834 average)
estimate time left: 0:04:14.545600
[03/30/2022, 13:31:50] (3669 / 3843) title: 3607, abstract: 3572, venue: 1547, authors: 711, year: 2975, n_citations: 1618 within (5075.787969 total / 1.383 average)
estimate time left: 0:04:00.642000
[03/30/2022, 13:32:04] (3679 / 3843) title: 3617, abstract: 3581, venue: 1550, authors: 713, year: 2985, n_citations: 1622 within (5089.380172 total / 1.383 average)
estimate time left: 0:03:46.812000
[03/30/2022, 13:32:20] (3689 / 3843) title: 3627, abstract: 3591, venue: 1556, authors: 718, year: 2992, n_citations: 1627 within (5105.43706 total / 1.3836 average)
estimate time left: 0:03:33.074400
[03/30/2022, 13:32:31] (3699 / 3843) title: 3637, abstract: 3601, venue: 1560, authors: 721, year: 2999, n_citations: 1633 within (5116.965604 total / 1.383 average)
estimate time left: 0:03:19.152000
[03/30/2022, 13:32:41] (3709 / 3843) title: 3647, abstract: 3611, venue: 1564, authors: 723, year: 3005, n_citations: 1638 within (5127.287657 total / 1.382 average)
estimate time left: 0:03:05.188000
[03/30/2022, 13:32:59] (3719 / 3843) title: 3656, abstract: 3620, venue: 1568, authors: 726, year: 3014, n_citations: 1645 within (5144.830954 total / 1.383 average)
estimate time left: 0:02:51.492000
[03/30/2022, 13:33:14] (3729 / 3843) title: 3666, abstract: 3630, venue: 1573, authors: 727, year: 3023, n_citations: 1650 within (5160.253816 total / 1.3834 average)
estimate time left: 0:02:37.707600
[03/30/2022, 13:33:28] (3739 / 3843) title: 3676, abstract: 3640, venue: 1580, authors: 729, year: 3031, n_citations: 1655 within (5174.22408 total / 1.3835 average)
estimate time left: 0:02:23.884000
[03/30/2022, 13:33:44] (3749 / 3843) title: 3686, abstract: 3650, venue: 1586, authors: 731, year: 3038, n_citations: 1660 within (5189.84301 total / 1.384 average)
estimate time left: 0:02:10.096000
[03/30/2022, 13:33:58] (3759 / 3843) title: 3696, abstract: 3660, venue: 1587, authors: 731, year: 3046, n_citations: 1665 within (5203.766651 total / 1.384 average)
estimate time left: 0:01:56.256000
[03/30/2022, 13:34:10] (3769 / 3843) title: 3706, abstract: 3669, venue: 1591, authors: 734, year: 3054, n_citations: 1671 within (5215.938319 total / 1.3835 average)
estimate time left: 0:01:42.379000
[03/30/2022, 13:34:22] (3779 / 3843) title: 3716, abstract: 3678, venue: 1594, authors: 735, year: 3061, n_citations: 1676 within (5227.354303 total / 1.3829 average)
estimate time left: 0:01:28.505600
[03/30/2022, 13:34:39] (3789 / 3843) title: 3725, abstract: 3688, venue: 1600, authors: 737, year: 3069, n_citations: 1680 within (5244.66344 total / 1.3838 average)
estimate time left: 0:01:14.725200
[03/30/2022, 13:34:51] (3799 / 3843) title: 3735, abstract: 3697, venue: 1603, authors: 739, year: 3075, n_citations: 1684 within (5256.416248 total / 1.3833 average)
estimate time left: 0:01:00.865200
[03/30/2022, 13:35:05] (3809 / 3843) title: 3745, abstract: 3707, venue: 1609, authors: 743, year: 3082, n_citations: 1688 within (5271.063871 total / 1.3835 average)
estimate time left: 0:00:47.039000
[03/30/2022, 13:35:18] (3819 / 3843) title: 3754, abstract: 3717, venue: 1613, authors: 745, year: 3087, n_citations: 1694 within (5284.275527 total / 1.3833 average)
estimate time left: 0:00:33.199200
[03/30/2022, 13:35:31] (3829 / 3843) title: 3763, abstract: 3727, venue: 1614, authors: 748, year: 3095, n_citations: 1698 within (5296.463187 total / 1.3829 average)
estimate time left: 0:00:19.360600
[03/30/2022, 13:35:43] (3839 / 3843) title: 3773, abstract: 3737, venue: 1615, authors: 749, year: 3103, n_citations: 1702 within (5308.994887 total / 1.3826 average)
estimate time left: 0:00:05.530400
[03/30/2022, 13:35:47] end anchor metrics witin 5385.112246

