Child #[10, 11]: psutil.Process(pid=4651, name='python', status='running', started='03:30:14'), affinity [0, 1, 2, 3, 4, 5, 6, 7, 8, 9, 10, 11, 12, 13, 14, 15]
Child #[10, 11]: Set my affinity to [10, 11], affinity now [10, 11]

[03/29/2022, 23:31:26] start computing sampling shap for range: [6, 8]
[03/29/2022, 23:32:33] computing sampling shap 3845:3855 within 66.3387 sec, 6.6339 on average
[03/29/2022, 23:32:33] instances left: 759
[03/29/2022, 23:32:33] estimating time left: 1:23:55.130100

[[-1.24341347e+00 -5.57779056e+00 -1.83707589e-01  0.00000000e+00
   2.40357337e-01 -2.35543990e-01]
 [-2.25455744e-01  1.40311080e+01  0.00000000e+00  0.00000000e+00
   2.90299024e-01 -2.12756146e-01]
 [-1.24463661e+00 -5.72282021e+00 -8.85213282e-02 -4.13374717e-04
  -1.20322640e-01 -2.14586442e-01]
 [-2.91443657e-01  1.42111741e+01  0.00000000e+00  0.00000000e+00
  -2.56501521e-01  2.74097579e-01]
 [-4.07169424e-01  1.42891603e+01  0.00000000e+00  5.85066008e-03
  -6.80404484e-02  4.61941820e-02]
 [-2.85466216e-01  3.72104490e+00 -8.43011551e-02 -5.34924045e-04
   2.52671994e-01  1.60829318e-01]
 [-1.23139891e+00 -5.76140120e+00 -8.69364804e-02  0.00000000e+00
  -6.87995658e-02 -2.76489955e-01]
 [-1.31044072e+00 -5.76089101e+00  0.00000000e+00  0.00000000e+00
  -6.00093836e-02  4.69923700e-01]
 [-1.08125769e+00 -5.85877475e+00 -8.69058209e-02  3.75194988e-03
  -8.25258591e-02  6.98295012e-02]
 [-1.28431455e+00 -5.54399982e+00 -1.67386533e-01  0.00000000e+00
   6.07572293e-01 -1.36011716e-01]]
[03/29/2022, 23:33:37] computing sampling shap 3855:3865 within 64.1318 sec, 6.5236 on average
[03/29/2022, 23:33:37] instances left: 749
[03/29/2022, 23:33:37] estimating time left: 1:21:26.176400

[[-1.35506193e+00 -5.80120995e+00  0.00000000e+00 -3.92120264e-04
  -3.22473632e-01  7.35671329e-01]
 [ 4.57356052e+00  4.30967161e-01 -8.99079719e-02 -2.06687810e-04
  -6.62853670e-02 -1.96384610e-01]
 [-9.58488934e-01 -6.04539985e+00 -1.52449457e-01 -2.36760235e-04
  -6.41277005e-01  2.03575672e-01]
 [-1.48062593e+00 -5.59748477e+00  0.00000000e+00 -1.86342394e-04
  -4.21380408e-01  7.15563837e-01]
 [-1.35278575e+00 -5.83669610e+00  0.00000000e+00 -2.25445373e-04
  -3.82575560e-03  1.50016659e-01]
 [-1.17481165e+00 -5.86648187e+00  0.00000000e+00  0.00000000e+00
   6.68151471e-01 -1.16727526e-01]
 [-5.32136423e-01  3.84642743e+00  0.00000000e+00  0.00000000e+00
  -7.04510887e-03  4.15772629e-02]
 [-1.89370223e-01  1.40767225e+01  0.00000000e+00  0.00000000e+00
   2.53647938e-01 -4.50920872e-02]
 [-2.48388738e-01  1.41764673e+01  0.00000000e+00  0.00000000e+00
  -5.07101676e-01  1.98777802e-02]
 [-1.02993476e+00 -5.95346320e+00  0.00000000e+00  0.00000000e+00
   5.94053827e-01 -1.57909416e-01]]
[03/29/2022, 23:34:43] computing sampling shap 3865:3875 within 66.4863 sec, 6.5653 on average
[03/29/2022, 23:34:43] instances left: 739
[03/29/2022, 23:34:43] estimating time left: 1:20:51.756700

[[ 3.62706509e+00  1.15816592e+01  0.00000000e+00  0.00000000e+00
  -7.22929700e-01 -2.19730724e-01]
 [-1.03767631e+00 -6.07414620e+00  0.00000000e+00  3.10012974e-03
   7.29821452e-01 -1.68352250e-01]
 [ 4.01995845e+00  7.50384699e-01 -8.80606478e-02 -7.71815364e-04
  -5.24874944e-01  2.70609826e-01]
 [-6.42970735e-01 -6.43707594e+00  0.00000000e+00  3.81973437e-03
   2.12626100e-01  4.61907638e-01]
 [-1.09889434e+00 -5.72457403e+00 -2.53857558e-01  0.00000000e+00
   2.51718507e-01  1.81702265e-01]
 [-2.62140230e-01  1.43133660e+01 -1.40931970e-01 -3.63431166e-04
   2.44819324e-01  2.78048548e-01]
 [ 3.91356699e+00  7.85608427e-01  0.00000000e+00  0.00000000e+00
   2.60680152e-02  1.41074128e-01]
 [-9.49998365e-01 -6.03207288e+00 -8.26794978e-02  0.00000000e+00
   6.60780765e-01 -1.43283220e-01]
 [-9.89804541e-01 -5.87737909e+00 -1.46503084e-01  0.00000000e+00
   6.25114266e-01 -5.40558827e-02]
 [-1.37095447e+00 -5.62042113e+00 -1.61870663e-01  6.57913919e-03
  -2.74571808e-01  3.90118753e-01]]
[03/29/2022, 23:35:47] computing sampling shap 3875:3885 within 63.5326 sec, 6.5123 on average
[03/29/2022, 23:35:47] instances left: 729
[03/29/2022, 23:35:47] estimating time left: 1:19:07.466700

[[-2.08327545e-01  1.40894890e+01  0.00000000e+00  0.00000000e+00
  -1.53508363e+00 -1.56398951e-01]
 [-4.04432321e-01  3.68872483e+00  0.00000000e+00  0.00000000e+00
  -7.09257756e-03  1.80201434e-01]
 [-1.15134925e+00 -5.82376718e+00 -1.51085118e-01  3.32849967e-03
  -3.64931570e-01  8.98609814e-01]
 [-1.12700027e+00 -5.83157569e+00 -1.57781999e-01  2.63483119e-02
  -3.31603374e-02  4.35277885e-02]
 [-9.57487178e-01 -5.93446784e+00 -1.55226361e-01  0.00000000e+00
   6.64538132e-01 -1.64610424e-01]
 [-1.39340852e+00 -5.73633278e+00 -8.84643683e-02  0.00000000e+00
  -1.57083259e+00 -1.57808475e-01]
 [-3.20720312e-01  3.72764265e+00 -8.28846554e-02 -2.06689731e-04
  -7.31671846e-01 -2.90393137e-01]
 [-1.16858170e+00 -5.79481112e+00 -8.83129292e-02 -2.06687582e-04
   2.65338676e-01 -1.41619677e-01]
 [ 4.13305809e+00  5.26684838e-01  0.00000000e+00 -3.32985993e-04
   3.31622587e-01 -5.21024679e-02]
 [-1.02682415e+00 -5.69891796e+00 -3.07256556e-01  0.00000000e+00
   6.91212276e-01 -1.82353891e-01]]
[03/29/2022, 23:36:51] computing sampling shap 3885:3895 within 63.95 sec, 6.4889 on average
[03/29/2022, 23:36:51] instances left: 719
[03/29/2022, 23:36:51] estimating time left: 1:17:45.519100

[[-3.10856910e-01  6.35751794e+00  7.70204118e+00  0.00000000e+00
   2.18205386e-01 -8.81041910e-02]
 [-3.82149670e-01  1.42058328e+01  0.00000000e+00  3.82025301e-03
   5.75649665e-01 -1.55991174e-01]
 [-9.55796532e-01 -5.75269605e+00 -2.85286744e-01  0.00000000e+00
   1.99345495e-01  2.95534673e-01]
 [-4.62093044e-01  3.73144271e+00  0.00000000e+00 -4.47313841e-04
  -3.41629129e-03  2.02991613e-01]
 [-1.16065248e+00 -5.85615563e+00 -8.85156301e-02 -2.28471128e-04
  -3.17931556e-01  1.29606590e-01]
 [-1.02126185e+00 -5.97038994e+00 -1.24485830e-01  6.06342985e-03
   3.15073732e-01 -2.36842460e-01]
 [-1.05780513e+00 -5.88632099e+00 -1.26544501e-01 -3.06621976e-04
   2.47373115e-01  2.29445096e-01]
 [-4.20750390e-01  1.43097524e+01 -8.56646889e-02  0.00000000e+00
   2.66914422e-01 -5.45805100e-02]
 [-6.52492499e-01  4.00738251e+00 -8.72091114e-02  0.00000000e+00
   6.72028371e-01 -1.55795828e-01]
 [-1.21212135e+00 -5.61497032e+00 -1.57948779e-01  6.67314564e-03
  -5.10124313e-01  3.14680093e-01]]
[03/29/2022, 23:37:54] computing sampling shap 3895:3905 within 63.3537 sec, 6.4633 on average
[03/29/2022, 23:37:54] instances left: 709
[03/29/2022, 23:37:54] estimating time left: 1:16:22.479700

[[-1.29362935e+00 -5.64332337e+00 -1.24640145e-01  0.00000000e+00
   2.39929315e-01 -6.31148376e-03]
 [-3.85489264e-01  3.90746510e+00 -1.46577225e-01 -3.68067506e-04
  -5.21338597e-01  3.98074232e-01]
 [-1.14933254e+00 -5.90507175e+00 -1.46451030e-01  0.00000000e+00
  -7.33280908e-01 -2.64044985e-01]
 [-1.11629382e+00 -5.72941730e+00 -1.56038711e-01  0.00000000e+00
  -6.20589473e-01 -7.57291082e-02]
 [-4.59089048e-01  4.02683712e+00 -1.82397704e-01 -2.06688040e-04
  -3.37457647e-01 -1.17720213e-01]
 [ 3.98395843e+00  1.11654986e+01 -8.69299411e-02  0.00000000e+00
   2.48903095e-01  1.98432205e-01]
 [-1.11977672e+00 -6.00313818e+00  0.00000000e+00  0.00000000e+00
   7.52493048e-01 -1.53718059e-01]
 [-9.36890603e-01 -6.01141366e+00 -8.31245165e-02 -4.02003711e-04
  -3.35109651e-01  5.51573236e-01]
 [-8.44291388e-01 -6.27019633e+00 -8.57697601e-02 -1.86342916e-04
   6.00073762e-02 -2.25799844e-01]
 [-1.46344966e+00 -5.38007927e+00 -8.65577439e-02  0.00000000e+00
  -8.38506470e-01  3.80707535e-01]]
[03/29/2022, 23:38:57] computing sampling shap 3905:3915 within 62.8416 sec, 6.4378 on average
[03/29/2022, 23:38:57] instances left: 699
[03/29/2022, 23:38:57] estimating time left: 1:15:00.022200

[[-1.05972728e+00 -5.83336902e+00 -2.54056215e-01  0.00000000e+00
  -3.92436732e-01  2.98200703e-01]
 [ 3.65170203e+00  1.18873643e+00 -8.62154847e-02  0.00000000e+00
  -4.15934509e-01  9.94376456e-02]
 [-1.14466434e+00 -5.97379747e+00  0.00000000e+00  0.00000000e+00
  -4.60987446e-01  9.58643723e-02]
 [-2.75172876e-01  1.43595915e+01 -2.69137915e-01  0.00000000e+00
  -4.41855643e-01  4.81320545e-02]
 [-1.25580494e+00 -5.72045936e+00 -1.80408395e-01  0.00000000e+00
  -1.46425810e-02  2.43902575e-01]
 [-4.91257124e-01  6.93908855e+00  7.44990849e+00  0.00000000e+00
  -3.69296068e-02  1.51842455e-01]
 [-3.27149339e-01  1.40925847e+01  0.00000000e+00  0.00000000e+00
   6.05679200e-01 -1.89393883e-01]
 [-1.01832339e+00 -5.82064573e+00 -1.48425303e-01  0.00000000e+00
   6.59199132e-01 -2.19058057e-01]
 [-3.70784118e-01 -2.96921452e+00  1.68421046e+01  3.34768222e-03
  -1.45157426e+00 -1.63457520e-02]
 [ 3.73992880e+00  9.33208090e-01  0.00000000e+00  0.00000000e+00
   5.53938313e-01 -1.70262101e-01]]
[03/29/2022, 23:40:02] computing sampling shap 3915:3925 within 65.2254 sec, 6.4484 on average
[03/29/2022, 23:40:02] instances left: 689
[03/29/2022, 23:40:02] estimating time left: 1:14:02.947600

[[-1.12100085e+00 -5.79505713e+00 -8.82679456e-02  0.00000000e+00
   6.20358483e-01 -5.41808772e-02]
 [-3.96360174e-01  1.42942902e+01  0.00000000e+00  0.00000000e+00
   1.96395806e-01 -1.36881347e-01]
 [-4.13066756e-01  1.42756151e+01  0.00000000e+00  4.52535235e-03
  -4.36848488e-02 -2.74853816e-01]
 [-1.06066031e+00 -5.89604697e+00 -8.69131634e-02  0.00000000e+00
  -4.73345053e-01  8.38715035e-01]
 [-1.24650075e+00 -5.76415991e+00 -8.54362571e-02  2.83547231e-02
  -8.01373176e-01  1.05307105e-01]
 [-1.32471499e+00 -5.76419458e+00  0.00000000e+00  0.00000000e+00
   7.35139596e-01 -1.93483507e-01]
 [-1.20978679e+00 -5.98142672e+00  0.00000000e+00 -2.25444752e-04
   4.72788481e-02  4.06623460e-02]
 [-3.02171884e-01  1.42652987e+01 -8.50692493e-02  0.00000000e+00
   1.92220889e-01  3.62519970e-01]
 [-6.01174550e-01  3.90160699e+00  0.00000000e+00  4.11844518e-03
  -5.16253335e-03  1.46180541e-01]
 [-1.22630244e+00 -5.67509775e+00 -2.26408252e-01 -2.06688136e-04
  -3.14679955e-01 -1.40232225e-01]]
[03/29/2022, 23:41:12] computing sampling shap 3925:3935 within 69.6718 sec, 6.506 on average
[03/29/2022, 23:41:12] instances left: 679
[03/29/2022, 23:41:12] estimating time left: 1:13:37.574000

[[-5.43895436e-01  3.87387337e+00  0.00000000e+00  3.77925664e-03
   2.71441157e-01 -8.61125808e-03]
 [ 3.92262603e+00  8.40135434e-01  0.00000000e+00 -2.06686005e-04
   5.49991853e-01 -2.55734128e-01]
 [-1.20609546e+00 -5.92365073e+00  0.00000000e+00  0.00000000e+00
   3.34428310e-01 -1.10110028e-01]
 [-4.72496308e-01  1.42528554e+01  0.00000000e+00  0.00000000e+00
   5.20526534e-01  8.86030414e-02]
 [-1.02575977e+00 -5.96555481e+00  0.00000000e+00 -3.79739955e-04
   2.37127216e-01  1.71836630e-01]
 [-9.36933191e-01 -6.18329562e+00  0.00000000e+00 -4.65966468e-04
  -3.34377876e-01  9.68061248e-02]
 [-3.42639942e-01  1.41769076e+01  0.00000000e+00  0.00000000e+00
   5.60960574e-01 -1.81403334e-01]
 [-5.05917916e-01  3.88918391e+00 -1.67534762e-01  6.47844205e-03
   3.53846132e-01  1.02842723e-01]
 [-1.15635472e+00 -5.79259791e+00 -8.57833108e-02  0.00000000e+00
   6.46380117e-01 -1.58897194e-01]
 [-9.12894973e-01 -5.94734787e+00 -1.68579299e-01  2.18202286e-03
   6.47773114e-01 -3.76141265e-02]]
[03/29/2022, 23:42:18] computing sampling shap 3935:3945 within 65.9659 sec, 6.5151 on average
[03/29/2022, 23:42:18] instances left: 669
[03/29/2022, 23:42:18] estimating time left: 1:12:38.601900

[[-5.65022809e-01  3.73278371e+00  0.00000000e+00 -1.86341523e-04
   7.62459035e-01 -1.46120307e-01]
 [ 7.90160576e+00 -3.37431780e+00  0.00000000e+00  3.25358465e-03
   6.54703672e-01 -1.85544790e-01]
 [-4.20663689e-01  1.41248945e+01  0.00000000e+00  0.00000000e+00
   6.83043688e-01 -2.05553400e-01]
 [-1.00159935e+00 -6.03605323e+00 -8.68527658e-02  0.00000000e+00
   7.69523781e-01 -1.92271799e-01]
 [-3.12549611e-01  3.81376914e+00 -8.41215999e-02 -4.02935856e-04
  -1.03949560e+00 -2.84709929e-01]
 [-9.37418888e-01 -6.20415972e+00  0.00000000e+00  0.00000000e+00
  -2.63887421e-02 -1.36628169e-02]
 [-1.52477741e+00 -5.52116440e+00  0.00000000e+00  0.00000000e+00
   6.88954463e-01 -1.90266684e-01]
 [-1.23544271e+00 -5.90537528e+00  0.00000000e+00  0.00000000e+00
   3.10575510e-01 -2.01600646e-01]
 [ 9.30647201e+00  7.16830534e+00  0.00000000e+00  0.00000000e+00
   1.87976513e-01  1.62013460e-01]
 [-9.07165801e-01 -6.07318671e+00  0.00000000e+00 -3.72684031e-04
   6.38447913e-01 -1.47592400e-01]]
[03/29/2022, 23:43:26] computing sampling shap 3945:3955 within 68.1603 sec, 6.5425 on average
[03/29/2022, 23:43:26] instances left: 659
[03/29/2022, 23:43:26] estimating time left: 1:11:51.507500

[[-3.23153225e-01  1.42556289e+01  0.00000000e+00 -1.86341213e-04
  -1.12587777e-01  3.34854094e-01]
 [-1.14589916e+00 -6.00367481e+00  0.00000000e+00  0.00000000e+00
  -3.30965194e-01 -1.01077652e-01]
 [-9.75005601e-01 -6.16544956e+00 -1.02104689e-01  0.00000000e+00
  -6.53910417e-01 -1.36328600e-01]
 [-3.76072762e-01  1.43836691e+01  0.00000000e+00  1.13836177e-03
  -1.67515834e+00 -4.14283254e-02]
 [-1.03722244e+00 -5.82798414e+00 -2.04781560e-01  0.00000000e+00
  -7.55444501e-01 -2.20095574e-01]
 [-1.97725003e-01  1.40512444e+01 -8.29460174e-02 -2.06688924e-04
   5.94026311e-01 -1.14738958e-01]
 [-1.06330588e+00 -6.01578133e+00  0.00000000e+00 -1.86341549e-04
   2.59330818e-01 -1.55440035e-01]
 [-1.32231028e+00 -5.82953015e+00  0.00000000e+00  0.00000000e+00
  -3.33525954e-01  2.94728755e-02]
 [-1.58205719e+00 -5.47498186e+00  0.00000000e+00 -2.06687635e-04
   7.13168028e-01 -2.03175842e-01]
 [-1.13083524e+00 -5.82036880e+00 -8.40788296e-02 -1.86341659e-04
  -5.17934703e-01  5.68866280e-01]]
[03/29/2022, 23:44:31] computing sampling shap 3955:3965 within 65.1605 sec, 6.5403 on average
[03/29/2022, 23:44:31] instances left: 649
[03/29/2022, 23:44:31] estimating time left: 1:10:44.654700

[[-1.20161074e+00 -5.64884465e+00 -2.13357383e-01  1.07195215e-02
  -7.40253162e-01  1.40200591e-02]
 [-5.22254656e-01  1.43488688e+01  0.00000000e+00  0.00000000e+00
  -1.95657189e-02  1.55747660e-01]
 [ 3.60521765e+00  8.80431653e-01  0.00000000e+00  1.16065689e-03
  -1.57524958e+00  5.15476573e-01]
 [-1.26046694e+00 -5.78062116e+00 -8.68974496e-02  0.00000000e+00
  -2.72045280e-02 -1.74909991e-01]
 [-1.13847222e+00 -5.68204653e+00 -1.72186012e-01 -3.63435664e-04
  -7.01422446e-01  4.63613842e-01]
 [-1.01423650e+00 -5.82778123e+00 -8.68050059e-02  0.00000000e+00
   5.19692766e-01 -1.38123609e-01]
 [ 3.94032010e+00  8.09326347e-01  0.00000000e+00  0.00000000e+00
   1.84563610e-01  1.51713232e-01]
 [-1.17914935e+00 -5.90181216e+00  0.00000000e+00  0.00000000e+00
   7.05655771e-01 -1.04666988e-01]
 [-1.05793719e+00 -5.91716910e+00 -1.44487951e-01  0.00000000e+00
   2.91183033e-01 -9.97821515e-02]
 [-1.10972367e+00 -5.90068056e+00 -8.52661227e-02  0.00000000e+00
  -6.48139583e-01  2.44602287e-01]]
[03/29/2022, 23:45:47] computing sampling shap 3965:3975 within 75.4974 sec, 6.618 on average
[03/29/2022, 23:45:47] instances left: 639
[03/29/2022, 23:45:47] estimating time left: 1:10:28.902000

[[-1.37230215e+00 -5.64864319e+00 -8.55035220e-02 -4.04345610e-04
   3.27701814e-01 -1.96231243e-01]
 [-9.30045067e-01 -6.16854112e+00  0.00000000e+00  0.00000000e+00
   3.02975870e-01 -1.38696568e-01]
 [-1.20115314e+00 -5.82877602e+00  0.00000000e+00 -9.31799283e-04
  -8.92596469e-01  4.79367864e-01]
 [-8.73961979e-01 -5.79725808e+00 -2.97730332e-01  0.00000000e+00
   6.15756361e-01 -1.26779016e-01]
 [ 9.46260961e+00  7.02303679e+00  0.00000000e+00  0.00000000e+00
   2.54650806e-01 -2.33205870e-04]
 [-4.83433318e-01  3.77684516e+00  0.00000000e+00 -3.43737106e-04
  -2.46735754e-01  5.03615786e-02]
 [-1.90354256e-01  1.40859057e+01  0.00000000e+00 -2.28472157e-04
   2.05964269e-01 -7.99418993e-02]
 [-9.67703324e-01 -5.97113098e+00 -8.52816233e-02  0.00000000e+00
  -8.76525399e-01 -9.76469460e-02]
 [-5.12612505e-01  1.43998762e+01  0.00000000e+00  5.71462099e-03
  -3.42357968e-01  2.57591397e-02]
 [-3.61694866e-01  3.61768786e+00  0.00000000e+00  0.00000000e+00
  -2.26607727e-01  5.28233750e-01]]
[03/29/2022, 23:46:51] computing sampling shap 3975:3985 within 64.5442 sec, 6.6063 on average
[03/29/2022, 23:46:51] instances left: 629
[03/29/2022, 23:46:51] estimating time left: 1:09:15.362700

[[-1.32409431e-01  1.40207778e+01 -1.40586676e-01 -1.86341986e-04
   3.62853960e-01 -1.82823391e-01]
 [-1.12953694e+00 -5.83637178e+00  0.00000000e+00  0.00000000e+00
  -1.02640895e-01  7.25720945e-02]
 [-1.12521518e+00 -5.70826786e+00 -2.06408931e-01  0.00000000e+00
   3.04736315e-01 -1.70272784e-01]
 [-2.63769820e-01  1.40633073e+01  0.00000000e+00  0.00000000e+00
   5.61589189e-01 -1.11472737e-01]
 [-1.05059021e+00 -5.97132276e+00 -8.84222262e-02 -3.63435495e-04
  -3.84677011e-01  3.93797143e-01]
 [-3.62505054e-01  1.41082443e+01  0.00000000e+00 -2.06687470e-04
   5.89804165e-01  1.58674023e-02]
 [-6.98675962e-01  4.11178303e+00 -8.65994383e-02  0.00000000e+00
  -3.05475603e-01  2.06729976e-01]
 [-5.90810574e-01  4.11701656e+00 -1.47647842e-01  6.69111246e-03
   2.59538464e-01 -2.39237902e-01]
 [-8.63045414e-01 -5.97127297e+00 -2.71465608e-01  0.00000000e+00
  -5.10834172e-01  2.40779365e-02]
 [-2.75236237e-01  1.42974555e+01 -1.07472686e-01 -4.21015509e-04
  -6.90450459e-02 -1.20906897e-01]]
[03/29/2022, 23:47:54] computing sampling shap 3985:3995 within 63.3149 sec, 6.588 on average
[03/29/2022, 23:47:54] instances left: 619
[03/29/2022, 23:47:54] estimating time left: 1:07:57.972000

[[-1.02118889e+00 -6.02974560e+00  0.00000000e+00  0.00000000e+00
   2.35729395e-01 -1.03927554e-01]
 [-1.13497571e+00 -5.90670870e+00 -8.66532801e-02  0.00000000e+00
  -8.28664025e-01 -1.18051040e-01]
 [-1.45841834e+00 -5.63388072e+00  0.00000000e+00  0.00000000e+00
   7.35909007e-01 -1.90863416e-01]
 [-4.42347863e-01  3.62405481e+00  0.00000000e+00  0.00000000e+00
  -4.03210409e-01  5.78692373e-01]
 [-9.76620726e-01 -5.90413224e+00 -8.80679762e-02  3.93813838e-03
  -6.76214660e-01 -1.70123322e-01]
 [ 3.97805065e+00  1.10212652e+01  0.00000000e+00  0.00000000e+00
   5.69916854e-01 -1.89557488e-01]
 [-9.14386360e-01 -5.99311814e+00 -1.79391857e-01  0.00000000e+00
   6.83179271e-01 -1.43536122e-01]
 [-3.72381252e-01  3.80296272e+00 -8.67642234e-02  0.00000000e+00
   6.02287692e-01 -7.84830041e-02]
 [-8.19117416e-01 -5.96835914e+00 -1.64476888e-01  0.00000000e+00
  -6.41956740e-01  6.30117742e-01]
 [ 3.78662345e+00  9.28114920e-01  0.00000000e+00  0.00000000e+00
   5.11755433e-01 -1.69680612e-01]]
[03/29/2022, 23:48:59] computing sampling shap 3995:4005 within 64.9438 sec, 6.5821 on average
[03/29/2022, 23:48:59] instances left: 609
[03/29/2022, 23:48:59] estimating time left: 1:06:48.498900

[[-4.91468640e-01  3.93320391e+00 -8.37823737e-02  2.87270711e-02
  -7.09957196e-01  2.69374060e-01]
 [-1.31852725e+00 -5.78621902e+00  0.00000000e+00  0.00000000e+00
   2.91194351e-01 -7.70350911e-02]
 [-4.57240978e-01  1.43757263e+01  0.00000000e+00  0.00000000e+00
  -6.05478394e-01  3.27272841e-01]
 [-5.13882753e-01  3.91686143e+00 -8.81045857e-02  0.00000000e+00
  -2.84612290e-01  1.20826222e-01]
 [-4.77065791e-01  1.44117552e+01 -8.66304981e-02  0.00000000e+00
  -4.77026201e-01  5.05239769e-02]
 [-4.94445461e-01  3.91365642e+00 -8.68145803e-02 -2.28469855e-04
   2.50217278e-01  6.12445482e-02]
 [-1.18819925e+00 -5.56187240e+00 -2.75959390e-01  0.00000000e+00
  -8.17025142e-02  4.46315623e-01]
 [-1.59903388e+00 -5.57226709e+00  0.00000000e+00  0.00000000e+00
   4.42126570e-02  1.68313017e-01]
 [-9.62309240e-01  4.28569306e+00  0.00000000e+00  0.00000000e+00
   6.11839194e-01 -2.13621768e-02]
 [-5.14872412e-01  4.01541732e+00 -2.33653084e-01  0.00000000e+00
  -7.64814334e-01 -1.51855515e-01]]
[03/29/2022, 23:50:05] computing sampling shap 4005:4015 within 65.6763 sec, 6.5813 on average
[03/29/2022, 23:50:05] instances left: 599
[03/29/2022, 23:50:05] estimating time left: 1:05:42.198700

[[-1.37652760e+00 -5.50907808e+00 -2.13082681e-01 -1.86340421e-04
  -7.70321923e-01 -1.43156591e-01]
 [ 3.77820074e+00  1.05132433e+00  0.00000000e+00  0.00000000e+00
  -6.18588866e-01  1.68800340e-01]
 [ 8.24059299e+00 -3.63160758e+00  0.00000000e+00  4.18838121e-03
   6.09905179e-01 -2.23378302e-01]
 [-1.31968019e+00 -5.83141358e+00  0.00000000e+00  6.26217710e-03
  -2.94387701e-01 -1.43708259e-01]
 [-5.59187259e-01  4.02316597e+00 -1.85293694e-01  0.00000000e+00
   6.93946656e-01 -1.13347089e-01]
 [-1.15913681e+00 -5.86390745e+00  0.00000000e+00  0.00000000e+00
   6.26692514e-01 -7.05833403e-02]
 [ 3.71592620e+00  1.03380625e+00  0.00000000e+00  0.00000000e+00
   8.35605242e-02 -1.25419673e-01]
 [-1.23026697e+00 -5.62756226e+00 -1.57496434e-01 -6.37904695e-04
   6.49877541e-01 -1.13887541e-01]
 [-1.16887663e+00 -5.70308156e+00 -1.47311642e-01  0.00000000e+00
   6.60734833e-01 -1.65604846e-01]
 [-1.77925652e-01  1.40583090e+01 -8.43000856e-02  0.00000000e+00
   6.02979012e-01 -1.85237698e-01]]
[03/29/2022, 23:51:09] computing sampling shap 4015:4025 within 63.8659 sec, 6.5705 on average
[03/29/2022, 23:51:09] instances left: 589
[03/29/2022, 23:51:09] estimating time left: 1:04:30.024500

[[-1.34422806e+00 -5.59514149e+00 -2.09692647e-01 -2.18002793e-04
  -3.10859291e-01 -2.63387043e-02]
 [ 3.75056078e+00  1.09028455e+00  0.00000000e+00  0.00000000e+00
   4.45447182e-01 -1.96206501e-01]
 [-1.16138076e+00 -5.88849207e+00 -8.67551362e-02  2.82629179e-02
  -7.73374196e-01  9.33256890e-02]
 [-1.71374298e-01  1.40517085e+01  0.00000000e+00  0.00000000e+00
  -5.48205866e-01 -2.12206245e-01]
 [-1.18513625e+00 -6.03670067e+00  0.00000000e+00 -2.06687888e-04
   8.42420401e-01 -1.44516978e-01]
 [-2.71435841e-01  1.40527664e+01  0.00000000e+00  0.00000000e+00
   2.91738136e-01 -5.17236239e-02]
 [-1.28605483e+00 -5.88626926e+00  0.00000000e+00  0.00000000e+00
   7.88376296e-01 -1.63305122e-01]
 [-1.13138544e+00 -5.97332368e+00 -1.19045824e-01 -4.72674011e-04
   3.34591629e-02  9.13802828e-03]
 [-5.60496463e-01  1.44174841e+01  0.00000000e+00  0.00000000e+00
   5.18211277e-01 -1.28037546e-01]
 [ 9.79638377e+00  6.69417326e+00  0.00000000e+00 -6.46219695e-04
   4.71756370e-01 -1.49075737e-01]]
[03/29/2022, 23:52:18] computing sampling shap 4025:4035 within 69.5359 sec, 6.5907 on average
[03/29/2022, 23:52:18] instances left: 579
[03/29/2022, 23:52:18] estimating time left: 1:03:36.015300

[[ 3.81974456e+00  8.78283396e-01  0.00000000e+00  3.01001106e-03
   2.27972042e-01  1.98970923e-01]
 [-2.21374649e-01  1.41704128e+01 -1.15747064e-01  0.00000000e+00
   6.10804646e-01 -2.30270952e-01]
 [-3.45475662e-01  1.41907916e+01 -8.53445089e-02  0.00000000e+00
   6.25467270e-01 -2.03718137e-01]
 [-5.70868871e-01  3.81724673e+00  0.00000000e+00  0.00000000e+00
   1.76550979e-02  2.94024071e-01]
 [-1.19391675e+00 -5.82983603e+00 -8.84030659e-02 -1.86341998e-04
  -1.49504777e+00  5.08775295e-01]
 [-1.10065161e+00 -5.88307285e+00  0.00000000e+00  0.00000000e+00
  -3.76417406e-01  7.50495829e-02]
 [-1.06285567e+00 -5.90847219e+00  0.00000000e+00  0.00000000e+00
  -6.57009792e-01  2.60990353e-01]
 [-1.30017494e+00 -5.76180427e+00  0.00000000e+00 -9.01404387e-04
  -5.40435129e-02  2.54857739e-01]
 [-4.93884970e-01  3.93934462e+00  0.00000000e+00  0.00000000e+00
   5.74163381e-01 -2.35709961e-01]
 [-1.27367723e+00 -5.70843452e+00  0.00000000e+00  1.69906680e-03
   6.17866328e-01 -1.84707058e-01]]
[03/29/2022, 23:53:28] computing sampling shap 4035:4045 within 69.2468 sec, 6.6074 on average
[03/29/2022, 23:53:28] instances left: 569
[03/29/2022, 23:53:28] estimating time left: 1:02:39.610600

[[ 3.76986157e+00  1.12866850e+01  0.00000000e+00 -6.13827238e-04
   2.29563462e-01  8.71708512e-02]
 [-1.32976604e+00 -5.72092822e+00 -1.55157796e-01 -2.85473982e-04
  -1.13958649e+00  1.95664094e-01]
 [-1.16691730e+00 -5.97074948e+00 -8.86039490e-02  0.00000000e+00
   3.77424498e-01 -7.02862840e-02]
 [-1.41392221e+00 -5.87005937e+00  0.00000000e+00 -1.86342078e-04
  -1.54505332e+00 -1.17625414e-01]
 [-2.28779746e-01  1.39753246e+01 -8.38125468e-02  0.00000000e+00
  -6.75560231e-01 -2.79457077e-01]
 [-9.11420439e-01 -5.89161513e+00 -2.20834293e-01  0.00000000e+00
  -1.80275655e-01  1.00648076e-01]
 [-3.28895039e-01  1.42263857e+01  0.00000000e+00  0.00000000e+00
   2.24697336e-01 -1.94562509e-01]
 [ 3.19500676e+00  1.35141235e+00  0.00000000e+00 -6.98874158e-04
  -1.07472752e+00  4.25475652e-01]
 [-5.00540272e-01  3.88755220e+00 -8.41344202e-02  0.00000000e+00
  -7.07188721e-01 -1.89253339e-01]
 [-2.59586032e-01  3.54343003e+00  0.00000000e+00  0.00000000e+00
  -7.77444971e-01 -1.19795632e-01]]
[03/29/2022, 23:54:34] computing sampling shap 4045:4055 within 66.7822 sec, 6.6108 on average
[03/29/2022, 23:54:34] instances left: 559
[03/29/2022, 23:54:34] estimating time left: 1:01:35.437200

[[ 3.85773515e+00  1.11056995e+01  0.00000000e+00  3.56223046e-03
   6.38105782e-01  1.06294929e-01]
 [-5.71052502e-01  3.97337508e+00 -8.29584738e-02  0.00000000e+00
   2.34109204e-01  3.05030074e-01]
 [-4.25722013e-01  1.45570539e+01 -1.67541351e-01 -1.13230999e-03
  -5.08718742e-01  6.42310416e-01]
 [-1.00916806e+00 -5.89742338e+00 -2.80034168e-01  3.47447170e-03
   3.49016805e-01 -1.41248047e-01]
 [-9.97455858e-01 -5.84000699e+00 -1.90119195e-01  5.92232324e-03
  -7.59640588e-02  2.46491795e-01]
 [-1.40406364e+00 -5.66499793e+00  0.00000000e+00  0.00000000e+00
  -3.95656460e-01 -1.60378445e-01]
 [-1.95290833e-01  1.41393147e+01 -8.57327111e-02  5.71809260e-03
  -1.28632656e-01 -1.42923785e-01]
 [-1.12320637e+00 -5.64659119e+00 -3.49842456e-01  6.05051423e-03
  -4.93738882e-01  1.47879720e-02]
 [-1.14416701e+00 -5.59455072e+00 -2.72969346e-01 -3.04230454e-04
  -5.16798452e-01  9.07256756e-01]
 [-2.69131090e-01  1.43006547e+01 -1.95038196e-01  0.00000000e+00
  -2.63350236e-01  3.61414284e-01]]
[03/29/2022, 23:55:38] computing sampling shap 4055:4065 within 63.5742 sec, 6.5992 on average
[03/29/2022, 23:55:38] instances left: 549
[03/29/2022, 23:55:38] estimating time left: 1:00:22.960800

[[-9.21345695e-01 -6.06988360e+00  0.00000000e+00  0.00000000e+00
  -1.81784233e-01  3.95189059e-01]
 [-1.10443430e+00 -6.03596512e+00  0.00000000e+00  6.44342333e-03
  -5.81649981e-02  8.11576796e-02]
 [ 4.02406237e+00  7.26021923e-01  0.00000000e+00 -5.71329036e-04
   2.33663945e-01 -2.24771879e-02]
 [ 1.91747636e+01 -2.64762207e+00 -9.14083286e-02  0.00000000e+00
   4.91016950e-01 -1.83702765e-01]
 [-5.05329050e-01  3.93494493e+00 -8.52838368e-02  6.26476278e-03
   6.18893999e-01 -1.85577733e-01]
 [-1.45435934e+00 -5.43634911e+00 -1.77969569e-01  0.00000000e+00
   7.10280226e-01 -8.42303991e-02]
 [-1.22127666e+00 -5.74491973e+00 -8.67948316e-02  0.00000000e+00
  -5.94790495e-01 -1.57339747e-01]
 [-1.16353533e+00 -5.64100987e+00 -1.52986324e-01  3.25372925e-03
   5.75059018e-01 -8.13610265e-02]
 [-1.06651549e+00 -5.95268105e+00  0.00000000e+00 -6.98858714e-04
  -8.73280427e-02  1.48447945e-01]
 [-9.51791881e-01 -6.10956941e+00  0.00000000e+00  0.00000000e+00
  -8.75127111e-01 -1.94129520e-01]]
[03/29/2022, 23:56:44] computing sampling shap 4065:4075 within 66.3649 sec, 6.6009 on average
[03/29/2022, 23:56:44] instances left: 539
[03/29/2022, 23:56:44] estimating time left: 0:59:17.885100

[[-2.98980350e-01  3.61821396e+00  0.00000000e+00  0.00000000e+00
  -3.42349728e-01  3.57667317e-01]
 [-3.12114792e-01  1.40625491e+01 -8.28748177e-02  0.00000000e+00
   6.96342171e-01 -1.82180777e-01]
 [-1.29349757e+00 -5.77628298e+00  0.00000000e+00  0.00000000e+00
  -1.28424555e+00 -1.91251692e-01]
 [-1.48673834e+00 -5.39895064e+00 -1.51471929e-01  0.00000000e+00
  -1.18158983e-01 -1.38130853e-01]
 [-4.87681520e-01  3.90361586e+00 -1.19201262e-01  5.96441867e-03
  -4.94510713e-01  9.13798100e-02]
 [-1.16037846e+00 -5.68471318e+00 -2.64377474e-01  0.00000000e+00
  -8.49703607e-02 -1.96861304e-01]
 [-8.48191497e-01 -6.21073050e+00  0.00000000e+00  0.00000000e+00
  -1.11611039e-01 -1.59566280e-01]
 [-1.17443212e+00 -5.63685281e+00 -1.68165449e-01  0.00000000e+00
  -9.26067440e-01  3.04608844e-02]
 [-1.28360948e+00 -5.62668907e+00 -8.67981042e-02  0.00000000e+00
  -3.69298981e-01  4.50746929e-01]
 [-7.60692699e-01 -6.24742328e+00 -8.18074562e-02  2.27680970e-03
   6.93265699e-01 -4.82469011e-02]]
[03/29/2022, 23:57:48] computing sampling shap 4075:4085 within 63.5617 sec, 6.5907 on average
[03/29/2022, 23:57:48] instances left: 529
[03/29/2022, 23:57:48] estimating time left: 0:58:06.480300

[[-3.36722267e-01  1.41933149e+01  0.00000000e+00  0.00000000e+00
   5.40797988e-01 -1.50229285e-01]
 [-1.44115389e-01  3.61545027e+00 -8.45241288e-02  0.00000000e+00
   5.58483956e-01 -1.61381033e-01]
 [-1.26755672e+00 -5.85740299e+00  0.00000000e+00  0.00000000e+00
   7.32168850e-01 -1.31349130e-01]
 [-1.11991761e+00 -5.80703169e+00 -2.05154357e-01  0.00000000e+00
  -5.78367848e-01 -9.46499984e-02]
 [-5.21575635e-01  3.88231075e+00  0.00000000e+00  0.00000000e+00
  -8.85450167e-02  1.79494187e-01]
 [-9.88118598e-01 -5.84026015e+00 -1.67832456e-01  0.00000000e+00
  -1.74101395e-01 -7.88714520e-02]
 [-5.21980189e-01  3.93062207e+00  0.00000000e+00  0.00000000e+00
  -5.68494347e-01 -1.04907042e-01]
 [-1.01006682e+00 -6.09624068e+00  0.00000000e+00  0.00000000e+00
   2.80016677e-01 -1.01902314e-01]
 [-2.04080186e-01  1.39755581e+01  0.00000000e+00 -1.86341999e-04
   3.11190977e-01 -1.99287679e-01]
 [-9.30069103e-01 -5.98943832e+00 -1.53233196e-01  4.07864069e-03
  -4.23335403e-01 -1.33098652e-01]]
[03/29/2022, 23:58:51] computing sampling shap 4085:4095 within 63.355 sec, 6.5805 on average
[03/29/2022, 23:58:51] instances left: 519
[03/29/2022, 23:58:51] estimating time left: 0:56:55.279500

[[-1.17630933e+00 -5.94233352e+00  0.00000000e+00  0.00000000e+00
  -6.74691812e-02  4.48173597e-03]
 [-1.33452433e+00 -5.58355179e+00 -1.50307845e-01  0.00000000e+00
   2.72156560e-01 -2.35615974e-01]
 [-1.42719874e+00 -5.50209285e+00 -2.11838880e-01  0.00000000e+00
  -7.53093850e-01 -1.04063938e-01]
 [-1.15989136e+00 -5.81915649e+00  0.00000000e+00  0.00000000e+00
   6.65545876e-01 -2.10638378e-01]
 [-1.27024341e+00 -5.68091929e+00  0.00000000e+00  0.00000000e+00
   6.29334390e-01 -1.58145017e-01]
 [ 4.06442355e+00  8.71071172e-01  0.00000000e+00  0.00000000e+00
  -2.92057980e-01 -1.81951709e-01]
 [-1.33403073e+00 -5.63922031e+00 -1.27042724e-01  0.00000000e+00
   7.27265932e-01 -1.16842244e-01]
 [-1.07086189e+00 -5.61094906e+00 -3.01389339e-01 -2.18003512e-04
   1.94588765e-01 -1.06364631e-02]
 [-6.56591272e-01  3.95142137e+00  0.00000000e+00  0.00000000e+00
  -2.20291313e-02  3.31956990e-01]
 [-7.41312666e-01  3.96670667e+00 -8.15686551e-02  0.00000000e+00
   1.25553155e-01 -1.62268281e-01]]
[03/29/2022, 23:59:56] computing sampling shap 4095:4105 within 64.9439 sec, 6.5772 on average
[03/29/2022, 23:59:56] instances left: 509
[03/29/2022, 23:59:56] estimating time left: 0:55:47.794800

[[-1.56675719e+00 -5.63551274e+00  0.00000000e+00  0.00000000e+00
  -6.56887539e-01  8.48182195e-02]
 [-1.40189673e+00 -5.73169311e+00  0.00000000e+00  0.00000000e+00
  -6.15369772e-01  4.03590004e-01]
 [-1.37294163e+00 -5.63933774e+00  0.00000000e+00 -2.76552609e-04
   6.63670244e-01 -1.98367781e-01]
 [-1.32726815e+00 -5.75765964e+00  0.00000000e+00 -1.86341305e-04
   2.82124230e-01 -1.97108347e-01]
 [-5.59717370e-01  1.12393952e+00  2.76184878e+00  0.00000000e+00
  -2.70338985e-02 -8.64772811e-02]
 [-1.43363124e+00 -5.47117438e+00 -1.52845043e-01 -1.86341118e-04
  -3.05945025e-01  4.11851073e-01]
 [-1.44805384e+00 -5.48737090e+00 -8.65957551e-02 -4.14809062e-04
  -9.05144208e-02  7.70666125e-02]
 [-1.08772143e+00 -6.02386295e+00  0.00000000e+00  0.00000000e+00
   3.30305156e-01 -1.53027733e-01]
 [-1.13091442e+00 -5.88034705e+00  0.00000000e+00  2.58746546e-03
   6.53298841e-01 -1.91878517e-01]
 [-3.36038815e-01  1.41964167e+01  0.00000000e+00  0.00000000e+00
   5.14018768e-01 -1.92675905e-01]]
[03/30/2022, 00:01:01] computing sampling shap 4105:4115 within 64.4777 sec, 6.5724 on average
[03/30/2022, 00:01:01] instances left: 499
[03/30/2022, 00:01:01] estimating time left: 0:54:39.627600

[[-7.65386249e-01  4.17676225e+00 -8.13143667e-02  0.00000000e+00
   6.01904203e-01 -7.26811031e-02]
 [-3.94353412e-01  1.42967934e+01  0.00000000e+00  3.68829149e-03
  -1.45809496e+00  1.21893697e-01]
 [-1.29975041e+00 -5.75104780e+00  0.00000000e+00  0.00000000e+00
  -6.69521910e-01  2.85538464e-01]
 [-9.36303123e-01 -6.06667361e+00  0.00000000e+00  0.00000000e+00
   6.61193452e-01 -2.05469934e-01]
 [ 3.89893686e+00  8.42164649e-01  0.00000000e+00 -1.86342040e-04
   1.17018767e-01 -2.06190789e-01]
 [-1.11917887e+00 -5.95436194e+00  0.00000000e+00  0.00000000e+00
  -3.04678202e-02  6.81257615e-02]
 [-7.86252806e-01  4.19169880e+00 -8.55629677e-02  0.00000000e+00
  -3.16216521e-01 -2.54264015e-01]
 [-7.96486126e-01 -5.92011601e+00 -3.01460570e-01 -3.06617364e-04
   2.55859172e-01  1.47239257e-01]
 [-6.49301085e-01 -6.57582130e+00  0.00000000e+00  0.00000000e+00
  -1.46733304e+00  7.62958554e-02]
 [-5.36613089e-01  3.88902050e+00  0.00000000e+00  2.86243740e-03
  -6.33647576e-01  3.13490723e-01]]
[03/30/2022, 00:02:08] computing sampling shap 4115:4125 within 66.8336 sec, 6.5764 on average
[03/30/2022, 00:02:08] instances left: 489
[03/30/2022, 00:02:08] estimating time left: 0:53:35.859600

[[-1.21492400e+00 -6.02031270e+00  0.00000000e+00  0.00000000e+00
  -1.52995625e+00 -9.89658279e-03]
 [-4.24479348e-01  3.68106018e+00  0.00000000e+00 -2.06688254e-04
   6.74912805e-01 -5.73091583e-02]
 [-1.11133187e+00 -5.83824141e+00  0.00000000e+00  0.00000000e+00
   5.55495951e-01 -1.34482965e-02]
 [-1.44026149e+00 -5.55558487e+00 -1.74434387e-01  0.00000000e+00
  -1.11665794e-02 -8.98500388e-02]
 [-7.59292919e-01 -3.72682558e+00  7.61514949e+00  0.00000000e+00
  -3.08844039e-01  2.28553201e-01]
 [-1.22896973e+00 -5.89251236e+00  0.00000000e+00 -2.25445312e-04
  -5.38212953e-01  5.55552836e-01]
 [-4.19820616e-01  3.76819113e+00  0.00000000e+00  0.00000000e+00
  -1.44527843e+00 -1.49194473e-01]
 [ 3.85376071e+00  1.07821300e+00 -1.51836008e-01  0.00000000e+00
  -2.28283952e-01  6.75174142e-02]
 [-1.03944600e+00 -5.73168968e+00 -2.61259884e-01  0.00000000e+00
   6.26358584e-01 -5.45430616e-02]
 [-4.18546412e-01  3.77370167e+00  0.00000000e+00  3.59686239e-02
  -7.30271858e-01  2.15553094e-01]]
[03/30/2022, 00:03:13] computing sampling shap 4125:4135 within 65.1529 sec, 6.5743 on average
[03/30/2022, 00:03:13] instances left: 479
[03/30/2022, 00:03:13] estimating time left: 0:52:29.089700

[[-1.09131939e+00 -5.89207123e+00 -1.55414007e-01  4.15715042e-03
   3.60861599e-01 -2.01596757e-01]
 [-1.28369824e+00 -5.71569330e+00  0.00000000e+00  0.00000000e+00
   1.82802809e-01 -1.13866155e-02]
 [-8.93597328e-01 -6.18504811e+00 -8.71765292e-02 -2.36762351e-04
  -3.50268513e-01 -2.34583204e-01]
 [-1.38531791e-01  1.40186160e+01  0.00000000e+00  0.00000000e+00
  -5.04305263e-02 -2.00693476e-01]
 [-1.17081860e+00 -5.87310559e+00 -8.85121774e-02  0.00000000e+00
   3.33699983e-01 -2.01361396e-01]
 [-1.27378281e+00 -5.50899419e+00 -2.38237331e-01 -3.92115260e-04
  -1.16483710e-01  3.27828874e-01]
 [-1.14322346e-01  1.39194063e+01  0.00000000e+00  1.39718429e-03
   5.68377051e-01 -1.93137706e-01]
 [-1.21248057e+00 -5.71578329e+00 -1.42623824e-01  0.00000000e+00
  -7.53010907e-02 -3.54416602e-02]
 [-6.92854259e-01 -6.13978860e+00 -1.57859761e-01  0.00000000e+00
   6.48016831e-01 -2.04767664e-01]
 [-1.32045709e+00 -5.72864713e+00 -1.53001695e-01  3.34344637e-03
   2.42386606e-02 -1.91713317e-01]]
[03/30/2022, 00:04:19] computing sampling shap 4135:4145 within 65.9297 sec, 6.5749 on average
[03/30/2022, 00:04:19] instances left: 469
[03/30/2022, 00:04:19] estimating time left: 0:51:23.628100

[[-1.07483154e+00 -5.76616515e+00 -8.67855282e-02 -1.86341275e-04
   1.38610227e-01 -2.10739934e-01]
 [ 3.88119421e+00  1.11056742e+01  0.00000000e+00  5.73379728e-03
   5.44132332e-01 -2.29860532e-02]
 [-3.28270532e-01  3.70861433e+00 -8.50706877e-02 -2.47960560e-04
  -1.56163036e-02  3.55797369e-01]
 [-1.02194956e+00 -6.08872079e+00  0.00000000e+00  0.00000000e+00
  -7.59735257e-01  2.19159307e-03]
 [ 3.61146830e+00  9.59282899e-01  0.00000000e+00 -2.06687802e-04
   6.60092454e-01 -1.26115523e-01]
 [-1.35228259e+00 -5.63536407e+00 -8.67337153e-02  0.00000000e+00
  -7.29438738e-01 -1.44354546e-01]
 [-1.22389970e+00 -5.73382234e+00 -1.59926939e-01  0.00000000e+00
  -1.43638417e+00  3.73248167e-01]
 [ 9.72403651e+00  6.97302236e+00  0.00000000e+00  0.00000000e+00
  -2.51039121e-01 -4.28346821e-02]
 [-6.29378380e-01  4.02792571e+00 -8.55174943e-02 -4.13372913e-04
   6.42036647e-01 -8.06758295e-02]
 [-1.21064128e+00 -5.88353588e+00  0.00000000e+00  0.00000000e+00
   7.02714379e-01 -1.55790507e-01]]
[03/30/2022, 00:05:23] computing sampling shap 4145:4155 within 64.4881 sec, 6.5708 on average
[03/30/2022, 00:05:23] instances left: 459
[03/30/2022, 00:05:23] estimating time left: 0:50:15.997200

[[-1.04354416e-01  1.40010034e+01  0.00000000e+00 -3.72684196e-04
  -9.37974332e-02  6.35167144e-02]
 [-8.50055399e-01 -5.95738748e+00 -2.66006353e-01  0.00000000e+00
   6.78154236e-01 -2.13286455e-02]
 [-1.03864667e+00 -5.56585515e+00 -3.77547100e-01  0.00000000e+00
  -1.09565837e+00  3.86396473e-01]
 [-1.17109068e+00 -5.89613608e+00  0.00000000e+00  4.04362960e-03
  -3.03114187e-02  2.59982965e-01]
 [-1.13028374e+00 -5.87295761e+00 -8.54301381e-02  0.00000000e+00
  -1.49617167e+00  3.10481766e-01]
 [-1.00678101e+00 -5.98955281e+00  0.00000000e+00 -3.72684012e-04
   6.84067573e-01 -2.11501172e-01]
 [-8.52959158e-01 -3.42941676e+00  7.46918357e+00  0.00000000e+00
   7.85320037e-01 -2.01597679e-01]
 [-1.11673008e+00 -5.92102848e+00 -8.82048942e-02  3.69506189e-03
   7.54237759e-01 -1.79223126e-01]
 [-6.10171841e-01  4.05778766e+00 -8.40555407e-02  0.00000000e+00
   2.76660227e-01 -1.31039128e-01]
 [-1.22122799e+00 -5.82981620e+00  0.00000000e+00 -3.20449914e-04
   6.87454985e-01 -1.83344253e-01]]
[03/30/2022, 00:06:31] computing sampling shap 4155:4165 within 67.5479 sec, 6.5766 on average
[03/30/2022, 00:06:31] instances left: 449
[03/30/2022, 00:06:31] estimating time left: 0:49:12.893400

[[-1.30017407e+00 -5.62669315e+00  0.00000000e+00 -1.86341465e-04
   6.04692884e-01 -1.67509247e-01]
 [-1.29392505e+00 -5.54619800e+00 -2.22216693e-01  0.00000000e+00
  -9.56251372e-02  1.10394113e-01]
 [-2.63125773e-01  1.41336685e+01  0.00000000e+00  0.00000000e+00
  -5.51625261e-02 -1.86419785e-01]
 [-1.28769303e+00 -5.69903790e+00  0.00000000e+00 -4.02935697e-04
   6.74580283e-01 -2.34699764e-01]
 [-1.39247848e+00 -5.42626559e+00 -1.34882666e-01 -1.86340779e-04
   6.04322149e-01 -1.97763080e-01]
 [-1.21179857e+00 -5.79061858e+00  0.00000000e+00  0.00000000e+00
  -6.18508254e-01  4.90616856e-01]
 [-1.10534018e+00 -5.93788170e+00  0.00000000e+00 -1.86342570e-04
   7.00944395e-01 -2.04789355e-01]
 [ 3.89204985e+00  9.90916325e-01 -8.71417000e-02  2.45997328e-03
   3.95094550e-02 -1.86050865e-01]
 [ 3.67908129e+00  1.18679416e+00 -1.17885646e-01 -1.13232882e-03
  -3.93749399e-01  1.66081845e-01]
 [ 9.95784651e+00  6.53697441e+00  0.00000000e+00  0.00000000e+00
   4.89983240e-01 -1.72213015e-01]]
[03/30/2022, 00:07:34] computing sampling shap 4165:4175 within 63.6119 sec, 6.5701 on average
[03/30/2022, 00:07:34] instances left: 439
[03/30/2022, 00:07:34] estimating time left: 0:48:04.273900

[[-9.83008336e-01 -6.04015480e+00 -1.65333376e-01 -1.86341360e-04
  -5.28140413e-01 -2.51419952e-01]
 [-1.22718671e+00 -5.86751574e+00  0.00000000e+00  0.00000000e+00
  -8.70149614e-01 -2.32088333e-01]
 [-1.44084570e+00 -5.74691121e+00  0.00000000e+00  0.00000000e+00
   6.81659731e-02  2.57524647e-01]
 [-8.91128569e-01 -6.16865630e+00  0.00000000e+00  0.00000000e+00
  -1.24064351e+00 -2.37730017e-01]
 [-1.29950709e+00 -5.65004614e+00 -2.00257183e-01  0.00000000e+00
   3.19772196e-01 -1.04268723e-01]
 [-1.32899160e+00 -5.67039880e+00  0.00000000e+00  0.00000000e+00
   6.32957459e-01 -1.80820853e-01]
 [-1.38426873e-01  3.69820367e+00 -1.42805144e-01  0.00000000e+00
   5.49904202e-01 -1.82962217e-01]
 [-3.53469185e-01  3.72906924e+00 -8.17972320e-02  2.09916800e-03
  -4.65489289e-01  4.53368207e-01]
 [-1.32771224e+00 -5.82266716e+00  0.00000000e+00 -2.06687945e-04
  -2.40869757e-02 -7.45110178e-02]
 [-1.19467260e+00 -5.93872320e+00  0.00000000e+00  0.00000000e+00
  -5.16171521e-01 -3.18675461e-01]]
[03/30/2022, 00:08:40] computing sampling shap 4175:4185 within 65.2613 sec, 6.5688 on average
[03/30/2022, 00:08:40] instances left: 429
[03/30/2022, 00:08:40] estimating time left: 0:46:58.015200

[[-6.48239986e-01  4.22883620e+00 -1.99158052e-01  6.45172562e-03
   2.08640143e-01 -1.67255065e-02]
 [-2.00090497e-01  1.39311125e+01  0.00000000e+00 -5.33028088e-04
   6.20325924e-01 -1.02833482e-02]
 [-1.51198457e+00 -5.42841682e+00 -1.74281417e-01  0.00000000e+00
  -3.84469260e-01 -2.51758938e-01]
 [-1.61770148e-01  1.39573370e+01  0.00000000e+00  0.00000000e+00
   6.11752584e-01 -1.93494678e-01]
 [-1.06283550e+00 -5.75075042e+00 -3.30810488e-01 -2.25443478e-04
  -1.47398296e+00  1.88918135e-01]
 [-3.71864998e-01 -4.08166351e+00  7.72339711e+00 -1.86341915e-04
   6.46763253e-01 -1.45915474e-01]
 [-9.45287924e-01 -5.95809820e+00 -8.43308453e-02  0.00000000e+00
   1.82549518e-01  5.70177040e-03]
 [-1.28550122e+00 -5.64309011e+00 -1.14908857e-01  0.00000000e+00
   7.13183377e-01 -2.16937103e-01]
 [-1.01314749e+00 -5.88805328e+00 -2.00634979e-01  0.00000000e+00
   7.20263249e-01 -9.84009639e-02]
 [-1.38808082e+00 -5.72300849e+00  0.00000000e+00 -3.82505581e-04
   2.74700054e-01  4.19772836e-01]]
[03/30/2022, 00:09:46] computing sampling shap 4185:4195 within 65.9834 sec, 6.5696 on average
[03/30/2022, 00:09:46] instances left: 419
[03/30/2022, 00:09:46] estimating time left: 0:45:52.662400

[[-3.48709158e-01  1.42192395e+01  0.00000000e+00 -3.59107354e-04
  -7.72320318e-01 -2.04320808e-01]
 [-1.18787532e+00 -5.82858756e+00  0.00000000e+00  0.00000000e+00
   6.78998796e-01 -1.52405699e-01]
 [-1.46986022e+00 -5.64367733e+00 -8.69754612e-02 -1.86341857e-04
  -3.45738552e-01  1.04101103e-01]
 [-1.40463405e+00 -5.76683931e+00  0.00000000e+00 -1.86341433e-04
  -3.80175742e-01  3.01931237e-01]
 [ 4.02448209e+00  7.55282493e-01  0.00000000e+00 -2.25444777e-04
  -4.97889293e-01  3.94187902e-02]
 [-2.87772900e-01  1.41959221e+01 -1.59786531e-01 -2.87234547e-04
   6.17371973e-01 -1.51622770e-01]
 [-1.25268385e+00 -5.83026147e+00 -8.69988743e-02 -1.86342268e-04
   7.61164288e-01 -1.38286997e-01]
 [ 3.77019413e+00  1.09922480e+00 -8.67342876e-02 -6.98852623e-04
  -1.39894340e+00 -1.88911123e-01]
 [-1.33548774e+00 -5.67718420e+00 -8.54126760e-02 -3.93031665e-04
  -5.73597370e-01 -2.96167739e-01]
 [-7.83793857e-01 -6.17510899e+00 -8.54512413e-02 -1.86342419e-04
  -4.91138501e-01  3.61868032e-01]]
[03/30/2022, 00:10:51] computing sampling shap 4195:4205 within 65.7434 sec, 6.5698 on average
[03/30/2022, 00:10:51] instances left: 409
[03/30/2022, 00:10:51] estimating time left: 0:44:47.048200

[[ 3.73421457e+00  1.02649253e+00 -8.49454631e-02  0.00000000e+00
   2.62127965e-02  2.06212190e-01]
 [-4.75743141e-01  1.43509804e+01  0.00000000e+00 -2.06687380e-04
   2.57010082e-01 -1.16369653e-01]
 [-3.98858880e-01  3.72233746e+00  0.00000000e+00 -3.68063974e-04
  -2.68307191e-02  2.63935739e-01]
 [-8.88378938e-01 -5.93856915e+00 -2.53912104e-01  0.00000000e+00
  -9.50273446e-02 -2.49138613e-01]
 [-1.15101386e+00 -5.81488306e+00  0.00000000e+00  0.00000000e+00
  -7.84352620e-01  1.80519774e-01]
 [-1.13101151e+00 -5.90142053e+00 -8.68241823e-02  0.00000000e+00
  -3.42263765e-01 -7.16656184e-03]
 [ 5.02835176e+00  1.01419843e+01 -8.94042665e-02 -1.00736735e-03
  -1.28933806e-02  2.38401007e-01]
 [-2.46533425e-01  1.41248440e+01  0.00000000e+00  0.00000000e+00
  -7.32023477e-01 -2.78488271e-01]
 [-1.25112788e+00 -5.65245571e+00 -1.64984185e-01  0.00000000e+00
   2.41305849e-01 -1.48120959e-01]
 [-9.73688847e-01 -6.11714517e+00  0.00000000e+00  0.00000000e+00
  -4.46556769e-01 -1.54989852e-01]]
[03/30/2022, 00:11:54] computing sampling shap 4205:4215 within 62.6736 sec, 6.5616 on average
[03/30/2022, 00:11:54] instances left: 399
[03/30/2022, 00:11:54] estimating time left: 0:43:38.078400

[[-1.15006100e+00 -5.98637060e+00  0.00000000e+00  0.00000000e+00
   3.93550125e-01  6.69930028e-02]
 [-3.45658369e-01  1.41688947e+01  0.00000000e+00 -8.71515827e-04
  -2.96855541e-01 -1.45920546e-01]
 [ 1.92983979e+01 -2.70666546e+00  0.00000000e+00  0.00000000e+00
  -1.64954146e-01 -8.99343421e-02]
 [-5.72308973e-01  3.79964066e+00  0.00000000e+00  0.00000000e+00
   3.47365328e-01 -5.20491539e-02]
 [-1.20325550e+00 -5.90697998e+00  0.00000000e+00  0.00000000e+00
  -4.75412326e-02  1.14260264e-01]
 [ 9.34139034e+00  7.23821027e+00  0.00000000e+00  0.00000000e+00
   2.74037914e-01 -1.61209023e-01]
 [-1.19294918e+00  4.72633356e+00 -2.18680850e-01  0.00000000e+00
  -3.49380105e-02  4.18437628e-03]
 [-1.51043863e+00 -5.57651483e+00  0.00000000e+00  0.00000000e+00
   7.09968985e-01 -1.47155525e-01]
 [-1.93533518e-01  1.42146121e+01 -8.37267726e-02 -2.87233642e-04
  -1.31144386e-01 -2.57385361e-01]
 [ 3.93225951e+00  1.04198489e+00 -8.43845634e-02  0.00000000e+00
  -7.04969182e-01  1.29032169e-01]]
[03/30/2022, 00:13:01] computing sampling shap 4215:4225 within 67.1653 sec, 6.5657 on average
[03/30/2022, 00:13:01] instances left: 389
[03/30/2022, 00:13:01] estimating time left: 0:42:34.057300

[[-1.15843581e+00 -5.81079479e+00 -8.82064315e-02  0.00000000e+00
   6.80934188e-01 -1.13367122e-01]
 [-1.31433485e+00 -5.65864911e+00 -8.69519072e-02  0.00000000e+00
  -5.02610387e-02  1.48450526e-01]
 [ 9.86319649e+00  6.83885004e+00  0.00000000e+00 -7.43716106e-04
  -5.32269790e-02 -1.01416547e-01]
 [-1.17664028e+00 -5.79122342e+00 -8.54745150e-02  0.00000000e+00
   6.71514932e-01 -1.65430118e-01]
 [-6.11494963e-01  6.63831435e+00  7.74263803e+00  0.00000000e+00
  -9.36450535e-02 -9.82263332e-02]
 [-1.38771753e-01  1.39390633e+01  0.00000000e+00  0.00000000e+00
  -1.11448060e+00 -2.50350157e-01]
 [-6.21337272e-01  3.93831647e+00  0.00000000e+00  0.00000000e+00
   2.91024111e-01 -9.88218864e-02]
 [-2.96637273e-01  1.41825371e+01 -8.58147303e-02 -3.49667132e-04
   5.84222911e-02  4.53634625e-01]
 [-1.22906585e+00 -5.56433611e+00 -1.23621396e-01  1.72777049e-03
  -4.06981810e-01  4.49317174e-01]
 [-9.52771512e-01 -6.04114927e+00  0.00000000e+00  0.00000000e+00
  -1.24405003e+00  1.03417906e+00]]
[03/30/2022, 00:14:07] computing sampling shap 4225:4235 within 65.9542 sec, 6.5664 on average
[03/30/2022, 00:14:07] instances left: 379
[03/30/2022, 00:14:07] estimating time left: 0:41:28.665600

[[-1.26595755e+00 -5.72934905e+00  0.00000000e+00  0.00000000e+00
   1.71297202e-01  3.72348430e-01]
 [-5.16336906e-01  1.43456151e+01  0.00000000e+00  0.00000000e+00
  -6.84561214e-01  5.30934686e-02]
 [-8.23657222e-01 -5.96289737e+00 -3.23197178e-01  0.00000000e+00
  -3.22147501e-01  2.97782369e-01]
 [-1.10221768e+00 -5.83943867e+00  0.00000000e+00 -2.25445651e-04
   1.95685505e-01 -1.88110464e-01]
 [-1.17743955e+00 -5.60579466e+00 -1.52889207e-01  0.00000000e+00
   1.53331877e-01  1.88631904e-01]
 [-1.75932919e-01  3.54103816e+00 -1.11335488e-01  0.00000000e+00
   7.07040585e-01 -1.76896571e-01]
 [ 3.94201180e+00  7.77157925e-01 -8.84230808e-02  0.00000000e+00
   5.91009642e-01 -1.31670209e-01]
 [-1.13846683e+00 -5.88390528e+00  0.00000000e+00  0.00000000e+00
  -7.00848932e-01  5.17941291e-01]
 [-1.16702654e+00 -5.81658041e+00 -8.53898946e-02  0.00000000e+00
  -7.04877534e-02  3.59867913e-02]
 [ 9.33360673e+00  7.18903885e+00 -9.46217565e-02  0.00000000e+00
  -4.34097291e-01  4.59481575e-01]]
[03/30/2022, 00:15:13] computing sampling shap 4235:4245 within 66.084 sec, 6.5675 on average
[03/30/2022, 00:15:13] instances left: 369
[03/30/2022, 00:15:13] estimating time left: 0:40:23.407500

[[-1.34917368e+00 -5.84988967e+00  0.00000000e+00  3.25721934e-03
  -1.49831342e+00 -2.27044023e-01]
 [-3.77258916e-01  3.74668460e+00 -8.73249440e-02 -5.19087246e-04
   6.88155040e-01 -1.10451714e-01]
 [-1.85419354e-01  1.40609560e+01  0.00000000e+00 -5.55500702e-04
  -4.19715081e-02  1.29786751e-01]
 [-1.21880077e+00 -5.91227134e+00 -1.20450150e-01  0.00000000e+00
  -6.83806841e-01 -2.62852050e-01]
 [-1.14347351e+00 -5.93829412e+00  0.00000000e+00  0.00000000e+00
   7.17095352e-01 -1.25197416e-01]
 [-1.46974316e+00 -5.49295622e+00 -8.67164602e-02  0.00000000e+00
  -7.22777810e-01  2.02463426e-01]
 [-1.44902736e+00 -5.59168841e+00  0.00000000e+00  0.00000000e+00
   2.58214284e-01 -1.69645898e-02]
 [-1.89711783e-01  1.38782411e+01  0.00000000e+00  0.00000000e+00
   6.74798560e-01 -1.81606513e-01]
 [ 3.72778649e+00  1.02739220e+00  0.00000000e+00  4.93145890e-03
   6.01180995e-02 -9.79194493e-02]
 [ 3.70070841e+00  1.01150963e+00  0.00000000e+00  0.00000000e+00
   5.29714224e-01 -6.24675098e-02]]
[03/30/2022, 00:16:16] computing sampling shap 4245:4255 within 63.0429 sec, 6.5611 on average
[03/30/2022, 00:16:16] instances left: 359
[03/30/2022, 00:16:16] estimating time left: 0:39:15.434900

[[-1.16899214e-01  3.53118610e+00 -1.47040530e-01 -2.28471843e-04
   6.92039344e-01 -1.44548745e-01]
 [-5.69061466e-01  3.97641597e+00  0.00000000e+00  0.00000000e+00
  -3.46051723e-01  2.70550356e-01]
 [-1.18811321e-01  1.40504054e+01  0.00000000e+00  1.86617392e-03
  -1.37909028e+00  4.72967346e-01]
 [-1.10188960e+00 -5.70852624e+00 -2.15747168e-01 -3.72681847e-04
  -4.18611944e-01 -3.05763564e-01]
 [-4.80458695e-01  3.89971542e+00  0.00000000e+00 -1.86341568e-04
  -4.26442493e-01 -1.05440545e-01]
 [-1.31037890e+00 -5.63877332e+00 -8.69925838e-02  0.00000000e+00
  -7.20579979e-01  3.88742504e-01]
 [-6.08265829e-01  4.10091399e+00  0.00000000e+00  0.00000000e+00
  -8.65449740e-01 -2.28377033e-01]
 [-1.33470346e+00 -5.66535450e+00  0.00000000e+00 -1.86340913e-04
   6.93377493e-01 -2.40387021e-01]
 [-2.81410058e-01  3.83471212e+00 -1.48743747e-01  0.00000000e+00
   2.21423774e-01 -1.16800494e-01]
 [-1.34718921e+00 -5.83274586e+00  0.00000000e+00  0.00000000e+00
  -1.53023575e+00  6.14414188e-02]]
[03/30/2022, 00:17:22] computing sampling shap 4255:4265 within 65.5149 sec, 6.5609 on average
[03/30/2022, 00:17:22] instances left: 349
[03/30/2022, 00:17:22] estimating time left: 0:38:09.754100

[[-5.30028689e-01  3.72500683e+00  0.00000000e+00  0.00000000e+00
   6.54930795e-01  1.91232831e-01]
 [ 4.55952807e+00  4.37480114e-01 -8.84635924e-02  0.00000000e+00
  -3.34197549e-01 -1.90455565e-01]
 [-9.95033800e-01 -6.15343354e+00  0.00000000e+00  0.00000000e+00
   7.71153477e-01 -1.69939218e-01]
 [-1.08786958e+00 -5.82999678e+00 -1.48311178e-01  0.00000000e+00
  -6.40010023e-01 -2.62055613e-01]
 [ 4.12781616e+00  1.09791139e+01  0.00000000e+00 -3.07580593e-04
   2.58500295e-01 -6.48256822e-02]
 [-4.82367897e-01  3.81380131e+00 -8.43190497e-02  0.00000000e+00
   4.00518376e-02  2.25652028e-01]
 [ 4.00398407e+00  8.89010261e-01 -8.70725658e-02  0.00000000e+00
  -2.46767788e-01  3.37254364e-02]
 [-1.75658199e+00 -5.29393973e+00 -2.55642318e-01 -4.32133299e-04
   8.66096127e-02 -5.61651884e-02]
 [-1.00644594e+00 -6.22401657e+00  0.00000000e+00 -1.86342202e-04
  -1.60699490e+00 -1.82888949e-01]
 [-1.39494248e+00 -5.49846579e+00 -8.84419229e-02  3.85514767e-03
   6.25566043e-01 -1.94824349e-01]]
[03/30/2022, 00:18:26] computing sampling shap 4265:4275 within 63.9877 sec, 6.5571 on average
[03/30/2022, 00:18:26] instances left: 339
[03/30/2022, 00:18:26] estimating time left: 0:37:02.856900

[[-7.09685515e-02  3.37908148e+00  0.00000000e+00 -1.86341590e-04
   2.87372161e-01 -1.25806536e-01]
 [-1.17532666e+00 -6.00288412e+00  0.00000000e+00  0.00000000e+00
  -3.95370684e-01  7.31147208e-01]
 [-1.20811994e+00 -5.53991036e+00 -2.32423708e-01  0.00000000e+00
   6.24145714e-01 -1.67831905e-01]
 [-1.21112099e+00 -5.66308636e+00 -2.44906314e-01  0.00000000e+00
   7.45541202e-01 -1.50567730e-01]
 [ 3.88924701e+00  9.42363098e-01  0.00000000e+00 -5.29076678e-04
  -1.39895822e-01  2.37330586e-01]
 [-8.91819360e-01 -6.04502914e+00 -1.13005338e-01 -2.25446361e-04
  -6.60802858e-01 -1.56096051e-02]
 [ 4.08989656e+00  5.76368452e-01  0.00000000e+00  0.00000000e+00
  -1.57682192e+00  2.67640925e-01]
 [-9.36228845e-01 -6.09157459e+00 -2.14069433e-01 -3.07581814e-04
  -2.40529977e-01 -6.55180710e-02]
 [-1.15811014e+00 -5.70903099e+00 -8.71683923e-02  0.00000000e+00
   5.84660202e-01 -1.54490989e-01]
 [ 3.54401745e+00  1.16056862e+00  0.00000000e+00  0.00000000e+00
  -5.08688921e-01  2.08361011e-01]]
[03/30/2022, 00:19:33] computing sampling shap 4275:4285 within 66.9425 sec, 6.5602 on average
[03/30/2022, 00:19:33] instances left: 329
[03/30/2022, 00:19:33] estimating time left: 0:35:58.305800

[[-2.33649689e-01  1.41487670e+01  0.00000000e+00  0.00000000e+00
  -2.88169986e-01  2.90281083e-01]
 [-2.25938316e-01  1.40720935e+01  0.00000000e+00  5.70715237e-03
   2.29411819e-01  2.26071118e-01]
 [-1.07849595e+00 -5.87535743e+00 -2.17153997e-01 -2.06687694e-04
  -3.43304756e-01 -2.36392090e-01]
 [ 4.04055113e+00  8.36442821e-01 -1.49333181e-01  0.00000000e+00
   3.35645595e-02  1.50623250e-01]
 [-3.74483420e-01 -3.02810156e+00  1.69991155e+01 -3.66443606e-04
  -1.03150827e-01 -9.31303326e-02]
 [-3.82638172e-01  3.63419509e+00  0.00000000e+00  0.00000000e+00
  -2.39011144e-01  2.15216045e-01]
 [-3.24855037e-01  1.41638796e+01  0.00000000e+00 -5.75116481e-04
  -7.53845129e-01 -2.47051617e-01]
 [ 4.13425450e+00  7.19636474e-01  0.00000000e+00  0.00000000e+00
  -2.33425942e-02 -1.08239916e-01]
 [-1.11643326e+00 -5.93755105e+00  0.00000000e+00  6.48173027e-03
  -1.08642803e-01  5.47032793e-02]
 [-1.69538629e-01  1.41102550e+01 -1.42239509e-01  0.00000000e+00
  -6.60538097e-01 -2.13635831e-01]]
[03/30/2022, 00:20:38] computing sampling shap 4285:4295 within 65.7208 sec, 6.5605 on average
[03/30/2022, 00:20:38] instances left: 319
[03/30/2022, 00:20:38] estimating time left: 0:34:52.799500

[[-1.11255115e+00 -5.96338457e+00  0.00000000e+00  6.01294022e-03
   7.51351907e-01 -1.71298992e-01]
 [-1.15430364e+00 -5.84457656e+00  0.00000000e+00 -1.86341416e-04
   6.35452520e-01 -1.16359254e-01]
 [-1.37231567e+00 -5.56542024e+00  0.00000000e+00  0.00000000e+00
   5.68625297e-01 -1.55029669e-01]
 [-1.14871126e+00 -5.76609722e+00 -1.60753059e-01  0.00000000e+00
   2.76995416e-01 -2.33276992e-01]
 [-1.11854155e+00 -5.89527335e+00 -8.44807625e-02  0.00000000e+00
   7.34345397e-01 -1.25919109e-01]
 [-6.84334183e-01  4.07886429e+00  0.00000000e+00  0.00000000e+00
  -7.23916229e-02  2.22043828e-02]
 [-1.24687849e+00 -5.90334499e+00  0.00000000e+00  0.00000000e+00
   3.37665399e-01 -1.62825045e-01]
 [-2.88437138e-01  3.63693613e+00  0.00000000e+00  0.00000000e+00
   2.17029446e-01 -1.99637230e-02]
 [-1.50044744e+00 -5.63495110e+00 -8.53253393e-02  8.26186363e-03
  -2.53639837e-01 -1.16825795e-01]
 [-1.38221359e+00 -5.57234942e+00 -8.82357213e-02 -2.06686797e-04
   1.97898140e-01 -8.30864408e-02]]
[03/30/2022, 00:21:42] computing sampling shap 4295:4305 within 63.9539 sec, 6.5569 on average
[03/30/2022, 00:21:42] instances left: 309
[03/30/2022, 00:21:42] estimating time left: 0:33:46.082100

[[-1.43050797e+00 -5.67831258e+00  0.00000000e+00 -1.03652111e-03
  -7.34642004e-01  1.85102419e-01]
 [-5.88944995e-01 -3.72992219e+00  7.47129686e+00  0.00000000e+00
  -3.85854416e-01 -2.72849069e-01]
 [-9.65144050e-01 -5.99715172e+00 -8.99808252e-02  0.00000000e+00
   2.66261356e-01 -1.33117421e-01]
 [-6.45749582e-01 -6.34992542e+00 -8.29159626e-02  2.06757635e-03
  -3.45843886e-01  3.55241496e-01]
 [ 3.88215621e+00  9.25504886e-01 -8.75823490e-02  0.00000000e+00
   3.08042213e-01 -1.47783516e-01]
 [ 3.77337093e+00  1.13169569e+01  0.00000000e+00  0.00000000e+00
  -2.20592758e-01  5.79220608e-01]
 [-1.21347207e+00 -5.99889406e+00  0.00000000e+00  3.84046505e-03
  -4.69410452e-01 -2.43836957e-01]
 [-1.12122172e+00 -5.92963745e+00  0.00000000e+00  0.00000000e+00
   2.31381178e-01 -9.96549953e-02]
 [-5.66881031e-01  4.02015236e+00 -8.51980950e-02  0.00000000e+00
  -3.44840053e-01  2.77142329e-01]
 [-2.01306357e-01  1.41570647e+01  0.00000000e+00  0.00000000e+00
  -1.39479980e+00  4.89187343e-01]]
[03/30/2022, 00:22:47] computing sampling shap 4305:4315 within 64.7607 sec, 6.5552 on average
[03/30/2022, 00:22:47] instances left: 299
[03/30/2022, 00:22:47] estimating time left: 0:32:40.004800

[[-8.96650683e-01 -6.04956094e+00 -1.88520964e-01  0.00000000e+00
  -1.27087824e-02  1.88665863e-01]
 [-8.83412508e-01 -6.17676627e+00  0.00000000e+00  0.00000000e+00
  -1.62207796e+00  3.10836493e-01]
 [ 4.19462532e+00  5.81671778e-01 -8.66472527e-02  0.00000000e+00
   5.08881437e-01 -1.41718622e-01]
 [-2.83061151e-01  1.40558238e+01  0.00000000e+00  0.00000000e+00
   4.42990803e-02 -9.26879142e-02]
 [-8.36677850e-01 -6.11128899e+00 -1.71000937e-01  3.88676957e-03
   2.86140953e-01 -1.71158490e-01]
 [-7.82046418e-01 -6.26635527e+00 -8.70911601e-02  0.00000000e+00
   2.94839448e-01 -1.59444560e-01]
 [-6.33489842e-01  3.93932172e+00  0.00000000e+00  0.00000000e+00
  -2.91191066e-01  2.85735130e-01]
 [ 3.90433208e+00  1.11772110e+01  0.00000000e+00  0.00000000e+00
   4.73220031e-01 -1.25348673e-01]
 [-2.18614054e-01  1.41219589e+01  0.00000000e+00  0.00000000e+00
   4.49433808e-01 -9.69879624e-02]
 [-1.12557780e+00 -5.83609915e+00 -1.59449132e-01  0.00000000e+00
  -3.28141459e-01 -1.94185040e-02]]
[03/30/2022, 00:23:52] computing sampling shap 4315:4325 within 64.8479 sec, 6.5537 on average
[03/30/2022, 00:23:52] instances left: 289
[03/30/2022, 00:23:52] estimating time left: 0:31:34.019300

[[-6.64329566e-01 -3.76200766e+00  7.72302212e+00  0.00000000e+00
   5.98323675e-01 -9.68963863e-02]
 [-1.21842181e+00 -5.81034230e+00 -8.50208232e-02  0.00000000e+00
  -5.51848259e-01  6.15253153e-01]
 [-1.42081174e+00 -5.63482826e+00  0.00000000e+00 -1.86341302e-04
   6.61811859e-01 -7.94625401e-03]
 [-1.10926204e+00 -5.92481280e+00  0.00000000e+00 -1.86342110e-04
   6.96679876e-01 -1.86558747e-01]
 [-1.20330130e+00 -5.68781584e+00 -1.23526798e-01  0.00000000e+00
  -3.86249128e-01  4.48961986e-01]
 [-1.36154021e+00 -5.74188950e+00  0.00000000e+00 -1.86342031e-04
  -2.45755987e-02 -2.01908201e-01]
 [-2.23209976e-01  1.42372588e+01 -8.50723456e-02  0.00000000e+00
  -1.57222132e+00 -2.73847457e-01]
 [ 4.03180945e+00  1.10407329e+01  0.00000000e+00 -4.42040263e-04
  -3.58869240e-01  1.94310528e-03]
 [-3.51591193e-01  3.66603303e+00 -8.41122594e-02  0.00000000e+00
   3.25556176e-01  1.23013091e-01]
 [-5.69099440e-01  3.90004323e+00  0.00000000e+00  0.00000000e+00
  -2.10105722e-02 -9.86840665e-02]]
[03/30/2022, 00:25:00] computing sampling shap 4325:4335 within 67.6578 sec, 6.5581 on average
[03/30/2022, 00:25:00] instances left: 279
[03/30/2022, 00:25:00] estimating time left: 0:30:29.709900

[[-9.57163485e-01 -5.96096128e+00 -8.99909986e-02 -1.86341519e-04
  -1.73349068e-01 -1.84585608e-01]
 [-1.15110634e+00 -5.94458013e+00  0.00000000e+00  0.00000000e+00
   7.45314249e-01 -1.96880757e-01]
 [-5.99958506e-01 -6.33225496e+00 -1.86838644e-01  0.00000000e+00
   7.83058528e-01 -2.11259520e-01]
 [ 9.34139831e+00  7.16213840e+00  0.00000000e+00 -7.12985466e-04
   4.77847327e-01 -9.80929290e-02]
 [ 9.94115962e+00 -1.47639256e+00  7.80595332e+00  0.00000000e+00
   5.75951280e-01 -1.11431940e-02]
 [-1.29557366e+00 -5.87401922e+00  0.00000000e+00 -1.86341255e-04
  -1.66250230e-02 -2.94205017e-02]
 [-1.27156252e+00 -5.59796332e+00 -8.67053143e-02  0.00000000e+00
   5.75622254e-01 -1.43531744e-01]
 [-8.99065432e-01 -5.99307127e+00 -1.70968528e-01 -2.25444742e-04
   2.04180146e-01  5.69778384e-01]
 [-9.42116099e-01 -6.05005536e+00 -8.55893658e-02  0.00000000e+00
   2.71887477e-01 -1.22319841e-01]
 [-6.45530395e-01  4.06436627e+00 -8.55218592e-02 -1.86340948e-04
   6.54246803e-01 -2.03461412e-01]]
[03/30/2022, 00:26:03] computing sampling shap 4335:4345 within 63.3667 sec, 6.5536 on average
[03/30/2022, 00:26:03] instances left: 269
[03/30/2022, 00:26:03] estimating time left: 0:29:22.918400

[[-7.34134608e-01  4.06262572e+00  0.00000000e+00  2.46150539e-03
  -3.35407562e-01  2.51710319e-01]
 [-1.08586874e+00 -5.73833835e+00 -1.62584581e-01  0.00000000e+00
   2.76525755e-01  3.43770592e-02]
 [-3.99746899e-01  1.41860638e+01  0.00000000e+00 -2.25445553e-04
   3.20681530e-01 -2.23578154e-01]
 [-7.24381573e-01  4.02277498e+00  0.00000000e+00 -3.44863787e-04
   6.80453250e-01 -1.94588515e-01]
 [-1.09355900e+00 -5.83159056e+00 -1.21043105e-01  0.00000000e+00
   6.78061918e-01 -1.79122650e-01]
 [-1.33504018e+00 -5.76621819e+00  0.00000000e+00  0.00000000e+00
  -3.65416768e-01 -1.58421021e-01]
 [-8.36081460e-01 -6.22692008e+00  0.00000000e+00  0.00000000e+00
   6.85991141e-01 -6.11368958e-02]
 [-5.66962089e-01  1.45245088e+01 -8.67612453e-02  0.00000000e+00
   2.77729946e-01 -2.65320837e-01]
 [-1.17824461e+00 -5.96700186e+00 -8.67176225e-02  6.46212374e-03
   3.93301147e-01  4.22580007e-03]
 [ 9.41808267e+00  7.04237182e+00  0.00000000e+00 -2.25444729e-04
  -3.17987377e-01  3.36627198e-01]]
[03/30/2022, 00:27:07] computing sampling shap 4345:4355 within 64.4096 sec, 6.5514 on average
[03/30/2022, 00:27:07] instances left: 259
[03/30/2022, 00:27:07] estimating time left: 0:28:16.812600

[[-1.41363804e+00 -5.47393416e+00 -1.67233470e-01  0.00000000e+00
  -9.88021831e-01  1.97124243e-01]
 [-9.47709318e-01 -6.08319252e+00 -8.55382045e-02 -7.32949490e-04
  -1.31851006e+00  8.70653390e-01]
 [-1.05389821e+00 -5.95884796e+00 -1.69823394e-01  0.00000000e+00
  -6.62998440e-01 -3.15956859e-01]
 [-9.67995390e-01 -6.09933226e+00  0.00000000e+00 -5.10018456e-04
   7.20776670e-01 -1.32911840e-01]
 [-1.14959487e+00 -5.91463472e+00  0.00000000e+00  0.00000000e+00
  -1.55064805e+00 -1.34824358e-01]
 [-3.56153034e-01  1.40715542e+01  0.00000000e+00  0.00000000e+00
  -1.09794723e-02 -4.24315417e-03]
 [ 9.32919675e+00  7.18025060e+00  0.00000000e+00  0.00000000e+00
   4.57024916e-01 -1.53881278e-01]
 [-1.22193566e-01  3.50578887e+00  0.00000000e+00  0.00000000e+00
   5.80358638e-01 -9.63319467e-02]
 [ 9.04421539e+00  7.44172212e+00  0.00000000e+00  9.97212435e-05
   4.71209591e-01  1.17834359e-01]
 [-1.36753541e+00 -5.54950738e+00 -8.69994156e-02 -2.06688646e-04
   1.82046226e-01 -2.09640177e-01]]
[03/30/2022, 00:28:11] computing sampling shap 4355:4365 within 63.63 sec, 6.5478 on average
[03/30/2022, 00:28:11] instances left: 249
[03/30/2022, 00:28:11] estimating time left: 0:27:10.402200

[[-1.26406588e+00 -5.75306038e+00  0.00000000e+00  0.00000000e+00
   2.72329722e-01 -2.87046786e-01]
 [-4.82988059e-01  1.42141317e+01  0.00000000e+00 -3.19427578e-01
   6.18636797e-01 -9.81664546e-02]
 [-1.60714967e-01  1.41251509e+01 -1.40605974e-01  0.00000000e+00
   2.94732531e-01 -3.40637740e-02]
 [-1.49055569e+00 -5.67678754e+00  0.00000000e+00  0.00000000e+00
  -3.02128478e-01 -1.13455645e-01]
 [-6.00235399e-01  4.14338831e+00 -1.47418515e-01  0.00000000e+00
  -7.79067480e-02 -8.92797388e-02]
 [-1.24715761e+00 -5.84312314e+00 -1.51033076e-01 -4.72675483e-04
  -3.85074531e-01  6.34026417e-01]
 [-1.37072709e+00 -5.74408841e+00  0.00000000e+00  0.00000000e+00
   3.27780866e-01  1.96810744e-01]
 [-3.79107873e-01  3.75225857e+00  0.00000000e+00 -2.06687273e-04
   6.01797472e-01 -1.15456839e-01]
 [ 1.88865054e+01 -2.43583477e+00 -8.52204168e-02  6.87209322e-03
   5.29122632e-01 -1.35694710e-01]
 [-9.02208129e-01 -6.31477764e+00  0.00000000e+00  0.00000000e+00
  -1.92445785e-02 -1.29536173e-02]]
[03/30/2022, 00:29:16] computing sampling shap 4365:4375 within 64.5796 sec, 6.5461 on average
[03/30/2022, 00:29:16] instances left: 239
[03/30/2022, 00:29:16] estimating time left: 0:26:04.517900

[[-1.30537867e+00 -5.74466479e+00  0.00000000e+00  0.00000000e+00
  -1.57067046e+00  2.45034160e-01]
 [-1.21535285e+00 -5.80064590e+00  0.00000000e+00 -5.09581945e-04
   2.06617957e-01  2.19666608e-01]
 [ 3.49174287e+00  1.15817062e+00  0.00000000e+00  0.00000000e+00
   5.82617505e-01 -1.75718090e-01]
 [-3.80720399e-01  1.43091021e+01  0.00000000e+00  2.94010750e-03
  -4.94332371e-01  6.17919983e-01]
 [-9.22893806e-01 -5.89320086e+00 -2.98775335e-01 -5.79372419e-04
  -1.14011581e-01 -1.00638882e-01]
 [-2.10500167e-01  1.40315593e+01  0.00000000e+00  0.00000000e+00
   2.45159755e-01  2.54184191e-01]
 [-8.64764838e-01 -6.17349706e+00  0.00000000e+00 -2.06689547e-04
  -1.69283663e+00 -4.37839998e-02]
 [ 9.28376044e+00  7.21272535e+00  0.00000000e+00  0.00000000e+00
   4.80652313e-01 -1.64547035e-01]
 [-4.42768604e-01  3.69931030e+00  0.00000000e+00 -2.25444576e-04
   5.54654423e-01  3.15974359e-01]
 [-3.70473814e-01  3.71635968e+00  0.00000000e+00  0.00000000e+00
   2.57266695e-01 -8.78575491e-02]]
[03/30/2022, 00:30:19] computing sampling shap 4375:4385 within 62.8673 sec, 6.5413 on average
[03/30/2022, 00:30:19] instances left: 229
[03/30/2022, 00:30:19] estimating time left: 0:24:57.957700

[[-2.82379317e-01  3.50831682e+00  0.00000000e+00  0.00000000e+00
   7.28095627e-01 -1.70119609e-01]
 [-1.28382687e+00 -5.63877893e+00 -1.20544505e-01 -3.72682037e-04
   6.62912066e-01 -1.66642832e-01]
 [-9.75720666e-01 -6.06407825e+00 -8.80919063e-02  0.00000000e+00
   3.32588341e-01 -1.10125091e-01]
 [-1.25929601e+00 -5.84234963e+00  0.00000000e+00  0.00000000e+00
  -8.94695906e-02 -5.80688677e-02]
 [ 3.70977351e+00  1.14135953e+01 -8.71185647e-02  0.00000000e+00
   3.25574059e-01 -8.69532216e-02]
 [ 9.65749539e+00  6.84096389e+00  0.00000000e+00  0.00000000e+00
   4.87302126e-01 -1.73170511e-01]
 [-1.22763855e+00 -5.80647667e+00 -8.72120362e-02 -2.25445899e-04
   3.39946226e-01  1.37701903e-01]
 [-4.51657653e-01  3.95897589e+00 -8.32162460e-02  0.00000000e+00
   2.00194545e-01 -1.80925083e-01]
 [-1.05395823e+00 -5.91140882e+00 -8.84240226e-02  3.10141004e-03
  -9.82302159e-02  2.21506701e-01]
 [ 4.11891355e+00  1.09541869e+01  0.00000000e+00  0.00000000e+00
   4.76998956e-01 -1.20684735e-01]]
[03/30/2022, 00:31:19] computing sampling shap 4385:4395 within 60.8164 sec, 6.533 on average
[03/30/2022, 00:31:19] instances left: 219
[03/30/2022, 00:31:19] estimating time left: 0:23:50.727000

[[-1.01925212e+00 -5.88468217e+00  0.00000000e+00 -2.47227802e-04
   1.55897941e-01  4.98493931e-03]
 [-1.19097680e+00 -5.93596977e+00  0.00000000e+00 -4.50888292e-04
  -7.90484957e-01  2.12567526e-01]
 [ 3.80867764e+00  1.03412066e+00 -8.72749856e-02  0.00000000e+00
   4.56319652e-01 -1.55030210e-01]
 [-1.15600635e+00 -5.92203702e+00 -8.81567403e-02  0.00000000e+00
   7.90353029e-01 -1.48293604e-01]
 [ 9.63515623e+00  6.91800572e+00  0.00000000e+00 -1.58869462e-03
   4.62150698e-01 -2.01132727e-01]
 [ 8.41717232e+00 -3.70276541e+00  0.00000000e+00  0.00000000e+00
  -6.83065517e-01 -2.00736081e-01]
 [ 3.97940766e+00  7.79750374e-01  0.00000000e+00 -5.73452443e-04
   4.94996892e-01 -1.49059923e-01]
 [-5.31814589e-01  3.90196255e+00  0.00000000e+00 -2.06687601e-04
  -8.29862063e-02  2.52906032e-01]
 [-1.37801918e+00 -5.53309340e+00 -8.85244601e-02  1.12340468e-03
  -1.25433425e+00  1.05357879e+00]
 [-1.06489134e+00 -5.96288911e+00  0.00000000e+00  0.00000000e+00
  -7.89936599e-02  1.47999173e-01]]
[03/30/2022, 00:32:22] computing sampling shap 4395:4405 within 62.9666 sec, 6.5287 on average
[03/30/2022, 00:32:22] instances left: 209
[03/30/2022, 00:32:22] estimating time left: 0:22:44.498300

[[-1.10075630e+00 -5.88405492e+00  0.00000000e+00  0.00000000e+00
  -5.77865690e-01  5.15580879e-01]
 [-1.22073830e+00 -5.64030274e+00 -2.28719851e-01 -2.18002254e-04
  -4.01275042e-01 -9.03634540e-02]
 [-1.36385525e+00 -5.74800974e+00  0.00000000e+00  6.90527764e-03
  -6.61927608e-02 -1.00144797e-01]
 [-1.18904457e+00 -5.98008749e+00  0.00000000e+00  0.00000000e+00
   3.78107056e-01 -2.09073264e-01]
 [-8.43305384e-01 -6.27403359e+00  0.00000000e+00  0.00000000e+00
   2.88457525e-01 -9.93113690e-02]
 [-1.48770020e-01  3.51448744e+00 -8.46982369e-02  3.00881044e-03
   2.60444466e-02 -2.61217107e-02]
 [ 3.91587131e+00  7.98314038e-01  0.00000000e+00  0.00000000e+00
   5.04862527e-01 -5.26941703e-02]
 [-1.17903248e+00 -5.94067631e+00  0.00000000e+00  3.82079351e-03
   8.92517240e-03  5.92286130e-01]
 [-6.47301815e-01  4.07886321e+00 -8.61106419e-02 -3.72685044e-04
   6.56480817e-01 -2.17645257e-01]
 [-1.16705541e+00 -5.62900798e+00 -2.21716382e-01  0.00000000e+00
  -8.39632222e-02  4.40324946e-01]]
[03/30/2022, 00:33:26] computing sampling shap 4405:4415 within 63.4773 sec, 6.5256 on average
[03/30/2022, 00:33:26] instances left: 199
[03/30/2022, 00:33:26] estimating time left: 0:21:38.594400

[[-1.19820335e+00 -5.93791659e+00 -8.83383168e-02  0.00000000e+00
  -3.87418198e-01  3.50825510e-01]
 [-2.86804995e-01  1.40893495e+01  0.00000000e+00  2.33854188e-03
   3.08630656e-01 -1.85887726e-01]
 [-1.11812526e+00 -5.88386505e+00 -1.57601351e-01  0.00000000e+00
  -2.37477635e-02 -2.07961166e-01]
 [-1.09252604e+00 -6.00724253e+00  0.00000000e+00 -2.06688862e-04
   3.08520555e-01 -1.36738359e-01]
 [ 9.51648968e+00  7.10137443e+00  0.00000000e+00 -7.43715635e-04
  -1.45671436e-01 -7.10994096e-02]
 [-7.85480866e-02  1.40192116e+01 -8.46761765e-02  0.00000000e+00
   2.88465535e-01 -4.17438391e-02]
 [-2.08597562e-01  3.63485584e+00  0.00000000e+00  0.00000000e+00
  -1.11953695e-01 -1.76114316e-01]
 [ 3.69853787e+00  1.17396406e+00 -8.69776642e-02  0.00000000e+00
   8.48200325e-03 -7.16977260e-02]
 [ 3.69513208e+00  1.13398323e+01  0.00000000e+00  0.00000000e+00
   5.36167043e-01 -1.25057397e-01]
 [-1.21427790e+00 -5.72431476e+00  0.00000000e+00 -1.86341613e-04
   6.07203519e-01 -2.15678025e-01]]
[03/30/2022, 00:34:29] computing sampling shap 4415:4425 within 63.2676 sec, 6.5222 on average
[03/30/2022, 00:34:29] instances left: 189
[03/30/2022, 00:34:29] estimating time left: 0:20:32.695800

[[-4.43110619e-01  3.85909896e+00  0.00000000e+00 -2.06687655e-04
  -1.03398240e-01 -7.67279499e-03]
 [ 4.92496454e+00  1.01484417e+01  0.00000000e+00  0.00000000e+00
  -2.50019090e-01  5.94588470e-01]
 [-1.24381149e+00 -5.53847716e+00 -1.73752243e-01  0.00000000e+00
   6.03994811e-01 -1.72093664e-01]
 [-4.74183798e-01  3.76389014e+00  0.00000000e+00 -1.86342544e-04
  -6.99752605e-01  2.16338219e-01]
 [-1.35147961e+00 -5.66414462e+00 -2.06115805e-01 -1.86340872e-04
  -2.86554351e-01 -1.83900499e-01]
 [-1.12213222e+00 -5.88302311e+00  0.00000000e+00 -3.30331856e-04
   5.61095029e-01  1.16072708e-01]
 [-1.22545781e+00 -5.68606772e+00 -8.85770281e-02 -4.01995237e-04
  -1.72738064e-01  5.11824695e-01]
 [-1.23035655e+00 -5.82002775e+00  0.00000000e+00  0.00000000e+00
  -3.60001276e-01  2.44707458e-01]
 [-9.36246370e-01 -5.96613494e+00 -8.82587450e-02 -4.13374048e-04
  -1.80296602e-01 -1.22101058e-01]
 [ 9.72180367e+00  6.65840065e+00  0.00000000e+00  0.00000000e+00
   5.59382075e-01  1.61960169e-01]]
[03/30/2022, 00:35:33] computing sampling shap 4425:4435 within 64.0491 sec, 6.5202 on average
[03/30/2022, 00:35:33] instances left: 179
[03/30/2022, 00:35:33] estimating time left: 0:19:27.115800

[[-5.61072577e-01  7.41626379e-01  3.08639727e+00 -3.06620169e-04
   6.82149171e-01 -3.50753549e-02]
 [ 1.01141093e+01  6.33800875e+00  0.00000000e+00  0.00000000e+00
  -1.50985569e+00  1.97684891e-01]
 [ 4.00206672e+00  8.56542057e-01 -8.53864665e-02  0.00000000e+00
  -1.65166129e+00 -1.62114538e-01]
 [-8.38989987e-01  4.19643515e+00  0.00000000e+00 -3.93029456e-04
  -5.83358052e-02 -4.79008722e-02]
 [-6.10315328e-01 -6.56364862e+00  0.00000000e+00 -2.18005908e-04
   3.77474868e-01 -1.08720565e-01]
 [ 3.89119900e+00  8.55457354e-01  0.00000000e+00 -5.19083208e-04
  -1.63041465e+00 -1.98136605e-01]
 [-1.08899307e+00 -5.77068621e+00 -8.80965473e-02  0.00000000e+00
  -1.43472522e+00  6.34137406e-01]
 [-1.36108464e+00 -5.74720769e+00  0.00000000e+00  0.00000000e+00
   6.97733480e-01 -1.13580994e-01]
 [-9.23298583e-01 -6.05772264e+00  0.00000000e+00 -2.18003035e-04
   6.23722173e-01 -8.51113618e-02]
 [-4.78836441e-01  1.42698600e+01  0.00000000e+00  0.00000000e+00
   5.71885800e-01 -1.81189074e-01]]
[03/30/2022, 00:36:43] computing sampling shap 4435:4445 within 69.9576 sec, 6.5281 on average
[03/30/2022, 00:36:43] instances left: 169
[03/30/2022, 00:36:43] estimating time left: 0:18:23.248900

[[-3.28932054e-01  1.42084097e+01  0.00000000e+00 -2.25444894e-04
   2.75492785e-01 -1.97300934e-01]
 [-1.33405530e+00 -5.64328441e+00 -1.48681367e-01  0.00000000e+00
  -3.46672539e-01  4.00725604e-03]
 [ 3.78103695e+00  1.00302872e+00  0.00000000e+00  0.00000000e+00
  -2.15311253e-02  1.00653371e-01]
 [-5.30389167e-01  3.87728920e+00 -8.30006227e-02  0.00000000e+00
   6.83783711e-01 -1.33174894e-01]
 [-5.48489365e-01  3.94306758e+00 -1.50591306e-01  0.00000000e+00
   3.29646217e-01  1.67418761e-01]
 [-5.85582364e-01  4.01306440e+00 -2.19598606e-01  1.24460620e-02
   7.37332861e-01 -1.43154343e-01]
 [-1.27506428e+00 -5.78981136e+00 -1.71650969e-01  0.00000000e+00
   5.22178808e-02 -1.81928109e-01]
 [-1.28748928e+00 -5.68858015e+00 -1.23914482e-01  0.00000000e+00
   7.19377573e-01 -1.66647085e-01]
 [-1.60835687e-01  1.39912288e+01  0.00000000e+00 -1.86341938e-04
   5.67395374e-01 -2.15881434e-01]
 [-8.23828725e-01 -6.11559678e+00 -8.41362404e-02  0.00000000e+00
  -1.13357113e-01  3.93575372e-01]]
[03/30/2022, 00:37:47] computing sampling shap 4445:4455 within 64.1712 sec, 6.5263 on average
[03/30/2022, 00:37:47] instances left: 159
[03/30/2022, 00:37:47] estimating time left: 0:17:17.681700

[[-1.13755278e+00 -5.77161265e+00 -1.62925203e-01 -2.25445425e-04
  -4.25330311e-01 -1.94734396e-01]
 [-1.45055312e+00 -5.56542476e+00 -8.83343340e-02  0.00000000e+00
   2.86660026e-01  2.45651606e-01]
 [-2.16967718e-01  3.53927832e+00  0.00000000e+00  0.00000000e+00
   6.28522587e-01 -1.66919507e-01]
 [-1.08543648e+00  4.37758546e+00  0.00000000e+00  5.87060341e-03
  -5.98552983e-01 -2.57337684e-02]
 [-1.00834642e+00 -6.06054220e+00  0.00000000e+00  0.00000000e+00
   7.03432185e-01 -1.58683420e-01]
 [-1.11191304e+00 -6.09544145e+00  0.00000000e+00  0.00000000e+00
   4.21700284e-01 -1.89728318e-01]
 [-1.36697068e+00 -5.65227658e+00 -9.00357856e-02  0.00000000e+00
   3.05096284e-01 -2.27656488e-01]
 [-1.42474510e+00 -5.82567281e+00  0.00000000e+00 -1.86342601e-04
  -2.32828018e-01 -2.67478314e-01]
 [-1.26984848e+00 -5.67370588e+00 -1.55696477e-01  0.00000000e+00
  -5.26422835e-01  1.53757219e-01]
 [-1.35050285e+00 -5.82803114e+00  0.00000000e+00  0.00000000e+00
   7.85807621e-01 -1.31413684e-01]]
[03/30/2022, 00:38:51] computing sampling shap 4455:4465 within 63.8091 sec, 6.5239 on average
[03/30/2022, 00:38:51] instances left: 149
[03/30/2022, 00:38:51] estimating time left: 0:16:12.061100

[[-1.25517336e+00 -5.90367195e+00  0.00000000e+00 -4.11784565e-04
  -6.44111457e-01 -1.44805595e-01]
 [-1.26184324e+00 -5.63631096e+00 -1.27593365e-01 -6.34565364e-04
  -3.43000743e-01  3.79906779e-01]
 [-6.59669063e-01  3.99188755e+00  0.00000000e+00  0.00000000e+00
  -3.91195129e-02 -1.19108641e-01]
 [-3.57588952e-01  1.41889952e+01 -8.26137319e-02 -2.25444745e-04
   5.30275946e-01 -1.80309420e-01]
 [ 3.67939208e+00  1.13129675e+01  0.00000000e+00  0.00000000e+00
   5.89295598e-01 -1.52241014e-01]
 [-3.02241792e-01  1.42506068e+01 -8.55540737e-02  0.00000000e+00
   5.16018776e-01 -1.97108852e-01]
 [-1.16030154e+00 -5.84574892e+00  0.00000000e+00 -1.86343025e-04
  -1.42143519e-01 -1.81719183e-01]
 [-1.20803714e+00 -5.81978513e+00  0.00000000e+00  0.00000000e+00
   2.71434721e-01 -2.75455267e-01]
 [-1.19619605e+00 -5.70837536e+00 -1.51396544e-01 -2.18002122e-04
   2.67686218e-01 -1.09666311e-02]
 [-1.04100548e+00 -5.96884617e+00 -8.27260200e-02 -3.24251392e-04
   2.97136163e-01  2.13035275e-01]]
[03/30/2022, 00:39:55] computing sampling shap 4465:4475 within 63.8472 sec, 6.5217 on average
[03/30/2022, 00:39:55] instances left: 139
[03/30/2022, 00:39:55] estimating time left: 0:15:06.516300

[[-1.17258787e+00 -5.81324394e+00 -1.57182559e-01  0.00000000e+00
   7.72183958e-01 -1.53309862e-01]
 [-4.77761325e-01  3.90880702e+00  0.00000000e+00 -3.93028870e-04
  -7.16921326e-01 -2.62675357e-01]
 [-9.78694707e-01  4.24885898e+00  0.00000000e+00  2.18189249e-03
   6.98120431e-01 -1.55958285e-01]
 [-5.46957470e-01  3.89676124e+00  0.00000000e+00  0.00000000e+00
   6.20290320e-01 -1.86181002e-01]
 [-2.38268505e-01  1.41752913e+01 -8.39376203e-02  3.28209957e-02
  -6.23001898e-01 -6.62309689e-02]
 [ 9.43528641e+00  7.08138099e+00  0.00000000e+00 -1.69630909e-03
   4.92822394e-02  5.57897030e-02]
 [-3.20381109e-01  3.63338153e+00  0.00000000e+00  0.00000000e+00
   3.01100035e-01 -2.08549590e-01]
 [-2.73735136e-01  1.41365784e+01  0.00000000e+00  0.00000000e+00
  -8.91032958e-03  1.35779195e-01]
 [-3.42575344e-01  1.43255584e+01 -8.35497240e-02  0.00000000e+00
  -7.85622134e-01 -2.76259574e-01]
 [-1.19879338e+00 -5.91628592e+00  0.00000000e+00  0.00000000e+00
   3.07925967e-01 -1.27153437e-01]]
[03/30/2022, 00:40:58] computing sampling shap 4475:4485 within 63.5709 sec, 6.5192 on average
[03/30/2022, 00:40:58] instances left: 129
[03/30/2022, 00:40:58] estimating time left: 0:14:00.976800

[[-1.16130244e+00 -5.74616027e+00 -1.66638014e-01  7.20269728e-03
  -3.94944223e-01  1.03575270e-01]
 [-5.56510794e-01  3.82458201e+00  0.00000000e+00  0.00000000e+00
   6.66477354e-01 -6.69261970e-02]
 [-5.81021687e-01  4.02755806e+00 -8.12345879e-02  0.00000000e+00
  -5.49236926e-01 -2.50981871e-01]
 [ 3.65030250e+00  1.09030079e+00 -8.83007362e-02  0.00000000e+00
  -3.22269547e-01  2.74173329e-01]
 [-8.87732226e-01 -6.02734300e+00 -8.56713090e-02  0.00000000e+00
   6.12153898e-01 -7.19868298e-02]
 [-1.92475507e-01  1.40042070e+01  0.00000000e+00  0.00000000e+00
  -4.96625956e-01 -2.81912444e-01]
 [-1.16855407e+00 -6.03031508e+00  0.00000000e+00 -2.06687410e-04
  -1.59413004e+00 -1.53641051e-01]
 [-7.77726475e-01  4.06068038e+00  0.00000000e+00  6.01134753e-03
   6.77738258e-01 -1.82790212e-01]
 [-1.11317692e+00 -6.02138410e+00  0.00000000e+00 -2.28475353e-04
  -2.87506319e-01 -1.59320325e-01]
 [-3.71618803e-01  1.41840691e+01  0.00000000e+00  7.21544105e-03
   5.43501304e-01 -1.81446101e-01]]
[03/30/2022, 00:42:03] computing sampling shap 4485:4495 within 64.0827 sec, 6.5175 on average
[03/30/2022, 00:42:03] instances left: 119
[03/30/2022, 00:42:03] estimating time left: 0:12:55.582500

[[-9.05043323e-02  3.53585714e+00  0.00000000e+00 -4.31226440e-04
   5.71170879e-01 -2.32178918e-01]
 [-1.00457181e+00 -5.98907771e+00 -1.65344905e-01  0.00000000e+00
  -3.45201828e-02  1.18843043e-02]
 [-6.09814672e-01  4.21485487e+00 -1.50457359e-01  0.00000000e+00
   1.74208234e-01 -1.13496411e-01]
 [-1.13774141e+00 -5.72180029e+00 -1.59307243e-01 -2.06687453e-04
   2.43564644e-01  1.08214284e-01]
 [ 3.76428769e+00  9.13508546e-01  0.00000000e+00 -2.18004548e-04
   3.23908701e-01 -8.07336644e-02]
 [-8.83942094e-01 -5.95889100e+00 -1.14090167e-01  0.00000000e+00
   2.27839133e-01  6.18081258e-02]
 [-3.16783247e-01  1.42787618e+01  0.00000000e+00  0.00000000e+00
   1.71633841e-01 -1.76168152e-01]
 [-6.65397220e-01  4.05134399e+00  0.00000000e+00  0.00000000e+00
   6.44557413e-01 -1.81115928e-01]
 [-8.04937137e-01 -6.16149724e+00 -1.49233574e-01  0.00000000e+00
  -4.03177681e-02  4.94568337e-01]
 [-1.27904824e+00 -5.71389333e+00  0.00000000e+00 -3.26106334e-04
  -4.24414040e-01  5.94145760e-02]]
[03/30/2022, 00:43:10] computing sampling shap 4495:4505 within 67.3044 sec, 6.5207 on average
[03/30/2022, 00:43:10] instances left: 109
[03/30/2022, 00:43:10] estimating time left: 0:11:50.756300

[[-9.67196053e-01 -5.91403262e+00 -2.22135250e-01  0.00000000e+00
   7.37705069e-01 -1.58481501e-01]
 [ 1.46663691e+01  1.71672853e+00  0.00000000e+00  0.00000000e+00
   2.83148786e-01  1.07696196e-01]
 [-1.08798579e+00 -5.63922684e+00 -2.61473983e-01 -1.86341679e-04
  -2.01834494e-01 -2.34318685e-01]
 [-4.12793008e-01  1.42467497e+01  0.00000000e+00  8.02560351e-04
   1.97326214e-02  1.15033930e-02]
 [-3.60497424e-01  1.42674259e+01  0.00000000e+00  0.00000000e+00
  -1.12678798e+00 -2.01769542e-01]
 [-1.55846722e+00 -5.53703297e+00  0.00000000e+00 -1.86341304e-04
  -2.94468855e-01  2.56038229e-01]
 [-6.10011521e-01  3.96594384e+00 -7.88691922e-02  0.00000000e+00
   3.61575104e-01 -2.33087538e-01]
 [-5.22951939e-01  3.90431554e+00  0.00000000e+00  0.00000000e+00
   2.21435877e-01 -5.72350180e-02]
 [-3.54893638e-01  3.68483138e+00  0.00000000e+00  0.00000000e+00
   6.39819081e-01 -1.85842834e-01]
 [-1.06683031e+00 -6.03459087e+00 -8.82396291e-02 -2.06687891e-04
  -4.53025713e-01 -4.57234817e-02]]
[03/30/2022, 00:44:13] computing sampling shap 4505:4515 within 63.5871 sec, 6.5183 on average
[03/30/2022, 00:44:13] instances left: 99
[03/30/2022, 00:44:13] estimating time left: 0:10:45.311700

[[-4.12707859e-01  3.82169485e+00  0.00000000e+00  4.15692074e-03
  -6.03303010e-01 -2.44757494e-01]
 [-1.18916759e+00 -5.70902975e+00 -1.48904783e-01  0.00000000e+00
   2.11784629e-01 -9.89890227e-02]
 [-6.56262080e-01  4.03234793e+00  0.00000000e+00  0.00000000e+00
   6.26552529e-01 -2.18724850e-01]
 [-9.27372485e-01 -6.02142380e+00 -1.44664354e-01  0.00000000e+00
  -4.71457171e-01  4.48896011e-01]
 [-2.95370444e-01  1.41897050e+01  0.00000000e+00  0.00000000e+00
   2.07434782e-01  2.05576015e-01]
 [-9.32783125e-01 -6.02244702e+00 -8.71015145e-02 -3.06620804e-04
   6.83031163e-01 -1.30262466e-01]
 [-3.71965353e-01  1.44620692e+01 -1.53529163e-01  0.00000000e+00
  -8.65389347e-02 -2.21075671e-01]
 [-6.04605940e-01  3.88622253e+00  0.00000000e+00  0.00000000e+00
   3.20385261e-01 -1.96451540e-01]
 [-3.75848769e-01  1.42595892e+01  0.00000000e+00  0.00000000e+00
  -2.78435252e-01 -1.36071169e-01]
 [ 4.31770846e+00  4.34203892e-01  0.00000000e+00  3.77123739e-03
   3.20921303e-01 -2.11150475e-01]]
[03/30/2022, 00:45:17] computing sampling shap 4515:4525 within 63.2426 sec, 6.5154 on average
[03/30/2022, 00:45:17] instances left: 89
[03/30/2022, 00:45:17] estimating time left: 0:09:39.870600

[[-1.01718663e+00 -6.10236081e+00  0.00000000e+00  0.00000000e+00
  -3.37178787e-01 -1.68369959e-01]
 [ 4.01958266e+00  7.96066218e-01 -8.69656770e-02  1.78443170e-03
  -2.43463971e-01  2.50776475e-01]
 [ 4.02157597e+00  6.81704725e-01  0.00000000e+00 -7.13197590e-04
   3.29270277e-01 -1.11084818e-01]
 [-6.08652338e-01  3.95900364e+00  0.00000000e+00 -1.86342196e-04
   6.59279906e-01 -2.25531411e-01]
 [-1.01872712e+00 -5.96023185e+00 -1.45914696e-01  0.00000000e+00
   7.00605534e-01 -9.98717968e-02]
 [ 3.83607247e+00  1.08885147e+00 -8.36880095e-02  1.24998803e-03
  -6.21513622e-01 -1.25908995e-01]
 [-1.01126771e+00 -5.98505821e+00 -1.75877193e-01 -2.28471500e-04
   5.92469376e-02  6.56141426e-02]
 [ 4.12339637e+00  6.35476757e-01  0.00000000e+00  0.00000000e+00
   7.99541151e-02 -1.87084165e-01]
 [ 9.31803944e+00  7.25316615e+00  0.00000000e+00  0.00000000e+00
  -3.44596014e-01  1.51914775e-01]
 [-6.53490714e-01  4.12121895e+00  0.00000000e+00  0.00000000e+00
   1.33389146e-01 -6.77575975e-02]]
[03/30/2022, 00:46:20] computing sampling shap 4525:4535 within 63.3881 sec, 6.5129 on average
[03/30/2022, 00:46:20] instances left: 79
[03/30/2022, 00:46:20] estimating time left: 0:08:34.519100

[[-1.26593507e+00 -5.74555411e+00  0.00000000e+00  0.00000000e+00
   6.47510359e-01 -1.60161305e-01]
 [-2.06782686e-01  3.50648741e+00  0.00000000e+00  4.32625274e-03
  -2.78152180e-01 -1.38690949e-01]
 [-1.16748909e+00 -5.96354132e+00 -8.45329991e-02  0.00000000e+00
   7.98329190e-01 -4.97005002e-02]
 [-3.13663858e-01  1.44299405e+01 -2.08924497e-01 -1.86341531e-04
  -3.37648384e-01 -1.89928692e-01]
 [-4.60770351e-01  3.90584129e+00 -8.54764947e-02  0.00000000e+00
   6.14664480e-01 -1.59750618e-01]
 [ 3.76339690e+00  1.12747972e+01 -8.56912727e-02  0.00000000e+00
  -1.53333131e-01  4.51194176e-01]
 [-1.16121559e+00 -5.88394079e+00  0.00000000e+00  0.00000000e+00
  -9.49527534e-02  9.25386719e-02]
 [-1.37089446e+00 -5.67284728e+00 -1.24974715e-01  0.00000000e+00
   5.85051794e-03 -8.63181610e-02]
 [-5.06436607e-01  3.86101617e+00  0.00000000e+00 -2.25444787e-04
   6.08317013e-01 -1.78757848e-01]
 [-1.49910413e+00 -5.52810304e+00  0.00000000e+00  0.00000000e+00
  -1.67838680e+00 -1.33646522e-01]]
[03/30/2022, 00:47:25] computing sampling shap 4535:4545 within 65.1902 sec, 6.513 on average
[03/30/2022, 00:47:25] instances left: 69
[03/30/2022, 00:47:25] estimating time left: 0:07:29.397000

[[-1.17799727e+00 -5.98082286e+00  0.00000000e+00 -1.86341917e-04
   3.64879993e-01 -2.05971545e-01]
 [-1.04671337e+00 -5.91056860e+00 -1.42199664e-01  2.79143560e-02
   3.43338714e-01  7.84973761e-02]
 [-2.00158467e-01  1.40022162e+01  0.00000000e+00  0.00000000e+00
   2.65221579e-03 -1.30553739e-01]
 [ 3.56159229e+00  1.16196419e+00 -8.68081149e-02  0.00000000e+00
   6.05265975e-01 -1.33402677e-01]
 [-1.26120718e+00 -5.86786020e+00 -8.42517240e-02  2.05568308e-03
  -5.77707194e-01  1.12112417e-01]
 [-1.17030892e+00 -5.70582150e+00 -1.64190288e-01  0.00000000e+00
  -2.69698062e-01  3.02442334e-01]
 [-5.39036688e-02  3.49075991e+00 -8.27171386e-02  8.44923467e-03
   2.44738212e-01 -1.07389962e-02]
 [-5.40641798e-01  3.84618834e+00  0.00000000e+00 -2.06687188e-04
   6.31041417e-01 -1.52468066e-01]
 [-1.22755021e+00 -5.88804605e+00  0.00000000e+00  2.47484607e-03
   2.79242348e-01 -7.15493930e-02]
 [ 9.90721963e+00  6.67380165e+00  0.00000000e+00  0.00000000e+00
  -1.17023371e-02  5.07237697e-02]]
[03/30/2022, 00:48:29] computing sampling shap 4545:4555 within 64.0185 sec, 6.5114 on average
[03/30/2022, 00:48:29] instances left: 59
[03/30/2022, 00:48:29] estimating time left: 0:06:24.172600

[[-1.08745438e+00 -5.96757069e+00  0.00000000e+00  0.00000000e+00
   2.22116933e-01 -5.76785442e-02]
 [-1.39392620e+00 -5.46974550e+00 -8.81358612e-02 -6.49223229e-04
  -6.63290446e-01  2.45007253e-01]
 [-1.15155777e+00 -5.71364656e+00 -1.74964032e-01  0.00000000e+00
  -1.43724104e+00  3.49277038e-01]
 [ 3.78205896e+00  1.13301474e+01 -8.51506094e-02  0.00000000e+00
   2.62482016e-01 -7.88969568e-02]
 [-1.40334987e+00 -5.70008121e+00  0.00000000e+00  3.71284526e-03
  -1.73187031e+00 -1.05969930e-01]
 [-1.12002754e+00 -5.83607645e+00 -1.17503532e-01  0.00000000e+00
   6.21507260e-01  8.20116860e-02]
 [-6.93252628e-01  4.11404524e+00  0.00000000e+00  0.00000000e+00
  -1.16956821e-01  1.64641343e-01]
 [-9.83843597e-01 -6.12419930e+00  0.00000000e+00  0.00000000e+00
  -8.34949254e-01 -1.87625923e-01]
 [-1.00672215e+00 -6.06120212e+00 -8.52950321e-02  0.00000000e+00
  -1.63840869e+00 -2.31379678e-01]
 [-1.11176221e+00 -5.98694898e+00  0.00000000e+00  0.00000000e+00
  -3.48869055e-01 -1.13731303e-01]]
[03/30/2022, 00:49:31] computing sampling shap 4555:4565 within 62.1395 sec, 6.5073 on average
[03/30/2022, 00:49:31] instances left: 49
[03/30/2022, 00:49:31] estimating time left: 0:05:18.857700

[[-5.43210754e-01  4.07628898e+00 -8.56664278e-02 -1.86342552e-04
  -8.92278355e-02 -2.50887312e-01]
 [-5.55181538e-01  3.84493008e+00  0.00000000e+00  0.00000000e+00
   3.21618318e-01 -1.67995530e-01]
 [-4.40084134e-01  3.80376005e+00 -8.26630550e-02  0.00000000e+00
   3.25746415e-01 -1.37267148e-01]
 [-5.36478077e-01  3.91806966e+00 -8.68598525e-02  3.28728371e-03
  -2.53779244e-03  1.63893714e-01]
 [-1.17730098e+00 -5.90800224e+00  0.00000000e+00  0.00000000e+00
  -1.25432096e-01 -8.14049290e-02]
 [ 3.58932633e+00  1.06666733e+00  0.00000000e+00  0.00000000e+00
   5.94679539e-01 -1.60587068e-01]
 [-1.17207588e+00 -5.79072530e+00 -1.45095711e-01  0.00000000e+00
  -1.67459876e+00 -2.06777554e-01]
 [-1.14439488e+00 -5.97772867e+00 -1.55591692e-01 -2.25446217e-04
  -4.12747602e-01  1.26909592e-01]
 [-3.07597105e-01  1.40771624e+01  0.00000000e+00  0.00000000e+00
   6.48855813e-01 -2.36700560e-01]
 [-1.43380121e+00 -5.60739832e+00  0.00000000e+00  0.00000000e+00
   2.33611959e-01 -2.24255303e-01]]
[03/30/2022, 00:50:33] computing sampling shap 4565:4575 within 61.3838 sec, 6.5022 on average
[03/30/2022, 00:50:33] instances left: 39
[03/30/2022, 00:50:33] estimating time left: 0:04:13.585800

[[ 3.92113625e+00  8.33690510e-01 -1.46608755e-01  0.00000000e+00
   6.40088416e-01 -1.58220830e-01]
 [-1.38455725e+00 -5.53581514e+00 -2.15169599e-01 -1.86341336e-04
   3.07224101e-01 -7.69240886e-02]
 [-1.00087100e+00 -6.08749401e+00 -8.56074412e-02  0.00000000e+00
   2.94202914e-03 -2.20269784e-01]
 [-1.37901484e+00 -5.68112774e+00  0.00000000e+00 -3.26106691e-04
   2.63866596e-01 -2.35241049e-01]
 [-1.24062489e+00 -5.72347816e+00  0.00000000e+00 -3.93029641e-04
   6.26937349e-01 -2.09694738e-01]
 [-1.13892507e+00 -5.83692564e+00  0.00000000e+00  0.00000000e+00
   6.29141411e-01 -2.00544307e-01]
 [-1.35570198e+00 -5.52484493e+00 -1.92354454e-01  0.00000000e+00
   7.26374482e-01 -2.00726577e-01]
 [-1.06465127e+00 -5.93073849e+00 -8.56181596e-02  0.00000000e+00
   2.54260957e-01 -1.73350891e-01]
 [-1.35961101e+00 -5.76968873e+00 -8.58850833e-02 -1.86343471e-04
  -2.42577541e-01 -1.23667697e-01]
 [-1.20357640e+00 -5.81977806e+00  0.00000000e+00  0.00000000e+00
   6.54708817e-01 -1.78607930e-01]]
[03/30/2022, 00:51:36] computing sampling shap 4575:4585 within 63.6372 sec, 6.5004 on average
[03/30/2022, 00:51:36] instances left: 29
[03/30/2022, 00:51:36] estimating time left: 0:03:08.511600

[[-7.79651527e-01 -6.30915311e+00  0.00000000e+00 -2.87242754e-04
   7.26109873e-01 -1.61157283e-01]
 [-5.02263454e-01  3.67805715e+00  0.00000000e+00 -1.86343583e-04
  -1.76547106e-01  2.31402953e-01]
 [-1.38982698e+00 -5.59693336e+00 -1.13869865e-01  0.00000000e+00
  -3.87822552e-01  1.97476952e-03]
 [-1.10263366e+00 -5.65598104e+00 -2.42261024e-01 -4.13373979e-04
   6.26995489e-01 -1.49846800e-01]
 [-1.13723250e+00 -5.88581585e+00 -8.66951946e-02  0.00000000e+00
  -3.88284584e-01  6.01614069e-01]
 [-1.09370623e+00 -5.87981471e+00 -8.70445128e-02  0.00000000e+00
  -3.95882844e-01 -1.26478926e-01]
 [ 3.64668596e+00  1.14137193e+01  0.00000000e+00  0.00000000e+00
   5.56240994e-01  9.47512052e-02]
 [-1.32743852e+00 -5.68306967e+00  0.00000000e+00 -3.06618451e-04
   2.19842528e-01 -2.40870921e-01]
 [-1.33322338e+00 -5.86795204e+00  0.00000000e+00  0.00000000e+00
   3.84409342e-01 -1.83331696e-01]
 [-4.68503865e-01  3.72493775e+00  0.00000000e+00  0.00000000e+00
   3.45589973e-02 -7.97433034e-02]]
[03/30/2022, 00:52:39] computing sampling shap 4585:4595 within 62.3325 sec, 6.4968 on average
[03/30/2022, 00:52:39] instances left: 19
[03/30/2022, 00:52:39] estimating time left: 0:02:03.439200

[[-9.69061981e-01 -5.72156265e+00 -3.35306857e-01  0.00000000e+00
  -7.52091243e-01  1.93478381e-01]
 [-1.12779981e+00 -5.86271895e+00 -8.67634200e-02  0.00000000e+00
   6.98619783e-01 -1.01311127e-01]
 [-8.81724865e-01  4.48350548e+00 -2.02629371e-01  0.00000000e+00
   5.57506295e-01 -1.72744832e-01]
 [ 3.95881450e+00  1.10330709e+01  0.00000000e+00  0.00000000e+00
   6.09883733e-01 -1.67005167e-01]
 [-1.38823737e+00 -5.41161221e+00 -2.34901640e-01  0.00000000e+00
  -3.72014379e-01  3.61244634e-01]
 [-2.34842309e-01  1.40272528e+01  0.00000000e+00  6.35950727e-03
   5.66226559e-01 -1.83275548e-01]
 [ 3.60268647e+00  1.18166136e+00  0.00000000e+00  0.00000000e+00
   2.11113278e-02 -9.75858609e-02]
 [-1.25171794e+00 -5.69480429e+00 -1.76266001e-01  0.00000000e+00
  -3.83930151e-01  2.32839941e-01]
 [-9.20009916e-01 -6.05375299e+00 -2.07451355e-01 -4.73575949e-04
  -6.56700909e-01 -2.82316334e-01]
 [ 3.64984580e+00  1.08345647e+00  0.00000000e+00 -6.17779305e-04
  -1.57394294e-02  2.47069850e-01]]
[03/30/2022, 00:53:43] computing sampling shap 4595:4605 within 64.1473 sec, 6.4957 on average
[03/30/2022, 00:53:43] instances left: 9
[03/30/2022, 00:53:43] estimating time left: 0:00:58.461300

[[-1.30053313e+00 -5.87029638e+00  0.00000000e+00  0.00000000e+00
   2.31921664e-02  3.66738891e-02]
 [-4.73146465e-01  1.44165260e+01  0.00000000e+00 -1.86341929e-04
  -7.38113749e-01 -9.18417246e-03]
 [-1.08761514e+00 -5.83904042e+00 -1.90674390e-01 -3.30328502e-04
   7.21371885e-01 -1.50965476e-01]
 [-1.36391495e+00 -5.47781364e+00 -8.84280086e-02 -1.86341562e-04
   5.89513759e-01 -1.39144023e-01]
 [-1.00697369e+00  4.28928753e+00  0.00000000e+00  0.00000000e+00
   6.70774529e-01 -1.69174445e-01]
 [-1.09407904e+00 -5.86247970e+00 -8.55917862e-02  0.00000000e+00
   7.08590390e-01 -1.90579979e-01]
 [-1.41459164e+00 -5.58474435e+00 -8.51294620e-02  0.00000000e+00
  -5.21298988e-01  4.23963458e-01]
 [-6.47188414e-01  3.94079959e+00  0.00000000e+00  0.00000000e+00
   6.60451488e-01 -8.00850220e-02]
 [-6.50666296e-01 -6.31713321e+00 -8.73036253e-02  0.00000000e+00
   2.56416602e-01 -1.76695636e-01]
 [-1.13948743e+00 -5.85124826e+00  0.00000000e+00  0.00000000e+00
   6.46648032e-01 -2.03165920e-01]]
[03/30/2022, 00:53:43] finish computing sampling shap for range: [6, 8] within 4936.750742 sec
