

[03/29/2022, 23:30:28] [get categorical paper data for /home/youyinnn_gmail_com/s2search/pipelining/exp-cscl cscl]
============== start ==============
[03/29/2022, 23:31:17] [get categorical paper data for /home/youyinnn_gmail_com/s2search/pipelining/exp-cscl cscl]
============== end 123000 ==============


[03/29/2022, 23:31:17] [sampling shap explainer training for /home/youyinnn_gmail_com/s2search/pipelining/exp-cscl cscl]
============== start ==============
[03/29/2022, 23:31:38] [sampling shap explainer training for /home/youyinnn_gmail_com/s2search/pipelining/exp-cscl cscl]
============== end 24600 ==============


[03/29/2022, 23:31:38] [sampling shap sv computing for /home/youyinnn_gmail_com/s2search/pipelining/exp-cscl cscl]
============== start ==============
instances left: 757
estimating time left: 1:19:11.310500
---- 10:40010
instances left: 747
estimating time left: 1:18:41.712300
---- 20:80020
instances left: 737
estimating time left: 1:17:17.793600
---- 30:120030
instances left: 727
estimating time left: 1:17:33.745100
---- 40:160040
instances left: 717
estimating time left: 1:16:25.573500
---- 50:200050
instances left: 707
estimating time left: 1:15:15.043400
---- 60:240060
instances left: 697
estimating time left: 1:14:24.285000
---- 70:280070
instances left: 687
estimating time left: 1:13:32.875800
---- 80:320080
instances left: 677
estimating time left: 1:12:35.141000
---- 90:360090
instances left: 667
estimating time left: 1:11:27.075800
---- 100:400100
instances left: 657
estimating time left: 1:10:14.523600
---- 110:440110
instances left: 647
estimating time left: 1:08:57.306200
---- 120:480120
instances left: 637
estimating time left: 1:07:55.334900
---- 130:520130
instances left: 627
estimating time left: 1:06:52.423800
---- 140:560140
instances left: 617
estimating time left: 1:05:51.082900
---- 150:600150
instances left: 607
estimating time left: 1:04:38.487200
---- 160:640160
instances left: 597
estimating time left: 1:03:35.665800
---- 170:680170
instances left: 587
estimating time left: 1:02:31.106100
---- 180:720180
instances left: 577
estimating time left: 1:01:24.087300
---- 190:760190
instances left: 567
estimating time left: 1:00:26.305200
---- 200:800200
instances left: 557
estimating time left: 0:59:23.017600
---- 210:840210
instances left: 547
estimating time left: 0:58:16.697500
---- 220:880220
instances left: 537
estimating time left: 0:57:14.490900
---- 230:920230
instances left: 527
estimating time left: 0:56:09.954200
---- 240:960240
instances left: 517
estimating time left: 0:55:03.888500
---- 250:1000250
instances left: 507
estimating time left: 0:53:59.121600
---- 260:1040260
instances left: 497
estimating time left: 0:52:57.370700
---- 270:1080270
instances left: 487
estimating time left: 0:51:53.001400
---- 280:1120280
instances left: 477
estimating time left: 0:50:51.178200
---- 290:1160290
instances left: 467
estimating time left: 0:49:49.640600
---- 300:1200300
instances left: 457
estimating time left: 0:48:44.800000
---- 310:1240310
instances left: 447
estimating time left: 0:47:44.554800
---- 320:1280320
instances left: 437
estimating time left: 0:46:40.864100
---- 330:1320330
instances left: 427
estimating time left: 0:45:34.636100
---- 340:1360340
instances left: 417
estimating time left: 0:44:28.341300
---- 350:1400350
instances left: 407
estimating time left: 0:43:22.195200
---- 360:1440360
instances left: 397
estimating time left: 0:42:18.298900
---- 370:1480370
instances left: 387
estimating time left: 0:41:14.594100
---- 380:1520380
instances left: 377
estimating time left: 0:40:12.611500
---- 390:1560390
instances left: 367
estimating time left: 0:39:08.066000
---- 400:1600400
instances left: 357
estimating time left: 0:38:03.407700
---- 410:1640410
instances left: 347
estimating time left: 0:36:58.371000
---- 420:1680420
instances left: 337
estimating time left: 0:35:54.811700
---- 430:1720430
instances left: 327
estimating time left: 0:34:52.767300
---- 440:1760440
instances left: 317
estimating time left: 0:33:46.581000
---- 450:1800450
instances left: 307
estimating time left: 0:32:43.449200
---- 460:1840460
instances left: 297
estimating time left: 0:31:38.958600
---- 470:1880470
instances left: 287
estimating time left: 0:30:34.877100
---- 480:1920480
instances left: 277
estimating time left: 0:29:31.054900
---- 490:1960490
instances left: 267
estimating time left: 0:28:26.236800
---- 500:2000500
instances left: 257
estimating time left: 0:27:23.052400
---- 510:2040510
instances left: 247
estimating time left: 0:26:18.058300
---- 520:2080520
instances left: 237
estimating time left: 0:25:14.145600
---- 530:2120530
instances left: 227
estimating time left: 0:24:10.144100
---- 540:2160540
instances left: 217
estimating time left: 0:23:05.740300
---- 550:2200550
instances left: 207
estimating time left: 0:22:01.115400
---- 560:2240560
instances left: 197
estimating time left: 0:20:56.958500
---- 570:2280570
instances left: 187
estimating time left: 0:19:53.209600
---- 580:2320580
instances left: 177
estimating time left: 0:18:48.817500
---- 590:2360590
instances left: 167
estimating time left: 0:17:44.240900
---- 600:2400600
instances left: 157
estimating time left: 0:16:40.513900
---- 610:2440610
instances left: 147
estimating time left: 0:15:36.507600
---- 620:2480620
instances left: 137
estimating time left: 0:14:32.854400
---- 630:2520630
instances left: 127
estimating time left: 0:13:29.269400
---- 640:2560640
instances left: 117
estimating time left: 0:12:25.079400
---- 650:2600650
instances left: 107
estimating time left: 0:11:21.226200
---- 660:2640660
instances left: 97
estimating time left: 0:10:17.249800
---- 670:2680670
instances left: 87
estimating time left: 0:09:13.407000
---- 680:2720680
instances left: 77
estimating time left: 0:08:09.727700
---- 690:2760690
instances left: 67
estimating time left: 0:07:05.972600
---- 700:2800700
instances left: 57
estimating time left: 0:06:02.263500
---- 710:2840710
instances left: 47
estimating time left: 0:04:58.534600
---- 720:2880720
instances left: 37
estimating time left: 0:03:54.975900
---- 730:2920730
instances left: 27
estimating time left: 0:02:51.490500
---- 740:2960740
instances left: 17
estimating time left: 0:01:47.922800
---- 750:3000750
instances left: 7
estimating time left: 0:00:44.429000
---- 760:3040760
[03/30/2022, 00:52:01] [sampling shap sv computing for /home/youyinnn_gmail_com/s2search/pipelining/exp-cscl cscl]
============== end 3040760 ==============


