

[03/30/2022, 12:08:12] [get prediction of paper data for /home/youyinnn_gmail_com/s2search/pipelining/exp-cscl cscl [6, 8]]
============== start ==============
[03/30/2022, 12:08:12] [get prediction of paper data for /home/youyinnn_gmail_com/s2search/pipelining/exp-cscl cscl [6, 8]]
============== end 0 ==============


[03/30/2022, 12:08:12] [get categorical paper data for /home/youyinnn_gmail_com/s2search/pipelining/exp-cscl cscl [6, 8]]
============== start ==============
[03/30/2022, 12:09:01] [get categorical paper data for /home/youyinnn_gmail_com/s2search/pipelining/exp-cscl cscl [6, 8]]
============== end 123000 ==============


[03/30/2022, 12:09:01] [get anchor metrics for /home/youyinnn_gmail_com/s2search/pipelining/exp-cscl cscl [6, 8] from index: 19220 to 23063]
============== start ==============
[03/30/2022, 13:37:05] [get anchor metrics for /home/youyinnn_gmail_com/s2search/pipelining/exp-cscl cscl [6, 8] from index: 19220 to 23063]
============== end 5755865 ==============


[03/30/2022, 13:37:06] [get prediction of paper data for /home/youyinnn_gmail_com/s2search/pipelining/exp-cscr cscr [6, 8]]
============== start ==============
[03/30/2022, 13:37:06] [get prediction of paper data for /home/youyinnn_gmail_com/s2search/pipelining/exp-cscr cscr [6, 8]]
============== end 0 ==============


[03/30/2022, 13:37:06] [get categorical paper data for /home/youyinnn_gmail_com/s2search/pipelining/exp-cscr cscr [6, 8]]
============== start ==============
[03/30/2022, 13:37:34] [get categorical paper data for /home/youyinnn_gmail_com/s2search/pipelining/exp-cscr cscr [6, 8]]
============== end 77496 ==============


[03/30/2022, 13:37:34] [get anchor metrics for /home/youyinnn_gmail_com/s2search/pipelining/exp-cscr cscr [6, 8] from index: 12110 to 14531]
============== start ==============
[03/30/2022, 14:38:00] [get anchor metrics for /home/youyinnn_gmail_com/s2search/pipelining/exp-cscr cscr [6, 8] from index: 12110 to 14531]
============== end 4335177 ==============


[03/30/2022, 14:38:00] [get prediction of paper data for /home/youyinnn_gmail_com/s2search/pipelining/exp-csds csds [6, 8]]
============== start ==============
[03/30/2022, 14:38:00] [get prediction of paper data for /home/youyinnn_gmail_com/s2search/pipelining/exp-csds csds [6, 8]]
============== end 0 ==============


[03/30/2022, 14:38:00] [get categorical paper data for /home/youyinnn_gmail_com/s2search/pipelining/exp-csds csds [6, 8]]
============== start ==============
[03/30/2022, 14:38:27] [get categorical paper data for /home/youyinnn_gmail_com/s2search/pipelining/exp-csds csds [6, 8]]
============== end 76068 ==============


[03/30/2022, 14:38:27] [get anchor metrics for /home/youyinnn_gmail_com/s2search/pipelining/exp-csds csds [6, 8] from index: 11890 to 14267]
============== start ==============
[03/30/2022, 15:40:45] [get anchor metrics for /home/youyinnn_gmail_com/s2search/pipelining/exp-csds csds [6, 8] from index: 11890 to 14267]
============== end 4280337 ==============


[03/30/2022, 15:40:45] [get prediction of paper data for /home/youyinnn_gmail_com/s2search/pipelining/exp-cssy cssy [6, 8]]
============== start ==============
[03/30/2022, 15:40:45] [get prediction of paper data for /home/youyinnn_gmail_com/s2search/pipelining/exp-cssy cssy [6, 8]]
============== end 0 ==============


[03/30/2022, 15:40:45] [get categorical paper data for /home/youyinnn_gmail_com/s2search/pipelining/exp-cssy cssy [6, 8]]
============== start ==============
[03/30/2022, 15:41:16] [get categorical paper data for /home/youyinnn_gmail_com/s2search/pipelining/exp-cssy cssy [6, 8]]
============== end 71248 ==============


[03/30/2022, 15:41:16] [get anchor metrics for /home/youyinnn_gmail_com/s2search/pipelining/exp-cssy cssy [6, 8] from index: 11135 to 13361]
============== start ==============
[03/30/2022, 16:58:22] [get anchor metrics for /home/youyinnn_gmail_com/s2search/pipelining/exp-cssy cssy [6, 8] from index: 11135 to 13361]
============== end 4636200 ==============


[03/30/2022, 16:58:22] [get prediction of paper data for /home/youyinnn_gmail_com/s2search/pipelining/exp-csni csni [6, 8]]
============== start ==============
[03/30/2022, 16:58:22] [get prediction of paper data for /home/youyinnn_gmail_com/s2search/pipelining/exp-csni csni [6, 8]]
============== end 0 ==============


[03/30/2022, 16:58:22] [get categorical paper data for /home/youyinnn_gmail_com/s2search/pipelining/exp-csni csni [6, 8]]
============== start ==============
[03/30/2022, 16:58:48] [get categorical paper data for /home/youyinnn_gmail_com/s2search/pipelining/exp-csni csni [6, 8]]
============== end 65688 ==============


[03/30/2022, 16:58:48] [get anchor metrics for /home/youyinnn_gmail_com/s2search/pipelining/exp-csni csni [6, 8] from index: 10265 to 12317]
============== start ==============
[03/30/2022, 17:57:21] [get anchor metrics for /home/youyinnn_gmail_com/s2search/pipelining/exp-csni csni [6, 8] from index: 10265 to 12317]
============== end 3830872 ==============


[03/30/2022, 17:57:21] [get prediction of paper data for /home/youyinnn_gmail_com/s2search/pipelining/exp-csro csro [6, 8]]
============== start ==============
[03/30/2022, 17:57:21] [get prediction of paper data for /home/youyinnn_gmail_com/s2search/pipelining/exp-csro csro [6, 8]]
============== end 0 ==============


[03/30/2022, 17:57:21] [get categorical paper data for /home/youyinnn_gmail_com/s2search/pipelining/exp-csro csro [6, 8]]
============== start ==============
[03/30/2022, 17:57:44] [get categorical paper data for /home/youyinnn_gmail_com/s2search/pipelining/exp-csro csro [6, 8]]
============== end 64352 ==============


[03/30/2022, 17:57:44] [get anchor metrics for /home/youyinnn_gmail_com/s2search/pipelining/exp-csro csro [6, 8] from index: 10060 to 12071]
============== start ==============
[03/30/2022, 18:50:28] [get anchor metrics for /home/youyinnn_gmail_com/s2search/pipelining/exp-csro csro [6, 8] from index: 10060 to 12071]
============== end 3793336 ==============


[03/30/2022, 18:50:29] [get prediction of paper data for /home/youyinnn_gmail_com/s2search/pipelining/exp-csdc csdc [6, 8]]
============== start ==============
[03/30/2022, 18:50:29] [get prediction of paper data for /home/youyinnn_gmail_com/s2search/pipelining/exp-csdc csdc [6, 8]]
============== end 0 ==============


[03/30/2022, 18:50:29] [get categorical paper data for /home/youyinnn_gmail_com/s2search/pipelining/exp-csdc csdc [6, 8]]
============== start ==============
[03/30/2022, 18:50:52] [get categorical paper data for /home/youyinnn_gmail_com/s2search/pipelining/exp-csdc csdc [6, 8]]
============== end 59016 ==============


[03/30/2022, 18:50:52] [get anchor metrics for /home/youyinnn_gmail_com/s2search/pipelining/exp-csdc csdc [6, 8] from index: 9225 to 11069]
============== start ==============
[03/30/2022, 19:37:09] [get anchor metrics for /home/youyinnn_gmail_com/s2search/pipelining/exp-csdc csdc [6, 8] from index: 9225 to 11069]
============== end 2920004 ==============


[03/30/2022, 19:37:09] [get prediction of paper data for /home/youyinnn_gmail_com/s2search/pipelining/exp-cssi cssi [6, 8]]
============== start ==============
[03/30/2022, 19:37:09] [get prediction of paper data for /home/youyinnn_gmail_com/s2search/pipelining/exp-cssi cssi [6, 8]]
============== end 0 ==============


[03/30/2022, 19:37:09] [get categorical paper data for /home/youyinnn_gmail_com/s2search/pipelining/exp-cssi cssi [6, 8]]
============== start ==============
[03/30/2022, 19:37:32] [get categorical paper data for /home/youyinnn_gmail_com/s2search/pipelining/exp-cssi cssi [6, 8]]
============== end 57116 ==============


[03/30/2022, 19:37:32] [get anchor metrics for /home/youyinnn_gmail_com/s2search/pipelining/exp-cssi cssi [6, 8] from index: 8925 to 10709]
============== start ==============
[03/30/2022, 20:31:13] [get anchor metrics for /home/youyinnn_gmail_com/s2search/pipelining/exp-cssi cssi [6, 8] from index: 8925 to 10709]
============== end 3352562 ==============


[03/30/2022, 20:31:13] [get prediction of paper data for /home/youyinnn_gmail_com/s2search/pipelining/exp-cslo cslo [6, 8]]
============== start ==============
[03/30/2022, 20:31:13] [get prediction of paper data for /home/youyinnn_gmail_com/s2search/pipelining/exp-cslo cslo [6, 8]]
============== end 0 ==============


[03/30/2022, 20:31:13] [get categorical paper data for /home/youyinnn_gmail_com/s2search/pipelining/exp-cslo cslo [6, 8]]
============== start ==============
[03/30/2022, 20:31:29] [get categorical paper data for /home/youyinnn_gmail_com/s2search/pipelining/exp-cslo cslo [6, 8]]
============== end 47672 ==============


[03/30/2022, 20:31:29] [get anchor metrics for /home/youyinnn_gmail_com/s2search/pipelining/exp-cslo cslo [6, 8] from index: 7450 to 8939]
============== start ==============
[03/30/2022, 21:06:05] [get anchor metrics for /home/youyinnn_gmail_com/s2search/pipelining/exp-cslo cslo [6, 8] from index: 7450 to 8939]
============== end 2841115 ==============


[03/30/2022, 21:06:05] [get prediction of paper data for /home/youyinnn_gmail_com/s2search/pipelining/exp-csna csna [6, 8]]
============== start ==============
[03/30/2022, 21:06:05] [get prediction of paper data for /home/youyinnn_gmail_com/s2search/pipelining/exp-csna csna [6, 8]]
============== end 0 ==============


[03/30/2022, 21:06:05] [get categorical paper data for /home/youyinnn_gmail_com/s2search/pipelining/exp-csna csna [6, 8]]
============== start ==============
[03/30/2022, 21:06:22] [get categorical paper data for /home/youyinnn_gmail_com/s2search/pipelining/exp-csna csna [6, 8]]
============== end 46324 ==============


[03/30/2022, 21:06:22] [get anchor metrics for /home/youyinnn_gmail_com/s2search/pipelining/exp-csna csna [6, 8] from index: 7240 to 8687]
============== start ==============
[03/30/2022, 21:37:50] [get anchor metrics for /home/youyinnn_gmail_com/s2search/pipelining/exp-csna csna [6, 8] from index: 7240 to 8687]
============== end 2187345 ==============


[03/30/2022, 21:37:50] [get prediction of paper data for /home/youyinnn_gmail_com/s2search/pipelining/exp-cscy cscy [6, 8]]
============== start ==============
[03/30/2022, 21:37:50] [get prediction of paper data for /home/youyinnn_gmail_com/s2search/pipelining/exp-cscy cscy [6, 8]]
============== end 0 ==============


[03/30/2022, 21:37:50] [get categorical paper data for /home/youyinnn_gmail_com/s2search/pipelining/exp-cscy cscy [6, 8]]
============== start ==============
[03/30/2022, 21:38:07] [get categorical paper data for /home/youyinnn_gmail_com/s2search/pipelining/exp-cscy cscy [6, 8]]
============== end 43976 ==============


[03/30/2022, 21:38:07] [get anchor metrics for /home/youyinnn_gmail_com/s2search/pipelining/exp-cscy cscy [6, 8] from index: 6875 to 8249]
============== start ==============
[03/30/2022, 22:09:33] [get anchor metrics for /home/youyinnn_gmail_com/s2search/pipelining/exp-cscy cscy [6, 8] from index: 6875 to 8249]
============== end 2135465 ==============


[03/30/2022, 22:09:33] [get prediction of paper data for /home/youyinnn_gmail_com/s2search/pipelining/exp-csdm csdm [6, 8]]
============== start ==============
[03/30/2022, 22:09:33] [get prediction of paper data for /home/youyinnn_gmail_com/s2search/pipelining/exp-csdm csdm [6, 8]]
============== end 0 ==============


[03/30/2022, 22:09:33] [get categorical paper data for /home/youyinnn_gmail_com/s2search/pipelining/exp-csdm csdm [6, 8]]
============== start ==============
[03/30/2022, 22:09:48] [get categorical paper data for /home/youyinnn_gmail_com/s2search/pipelining/exp-csdm csdm [6, 8]]
============== end 41776 ==============


[03/30/2022, 22:09:48] [get anchor metrics for /home/youyinnn_gmail_com/s2search/pipelining/exp-csdm csdm [6, 8] from index: 6530 to 7835]
============== start ==============
[03/30/2022, 22:44:48] [get anchor metrics for /home/youyinnn_gmail_com/s2search/pipelining/exp-csdm csdm [6, 8] from index: 6530 to 7835]
============== end 2480475 ==============


[03/30/2022, 22:44:48] [get prediction of paper data for /home/youyinnn_gmail_com/s2search/pipelining/exp-csir csir [6, 8]]
============== start ==============
[03/30/2022, 22:44:48] [get prediction of paper data for /home/youyinnn_gmail_com/s2search/pipelining/exp-csir csir [6, 8]]
============== end 0 ==============


[03/30/2022, 22:44:48] [get categorical paper data for /home/youyinnn_gmail_com/s2search/pipelining/exp-csir csir [6, 8]]
============== start ==============
[03/30/2022, 22:45:04] [get categorical paper data for /home/youyinnn_gmail_com/s2search/pipelining/exp-csir csir [6, 8]]
============== end 41092 ==============


[03/30/2022, 22:45:04] [get anchor metrics for /home/youyinnn_gmail_com/s2search/pipelining/exp-csir csir [6, 8] from index: 6425 to 7709]
============== start ==============
[03/30/2022, 23:14:33] [get anchor metrics for /home/youyinnn_gmail_com/s2search/pipelining/exp-csir csir [6, 8] from index: 6425 to 7709]
============== end 2007990 ==============


[03/30/2022, 23:14:34] [get prediction of paper data for /home/youyinnn_gmail_com/s2search/pipelining/exp-csne csne [6, 8]]
============== start ==============
[03/30/2022, 23:14:34] [get prediction of paper data for /home/youyinnn_gmail_com/s2search/pipelining/exp-csne csne [6, 8]]
============== end 0 ==============


[03/30/2022, 23:14:34] [get categorical paper data for /home/youyinnn_gmail_com/s2search/pipelining/exp-csne csne [6, 8]]
============== start ==============
[03/30/2022, 23:14:50] [get categorical paper data for /home/youyinnn_gmail_com/s2search/pipelining/exp-csne csne [6, 8]]
============== end 39336 ==============


[03/30/2022, 23:14:50] [get anchor metrics for /home/youyinnn_gmail_com/s2search/pipelining/exp-csne csne [6, 8] from index: 6150 to 7379]
============== start ==============
[03/30/2022, 23:50:35] [get anchor metrics for /home/youyinnn_gmail_com/s2search/pipelining/exp-csne csne [6, 8] from index: 6150 to 7379]
============== end 2411290 ==============


[03/30/2022, 23:50:35] [get prediction of paper data for /home/youyinnn_gmail_com/s2search/pipelining/exp-csse csse [6, 8]]
============== start ==============
[03/30/2022, 23:50:35] [get prediction of paper data for /home/youyinnn_gmail_com/s2search/pipelining/exp-csse csse [6, 8]]
============== end 0 ==============


[03/30/2022, 23:50:35] [get categorical paper data for /home/youyinnn_gmail_com/s2search/pipelining/exp-csse csse [6, 8]]
============== start ==============
[03/30/2022, 23:50:51] [get categorical paper data for /home/youyinnn_gmail_com/s2search/pipelining/exp-csse csse [6, 8]]
============== end 39044 ==============


[03/30/2022, 23:50:51] [get anchor metrics for /home/youyinnn_gmail_com/s2search/pipelining/exp-csse csse [6, 8] from index: 6105 to 7325]
============== start ==============
[03/31/2022, 00:26:02] [get anchor metrics for /home/youyinnn_gmail_com/s2search/pipelining/exp-csse csse [6, 8] from index: 6105 to 7325]
============== end 2260929 ==============


[03/31/2022, 00:26:02] [get prediction of paper data for /home/youyinnn_gmail_com/s2search/pipelining/exp-cscc cscc [6, 8]]
============== start ==============
[03/31/2022, 00:26:02] [get prediction of paper data for /home/youyinnn_gmail_com/s2search/pipelining/exp-cscc cscc [6, 8]]
============== end 0 ==============


[03/31/2022, 00:26:02] [get categorical paper data for /home/youyinnn_gmail_com/s2search/pipelining/exp-cscc cscc [6, 8]]
============== start ==============
[03/31/2022, 00:26:16] [get categorical paper data for /home/youyinnn_gmail_com/s2search/pipelining/exp-cscc cscc [6, 8]]
============== end 35008 ==============


[03/31/2022, 00:26:16] [get anchor metrics for /home/youyinnn_gmail_com/s2search/pipelining/exp-cscc cscc [6, 8] from index: 5475 to 6569]
============== start ==============
[03/31/2022, 00:56:48] [get anchor metrics for /home/youyinnn_gmail_com/s2search/pipelining/exp-cscc cscc [6, 8] from index: 5475 to 6569]
============== end 2015494 ==============


[03/31/2022, 00:56:48] [get prediction of paper data for /home/youyinnn_gmail_com/s2search/pipelining/exp-cshc cshc [6, 8]]
============== start ==============
[03/31/2022, 00:56:48] [get prediction of paper data for /home/youyinnn_gmail_com/s2search/pipelining/exp-cshc cshc [6, 8]]
============== end 0 ==============


[03/31/2022, 00:56:48] [get categorical paper data for /home/youyinnn_gmail_com/s2search/pipelining/exp-cshc cshc [6, 8]]
============== start ==============
[03/31/2022, 00:57:02] [get categorical paper data for /home/youyinnn_gmail_com/s2search/pipelining/exp-cshc cshc [6, 8]]
============== end 34432 ==============


[03/31/2022, 00:57:02] [get anchor metrics for /home/youyinnn_gmail_com/s2search/pipelining/exp-cshc cshc [6, 8] from index: 5385 to 6461]
============== start ==============
[03/31/2022, 01:22:44] [get anchor metrics for /home/youyinnn_gmail_com/s2search/pipelining/exp-cshc cshc [6, 8] from index: 5385 to 6461]
============== end 1707970 ==============


[03/31/2022, 01:22:44] [get prediction of paper data for /home/youyinnn_gmail_com/s2search/pipelining/exp-csgt csgt [6, 8]]
============== start ==============
[03/31/2022, 01:22:44] [get prediction of paper data for /home/youyinnn_gmail_com/s2search/pipelining/exp-csgt csgt [6, 8]]
============== end 0 ==============


[03/31/2022, 01:22:44] [get categorical paper data for /home/youyinnn_gmail_com/s2search/pipelining/exp-csgt csgt [6, 8]]
============== start ==============
[03/31/2022, 01:22:56] [get categorical paper data for /home/youyinnn_gmail_com/s2search/pipelining/exp-csgt csgt [6, 8]]
============== end 32120 ==============


[03/31/2022, 01:22:56] [get anchor metrics for /home/youyinnn_gmail_com/s2search/pipelining/exp-csgt csgt [6, 8] from index: 5020 to 6023]
============== start ==============
[03/31/2022, 01:46:45] [get anchor metrics for /home/youyinnn_gmail_com/s2search/pipelining/exp-csgt csgt [6, 8] from index: 5020 to 6023]
============== end 1612103 ==============


[03/31/2022, 01:46:45] [get prediction of paper data for /home/youyinnn_gmail_com/s2search/pipelining/exp-cssd cssd [6, 8]]
============== start ==============
[03/31/2022, 01:46:45] [get prediction of paper data for /home/youyinnn_gmail_com/s2search/pipelining/exp-cssd cssd [6, 8]]
============== end 0 ==============


[03/31/2022, 01:46:45] [get categorical paper data for /home/youyinnn_gmail_com/s2search/pipelining/exp-cssd cssd [6, 8]]
============== start ==============
[03/31/2022, 01:46:55] [get categorical paper data for /home/youyinnn_gmail_com/s2search/pipelining/exp-cssd cssd [6, 8]]
============== end 28184 ==============


[03/31/2022, 01:46:55] [get anchor metrics for /home/youyinnn_gmail_com/s2search/pipelining/exp-cssd cssd [6, 8] from index: 4405 to 5285]
============== start ==============
[03/31/2022, 02:05:00] [get anchor metrics for /home/youyinnn_gmail_com/s2search/pipelining/exp-cssd cssd [6, 8] from index: 4405 to 5285]
============== end 1339960 ==============
