Child #[10, 11]: psutil.Process(pid=4651, name='python', status='running', started='03:30:14'), affinity [10, 11]
Child #[10, 11]: Set my affinity to [10, 11], affinity now [10, 11]

[03/30/2022, 07:27:16] start computing sampling shap for range: [6, 8]
[03/30/2022, 07:27:59] computing sampling shap 1080:1090 within 42.9476 sec, 4.2948 on average
[03/30/2022, 07:27:59] instances left: 206
[03/30/2022, 07:27:59] estimating time left: 0:14:44.728800

[[-8.44370133e-01 -3.49474341e+00 -3.25132923e-01  0.00000000e+00
  -6.08771838e-01 -1.47405768e-01]
 [-4.10597693e-01  6.12626149e+00 -8.02286328e-02  0.00000000e+00
   7.66164881e-01 -1.23117584e-01]
 [-8.76056771e-01 -3.71212501e+00 -1.41750376e-01  0.00000000e+00
  -7.98961252e-01 -1.67938982e-01]
 [-1.29214655e-01  1.61955508e+01  0.00000000e+00  0.00000000e+00
  -2.41507413e-03 -5.88545467e-02]
 [-7.73675839e-01 -3.70736421e+00 -2.46491991e-01  0.00000000e+00
   3.57258946e-01 -1.28475775e-01]
 [-1.12093893e+00 -3.60487096e+00  0.00000000e+00  0.00000000e+00
   3.95258125e-01 -1.43481713e-01]
 [-2.92271454e-01  6.09896445e+00  0.00000000e+00  0.00000000e+00
  -9.65127198e-02 -6.26446720e-03]
 [-7.01884966e-01 -3.85288617e+00 -2.30028672e-01  0.00000000e+00
  -3.16893728e-01 -1.47868183e-01]
 [ 4.85156965e+00  2.15759651e+00  0.00000000e+00  0.00000000e+00
   3.71343539e-01  1.08535474e-01]
 [-1.05043187e+00 -3.63149916e+00  0.00000000e+00  0.00000000e+00
  -4.36052912e-01  4.71400379e-01]]
[03/30/2022, 07:28:44] computing sampling shap 1090:1100 within 45.2672 sec, 4.4109 on average
[03/30/2022, 07:28:44] instances left: 196
[03/30/2022, 07:28:44] estimating time left: 0:14:24.536400

[[ 4.53475675e+00  2.55249455e+00 -1.48860341e-01  0.00000000e+00
   7.15183464e-01 -2.88389047e-02]
 [-8.37580605e-01 -3.84368862e+00  0.00000000e+00  0.00000000e+00
   7.40307790e-01 -1.04942736e-01]
 [-1.10790944e+00 -3.58042249e+00 -2.09316748e-01  0.00000000e+00
  -4.96335094e-01  8.04825303e-01]
 [-8.90751636e-01 -3.60476288e+00 -3.05638177e-01  0.00000000e+00
   4.01848576e-01 -9.94448128e-02]
 [-7.14590534e-01 -3.90556734e+00 -1.26813187e-01  0.00000000e+00
  -2.19734065e-02  5.44690506e-02]
 [-7.13779418e-01 -3.03485320e+00  9.33980414e+00 -7.94533748e-02
  -5.24653968e-01 -3.95516775e-03]
 [-7.50657959e-01 -3.88069592e+00  0.00000000e+00  0.00000000e+00
   7.30869002e-01 -1.45419467e-01]
 [-1.09365652e+00 -3.54997478e+00 -8.29530338e-02  0.00000000e+00
   7.85478002e-01 -1.04797820e-01]
 [-4.67118152e-01  6.16448078e+00  0.00000000e+00  0.00000000e+00
   6.77414327e-01 -9.62945270e-02]
 [-8.70659499e-01 -3.80423776e+00 -8.26486820e-02  0.00000000e+00
   8.23773464e-01 -1.12131918e-01]]
[03/30/2022, 07:29:26] computing sampling shap 1100:1110 within 41.2608 sec, 4.316 on average
[03/30/2022, 07:29:26] instances left: 186
[03/30/2022, 07:29:26] estimating time left: 0:13:22.776000

[[-1.02566648 -3.55015286 -0.08101003  0.          0.28870629 -0.10591083]
 [-0.81048329 -3.9092127   0.          0.          0.34180964 -0.15260736]
 [-0.95947493 -3.54915687 -0.08019105  0.          0.68124319 -0.13832464]
 [-0.98410533 -3.54226356 -0.13202303  0.          0.74662672 -0.13413918]
 [-1.05625768 -3.61855375 -0.07981453  0.         -0.42905693  0.73639801]
 [-0.77598981 -3.84644713 -0.12089069  0.          0.38134708 -0.11205305]
 [-0.31161271  6.21187707 -0.14694953  0.         -0.04665494  0.35093744]
 [-0.83888855 -3.84435496  0.          0.          0.74577066 -0.10843143]
 [-0.99487667 -3.74159927  0.          0.          0.01494118 -0.202142  ]
 [-0.40253798  6.16625143 -0.07630071  0.         -0.67598232 -0.1308168 ]]
[03/30/2022, 07:30:10] computing sampling shap 1110:1120 within 44.1839 sec, 4.3417 on average
[03/30/2022, 07:30:10] instances left: 176
[03/30/2022, 07:30:10] estimating time left: 0:12:44.139200

[[-6.38063040e-01 -3.91497969e+00 -1.25837514e-01  0.00000000e+00
   7.17362430e-01  2.28755528e-03]
 [-8.32313084e-01 -3.77640578e+00 -8.06815056e-02  0.00000000e+00
  -5.76575901e-01 -2.00918060e-01]
 [-1.05428004e+00 -3.57080780e+00 -8.19834918e-02  0.00000000e+00
   7.76734100e-01 -1.15566770e-01]
 [-9.10189803e-01 -3.77256813e+00  0.00000000e+00  0.00000000e+00
  -4.50825396e-02  2.83602871e-01]
 [ 5.06864562e+00  2.39007783e+00 -1.51344958e-01  0.00000000e+00
  -2.52991142e-01 -1.69146539e-01]
 [-8.99784278e-01 -3.66516057e+00 -2.04375473e-01  0.00000000e+00
   3.83895619e-01  2.96550156e-01]
 [-1.12036280e+00 -3.55142281e+00 -1.48835611e-01  0.00000000e+00
   4.25721584e-01  2.20360045e-01]
 [ 4.86293378e+00  2.39569599e+00 -8.54101089e-02  0.00000000e+00
  -2.53630814e-01  2.99050234e-01]
 [-7.20827069e-01 -3.82206404e+00 -2.18866012e-01  0.00000000e+00
  -3.24162976e-01 -1.05111650e-01]
 [-1.04245971e+00 -3.66797394e+00  0.00000000e+00  0.00000000e+00
   3.34172485e-01 -9.77723070e-02]]
[03/30/2022, 07:30:51] computing sampling shap 1120:1130 within 41.0853 sec, 4.2951 on average
[03/30/2022, 07:30:51] instances left: 166
[03/30/2022, 07:30:51] estimating time left: 0:11:52.986600

[[-1.12692573 -3.45892592 -0.07784225  0.          0.28705178 -0.04114131]
 [-0.87217863 -3.78832039  0.          0.          0.72949002 -0.0917817 ]
 [-0.90877056 -3.80014525 -0.0852227   0.          0.45333494 -0.13323032]
 [-0.51448418  6.2562518   0.          0.         -0.01492332 -0.14436705]
 [ 5.0391856  12.62084954  0.          0.         -0.54103949 -0.05940128]
 [-1.02895304 -3.7632996   0.          0.         -0.73155428  0.05295116]
 [-0.78270553 -3.81508149 -0.07997068  0.          0.31281783 -0.06190445]
 [-0.96583327 -3.73667059  0.          0.         -0.58469445  0.03694029]
 [-0.7696393  -3.95733181 -0.07901127  0.          0.83742613 -0.0542347 ]
 [10.33107496  7.95087305 -0.09486296  0.          0.2930454  -0.02588065]]
[03/30/2022, 07:31:35] computing sampling shap 1130:1140 within 44.1511 sec, 4.3151 on average
[03/30/2022, 07:31:35] instances left: 156
[03/30/2022, 07:31:35] estimating time left: 0:11:13.155600

[[ 4.68723638 12.63795583  0.          0.          0.4063245  -0.0499176 ]
 [-0.62367557 -4.00305718 -0.13329457  0.         -0.246629    0.50966312]
 [-0.22726329  6.29386315 -0.2390369   0.         -0.39009981 -0.03081981]
 [-0.9622598  -3.69628276  0.          0.          0.75251475 -0.13987638]
 [-0.70969482  6.38948936  0.          0.          0.01722578 -0.1527247 ]
 [ 5.00125446  2.24656626 -0.18782337  0.         -0.16919581  0.35127733]
 [-0.72645217 -3.79267857 -0.0828886  -0.083726   -0.04766589  0.4012486 ]
 [-0.77668782  6.36084799  0.          0.          0.4241434   0.06384202]
 [ 5.23801086  2.06603098 -0.08833296  0.          0.04395986 -0.08364365]
 [-0.87588135 -3.62979272 -0.21226002  0.         -0.76012137 -0.21753551]]
[03/30/2022, 07:32:20] computing sampling shap 1140:1150 within 45.0579 sec, 4.3424 on average
[03/30/2022, 07:32:20] instances left: 146
[03/30/2022, 07:32:20] estimating time left: 0:10:33.990400

[[-1.03393112e+00 -3.62395179e+00  0.00000000e+00  0.00000000e+00
  -1.59153944e+00 -2.21383999e-01]
 [-1.04664100e+00 -3.54265708e+00  0.00000000e+00  0.00000000e+00
  -8.08912603e-01  4.30091692e-05]
 [-9.45990682e-01 -3.63144227e+00 -7.77128943e-02  0.00000000e+00
   7.27842523e-01 -9.54877126e-02]
 [-9.96790210e-01 -3.69092627e+00  0.00000000e+00  0.00000000e+00
   7.91700109e-01 -1.43208498e-01]
 [-7.50725986e-01 -3.70021287e+00 -1.85982623e-01  0.00000000e+00
   6.96224807e-01 -8.20942793e-02]
 [ 4.76132667e+00  2.50052272e+00 -2.14992106e-01  0.00000000e+00
   6.28074233e-01 -8.34964638e-02]
 [-3.70579264e-01  6.02002429e+00 -7.45768699e-02  0.00000000e+00
  -2.09198474e-01  1.40861208e-01]
 [-1.01221769e+00 -3.66143982e+00  0.00000000e+00  0.00000000e+00
   7.43375457e-01 -1.15622319e-01]
 [-5.08688886e-01  6.13440549e+00  0.00000000e+00  0.00000000e+00
  -5.49851953e-01  1.77210626e-01]
 [-9.99729154e-01 -3.78935261e+00  0.00000000e+00  0.00000000e+00
   1.92603888e-02  8.95401887e-02]]
[03/30/2022, 07:33:05] computing sampling shap 1150:1160 within 45.2255 sec, 4.365 on average
[03/30/2022, 07:33:05] instances left: 136
[03/30/2022, 07:33:05] estimating time left: 0:09:53.640000

[[-0.87842673 -3.88679181 -0.0814807   0.          0.1253045   0.30443323]
 [-0.70226681 -4.16393306  0.          0.          0.46540445  0.30798579]
 [-0.51897159  6.32788039 -0.23224134  0.          0.08912009 -0.12149179]
 [-0.83041327 -3.93786513  0.          0.         -0.48465019  0.63377605]
 [-0.29405033  6.03582248 -0.12953788  0.          0.76612789 -0.09987987]
 [-0.90691201 -3.56333184 -0.12957492  0.         -0.11654125  0.35564258]
 [-0.83216833 -3.7911981  -0.07907763  0.         -0.87610523 -0.05890794]
 [-1.10372635 -3.69725018  0.          0.         -0.25069477 -0.00829087]
 [-0.73610744 -3.85819028  0.          0.         -0.67542042 -0.15070554]
 [-0.81064595 -3.78276712 -0.08261542  0.         -0.01074942  0.3260605 ]]
[03/30/2022, 07:33:51] computing sampling shap 1160:1170 within 45.668 sec, 4.3874 on average
[03/30/2022, 07:33:51] instances left: 126
[03/30/2022, 07:33:51] estimating time left: 0:09:12.812400

[[-6.35267439e-01 -3.97517415e+00 -7.67625170e-02  3.65229730e-03
   2.76455268e-01 -1.23397216e-01]
 [-9.94033093e-01 -3.73415663e+00  0.00000000e+00  0.00000000e+00
   7.78564802e-01 -9.62792267e-02]
 [-8.41053385e-01 -2.38285004e+00  8.68015122e+00  0.00000000e+00
  -6.33724096e-01  9.74368092e-03]
 [-1.02117042e+00 -3.72575402e+00  0.00000000e+00  0.00000000e+00
  -7.18343524e-01  9.84028740e-02]
 [-1.05567292e+00 -3.76878239e+00  0.00000000e+00  0.00000000e+00
  -2.34908598e-01  2.66835883e-01]
 [-9.15687350e-01 -3.93477810e+00  0.00000000e+00  0.00000000e+00
   8.87393301e-01  2.17933766e-02]
 [-9.01507971e-02  1.62684196e+01 -7.86408528e-02  0.00000000e+00
   6.07367009e-01 -1.11479308e-01]
 [-6.20668627e-01 -3.87798348e+00 -7.66563119e-02  0.00000000e+00
   6.67673321e-01 -1.15155885e-01]
 [-9.09311814e-01 -3.61061193e+00 -1.34566404e-01  0.00000000e+00
   7.41101425e-01 -6.52353740e-02]
 [-7.46039654e-01 -3.88983214e+00 -8.15935791e-02  0.00000000e+00
  -3.55694350e-01 -1.76401818e-01]]
[03/30/2022, 07:34:33] computing sampling shap 1170:1180 within 41.6415 sec, 4.3651 on average
[03/30/2022, 07:34:33] instances left: 116
[03/30/2022, 07:34:33] estimating time left: 0:08:26.351600

[[ 9.95633444e+00 -2.82274393e+00 -7.74122220e-02  0.00000000e+00
  -7.99876138e-01 -6.90877584e-02]
 [ 4.93535615e+00  2.24303043e+00  0.00000000e+00  0.00000000e+00
  -4.21749659e-01  2.66523227e-01]
 [-1.08729341e+00 -3.42716573e+00 -2.44105722e-01  0.00000000e+00
   8.39282065e-01 -1.26621775e-01]
 [-9.44308463e-01 -3.71902581e+00 -1.51607248e-01  0.00000000e+00
   4.33610676e-01 -1.49162597e-01]
 [-1.17948676e+00 -3.55483284e+00 -7.87394855e-02  0.00000000e+00
  -1.28349305e+00  1.66648701e-01]
 [ 4.81035633e+00  2.52977766e+00 -1.77555333e-01  0.00000000e+00
   3.15593531e-01 -9.64854540e-02]
 [-8.19434559e-01 -4.00285097e+00  0.00000000e+00  0.00000000e+00
   8.89479696e-01 -1.13098101e-01]
 [-1.02204433e+00 -3.66570748e+00 -7.81816534e-02  0.00000000e+00
  -1.18757562e+00  1.36383266e-03]
 [ 4.94855860e+00  2.17677015e+00 -8.54178038e-02  0.00000000e+00
   6.57611673e-01 -1.39360559e-01]
 [-9.18743356e-01 -3.81274197e+00  0.00000000e+00  0.00000000e+00
  -4.16621999e-01  4.75756014e-01]]
[03/30/2022, 07:35:15] computing sampling shap 1180:1190 within 42.4297 sec, 4.354 on average
[03/30/2022, 07:35:15] instances left: 106
[03/30/2022, 07:35:15] estimating time left: 0:07:41.524000

[[-0.88031529 -3.68002943 -0.15051352  0.          0.77214847 -0.08408142]
 [-0.6547454   6.35277318 -0.08305173  0.         -0.40081309  0.59055093]
 [-0.82818862 -3.80823585 -0.22287043  0.          0.48607899 -0.15727767]
 [-0.68237468 -3.92629033 -0.1090045   0.          0.34615454  0.12956571]
 [-0.46075026  6.17293841  0.          0.         -0.72094215  0.10398794]
 [-0.60538081 -3.94580287 -0.20139367  0.         -0.52097029  0.83894824]
 [ 4.97251519  2.23137836 -0.15565058  0.          0.62188191 -0.11196298]
 [-1.029953   -3.70468801  0.          0.         -0.81013882 -0.16604008]
 [-0.7758831  -3.79749092 -0.21210359  0.          0.0304667  -0.13494013]
 [-0.68891246 -3.98755121 -0.07900374  0.          0.82573611 -0.11617292]]
[03/30/2022, 07:35:59] computing sampling shap 1190:1200 within 43.8554 sec, 4.3567 on average
[03/30/2022, 07:35:59] instances left: 96
[03/30/2022, 07:35:59] estimating time left: 0:06:58.243200

[[-0.72539967 -3.90256638 -0.07565038  0.          0.77317257 -0.11546031]
 [-0.76855468 -3.72520689 -0.18842405  0.          0.27937029 -0.09593352]
 [-1.02804288 -3.69245102  0.          0.         -0.80239278  0.28382159]
 [ 4.71116991  2.49226752 -0.14243448  0.          0.64583687 -0.14867799]
 [-0.87730052 -3.78591192 -0.07779756  0.          0.00830808  0.1905347 ]
 [-0.77520218 -3.67670608 -0.08003635 -0.07734303  0.66810056 -0.01804363]
 [-1.04048005 -3.7412381   0.          0.         -0.00779167 -0.10044153]
 [-0.77248896 -3.68437667 -0.25602151  0.          0.33486215 -0.04881909]
 [-0.87408504 -3.65962566 -0.12807942  0.         -0.07996152 -0.08699925]
 [-0.17892354  5.81600486  0.          0.          0.04650574  0.25564868]]
[03/30/2022, 07:36:39] computing sampling shap 1200:1210 within 40.0649 sec, 4.3298 on average
[03/30/2022, 07:36:39] instances left: 86
[03/30/2022, 07:36:39] estimating time left: 0:06:12.362800

[[-6.76118083e-01 -4.02372852e+00  0.00000000e+00  0.00000000e+00
  -6.30938623e-01 -1.36108641e-01]
 [-9.02274431e-01 -3.63969589e+00 -2.24832923e-01  0.00000000e+00
  -1.13978277e+00  2.19733803e-01]
 [-9.80958550e-01 -3.72967352e+00 -7.90340095e-02  0.00000000e+00
  -1.37893546e+00 -6.27823241e-02]
 [-7.94980543e-01 -3.94977099e+00  0.00000000e+00  0.00000000e+00
   3.35793308e-01 -8.82492768e-03]
 [ 9.97607715e+00 -2.94464701e+00 -1.40990206e-01  0.00000000e+00
   7.46144829e-01 -8.44388662e-02]
 [-8.75354147e-01 -3.71533915e+00 -1.90375746e-01  0.00000000e+00
   8.57987446e-01 -5.55424062e-02]
 [-9.93306416e-01 -3.52131721e+00 -2.07779022e-01  0.00000000e+00
  -1.61079789e-02 -1.85166408e-01]
 [-7.79458874e-01  6.58097346e+00 -7.77980545e-02  0.00000000e+00
  -5.63522781e-01 -9.91205016e-02]
 [-4.27260471e-01  6.12689869e+00  0.00000000e+00  0.00000000e+00
   6.88913681e-01 -1.10069396e-01]
 [-6.94014945e-01 -3.98585404e+00 -8.27267709e-02  0.00000000e+00
   1.15914844e-02 -1.13883256e-01]]
[03/30/2022, 07:37:24] computing sampling shap 1210:1220 within 44.79 sec, 4.3404 on average
[03/30/2022, 07:37:24] instances left: 76
[03/30/2022, 07:37:24] estimating time left: 0:05:29.870400

[[-1.10894356e+00 -3.71370185e+00  0.00000000e+00  0.00000000e+00
  -3.96993119e-01 -3.83828400e-02]
 [-9.77029304e-01 -3.69962241e+00 -2.24249737e-01  0.00000000e+00
   1.57311272e-01  2.09056798e-01]
 [-3.20946501e-01  1.64600786e+01 -7.95877282e-02  0.00000000e+00
   8.33313422e-02  4.63179850e-01]
 [-2.81026215e-01  1.64351701e+01  0.00000000e+00  0.00000000e+00
   3.80629080e-02  5.41337719e-02]
 [-8.19841795e-01 -3.74487764e+00 -2.06508223e-01  0.00000000e+00
  -7.92543922e-01 -4.65887396e-02]
 [-9.34210321e-01 -3.73978933e+00  0.00000000e+00  0.00000000e+00
   7.45056839e-01 -1.16961321e-01]
 [-2.19345561e-01  5.81473402e+00  0.00000000e+00  0.00000000e+00
   7.93169498e-01 -1.10074960e-01]
 [-4.78678963e-01  6.12570199e+00  0.00000000e+00  0.00000000e+00
  -5.25659165e-01  5.92544578e-01]
 [-5.38182898e-01  6.33550506e+00 -1.27716170e-01  0.00000000e+00
   7.13240647e-01 -9.19768432e-04]
 [-1.04027153e+00 -3.66333440e+00  0.00000000e+00  0.00000000e+00
   3.10497057e-01 -8.09246617e-02]]
[03/30/2022, 07:38:08] computing sampling shap 1220:1230 within 44.5782 sec, 4.3483 on average
[03/30/2022, 07:38:08] instances left: 66
[03/30/2022, 07:38:08] estimating time left: 0:04:46.987800

[[-8.54157042e-01 -3.67872830e+00 -1.44739139e-01  0.00000000e+00
   7.61978075e-01 -1.30258252e-01]
 [-9.24291804e-01 -3.47189444e+00 -3.06521544e-01  0.00000000e+00
   3.31608520e-01  2.82224605e-01]
 [-9.12710814e-01 -3.71538498e+00 -1.75954717e-01  0.00000000e+00
  -7.47316704e-01 -1.45464963e-01]
 [-8.58619257e-01  6.85128100e+00 -3.19666645e-01  0.00000000e+00
   7.13787538e-01 -4.28256175e-02]
 [-7.60771649e-01  6.55517780e+00 -8.02807436e-02  0.00000000e+00
  -7.56962927e-01  1.49714030e-01]
 [-4.72417851e-01  6.21255033e+00 -7.44737206e-02  0.00000000e+00
   7.06053171e-01 -2.17504945e-03]
 [-4.63393994e-01  6.34341574e+00 -1.30805624e-01  0.00000000e+00
  -7.94951065e-01 -8.00755895e-02]
 [ 3.53959747e+00  1.42804977e+00  2.23882747e+00  0.00000000e+00
   2.85929963e-01 -8.51389666e-02]
 [-7.18414755e-01 -3.73166616e+00 -1.87919981e-01  0.00000000e+00
   2.34499095e-01 -1.26991811e-01]
 [-1.41544108e-01  1.64918149e+01 -1.38048473e-01  0.00000000e+00
  -4.82895365e-02  3.20359919e-01]]
[03/30/2022, 07:38:51] computing sampling shap 1230:1240 within 42.164 sec, 4.3401 on average
[03/30/2022, 07:38:51] instances left: 56
[03/30/2022, 07:38:51] estimating time left: 0:04:03.045600

[[-7.59308695e-01 -3.73960160e+00 -1.23567322e-01  0.00000000e+00
   2.06359857e-01 -1.14376116e-01]
 [-9.21246748e-01 -3.70092373e+00 -1.52348967e-01  0.00000000e+00
   3.88937837e-01  2.33924102e-01]
 [-4.95241548e-01  6.33103645e+00 -1.63942742e-01  0.00000000e+00
  -4.98024730e-01  4.49055404e-01]
 [-1.03732183e+00 -3.55192158e+00 -7.64374589e-02  0.00000000e+00
   7.65447924e-01 -1.45671345e-01]
 [-1.07076678e+00  6.79675465e+00  0.00000000e+00  0.00000000e+00
  -5.59818938e-01 -1.25718395e-01]
 [-9.08248593e-01 -3.79197308e+00 -7.90952195e-02  0.00000000e+00
   3.93202503e-01 -1.44379341e-01]
 [-4.38383748e-01  1.65510829e+01  0.00000000e+00  0.00000000e+00
  -2.79111439e-01  1.95392706e-03]
 [-1.00116526e+00 -3.48701366e+00 -1.98570623e-01  0.00000000e+00
  -4.69099173e-02 -1.56292083e-01]
 [-7.85336437e-01 -3.66555346e+00 -2.87304021e-01  0.00000000e+00
   7.90847177e-01 -1.18838956e-02]
 [-8.53670134e-01 -3.69093832e+00 -2.35316980e-01  0.00000000e+00
   4.25108654e-01 -1.19216894e-01]]
[03/30/2022, 07:39:34] computing sampling shap 1240:1250 within 43.1666 sec, 4.3387 on average
[03/30/2022, 07:39:34] instances left: 46
[03/30/2022, 07:39:34] estimating time left: 0:03:19.580200

[[ 4.90068900e+00  2.60081767e+00 -2.33296136e-01  0.00000000e+00
  -6.03279790e-01  1.72994684e-01]
 [-8.90376408e-01 -3.64422541e+00 -1.44758465e-01  0.00000000e+00
  -5.22417368e-02  4.81236350e-01]
 [-1.00126143e+00 -3.61648564e+00 -7.91737594e-02  0.00000000e+00
  -2.88396136e-02 -6.63409261e-02]
 [-4.68090264e-01  6.24519832e+00 -8.17849918e-02  0.00000000e+00
   3.62063762e-01 -6.02464526e-02]
 [-9.66275469e-01 -3.49323590e+00 -2.46331600e-01  0.00000000e+00
  -7.38893445e-01  7.78710244e-02]
 [-4.33530938e-01  6.21588085e+00 -1.29694994e-01 -2.53152175e-04
   7.44087398e-01 -5.25323098e-02]
 [ 5.02580187e+00  2.25701134e+00 -8.55813065e-02  0.00000000e+00
   2.70170408e-01 -4.53000380e-02]
 [-8.32664027e-01 -3.67811567e+00 -1.89614865e-01  0.00000000e+00
  -8.44591672e-01 -1.51845968e-01]
 [-5.15783229e-01  6.16317998e+00  0.00000000e+00  0.00000000e+00
   6.30152393e-01  2.43237725e-01]
 [-9.95700841e-01 -3.76513231e+00 -8.00813521e-02  0.00000000e+00
  -1.21923654e+00  1.04150386e-01]]
[03/30/2022, 07:40:16] computing sampling shap 1250:1260 within 42.6236 sec, 4.3345 on average
[03/30/2022, 07:40:16] instances left: 36
[03/30/2022, 07:40:16] estimating time left: 0:02:36.042000

[[-3.36544817e-01  6.29553251e+00 -3.19226052e-01  0.00000000e+00
   3.84212270e-01 -1.36578522e-01]
 [-6.16371804e-01  6.49924273e+00 -1.61070620e-01  0.00000000e+00
   6.66486181e-01 -1.09804375e-01]
 [-8.28022641e-01 -3.70514961e+00 -2.45695452e-01  0.00000000e+00
  -3.15297025e-01  1.25866573e-02]
 [-1.30381069e-01  1.63947605e+01 -7.79022210e-02  0.00000000e+00
  -1.29541362e+00  7.44578324e-01]
 [-6.64648498e-01 -3.94775559e+00 -1.80351698e-01  0.00000000e+00
   8.67012880e-01 -1.20161393e-01]
 [-4.16070970e-01  6.22312194e+00 -9.28318235e-02  0.00000000e+00
  -4.28068624e-02 -1.27116788e-01]
 [-6.81135979e-01 -3.88956475e+00 -7.43486248e-02 -7.47366976e-02
  -1.07750878e+00 -2.57085765e-02]
 [-8.97326521e-01 -3.47918155e+00 -3.06660967e-01  0.00000000e+00
  -8.59761811e-01 -9.52115087e-02]
 [-7.55014756e-01 -3.80376468e+00 -1.38879160e-01  0.00000000e+00
  -2.91432419e-01 -9.24869740e-02]
 [ 1.02370611e+01  8.14909374e+00  0.00000000e+00  0.00000000e+00
  -2.12320456e-01 -6.88527879e-02]]
[03/30/2022, 07:40:59] computing sampling shap 1260:1270 within 42.1357 sec, 4.3281 on average
[03/30/2022, 07:40:59] instances left: 26
[03/30/2022, 07:40:59] estimating time left: 0:01:52.530600

[[ 3.48226932e+00  7.62900700e-01  2.78590452e+00  0.00000000e+00
   4.35466103e-01 -5.92747982e-02]
 [-4.12703356e-01  6.24108665e+00 -1.52302404e-01  0.00000000e+00
  -6.67366556e-01 -6.26774820e-02]
 [ 9.93879820e+00  8.39771695e+00  0.00000000e+00 -9.07156808e-02
   7.71170669e-02 -5.11556680e-02]
 [-3.16765382e-01  5.94017068e+00  0.00000000e+00  0.00000000e+00
   9.93482176e-02 -1.78457697e-01]
 [-8.43431106e-01 -3.67527479e+00 -2.53099793e-01  0.00000000e+00
  -1.26518473e+00 -1.11440346e-01]
 [-1.02689029e+00 -3.58819511e+00 -1.51352334e-01  0.00000000e+00
   7.03644906e-04  5.12583891e-02]
 [-7.40219017e-01 -3.76514047e+00 -2.45860232e-01  0.00000000e+00
  -9.73586546e-01 -1.99108623e-01]
 [-8.84937633e-01 -3.87197551e+00 -7.91654936e-02  0.00000000e+00
   1.90401983e-02 -4.78488239e-02]
 [-1.84335753e-01  5.86797059e+00  0.00000000e+00  0.00000000e+00
   3.65900952e-01 -3.33399453e-02]
 [-7.21953193e-01 -3.98801143e+00 -8.05481770e-02  0.00000000e+00
   3.45577388e-02 -3.61463221e-02]]
[03/30/2022, 07:41:41] computing sampling shap 1270:1280 within 42.4999 sec, 4.3242 on average
[03/30/2022, 07:41:41] instances left: 16
[03/30/2022, 07:41:41] estimating time left: 0:01:09.187200

[[-6.96297155e-01 -2.62491000e+00 -7.47655437e-02  8.44736493e+00
   2.74792039e-03 -1.50746940e-01]
 [-9.84804736e-01 -3.61167038e+00 -7.65967057e-02  0.00000000e+00
  -3.60222642e-02  2.14465669e-01]
 [-8.94888722e-01 -3.72652639e+00  0.00000000e+00  0.00000000e+00
   7.11247853e-01 -1.35736969e-01]
 [-8.96965236e-01 -3.74170780e+00  0.00000000e+00  0.00000000e+00
  -8.79770047e-02 -6.54517766e-02]
 [-8.01311527e-01 -3.78844745e+00  0.00000000e+00  3.83335807e-03
   6.74312172e-01 -4.76170326e-02]
 [-9.54982749e-01 -3.80704876e+00 -8.12074656e-02  0.00000000e+00
  -7.01386207e-01 -1.54925173e-01]
 [-7.66251086e-01 -3.96574179e+00  0.00000000e+00  0.00000000e+00
  -6.91910311e-01 -1.95452293e-01]
 [-3.86381656e-01  6.05219456e+00 -8.07757976e-02  0.00000000e+00
   4.47731486e-01 -1.07551589e-01]
 [-9.09111450e-01 -3.60091357e+00 -1.62182172e-01  0.00000000e+00
  -8.39335977e-01  4.06874776e-02]
 [-6.62575808e-01  6.51282130e+00 -7.79344432e-02  0.00000000e+00
   6.08851835e-01 -1.02680474e-01]]
[03/30/2022, 07:42:21] computing sampling shap 1280:1290 within 40.242 sec, 4.31 on average
[03/30/2022, 07:42:21] instances left: 6
[03/30/2022, 07:42:21] estimating time left: 0:00:25.860000

[[-1.10490664 -3.71640123  0.          0.          0.44852964 -0.05406584]
 [-0.91963523 -3.87647324  0.          0.         -0.65645836 -0.09161198]
 [-0.53809924  6.19154849  0.          0.          0.08106069  0.19744181]
 [-1.10552165 -3.27561661 -0.31992233  0.          0.30282977 -0.10051817]
 [-0.83563038  6.50631251  0.          0.         -0.97132333 -0.06913337]
 [-0.23724431 -4.19174606 -0.28044944  0.          0.78259927 -0.09594999]
 [-0.76665873 -3.92387146  0.          0.          0.30896872 -0.11718728]
 [-0.90104383 -3.63989431 -0.17595627  0.          0.33206205  0.14288318]
 [-0.35403451  5.9996976   0.          0.         -0.57958381  0.51870264]
 [-1.01405441 -3.67429776  0.          0.         -0.79261497 -0.21858341]]
[03/30/2022, 07:42:21] finish computing sampling shap for range: [6, 8] within 905.093232 sec
Child #[10, 11]: psutil.Process(pid=4651, name='python', status='running', started='03:30:14'), affinity [10, 11]
Child #[10, 11]: Set my affinity to [10, 11], affinity now [10, 11]

[03/30/2022, 07:42:43] start computing sampling shap for range: [6, 8]
[03/30/2022, 07:43:25] computing sampling shap 1005:1015 within 41.6535 sec, 4.1654 on average
[03/30/2022, 07:43:25] instances left: 191
[03/30/2022, 07:43:25] estimating time left: 0:13:15.591400

[[-1.21845248e-01  2.25673183e+00  1.24286798e+01  0.00000000e+00
  -4.24274128e-01  7.73808619e-03]
 [-5.43300651e-01  5.17052961e+00 -2.62140380e-01  0.00000000e+00
  -4.34241016e-01  1.87648028e-01]
 [-3.96509480e-01  5.04192968e+00 -2.40173123e-01  0.00000000e+00
   9.12040824e-01 -1.02652034e-01]
 [-1.01158092e+00 -4.86258868e+00 -1.99663765e-01  0.00000000e+00
   1.02283889e+00 -1.51230114e-01]
 [-1.23102657e+00 -5.00772440e+00  0.00000000e+00  0.00000000e+00
  -1.32708918e-01 -8.86319948e-02]
 [-9.92970655e-01 -4.78978297e+00 -2.84739625e-01  0.00000000e+00
   5.42480270e-01  3.07748373e-01]
 [-9.48873470e-01 -5.07886391e+00 -8.00689902e-02  0.00000000e+00
  -7.98320121e-01  2.17422613e-01]
 [-4.45669325e-01  5.15675376e+00 -1.59029990e-01  0.00000000e+00
  -6.25097611e-01  2.66472710e-02]
 [-7.79417480e-01 -5.28138271e+00  0.00000000e+00  0.00000000e+00
  -4.95081985e-01  2.32616294e-01]
 [ 4.07765121e+00  1.74701821e+00  0.00000000e+00  0.00000000e+00
  -8.61103324e-01  1.31595721e-01]]
[03/30/2022, 07:44:08] computing sampling shap 1015:1025 within 43.5276 sec, 4.2592 on average
[03/30/2022, 07:44:08] instances left: 181
[03/30/2022, 07:44:08] estimating time left: 0:12:50.915200

[[-0.99306342 -5.02850826 -0.21922566  0.         -0.74036831 -0.23612196]
 [-0.85038811 -4.89660127 -0.09856404  0.          0.87567085 -0.23234183]
 [-0.93596838 -5.05192535 -0.11263604  0.         -0.70205277  0.20678184]
 [-0.86237761 -5.15679545 -0.13849358  0.         -0.82521168  0.03214674]
 [-0.69749554  5.10488048 -0.07776674  0.         -0.39062775  0.08233239]
 [-0.50792658  4.93307944 -0.08219626  0.          0.60997049 -0.23166639]
 [ 4.39687117 12.18543926 -0.08512786  0.         -0.49502778 -0.22598814]
 [-0.88502932 -4.92735626 -0.25545732  0.         -0.25980391  0.01518733]
 [-0.89208601 -4.87360655 -0.44933918  0.          0.35047797 -0.03960105]
 [-0.89067275 -4.95413478 -0.2800465   0.          0.01755857  0.23904486]]
[03/30/2022, 07:44:51] computing sampling shap 1025:1035 within 42.3351 sec, 4.2507 on average
[03/30/2022, 07:44:51] instances left: 171
[03/30/2022, 07:44:51] estimating time left: 0:12:06.869700

[[ 4.4665826   1.74844372 -0.08657009  0.          0.21282915 -0.08412078]
 [-1.07201348 -4.82690598  0.          0.          0.87519354 -0.17849852]
 [-0.73366877 -4.95676848 -0.293336    0.         -0.59368671  0.14320273]
 [-0.98559911 -5.00855281 -0.08333691  0.          1.02003665 -0.14477158]
 [-0.76218129 -5.19582804 -0.32398246  0.         -1.09123096 -0.13764984]
 [-0.69575071 -5.06161049 -0.30660508  0.          0.21735913 -0.17460022]
 [-1.01783401  5.35211118 -0.0801423   0.         -0.67332917  0.50730426]
 [-0.71210087  5.1443838  -0.16575424  0.          0.31671371  0.08003909]
 [-1.09430019 -4.8253692  -0.16457543  0.         -0.47879102 -0.13746287]
 [-1.18516341 -4.89069573 -0.08313106  0.         -0.48934246 -0.20753759]]
[03/30/2022, 07:45:35] computing sampling shap 1035:1045 within 44.0075 sec, 4.2883 on average
[03/30/2022, 07:45:35] instances left: 161
[03/30/2022, 07:45:35] estimating time left: 0:11:30.416300

[[-0.44984485  4.98696834 -0.15578037  0.         -0.1902871  -0.21009996]
 [-0.91869749 -4.97853553 -0.18407883  0.          0.24170756 -0.24039269]
 [-0.38427151  4.84636974  0.          0.         -0.48978568 -0.14266572]
 [ 4.21164202  1.87818413 -0.1761076   0.          0.83155442 -0.15589157]
 [-0.87218952 -5.0089396  -0.12826271  0.          0.15905811 -0.09677741]
 [-0.45111204  5.16174017 -0.21152564  0.         -0.42119046 -0.04367982]
 [-0.38423099 15.41081655 -0.16124252  0.         -0.41229709  0.40105387]
 [-1.07495375 -4.67062814 -0.27470069  0.          0.97024445 -0.15218643]
 [ 9.67513264  7.86303113  0.          0.          0.74439764 -0.05495444]
 [-0.94585083 -4.76980829 -0.30020619  0.         -0.36391389  0.34736043]]
[03/30/2022, 07:46:15] computing sampling shap 1045:1055 within 40.6413 sec, 4.2435 on average
[03/30/2022, 07:46:15] instances left: 151
[03/30/2022, 07:46:15] estimating time left: 0:10:40.768500

[[ 4.47258376  1.55538228  0.          0.          0.34387207 -0.12910906]
 [-1.02758785 -4.98826348 -0.08150266  0.         -0.3736209   0.46188695]
 [-0.4238769  -5.48606679 -0.29376102  0.         -0.32806199 -0.16873179]
 [-0.35957154  5.0418233  -0.25005823  0.         -0.48981706 -0.2229494 ]
 [-0.82170244 -5.14538577 -0.23307133  0.         -0.42310193 -0.17120037]
 [-0.99779406 -4.91672626 -0.14878862  0.          1.04579562 -0.1847108 ]
 [-0.39738951  4.76424137  0.          0.         -0.34081852 -0.13949043]
 [-1.03969663  5.43446821  0.          0.          0.1783023   0.2924176 ]
 [-1.1083597  -4.87115685 -0.13699222  0.          1.05506218 -0.11766457]
 [ 8.95487096 -2.81111771 -0.2439636   0.         -0.17541516 -0.01562656]]
[03/30/2022, 07:46:55] computing sampling shap 1055:1065 within 40.0365 sec, 4.2036 on average
[03/30/2022, 07:46:55] instances left: 141
[03/30/2022, 07:46:55] estimating time left: 0:09:52.707600

[[-0.33411162  4.75591945  0.          0.         -0.43602343  0.2745525 ]
 [-0.9738495  -4.62702968 -0.34256104  0.         -1.21203027  0.13832232]
 [-1.0040033  -5.10451458 -0.08164131  0.          0.70211839 -0.14231251]
 [-0.88748394 -5.09321217 -0.1928264   0.          0.29480378  0.04211743]
 [-0.97595223 -4.94419286 -0.22012262  0.         -0.40477663  0.1837218 ]
 [-1.09086713 -4.64911889 -0.20349872  0.         -0.37427086  0.58188089]
 [-0.36488134  5.14338574 -0.34506194  0.         -0.2625775  -0.18990875]
 [-1.07024142 -4.93865552 -0.08241332  0.         -0.49595905 -0.22922631]
 [-0.32318347 15.1326113   0.          0.          0.89531454 -0.14588846]
 [-0.44684369  4.99619991 -0.07806348  0.          0.91524432 -0.20249578]]
[03/30/2022, 07:47:36] computing sampling shap 1065:1075 within 40.2391 sec, 4.1779 on average
[03/30/2022, 07:47:36] instances left: 131
[03/30/2022, 07:47:36] estimating time left: 0:09:07.304900

[[-0.94331102 -4.87880004 -0.32500176  0.          0.69176001 -0.19971578]
 [-1.0651253  -4.81291548 -0.16680955  0.          1.02297065 -0.18034459]
 [-1.03681644  5.33002916 -0.08177952  0.         -0.27259471  0.15709947]
 [-0.94009012 -4.73589536 -0.3339456   0.          0.53577851 -0.11512515]
 [-0.35381451  4.88416147 -0.17622117  0.          0.09754245 -0.0876941 ]
 [-0.36592112  5.11955789 -0.19486383  0.         -1.04471389  0.40154959]
 [-1.03617142 -5.01793413  0.          0.          1.02019316 -0.16831135]
 [-0.4420161   4.81655336 -0.08210097  0.          0.30713254  0.01229169]
 [-1.05857385 -4.71937461 -0.29551453  0.          0.6230706   0.12111781]
 [-0.5719466  -5.33446582 -0.13523123  0.         -0.25626119  0.63933127]]
[03/30/2022, 07:48:22] computing sampling shap 1075:1085 within 46.7268 sec, 4.2398 on average
[03/30/2022, 07:48:22] instances left: 121
[03/30/2022, 07:48:22] estimating time left: 0:08:33.015800

[[-0.46399334  5.43699202  9.53143515  0.         -0.33451917 -0.13240625]
 [-1.22942865 -4.96721739  0.          0.          0.35914133 -0.147566  ]
 [-0.28723224  5.21390047 -0.36178368  0.          0.1574415  -0.08138489]
 [ 9.70768556 -4.50804918  0.          0.         -1.24174396  0.42412895]
 [-0.25982192  4.70785235 -0.08167722  0.         -0.44045058 -0.1854011 ]
 [-0.52552914 -5.59477478  0.          0.         -0.50644729  0.07082495]
 [-0.27181491  4.68664938  0.          0.         -0.40612695  0.40719903]
 [-0.97100798 -5.14022384  0.          0.          0.25374847 -0.18878766]
 [-1.11743028 -4.87933731 -0.141028    0.          0.31588067 -0.12519608]
 [ 4.20540808 12.27056527 -0.15371446  0.         -1.14764527 -0.22778944]]
[03/30/2022, 07:49:02] computing sampling shap 1085:1095 within 39.6978 sec, 4.2098 on average
[03/30/2022, 07:49:02] instances left: 111
[03/30/2022, 07:49:02] estimating time left: 0:07:47.287800

[[-2.78987629e-01  4.99089593e+00 -3.15806787e-01  0.00000000e+00
   3.06678122e-01 -7.56573914e-02]
 [-7.66315168e-01 -5.04227406e+00 -2.57471230e-01  0.00000000e+00
   1.97153612e-01 -1.77364687e-01]
 [-1.05792443e+00 -4.80442560e+00 -2.82163236e-01  0.00000000e+00
  -4.68592239e-01 -1.00554694e-01]
 [-9.44381389e-01 -5.16438158e+00 -7.75343636e-02  0.00000000e+00
  -4.88085397e-01 -1.47884235e-01]
 [-7.51597516e-01 -5.04153855e+00 -1.90595917e-01  0.00000000e+00
   9.39701918e-01 -7.15205094e-02]
 [-7.81866605e-01 -5.17473107e+00 -1.34830944e-01  0.00000000e+00
  -3.86887334e-01  5.77201790e-01]
 [-5.52138392e-01 -5.36516795e+00 -1.25260702e-01  0.00000000e+00
   1.00265195e+00 -1.62308586e-01]
 [-1.06190243e+00 -5.04588445e+00  0.00000000e+00  0.00000000e+00
  -7.22412640e-01  3.08171326e-03]
 [-3.12052102e-01  1.53325858e+01 -8.18339347e-02  0.00000000e+00
  -5.03242952e-01 -1.27189531e-01]
 [-9.27509845e-01 -5.09026864e+00 -1.89367382e-01  0.00000000e+00
  -4.09636364e-01 -1.49898158e-01]]
[03/30/2022, 07:49:43] computing sampling shap 1095:1105 within 40.9267 sec, 4.1982 on average
[03/30/2022, 07:49:43] instances left: 101
[03/30/2022, 07:49:43] estimating time left: 0:07:04.018200

[[-9.21926138e-01 -5.19789877e+00 -1.68062017e-01  0.00000000e+00
  -1.15436747e-01 -1.38731339e-01]
 [-1.10311133e+00 -4.69562944e+00 -3.68523003e-01  0.00000000e+00
  -3.87476247e-01 -6.32633577e-02]
 [ 4.02874769e+00  2.09285513e+00 -2.24601880e-01  0.00000000e+00
   8.28638200e-01 -1.69530983e-01]
 [-1.07780128e+00 -4.95184544e+00  0.00000000e+00  0.00000000e+00
  -7.22599426e-02  5.23454888e-01]
 [ 1.54807392e+01  2.21170610e+00  0.00000000e+00  0.00000000e+00
  -7.73369904e-01 -1.30565076e-01]
 [-8.37765474e-01 -5.12949529e+00 -1.46254894e-01  0.00000000e+00
   1.09914212e+00 -1.87850574e-01]
 [-5.51485445e-01  5.16909538e+00 -1.33193920e-01  0.00000000e+00
   5.55212805e-01 -1.59261364e-01]
 [-4.89523945e-01 -5.27733918e+00 -3.45999052e-01  0.00000000e+00
   1.04610882e+00 -1.35470837e-01]
 [-1.26192905e-01  4.49702476e+00  0.00000000e+00  0.00000000e+00
   6.03387347e-01  1.64607874e-02]
 [-2.93926383e-01  4.71542762e+00  0.00000000e+00  0.00000000e+00
  -2.85561219e-03 -7.28066816e-02]]
[03/30/2022, 07:50:23] computing sampling shap 1105:1115 within 39.6458 sec, 4.1769 on average
[03/30/2022, 07:50:23] instances left: 91
[03/30/2022, 07:50:23] estimating time left: 0:06:20.097900

[[-0.92201178 -5.08558185  0.          0.          1.00172755 -0.19635795]
 [-1.22668031 -4.71980581 -0.18750952  0.          0.64339339 -0.13975116]
 [-0.81302718 -4.96002782 -0.13384404  0.          0.49742925 -0.17369459]
 [-0.44894863  5.03714589 -0.18942518  0.          0.56239134 -0.02256211]
 [-0.41930451  5.06915426 -0.15386151  0.          0.21857437 -0.16049968]
 [-0.69653725 -5.36402737 -0.13390792  0.          1.10942047 -0.09405844]
 [-0.64255604 -5.29289911 -0.16760774  0.         -0.09798317  0.0773892 ]
 [-0.69458499 -5.27189718 -0.15913386  0.          1.11535435 -0.19196276]
 [-0.99417877 -5.15629129 -0.08277466  0.         -0.36621789 -0.03710753]
 [-1.14012146 -4.81051841 -0.28082661 -0.07905693 -0.73670642 -0.07253093]]
[03/30/2022, 07:51:04] computing sampling shap 1115:1125 within 41.36 sec, 4.1735 on average
[03/30/2022, 07:51:04] instances left: 81
[03/30/2022, 07:51:04] estimating time left: 0:05:38.053500

[[-0.94650435 -4.85121933 -0.27504056  0.         -0.41054189  0.11805924]
 [-0.93465333 -5.06003856 -0.08323604  0.          0.57009563  0.10956328]
 [-0.81026646 -5.11426707 -0.08152485  0.          0.99248441 -0.18865017]
 [-1.22184659 -4.62033776 -0.2544748   0.         -0.77930455  0.56533897]
 [-1.08990117 -4.98609484 -0.0808557   0.         -0.40047258  0.17687922]
 [-1.01178396 -4.86499035 -0.16252485  0.         -0.55004336  0.1550856 ]
 [-0.98212773 -4.84853197 -0.13983641  0.          0.95782617 -0.18955478]
 [-0.8900494  -5.04363251 -0.17934148  0.          1.07708941 -0.16629016]
 [-0.94596979 -4.74891996 -0.2515232   0.         -0.70389757  0.65013461]
 [-0.59752541  5.2413147  -0.28352522  0.         -0.67504452 -0.17382787]]
[03/30/2022, 07:51:45] computing sampling shap 1125:1135 within 40.6839 sec, 4.1655 on average
[03/30/2022, 07:51:45] instances left: 71
[03/30/2022, 07:51:45] estimating time left: 0:04:55.750500

[[-1.03276829e+00 -4.95353983e+00  0.00000000e+00  0.00000000e+00
   1.86810797e-01 -2.80499829e-01]
 [-1.02708597e+00 -4.88019566e+00 -2.16528133e-01  0.00000000e+00
  -2.79325420e-01  5.95473232e-02]
 [-1.26624525e+00 -4.81645899e+00  0.00000000e+00  0.00000000e+00
  -1.55187566e-01  3.79891248e-01]
 [-1.09354329e+00 -4.95432314e+00 -1.43185293e-01  0.00000000e+00
  -4.85206115e-01 -1.40849295e-01]
 [-7.59852044e-01 -5.30391002e+00 -7.99008358e-02  0.00000000e+00
  -2.43567088e-01 -1.54825116e-01]
 [-6.34903142e-01 -5.43506119e+00  0.00000000e+00  0.00000000e+00
  -1.30314277e+00  3.77283959e-03]
 [ 4.17577234e+00  1.91273565e+00 -8.15105206e-02  0.00000000e+00
  -5.36842912e-01 -4.24378546e-02]
 [-8.49306336e-01  5.16338109e+00  0.00000000e+00  0.00000000e+00
   9.72760684e-01 -1.66957913e-01]
 [-4.22499969e-01  5.01005575e+00 -2.67029021e-01  0.00000000e+00
  -3.69350004e-01 -1.25838759e-01]
 [-3.60698079e-01  4.80433760e+00  0.00000000e+00  0.00000000e+00
  -4.22123405e-01  1.35611599e-01]]
[03/30/2022, 07:52:27] computing sampling shap 1135:1145 within 41.9514 sec, 4.1676 on average
[03/30/2022, 07:52:27] instances left: 61
[03/30/2022, 07:52:27] estimating time left: 0:04:14.223600

[[-3.97611996e-01  5.08123640e+00 -2.70409669e-01  0.00000000e+00
  -3.74590343e-01 -5.07521300e-02]
 [-8.69343595e-01 -4.91529463e+00 -3.50816851e-01  0.00000000e+00
  -4.45824593e-01  2.17238812e-01]
 [-1.00491559e+00 -4.96038046e+00 -2.06916436e-01  0.00000000e+00
   1.09477268e+00 -1.24784339e-01]
 [-9.28248318e-01 -5.17918629e+00  0.00000000e+00  0.00000000e+00
   5.81937729e-01 -1.61316299e-01]
 [-4.50004749e-01  5.02839297e+00 -1.75539722e-01  0.00000000e+00
   2.74375375e-01  1.48891583e-02]
 [-7.68023883e-01 -5.28349067e+00 -8.05332612e-02  0.00000000e+00
  -4.35627983e-02  5.19537173e-02]
 [ 1.97275368e+01 -2.17699214e+00  0.00000000e+00  0.00000000e+00
   5.50886243e-01 -1.14515318e-01]
 [-9.66518778e-01 -5.03830667e+00 -7.65212052e-02  0.00000000e+00
  -4.29594126e-01 -2.64734962e-01]
 [-9.77263558e-02  1.50433151e+01  0.00000000e+00  0.00000000e+00
  -1.02018119e-01 -1.15820755e-01]
 [-6.53154798e-01 -5.41694514e+00 -8.15091665e-02  0.00000000e+00
  -4.03090712e-01  1.58039026e-01]]
[03/30/2022, 07:53:08] computing sampling shap 1145:1155 within 41.4645 sec, 4.1662 on average
[03/30/2022, 07:53:08] instances left: 51
[03/30/2022, 07:53:08] estimating time left: 0:03:32.476200

[[ 8.97584599 -2.98165169 -0.20806812  0.          0.88340208 -0.16662202]
 [-0.89446464 -5.01898165 -0.17595172  0.         -0.03345596 -0.28302746]
 [ 4.23430641 12.07810354  0.          0.         -0.51918003  0.20856964]
 [-0.81071795 -4.95841172 -0.31844222  0.          1.06316486 -0.17781732]
 [-0.32438388 15.332868   -0.07631851  0.         -0.09495194 -0.16776528]
 [-0.89237387 -4.83568709 -0.20931266  0.         -0.20456703  0.46001323]
 [-1.01920681 -4.88191585 -0.15652407  0.         -0.11366393 -0.03188874]
 [15.10357021  2.616281   -0.14271549  0.          0.55794647 -0.15305192]
 [-1.14058407 -4.88999802 -0.08604618  0.         -0.32202313  0.05466026]
 [-0.81401855 -4.98758925 -0.11356864  0.          0.89067773 -0.17772519]]
[03/30/2022, 07:53:49] computing sampling shap 1155:1165 within 40.7629 sec, 4.1606 on average
[03/30/2022, 07:53:49] instances left: 41
[03/30/2022, 07:53:49] estimating time left: 0:02:50.584600

[[-0.11432552 15.25250821 -0.13533491  0.         -0.87414235  0.08350282]
 [-0.36749634  4.92551449 -0.07962782  0.         -0.51969802 -0.21943215]
 [-0.38999409  4.87190665  0.          0.          0.55439535 -0.18206098]
 [-0.28335562 15.48696652 -0.18169357  0.         -0.21888036  0.35904505]
 [-0.23842383 15.22153002 -0.08277189  0.         -0.36486476 -0.26613735]
 [-0.84990306 -5.07877469 -0.21623897  0.          0.62447149  0.06600853]
 [-0.95843374 -4.82594556 -0.13616514  0.          0.87136544 -0.06637184]
 [-1.04864569 -4.80351675 -0.23411092  0.         -0.85536455  0.01831229]
 [-0.24480446  4.60865691  0.          0.          0.31320223 -0.19408725]
 [-0.98401931 -5.15741641  0.          0.         -0.38093656  0.28059128]]
[03/30/2022, 07:54:27] computing sampling shap 1165:1175 within 38.1655 sec, 4.1404 on average
[03/30/2022, 07:54:27] instances left: 31
[03/30/2022, 07:54:27] estimating time left: 0:02:08.352400

[[-4.66339269e-01  5.05581885e+00 -7.73673115e-02  0.00000000e+00
  -5.05021127e-01  8.48915114e-02]
 [-5.69544334e-01  4.93347602e+00  0.00000000e+00  0.00000000e+00
  -2.10229439e-01 -1.30575940e-01]
 [-9.14570388e-01 -4.93260081e+00 -2.38200160e-01  0.00000000e+00
   6.31269946e-01 -1.20002090e-01]
 [-1.01386382e+00 -5.11340650e+00  0.00000000e+00  0.00000000e+00
  -1.05555524e-02 -3.62277461e-03]
 [-8.29207410e-01 -4.92936903e+00 -2.47870799e-01  0.00000000e+00
   4.68981800e-01 -1.49348636e-01]
 [-3.09782833e-01  4.81073691e+00  0.00000000e+00  0.00000000e+00
  -8.67029634e-01  3.57401909e-01]
 [-9.47415103e-01 -5.00316472e+00 -1.26459267e-01  0.00000000e+00
   5.87416993e-01 -1.97191789e-01]
 [-9.98388525e-01 -4.99487434e+00 -1.76181942e-01  0.00000000e+00
   3.29684669e-01 -1.45310929e-01]
 [-1.08530578e+00 -5.02502391e+00  0.00000000e+00  0.00000000e+00
  -9.29814771e-01  1.37313439e-01]
 [-9.50722733e-01 -5.18061913e+00  0.00000000e+00  0.00000000e+00
  -4.18438882e-01  6.39429848e-02]]
[03/30/2022, 07:55:12] computing sampling shap 1175:1185 within 44.759 sec, 4.159 on average
[03/30/2022, 07:55:12] instances left: 21
[03/30/2022, 07:55:12] estimating time left: 0:01:27.339000

[[-9.62639072e-01 -4.94251405e+00 -1.63608574e-01  0.00000000e+00
  -2.69343781e-01  2.56458076e-02]
 [-3.18467811e-01  4.83898215e+00 -7.95320966e-02 -2.53157475e-04
  -3.39328456e-01  1.00075115e-01]
 [ 9.25330254e+00 -2.23582094e+00  9.38661121e+00  0.00000000e+00
   3.87460164e-01 -7.91376550e-02]
 [-9.97693896e-01 -5.15114849e+00  0.00000000e+00  0.00000000e+00
  -1.22253848e-02 -1.88086348e-02]
 [-8.83638619e-01 -4.84950574e+00 -2.56683214e-01  0.00000000e+00
  -3.93881724e-01  2.31770391e-01]
 [-5.15115644e-01  4.96100381e+00  0.00000000e+00  0.00000000e+00
  -2.39623761e-01  1.61129929e-01]
 [-2.19594140e-01  4.97671097e+00 -2.83622543e-01  0.00000000e+00
  -1.15083588e+00  6.14454731e-01]
 [-7.92515851e-01 -4.50365934e+00  9.42335660e+00  0.00000000e+00
  -7.30196754e-02 -2.15406081e-01]
 [-4.78583894e-01  4.92092008e+00  0.00000000e+00  0.00000000e+00
  -9.46069268e-02 -1.82453791e-01]
 [-2.20426762e-01  4.88871550e+00 -2.11419366e-01  0.00000000e+00
  -2.95449775e-01 -1.59840827e-01]]
[03/30/2022, 07:55:52] computing sampling shap 1185:1195 within 40.0243 sec, 4.1508 on average
[03/30/2022, 07:55:52] instances left: 11
[03/30/2022, 07:55:52] estimating time left: 0:00:45.658800

[[-0.96062912 -4.88799954 -0.18873132  0.          0.55923412  0.24042421]
 [-0.42507439  4.9869968  -0.13041282  0.          0.57820835 -0.12935052]
 [-0.36260026  5.03398639 -0.25955289  0.         -0.89838367  0.6055344 ]
 [-0.77232701  5.33035488 -0.12702057  0.          0.81520109 -0.12633053]
 [-0.70455713 -5.11342864 -0.14082946  0.          0.47103178 -0.07261555]
 [-0.60218393 -5.15059757 -0.30840331  0.          0.61958505 -0.04134582]
 [-0.81420349 -4.26818038  9.26966886  0.         -0.09962032 -0.03474814]
 [-0.97744843 -5.231379    0.          0.         -0.43425702  0.1763134 ]
 [-0.42130637  4.92987352 -0.16548532  0.          0.66477579 -0.15361012]
 [-1.22002969 -4.60764821 -0.2051628   0.          0.95524993 -0.06724988]]
[03/30/2022, 07:56:34] computing sampling shap 1195:1205 within 41.6928 sec, 4.1518 on average
[03/30/2022, 07:56:34] instances left: 1
[03/30/2022, 07:56:34] estimating time left: 0:00:04.151800

[[-0.90988898 -5.01989133 -0.08203602  0.          0.9928871  -0.18329512]
 [-0.29763437  4.85220999 -0.08260843  0.         -0.94029695 -0.14229319]
 [-0.91487815 -5.28087761  0.          0.          0.03869856 -0.08084066]
 [-0.12830614 15.34484241 -0.19400666  0.         -0.85692755 -0.22785796]
 [-0.56537608  5.21727296 -0.25151196  0.         -0.84641348 -0.21668432]
 [ 4.07240855 12.22068447 -0.08572952  0.          0.87388303 -0.24196566]
 [-0.77981999 -5.32990041 -0.07986287  0.         -0.37083783  0.09636798]
 [ 8.63297383 -2.68892143 -0.14057627  0.          0.9013284  -0.16973696]
 [-0.20901096 15.12931725  0.          0.         -0.06141862 -0.04149322]
 [-0.41686889 15.49360689 -0.1740125   0.          0.24686479  0.18515085]]
[03/30/2022, 07:56:34] finish computing sampling shap for range: [6, 8] within 830.352672 sec
Child #[10, 11]: psutil.Process(pid=4651, name='python', status='running', started='03:30:14'), affinity [10, 11]
Child #[10, 11]: Set my affinity to [10, 11], affinity now [10, 11]

[03/30/2022, 07:56:48] start computing sampling shap for range: [6, 8]
[03/30/2022, 07:57:24] computing sampling shap 885:895 within 36.1558 sec, 3.6156 on average
[03/30/2022, 07:57:24] instances left: 167
[03/30/2022, 07:57:24] estimating time left: 0:10:03.805200

[[-0.91958973 -2.20248043  0.          0.         -0.21926903 -0.14280133]
 [-0.60901947 -2.38825693  0.          0.         -0.77551909  0.19180625]
 [10.38992573  9.13435953  0.          0.          0.14032316  0.08230999]
 [-0.01978541 17.75360721  0.          0.          0.38938984 -0.12963871]
 [-0.63306719 -2.31898626  0.          0.          0.51008528 -0.2231892 ]
 [-0.92541027 -2.16970871  0.          0.          0.15317319 -0.09904213]
 [-0.92634059 -2.31154597  0.          0.         -0.12730797 -0.02375182]
 [-1.09553551 -1.99487977  0.          0.         -0.24675557 -0.0677642 ]
 [-0.99345307 -2.23042745  0.          0.          0.22171587 -0.04493686]
 [-0.47876199 -2.53526119  0.          0.          0.04324838 -0.12251123]]
[03/30/2022, 07:58:03] computing sampling shap 895:905 within 38.763 sec, 3.7461 on average
[03/30/2022, 07:58:03] instances left: 157
[03/30/2022, 07:58:03] estimating time left: 0:09:48.137700

[[-0.65541946 -2.46854382  0.          0.         -0.77754432 -0.13130803]
 [-0.7950396  -2.37919434  0.          0.          0.21602118 -0.08888896]
 [-0.09809224 17.8287067   0.          0.         -0.65536027  0.12439633]
 [-0.80887279 -2.31107596  0.          0.         -1.03408696 -0.17476282]
 [-0.87363005 -2.21802153  0.          0.          0.09810023 -0.15619577]
 [10.98546233  8.73509937  0.          0.         -0.56769696  0.03251209]
 [-0.75587814 -2.24118409  0.          0.          0.47651257 -0.12149433]
 [-0.58324022 -2.70131745  0.          0.         -0.75398683  0.207789  ]
 [-0.85303279 -2.21628375  0.          0.          0.06232384 -0.11100927]
 [-0.88410236 -2.26829593  0.          0.         -1.27440751 -0.12492438]]
[03/30/2022, 07:58:37] computing sampling shap 905:915 within 34.1008 sec, 3.6341 on average
[03/30/2022, 07:58:37] instances left: 147
[03/30/2022, 07:58:37] estimating time left: 0:08:54.212700

[[-0.7151185  -2.28515886  0.          0.         -0.30062229  0.14458834]
 [-0.6260824  -2.44965485  0.          0.          0.55867671 -0.12498343]
 [-0.60463785 -2.55387624  0.          0.          0.60549104 -0.11213408]
 [-0.10022598 17.86193118  0.          0.         -0.47164247  0.04504991]
 [-0.72077706 -2.35430666  0.          0.         -0.27961033 -0.18823585]
 [-0.94194072 -2.27221964  0.          0.         -0.12840944  0.12833264]
 [-0.60830673 -2.32674669  0.          0.         -0.60067957  0.25726022]
 [-0.79121279 -2.33921479  0.          0.          0.14914948 -0.13672384]
 [-0.84338635 -2.17468775  0.          0.         -0.82289212 -0.09584354]
 [-0.92925038 -2.28662045  0.          0.         -0.45675305 -0.14636864]]
[03/30/2022, 07:59:12] computing sampling shap 915:925 within 34.779 sec, 3.5951 on average
[03/30/2022, 07:59:12] instances left: 137
[03/30/2022, 07:59:12] estimating time left: 0:08:12.528700

[[-0.76146157 -2.31648322  0.          0.          0.54642684 -0.13363935]
 [-0.78187174 -2.29092034  0.          0.          0.52726632 -0.11963169]
 [-0.71923088 -2.44981866  0.          0.         -1.31370038  0.32027385]
 [-0.86851723 -2.15417063  0.          0.          0.52405727 -0.16652678]
 [-0.94651042 -2.18766253  0.          0.          0.61799185 -0.14897641]
 [-0.74371362 -2.34234788  0.          0.         -0.59615501  0.53269232]
 [-0.95827311 -2.13788619  0.          0.          0.56915264 -0.13815087]
 [-0.95241871 -2.09089763  0.          0.          0.48561743 -0.10745858]
 [-0.76312296 -2.33428106  0.          0.          0.119506   -0.14010386]
 [-0.78415406 -2.2478084   0.          0.          0.52373916 -0.06515159]]
[03/30/2022, 07:59:47] computing sampling shap 925:935 within 35.7951 sec, 3.5921 on average
[03/30/2022, 07:59:47] instances left: 127
[03/30/2022, 07:59:47] estimating time left: 0:07:36.196700

[[-6.33349178e-01 -2.46849499e+00  0.00000000e+00  0.00000000e+00
   5.71058091e-01 -1.34371146e-01]
 [-8.24499313e-01 -2.23516591e+00  0.00000000e+00  0.00000000e+00
   5.50995101e-01 -1.56486931e-01]
 [-1.10044167e+00 -2.05111116e+00  0.00000000e+00  0.00000000e+00
  -9.51495092e-01  1.45431205e-01]
 [-7.66305762e-01 -2.35475882e+00  0.00000000e+00  0.00000000e+00
  -2.48281354e-01  7.36697594e-03]
 [ 1.08946166e+01  8.74064450e+00  0.00000000e+00  0.00000000e+00
  -1.70269939e-01  1.68565139e-01]
 [-1.39539877e-01  1.78294312e+01  0.00000000e+00  0.00000000e+00
   4.01320085e-01  4.09625806e-02]
 [-7.53399575e-01 -2.41068798e+00  0.00000000e+00  0.00000000e+00
  -3.82619577e-01  4.71032357e-01]
 [-2.04368059e-01  1.78624271e+01  0.00000000e+00  0.00000000e+00
   4.58821731e-01 -1.63738009e-01]
 [-7.46698748e-01 -2.31756094e+00  0.00000000e+00  0.00000000e+00
   1.10321830e-01 -1.39348775e-01]
 [-9.82306520e-01 -2.02962909e+00  0.00000000e+00  0.00000000e+00
  -1.01653084e+00 -1.15744835e-01]]
[03/30/2022, 08:00:24] computing sampling shap 935:945 within 36.7267 sec, 3.6055 on average
[03/30/2022, 08:00:24] instances left: 117
[03/30/2022, 08:00:24] estimating time left: 0:07:01.843500

[[-0.91808461 -2.23466399  0.          0.          0.16377497  0.20029021]
 [-0.86410937 -2.24143071  0.          0.         -0.26480172 -0.07766197]
 [-0.95665294 -2.1263996   0.          0.          0.51320844 -0.09531329]
 [-0.63165423 -2.50517437  0.          0.          0.59825968 -0.10347497]
 [-0.81187228 -2.38286806  0.          0.         -0.88211096 -0.21653213]
 [-0.82071388 -2.17884393  0.          0.         -0.82024357  0.11810386]
 [-0.64892288 -2.3285304   0.          0.         -0.68667345 -0.02653489]
 [-0.86385957 -2.17326577  0.          0.         -0.24175389  0.3093967 ]
 [-0.87570409 -2.2259      0.          0.         -0.19049016 -0.11415128]
 [-0.42428062 -2.68104697  0.          0.         -0.24585265 -0.13296002]]
[03/30/2022, 08:01:01] computing sampling shap 945:955 within 37.2551 sec, 3.6227 on average
[03/30/2022, 08:01:01] instances left: 107
[03/30/2022, 08:01:01] estimating time left: 0:06:27.628900

[[-0.59176516 -2.43182639  0.          0.          0.52721243 -0.16877847]
 [-0.19075059 17.74183482  0.          0.          0.57415863 -0.09243055]
 [-0.20766201 17.97414008  0.          0.         -0.29490302 -0.15937524]
 [-0.0378943  -3.09329365  0.          0.         -1.57956227 -0.11154585]
 [-0.6279883  -2.36389639  0.          0.          0.48517582 -0.06666553]
 [-0.92012258 -2.16151098  0.          0.          0.56953798 -0.15306173]
 [-0.84383271 -2.30524366  0.          0.          0.1747521  -0.14367789]
 [-0.54871909 -2.58764597  0.          0.          0.15130276 -0.01831922]
 [10.33465539  9.25249573  0.          0.          0.35208767 -0.16259889]
 [10.62014694  8.90395464  0.          0.          0.3885907  -0.02317075]]
[03/30/2022, 08:01:37] computing sampling shap 955:965 within 35.3836 sec, 3.6122 on average
[03/30/2022, 08:01:37] instances left: 97
[03/30/2022, 08:01:37] estimating time left: 0:05:50.383400

[[-0.8045631  -2.18661281 -0.12019127  0.          0.60252904 -0.15631949]
 [-0.59282001 -2.48887097  0.          0.          0.13355105 -0.14514649]
 [-0.96035368 -2.11573417  0.          0.          0.54041227 -0.12948195]
 [-0.51834612 -2.54477484  0.          0.         -0.22046518  0.36588352]
 [-0.68035791 -2.34665532  0.          0.          0.53506544 -0.17320923]
 [-0.733327   -2.23113736 -0.10935809  0.          0.06935533 -0.14527984]
 [-0.90756271 -2.26850216  0.          0.          0.19713093  0.12284049]
 [-0.76673042 -2.38421519  0.          0.          0.17013054  0.31507557]
 [-0.79776962 -2.28258743  0.          0.          0.54946281 -0.13426329]
 [-0.04082182 17.6417752   0.          0.          0.2394259  -0.12306083]]
[03/30/2022, 08:02:14] computing sampling shap 965:975 within 36.7724 sec, 3.6194 on average
[03/30/2022, 08:02:14] instances left: 87
[03/30/2022, 08:02:14] estimating time left: 0:05:14.887800

[[-5.92043076e-01 -2.55083483e+00  0.00000000e+00  0.00000000e+00
  -1.49153201e-01  3.33483913e-01]
 [-6.68682675e-01 -2.46459460e+00  0.00000000e+00  0.00000000e+00
  -7.62853411e-01 -1.97701242e-01]
 [-7.13691436e-01 -2.36446405e+00  0.00000000e+00  0.00000000e+00
   5.48875740e-01 -7.33847145e-02]
 [-6.96287748e-01 -2.53159797e+00  0.00000000e+00  0.00000000e+00
  -4.50420811e-01 -1.40685797e-01]
 [-8.44361812e-01 -2.11334727e+00 -1.12726788e-01  0.00000000e+00
   9.60976326e-02 -7.27636844e-02]
 [-7.93509178e-01 -2.34076026e+00  0.00000000e+00  0.00000000e+00
   5.56111145e-01 -6.38857948e-02]
 [-1.38824418e-02  1.77601546e+01  0.00000000e+00  0.00000000e+00
  -4.80407655e-01  2.78857176e-02]
 [-7.45246344e-01 -2.27921795e+00  0.00000000e+00  0.00000000e+00
   7.00674489e-02 -1.63605055e-01]
 [-4.80996777e-01 -2.59751943e+00  0.00000000e+00  0.00000000e+00
  -7.89426413e-01 -2.25889574e-01]
 [-7.58151664e-01 -2.33004068e+00  0.00000000e+00  0.00000000e+00
   5.78044612e-01 -1.55009511e-01]]
[03/30/2022, 08:02:50] computing sampling shap 975:985 within 35.9041 sec, 3.6166 on average
[03/30/2022, 08:02:50] instances left: 77
[03/30/2022, 08:02:50] estimating time left: 0:04:38.478200

[[ 1.06128466e+01  9.03668331e+00  0.00000000e+00  0.00000000e+00
   1.15764799e-01 -1.22285041e-01]
 [-6.15030482e-01 -2.52468981e+00  0.00000000e+00  0.00000000e+00
   6.08552363e-01 -4.85616382e-02]
 [-9.14231504e-01 -2.15112687e+00  0.00000000e+00  0.00000000e+00
   5.49998547e-01 -1.49797251e-01]
 [-9.27363732e-01 -2.27489074e+00  0.00000000e+00  0.00000000e+00
  -8.85060753e-01 -8.38017635e-02]
 [-1.48017314e-01  1.79703817e+01  0.00000000e+00  0.00000000e+00
  -2.76182080e-01 -6.20454059e-02]
 [-9.81571130e-01 -1.98938102e+00  0.00000000e+00  0.00000000e+00
   4.75758223e-01 -8.45362877e-02]
 [-5.73948429e-01 -2.45410722e+00  0.00000000e+00  0.00000000e+00
   4.21547732e-02 -1.74807477e-02]
 [-8.98865536e-01 -2.27054010e+00  0.00000000e+00  0.00000000e+00
  -5.00018853e-01 -1.35799318e-01]
 [-8.36040479e-01 -2.19067076e+00  0.00000000e+00  0.00000000e+00
  -5.90430741e-01  2.15530349e-01]
 [-8.24281936e-01 -2.29978492e+00  0.00000000e+00  0.00000000e+00
  -5.34437850e-01  6.42928392e-02]]
[03/30/2022, 08:03:27] computing sampling shap 985:995 within 37.4781 sec, 3.6285 on average
[03/30/2022, 08:03:27] instances left: 67
[03/30/2022, 08:03:27] estimating time left: 0:04:03.109500

[[-0.80805494 -2.25459702  0.          0.         -1.05895675 -0.12467715]
 [-0.79694162 -2.3373768   0.          0.         -0.55623859 -0.17319709]
 [-0.50833929 -2.65379039  0.          0.          0.62703789 -0.06757277]
 [-0.38141578 -2.64975145  0.          0.          0.51070092 -0.14469109]
 [-0.80406749 -2.34116766  0.          0.          0.1388272  -0.11159401]
 [-0.61302748 -2.47845168  0.          0.          0.56946381 -0.12002856]
 [-0.7892882  -2.24246655  0.          0.          0.51182712 -0.08273697]
 [-0.93687709 -2.23544729  0.          0.         -0.95019451 -0.12206545]
 [-0.73659828 -2.19417176 -0.11657635  0.          0.53848017 -0.15629108]
 [-0.86903499 -2.13969977  0.          0.          0.05119911 -0.19221116]]
[03/30/2022, 08:04:03] computing sampling shap 995:1005 within 35.5834 sec, 3.6227 on average
[03/30/2022, 08:04:03] instances left: 57
[03/30/2022, 08:04:03] estimating time left: 0:03:26.493900

[[-5.94393740e-01 -2.37566426e+00  0.00000000e+00  0.00000000e+00
  -1.04563865e-02 -6.04737733e-02]
 [-8.05446336e-01 -2.29687735e+00  0.00000000e+00  0.00000000e+00
   1.38427597e-01  3.20734499e-01]
 [-2.19405491e-02 -3.14748756e+00  0.00000000e+00  0.00000000e+00
   1.46748045e-01 -7.06057056e-02]
 [ 1.00566097e+01  9.61671038e+00  0.00000000e+00  0.00000000e+00
   8.51578940e-02 -8.35097804e-02]
 [-8.59272059e-01 -2.28640733e+00  0.00000000e+00  0.00000000e+00
  -1.59906626e-01  4.19630245e-01]
 [-7.30902714e-01 -2.21564273e+00 -8.70388550e-02  0.00000000e+00
   4.97562085e-01 -1.06021511e-01]
 [-8.17277974e-01 -2.26678802e+00  0.00000000e+00  0.00000000e+00
  -1.05436731e+00 -1.19147642e-01]
 [-7.82487645e-01 -2.23988601e+00  0.00000000e+00  0.00000000e+00
   5.05896330e-01 -1.48680379e-01]
 [-1.05038502e-01  1.77841756e+01  0.00000000e+00  0.00000000e+00
   1.36339760e-01  2.39088116e-01]
 [-7.41911058e-01 -2.30049581e+00  0.00000000e+00  0.00000000e+00
   4.34223245e-02 -4.39735502e-03]]
[03/30/2022, 08:04:37] computing sampling shap 1005:1015 within 34.5537 sec, 3.6098 on average
[03/30/2022, 08:04:37] instances left: 47
[03/30/2022, 08:04:37] estimating time left: 0:02:49.660600

[[-0.65402757 -2.41678344  0.          0.         -0.88823576 -0.11471633]
 [-0.96293253 -2.11519625 -0.08394225  0.         -0.48071426 -0.0131774 ]
 [-0.79485309 -2.38376315  0.          0.          0.66164895 -0.14819007]
 [-0.84426808 -2.35539558  0.          0.         -0.113552    0.23867445]
 [-0.75580144 -2.37999344  0.          0.          0.15713352 -0.03956159]
 [-0.75728974 -2.29641673  0.          0.          0.08213021 -0.07552525]
 [-0.67366957 -2.36782594  0.          0.          0.0927974  -0.20104896]
 [10.59397412  8.93845321  0.          0.          0.39359308 -0.1493795 ]
 [-0.80382748 -2.34978416  0.          0.          0.62870453 -0.11713699]
 [-1.03266657 -2.10003669  0.          0.         -1.06333494 -0.14674848]]
[03/30/2022, 08:05:13] computing sampling shap 1015:1025 within 35.7789 sec, 3.6076 on average
[03/30/2022, 08:05:13] instances left: 37
[03/30/2022, 08:05:13] estimating time left: 0:02:13.481200

[[-7.50799208e-01 -2.14083622e+00 -1.15395534e-01  0.00000000e+00
   5.05780984e-01 -1.63907303e-01]
 [-8.06466773e-01 -2.28815062e+00  0.00000000e+00  0.00000000e+00
  -8.09885784e-01 -1.89328716e-01]
 [-9.69853652e-01 -1.98518306e+00  0.00000000e+00  0.00000000e+00
  -8.57167473e-01 -1.18505949e-01]
 [-8.61929442e-01 -2.30389855e+00  0.00000000e+00  0.00000000e+00
  -1.33082044e-01  2.27339713e-01]
 [-8.82445584e-02  1.77174792e+01  0.00000000e+00  0.00000000e+00
   5.01754761e-01 -1.77846835e-01]
 [ 1.04879730e+01  8.99560165e+00  0.00000000e+00  0.00000000e+00
   2.30666562e-01 -1.52748599e-04]
 [-9.33844587e-01 -2.11801184e+00  0.00000000e+00  0.00000000e+00
  -2.99497408e-01 -5.35814869e-02]
 [-8.07652851e-01 -2.32055307e+00  0.00000000e+00  0.00000000e+00
  -6.27989877e-01  8.65098456e-01]
 [-3.27903804e-02 -3.05942934e+00  0.00000000e+00  0.00000000e+00
  -7.51343730e-01  2.50160134e-02]
 [-6.28814921e-01 -2.36429542e+00  0.00000000e+00  0.00000000e+00
   4.90782490e-01 -1.62829388e-01]]
[03/30/2022, 08:05:52] computing sampling shap 1025:1035 within 39.5755 sec, 3.6309 on average
[03/30/2022, 08:05:52] instances left: 27
[03/30/2022, 08:05:52] estimating time left: 0:01:38.034300

[[-0.80413157 -2.2845842   0.          0.          0.56459726 -0.04925616]
 [-0.19068773 17.86636174  0.          0.          0.45749392 -0.13959533]
 [-0.87771929 -2.31085514  0.          0.         -0.16419359 -0.1564362 ]
 [-0.99792932 -2.05827493  0.          0.          0.52506673 -0.04859265]
 [-0.78024322 -2.40965158  0.          0.          0.6639051  -0.13916764]
 [-0.62891576 -2.43186123  0.          0.          0.52833699 -0.07022474]
 [-0.97210311 -2.11276054  0.          0.         -0.27207672 -0.04799478]
 [-0.05756974 -3.15801054  0.          0.          0.67535938 -0.1018225 ]
 [-0.77695214 -2.40096576  0.          0.         -0.17992045 -0.18509135]
 [-1.08320126 -2.06281667  0.          0.          0.60766311 -0.12680255]]
[03/30/2022, 08:06:28] computing sampling shap 1035:1045 within 35.7982 sec, 3.6277 on average
[03/30/2022, 08:06:28] instances left: 17
[03/30/2022, 08:06:28] estimating time left: 0:01:01.670900

[[-7.74014409e-01 -2.26673394e+00  0.00000000e+00  0.00000000e+00
  -2.68253169e-01  2.37431246e-01]
 [-6.72347084e-01 -2.27765997e+00  0.00000000e+00  0.00000000e+00
   4.12064534e-01 -6.47220263e-02]
 [-6.85516117e-01 -2.27558022e+00  0.00000000e+00  0.00000000e+00
   4.24931218e-02 -1.28498036e-01]
 [-7.22857083e-01 -2.37221975e+00  0.00000000e+00  0.00000000e+00
   1.17500566e-01 -1.40425396e-01]
 [ 1.08223256e+01  8.83141479e+00  0.00000000e+00  0.00000000e+00
  -1.28546868e-01 -7.89423553e-03]
 [-7.46179131e-01 -2.36420385e+00  0.00000000e+00  0.00000000e+00
  -2.45260876e-01 -3.33028977e-02]
 [-6.99374798e-01 -2.32742643e+00  0.00000000e+00  0.00000000e+00
   5.11164131e-01 -1.26407009e-01]
 [-6.00660092e-01 -2.45589582e+00  0.00000000e+00  0.00000000e+00
  -5.86381092e-01  1.76936064e-01]
 [-7.09368437e-01 -2.36212778e+00  0.00000000e+00  0.00000000e+00
   1.18941012e-01  1.72483563e-01]
 [-7.53791557e-01 -2.43365384e+00  0.00000000e+00  0.00000000e+00
  -8.98289004e-01 -1.60559424e-01]]
[03/30/2022, 08:07:05] computing sampling shap 1045:1055 within 36.405 sec, 3.6285 on average
[03/30/2022, 08:07:05] instances left: 7
[03/30/2022, 08:07:05] estimating time left: 0:00:25.399500

[[-8.88393073e-01 -2.17082667e+00  0.00000000e+00  0.00000000e+00
   5.43668521e-01 -8.71132216e-02]
 [-1.00525678e+00 -2.14243061e+00  0.00000000e+00  0.00000000e+00
  -2.70856111e-01 -1.24386368e-01]
 [-8.34921650e-01 -2.27989257e+00  0.00000000e+00  0.00000000e+00
  -2.46516618e-01 -1.47873153e-01]
 [-9.63840794e-01 -2.20631985e+00  0.00000000e+00  0.00000000e+00
   2.07267062e-01  1.06800459e-01]
 [-6.97797312e-01 -2.39775873e+00  0.00000000e+00  0.00000000e+00
   5.34357097e-01  5.77579623e-03]
 [-8.66695660e-01 -2.14661756e+00 -7.62204030e-02  0.00000000e+00
  -8.16795328e-01  4.65135206e-01]
 [-1.19142781e-01  1.77792742e+01  0.00000000e+00  0.00000000e+00
   4.59684674e-01 -1.26243077e-01]
 [-9.16082624e-01 -2.24397306e+00  0.00000000e+00  0.00000000e+00
  -7.09392117e-01  5.08995135e-02]
 [-8.85250551e-01 -2.21113963e+00  0.00000000e+00  0.00000000e+00
   9.06951663e-02 -1.12306530e-01]
 [-8.78949954e-02  1.77381728e+01  0.00000000e+00  0.00000000e+00
   1.54948641e-01  4.93912339e-02]]
[03/30/2022, 08:07:05] finish computing sampling shap for range: [6, 8] within 616.849709 sec
