

[03/30/2022, 07:13:52] [get categorical paper data for /home/youyinnn_gmail_com/s2search/pipelining/exp-cshc cshc]
============== start ==============
[03/30/2022, 07:14:05] [get categorical paper data for /home/youyinnn_gmail_com/s2search/pipelining/exp-cshc cshc]
============== end 34432 ==============


[03/30/2022, 07:14:05] [sampling shap explainer training for /home/youyinnn_gmail_com/s2search/pipelining/exp-cshc cshc]
============== start ==============
[03/30/2022, 07:14:11] [sampling shap explainer training for /home/youyinnn_gmail_com/s2search/pipelining/exp-cshc cshc]
============== end 6886 ==============


[03/30/2022, 07:14:11] [sampling shap sv computing for /home/youyinnn_gmail_com/s2search/pipelining/exp-cshc cshc]
============== start ==============
instances left: 206
estimating time left: 0:14:26.106400
---- 10:40010
instances left: 196
estimating time left: 0:13:36.947600
---- 20:80020
instances left: 186
estimating time left: 0:13:00.325800
---- 30:120030
instances left: 176
estimating time left: 0:12:13.779200
---- 40:160040
instances left: 166
estimating time left: 0:11:27.572000
---- 50:200050
instances left: 156
estimating time left: 0:10:44.139600
---- 60:240060
instances left: 146
estimating time left: 0:10:06.571600
---- 70:280070
instances left: 136
estimating time left: 0:09:25.773600
---- 80:320080
instances left: 126
estimating time left: 0:08:48.796800
---- 90:360090
instances left: 116
estimating time left: 0:08:07.768400
---- 100:400100
instances left: 106
estimating time left: 0:07:26.493200
---- 110:440110
instances left: 96
estimating time left: 0:06:43.699200
---- 120:480120
instances left: 86
estimating time left: 0:06:00.847400
---- 130:520130
instances left: 76
estimating time left: 0:05:18.637600
---- 140:560140
instances left: 66
estimating time left: 0:04:36.896400
---- 150:600150
instances left: 56
estimating time left: 0:03:54.684800
---- 160:640160
instances left: 46
estimating time left: 0:03:13.103400
---- 170:680170
instances left: 36
estimating time left: 0:02:31.128000
---- 180:720180
instances left: 26
estimating time left: 0:01:48.979000
---- 190:760190
instances left: 16
estimating time left: 0:01:06.854400
---- 200:800200
instances left: 6
estimating time left: 0:00:25.002600
---- 210:840210
[03/30/2022, 07:28:46] [sampling shap sv computing for /home/youyinnn_gmail_com/s2search/pipelining/exp-cshc cshc]
============== end 840210 ==============


