

[03/30/2022, 07:26:07] [get categorical paper data for /home/youyinnn_gmail_com/s2search/pipelining/exp-cshc cshc]
============== start ==============
[03/30/2022, 07:26:21] [get categorical paper data for /home/youyinnn_gmail_com/s2search/pipelining/exp-cshc cshc]
============== end 34432 ==============


[03/30/2022, 07:26:21] [sampling shap explainer training for /home/youyinnn_gmail_com/s2search/pipelining/exp-cshc cshc]
============== start ==============
[03/30/2022, 07:26:26] [sampling shap explainer training for /home/youyinnn_gmail_com/s2search/pipelining/exp-cshc cshc]
============== end 6886 ==============


[03/30/2022, 07:26:26] [sampling shap sv computing for /home/youyinnn_gmail_com/s2search/pipelining/exp-cshc cshc]
============== start ==============
instances left: 206
estimating time left: 0:14:40.959000
---- 10:40010
instances left: 196
estimating time left: 0:13:48.648800
---- 20:80020
instances left: 186
estimating time left: 0:13:02.111400
---- 30:120030
instances left: 176
estimating time left: 0:12:13.145600
---- 40:160040
instances left: 166
estimating time left: 0:11:31.771800
---- 50:200050
instances left: 156
estimating time left: 0:10:50.223600
---- 60:240060
instances left: 146
estimating time left: 0:10:10.893200
---- 70:280070
instances left: 136
estimating time left: 0:09:34.600000
---- 80:320080
instances left: 126
estimating time left: 0:08:55.890600
---- 90:360090
instances left: 116
estimating time left: 0:08:15.563600
---- 100:400100
instances left: 106
estimating time left: 0:07:35.248800
---- 110:440110
instances left: 96
estimating time left: 0:06:50.400000
---- 120:480120
instances left: 86
estimating time left: 0:06:08.045600
---- 130:520130
instances left: 76
estimating time left: 0:05:23.927200
---- 140:560140
instances left: 66
estimating time left: 0:04:41.404200
---- 150:600150
instances left: 56
estimating time left: 0:03:58.431200
---- 160:640160
instances left: 46
estimating time left: 0:03:15.440200
---- 170:680170
instances left: 36
estimating time left: 0:02:33.176400
---- 180:720180
instances left: 26
estimating time left: 0:01:50.695000
---- 190:760190
instances left: 16
estimating time left: 0:01:08.088000
---- 200:800200
instances left: 6
estimating time left: 0:00:25.634400
---- 210:840210
[03/30/2022, 07:41:24] [sampling shap sv computing for /home/youyinnn_gmail_com/s2search/pipelining/exp-cshc cshc]
============== end 840210 ==============


[03/30/2022, 07:41:24] [get categorical paper data for /home/youyinnn_gmail_com/s2search/pipelining/exp-csgt csgt]
============== start ==============
[03/30/2022, 07:41:36] [get categorical paper data for /home/youyinnn_gmail_com/s2search/pipelining/exp-csgt csgt]
============== end 32120 ==============


[03/30/2022, 07:41:36] [sampling shap explainer training for /home/youyinnn_gmail_com/s2search/pipelining/exp-csgt csgt]
============== start ==============
[03/30/2022, 07:41:42] [sampling shap explainer training for /home/youyinnn_gmail_com/s2search/pipelining/exp-csgt csgt]
============== end 6424 ==============


[03/30/2022, 07:41:42] [sampling shap sv computing for /home/youyinnn_gmail_com/s2search/pipelining/exp-csgt csgt]
============== start ==============
instances left: 191
estimating time left: 0:13:23.040400
---- 10:40010
instances left: 181
estimating time left: 0:13:08.309300
---- 20:80020
instances left: 171
estimating time left: 0:12:12.187800
---- 30:120030
instances left: 161
estimating time left: 0:11:26.423500
---- 40:160040
instances left: 151
estimating time left: 0:10:46.174300
---- 50:200050
instances left: 141
estimating time left: 0:10:05.750100
---- 60:240060
instances left: 131
estimating time left: 0:09:23.693000
---- 70:280070
instances left: 121
estimating time left: 0:08:38.097800
---- 80:320080
instances left: 111
estimating time left: 0:07:53.514900
---- 90:360090
instances left: 101
estimating time left: 0:07:09.957000
---- 100:400100
instances left: 91
estimating time left: 0:06:27.450700
---- 110:440110
instances left: 81
estimating time left: 0:05:44.695500
---- 120:480120
instances left: 71
estimating time left: 0:05:03.290700
---- 130:520130
instances left: 61
estimating time left: 0:04:19.433000
---- 140:560140
instances left: 51
estimating time left: 0:03:38.229000
---- 150:600150
instances left: 41
estimating time left: 0:02:55.008500
---- 160:640160
instances left: 31
estimating time left: 0:02:12.636600
---- 170:680170
instances left: 21
estimating time left: 0:01:29.676300
---- 180:720180
instances left: 11
estimating time left: 0:00:46.950200
---- 190:760190
instances left: 1
estimating time left: 0:00:04.258200
---- 200:800200
[03/30/2022, 07:55:54] [sampling shap sv computing for /home/youyinnn_gmail_com/s2search/pipelining/exp-csgt csgt]
============== end 800200 ==============


[03/30/2022, 07:55:54] [get categorical paper data for /home/youyinnn_gmail_com/s2search/pipelining/exp-cssd cssd]
============== start ==============
[03/30/2022, 07:56:04] [get categorical paper data for /home/youyinnn_gmail_com/s2search/pipelining/exp-cssd cssd]
============== end 28184 ==============


[03/30/2022, 07:56:04] [sampling shap explainer training for /home/youyinnn_gmail_com/s2search/pipelining/exp-cssd cssd]
============== start ==============
[03/30/2022, 07:56:09] [sampling shap explainer training for /home/youyinnn_gmail_com/s2search/pipelining/exp-cssd cssd]
============== end 5636 ==============


[03/30/2022, 07:56:09] [sampling shap sv computing for /home/youyinnn_gmail_com/s2search/pipelining/exp-cssd cssd]
============== start ==============
instances left: 167
estimating time left: 0:10:26.517200
---- 10:40010
instances left: 157
estimating time left: 0:09:31.087500
---- 20:80020
instances left: 147
estimating time left: 0:09:02.488800
---- 30:120030
instances left: 137
estimating time left: 0:08:21.844700
---- 40:160040
instances left: 127
estimating time left: 0:07:43.778600
---- 50:200050
instances left: 117
estimating time left: 0:07:09.846300
---- 60:240060
instances left: 107
estimating time left: 0:06:35.225900
---- 70:280070
instances left: 97
estimating time left: 0:06:00.267700
---- 80:320080
instances left: 87
estimating time left: 0:05:24.370800
---- 90:360090
instances left: 77
estimating time left: 0:04:49.473800
---- 100:400100
instances left: 67
estimating time left: 0:04:13.514600
---- 110:440110
instances left: 57
estimating time left: 0:03:35.175000
---- 120:480120
instances left: 47
estimating time left: 0:02:57.302800
---- 130:520130
instances left: 37
estimating time left: 0:02:19.930300
---- 140:560140
instances left: 27
estimating time left: 0:01:41.914200
---- 150:600150
instances left: 17
estimating time left: 0:01:03.874100
---- 160:640160
instances left: 7
estimating time left: 0:00:26.222700
---- 170:680170
[03/30/2022, 08:06:46] [sampling shap sv computing for /home/youyinnn_gmail_com/s2search/pipelining/exp-cssd cssd]
============== end 680170 ==============
