Child #[0, 1]: psutil.Process(pid=3718, name='python', status='running', started='19:34:10'), affinity [0, 1]
Child #[0, 1]: Set my affinity to [0, 1], affinity now [0, 1]

[04/02/2022, 16:19:41] start computing sampling shap for range: [1, 8]
[04/02/2022, 16:20:19] computing sampling shap 0:10 within 37.3672 sec, 3.7367 on average
[04/02/2022, 16:20:19] instances left: 81
[04/02/2022, 16:20:19] estimating time left: 0:05:02.672700

[[-0.06110214 16.02557694 -0.21790799  0.         -0.24554862  0.38568285]
 [ 0.         -4.71235568 -0.2251196   0.         -0.25607658 -0.19380717]
 [-0.38293682 -4.29710876 -0.12406126  0.         -0.60306287 -0.2250969 ]
 [-0.24723541 15.97980479  0.          0.         -0.51395321  0.83216754]
 [-0.87743608 -4.20786904  0.          0.         -0.9143597   0.94580058]
 [-0.42305475 -4.75306825  0.          0.         -0.7325354   0.78407901]
 [-0.44175411 -4.59136521  0.          0.          0.71871014 -0.07849912]
 [-0.54504845 -4.58026704  0.          0.          0.85283647 -0.1204294 ]
 [-0.63829125 -4.2362623  -0.1237095   0.         -0.41149701 -0.18494636]
 [-0.1421089  -4.79993131 -0.12317669  0.         -0.3222423   0.4975857 ]]
[04/02/2022, 16:21:00] computing sampling shap 10:20 within 41.1756 sec, 3.9272 on average
[04/02/2022, 16:21:00] instances left: 71
[04/02/2022, 16:21:00] estimating time left: 0:04:38.831200

[[-1.53478415e-02 -5.08861987e+00  0.00000000e+00  0.00000000e+00
   1.22408924e+00 -1.36850021e-01]
 [-3.03373255e-02 -4.92160854e+00  0.00000000e+00  0.00000000e+00
   5.71428722e-01  3.45612873e-01]
 [-4.85214977e-01 -4.49919778e+00  0.00000000e+00  0.00000000e+00
   3.29426397e-01 -1.03791166e-01]
 [ 9.45332963e+00  7.79696673e+00  0.00000000e+00  0.00000000e+00
   1.02561874e-01  2.80034960e-01]
 [-4.93372892e-01 -4.46243100e+00  0.00000000e+00  0.00000000e+00
   1.14739148e+00 -2.32895501e-01]
 [-1.95216247e-01 -4.68701479e+00 -1.24448563e-01  0.00000000e+00
  -6.30371314e-01  5.39714957e-01]
 [-9.90534407e-02  1.59051506e+01  0.00000000e+00  0.00000000e+00
   2.49589149e-02 -2.14192483e-01]
 [-4.67916088e-01 -4.42773211e+00  0.00000000e+00  0.00000000e+00
   1.06776072e+00 -2.13420668e-01]
 [-7.53506274e-01 -4.33379246e+00  0.00000000e+00  0.00000000e+00
   4.40637054e-01 -2.12164398e-01]
 [-1.89609111e-01 -4.79022787e+00  0.00000000e+00  0.00000000e+00
  -4.05978486e-01  3.69782408e-01]]
[04/02/2022, 16:21:30] computing sampling shap 20:30 within 30.3764 sec, 3.6307 on average
[04/02/2022, 16:21:30] instances left: 61
[04/02/2022, 16:21:30] estimating time left: 0:03:41.472700

[[-0.62044696 -4.30234111  0.          0.         -0.4865765  -0.07877897]
 [-0.4268137  -4.50254539  0.          0.         -0.44409239 -0.13138056]
 [-0.58714343 -4.4485357   0.          0.         -0.65975571 -0.22526929]
 [-0.61019089 -4.315654   -0.12260554  0.         -0.28451183 -0.28948257]
 [-0.53109543 -4.40088265 -0.128035    0.         -0.54697958  0.1190896 ]
 [-0.07817163 16.00849036 -0.24921994  0.         -0.53706882 -0.28937121]
 [-0.43109554 -4.53210264  0.          0.         -0.33662679  0.12238062]
 [ 8.57496651  8.67571418  0.          0.          0.2158205  -0.18295944]
 [-0.52015636 -4.50130707  0.          0.          1.16873577 -0.1885807 ]
 [-0.44459358 -4.41548627 -0.1240435   0.          0.05409086 -0.30987221]]
[04/02/2022, 16:22:05] computing sampling shap 30:40 within 34.5218 sec, 3.5861 on average
[04/02/2022, 16:22:05] instances left: 51
[04/02/2022, 16:22:05] estimating time left: 0:03:02.891100

[[-5.07341060e-01 -4.11276392e+00 -2.73094706e-01  0.00000000e+00
   2.64096113e-01 -1.93585626e-01]
 [-3.21486830e-02 -4.86869732e+00 -2.67138002e-01  0.00000000e+00
  -2.09953332e-01  9.99351583e-02]
 [-2.56713192e-01 -4.80590475e+00  0.00000000e+00  0.00000000e+00
  -2.61944748e-01 -2.21239771e-01]
 [-1.64421404e-02 -4.89746587e+00  0.00000000e+00  0.00000000e+00
   2.09208104e-02 -3.02155976e-01]
 [-6.63612357e-01 -4.36141033e+00  0.00000000e+00  0.00000000e+00
   3.78894035e-01  4.76847214e-02]
 [-3.38454230e-01 -4.69639160e+00  0.00000000e+00  0.00000000e+00
  -4.21245657e-01 -2.50098538e-01]
 [-5.93320137e-02  1.58885085e+01 -1.26151604e-01  0.00000000e+00
  -3.83563710e-01  4.45119779e-01]
 [-1.34391746e-02  1.57217428e+01  0.00000000e+00  0.00000000e+00
   1.05916522e+00 -1.75345524e-01]
 [-4.36198061e-02  1.58080900e+01 -1.20336216e-01  0.00000000e+00
   1.14243916e+00 -2.76594526e-01]
 [-2.86612231e-01 -4.58025061e+00 -1.21306381e-01  0.00000000e+00
   7.44065032e-01 -2.81793207e-01]]
[04/02/2022, 16:22:35] computing sampling shap 40:50 within 30.4251 sec, 3.4774 on average
[04/02/2022, 16:22:35] instances left: 41
[04/02/2022, 16:22:35] estimating time left: 0:02:22.573400

[[-0.04591618 15.79250133  0.          0.         -1.07164347  0.57854365]
 [-0.03961845 15.90124235  0.          0.         -1.20796307 -0.2210535 ]
 [-0.48683839 -4.39416546 -0.1207174   0.         -0.85104478 -0.23292601]
 [-0.61259057 -4.44346188  0.          0.         -0.1310723   0.20837425]
 [-0.48475163 -4.57775759  0.          0.         -1.13625174  0.23042536]
 [-0.78239612 -4.3135184   0.          0.         -0.83860459  0.42549138]
 [-0.53189253 -4.46010934 -0.12527898  0.          0.10843058 -0.18629323]
 [-0.50904674 -4.3453392  -0.11828212  0.         -0.47594696 -0.18854701]
 [-0.03445348 15.89555884  0.          0.         -0.4795573  -0.33571785]
 [-0.01682381 15.63756667  0.          0.         -0.8169773  -0.28300072]]
[04/02/2022, 16:23:09] computing sampling shap 50:60 within 34.395 sec, 3.4711 on average
[04/02/2022, 16:23:09] instances left: 31
[04/02/2022, 16:23:09] estimating time left: 0:01:47.604100

[[-0.54017629 -4.40287136  0.          0.          1.11080892 -0.20906937]
 [-0.20721997 15.97121402  0.          0.          0.07030357 -0.16807143]
 [-0.16792629 -4.57215494 -0.28947782  0.          0.38391874  0.0471968 ]
 [-0.44891367 -4.66451378  0.          0.          0.44947899 -0.21994088]
 [-0.73579406 -4.32196338  0.          0.          0.08906941 -0.21122142]
 [ 0.         15.6822321   0.          0.          0.72845867 -0.25543713]
 [-0.77170197 -4.2123176   0.          0.          0.06016524 -0.31605041]
 [-0.09419444 15.7794062   0.          0.         -0.49533801  0.55044289]
 [-0.53992954 -4.45956905  0.          0.          0.32559175 -0.24517368]
 [-0.36833645 -4.64175025  0.          0.          0.15109611  0.21033955]]
[04/02/2022, 16:23:45] computing sampling shap 60:70 within 35.3162 sec, 3.4798 on average
[04/02/2022, 16:23:45] instances left: 21
[04/02/2022, 16:23:45] estimating time left: 0:01:13.075800

[[-0.73307236 -4.12022962 -0.21349158  0.         -0.35351799  0.40605553]
 [-0.4328315  -4.68928262  0.          0.          1.2966562  -0.1518915 ]
 [-0.6847066  -4.31194044  0.          0.         -0.41551714 -0.25187164]
 [-0.04448457 15.78151824  0.          0.          0.36849273  0.21368844]
 [-0.29357877 -1.91650978 17.82344171  0.          1.14515791 -0.29995274]
 [-0.55118382 -4.52662466  0.          0.          0.78627575 -0.20115418]
 [-0.16279676 16.06546508 -0.11952119  0.          0.30578791 -0.06884717]
 [-0.09920907 15.75968824  0.          0.          0.39537311 -0.25070756]
 [-0.49321846 -4.44031748  0.          0.         -0.48921967  0.2160061 ]
 [-0.57412908 -4.38251645  0.          0.         -0.34672732 -0.16620343]]
[04/02/2022, 16:24:21] computing sampling shap 70:80 within 36.3267 sec, 3.4989 on average
[04/02/2022, 16:24:21] instances left: 11
[04/02/2022, 16:24:21] estimating time left: 0:00:38.487900

[[-1.35425720e-02 -5.04948042e+00  0.00000000e+00  0.00000000e+00
   1.19270377e+00 -1.70987770e-01]
 [-1.93621296e-01  1.58518114e+01  0.00000000e+00  0.00000000e+00
   1.11316082e+00 -2.20941741e-01]
 [-9.61868701e-02  1.58536492e+01  0.00000000e+00  0.00000000e+00
   6.97577707e-01 -2.53890368e-01]
 [-7.51955606e-01 -4.22179628e+00  0.00000000e+00  0.00000000e+00
   6.66894815e-01 -1.61114583e-01]
 [-5.61193135e-01 -4.48185934e+00  0.00000000e+00  0.00000000e+00
   1.21487692e+00 -2.13132735e-01]
 [-4.00814470e-01 -4.44760155e+00 -1.30618642e-01  0.00000000e+00
   6.49840610e-01  2.63006428e-01]
 [-6.57959944e-01 -4.37917258e+00  0.00000000e+00  0.00000000e+00
  -3.35808036e-01  3.51109404e-01]
 [-6.50699722e-01 -4.19555990e+00 -1.33170491e-01  0.00000000e+00
  -6.03972446e-01  2.05892979e-01]
 [ 9.38916178e+00  7.94116089e+00  0.00000000e+00  0.00000000e+00
  -2.83866417e-01 -2.15089336e-01]
 [ 9.39859570e+00  7.93652168e+00  0.00000000e+00  0.00000000e+00
   1.35452716e-01 -1.87028413e-01]]
[04/02/2022, 16:24:55] computing sampling shap 80:90 within 34.3571 sec, 3.4919 on average
[04/02/2022, 16:24:55] instances left: 1
[04/02/2022, 16:24:55] estimating time left: 0:00:03.491900

[[-0.48463516 -4.49937612  0.          0.         -0.11428637  0.22702011]
 [-0.36714178 -4.55448585  0.          0.          0.2883365   0.10050168]
 [-0.37809405 -4.61554901  0.          0.          0.03304719  0.11038829]
 [-0.04678754 15.85063445 -0.12493566  0.         -0.17311475  0.32411472]
 [-0.55647454 -4.54528329  0.          0.          0.8098846   0.13075025]
 [-0.42685215 -4.5112619   0.          0.          0.27225829 -0.07080835]
 [-0.56893234 -4.17691721 -0.29792542  0.          1.18977009 -0.18730314]
 [ 9.49175334  7.79985445  0.          0.         -0.57476043 -0.12235426]
 [-0.31282935 -4.65566931  0.          0.          1.11966056 -0.19246964]
 [-0.5426027  -4.3616555   0.          0.         -0.1715894  -0.22954805]]
[04/02/2022, 16:24:55] finish computing sampling shap for range: [1, 8] within 314.273988 sec
