
Child #[10, 11]: psutil.Process(pid=15078, name='python', status='running', started='20:51:48'), affinity [10, 11]
Child #[10, 11]: Set my affinity to [10, 11], affinity now [10, 11]

[04/02/2022, 18:21:10] start anchor metrics
[04/02/2022, 18:21:15] start computing anchor from index: 2255 to 2705 with config: 0.9999 0.6
[04/02/2022, 18:21:25] (2264 / 2705) title: 8, abstract: 10, venue: 2, authors: 1, year: 9, n_citations: 7 within (9.528442 total / 0.9528 average)
estimate time left: 0:07:00.184800
[04/02/2022, 18:21:41] (2274 / 2705) title: 17, abstract: 20, venue: 4, authors: 6, year: 16, n_citations: 14 within (25.879133 total / 1.294 average)
estimate time left: 0:09:17.714000
[04/02/2022, 18:21:55] (2284 / 2705) title: 26, abstract: 30, venue: 6, authors: 6, year: 24, n_citations: 17 within (39.170813 total / 1.3057 average)
estimate time left: 0:09:09.699700
[04/02/2022, 18:22:10] (2294 / 2705) title: 35, abstract: 40, venue: 11, authors: 10, year: 30, n_citations: 21 within (54.239273 total / 1.356 average)
estimate time left: 0:09:17.316000
[04/02/2022, 18:22:23] (2304 / 2705) title: 45, abstract: 50, venue: 15, authors: 11, year: 39, n_citations: 26 within (67.970229 total / 1.3594 average)
estimate time left: 0:09:05.119400
[04/02/2022, 18:22:34] (2314 / 2705) title: 52, abstract: 60, venue: 18, authors: 12, year: 49, n_citations: 32 within (78.485751 total / 1.3081 average)
estimate time left: 0:08:31.467100
[04/02/2022, 18:22:49] (2324 / 2705) title: 60, abstract: 70, venue: 20, authors: 14, year: 55, n_citations: 37 within (93.146228 total / 1.3307 average)
estimate time left: 0:08:26.996700
[04/02/2022, 18:23:03] (2334 / 2705) title: 70, abstract: 80, venue: 21, authors: 16, year: 61, n_citations: 44 within (107.520194 total / 1.344 average)
estimate time left: 0:08:18.624000
[04/02/2022, 18:23:16] (2344 / 2705) title: 79, abstract: 90, venue: 23, authors: 19, year: 67, n_citations: 52 within (120.093933 total / 1.3344 average)
estimate time left: 0:08:01.718400
[04/02/2022, 18:23:31] (2354 / 2705) title: 88, abstract: 99, venue: 28, authors: 22, year: 73, n_citations: 59 within (135.421041 total / 1.3542 average)
estimate time left: 0:07:55.324200
[04/02/2022, 18:23:44] (2364 / 2705) title: 94, abstract: 107, venue: 29, authors: 24, year: 82, n_citations: 63 within (148.332139 total / 1.3485 average)
estimate time left: 0:07:39.838500
[04/02/2022, 18:23:59] (2374 / 2705) title: 103, abstract: 117, venue: 32, authors: 26, year: 90, n_citations: 68 within (163.233172 total / 1.3603 average)
estimate time left: 0:07:30.259300
[04/02/2022, 18:24:12] (2384 / 2705) title: 111, abstract: 126, venue: 36, authors: 26, year: 98, n_citations: 72 within (176.423705 total / 1.3571 average)
estimate time left: 0:07:15.629100
[04/02/2022, 18:24:25] (2394 / 2705) title: 121, abstract: 136, venue: 38, authors: 27, year: 107, n_citations: 76 within (189.674666 total / 1.3548 average)
estimate time left: 0:07:01.342800
[04/02/2022, 18:24:41] (2404 / 2705) title: 130, abstract: 145, venue: 41, authors: 30, year: 115, n_citations: 83 within (205.525948 total / 1.3702 average)
estimate time left: 0:06:52.430200
[04/02/2022, 18:24:58] (2414 / 2705) title: 139, abstract: 154, venue: 45, authors: 32, year: 124, n_citations: 89 within (222.656567 total / 1.3916 average)
estimate time left: 0:06:44.955600
[04/02/2022, 18:25:13] (2424 / 2705) title: 149, abstract: 164, venue: 48, authors: 34, year: 130, n_citations: 96 within (237.333816 total / 1.3961 average)
estimate time left: 0:06:32.304100
[04/02/2022, 18:25:26] (2434 / 2705) title: 156, abstract: 174, venue: 54, authors: 38, year: 137, n_citations: 103 within (250.735168 total / 1.393 average)
estimate time left: 0:06:17.503000
[04/02/2022, 18:25:41] (2444 / 2705) title: 165, abstract: 184, venue: 57, authors: 43, year: 144, n_citations: 109 within (265.961054 total / 1.3998 average)
estimate time left: 0:06:05.347800
[04/02/2022, 18:25:56] (2454 / 2705) title: 175, abstract: 194, venue: 63, authors: 45, year: 152, n_citations: 113 within (280.744184 total / 1.4037 average)
estimate time left: 0:05:52.328700
[04/02/2022, 18:26:08] (2464 / 2705) title: 184, abstract: 204, venue: 65, authors: 46, year: 161, n_citations: 118 within (292.742801 total / 1.394 average)
estimate time left: 0:05:35.954000
[04/02/2022, 18:26:20] (2474 / 2705) title: 194, abstract: 214, venue: 69, authors: 46, year: 171, n_citations: 121 within (304.043582 total / 1.382 average)
estimate time left: 0:05:19.242000
[04/02/2022, 18:26:34] (2484 / 2705) title: 203, abstract: 224, venue: 72, authors: 50, year: 176, n_citations: 126 within (318.577801 total / 1.3851 average)
estimate time left: 0:05:06.107100
[04/02/2022, 18:26:50] (2494 / 2705) title: 212, abstract: 233, venue: 75, authors: 50, year: 184, n_citations: 131 within (334.482368 total / 1.3937 average)
estimate time left: 0:04:54.070700
[04/02/2022, 18:27:07] (2504 / 2705) title: 222, abstract: 240, venue: 78, authors: 53, year: 191, n_citations: 136 within (351.686721 total / 1.4067 average)
estimate time left: 0:04:42.746700
[04/02/2022, 18:27:20] (2514 / 2705) title: 231, abstract: 250, venue: 82, authors: 55, year: 197, n_citations: 141 within (364.79418 total / 1.4031 average)
estimate time left: 0:04:27.992100
[04/02/2022, 18:27:36] (2524 / 2705) title: 241, abstract: 260, venue: 84, authors: 56, year: 202, n_citations: 148 within (380.161456 total / 1.408 average)
estimate time left: 0:04:14.848000
[04/02/2022, 18:27:52] (2534 / 2705) title: 251, abstract: 270, venue: 91, authors: 59, year: 209, n_citations: 155 within (396.269582 total / 1.4152 average)
estimate time left: 0:04:01.999200
[04/02/2022, 18:28:07] (2544 / 2705) title: 260, abstract: 280, venue: 93, authors: 61, year: 217, n_citations: 160 within (411.384206 total / 1.4186 average)
estimate time left: 0:03:48.394600
[04/02/2022, 18:28:19] (2554 / 2705) title: 266, abstract: 290, venue: 97, authors: 63, year: 224, n_citations: 167 within (423.602771 total / 1.412 average)
estimate time left: 0:03:33.212000
[04/02/2022, 18:28:33] (2564 / 2705) title: 276, abstract: 300, venue: 103, authors: 66, year: 230, n_citations: 173 within (437.090888 total / 1.41 average)
estimate time left: 0:03:18.810000
[04/02/2022, 18:28:43] (2574 / 2705) title: 283, abstract: 310, venue: 107, authors: 68, year: 238, n_citations: 178 within (447.813834 total / 1.3994 average)
estimate time left: 0:03:03.321400
[04/02/2022, 18:28:54] (2584 / 2705) title: 292, abstract: 320, venue: 111, authors: 69, year: 245, n_citations: 186 within (458.495131 total / 1.3894 average)
estimate time left: 0:02:48.117400
[04/02/2022, 18:29:08] (2594 / 2705) title: 299, abstract: 330, venue: 113, authors: 71, year: 253, n_citations: 193 within (472.041373 total / 1.3884 average)
estimate time left: 0:02:34.112400
[04/02/2022, 18:29:25] (2604 / 2705) title: 307, abstract: 338, venue: 119, authors: 71, year: 261, n_citations: 199 within (489.268786 total / 1.3979 average)
estimate time left: 0:02:21.187900
[04/02/2022, 18:29:39] (2614 / 2705) title: 314, abstract: 348, venue: 123, authors: 73, year: 270, n_citations: 206 within (503.708552 total / 1.3992 average)
estimate time left: 0:02:07.327200
[04/02/2022, 18:29:50] (2624 / 2705) title: 322, abstract: 358, venue: 123, authors: 75, year: 276, n_citations: 213 within (514.76549 total / 1.3913 average)
estimate time left: 0:01:52.695300
[04/02/2022, 18:30:05] (2634 / 2705) title: 331, abstract: 367, venue: 128, authors: 77, year: 281, n_citations: 219 within (529.032137 total / 1.3922 average)
estimate time left: 0:01:38.846200
[04/02/2022, 18:30:17] (2644 / 2705) title: 341, abstract: 376, venue: 130, authors: 81, year: 287, n_citations: 223 within (541.992589 total / 1.3897 average)
estimate time left: 0:01:24.771700
[04/02/2022, 18:30:30] (2654 / 2705) title: 351, abstract: 385, venue: 134, authors: 86, year: 294, n_citations: 229 within (554.286601 total / 1.3857 average)
estimate time left: 0:01:10.670700
[04/02/2022, 18:30:43] (2664 / 2705) title: 359, abstract: 395, venue: 139, authors: 87, year: 303, n_citations: 236 within (567.181782 total / 1.3834 average)
estimate time left: 0:00:56.719400
[04/02/2022, 18:30:56] (2674 / 2705) title: 366, abstract: 405, venue: 141, authors: 88, year: 311, n_citations: 242 within (580.176045 total / 1.3814 average)
estimate time left: 0:00:42.823400
[04/02/2022, 18:31:07] (2684 / 2705) title: 374, abstract: 414, venue: 145, authors: 93, year: 318, n_citations: 247 within (591.935181 total / 1.3766 average)
estimate time left: 0:00:28.908600
[04/02/2022, 18:31:23] (2694 / 2705) title: 383, abstract: 424, venue: 150, authors: 96, year: 326, n_citations: 253 within (607.108751 total / 1.3798 average)
estimate time left: 0:00:15.177800
[04/02/2022, 18:31:39] (2704 / 2705) title: 390, abstract: 433, venue: 155, authors: 98, year: 334, n_citations: 258 within (623.19239 total / 1.3849 average)
estimate time left: 0:00:01.384900
[04/02/2022, 18:31:41] end anchor metrics witin 631.09867
