
Child #[2, 3]: psutil.Process(pid=15128, name='python', status='running', started='20:52:05'), affinity [2, 3]
Child #[2, 3]: Set my affinity to [2, 3], affinity now [2, 3]

[04/02/2022, 18:24:15] start anchor metrics
[04/02/2022, 18:24:20] start computing anchor from index: 451 to 901 with config: 0.9999 0.6
[04/02/2022, 18:24:35] (460 / 901) title: 9, abstract: 9, venue: 4, authors: 3, year: 7, n_citations: 8 within (15.01559 total / 1.5016 average)
estimate time left: 0:11:02.205600
[04/02/2022, 18:24:50] (470 / 901) title: 18, abstract: 19, venue: 7, authors: 4, year: 17, n_citations: 11 within (29.649985 total / 1.4825 average)
estimate time left: 0:10:38.957500
[04/02/2022, 18:25:02] (480 / 901) title: 26, abstract: 29, venue: 10, authors: 8, year: 25, n_citations: 19 within (41.976432 total / 1.3992 average)
estimate time left: 0:09:49.063200
[04/02/2022, 18:25:17] (490 / 901) title: 35, abstract: 39, venue: 13, authors: 12, year: 32, n_citations: 27 within (56.547478 total / 1.4137 average)
estimate time left: 0:09:41.030700
[04/02/2022, 18:25:34] (500 / 901) title: 44, abstract: 49, venue: 14, authors: 13, year: 40, n_citations: 33 within (73.979897 total / 1.4796 average)
estimate time left: 0:09:53.319600
[04/02/2022, 18:25:52] (510 / 901) title: 54, abstract: 59, venue: 22, authors: 18, year: 46, n_citations: 42 within (92.325248 total / 1.5388 average)
estimate time left: 0:10:01.670800
[04/02/2022, 18:26:05] (520 / 901) title: 63, abstract: 69, venue: 29, authors: 20, year: 52, n_citations: 48 within (104.863364 total / 1.498 average)
estimate time left: 0:09:30.738000
[04/02/2022, 18:26:18] (530 / 901) title: 72, abstract: 79, venue: 33, authors: 22, year: 62, n_citations: 53 within (117.891973 total / 1.4736 average)
estimate time left: 0:09:06.705600
[04/02/2022, 18:26:33] (540 / 901) title: 79, abstract: 87, venue: 36, authors: 24, year: 69, n_citations: 58 within (132.701674 total / 1.4745 average)
estimate time left: 0:08:52.294500
[04/02/2022, 18:26:47] (550 / 901) title: 88, abstract: 97, venue: 41, authors: 26, year: 77, n_citations: 66 within (146.913501 total / 1.4691 average)
estimate time left: 0:08:35.654100
[04/02/2022, 18:26:59] (560 / 901) title: 96, abstract: 107, venue: 44, authors: 28, year: 86, n_citations: 73 within (158.444125 total / 1.4404 average)
estimate time left: 0:08:11.176400
[04/02/2022, 18:27:14] (570 / 901) title: 105, abstract: 116, venue: 46, authors: 29, year: 93, n_citations: 81 within (174.209178 total / 1.4517 average)
estimate time left: 0:08:00.512700
[04/02/2022, 18:27:28] (580 / 901) title: 112, abstract: 125, venue: 48, authors: 29, year: 102, n_citations: 88 within (188.408146 total / 1.4493 average)
estimate time left: 0:07:45.225300
[04/02/2022, 18:27:44] (590 / 901) title: 122, abstract: 135, venue: 53, authors: 32, year: 108, n_citations: 97 within (203.628126 total / 1.4545 average)
estimate time left: 0:07:32.349500
[04/02/2022, 18:27:59] (600 / 901) title: 131, abstract: 145, venue: 55, authors: 35, year: 117, n_citations: 103 within (218.697541 total / 1.458 average)
estimate time left: 0:07:18.858000
[04/02/2022, 18:28:12] (610 / 901) title: 141, abstract: 155, venue: 58, authors: 36, year: 124, n_citations: 109 within (231.538768 total / 1.4471 average)
estimate time left: 0:07:01.106100
[04/02/2022, 18:28:25] (620 / 901) title: 150, abstract: 165, venue: 61, authors: 39, year: 133, n_citations: 114 within (244.614275 total / 1.4389 average)
estimate time left: 0:06:44.330900
[04/02/2022, 18:28:39] (630 / 901) title: 159, abstract: 175, venue: 66, authors: 42, year: 140, n_citations: 119 within (258.684673 total / 1.4371 average)
estimate time left: 0:06:29.454100
[04/02/2022, 18:28:51] (640 / 901) title: 165, abstract: 184, venue: 69, authors: 44, year: 146, n_citations: 124 within (270.970717 total / 1.4262 average)
estimate time left: 0:06:12.238200
[04/02/2022, 18:29:03] (650 / 901) title: 173, abstract: 194, venue: 71, authors: 46, year: 152, n_citations: 129 within (282.606897 total / 1.413 average)
estimate time left: 0:05:54.663000
[04/02/2022, 18:29:15] (660 / 901) title: 181, abstract: 204, venue: 74, authors: 48, year: 159, n_citations: 133 within (294.719779 total / 1.4034 average)
estimate time left: 0:05:38.219400
[04/02/2022, 18:29:36] (670 / 901) title: 190, abstract: 214, venue: 80, authors: 51, year: 166, n_citations: 142 within (315.683622 total / 1.4349 average)
estimate time left: 0:05:31.461900
[04/02/2022, 18:29:47] (680 / 901) title: 199, abstract: 224, venue: 84, authors: 55, year: 172, n_citations: 149 within (326.76936 total / 1.4207 average)
estimate time left: 0:05:13.974700
[04/02/2022, 18:30:03] (690 / 901) title: 208, abstract: 234, venue: 88, authors: 59, year: 179, n_citations: 157 within (343.238343 total / 1.4302 average)
estimate time left: 0:05:01.772200
[04/02/2022, 18:30:17] (700 / 901) title: 217, abstract: 244, venue: 90, authors: 62, year: 187, n_citations: 163 within (356.526748 total / 1.4261 average)
estimate time left: 0:04:46.646100
[04/02/2022, 18:30:36] (710 / 901) title: 227, abstract: 254, venue: 93, authors: 68, year: 195, n_citations: 171 within (375.48003 total / 1.4442 average)
estimate time left: 0:04:35.842200
[04/02/2022, 18:30:50] (720 / 901) title: 234, abstract: 264, venue: 97, authors: 72, year: 202, n_citations: 179 within (390.223176 total / 1.4453 average)
estimate time left: 0:04:21.599300
[04/02/2022, 18:31:08] (730 / 901) title: 244, abstract: 274, venue: 101, authors: 75, year: 211, n_citations: 186 within (408.155246 total / 1.4577 average)
estimate time left: 0:04:09.266700
[04/02/2022, 18:31:23] (740 / 901) title: 251, abstract: 284, venue: 104, authors: 75, year: 217, n_citations: 192 within (422.966112 total / 1.4585 average)
estimate time left: 0:03:54.818500
[04/02/2022, 18:31:37] (750 / 901) title: 258, abstract: 294, venue: 108, authors: 76, year: 224, n_citations: 197 within (436.585639 total / 1.4553 average)
estimate time left: 0:03:39.750300
[04/02/2022, 18:31:47] (760 / 901) title: 265, abstract: 304, venue: 111, authors: 79, year: 229, n_citations: 205 within (447.244238 total / 1.4427 average)
estimate time left: 0:03:23.420700
[04/02/2022, 18:32:00] (770 / 901) title: 275, abstract: 314, venue: 115, authors: 82, year: 234, n_citations: 212 within (460.390407 total / 1.4387 average)
estimate time left: 0:03:08.469700
[04/02/2022, 18:32:14] (780 / 901) title: 282, abstract: 324, venue: 118, authors: 84, year: 242, n_citations: 219 within (473.543339 total / 1.435 average)
estimate time left: 0:02:53.635000
[04/02/2022, 18:32:28] (790 / 901) title: 291, abstract: 333, venue: 122, authors: 89, year: 248, n_citations: 224 within (487.864022 total / 1.4349 average)
estimate time left: 0:02:39.273900
[04/02/2022, 18:32:43] (800 / 901) title: 297, abstract: 343, venue: 128, authors: 93, year: 257, n_citations: 230 within (503.140199 total / 1.4375 average)
estimate time left: 0:02:25.187500
[04/02/2022, 18:32:53] (810 / 901) title: 306, abstract: 353, venue: 129, authors: 94, year: 263, n_citations: 237 within (512.689921 total / 1.4241 average)
estimate time left: 0:02:09.593100
[04/02/2022, 18:33:10] (820 / 901) title: 315, abstract: 363, venue: 134, authors: 96, year: 269, n_citations: 245 within (530.203138 total / 1.433 average)
estimate time left: 0:01:56.073000
[04/02/2022, 18:33:29] (830 / 901) title: 324, abstract: 373, venue: 141, authors: 99, year: 277, n_citations: 251 within (548.941945 total / 1.4446 average)
estimate time left: 0:01:42.566600
[04/02/2022, 18:33:43] (840 / 901) title: 333, abstract: 383, venue: 146, authors: 99, year: 284, n_citations: 256 within (562.650538 total / 1.4427 average)
estimate time left: 0:01:28.004700
[04/02/2022, 18:33:57] (850 / 901) title: 342, abstract: 393, venue: 147, authors: 102, year: 288, n_citations: 261 within (577.245152 total / 1.4431 average)
estimate time left: 0:01:13.598100
[04/02/2022, 18:34:11] (860 / 901) title: 349, abstract: 403, venue: 148, authors: 103, year: 298, n_citations: 265 within (590.887427 total / 1.4412 average)
estimate time left: 0:00:59.089200
[04/02/2022, 18:34:23] (870 / 901) title: 357, abstract: 413, venue: 152, authors: 105, year: 305, n_citations: 271 within (603.305012 total / 1.4364 average)
estimate time left: 0:00:44.528400
[04/02/2022, 18:34:37] (880 / 901) title: 365, abstract: 423, venue: 155, authors: 108, year: 312, n_citations: 277 within (616.554223 total / 1.4338 average)
estimate time left: 0:00:30.109800
[04/02/2022, 18:34:52] (890 / 901) title: 375, abstract: 433, venue: 158, authors: 110, year: 318, n_citations: 284 within (631.953886 total / 1.4363 average)
estimate time left: 0:00:15.799300
[04/02/2022, 18:35:07] (900 / 901) title: 384, abstract: 441, venue: 162, authors: 113, year: 326, n_citations: 291 within (646.462585 total / 1.4366 average)
estimate time left: 0:00:01.436600
[04/02/2022, 18:35:08] end anchor metrics witin 652.886885
