

[04/11/2022, 19:15:13] [ale_1w_/Users/yinnnyou/workspace/s2search/pipelining/exp-csdl_csdl_title]
============== start ==============
[04/11/2022, 19:15:13] [ale_1w_/Users/yinnnyou/workspace/s2search/pipelining/exp-csdl_csdl_title_sorting]
get scores for 3603 papers
[04/11/2022, 19:15:14] [ale_1w_/Users/yinnnyou/workspace/s2search/pipelining/exp-csdl_csdl_title_sorting]
task end within 0.629342 sec
[04/11/2022, 19:15:14] [ale_1w_/Users/yinnnyou/workspace/s2search/pipelining/exp-csdl_csdl_title]
get scores for 7206 papers
[04/11/2022, 19:15:19] [ale_1w_/Users/yinnnyou/workspace/s2search/pipelining/exp-csdl_csdl_title]
task end within 4.632688 sec
[04/11/2022, 19:15:19] [ale_1w_/Users/yinnnyou/workspace/s2search/pipelining/exp-csdl_csdl_title]
============== end 10809 ==============


[04/11/2022, 19:15:19] [ale_1w_/Users/yinnnyou/workspace/s2search/pipelining/exp-csdl_csdl_abstract]
============== start ==============
[04/11/2022, 19:15:19] [ale_1w_/Users/yinnnyou/workspace/s2search/pipelining/exp-csdl_csdl_abstract_sorting]
get scores for 3603 papers
[04/11/2022, 19:15:21] [ale_1w_/Users/yinnnyou/workspace/s2search/pipelining/exp-csdl_csdl_abstract_sorting]
task end within 1.825926 sec
[04/11/2022, 19:15:21] [ale_1w_/Users/yinnnyou/workspace/s2search/pipelining/exp-csdl_csdl_abstract]
get scores for 7206 papers
[04/11/2022, 19:15:26] [ale_1w_/Users/yinnnyou/workspace/s2search/pipelining/exp-csdl_csdl_abstract]
task end within 5.001742 sec
[04/11/2022, 19:15:26] [ale_1w_/Users/yinnnyou/workspace/s2search/pipelining/exp-csdl_csdl_abstract]
============== end 10809 ==============


[04/11/2022, 19:15:26] [ale_1w_/Users/yinnnyou/workspace/s2search/pipelining/exp-csdl_csdl_venue]
============== start ==============
[04/11/2022, 19:15:26] [ale_1w_/Users/yinnnyou/workspace/s2search/pipelining/exp-csdl_csdl_venue_sorting]
get scores for 3603 papers
[04/11/2022, 19:15:27] [ale_1w_/Users/yinnnyou/workspace/s2search/pipelining/exp-csdl_csdl_venue_sorting]
task end within 0.527965 sec
[04/11/2022, 19:15:27] [ale_1w_/Users/yinnnyou/workspace/s2search/pipelining/exp-csdl_csdl_venue]
get scores for 7206 papers
[04/11/2022, 19:15:31] [ale_1w_/Users/yinnnyou/workspace/s2search/pipelining/exp-csdl_csdl_venue]
task end within 4.67179 sec
[04/11/2022, 19:15:31] [ale_1w_/Users/yinnnyou/workspace/s2search/pipelining/exp-csdl_csdl_venue]
============== end 10809 ==============


[04/11/2022, 19:15:31] [ale_1w_/Users/yinnnyou/workspace/s2search/pipelining/exp-csdl_csdl_authors]
============== start ==============
[04/11/2022, 19:15:32] [ale_1w_/Users/yinnnyou/workspace/s2search/pipelining/exp-csdl_csdl_authors_sorting]
get scores for 3603 papers
[04/11/2022, 19:15:32] [ale_1w_/Users/yinnnyou/workspace/s2search/pipelining/exp-csdl_csdl_authors_sorting]
task end within 0.89433 sec
[04/11/2022, 19:15:33] [ale_1w_/Users/yinnnyou/workspace/s2search/pipelining/exp-csdl_csdl_authors]
get scores for 7206 papers
[04/11/2022, 19:15:38] [ale_1w_/Users/yinnnyou/workspace/s2search/pipelining/exp-csdl_csdl_authors]
task end within 4.850347 sec
[04/11/2022, 19:15:38] [ale_1w_/Users/yinnnyou/workspace/s2search/pipelining/exp-csdl_csdl_authors]
============== end 10809 ==============


[04/11/2022, 19:15:38] [ale_1w_/Users/yinnnyou/workspace/s2search/pipelining/exp-csdl_csdl_year]
============== start ==============
[04/11/2022, 19:15:38] [ale_1w_/Users/yinnnyou/workspace/s2search/pipelining/exp-csdl_csdl_year]
get scores for 7206 papers
[04/11/2022, 19:15:43] [ale_1w_/Users/yinnnyou/workspace/s2search/pipelining/exp-csdl_csdl_year]
task end within 4.695143 sec
[04/11/2022, 19:15:43] [ale_1w_/Users/yinnnyou/workspace/s2search/pipelining/exp-csdl_csdl_year]
============== end 7206 ==============


[04/11/2022, 19:15:43] [ale_1w_/Users/yinnnyou/workspace/s2search/pipelining/exp-csdl_csdl_n_citations]
============== start ==============
[04/11/2022, 19:15:43] [ale_1w_/Users/yinnnyou/workspace/s2search/pipelining/exp-csdl_csdl_n_citations]
get scores for 7206 papers
[04/11/2022, 19:15:48] [ale_1w_/Users/yinnnyou/workspace/s2search/pipelining/exp-csdl_csdl_n_citations]
task end within 4.678904 sec
[04/11/2022, 19:15:48] [ale_1w_/Users/yinnnyou/workspace/s2search/pipelining/exp-csdl_csdl_n_citations]
============== end 7206 ==============
