

[04/02/2022, 14:53:05] [ale_1w_/Users/yinnnyou/workspace/s2search/pipelining/exp-csar_csar_title]
============== start ==============
[04/02/2022, 14:53:05] [ale_1w_/Users/yinnnyou/workspace/s2search/pipelining/exp-csar_csar_title_sorting]
get scores for 2563 papers
[04/02/2022, 14:53:14] [ale_1w_/Users/yinnnyou/workspace/s2search/pipelining/exp-csar_csar_title_sorting]
task end within 9.275256 sec
[04/02/2022, 14:53:14] [ale_1w_/Users/yinnnyou/workspace/s2search/pipelining/exp-csar_csar_title]
get scores for 5126 papers
[04/02/2022, 14:53:18] [ale_1w_/Users/yinnnyou/workspace/s2search/pipelining/exp-csar_csar_title]
task end within 3.627505 sec
[04/02/2022, 14:53:18] [ale_1w_/Users/yinnnyou/workspace/s2search/pipelining/exp-csar_csar_title]
============== end 7689 ==============


[04/02/2022, 14:53:18] [ale_1w_/Users/yinnnyou/workspace/s2search/pipelining/exp-csar_csar_abstract]
============== start ==============
[04/02/2022, 14:53:18] [ale_1w_/Users/yinnnyou/workspace/s2search/pipelining/exp-csar_csar_abstract_sorting]
get scores for 2563 papers
[04/02/2022, 14:53:19] [ale_1w_/Users/yinnnyou/workspace/s2search/pipelining/exp-csar_csar_abstract_sorting]
task end within 1.322382 sec
[04/02/2022, 14:53:20] [ale_1w_/Users/yinnnyou/workspace/s2search/pipelining/exp-csar_csar_abstract]
get scores for 5126 papers
[04/02/2022, 14:53:23] [ale_1w_/Users/yinnnyou/workspace/s2search/pipelining/exp-csar_csar_abstract]
task end within 3.586361 sec
[04/02/2022, 14:53:23] [ale_1w_/Users/yinnnyou/workspace/s2search/pipelining/exp-csar_csar_abstract]
============== end 7689 ==============


[04/02/2022, 14:53:23] [ale_1w_/Users/yinnnyou/workspace/s2search/pipelining/exp-csar_csar_venue]
============== start ==============
[04/02/2022, 14:53:23] [ale_1w_/Users/yinnnyou/workspace/s2search/pipelining/exp-csar_csar_venue_sorting]
get scores for 2563 papers
[04/02/2022, 14:53:24] [ale_1w_/Users/yinnnyou/workspace/s2search/pipelining/exp-csar_csar_venue_sorting]
task end within 0.384397 sec
[04/02/2022, 14:53:24] [ale_1w_/Users/yinnnyou/workspace/s2search/pipelining/exp-csar_csar_venue]
get scores for 5126 papers
[04/02/2022, 14:53:27] [ale_1w_/Users/yinnnyou/workspace/s2search/pipelining/exp-csar_csar_venue]
task end within 3.563997 sec
[04/02/2022, 14:53:27] [ale_1w_/Users/yinnnyou/workspace/s2search/pipelining/exp-csar_csar_venue]
============== end 7689 ==============


[04/02/2022, 14:53:27] [ale_1w_/Users/yinnnyou/workspace/s2search/pipelining/exp-csar_csar_authors]
============== start ==============
[04/02/2022, 14:53:28] [ale_1w_/Users/yinnnyou/workspace/s2search/pipelining/exp-csar_csar_authors_sorting]
get scores for 2563 papers
[04/02/2022, 14:53:28] [ale_1w_/Users/yinnnyou/workspace/s2search/pipelining/exp-csar_csar_authors_sorting]
task end within 0.67859 sec
[04/02/2022, 14:53:28] [ale_1w_/Users/yinnnyou/workspace/s2search/pipelining/exp-csar_csar_authors]
get scores for 5126 papers
[04/02/2022, 14:53:32] [ale_1w_/Users/yinnnyou/workspace/s2search/pipelining/exp-csar_csar_authors]
task end within 3.527248 sec
[04/02/2022, 14:53:32] [ale_1w_/Users/yinnnyou/workspace/s2search/pipelining/exp-csar_csar_authors]
============== end 7689 ==============


[04/02/2022, 14:53:32] [ale_1w_/Users/yinnnyou/workspace/s2search/pipelining/exp-csar_csar_year]
============== start ==============
[04/02/2022, 14:53:32] [ale_1w_/Users/yinnnyou/workspace/s2search/pipelining/exp-csar_csar_year]
get scores for 5126 papers
[04/02/2022, 14:53:36] [ale_1w_/Users/yinnnyou/workspace/s2search/pipelining/exp-csar_csar_year]
task end within 3.567931 sec
[04/02/2022, 14:53:36] [ale_1w_/Users/yinnnyou/workspace/s2search/pipelining/exp-csar_csar_year]
============== end 5126 ==============


[04/02/2022, 14:53:36] [ale_1w_/Users/yinnnyou/workspace/s2search/pipelining/exp-csar_csar_n_citations]
============== start ==============
[04/02/2022, 14:53:36] [ale_1w_/Users/yinnnyou/workspace/s2search/pipelining/exp-csar_csar_n_citations]
get scores for 5126 papers
[04/02/2022, 14:53:40] [ale_1w_/Users/yinnnyou/workspace/s2search/pipelining/exp-csar_csar_n_citations]
task end within 3.560927 sec
[04/02/2022, 14:53:40] [ale_1w_/Users/yinnnyou/workspace/s2search/pipelining/exp-csar_csar_n_citations]
============== end 5126 ==============
