

[04/02/2022, 16:38:20] [get categorical paper data for /home/youyinnn_gmail_com/s2search/pipelining/exp-csar csar]
============== start ==============
[04/02/2022, 16:38:24] [get categorical paper data for /home/youyinnn_gmail_com/s2search/pipelining/exp-csar csar]
============== end 10252 ==============


[04/02/2022, 16:38:24] [sampling shap explainer training for /home/youyinnn_gmail_com/s2search/pipelining/exp-csar csar]
============== start ==============
[04/02/2022, 16:38:26] [sampling shap explainer training for /home/youyinnn_gmail_com/s2search/pipelining/exp-csar csar]
============== end 2050 ==============


[04/02/2022, 16:38:26] [sampling shap sv computing for /home/youyinnn_gmail_com/s2search/pipelining/exp-csar csar]
============== start ==============
instances left: 55
estimating time left: 0:03:34.494500
---- 10:40010
instances left: 45
estimating time left: 0:02:45.231000
---- 20:80020
instances left: 35
estimating time left: 0:02:08.355500
---- 30:120030
instances left: 25
estimating time left: 0:01:29.882500
---- 40:160040
instances left: 15
estimating time left: 0:00:53.047500
---- 50:200050
instances left: 5
estimating time left: 0:00:17.541500
---- 60:240060
[04/02/2022, 16:41:56] [sampling shap sv computing for /home/youyinnn_gmail_com/s2search/pipelining/exp-csar csar]
============== end 240060 ==============
