

[08/26/2022, 11:42:05] [get categorical paper data for /Users/yinnnyou/workspace/s2search/pipelining/exp-csar csar]
============== start ==============
[08/26/2022, 11:42:21] [get categorical paper data for /Users/yinnnyou/workspace/s2search/pipelining/exp-csar csar]
============== end 10252 ==============


[08/26/2022, 11:42:21] [sampling shap explainer training for /Users/yinnnyou/workspace/s2search/pipelining/exp-csar csar]
============== start ==============
[08/26/2022, 11:42:21] [sampling shap explainer training for /Users/yinnnyou/workspace/s2search/pipelining/exp-csar csar]
============== end 1 ==============


[08/26/2022, 11:42:21] [sampling shap sv computing for /Users/yinnnyou/workspace/s2search/pipelining/exp-csar csar]
============== start ==============
instances left: 1564
estimating time left: 0:00:48.014800
---- 1000:63000
instances left: 564
estimating time left: 0:00:17.596800
---- 2000:126000
instances left: -436
estimating time left: -1 day, 23:59:48.489600
---- 3000:161469
[08/26/2022, 11:43:40] [sampling shap sv computing for /Users/yinnnyou/workspace/s2search/pipelining/exp-csar csar]
============== end 161469 ==============
