
[08/26/2022, 00:19:21] start computing sampling shap for range: [1, 1]
[08/26/2022, 00:19:49] computing sampling shap 0:1000 within 27.2636 sec, 0.0273 on average
[08/26/2022, 00:19:49] instances left: 787
[08/26/2022, 00:19:49] estimating time left: 0:00:21.485100

[[ 0.          0.          0.         -0.09965595  0.76471986  0.40325354]
 [ 0.          0.          0.         -0.08172398  1.31553366  0.        ]
 [ 0.          0.          0.         -0.09201371  0.65082304  0.02880182]
 ...
 [ 0.          0.          0.         -0.08063347 -0.59150497  0.11243611]
 [ 0.         10.61984667  0.         -0.07343582  1.66314574  0.        ]
 [ 0.          0.          0.         -0.07902516 -0.38961553  0.02394649]]
[08/26/2022, 00:20:10] computing sampling shap 1000:1787 within 21.6831 sec, 0.0245 on average
[08/26/2022, 00:20:10] instances left: -213
[08/26/2022, 00:20:10] estimating time left: -1 day, 23:59:54.781500

[[ 0.          0.          0.         -0.09201371  0.48818672  0.08473143]
 [ 0.         10.74358381  0.         -0.08516003  0.21885134  0.04700345]
 [ 0.          0.          0.         -0.07567291  1.7960385   0.        ]
 ...
 [ 0.          0.          0.         -0.09439747  0.03747327  0.80289297]
 [ 6.73664211  5.44370522  0.         -0.0512917  -0.5423473   0.01278538]
 [ 0.         10.69213334  0.         -0.07362454  1.30955954  0.05408607]]
[08/26/2022, 00:20:10] finish computing sampling shap for range: [1, 1] within 48.953224 sec
