Child #[8, 9]: psutil.Process(pid=3952, name='python', status='running', started='19:35:05'), affinity [8, 9]
Child #[8, 9]: Set my affinity to [8, 9], affinity now [8, 9]

[04/02/2022, 16:48:19] start computing sampling shap for range: [5, 8]
[04/02/2022, 16:48:48] computing sampling shap 180:190 within 28.8679 sec, 2.8868 on average
[04/02/2022, 16:48:48] instances left: 35
[04/02/2022, 16:48:48] estimating time left: 0:01:41.038000

[[-0.78230385  7.78490517  0.          0.          0.41808148 -0.18794713]
 [-0.90728291 -2.70271848 -0.14543723  0.         -0.87229635  0.12869693]
 [-0.64992271 -2.84968105 -0.16147517  0.          0.7373261  -0.17984731]
 [-0.88918239 -2.51941608 -0.25252579  0.          1.15597546 -0.11189565]
 [-0.8349035  -2.71525154  0.          0.          0.59127955 -0.03971607]
 [-0.94304957 -2.61016294 -0.08385178  0.          0.3441169  -0.21225538]
 [-0.86847476 -2.52329559 -0.31561046  0.         -0.06030887 -0.25797126]
 [-0.69054191  7.67744922 -0.15831603  0.          1.1677668  -0.12421099]
 [-1.02083351 -2.61119018 -0.10843934  0.         -0.69840938 -0.08902139]
 [-0.67519096 -2.83348434 -0.13338413  0.          0.33516033 -0.015069  ]]
[04/02/2022, 16:49:17] computing sampling shap 190:200 within 29.3966 sec, 2.9133 on average
[04/02/2022, 16:49:17] instances left: 25
[04/02/2022, 16:49:17] estimating time left: 0:01:12.832500

[[-7.93597146e-01  7.83602356e+00  0.00000000e+00  0.00000000e+00
  -6.70760977e-01 -1.80757717e-01]
 [-6.88087453e-01  7.73131017e+00  0.00000000e+00  0.00000000e+00
  -9.41381028e-01 -1.23240781e-01]
 [-3.86035068e-01  7.31530627e+00  0.00000000e+00  0.00000000e+00
  -6.83842012e-04  8.35764775e-02]
 [-8.82520017e-01 -2.61679027e+00 -1.25259994e-01  0.00000000e+00
   1.15421068e+00 -1.46684672e-01]
 [-1.05577599e+00 -2.66741362e+00  0.00000000e+00  0.00000000e+00
   4.06376100e-01 -1.29599787e-01]
 [-1.04463224e+00 -2.69897279e+00  0.00000000e+00  0.00000000e+00
  -1.95616933e-01  3.09669278e-01]
 [-7.31599842e-01 -3.02188327e+00 -6.56004512e-02  0.00000000e+00
   1.90442414e-01 -9.28022110e-02]
 [-5.42698085e-01  7.78129243e+00 -2.27926107e-01  0.00000000e+00
  -2.48362314e-01  8.04258619e-02]
 [-7.10868054e-01 -2.97126831e+00 -7.39917791e-02  0.00000000e+00
   1.42029952e-01 -1.35700103e-01]
 [-7.87932939e-01  7.84780934e+00  0.00000000e+00  0.00000000e+00
  -3.37999030e-01  8.35072077e-02]]
[04/02/2022, 16:49:46] computing sampling shap 200:210 within 28.7603 sec, 2.9009 on average
[04/02/2022, 16:49:46] instances left: 15
[04/02/2022, 16:49:46] estimating time left: 0:00:43.513500

[[-0.60779629 -2.2588146   9.31374319  0.         -0.23556904  0.28264883]
 [10.33198676 -1.87506049  0.          0.         -0.21759377 -0.15106197]
 [-0.68472908  7.65362093  0.          0.         -0.2979066   0.04997525]
 [-0.71891289 -2.82392992 -0.15618849  0.         -0.24542876 -0.22256211]
 [10.25131205 -1.97640214  0.          0.         -0.15306898  0.31190097]
 [-1.10251872 -2.50702766 -0.09244869  0.         -0.96265761 -0.13519001]
 [-0.89251277 -2.70223046 -0.13649994  0.          0.376623   -0.15058223]
 [-0.92121369 -2.78980917  0.          0.          0.80373763 -0.19631462]
 [-1.01396146 -2.35639371 -0.23503238  0.         -0.35629709 -0.04163172]
 [-0.40219308  7.43645878 -0.07321524  0.          0.72909891 -0.0454043 ]]
[04/02/2022, 16:50:16] computing sampling shap 210:220 within 29.482 sec, 2.9128 on average
[04/02/2022, 16:50:16] instances left: 5
[04/02/2022, 16:50:16] estimating time left: 0:00:14.564000

[[-0.79429657 -2.72452286 -0.22297989  0.          1.2798195  -0.13195078]
 [-0.91307164 -2.7066686   0.          0.          0.37438778 -0.25985044]
 [-0.9182993  -2.79130632 -0.07789412  0.          1.30842406 -0.11485504]
 [-1.09889422 -2.66931249 -0.07636777  0.          0.51393631  0.20834231]
 [-0.95339544 -2.55873141 -0.20189795  0.         -0.29343435 -0.20038318]
 [-0.92125898 -2.92680685  0.          0.         -0.10364407 -0.21531246]
 [ 5.63307556  2.85311346 -0.11585526  0.          1.04778768 -0.02096659]
 [-0.7579351   7.85025609 -0.07646355  0.          0.41120294 -0.10234558]
 [ 5.45651266  3.27343598 -0.17080817  0.          0.61393965  0.44080829]
 [-0.48697366 17.89478278  0.          0.          0.06860779  0.09518389]]
[04/02/2022, 16:50:16] finish computing sampling shap for range: [5, 8] within 116.512993 sec
