Child #[12, 13]: psutil.Process(pid=4024, name='python', status='running', started='19:35:12'), affinity [12, 13]
Child #[12, 13]: Set my affinity to [12, 13], affinity now [12, 13]

[04/02/2022, 16:47:28] start computing sampling shap for range: [7, 8]
[04/02/2022, 16:47:57] computing sampling shap 270:280 within 28.6917 sec, 2.8692 on average
[04/02/2022, 16:47:57] instances left: 35
[04/02/2022, 16:47:57] estimating time left: 0:01:40.422000

[[-7.80958685e-01  7.66946318e+00  0.00000000e+00  0.00000000e+00
   8.78444368e-03  1.14874632e-01]
 [-9.34596873e-01 -2.77145094e+00 -7.48022159e-02  0.00000000e+00
  -8.47400346e-01 -1.53853448e-01]
 [-1.10149896e+00 -2.58365117e+00 -6.81757082e-02  0.00000000e+00
   1.29034156e-01 -9.71519761e-02]
 [-3.28683484e-01  1.75150448e+01  0.00000000e+00  0.00000000e+00
   1.17400118e+00 -1.87824307e-01]
 [-1.00874538e+00 -2.61013104e+00 -1.50703517e-01  0.00000000e+00
  -7.14203698e-01  2.29451201e-01]
 [-9.80500451e-01 -2.56158209e+00 -1.31623137e-01  0.00000000e+00
  -3.41204148e-01 -1.34908511e-03]
 [-9.26467670e-01 -2.65772504e+00 -1.16814974e-01  0.00000000e+00
  -1.05781912e+00  1.60159688e-01]
 [-1.10449267e+00 -2.58200641e+00 -7.61917370e-02  0.00000000e+00
   1.28612829e+00 -5.88045039e-02]
 [-8.00528390e-01 -2.51342726e+00 -4.08656499e-01  0.00000000e+00
   8.13530111e-01 -9.56230427e-02]
 [-1.06132041e+00 -2.47187651e+00 -2.86400116e-01  0.00000000e+00
  -1.00906581e+00 -1.50770098e-01]]
[04/02/2022, 16:48:25] computing sampling shap 280:290 within 27.8208 sec, 2.8257 on average
[04/02/2022, 16:48:25] instances left: 25
[04/02/2022, 16:48:25] estimating time left: 0:01:10.642500

[[-0.63715803  7.64713319 -0.12113984  0.          0.03896711 -0.06326511]
 [-1.08537922 -2.52486607  0.          0.          1.1599951  -0.1080513 ]
 [-0.94668581 -2.48968119 -0.25331418  0.         -0.20613414  0.50515521]
 [-0.91672203 -2.71447708  0.          0.         -0.41975551  0.50067571]
 [-0.84232307 -2.81940196 -0.07065541  0.         -0.8035228  -0.1769802 ]
 [-0.42504622  7.54910795 -0.15463536  0.         -0.2405449   0.32287809]
 [-0.76020236 -2.98366298  0.          0.          0.11494362  0.03066845]
 [-0.21182844 17.50804345  0.          0.         -0.10087995 -0.17005215]
 [-1.24466857 -2.46182973  0.          0.         -1.2158135  -0.06743097]
 [-0.98210476 -2.69444028 -0.07643681  0.          0.10182724 -0.15717386]]
[04/02/2022, 16:48:54] computing sampling shap 290:300 within 29.6878 sec, 2.8737 on average
[04/02/2022, 16:48:54] instances left: 15
[04/02/2022, 16:48:54] estimating time left: 0:00:43.105500

[[-0.8772941  -2.71183838 -0.10144773  0.         -0.38246714 -0.18231619]
 [-0.91142381 -2.80212968 -0.07439064  0.         -0.1940538  -0.18502437]
 [ 4.97733188  3.38516676  0.          0.         -0.56161927  0.16735635]
 [-1.01530982 -2.60993144 -0.07769681  0.         -1.17444272 -0.18233388]
 [-0.99849667 -2.48403685 -0.23669493  0.          0.79207149 -0.14469818]
 [-1.05307221 -2.7882343  -0.07419548  0.         -0.15784621  0.43086477]
 [-1.04577765 -2.73419011  0.          0.         -0.27046571 -0.13537512]
 [-0.97733443 -2.73073528 -0.07211553  0.          1.28070098 -0.1175598 ]
 [-0.85991442 -2.50801223 -0.21822971  0.          0.27602671 -0.01183886]
 [-0.80319545 -2.86333386 -0.12823392  0.         -0.1948984  -0.01365435]]
[04/02/2022, 16:49:24] computing sampling shap 300:310 within 30.09 sec, 2.9075 on average
[04/02/2022, 16:49:24] instances left: 5
[04/02/2022, 16:49:24] estimating time left: 0:00:14.537500

[[-0.64791688 -3.12414038  0.          0.         -0.0145454  -0.02279262]
 [-1.12051997 -2.60529226  0.          0.         -0.05839783 -0.07839423]
 [-0.90601849 -2.48288757 -0.16543077  0.          1.04650678 -0.10921425]
 [-0.47318907  7.55865    -0.104738    0.         -0.62324323  0.2260739 ]
 [-1.0636687  -2.6205513   0.          0.          0.76619862 -0.12911852]
 [-0.86643563 -2.84297968  0.          0.          1.23967384 -0.14730259]
 [-0.84406315 -2.64953792 -0.07523046  0.          1.10550923 -0.15372181]
 [-1.03305887 -2.62045919 -0.14519052  0.          0.83950245 -0.01662012]
 [-0.50336028  7.69447853 -0.07626355  0.          0.03852341 -0.07080533]
 [-0.84697865 -2.57899293 -0.23773508  0.         -0.11429395 -0.20119006]]
[04/02/2022, 16:49:24] finish computing sampling shap for range: [7, 8] within 116.30233 sec
