Child #[8, 9]: psutil.Process(pid=3952, name='python', status='running', started='19:35:05'), affinity [8, 9]
Child #[8, 9]: Set my affinity to [8, 9], affinity now [8, 9]

[04/02/2022, 16:26:29] start computing sampling shap for range: [5, 8]
[04/02/2022, 16:27:03] computing sampling shap 360:370 within 33.9947 sec, 3.3995 on average
[04/02/2022, 16:27:03] instances left: 80
[04/02/2022, 16:27:03] estimating time left: 0:04:31.960000

[[-0.05571492 17.52894169 -1.29437319  0.          0.46408918 -0.24589832]
 [-0.50875141 -1.59486577 -2.61419826  0.          0.98072625 -0.16576643]
 [-0.37236567 -1.79918402 -2.42683232  0.          0.44205751 -0.17466051]
 [-0.52799544 -1.50380452 -2.62815018  0.          0.48731765 -0.18306766]
 [-0.71690555 -1.50328051 -2.35014611  0.         -0.72981921  0.06748909]
 [-0.01772297 -1.78790904 -2.95975801  0.          0.99069106 -0.06566348]
 [-0.35682353 -2.07479869 -2.10169976  0.         -0.30403451 -0.26409582]
 [-0.02066341 -1.99566479 -2.71294352  0.         -0.12982067  0.37448271]
 [-0.74655911 -1.57376149 -2.54052662  0.          0.32518496 -0.21124028]
 [-0.17132302 -0.86595358 16.95936516  0.          0.15368563 -0.13742629]]
[04/02/2022, 16:27:36] computing sampling shap 370:380 within 33.9209 sec, 3.3959 on average
[04/02/2022, 16:27:36] instances left: 70
[04/02/2022, 16:27:36] estimating time left: 0:03:57.713000

[[-0.58982133 -1.59130908 -2.34121811  0.          0.8084146  -0.10349437]
 [-0.08174958 17.72793996 -1.37449595  0.         -0.65138183 -0.15858929]
 [-0.19393602 -0.52408471 16.83542191  0.         -0.57870517  0.38709744]
 [-0.13927984 -1.77716179 -2.81315543  0.         -0.5892846  -0.02664993]
 [-0.64702961 -1.6696346  -2.28350285  0.          0.85639843 -0.15908714]
 [-0.39443466 17.43958745 -0.90033201  0.         -0.4790691   0.17015664]
 [-0.03935498 16.95015823 -0.89270621  0.          0.87582179 -0.17847387]
 [-0.47251588 -1.95051515 -2.24272913  0.          0.99998653 -0.21396879]
 [-0.63723094 -1.53562796 -2.57283914  0.         -0.65141678 -0.09813914]
 [-0.62104082 -1.52355905 -2.4238929   0.          0.84123122 -0.17559407]]
[04/02/2022, 16:28:12] computing sampling shap 380:390 within 35.835 sec, 3.4584 on average
[04/02/2022, 16:28:12] instances left: 60
[04/02/2022, 16:28:12] estimating time left: 0:03:27.504000

[[10.50438057  7.98913251 -0.36530829  0.         -0.59033176  0.37826288]
 [-0.64977839 -1.39942957 -2.66250743  0.          0.09300005  0.16678005]
 [-0.51737404 -1.75969173 -2.31465522  0.          0.84403753 -0.15517189]
 [-0.15534671 -0.98825608 17.19716419  0.         -0.31224763 -0.17133043]
 [-0.30697241 -2.08606666 -2.26120671  0.          0.40984014  0.34360285]
 [-0.47861742 -1.84543369 -2.38259895  0.         -0.33560315  0.07279034]
 [-0.80671662 -1.58355938 -2.21165481  0.          0.88025389 -0.18117857]
 [-0.64275665 -1.79744876 -2.24666285  0.          0.11395251  0.63283007]
 [-0.34788608 -1.93881335 -2.48570594  0.         -0.6829814  -0.05116201]
 [-0.01898404 -0.6151605  16.54180502  0.          0.86563442 -0.16890553]]
[04/02/2022, 16:28:43] computing sampling shap 390:400 within 30.3312 sec, 3.3521 on average
[04/02/2022, 16:28:43] instances left: 50
[04/02/2022, 16:28:43] estimating time left: 0:02:47.605000

[[-7.37966805e-02  7.96082122e+00  8.28413054e+00  0.00000000e+00
   9.17603900e-02  2.74880971e-01]
 [-3.69035255e-01 -1.84964201e+00 -2.45401241e+00  0.00000000e+00
   9.60750628e-02 -1.70287884e-01]
 [-3.72877345e-01 -2.15435362e+00 -2.18516272e+00  0.00000000e+00
  -1.08296042e+00 -1.79064455e-01]
 [-2.00523937e-02 -2.07421578e+00 -2.62503481e+00  0.00000000e+00
   9.47396751e-01 -1.07835691e-01]
 [-6.09781487e-01 -1.74684822e+00 -2.20723946e+00  0.00000000e+00
   1.65224855e-02  8.58898922e-02]
 [-5.92590304e-01 -1.53838573e+00 -2.55872977e+00  0.00000000e+00
  -9.05227306e-01  8.47700144e-01]
 [-3.21239735e-01  1.76818494e+01 -1.16908896e+00  0.00000000e+00
  -5.17146921e-01 -1.94625755e-01]
 [ 0.00000000e+00 -1.91201356e+00 -2.64928795e+00  0.00000000e+00
  -7.45654919e-01 -2.15908324e-01]
 [-7.67865606e-01 -1.26590583e+00 -2.65720440e+00  0.00000000e+00
  -5.99722517e-01  1.99824141e-01]
 [-5.34285618e-01 -1.74208485e+00 -2.30939188e+00  0.00000000e+00
  -7.82220489e-01 -7.56869593e-02]]
[04/02/2022, 16:29:17] computing sampling shap 400:410 within 34.3496 sec, 3.3687 on average
[04/02/2022, 16:29:17] instances left: 40
[04/02/2022, 16:29:17] estimating time left: 0:02:14.748000

[[-0.47848806 -1.69997557 -2.54525163  0.         -0.58256303  0.42497056]
 [-0.54275002 -1.62441719 -2.6093589   0.         -0.41389686  0.12196893]
 [-0.29553896 -1.63987643 -2.6796767   0.         -0.66063582  0.39214331]
 [-0.66029271 -1.52812505 -2.3880348   0.          0.41589608 -0.22688868]
 [-0.48283476 -1.84844581 -2.36868576  0.         -0.18976168 -0.12483951]
 [-0.6951451  -1.49349195 -2.38554921  0.          0.83884867 -0.09512841]
 [-0.43710493 -1.61968884 -2.53315572  0.          0.43787719 -0.20362817]
 [-0.1898802  -1.99208422 -2.50578173  0.          0.91845871 -0.04178522]
 [-0.53754699 -2.08041112 -2.11270471  0.         -0.6053     -0.24576298]
 [-0.02031079 -0.83437876 16.97242471  0.         -0.69534496  0.09954326]]
[04/02/2022, 16:29:49] computing sampling shap 410:420 within 31.9294 sec, 3.3395 on average
[04/02/2022, 16:29:49] instances left: 30
[04/02/2022, 16:29:49] estimating time left: 0:01:40.185000

[[-2.90708950e-01 -8.84322956e-01  1.69190731e+01  0.00000000e+00
   1.03739843e+00 -1.77050306e-01]
 [-6.36253266e-01 -1.60713130e+00 -2.41138483e+00  0.00000000e+00
  -1.06257487e+00 -2.57074472e-01]
 [ 1.04407940e+01  8.54066288e+00 -7.36559165e-01  0.00000000e+00
  -4.24122914e-01 -7.16188242e-02]
 [-6.17310528e-01 -1.87121055e+00 -2.15955992e+00  0.00000000e+00
   4.23391746e-01  3.21251612e-01]
 [-8.58646901e-01 -1.84524223e+00 -1.95477158e+00  0.00000000e+00
  -2.05773157e-01  6.31079756e-02]
 [-2.82783459e-01 -1.80997053e+00 -2.56114152e+00  0.00000000e+00
  -3.69555277e-01 -2.47063252e-01]
 [-4.61920625e-01 -2.00992324e+00 -2.20760195e+00  0.00000000e+00
   4.30445446e-01  7.92031697e-03]
 [-3.90530637e-01 -1.72930025e+00 -2.43852599e+00  0.00000000e+00
   4.25174103e-02 -1.10805299e-01]
 [-1.35225787e-01 -1.76121412e+00 -2.76044626e+00  0.00000000e+00
   8.95572479e-01 -1.41541618e-01]
 [-1.84051661e-01 -1.61609070e+00 -2.87573532e+00  0.00000000e+00
  -2.39408789e-01  1.01168231e-01]]
[04/02/2022, 16:30:23] computing sampling shap 420:430 within 33.9807 sec, 3.3479 on average
[04/02/2022, 16:30:23] instances left: 20
[04/02/2022, 16:30:23] estimating time left: 0:01:06.958000

[[-0.66721414 -1.71660872 -2.26367663  0.         -0.32322445  0.33782205]
 [-0.03966156 -1.79077272 -2.80313457  0.         -0.14735798  0.26634088]
 [-0.26328102 -1.71371037 -2.58048338  0.          0.36289777 -0.19286824]
 [-0.45805458 -1.46665137 -2.69389917  0.         -0.39553432 -0.10340926]
 [-0.69283494 -1.83653051 -2.10083168  0.          0.44860399 -0.17410689]
 [-0.57804353 -1.62927885 -2.47469684  0.          0.91104226 -0.10876559]
 [-0.63435926 -1.46517626 -2.46515895  0.         -0.32529736 -0.0383676 ]
 [ 9.80289487  8.84224271 -0.50978522  0.          0.12723296  0.05838942]
 [-0.66315686 -1.74295555 -2.24052705  0.         -0.50344277  0.63876325]
 [ 0.         -1.81089181 -2.88179762  0.         -0.16435368 -0.04970024]]
[04/02/2022, 16:30:54] computing sampling shap 430:440 within 31.4831 sec, 3.3229 on average
[04/02/2022, 16:30:54] instances left: 10
[04/02/2022, 16:30:54] estimating time left: 0:00:33.229000

[[-0.36408208 -1.82692283 -2.51107253  0.         -0.21417947  0.10213853]
 [-0.79606593 -1.51227493 -2.33940434  0.         -0.93531923 -0.11535957]
 [-0.54356279 -1.72748902 -2.5560615   0.         -0.20215596  0.05980639]
 [-0.07519059 -1.96538369 -2.79426502  0.         -0.71957812  0.83183147]
 [-0.39908663 -1.47256623 -2.68539668  0.         -0.73136432 -0.27932417]
 [-0.28895398 -1.86840208 -2.48880742  0.          0.48998647 -0.23126779]
 [-0.04067364 -0.81496013 16.85505345  0.         -0.17347665 -0.11168926]
 [-0.29991253 -0.52965935 16.84749295  0.          0.0804124  -0.0702476 ]
 [-0.12968815 17.47733756 -1.12146717  0.         -0.9329495  -0.22957852]
 [-0.45659871 -1.77938098 -2.59623102  0.         -0.15514042  0.71392219]]
[04/02/2022, 16:30:54] finish computing sampling shap for range: [5, 8] within 265.835836 sec
