
Child #[12, 13]: psutil.Process(pid=14998, name='python', status='running', started='20:51:34'), affinity [12, 13]
Child #[12, 13]: Set my affinity to [12, 13], affinity now [12, 13]

[04/02/2022, 18:46:01] start anchor metrics
[04/02/2022, 18:46:05] start computing anchor from index: 2430 to 2834 with config: 0.9999 0.6
[04/02/2022, 18:46:21] (2439 / 2834) title: 6, abstract: 10, venue: 10, authors: 4, year: 9, n_citations: 5 within (15.631994 total / 1.5632 average)
estimate time left: 0:10:17.464000
[04/02/2022, 18:46:39] (2449 / 2834) title: 13, abstract: 19, venue: 20, authors: 6, year: 19, n_citations: 8 within (33.356861 total / 1.6678 average)
estimate time left: 0:10:42.103000
[04/02/2022, 18:46:53] (2459 / 2834) title: 17, abstract: 28, venue: 30, authors: 8, year: 27, n_citations: 13 within (47.524745 total / 1.5842 average)
estimate time left: 0:09:54.075000
[04/02/2022, 18:47:08] (2469 / 2834) title: 23, abstract: 37, venue: 40, authors: 13, year: 36, n_citations: 16 within (62.782048 total / 1.5696 average)
estimate time left: 0:09:32.904000
[04/02/2022, 18:47:24] (2479 / 2834) title: 29, abstract: 46, venue: 47, authors: 18, year: 44, n_citations: 21 within (78.662217 total / 1.5732 average)
estimate time left: 0:09:18.486000
[04/02/2022, 18:47:45] (2489 / 2834) title: 33, abstract: 55, venue: 56, authors: 20, year: 53, n_citations: 28 within (99.642191 total / 1.6607 average)
estimate time left: 0:09:32.941500
[04/02/2022, 18:48:01] (2499 / 2834) title: 37, abstract: 63, venue: 65, authors: 23, year: 57, n_citations: 33 within (116.035656 total / 1.6577 average)
estimate time left: 0:09:15.329500
[04/02/2022, 18:48:21] (2509 / 2834) title: 43, abstract: 72, venue: 72, authors: 26, year: 64, n_citations: 37 within (135.835731 total / 1.6979 average)
estimate time left: 0:09:11.817500
[04/02/2022, 18:48:39] (2519 / 2834) title: 50, abstract: 82, venue: 81, authors: 31, year: 71, n_citations: 44 within (154.143058 total / 1.7127 average)
estimate time left: 0:08:59.500500
[04/02/2022, 18:48:55] (2529 / 2834) title: 54, abstract: 92, venue: 90, authors: 35, year: 81, n_citations: 48 within (169.486799 total / 1.6949 average)
estimate time left: 0:08:36.944500
[04/02/2022, 18:49:12] (2539 / 2834) title: 63, abstract: 102, venue: 98, authors: 38, year: 90, n_citations: 52 within (186.330734 total / 1.6939 average)
estimate time left: 0:08:19.700500
[04/02/2022, 18:49:25] (2549 / 2834) title: 69, abstract: 112, venue: 106, authors: 41, year: 98, n_citations: 55 within (199.686305 total / 1.6641 average)
estimate time left: 0:07:54.268500
[04/02/2022, 18:49:43] (2559 / 2834) title: 77, abstract: 122, venue: 116, authors: 42, year: 105, n_citations: 61 within (217.579309 total / 1.6737 average)
estimate time left: 0:07:40.267500
[04/02/2022, 18:49:57] (2569 / 2834) title: 83, abstract: 131, venue: 125, authors: 46, year: 114, n_citations: 65 within (232.150133 total / 1.6582 average)
estimate time left: 0:07:19.423000
[04/02/2022, 18:50:13] (2579 / 2834) title: 92, abstract: 141, venue: 135, authors: 53, year: 121, n_citations: 70 within (247.86391 total / 1.6524 average)
estimate time left: 0:07:01.362000
[04/02/2022, 18:50:26] (2589 / 2834) title: 99, abstract: 151, venue: 144, authors: 54, year: 129, n_citations: 73 within (260.751784 total / 1.6297 average)
estimate time left: 0:06:39.276500
[04/02/2022, 18:50:40] (2599 / 2834) title: 105, abstract: 161, venue: 154, authors: 59, year: 138, n_citations: 77 within (275.19001 total / 1.6188 average)
estimate time left: 0:06:20.418000
[04/02/2022, 18:50:56] (2609 / 2834) title: 112, abstract: 170, venue: 163, authors: 63, year: 146, n_citations: 83 within (291.043409 total / 1.6169 average)
estimate time left: 0:06:03.802500
[04/02/2022, 18:51:14] (2619 / 2834) title: 118, abstract: 180, venue: 171, authors: 66, year: 155, n_citations: 91 within (308.878139 total / 1.6257 average)
estimate time left: 0:05:49.525500
[04/02/2022, 18:51:31] (2629 / 2834) title: 125, abstract: 189, venue: 179, authors: 67, year: 164, n_citations: 94 within (325.30967 total / 1.6265 average)
estimate time left: 0:05:33.432500
[04/02/2022, 18:51:47] (2639 / 2834) title: 132, abstract: 198, venue: 188, authors: 70, year: 172, n_citations: 98 within (341.815505 total / 1.6277 average)
estimate time left: 0:05:17.401500
[04/02/2022, 18:52:06] (2649 / 2834) title: 139, abstract: 208, venue: 197, authors: 74, year: 178, n_citations: 101 within (360.359659 total / 1.638 average)
estimate time left: 0:05:03.030000
[04/02/2022, 18:52:23] (2659 / 2834) title: 144, abstract: 217, venue: 206, authors: 77, year: 185, n_citations: 106 within (378.101605 total / 1.6439 average)
estimate time left: 0:04:47.682500
[04/02/2022, 18:52:42] (2669 / 2834) title: 152, abstract: 226, venue: 214, authors: 81, year: 193, n_citations: 111 within (396.811096 total / 1.6534 average)
estimate time left: 0:04:32.811000
[04/02/2022, 18:52:56] (2679 / 2834) title: 156, abstract: 236, venue: 222, authors: 84, year: 202, n_citations: 115 within (411.068893 total / 1.6443 average)
estimate time left: 0:04:14.866500
[04/02/2022, 18:53:12] (2689 / 2834) title: 159, abstract: 245, venue: 232, authors: 86, year: 209, n_citations: 118 within (426.289368 total / 1.6396 average)
estimate time left: 0:03:57.742000
[04/02/2022, 18:53:34] (2699 / 2834) title: 166, abstract: 254, venue: 241, authors: 94, year: 217, n_citations: 125 within (449.073316 total / 1.6632 average)
estimate time left: 0:03:44.532000
[04/02/2022, 18:53:50] (2709 / 2834) title: 172, abstract: 262, venue: 250, authors: 96, year: 225, n_citations: 130 within (464.360435 total / 1.6584 average)
estimate time left: 0:03:27.300000
[04/02/2022, 18:54:03] (2719 / 2834) title: 176, abstract: 272, venue: 258, authors: 98, year: 233, n_citations: 136 within (477.347355 total / 1.646 average)
estimate time left: 0:03:09.290000
[04/02/2022, 18:54:23] (2729 / 2834) title: 182, abstract: 282, venue: 265, authors: 101, year: 241, n_citations: 145 within (497.696584 total / 1.659 average)
estimate time left: 0:02:54.195000
[04/02/2022, 18:54:39] (2739 / 2834) title: 188, abstract: 290, venue: 275, authors: 107, year: 248, n_citations: 150 within (514.170032 total / 1.6586 average)
estimate time left: 0:02:37.567000
[04/02/2022, 18:54:54] (2749 / 2834) title: 196, abstract: 300, venue: 285, authors: 111, year: 256, n_citations: 154 within (528.645036 total / 1.652 average)
estimate time left: 0:02:20.420000
[04/02/2022, 18:55:13] (2759 / 2834) title: 201, abstract: 309, venue: 294, authors: 115, year: 264, n_citations: 159 within (547.320199 total / 1.6585 average)
estimate time left: 0:02:04.387500
[04/02/2022, 18:55:31] (2769 / 2834) title: 207, abstract: 319, venue: 304, authors: 118, year: 272, n_citations: 164 within (565.86412 total / 1.6643 average)
estimate time left: 0:01:48.179500
[04/02/2022, 18:55:50] (2779 / 2834) title: 212, abstract: 328, venue: 313, authors: 120, year: 280, n_citations: 171 within (584.452988 total / 1.6699 average)
estimate time left: 0:01:31.844500
[04/02/2022, 18:56:03] (2789 / 2834) title: 218, abstract: 338, venue: 323, authors: 123, year: 289, n_citations: 174 within (597.930614 total / 1.6609 average)
estimate time left: 0:01:14.740500
[04/02/2022, 18:56:18] (2799 / 2834) title: 224, abstract: 348, venue: 333, authors: 127, year: 296, n_citations: 180 within (612.992743 total / 1.6567 average)
estimate time left: 0:00:57.984500
[04/02/2022, 18:56:35] (2809 / 2834) title: 229, abstract: 356, venue: 341, authors: 133, year: 303, n_citations: 182 within (629.532307 total / 1.6567 average)
estimate time left: 0:00:41.417500
[04/02/2022, 18:56:52] (2819 / 2834) title: 231, abstract: 365, venue: 350, authors: 138, year: 310, n_citations: 187 within (646.629358 total / 1.658 average)
estimate time left: 0:00:24.870000
[04/02/2022, 18:57:09] (2829 / 2834) title: 238, abstract: 374, venue: 358, authors: 143, year: 318, n_citations: 194 within (663.651159 total / 1.6591 average)
estimate time left: 0:00:08.295500
[04/02/2022, 18:57:18] end anchor metrics witin 677.571573
