
Child #[10, 11]: psutil.Process(pid=15078, name='python', status='running', started='20:51:48'), affinity [10, 11]
Child #[10, 11]: Set my affinity to [10, 11], affinity now [10, 11]

[04/02/2022, 18:10:39] start anchor metrics
[04/02/2022, 18:10:45] start computing anchor from index: 2290 to 2747 with config: 0.9999 0.6
[04/02/2022, 18:10:57] (2299 / 2747) title: 10, abstract: 9, venue: 4, authors: 0, year: 7, n_citations: 6 within (12.199797 total / 1.22 average)
estimate time left: 0:09:06.560000
[04/02/2022, 18:11:11] (2309 / 2747) title: 20, abstract: 19, venue: 11, authors: 1, year: 16, n_citations: 9 within (26.252585 total / 1.3126 average)
estimate time left: 0:09:34.918800
[04/02/2022, 18:11:28] (2319 / 2747) title: 29, abstract: 29, venue: 17, authors: 3, year: 25, n_citations: 15 within (43.492183 total / 1.4497 average)
estimate time left: 0:10:20.471600
[04/02/2022, 18:11:41] (2329 / 2747) title: 39, abstract: 39, venue: 22, authors: 4, year: 33, n_citations: 18 within (56.287525 total / 1.4072 average)
estimate time left: 0:09:48.209600
[04/02/2022, 18:11:53] (2339 / 2747) title: 49, abstract: 49, venue: 26, authors: 4, year: 41, n_citations: 21 within (68.3295 total / 1.3666 average)
estimate time left: 0:09:17.572800
[04/02/2022, 18:12:07] (2349 / 2747) title: 59, abstract: 59, venue: 33, authors: 7, year: 49, n_citations: 26 within (82.264997 total / 1.3711 average)
estimate time left: 0:09:05.697800
[04/02/2022, 18:12:21] (2359 / 2747) title: 69, abstract: 69, venue: 41, authors: 10, year: 56, n_citations: 31 within (96.441101 total / 1.3777 average)
estimate time left: 0:08:54.547600
[04/02/2022, 18:12:33] (2369 / 2747) title: 79, abstract: 79, venue: 47, authors: 10, year: 66, n_citations: 33 within (108.314201 total / 1.3539 average)
estimate time left: 0:08:31.774200
[04/02/2022, 18:12:49] (2379 / 2747) title: 88, abstract: 88, venue: 56, authors: 12, year: 75, n_citations: 41 within (123.847994 total / 1.3761 average)
estimate time left: 0:08:26.404800
[04/02/2022, 18:13:03] (2389 / 2747) title: 98, abstract: 97, venue: 65, authors: 13, year: 84, n_citations: 46 within (137.916473 total / 1.3792 average)
estimate time left: 0:08:13.753600
[04/02/2022, 18:13:17] (2399 / 2747) title: 108, abstract: 106, venue: 73, authors: 14, year: 94, n_citations: 48 within (151.78228 total / 1.3798 average)
estimate time left: 0:08:00.170400
[04/02/2022, 18:13:29] (2409 / 2747) title: 118, abstract: 116, venue: 80, authors: 15, year: 102, n_citations: 50 within (163.807249 total / 1.3651 average)
estimate time left: 0:07:41.403800
[04/02/2022, 18:13:40] (2419 / 2747) title: 128, abstract: 126, venue: 86, authors: 16, year: 111, n_citations: 53 within (175.211343 total / 1.3478 average)
estimate time left: 0:07:22.078400
[04/02/2022, 18:13:55] (2429 / 2747) title: 138, abstract: 136, venue: 93, authors: 18, year: 120, n_citations: 57 within (190.574025 total / 1.3612 average)
estimate time left: 0:07:12.861600
[04/02/2022, 18:14:10] (2439 / 2747) title: 148, abstract: 145, venue: 98, authors: 19, year: 130, n_citations: 62 within (205.721066 total / 1.3715 average)
estimate time left: 0:07:02.422000
[04/02/2022, 18:14:24] (2449 / 2747) title: 158, abstract: 155, venue: 103, authors: 22, year: 139, n_citations: 66 within (218.938215 total / 1.3684 average)
estimate time left: 0:06:47.783200
[04/02/2022, 18:14:40] (2459 / 2747) title: 168, abstract: 165, venue: 111, authors: 24, year: 147, n_citations: 73 within (234.940696 total / 1.382 average)
estimate time left: 0:06:38.016000
[04/02/2022, 18:14:54] (2469 / 2747) title: 178, abstract: 174, venue: 118, authors: 25, year: 157, n_citations: 77 within (248.893934 total / 1.3827 average)
estimate time left: 0:06:24.390600
[04/02/2022, 18:15:05] (2479 / 2747) title: 188, abstract: 184, venue: 127, authors: 29, year: 164, n_citations: 83 within (260.586367 total / 1.3715 average)
estimate time left: 0:06:07.562000
[04/02/2022, 18:15:19] (2489 / 2747) title: 198, abstract: 194, venue: 134, authors: 29, year: 173, n_citations: 86 within (274.056143 total / 1.3703 average)
estimate time left: 0:05:53.537400
[04/02/2022, 18:15:33] (2499 / 2747) title: 208, abstract: 204, venue: 142, authors: 29, year: 181, n_citations: 90 within (288.105178 total / 1.3719 average)
estimate time left: 0:05:40.231200
[04/02/2022, 18:15:45] (2509 / 2747) title: 218, abstract: 213, venue: 148, authors: 30, year: 190, n_citations: 93 within (300.10362 total / 1.3641 average)
estimate time left: 0:05:24.655800
[04/02/2022, 18:15:57] (2519 / 2747) title: 228, abstract: 223, venue: 155, authors: 32, year: 199, n_citations: 96 within (312.491085 total / 1.3587 average)
estimate time left: 0:05:09.783600
[04/02/2022, 18:16:08] (2529 / 2747) title: 238, abstract: 232, venue: 163, authors: 33, year: 209, n_citations: 97 within (323.575276 total / 1.3482 average)
estimate time left: 0:04:53.907600
[04/02/2022, 18:16:18] (2539 / 2747) title: 248, abstract: 242, venue: 171, authors: 34, year: 218, n_citations: 100 within (333.467217 total / 1.3339 average)
estimate time left: 0:04:37.451200
[04/02/2022, 18:16:31] (2549 / 2747) title: 258, abstract: 252, venue: 178, authors: 34, year: 226, n_citations: 104 within (346.453911 total / 1.3325 average)
estimate time left: 0:04:23.835000
[04/02/2022, 18:16:45] (2559 / 2747) title: 268, abstract: 261, venue: 185, authors: 35, year: 235, n_citations: 108 within (360.033018 total / 1.3335 average)
estimate time left: 0:04:10.698000
[04/02/2022, 18:16:58] (2569 / 2747) title: 278, abstract: 270, venue: 189, authors: 37, year: 242, n_citations: 111 within (373.600528 total / 1.3343 average)
estimate time left: 0:03:57.505400
[04/02/2022, 18:17:14] (2579 / 2747) title: 288, abstract: 280, venue: 197, authors: 38, year: 252, n_citations: 115 within (388.88267 total / 1.341 average)
estimate time left: 0:03:45.288000
[04/02/2022, 18:17:27] (2589 / 2747) title: 298, abstract: 290, venue: 204, authors: 40, year: 261, n_citations: 118 within (402.465964 total / 1.3416 average)
estimate time left: 0:03:31.972800
[04/02/2022, 18:17:41] (2599 / 2747) title: 308, abstract: 300, venue: 211, authors: 44, year: 269, n_citations: 122 within (415.814159 total / 1.3413 average)
estimate time left: 0:03:18.512400
[04/02/2022, 18:17:53] (2609 / 2747) title: 317, abstract: 310, venue: 219, authors: 45, year: 278, n_citations: 126 within (428.513878 total / 1.3391 average)
estimate time left: 0:03:04.795800
[04/02/2022, 18:18:06] (2619 / 2747) title: 327, abstract: 319, venue: 226, authors: 47, year: 286, n_citations: 131 within (441.204164 total / 1.337 average)
estimate time left: 0:02:51.136000
[04/02/2022, 18:18:24] (2629 / 2747) title: 337, abstract: 329, venue: 233, authors: 50, year: 296, n_citations: 136 within (459.039618 total / 1.3501 average)
estimate time left: 0:02:39.311800
[04/02/2022, 18:18:37] (2639 / 2747) title: 347, abstract: 339, venue: 240, authors: 52, year: 304, n_citations: 142 within (471.783653 total / 1.348 average)
estimate time left: 0:02:25.584000
[04/02/2022, 18:18:51] (2649 / 2747) title: 357, abstract: 347, venue: 246, authors: 57, year: 314, n_citations: 147 within (486.307639 total / 1.3509 average)
estimate time left: 0:02:12.388200
[04/02/2022, 18:19:05] (2659 / 2747) title: 366, abstract: 356, venue: 254, authors: 60, year: 321, n_citations: 155 within (500.659219 total / 1.3531 average)
estimate time left: 0:01:59.072800
[04/02/2022, 18:19:18] (2669 / 2747) title: 375, abstract: 365, venue: 260, authors: 64, year: 330, n_citations: 158 within (513.554669 total / 1.3515 average)
estimate time left: 0:01:45.417000
[04/02/2022, 18:19:33] (2679 / 2747) title: 384, abstract: 373, venue: 266, authors: 64, year: 339, n_citations: 163 within (528.521853 total / 1.3552 average)
estimate time left: 0:01:32.153600
[04/02/2022, 18:19:49] (2689 / 2747) title: 393, abstract: 382, venue: 276, authors: 66, year: 347, n_citations: 168 within (544.163004 total / 1.3604 average)
estimate time left: 0:01:18.903200
[04/02/2022, 18:20:08] (2699 / 2747) title: 403, abstract: 389, venue: 285, authors: 68, year: 355, n_citations: 174 within (562.888749 total / 1.3729 average)
estimate time left: 0:01:05.899200
[04/02/2022, 18:20:21] (2709 / 2747) title: 412, abstract: 399, venue: 291, authors: 72, year: 362, n_citations: 178 within (576.564935 total / 1.3728 average)
estimate time left: 0:00:52.166400
[04/02/2022, 18:20:34] (2719 / 2747) title: 422, abstract: 409, venue: 299, authors: 73, year: 369, n_citations: 181 within (588.802251 total / 1.3693 average)
estimate time left: 0:00:38.340400
[04/02/2022, 18:20:46] (2729 / 2747) title: 432, abstract: 419, venue: 306, authors: 73, year: 379, n_citations: 183 within (601.226055 total / 1.3664 average)
estimate time left: 0:00:24.595200
[04/02/2022, 18:21:00] (2739 / 2747) title: 442, abstract: 429, venue: 313, authors: 74, year: 387, n_citations: 186 within (614.858472 total / 1.3664 average)
estimate time left: 0:00:10.931200
[04/02/2022, 18:21:10] end anchor metrics witin 630.707492
