Child #[10, 11]: psutil.Process(pid=3987, name='python', status='running', started='19:35:09'), affinity [10, 11]
Child #[10, 11]: Set my affinity to [10, 11], affinity now [10, 11]

[04/02/2022, 16:15:16] start computing sampling shap for range: [6, 8]
[04/02/2022, 16:15:47] computing sampling shap 460:470 within 31.2506 sec, 3.1251 on average
[04/02/2022, 16:15:47] instances left: 82
[04/02/2022, 16:15:47] estimating time left: 0:04:16.258200

[[-4.64169445e-01  5.15829604e+00 -2.92444024e-01  0.00000000e+00
   6.64177927e-01 -1.03129791e-01]
 [ 4.39803550e+00  2.06452727e+00 -3.14526428e-01  0.00000000e+00
  -4.16525394e-01  8.71933413e-02]
 [-2.06095611e+00 -4.16628604e+00  0.00000000e+00  0.00000000e+00
  -9.17568410e-01  2.24075865e-02]
 [-1.85534557e+00 -3.38826216e+00  9.18526697e+00  0.00000000e+00
  -8.29515116e-01  8.24304917e-03]
 [-1.92358794e+00 -3.89943252e+00 -3.96042879e-01  0.00000000e+00
  -8.44511589e-01  1.96045335e-01]
 [-8.13129787e-01  5.33983717e+00 -7.75721272e-02  0.00000000e+00
   3.16258716e-01 -1.15682510e-01]
 [-2.04357294e+00 -4.01754479e+00 -2.33199712e-01  0.00000000e+00
  -3.90122441e-01  1.61306859e-01]
 [-1.78272725e+00 -3.54690262e+00  9.29051522e+00  0.00000000e+00
  -8.01847923e-01 -2.19770883e-02]
 [-2.01541343e+00 -4.07530024e+00 -1.37011060e-01  0.00000000e+00
  -4.94550825e-01 -6.46073360e-02]
 [-1.81466951e+00 -4.17049637e+00 -1.66384834e-01  0.00000000e+00
  -4.09608141e-01  1.52073343e-02]]
[04/02/2022, 16:16:20] computing sampling shap 470:480 within 32.6204 sec, 3.1936 on average
[04/02/2022, 16:16:20] instances left: 72
[04/02/2022, 16:16:20] estimating time left: 0:03:49.939200

[[ 4.16147098 12.48056764 -0.08078194  0.          0.31714616 -0.10781115]
 [-1.90779561 -3.94964728 -0.31991353  0.          0.61243188 -0.03386493]
 [ 4.47949974  1.86378524 -0.20429932  0.         -0.29446513 -0.05716395]
 [-0.51628706 15.29305979  0.          0.         -0.46022445 -0.1531457 ]
 [-1.96588696 -3.87521625 -0.36736481  0.         -0.52954292 -0.0330701 ]
 [-1.890241   -4.13710344 -0.20505191  0.          0.68477716 -0.13213545]
 [-0.65742878  5.19190439 -0.07687771  0.         -0.73317725  0.34072542]
 [-1.97969283 -4.12054499 -0.13476885  0.         -0.95452976 -0.03594441]
 [-0.6965276   5.16649563 -0.07889546  0.         -0.36842495 -0.12786683]
 [ 4.27858108  1.87872934 -0.25487535  0.          0.98905771 -0.10046199]]
[04/02/2022, 16:16:52] computing sampling shap 480:490 within 32.4663 sec, 3.2113 on average
[04/02/2022, 16:16:52] instances left: 62
[04/02/2022, 16:16:52] estimating time left: 0:03:19.100600

[[ 4.26311581e+00  1.96743798e+00 -8.47988849e-02  0.00000000e+00
  -3.89199554e-01 -1.09023975e-01]
 [ 8.06611122e+00 -1.85371199e+00 -7.92893761e-02  0.00000000e+00
  -1.50712971e-01 -1.57894075e-01]
 [-2.02689843e+00 -3.99876534e+00 -2.32417551e-01  0.00000000e+00
   1.49112904e-03 -1.51218386e-01]
 [-1.73205333e+00 -3.50644906e+00  9.18707144e+00  0.00000000e+00
  -7.03986868e-01 -1.01745028e-01]
 [ 4.50648548e+00  1.90668751e+00 -2.05684854e-01  0.00000000e+00
  -5.53214934e-01 -1.13857869e-01]
 [ 4.38939834e+00  1.22000000e+01 -8.48920794e-02  0.00000000e+00
  -4.83894477e-01  1.74362020e-01]
 [ 8.75256979e+00 -3.49537252e+00  0.00000000e+00  0.00000000e+00
   9.40979511e-01 -1.05246795e-01]
 [-1.75566833e+00 -4.48126635e+00 -8.33249308e-02  0.00000000e+00
   3.43744545e-01 -6.93782593e-02]
 [-8.34399357e-01  5.51017796e+00 -2.84396746e-01  0.00000000e+00
   6.44576706e-01 -1.09584644e-01]
 [-2.01145118e+00 -3.97537798e+00 -2.84596425e-01  0.00000000e+00
   3.05457358e-01 -1.04988789e-01]]
[04/02/2022, 16:17:26] computing sampling shap 490:500 within 34.233 sec, 3.2644 on average
[04/02/2022, 16:17:26] instances left: 52
[04/02/2022, 16:17:26] estimating time left: 0:02:49.748800

[[-1.99112014 -3.97972125 -0.28554452  0.         -0.35291803  0.23575341]
 [ 4.15950503  2.1054979  -0.21956612  0.          0.87027579 -0.12468177]
 [ 4.09149692  2.13232365 -0.1602116   0.          0.84434884 -0.1169272 ]
 [ 4.3868823   1.89944629 -0.08426635  0.         -0.15332076 -0.06155327]
 [ 4.09832552  2.31989105 -0.19197947  0.         -0.29753676 -0.03934518]
 [ 4.25040672  2.09285571 -0.21721989  0.          0.79586792 -0.13087973]
 [-2.10001132  6.32150817 -0.08264325  0.          0.74006539 -0.10602536]
 [-0.99575259  5.57452012 -0.07680322  0.         -0.38562708  0.09470023]
 [-1.99216368 -4.13049145 -0.13688986  0.         -0.14613464  0.09129331]
 [-2.04122675 -3.98780926 -0.16525104  0.         -0.44786016  0.38459738]]
[04/02/2022, 16:17:59] computing sampling shap 500:510 within 32.4756 sec, 3.261 on average
[04/02/2022, 16:17:59] instances left: 42
[04/02/2022, 16:17:59] estimating time left: 0:02:16.962000

[[ 8.35523631  8.13866312 -0.13123842  0.          0.74485452 -0.01682754]
 [-1.98553582 -4.14593075 -0.1998331   0.          0.36609081 -0.10574839]
 [-2.10111192 -3.92167461 -0.29391837  0.          0.34657395 -0.13455159]
 [-1.83784633 -4.25938189 -0.13741149  0.          0.01268835 -0.01656331]
 [-0.78810322  5.30905307 -0.07698485  0.         -0.65106156 -0.04761656]
 [-1.84402803 -3.87606615 -0.47069336  0.         -0.96589428  0.38871232]
 [-1.82948111 -3.9794244  -0.32035714  0.         -0.30557646 -0.19030179]
 [-1.93314368 -4.12991629 -0.15874989  0.         -0.39962795  0.02809413]
 [-2.07299158  6.28721821 -0.08143011  0.         -0.39619089 -0.10181155]
 [-2.17602455 -3.85561213 -0.26011952  0.         -0.3907693  -0.04060352]]
[04/02/2022, 16:18:32] computing sampling shap 510:520 within 32.9816 sec, 3.2672 on average
[04/02/2022, 16:18:32] instances left: 32
[04/02/2022, 16:18:32] estimating time left: 0:01:44.550400

[[ 4.12958629  2.11145733 -0.08184344  0.         -0.42346353  0.05926008]
 [ 8.35200353 -1.97164525 -0.26243768  0.         -0.13829442 -0.09488175]
 [-1.79510058 -4.10498671 -0.34102852  0.         -0.47434162 -0.09991538]
 [ 4.13401959  2.07161543 -0.08286557  0.          0.31838464  0.21224055]
 [-1.84184688 -4.26178236 -0.26562617  0.         -0.59576843 -0.03216943]
 [-0.69845818  5.42519424 -0.20576942  0.         -0.36974372 -0.17582444]
 [ 4.46464243  1.80534544 -0.22507836  0.          0.4615838   0.06712076]
 [-2.04156196 -4.03311277 -0.0815926   0.          0.19792643 -0.08755258]
 [-0.82241301  5.58266106 -0.18715579  0.         -0.85365167  0.06579623]
 [-2.22946971 -4.01999283  0.          0.         -0.47022224 -0.05139586]]
[04/02/2022, 16:19:05] computing sampling shap 520:530 within 33.2967 sec, 3.2762 on average
[04/02/2022, 16:19:05] instances left: 22
[04/02/2022, 16:19:05] estimating time left: 0:01:12.076400

[[ 4.26580069e+00  1.21069938e+01 -6.80658080e-04  0.00000000e+00
   7.10246568e-01 -9.48735357e-02]
 [ 4.32950311e+00  1.79713700e+00 -6.07933089e-04  0.00000000e+00
   1.56363597e-01 -1.60383035e-02]
 [-1.97600027e+00 -4.11563603e+00 -2.07451294e-01  0.00000000e+00
  -8.05580068e-01 -1.02399242e-01]
 [-1.81544254e+00 -4.19788813e+00 -2.09208258e-01  0.00000000e+00
  -4.13956119e-01  2.32080151e-01]
 [-1.90759102e+00 -4.23907720e+00 -1.30243043e-01  0.00000000e+00
  -3.41923617e-01  1.94191007e-01]
 [-1.99764037e+00 -3.96069755e+00 -2.89274207e-01  0.00000000e+00
  -4.55867200e-01 -5.90246921e-02]
 [ 4.22142463e+00  2.23381784e+00 -3.09394286e-01  0.00000000e+00
  -1.66673877e-01  3.22996432e-01]
 [-6.06403669e-01  4.96425815e+00  0.00000000e+00  0.00000000e+00
  -2.85390651e-01 -9.70650167e-02]
 [-6.32932059e-01  5.31097945e+00 -2.99428027e-01  0.00000000e+00
   6.64668620e-01 -5.44370363e-02]
 [-2.06666077e+00 -4.16278846e+00  0.00000000e+00  0.00000000e+00
   9.00936961e-03 -1.80750985e-02]]
[04/02/2022, 16:19:37] computing sampling shap 530:540 within 32.1427 sec, 3.2685 on average
[04/02/2022, 16:19:37] instances left: 12
[04/02/2022, 16:19:37] estimating time left: 0:00:39.222000

[[-2.05769687 -4.126659   -0.07915843  0.         -0.14947899  0.05802735]
 [-0.86587129  5.28484779  0.          0.          0.63592954 -0.0660552 ]
 [-2.06001788 -3.93280894 -0.24861623  0.          0.6620121  -0.10032373]
 [-2.02818085 -3.90874771 -0.30924861  0.         -0.49327544 -0.03924169]
 [-1.97782757 -4.04301598 -0.20151133  0.          0.62847559 -0.06116006]
 [-1.9407966  -4.22425283  0.          0.         -0.74895697  0.25350003]
 [-2.10086962 -3.93755563 -0.13790476  0.         -0.44594725 -0.03815176]
 [-1.86556308 -3.99834772 -0.25524711  0.          0.98833997 -0.09912073]
 [-2.20535677 -4.01352685 -0.08026316  0.         -0.26052164  0.13226592]
 [ 3.82725024  1.84684841 -0.24729878  0.          0.81640094  0.01310347]]
[04/02/2022, 16:20:13] computing sampling shap 540:550 within 35.8009 sec, 3.3031 on average
[04/02/2022, 16:20:13] instances left: 2
[04/02/2022, 16:20:13] estimating time left: 0:00:06.606200

[[-2.19260445e+00 -3.88004955e+00 -1.96705723e-01  0.00000000e+00
   9.78382526e-02  4.40963875e-01]
 [ 4.18776564e+00  2.22083195e+00 -3.96943095e-01  0.00000000e+00
  -7.03573818e-01  6.91818762e-04]
 [-2.11096922e+00 -3.86898309e+00 -2.83520318e-01  0.00000000e+00
   2.91047536e-01 -9.85323541e-02]
 [-6.41390924e-01  5.22955301e+00 -1.15064748e-01  0.00000000e+00
  -4.09233162e-01  1.00514039e-01]
 [-6.16142031e-01  5.09992467e+00  0.00000000e+00  0.00000000e+00
   5.63872065e-01 -8.49244714e-02]
 [-1.92629223e+00 -4.17080001e+00 -8.13732779e-02  0.00000000e+00
   1.07731996e+00 -1.28792792e-01]
 [-5.46151109e-01  6.03593869e+00  9.31467095e+00  0.00000000e+00
  -4.41554789e-01  3.64428973e-01]
 [-2.05764930e+00 -3.92487442e+00 -1.87799224e-01  0.00000000e+00
  -3.70244698e-01  1.63470982e-01]
 [ 4.18606135e+00  2.14555738e+00 -2.93702891e-01  0.00000000e+00
   8.57205069e-01 -1.04090470e-01]
 [ 4.43688249e+00  1.78760903e+00  0.00000000e+00  0.00000000e+00
   7.05819402e-02 -5.50976605e-02]]
[04/02/2022, 16:20:13] finish computing sampling shap for range: [6, 8] within 297.2804 sec
