Child #[4, 5]: psutil.Process(pid=4544, name='python', status='running', started='03:30:00'), affinity [4, 5]
Child #[4, 5]: Set my affinity to [4, 5], affinity now [4, 5]

[03/30/2022, 05:54:10] start computing sampling shap for range: [3, 8]
[03/30/2022, 05:54:48] computing sampling shap 524:534 within 37.9194 sec, 3.792 on average
[03/30/2022, 05:54:48] instances left: 252
[03/30/2022, 05:54:48] estimating time left: 0:15:55.584000

[[-0.25959154  5.07248335 -0.64179503  0.          1.06566797 -0.11786477]
 [-0.03911292  4.82468457 -0.59762726  0.          0.76375912 -0.10462992]
 [-0.30858803  5.13367965 -0.59773168  0.          1.02464589 -0.1025108 ]
 [-0.34405997  5.06929939 -0.43370696  0.          0.65400822 -0.16240993]
 [-0.43430325 -5.22233017 -0.76511842  0.          0.43415253 -0.17338915]
 [-0.61825632 -5.32281247 -0.49183526  0.         -0.36309429 -0.17334826]
 [-0.12863199 14.84289027 -0.0779048   0.          0.30042045  0.23120535]
 [-0.09842419  4.97614514 -0.67144843  0.          0.72253207 -0.03971376]
 [-0.47781079 -5.22658209 -0.6582575   0.         -0.80431787  0.54001384]
 [-0.7228595  -4.89746054 -0.72730633  0.         -0.41996432  0.11157595]]
[03/30/2022, 05:55:25] computing sampling shap 534:544 within 37.8685 sec, 3.7895 on average
[03/30/2022, 05:55:25] instances left: 242
[03/30/2022, 05:55:25] estimating time left: 0:15:17.059000

[[-0.69514246 -5.14145571 -0.56099429  0.          0.07463788 -0.15288335]
 [-0.09150735  5.1002011  -0.62940951  0.          0.57789615 -0.13622777]
 [-0.15902777 -5.11126855  9.05107626  0.         -0.95779685  0.30427816]
 [-0.22672895 -5.4935549  -0.76674637  0.          0.46695987 -0.11585428]
 [-0.51684564 -4.92130844 -0.9279742   0.          0.38213304  0.17842451]
 [ 4.16414649  2.20647145 -0.58090314  0.         -0.90484454 -0.01627027]
 [-0.2469455   5.0170089  -0.597398    0.         -0.3441495  -0.11218021]
 [-0.13618042 14.95526561 -0.24564786  0.         -0.18250508  1.11813525]
 [-0.61928788 -5.27248902 -0.53682674  0.         -0.37485478 -0.1783988 ]
 [-0.78334985 -5.10903803 -0.54345457  0.          0.67652185  0.48662532]]
[03/30/2022, 05:56:09] computing sampling shap 544:554 within 43.4896 sec, 3.976 on average
[03/30/2022, 05:56:09] instances left: 232
[03/30/2022, 05:56:09] estimating time left: 0:15:22.432000

[[-0.23869987 -2.91562843  7.00266938  0.         -0.44092621 -0.16557808]
 [-0.60154279 -5.01144497 -0.69342076  0.          0.28226765  0.21856976]
 [-0.78659475 -5.00225765 -0.76559984  0.          0.9114881  -0.15856707]
 [-0.5379118  -5.17163859 -0.6206223   0.         -0.64105318  0.31297102]
 [-0.26389621 -5.41097123 -0.90023181  0.         -0.22916412 -0.16632431]
 [-0.08170216  5.3125975   9.37572098  0.         -0.24068853  0.12830899]
 [-0.07284255  2.58595436 11.89917702  0.         -0.19371126  0.05830453]
 [-0.81633512 -5.02763253 -0.62056074  0.         -0.94606784 -0.09368744]
 [-0.15703287  4.90485737 -0.52572721  0.         -0.28076738 -0.10118128]
 [-0.59281937 -5.43622329 -0.38958502  0.         -0.57149517  0.04509482]]
[03/30/2022, 05:56:49] computing sampling shap 554:564 within 40.0869 sec, 3.9842 on average
[03/30/2022, 05:56:49] instances left: 222
[03/30/2022, 05:56:49] estimating time left: 0:14:44.492400

[[-0.49303007 -5.15346196 -0.79845541  0.         -0.27227444 -0.1406289 ]
 [-0.41039049  5.13379351 -0.63538319  0.         -0.61467859  0.44585997]
 [-0.53927666 -5.32730857 -0.51679725  0.         -0.09615423  0.01178031]
 [-0.07662295  4.79221442 -0.38543595  0.         -0.3711842  -0.17129492]
 [-0.14912457  4.674623   -0.25071379  0.         -0.34507995  0.22927246]
 [-0.78406378 -5.04311436 -0.70587645  0.         -0.91432614 -0.05322631]
 [-0.16553356  4.87005487 -0.44673959  0.         -0.26501636 -0.16953653]
 [-0.11807331  5.0245978  -0.67761322  0.          0.3967011  -0.05267912]
 [-0.23686146  5.19549846 -0.63755119  0.         -0.69508232  0.12501289]
 [-0.17155307  5.13689221 -0.61289718  0.          0.30953134 -0.05425574]]
[03/30/2022, 05:57:29] computing sampling shap 564:574 within 40.0276 sec, 3.988 on average
[03/30/2022, 05:57:29] instances left: 212
[03/30/2022, 05:57:29] estimating time left: 0:14:05.456000

[[-0.71956984 -4.8772976  -0.73703994  0.          0.71065959 -0.05186897]
 [-0.28290909  4.84306079 -0.34771157  0.         -0.49194159  0.04198001]
 [-0.45372216 -2.77581558 17.6873146   0.          0.18695759 -0.02551339]
 [-0.61751377 -5.1537135  -0.63140034  0.         -0.10424904 -0.14989615]
 [-0.64511601 -5.37746039 -0.48202477  0.         -0.22112215  0.17674928]
 [-0.72343434 -5.16641981 -0.60354086  0.          0.16534936 -0.14779188]
 [-0.06981305  4.80290852 -0.52881169  0.         -0.25879722  0.30629538]
 [-0.24693769  4.86153733 -0.31339665  0.         -0.41591382  0.13428271]
 [-0.09595886 14.9282819  -0.29427107  0.          0.75232301 -0.05786062]
 [-0.58414262 -5.29040079 -0.44463097  0.          0.35831227  0.22942785]]
[03/30/2022, 05:58:11] computing sampling shap 574:584 within 42.251 sec, 4.0276 on average
[03/30/2022, 05:58:11] instances left: 202
[03/30/2022, 05:58:11] estimating time left: 0:13:33.575200

[[-0.33956051  5.0427296  -0.45805965  0.          0.73243525 -0.15659229]
 [ 4.30477341  1.96706867 -0.47152212  0.         -0.01131142  0.0489199 ]
 [-0.39492305  4.86913876 -0.41699634  0.         -0.54771665  0.41417916]
 [-0.29337496  4.91309341 -0.36323133  0.          0.07909892  0.28349582]
 [ 4.09818262  2.22506373 -0.53296228  0.          0.8933313  -0.12911182]
 [-0.18886356  4.87400742 -0.56551583  0.          1.08948768 -0.09021551]
 [-0.29991634 -5.11752621 -0.85976228  0.         -1.28467938 -0.14934909]
 [-0.25336573  5.04301089 -0.49284704  0.         -0.39813053  0.06617717]
 [-0.17607052  5.07025092 -0.62849093  0.         -0.36554557 -0.1319968 ]
 [-0.56477284 -5.09489792 -0.79062635  0.         -0.07567004 -0.16549446]]
[03/30/2022, 05:58:53] computing sampling shap 584:594 within 41.3053 sec, 4.0423 on average
[03/30/2022, 05:58:53] instances left: 192
[03/30/2022, 05:58:53] estimating time left: 0:12:56.121600

[[-0.81389797 -4.8420971  -0.66109503  0.          1.15174757 -0.08431876]
 [-0.11729089 15.09132281 -0.32803124  0.         -0.38033078 -0.15163392]
 [-0.15752114  4.86760929 -0.41468236  0.          0.98570499 -0.13161584]
 [-0.661984   -4.7729588  -0.90584246  0.          0.7132071  -0.17395319]
 [-0.54082506 -5.29273838 -0.5993014   0.         -0.41697091 -0.13202154]
 [-0.10277832  4.76314363 -0.43607199  0.          0.71460845 -0.11794907]
 [-0.18674941  4.81972593 -0.40121475  0.          1.03944297 -0.15230444]
 [-0.40983376 -5.38423805 -0.71275984  0.          0.87095292 -0.16565232]
 [-0.27840548 -5.34362902 -0.74287729  0.          0.71139691 -0.03530565]
 [-0.15999878  4.85193835 -0.39772521  0.         -0.37398235 -0.12087364]]
[03/30/2022, 05:59:33] computing sampling shap 594:604 within 40.368 sec, 4.0416 on average
[03/30/2022, 05:59:33] instances left: 182
[03/30/2022, 05:59:33] estimating time left: 0:12:15.571200

[[-0.10450232  4.75611877 -0.40994968  0.          1.05361637 -0.1763827 ]
 [-0.65158845 -5.36498328 -0.27390305  0.          0.33286774  0.2261729 ]
 [-0.49296755 -5.20635877 -0.69656103  0.         -1.25266629  0.26270491]
 [-0.58223888 -5.02463802 -0.72391474  0.          0.71342828 -0.18416799]
 [-0.51854025 -4.94569537 -0.77645942  0.          1.09384384 -0.16341081]
 [-0.61982535  4.80330676 -0.19981433  0.         -0.08296455  0.01858854]
 [-0.69877371 -5.03528952 -0.69476758  0.          0.39317702 -0.12533499]
 [-0.71727222 -4.77874809 -0.82907173  0.          1.16522273 -0.13395949]
 [-0.77761489 -4.93476561 -0.66819435  0.          0.73654097 -0.15749766]
 [ 4.45322611  1.71342455 -0.4664621   0.         -0.34322651  0.36704058]]
[03/30/2022, 06:00:14] computing sampling shap 604:614 within 40.7843 sec, 4.0457 on average
[03/30/2022, 06:00:14] instances left: 172
[03/30/2022, 06:00:14] estimating time left: 0:11:35.860400

[[-7.12432002e-02  4.81597110e+00 -4.79175382e-01  0.00000000e+00
  -3.50533377e-01  1.04552864e-01]
 [-3.96469836e-01 -5.10717753e+00 -7.55701643e-01  0.00000000e+00
   6.73516625e-01 -1.18162755e-01]
 [-2.36896389e-01  5.08022739e+00 -6.68853352e-01  0.00000000e+00
  -1.99865568e-01  5.96015351e-01]
 [-5.92348522e-01 -5.24291720e+00 -3.98673396e-01  0.00000000e+00
   2.58156319e-01 -2.18931353e-01]
 [-2.89087125e-01  4.68225428e+00 -2.15752303e-01  0.00000000e+00
  -2.65971156e-01  2.67523418e-01]
 [-9.54300767e-02  1.50310224e+01 -3.40171567e-01  0.00000000e+00
   9.39268543e-01 -1.19128967e-01]
 [-2.30070939e-01  4.48177814e+00  0.00000000e+00  0.00000000e+00
  -2.61343184e-01 -3.81045988e-04]
 [-4.68173861e-01  4.94417337e+00 -4.83292687e-01  0.00000000e+00
   7.72839235e-01 -6.06872795e-02]
 [-2.26849618e-01 -5.30273239e+00 -7.94294186e-01  0.00000000e+00
  -7.82707219e-01 -2.25421332e-01]
 [-7.03557691e-01 -4.94327396e+00 -6.87933441e-01  0.00000000e+00
   3.25628604e-02 -5.04135344e-02]]
[03/30/2022, 06:00:52] computing sampling shap 614:624 within 38.1716 sec, 4.0229 on average
[03/30/2022, 06:00:52] instances left: 162
[03/30/2022, 06:00:52] estimating time left: 0:10:51.709800

[[-2.42716008e-01  4.92838242e+00 -3.70505622e-01  0.00000000e+00
  -4.20499028e-01 -9.53037302e-02]
 [-2.41014209e-01  4.95079937e+00 -5.26981362e-01  0.00000000e+00
   7.43138126e-01 -1.42810799e-01]
 [-5.87533105e-02  7.68823674e+00  6.98868100e+00  0.00000000e+00
  -5.93584087e-01 -7.72743310e-02]
 [-5.93167662e-01 -5.16513971e+00 -6.11579161e-01  0.00000000e+00
  -7.72597356e-01  5.07776461e-01]
 [-7.37108776e-01 -4.68942040e+00 -7.99824000e-01  0.00000000e+00
   1.03897084e+00 -1.29559358e-01]
 [-1.34664426e-01  4.79151109e+00 -5.03475725e-01  0.00000000e+00
   1.92100656e-01  7.20597005e-03]
 [-4.33424800e-01 -5.23389722e+00 -6.81486584e-01  0.00000000e+00
  -1.63384092e-01  5.83579010e-01]
 [-4.78844428e-01 -5.20296236e+00 -6.86183230e-01  0.00000000e+00
   4.84781449e-02 -1.56326269e-01]
 [-3.34608446e-01 -5.19996474e+00 -8.11657436e-01  0.00000000e+00
  -4.76632951e-01 -8.38166907e-02]
 [ 4.25242144e+00  1.93162753e+00 -3.54874161e-01  0.00000000e+00
  -1.29868438e-01 -1.99797997e-02]]
[03/30/2022, 06:01:32] computing sampling shap 624:634 within 40.4061 sec, 4.0245 on average
[03/30/2022, 06:01:32] instances left: 152
[03/30/2022, 06:01:32] estimating time left: 0:10:11.724000

[[-0.26528215  2.35179097  2.19490746  0.         -0.15505338 -0.19687066]
 [-0.67380709 -5.12220118 -0.61147123  0.         -0.33502629  0.10460327]
 [-0.65963957 -5.05299628 -0.6842977   0.         -0.62387568 -0.17414325]
 [-0.06801871  4.95842093 -0.49896569  0.         -0.37318385 -0.21567842]
 [ 3.30489539  1.15881499  1.36662195  0.          0.51436823 -0.08474026]
 [-0.02713079  4.96983292 -0.56925541  0.         -0.46379279  0.24465315]
 [-0.55005202 -5.14321917 -0.63218209  0.          0.72038423 -0.19646224]
 [-0.19054032  5.06209509 -0.53759383  0.          0.90962814 -0.12468901]
 [-0.24035247  5.06532725 -0.48354601  0.         -0.20467823 -0.2072589 ]
 [-0.15979663  4.83336896 -0.43888153  0.          0.39705636 -0.01152088]]
[03/30/2022, 06:02:16] computing sampling shap 634:644 within 43.7917 sec, 4.0541 on average
[03/30/2022, 06:02:16] instances left: 142
[03/30/2022, 06:02:16] estimating time left: 0:09:35.682200

[[-0.65833751 -5.1434503  -0.61357393  0.          1.23759104 -0.11605765]
 [-0.76995208 -4.93747792 -0.62372391  0.          1.09959869  0.04524303]
 [-0.59046789 -5.45393713 -0.41193341  0.          0.44265386 -0.14730401]
 [-0.14784652  4.97524734 -0.57324866  0.          0.69378133 -0.04156323]
 [-0.4233327  -5.4281831  -0.55826643  0.          0.75140266 -0.04561534]
 [-0.35786979  4.989712   -0.38150865  0.          0.39234649 -0.02245408]
 [-0.20983184  5.03090652 -0.59794516  0.          1.06510924 -0.10633853]
 [-0.55882212 -5.49399546 -0.38018869  0.         -0.3794429   0.33744672]
 [ 2.72578237  1.59381285 11.76207862  0.         -0.05606824 -0.09311406]
 [-0.0678968   4.92770823 -0.64564983  0.          1.03292992 -0.12819108]]
[03/30/2022, 06:02:57] computing sampling shap 644:654 within 40.5207 sec, 4.054 on average
[03/30/2022, 06:02:57] instances left: 132
[03/30/2022, 06:02:57] estimating time left: 0:08:55.128000

[[-0.65921286  5.0464793  -0.26249004  0.         -0.36733194 -0.1935022 ]
 [-0.07606191  5.12397185 -0.78789572  0.         -0.34903165 -0.14283535]
 [-0.68188835 -5.1731872  -0.4876213   0.         -0.89865843 -0.10152035]
 [-0.62723758 -4.80953854 -0.88870337  0.          0.3455519   0.25958933]
 [-0.29305785  5.10237773 -0.51492192  0.          0.63165027 -0.07897516]
 [-0.22854775  5.11619137 -0.56200643  0.         -0.44365207 -0.11056783]
 [-0.31621111  4.89472377 -0.385988    0.          1.04571525 -0.11933948]
 [-0.61789313 -5.16442961 -0.62180261  0.         -0.30179266 -0.13882301]
 [-0.09551591  4.6742046  -0.32289528  0.         -0.93098328  0.03673772]
 [ 4.31206652  1.99471889 -0.41343349  0.          0.61413459 -0.0389421 ]]
[03/30/2022, 06:03:35] computing sampling shap 654:664 within 38.6376 sec, 4.0404 on average
[03/30/2022, 06:03:35] instances left: 122
[03/30/2022, 06:03:35] estimating time left: 0:08:12.928800

[[-0.7473549  -5.13482285 -0.5706122   0.         -0.53610557  0.27837741]
 [-0.45973325 -5.49503652 -0.41242028  0.          0.05652607 -0.02033548]
 [-0.11142217  5.01301331 -0.60222038  0.         -0.29195217  0.26262692]
 [-0.69727275 -5.03774218 -0.65004552  0.         -0.17508223 -0.09662997]
 [-0.78100563 -4.90726173 -0.63038004  0.         -0.88450627  0.15811738]
 [-0.04691287  4.88526393 -0.67129582  0.         -0.20147611 -0.11930771]
 [-0.70763363 -4.92053923 -0.76196962  0.         -0.14156409 -0.15975496]
 [-0.45604838 -5.1413296  -0.68274332  0.          1.07510355 -0.1119241 ]
 [-0.572325   -5.15019029 -0.64768037  0.          0.7566294  -0.18796502]
 [ 4.5126829   1.93876925 -0.56721865  0.          0.15104021 -0.03425867]]
[03/30/2022, 06:04:18] computing sampling shap 664:674 within 42.6304 sec, 4.0552 on average
[03/30/2022, 06:04:18] instances left: 112
[03/30/2022, 06:04:18] estimating time left: 0:07:34.182400

[[-0.1705746   5.07207151 -0.46483762  0.         -0.40000495  0.15219768]
 [-0.43131479 -5.48731452 -0.45001096  0.         -1.21139929  0.04672047]
 [-0.18608282  4.66550729 -0.40346308  0.         -0.13179362  0.07006303]
 [-0.12243981  4.8409916  -0.50120986  0.         -0.59443439  0.3527369 ]
 [-0.13696401 15.08825831 -0.37107832  0.          0.35968773 -0.06926762]
 [-0.57778971 -5.17127387 -0.59046366  0.         -0.41599849  0.37636398]
 [-0.63798457 -5.14636135 -0.62950341  0.          0.40307842 -0.15021801]
 [-0.47740318 -4.88946533  9.26547532  0.          1.15431957 -0.09677941]
 [ 9.05109545 -2.81319243 -0.57600359  0.         -0.72036218  0.19107022]
 [-0.29663837  0.24459886  4.25022475  0.          0.89620128  0.03853853]]
[03/30/2022, 06:04:56] computing sampling shap 674:684 within 37.9009 sec, 4.0387 on average
[03/30/2022, 06:04:56] instances left: 102
[03/30/2022, 06:04:56] estimating time left: 0:06:51.947400

[[-0.21268799 14.8820261  -0.32066005  0.          1.14494322 -0.13266539]
 [-0.35490011  5.00791362 -0.40534986  0.         -0.32220689 -0.09800919]
 [-0.53579418 -5.32325703 -0.48419903  0.         -0.56911794  0.42671338]
 [-0.41407424  5.0988626  -0.45606313  0.         -0.2887221   0.2189738 ]
 [-0.68263127 -4.89524346 -0.75408508  0.         -0.95901673  0.97011405]
 [-0.54112543 -5.45780889 -0.45919339  0.          0.45046456 -0.05547563]
 [-0.61016884 -5.115407   -0.58097231  0.         -0.42119669 -0.20346831]
 [-0.20024707  4.95960834 -0.56284289  0.         -0.23766437 -0.04822252]
 [-0.60008954 -4.94323246 -0.75463934  0.          1.1257997  -0.04015506]
 [-0.45210116 -5.27057994 -0.65404672  0.          0.7633189  -0.07541196]]
[03/30/2022, 06:05:35] computing sampling shap 684:694 within 39.1176 sec, 4.0312 on average
[03/30/2022, 06:05:35] instances left: 92
[03/30/2022, 06:05:35] estimating time left: 0:06:10.870400

[[-0.21288012 -5.37370012 -0.89031096  0.         -0.31331093 -0.10520826]
 [ 4.44353122  2.25051384 -0.77842484  0.          0.64809868 -0.14730891]
 [-0.62284598 -5.384288   -0.24265516  0.          1.10763845 -0.17479106]
 [ 4.32564535  1.79615893 -0.40180496  0.         -0.63343821  0.1093253 ]
 [-0.62996377 -4.88127329 -0.81891572  0.          0.31653502 -0.12230733]
 [-0.03325489  4.78511028 -0.57297234  0.         -0.82696274  0.40331443]
 [-0.28101149  4.9805112  -0.40437864  0.         -0.31491036  0.07122845]
 [-0.22397037  4.9408784  -0.54370457  0.          0.44024807  0.0236955 ]
 [-0.12646653  5.04317464 -0.63032447  0.         -0.30747623  0.26124092]
 [-0.65595872 -5.15026604 -0.65108197  0.         -0.9280888   0.15835758]]
[03/30/2022, 06:06:14] computing sampling shap 694:704 within 39.1588 sec, 4.0248 on average
[03/30/2022, 06:06:14] instances left: 82
[03/30/2022, 06:06:14] estimating time left: 0:05:30.033600

[[ 3.880629    2.01687787 -0.23506414  0.         -0.77583134 -0.13195781]
 [-0.25462122  5.00270065 -0.4962502   0.         -0.3203565  -0.19349432]
 [-0.84922443 -4.84481366 -0.72151277  0.         -0.8554933  -0.10115911]
 [-0.34348327 -5.33335378 -0.67393595  0.          0.3388757  -0.02908814]
 [-0.61507679 -5.23810729 -0.45718604  0.         -0.55030415  0.87402412]
 [-0.2913529   4.99225088 -0.48652425  0.          0.74172145 -0.07180744]
 [-0.44567763  5.34230331 -0.66630262  0.         -0.58191199 -0.04490219]
 [-0.28007077  4.92981025 -0.40434259  0.          0.69197798 -0.04828399]
 [-0.17806454  4.98549742 -0.6103788   0.         -0.07226893 -0.02020062]
 [-0.28117227  4.98051007 -0.41229912  0.         -0.31503368  0.44792123]]
[03/30/2022, 06:06:56] computing sampling shap 704:714 within 41.5752 sec, 4.0318 on average
[03/30/2022, 06:06:56] instances left: 72
[03/30/2022, 06:06:56] estimating time left: 0:04:50.289600

[[-0.78297867 -5.00075987 -0.69390583  0.         -0.13232146  0.47293039]
 [-0.58861916 -5.25663944 -0.43915846  0.          0.64539125 -0.03609087]
 [ 4.04377287  1.96212569 -0.48190681  0.         -0.55378248  0.44354059]
 [-0.45763604 -5.11778708 -0.64957765  0.         -0.77608401 -0.14899498]
 [-0.31340196  4.88950645 -0.51443004  0.          1.08199005 -0.11322476]
 [-0.16217977  4.90489727 -0.48310678  0.         -0.90828334  0.18822576]
 [ 3.98325702  2.18518527 -0.44219384  0.          0.01865589  0.10446249]
 [-0.30010193 -5.42773384 -0.66708975  0.          0.75858666 -0.16519225]
 [-0.64979912 -5.1570313  -0.53046342  0.          0.70309022 -0.16732763]
 [-0.58524471 -5.16101592 -0.56888623  0.          1.05616005  0.08532097]]
[03/30/2022, 06:07:38] computing sampling shap 714:724 within 42.101 sec, 4.0408 on average
[03/30/2022, 06:07:38] instances left: 62
[03/30/2022, 06:07:38] estimating time left: 0:04:10.529600

[[-0.52528211 -5.12941023 -0.73957695  0.          0.74219481  0.2080825 ]
 [-0.23132674  4.79700268 -0.31486571  0.          0.37830909  0.03765582]
 [-0.25273792  5.0552558  -0.62872801  0.         -0.17342593  0.05829991]
 [-0.51953157  4.74556449 -0.26063108  0.          0.7960042  -0.12235691]
 [ 4.59400021  2.16968118 -0.8924463   0.          0.6867369  -0.14156214]
 [ 4.19961913  1.77996205 -0.33153267  0.         -0.96626564  0.15902704]
 [-0.60106151 -5.11701867 -0.71935733  0.          0.43247857 -0.09482974]
 [-0.71897334 -5.20016796 -0.37932833  0.         -0.71737743 -0.09710236]
 [-0.17349819  4.9416009  -0.60287872  0.         -0.24701854 -0.17683567]
 [-0.65539786 -5.40735138 -0.37938452  0.          0.42039582 -0.11418691]]
[03/30/2022, 06:08:16] computing sampling shap 724:734 within 38.6123 sec, 4.0322 on average
[03/30/2022, 06:08:16] instances left: 52
[03/30/2022, 06:08:16] estimating time left: 0:03:29.674400

[[-0.543565   -5.44960218 -0.57341225  0.         -0.97505068 -0.08395946]
 [-0.24736677  5.20720571 -0.72073112  0.          0.35517157  0.33008999]
 [-0.18033833  4.66732053 -0.43000549  0.          1.21641809 -0.08638805]
 [-0.18906467  4.9218754  -0.50774173  0.          0.718186   -0.1601238 ]
 [-0.4349669  -5.29470239 -0.69590045  0.         -0.37587617  0.29389147]
 [-0.70121831 -5.27571634 -0.64444773  0.         -0.78744443 -0.15512916]
 [-0.23897578 -5.35724592 -0.76968677  0.          0.33534017 -0.03257044]
 [-0.49912489 -5.17714236 -0.70842139  0.          1.22983679 -0.1389765 ]
 [-0.3056487   4.69154702 -0.17827156  0.         -0.79579728  0.28924705]
 [-0.32243061  5.0365763  -0.45627114  0.          0.6686402  -0.02613737]]
[03/30/2022, 06:08:58] computing sampling shap 734:744 within 41.3463 sec, 4.0369 on average
[03/30/2022, 06:08:58] instances left: 42
[03/30/2022, 06:08:58] estimating time left: 0:02:49.549800

[[-6.33343104e-02 -5.63616227e+00 -7.30299897e-01  0.00000000e+00
  -1.08976648e+00 -1.51018706e-01]
 [-6.05118401e-01 -5.14664763e+00 -6.12352856e-01  0.00000000e+00
  -3.83192191e-01 -1.83902190e-01]
 [-6.01771975e-01 -5.14731671e+00 -5.90680137e-01  0.00000000e+00
   7.34500508e-01 -1.64518020e-01]
 [-6.06918244e-01 -5.01059891e+00  9.49577849e+00  0.00000000e+00
   3.62950249e-01 -1.19494304e-01]
 [ 4.25887841e+00  1.97462427e+00 -3.75210117e-01  0.00000000e+00
  -1.37392690e+00 -6.21525875e-02]
 [-3.55764514e-01  4.83142860e+00 -2.53950633e-01  0.00000000e+00
  -7.01421880e-01 -1.92507661e-01]
 [-2.59214069e-02  2.35470498e+00  1.21438532e+01  0.00000000e+00
  -2.28351246e-01  1.15903892e-02]
 [-3.01462446e-01  2.36376558e+00  2.12500631e+00  0.00000000e+00
  -2.62082259e-01  2.16748516e-01]
 [-5.98729871e-01  4.98830284e+00 -3.07172207e-01  0.00000000e+00
  -6.10205059e-01 -1.65642426e-01]
 [-7.59615926e-01 -4.78442435e+00 -7.59119827e-01  0.00000000e+00
  -3.97335784e-01 -1.81918258e-01]]
[03/30/2022, 06:09:38] computing sampling shap 744:754 within 40.1415 sec, 4.0359 on average
[03/30/2022, 06:09:38] instances left: 32
[03/30/2022, 06:09:38] estimating time left: 0:02:09.148800

[[-0.46789238 -5.17514402 -0.6919645   0.         -0.36303753 -0.11717812]
 [-0.51973372 -5.26531241 -0.49187004  0.         -0.2160349  -0.08795801]
 [-0.56885288  4.9829692  -0.38111837  0.         -0.89488857  0.20169612]
 [-0.6612733  -5.35192091 -0.36733677  0.         -0.44003648 -0.16128971]
 [ 3.98441541  2.35837499 -0.48277912  0.         -0.19331352 -0.13059454]
 [-0.21643295  5.0821183  -0.57004771  0.          0.36539593 -0.05331604]
 [-0.10706391  5.09496628 -0.60555636  0.         -0.98827009  0.60022851]
 [20.00937342 -2.47305684 -0.20520865  0.         -0.15140191  0.09445358]
 [-0.23765201  5.04091636 -0.54668563  0.         -0.18759393 -0.08190922]
 [-0.40470585 -5.27898989 -0.73833331  0.         -0.26849882 -0.02442758]]
[03/30/2022, 06:10:18] computing sampling shap 754:764 within 40.5205 sec, 4.0366 on average
[03/30/2022, 06:10:18] instances left: 22
[03/30/2022, 06:10:18] estimating time left: 0:01:28.805200

[[-0.47244042 -5.27826821 -0.67975     0.         -0.71709033  0.10950645]
 [-0.18534853 -5.03731126  8.9926765   0.         -0.25400662  0.35088713]
 [-0.4520175  -5.07687421 -0.8543114   0.          1.17875922 -0.11249781]
 [-0.67194583 -5.29302086 -0.46288234  0.          0.77666735 -0.11860481]
 [-0.75793964 -5.0533199  -0.50573072  0.         -0.38536919 -0.18803377]
 [-0.43707854 -4.98851337 -0.9268272   0.         -0.86682181  1.49463447]
 [-0.19679798  5.0387546  -0.63413006  0.         -0.27583417 -0.10023595]
 [-0.1922075   2.26123427  2.10676995  0.          0.76755616 -0.12240035]
 [ 3.28113706 11.37812392  1.52885247  0.         -0.33717772  0.11472868]
 [-0.27819348  4.90682391 -0.41491124  0.          0.76437712 -0.19496537]]
[03/30/2022, 06:10:59] computing sampling shap 764:774 within 40.0984 sec, 4.0355 on average
[03/30/2022, 06:10:59] instances left: 12
[03/30/2022, 06:10:59] estimating time left: 0:00:48.426000

[[-0.54448032 -5.03335345 -0.89576158  0.         -0.1866361   0.31694367]
 [-0.54318296 -5.29985738 -0.53063047  0.         -0.65296902 -0.03026347]
 [ 4.37853665  2.07439697 -0.67651325  0.         -0.24039445  0.20885657]
 [-0.42262841 -5.34680712 -0.63344894  0.          0.37812076  0.00589129]
 [-0.30855573 -5.3672654  -0.70485758  0.         -0.45113275 -0.14880472]
 [ 3.88618186  2.23639874 -0.22951402  0.         -0.32468564  0.0082912 ]
 [-0.52414141  4.96684191 -0.37424344  0.         -0.42192062  0.25452806]
 [-0.10181057  4.58147131 -0.28207587  0.         -0.29228739 -0.06514875]
 [-0.12834842  4.71701921 -0.37165022  0.         -0.33815886 -0.14088282]
 [-0.69939013 -5.16255886 -0.47889553  0.          0.33810221  0.39752562]]
[03/30/2022, 06:11:42] computing sampling shap 774:784 within 43.5895 sec, 4.048 on average
[03/30/2022, 06:11:42] instances left: 2
[03/30/2022, 06:11:42] estimating time left: 0:00:08.096000

[[-6.09971090e-01 -5.12831576e+00 -7.65098122e-01  0.00000000e+00
   1.32273631e+00 -7.89095697e-02]
 [-7.21291111e-01 -5.12229043e+00 -5.48675805e-01  0.00000000e+00
   3.46185535e-01 -1.14916641e-01]
 [-3.34191900e-02  2.50179288e+00  1.24261556e+01  0.00000000e+00
   6.13315283e-01 -6.45919909e-02]
 [-5.64207997e-01 -5.38355182e+00 -5.03233044e-01  0.00000000e+00
  -1.15300560e+00 -1.66676858e-01]
 [-2.99321482e-01  4.97979734e+00 -3.10610883e-01  0.00000000e+00
   2.50659240e-01  1.63137917e-01]
 [-5.56854630e-01 -5.10548938e+00 -7.27097144e-01  0.00000000e+00
  -9.99502823e-01 -1.75012005e-01]
 [-8.70393107e-02  4.86186562e+00 -5.15672092e-01  0.00000000e+00
   1.13312559e-01  9.71363420e-03]
 [-5.76422360e-01 -5.04709845e+00 -7.19072251e-01  0.00000000e+00
  -4.07594874e-01 -1.32226348e-01]
 [-2.22319016e-01  4.94240143e+00 -4.90890084e-01  0.00000000e+00
   6.78284702e-01 -1.24345896e-01]
 [-4.23096577e-02  4.84472336e+00 -5.27009107e-01  0.00000000e+00
  -3.15541538e-01  5.52397376e-01]]
[03/30/2022, 06:11:42] finish computing sampling shap for range: [3, 8] within 1052.476138 sec
