Child #[8, 9]: psutil.Process(pid=3952, name='python', status='running', started='19:35:05'), affinity [8, 9]
Child #[8, 9]: Set my affinity to [8, 9], affinity now [8, 9]

[04/02/2022, 16:08:53] start computing sampling shap for range: [5, 8]
[04/02/2022, 16:09:33] computing sampling shap 448:458 within 40.2889 sec, 4.0289 on average
[04/02/2022, 16:09:33] instances left: 102
[04/02/2022, 16:09:33] estimating time left: 0:06:50.947800

[[ 5.32160857  3.80499105 -0.52364731  0.          0.66916475 -0.12423444]
 [-0.38642889 -2.47847707 -0.48362755  0.          0.30462414  0.30931294]
 [-0.25104935  7.70590347 -0.37567562  0.          0.12358559 -0.07817133]
 [ 0.         -2.67905666  9.39661852  0.          0.13520587  0.493004  ]
 [-0.42629071 -2.50067396 -0.43907175  0.         -0.0563636  -0.15627933]
 [-0.08659893 -2.6553436   9.60147839  0.          0.30052119 -0.20102442]
 [-0.10383263  7.68582681 -0.48492121  0.          0.99068919 -0.04320463]
 [ 5.44769406  3.80216009 -0.64854931  0.          0.90496107 -0.14641479]
 [-0.37330141 -2.31225962 -0.64425338  0.         -0.83781489  0.26136661]
 [-0.0991401  -2.62663545 -0.6379943   0.         -0.44187858  0.03216283]]
[04/02/2022, 16:10:08] computing sampling shap 458:468 within 35.0875 sec, 3.7689 on average
[04/02/2022, 16:10:08] instances left: 92
[04/02/2022, 16:10:08] estimating time left: 0:05:46.738800

[[-0.22746611 -2.30460561 -0.74003936  0.          0.59211003 -0.22437176]
 [-0.03308259  3.36277918  3.80149879  0.          1.01709507 -0.15121369]
 [-0.28858099 -2.59584722 -0.49558462  0.         -0.02677491 -0.21665273]
 [-0.3902103  -2.3030355  -0.61206212  0.         -0.26599324  0.08748663]
 [-0.29609816 -2.45436014 -0.63546175  0.         -0.51066741 -0.18811119]
 [-0.30718374 -2.52543393 -0.58504469  0.          1.11665503 -0.11877585]
 [-0.28846754  7.98646059 -0.43937387  0.          0.47444536  0.04005552]
 [-0.33113428 -2.62897145 -0.5090375   0.         -1.02273174 -0.15345492]
 [-0.40135542 -2.36462665 -0.6429116   0.          0.29232304 -0.12219575]
 [-0.23586973 -2.57629357 -0.47067489  0.         -0.44323745  0.09440501]]
[04/02/2022, 16:10:45] computing sampling shap 468:478 within 36.5846 sec, 3.7321 on average
[04/02/2022, 16:10:45] instances left: 82
[04/02/2022, 16:10:45] estimating time left: 0:05:06.032200

[[-0.36219724 -2.43841351 -0.61695689  0.         -0.5037777  -0.1633535 ]
 [-0.47210452 -2.9150132   0.          0.         -0.39493111 -0.25200537]
 [-0.32983681 -2.41992898 -0.5444683   0.          0.20566102 -0.03314067]
 [-0.40848219 -2.40717297 -0.52427546  0.          1.08029201 -0.16014465]
 [-0.19268151 -2.62700087 -0.66984227  0.         -1.19558097 -0.02523555]
 [-0.0420113  -2.64414973 -0.66933396  0.          1.07156176 -0.05553146]
 [-0.24167873  7.80433692 -0.38367151  0.          0.59422689 -0.1365257 ]
 [-0.05961276 12.84247529  4.78809121  0.          0.65386063 -0.16971794]
 [-0.13319415 -1.3402165   8.46241716  0.         -0.23990626  0.3540733 ]
 [-0.25774063 -2.30543724  9.42993709  0.          1.12497816 -0.13311682]]
[04/02/2022, 16:11:23] computing sampling shap 478:488 within 38.3638 sec, 3.7582 on average
[04/02/2022, 16:11:23] instances left: 72
[04/02/2022, 16:11:23] estimating time left: 0:04:30.590400

[[-2.18355484e-01 -2.61042123e+00 -5.27366986e-01  0.00000000e+00
   1.07516940e+00 -1.38808942e-01]
 [-3.06026708e-01  7.84627672e+00 -4.18784218e-01  0.00000000e+00
  -1.10712559e+00 -2.47436313e-01]
 [-1.53201107e-01 -2.40068529e+00  9.55418846e+00  0.00000000e+00
  -2.64287472e-01  3.96209088e-01]
 [-1.19780276e-02 -2.84373479e+00 -5.40444217e-01  0.00000000e+00
  -1.07805124e+00  1.74568264e-01]
 [-1.51608394e-01  7.72830990e+00 -3.92760979e-01  0.00000000e+00
  -5.03447691e-01 -1.63789378e-01]
 [-1.82985115e-01  7.53317738e+00 -2.54850080e-01  0.00000000e+00
  -3.15723134e-01  1.30365592e-01]
 [-2.91379563e-02  7.33695904e+00 -2.13000580e-01  0.00000000e+00
   1.03274090e+00 -1.30484260e-01]
 [-3.63793961e-01 -2.48442542e+00 -5.29081449e-01  0.00000000e+00
  -4.79081951e-01 -6.10970362e-03]
 [-3.43526169e-01 -2.38007807e+00 -6.19195407e-01  0.00000000e+00
  -3.01674162e-01  3.94496233e-01]
 [-1.04308276e-01  7.79053810e+00 -3.42360546e-01  0.00000000e+00
   7.69436535e-01 -6.44696612e-02]]
[04/02/2022, 16:12:03] computing sampling shap 488:498 within 39.6784 sec, 3.8002 on average
[04/02/2022, 16:12:03] instances left: 62
[04/02/2022, 16:12:03] estimating time left: 0:03:55.612400

[[-2.26623937e-01 -2.27872943e+00 -7.48512841e-01  0.00000000e+00
  -5.79961182e-01  2.35631571e-01]
 [-1.35919797e-01  7.42703739e+00 -1.55302857e-01  0.00000000e+00
  -3.62138729e-01  1.36309019e-01]
 [-1.97376237e-01  7.86052210e+00 -5.49597364e-01  0.00000000e+00
   6.79189835e-01 -1.93871436e-01]
 [-2.83520682e-01 -2.39605015e+00 -6.92983297e-01  0.00000000e+00
   2.52088414e-01 -1.24828477e-03]
 [-3.74469501e-01 -2.36123620e+00 -6.87296505e-01  0.00000000e+00
  -1.28209171e+00 -6.63161864e-02]
 [-2.91003975e-01 -2.66107200e+00 -5.02628187e-01  0.00000000e+00
   7.09458577e-01 -5.54773631e-02]
 [-2.23346383e-01 -2.31339584e+00  9.51418937e+00  0.00000000e+00
   1.04388961e+00 -1.23336620e-01]
 [-3.71018269e-01 -2.39151494e+00 -6.09148317e-01  0.00000000e+00
   1.10209163e+00 -1.50193498e-01]
 [-3.32437735e-01 -2.29661026e+00  9.57160516e+00  0.00000000e+00
  -4.99257423e-02  1.27153863e-01]
 [-2.67226302e-01 -2.51499236e+00 -5.62709475e-01  0.00000000e+00
  -4.80481518e-01  1.03786705e-01]]
[04/02/2022, 16:12:40] computing sampling shap 498:508 within 37.2682 sec, 3.788 on average
[04/02/2022, 16:12:40] instances left: 52
[04/02/2022, 16:12:40] estimating time left: 0:03:16.976000

[[-0.32736639  7.86534685 -0.41308555  0.         -0.51901481 -0.21865985]
 [-0.1917168  -2.67819963 -0.57635633  0.          0.37456165 -0.09426916]
 [-0.42819384 -2.40807667 -0.46748832  0.         -0.90849276 -0.22259492]
 [-0.22184105 -2.39563101  9.52303714  0.         -1.2856766   0.12624084]
 [-0.36425277  7.88119172 -0.47399101  0.          0.42186069  0.1660421 ]
 [-0.41511263 -2.66465047 -0.37447312  0.          0.70195564 -0.12034706]
 [-0.19336134 -2.5057149  -0.76952976  0.         -0.39194316  0.17621906]
 [-0.30454064 -2.44649842 -0.51311781  0.         -0.39088718  0.30820513]
 [-0.25944936 -2.53331069 -0.46205117  0.          0.98142114 -0.14639342]
 [-0.41365419 -2.40676917 -0.54515503  0.         -0.44442297 -0.17423758]]
[04/02/2022, 16:13:20] computing sampling shap 508:518 within 39.8759 sec, 3.8165 on average
[04/02/2022, 16:13:20] instances left: 42
[04/02/2022, 16:13:20] estimating time left: 0:02:40.293000

[[-8.29520821e-02  7.85277185e+00  9.72593426e+00  0.00000000e+00
   2.09326075e-02 -4.19840125e-02]
 [-1.31001257e-01  7.81633471e+00 -5.35766123e-01  0.00000000e+00
   1.00338183e+00 -1.20992212e-01]
 [-2.90874482e-01 -2.64322956e+00 -6.33945167e-01  0.00000000e+00
   8.87226694e-01 -1.91804989e-01]
 [-3.49874061e-01 -2.28514995e+00 -7.52585635e-01  0.00000000e+00
  -1.54671051e-02 -3.07646170e-02]
 [-3.26147469e-01 -2.40937333e+00 -6.05660401e-01  0.00000000e+00
  -6.41875733e-04  1.75415815e-01]
 [-4.05345621e-01 -2.54448172e+00 -4.23847658e-01  0.00000000e+00
   6.24160864e-01 -4.21481864e-02]
 [-3.83089935e-01 -2.64756981e+00 -2.62839781e-01  0.00000000e+00
  -5.33329955e-01 -1.33862176e-01]
 [-3.48365346e-01 -2.33292246e+00 -6.72964973e-01  0.00000000e+00
  -3.63810838e-01 -1.99994356e-01]
 [-3.31533268e-01 -2.21566961e+00 -6.83272222e-01  0.00000000e+00
   9.74922832e-01 -1.64231156e-01]
 [-5.22241248e-01 -2.23281967e+00 -5.79849368e-01  0.00000000e+00
  -5.57909689e-01 -1.10327686e-01]]
[04/02/2022, 16:13:57] computing sampling shap 518:528 within 37.4022 sec, 3.807 on average
[04/02/2022, 16:13:57] instances left: 32
[04/02/2022, 16:13:57] estimating time left: 0:02:01.824000

[[-0.37521982 -2.70903969 -0.35010711  0.         -0.38936798 -0.24845332]
 [-0.08795635 -2.81032128 -0.46670384  0.         -0.47079715  0.09231647]
 [-0.12861779  7.78512968 -0.46344324  0.          0.54723643  0.03980078]
 [-0.29521412 -2.69457324 -0.3504814   0.         -0.53163082 -0.1263526 ]
 [-0.14180656 -2.50525911 -0.54612375  0.         -0.42583309 -0.22175008]
 [-0.44887193 -2.37825349 -0.39549819  0.         -1.42040957 -0.19799113]
 [-0.25531254  8.04769836 -0.55227119  0.         -0.21703241 -0.09452512]
 [-0.34656205 -2.70793346 -0.47448574  0.          0.42824787 -0.10189611]
 [-0.39425563 -2.26621972 -0.81441709  0.         -0.44184956 -0.16671606]
 [-0.01321011  7.73758234 -0.56696359  0.          0.94763936 -0.13856591]]
[04/02/2022, 16:14:33] computing sampling shap 528:538 within 35.2256 sec, 3.7754 on average
[04/02/2022, 16:14:33] instances left: 22
[04/02/2022, 16:14:33] estimating time left: 0:01:23.058800

[[-0.32386273 -2.42137887 -0.57533428  0.         -0.45830779 -0.23635042]
 [-0.11902302 -2.38666439 -0.86650151  0.         -0.26306712 -0.20551685]
 [-0.48356897 -2.44265347 -0.40857288  0.          1.05987018 -0.14485821]
 [-0.01577237 -2.81010345 -0.47890398  0.          0.22786469  0.27697269]
 [-0.17715415  7.77225315 -0.46338369  0.          0.31275722 -0.18406182]
 [-0.21389015 -2.65139254 -0.59739747  0.         -0.43042907 -0.1763609 ]
 [10.51478379 -1.56570309 -0.40519434  0.          0.39092243  0.12750216]
 [-0.27799667 -2.4091519  -0.65297049  0.         -0.95359628 -0.13538679]
 [-0.51425861 -2.36010992 -0.60389049  0.         -1.22268521 -0.05566529]
 [-0.3209141  -2.45484939 -0.59138827  0.          0.62034752 -0.0448581 ]]
[04/02/2022, 16:15:11] computing sampling shap 538:548 within 37.958 sec, 3.7775 on average
[04/02/2022, 16:15:11] instances left: 12
[04/02/2022, 16:15:11] estimating time left: 0:00:45.330000

[[-0.2741319  -2.41006187 -0.65671681  0.          1.08275356 -0.09434607]
 [-0.33159858 -2.63059816 -0.39348423  0.         -1.03318561  0.02428015]
 [-0.17426715  7.99158298 -0.65166111  0.         -0.35656451 -0.23118235]
 [-0.33205748  7.7445753  -0.41327609  0.         -0.19470299  0.51655144]
 [-0.04719832  7.71607262 -0.47710662  0.         -0.26376551 -0.2208972 ]
 [-0.24960018 -2.39600969 -0.71305289  0.         -0.43370029 -0.182051  ]
 [-0.37926172 -2.54776106 -0.60970414  0.          1.2828642  -0.16592029]
 [-0.53474581 -2.34508956 -0.51830645  0.          0.29914239  0.01064509]
 [-0.34385958 -2.45763648 -0.48869731  0.          1.03854798 -0.16813788]
 [-0.09793642 -2.64377194 -0.57445123  0.         -0.80165794 -0.09035981]]
[04/02/2022, 16:15:47] computing sampling shap 548:558 within 36.4134 sec, 3.7651 on average
[04/02/2022, 16:15:47] instances left: 2
[04/02/2022, 16:15:47] estimating time left: 0:00:07.530200

[[-0.40293217 -2.41859978 -0.60773532  0.         -0.50767193 -0.07439703]
 [-0.23383666  7.93790838 -0.58228349  0.          0.59588443  0.01141066]
 [-0.35692982 -2.247796   -0.80083509  0.          1.13966553 -0.15388783]
 [-0.44172924 -2.51270169 -0.47795917  0.         -0.44165739  0.14115484]
 [-0.33556226 -2.38769472 -0.61630635  0.         -0.42916158  0.30191899]
 [-0.26188632 -2.40240934 -0.62073501  0.          0.58272721 -0.10453319]
 [-0.15052767  8.01960443 -0.55516838  0.          0.16865154 -0.18213353]
 [-0.27919991 -2.66454153 -0.42422425  0.         -0.48586553 -0.21687938]
 [-0.37222664 -2.29546951 -0.63113957  0.          0.20735316 -0.20607323]
 [-0.13039106  7.72042769 -0.36218828  0.          0.86113864 -0.05061365]]
[04/02/2022, 16:15:47] finish computing sampling shap for range: [5, 8] within 414.161999 sec
