Child #[4, 5]: psutil.Process(pid=3881, name='python', status='running', started='19:34:58'), affinity [4, 5]
Child #[4, 5]: Set my affinity to [4, 5], affinity now [4, 5]

[04/02/2022, 16:08:10] start computing sampling shap for range: [3, 8]
[04/02/2022, 16:08:48] computing sampling shap 224:234 within 37.9919 sec, 3.7992 on average
[04/02/2022, 16:08:48] instances left: 102
[04/02/2022, 16:08:48] estimating time left: 0:06:27.518400

[[ 5.61780015e+00  2.91730958e+00 -4.71685705e-01  0.00000000e+00
   1.03981959e+00 -1.77295603e-01]
 [-4.52359880e-01 -2.37995456e+00 -4.94385888e-01  0.00000000e+00
  -7.30477589e-01 -2.40616012e-01]
 [-1.81647691e-01  8.04629120e+00 -6.96713266e-01  0.00000000e+00
  -4.39700268e-01  2.28601721e-01]
 [-4.81722517e-01 -2.37524724e+00 -5.93380574e-01  0.00000000e+00
   2.99522568e-02 -3.60306067e-04]
 [-3.19886569e-01 -2.20729380e+00 -7.95928333e-01  0.00000000e+00
  -4.86010582e-01 -2.24935608e-01]
 [-1.71260449e-01 -2.51737876e+00 -5.65937742e-01  0.00000000e+00
  -5.65201201e-01 -1.86904611e-02]
 [-3.40609003e-01 -2.59139881e+00 -4.56903836e-01  0.00000000e+00
  -4.39811140e-01 -4.48134500e-02]
 [-2.83157600e-01 -2.56235936e+00 -6.36442036e-01  0.00000000e+00
  -1.17063377e+00 -2.22165354e-01]
 [-1.92543715e-01 -2.59470484e+00 -6.08033402e-01  0.00000000e+00
  -4.98796264e-01 -9.01606039e-02]
 [-6.95578022e-02  7.56235816e+00 -5.61561886e-01  0.00000000e+00
   1.16757048e+00 -6.68521822e-02]]
[04/02/2022, 16:09:26] computing sampling shap 234:244 within 37.2397 sec, 3.7616 on average
[04/02/2022, 16:09:26] instances left: 92
[04/02/2022, 16:09:26] estimating time left: 0:05:46.067200

[[-0.04769668  7.85935987 -0.5738375   0.         -0.55947941 -0.18023435]
 [-0.01581533 -2.64286385 -0.6011274   0.         -0.43122751  0.09201233]
 [-0.08832217  7.60242419 -0.49790037  0.          0.72984319 -0.14717801]
 [-0.10156449 -2.61226363 -0.63301897  0.          0.61690616 -0.17443178]
 [-0.46125312 -2.43812152 -0.38105935  0.         -1.20242213 -0.09835688]
 [-0.24200916 -2.30985899 -0.79387544  0.         -0.339926    0.24159562]
 [-0.48977784 -2.3371239  -0.60953672  0.          0.71959756 -0.18753196]
 [-0.16055186  7.75353678 -0.33878105  0.         -1.02778153  0.86486204]
 [-0.40320054 -2.56025013 -0.51533966  0.          0.38047819 -0.16551797]
 [-0.21890657 -2.4518956  -0.67736322  0.         -0.72107167  0.30814073]]
[04/02/2022, 16:10:03] computing sampling shap 244:254 within 36.8964 sec, 3.7377 on average
[04/02/2022, 16:10:03] instances left: 82
[04/02/2022, 16:10:03] estimating time left: 0:05:06.491400

[[-0.15732725 -2.46292258 -0.68919935  0.          1.07217356 -0.18250761]
 [-0.32806922 -2.48852528 -0.53441324  0.          0.24985614 -0.1964044 ]
 [-0.05780978  7.67023651 -0.54206273  0.          0.0488362   0.11109553]
 [-0.34178357 -2.17724668 -0.81953699  0.         -1.37235214 -0.17931631]
 [ 5.48747737  2.97401876 -0.30070325  0.          0.89420303 -0.05513574]
 [-0.22241245 -2.67052067 -0.44059096  0.         -0.50728158 -0.16871639]
 [-0.39520171 -2.55489077 -0.54337429  0.          0.0899258  -0.05191611]
 [-0.19954033 -2.57918778 -0.63230495  0.          0.34131761  0.23841064]
 [-0.28615003 -2.19210558  9.45269361  0.          1.06062833 -0.13706605]
 [-0.39662122 -2.40445    -0.56704292  0.          0.27641449 -0.17213062]]
[04/02/2022, 16:10:39] computing sampling shap 254:264 within 36.3466 sec, 3.712 on average
[04/02/2022, 16:10:39] instances left: 72
[04/02/2022, 16:10:39] estimating time left: 0:04:27.264000

[[-0.29778291 -2.38152412 -0.70298096  0.          0.27401075 -0.01343658]
 [-0.17055685  7.61012355 -0.41263184  0.         -0.38810476  0.30787178]
 [-0.20134216 -2.51524986 -0.53727626  0.          0.16855682 -0.21224447]
 [ 6.06746367  2.81410977 -0.43566577  0.         -0.38662359 -0.13758283]
 [-0.4974714  -2.34895557 -0.4899841   0.         -0.87680786 -0.22162766]
 [-0.25212666 -2.52795356 -0.57827975  0.         -0.4780097  -0.23434126]
 [-0.19020275  8.29759888  9.52943588  0.          0.70834726 -0.07866052]
 [ 0.         -2.68145659 -0.75354799  0.         -0.98654707  0.16870556]
 [-0.16957486 -2.875752   -0.34737492  0.         -0.47701968 -0.19974833]
 [-0.21644554 -2.72195147 -0.4128079   0.         -0.4028715  -0.15125242]]
[04/02/2022, 16:11:14] computing sampling shap 264:274 within 34.9677 sec, 3.669 on average
[04/02/2022, 16:11:14] instances left: 62
[04/02/2022, 16:11:14] estimating time left: 0:03:47.478000

[[-0.33892629  2.33224175  4.9187176   0.          1.14689845 -0.12601772]
 [-0.01459481 -2.76183327 -0.53433443  0.          0.54448304  0.0942841 ]
 [-0.41634387 -2.33570061 -0.68187501  0.         -0.61044481 -0.11538057]
 [-0.38880988 -2.62730266 -0.45419303  0.          0.416238   -0.08975921]
 [-0.03339836  7.67867657 -0.47741229  0.         -0.24692638 -0.21383471]
 [-0.21911373  7.82936635 -0.58198261  0.          0.33480706  0.34542105]
 [-0.57069415 -2.35032481 -0.37494126  0.          1.0544022  -0.17822528]
 [-0.10234911  7.52003832 -0.37229891  0.          0.1095354  -0.03033297]
 [-0.30473419 -2.42849615 -0.59494732  0.          0.62487048 -0.20106569]
 [-0.38962988 -2.58562181 -0.46217868  0.         -0.44558158  0.3014123 ]]
[04/02/2022, 16:11:49] computing sampling shap 274:284 within 34.7169 sec, 3.6361 on average
[04/02/2022, 16:11:49] instances left: 52
[04/02/2022, 16:11:49] estimating time left: 0:03:09.077200

[[-0.39470122 -2.31039969 -0.47988027  0.         -0.5788548  -0.25139806]
 [-0.01091579  7.57274853 -0.46042938  0.         -0.32239018  0.32001677]
 [-0.30424638 -2.7274934  -0.43193646  0.          0.72182871 -0.13078007]
 [-0.19174836 -2.59695225 -0.61877867  0.         -0.44604312  0.38375877]
 [-0.30701576 -2.40504047 -0.58801898  0.         -0.43567136 -0.23866739]
 [-0.26850125 -2.69817007 -0.45858342  0.          0.68126548  0.27730041]
 [-0.1921829   7.74317199 -0.46334559  0.         -0.42269486  0.2918836 ]
 [-0.0754702  -2.65058465 -0.64263699  0.         -0.50230867 -0.19971034]
 [-0.32707365  7.81521104 -0.38574317  0.          0.57982691 -0.08047905]
 [-0.19765849 -2.78711165 -0.3910844   0.          0.69223107 -0.16428872]]
[04/02/2022, 16:12:26] computing sampling shap 284:294 within 37.0391 sec, 3.6458 on average
[04/02/2022, 16:12:26] instances left: 42
[04/02/2022, 16:12:26] estimating time left: 0:02:33.123600

[[-3.25519519e-01 -2.11863427e+00  9.48379067e+00  0.00000000e+00
   9.47764273e-01 -6.81747718e-02]
 [-2.92150576e-01 -2.42986611e+00 -6.29240186e-01  0.00000000e+00
  -3.89051167e-01 -3.00966415e-02]
 [-3.20923066e-01 -2.32925482e+00 -6.52477121e-01  0.00000000e+00
   1.04129891e+00 -1.58427008e-01]
 [-3.11744342e-01 -2.53617169e+00 -5.13787833e-01  0.00000000e+00
  -3.82838725e-01  3.70990922e-01]
 [-1.10076022e-01 -2.80829735e+00 -4.71311482e-01  0.00000000e+00
   6.64959286e-01 -6.69365668e-02]
 [-1.18377296e-02 -2.74452383e+00 -6.30390193e-01  0.00000000e+00
   2.80295336e-01 -1.52570853e-02]
 [-1.86675233e-01 -2.76238649e+00 -3.89637719e-01  0.00000000e+00
   6.04212181e-01 -1.13425163e-01]
 [ 5.48176529e+00  1.36750751e+01 -1.86322793e-01  0.00000000e+00
  -2.90591904e-01  8.40890339e-02]
 [-1.65457431e-01 -2.35424987e+00  9.49465343e+00  0.00000000e+00
   9.97284466e-01 -6.43337739e-02]
 [-4.05213025e-02 -2.74526572e+00 -6.07685830e-01  0.00000000e+00
  -3.91981026e-01  5.30781877e-01]]
[04/02/2022, 16:13:04] computing sampling shap 294:304 within 38.6999 sec, 3.6738 on average
[04/02/2022, 16:13:04] instances left: 32
[04/02/2022, 16:13:04] estimating time left: 0:01:57.561600

[[-0.28419222 -2.51697286 -0.67679842  0.         -0.33287916 -0.18239208]
 [-0.17487578  7.60241651 -0.35268985  0.          0.72797562 -0.20395975]
 [-0.2326739   3.61197262  3.75414844  0.          0.3304689  -0.09660897]
 [-0.42461915 -2.4841836  -0.57510815  0.          0.04919191  0.10629595]
 [-0.14546804  3.7809829   3.47348456  0.         -0.38982133  0.18899115]
 [-0.23990371 -2.30811059 -0.75662314  0.         -0.39468215  0.40521902]
 [-0.44210163 -2.49999072 -0.52677379  0.          1.18264761 -0.11045125]
 [-0.32533973 -2.4735074  -0.53022534  0.          0.61833274 -0.16188821]
 [-0.33857429 -2.39104953 -0.67610021  0.          0.30558219  0.19172931]
 [-0.08445986 -2.61796293 -0.59637314  0.         -0.44029721  0.84306233]]
[04/02/2022, 16:13:42] computing sampling shap 304:314 within 37.4679 sec, 3.682 on average
[04/02/2022, 16:13:42] instances left: 22
[04/02/2022, 16:13:42] estimating time left: 0:01:21.004000

[[-0.34682128 -2.25086363 -0.70750175  0.          1.05593094 -0.17052746]
 [-0.21797856 -2.45550464 -0.65540283  0.          1.09218732 -0.18308461]
 [-0.09951396 -2.66484332 -0.6193702   0.         -0.87204715 -0.17907168]
 [-0.25157893 -2.54520395 -0.57979481  0.          0.67030482 -0.19810012]
 [-0.26400649 -2.53564411 -0.54760213  0.         -0.92690714 -0.17155717]
 [-0.3314994  -2.50094069 -0.55363843  0.         -0.71526813 -0.1964474 ]
 [-0.34667673  7.71923306 -0.34342988  0.          1.0501655  -0.14637841]
 [-0.19773281 -2.43724109 -0.72033955  0.         -0.48954624 -0.00926969]
 [-0.48897803 -2.15004513 -0.83838164  0.         -0.11535265 -0.24801561]
 [-0.17884669 -2.68171241 -0.5001682   0.          0.28117519  0.2887117 ]]
[04/02/2022, 16:14:16] computing sampling shap 314:324 within 34.2297 sec, 3.6561 on average
[04/02/2022, 16:14:16] instances left: 12
[04/02/2022, 16:14:16] estimating time left: 0:00:43.873200

[[-0.39621013 -2.4375288  -0.57899578  0.         -0.4130107   0.05226003]
 [-0.16924488 -2.55948384 -0.63575366  0.          1.09592196 -0.15122267]
 [-0.19152687 -2.50407918 -0.51907225  0.         -1.05611258 -0.15831131]
 [-0.20087089 -2.62776569 -0.70042114  0.          0.4030126  -0.17151057]
 [10.59918373 -2.27148687 -0.31271231  0.         -1.03392812 -0.15927021]
 [-0.330069   -2.39740806 -0.60557244  0.         -0.36441077  0.45599836]
 [-0.44392786 -2.31096721 -0.50615688  0.         -0.54125338 -0.23174949]
 [-0.06692243 17.83359351 -0.29855079  0.          0.63016713  0.03162387]
 [-0.19998094 -2.43914242 -0.77713852  0.         -0.33645493 -0.24051793]
 [-0.19332374 -2.65772599 -0.70892431  0.         -0.35730434 -0.15219148]]
[04/02/2022, 16:14:55] computing sampling shap 324:334 within 39.191 sec, 3.68 on average
[04/02/2022, 16:14:55] instances left: 2
[04/02/2022, 16:14:55] estimating time left: 0:00:07.360000

[[-0.0305064   7.51504882 -0.50888712  0.          1.05834016 -0.13167663]
 [-0.14046444  7.73269359 -0.37476016  0.         -0.83225809  0.33285696]
 [-0.24568415 -2.4194775  -0.72179742  0.         -0.03029155 -0.1476602 ]
 [-0.19960667 -2.54449073 -0.69910391  0.          1.15400578 -0.1305874 ]
 [-0.1308988   7.81847445 -0.66529125  0.          0.71225182 -0.02592473]
 [-0.21785409 -2.58945359 -0.55193715  0.         -0.95573356  0.07358081]
 [-0.12035172  7.79812735 -0.5945134   0.          1.04043515 -0.15721546]
 [-0.37125106 -2.47712518 -0.40276294  0.          0.16554737 -0.11703807]
 [-0.03923556  7.75598773 -0.55410421  0.          0.93828695 -0.1344528 ]
 [-0.20309845  7.81325185 -0.4565863   0.          0.28925831 -0.03694918]]
[04/02/2022, 16:14:55] finish computing sampling shap for range: [3, 8] within 404.802533 sec
