Child #[12, 13]: psutil.Process(pid=4685, name='python', status='running', started='03:30:19'), affinity [12, 13]
Child #[12, 13]: Set my affinity to [12, 13], affinity now [12, 13]

[03/30/2022, 05:42:46] start computing sampling shap for range: [7, 8]
[03/30/2022, 05:43:27] computing sampling shap 1650:1660 within 40.0628 sec, 4.0063 on average
[03/30/2022, 05:43:27] instances left: 265
[03/30/2022, 05:43:27] estimating time left: 0:17:41.669500

[[-0.2062436  -3.91646293  0.          0.          0.42903377 -0.10555492]
 [-0.23803635  6.57925873 -0.07346465  0.         -0.19967771 -0.04103643]
 [ 4.84734525  2.62001777  0.          0.         -0.56510352  0.1051582 ]
 [-0.29992559 -3.48944275 -0.16596762  0.          0.77303315 -0.16408089]
 [-0.4239826  -3.51487559 -0.20772802  0.         -0.22873283 -0.17472182]
 [-0.49996369 -3.45063569 -0.20416124  0.         -0.68169702  0.03265702]
 [-0.29249875 -3.94731096  0.          0.         -1.42957634 -0.14039979]
 [-0.03106239 -3.94829522 -0.18224012  0.         -0.88556036  0.6419677 ]
 [-0.33065464 -3.64122648 -0.16060189  0.          0.41579953  0.42790901]
 [-0.35671612 -3.62824625 -0.07444824  0.          0.43692205 -0.1767395 ]]
[03/30/2022, 05:44:11] computing sampling shap 1660:1670 within 44.1777 sec, 4.2121 on average
[03/30/2022, 05:44:11] instances left: 255
[03/30/2022, 05:44:11] estimating time left: 0:17:54.085500

[[-2.65200976e-01 -3.75904721e+00  0.00000000e+00  0.00000000e+00
  -7.21400078e-01  8.96717999e-02]
 [-4.14918736e-01 -3.64460219e+00 -1.02967694e-01  0.00000000e+00
  -8.29658643e-01  2.48997560e-01]
 [ 4.83723279e+00  1.30009565e+01 -1.49123605e-01  0.00000000e+00
   7.06100210e-01 -1.54846144e-01]
 [ 1.05084816e+01 -3.02595062e+00 -1.24636235e-01  0.00000000e+00
   7.50529298e-01 -1.75773775e-01]
 [-4.41417033e-01 -3.40762553e+00 -2.10878695e-01  0.00000000e+00
  -6.97166770e-01 -8.26446571e-03]
 [-4.35980020e-01 -3.43175798e+00 -1.85513773e-01  0.00000000e+00
  -8.39814442e-01  9.37067934e-01]
 [-3.92199104e-01 -3.73660039e+00  0.00000000e+00  0.00000000e+00
  -2.15362802e-01 -3.65845151e-02]
 [-4.77507807e-01 -3.59216776e+00  0.00000000e+00  0.00000000e+00
   8.79646628e-01 -1.56354291e-01]
 [-3.68161879e-01 -3.58026959e+00 -8.08671951e-02  0.00000000e+00
  -4.55321248e-01  4.50013443e-01]
 [-2.58202875e-01 -3.76967561e+00 -1.19471599e-01  0.00000000e+00
  -3.32585737e-01  5.52533737e-01]]
[03/30/2022, 05:44:52] computing sampling shap 1670:1680 within 41.0157 sec, 4.1753 on average
[03/30/2022, 05:44:52] instances left: 245
[03/30/2022, 05:44:52] estimating time left: 0:17:02.948500

[[-1.89926954e-01  6.61494232e+00 -1.60258975e-01  0.00000000e+00
  -1.17492464e+00  6.92425703e-01]
 [-3.04780442e-01 -3.71564926e+00 -7.68541145e-02  0.00000000e+00
  -9.29464921e-01  5.88691251e-01]
 [-4.55029579e-01 -3.42921512e+00 -1.85652189e-01  0.00000000e+00
  -4.78640653e-01  4.81495043e-02]
 [-9.59844007e-02 -3.91286483e+00  0.00000000e+00  0.00000000e+00
  -1.50180771e-02 -2.00288323e-01]
 [-4.19188813e-01 -3.54930337e+00 -1.08358665e-01  0.00000000e+00
  -4.82324190e-01  6.82380618e-02]
 [-1.59960939e-01  6.40978822e+00  0.00000000e+00  0.00000000e+00
  -4.23415091e-01  7.70715397e-01]
 [-3.55906866e-01 -3.52783079e+00 -1.20089076e-01  0.00000000e+00
   3.53793776e-01  1.75014032e-01]
 [-2.80887321e-01 -3.75656678e+00  0.00000000e+00  0.00000000e+00
  -4.13818129e-02 -1.24344483e-02]
 [-5.06250454e-01 -3.60468448e+00  0.00000000e+00  0.00000000e+00
  -7.35954641e-01 -1.66358269e-01]
 [-3.18657747e-02  1.68451611e+01 -8.38432008e-02  0.00000000e+00
   3.74838790e-02 -1.64550194e-01]]
[03/30/2022, 05:45:35] computing sampling shap 1680:1690 within 42.916 sec, 4.2044 on average
[03/30/2022, 05:45:35] instances left: 235
[03/30/2022, 05:45:35] estimating time left: 0:16:28.034000

[[-0.12178787  6.49259841 -0.08055868  0.         -0.53183195  0.37080273]
 [-0.37605435  6.68907239 -0.07329077  0.          0.46192538 -0.0760791 ]
 [-0.5333674  -3.26442224 -0.28885717  0.          0.43486737  0.10935047]
 [-0.45855869 -3.55159777 -0.07518874  0.          0.42750735 -0.07559923]
 [-0.20170567 -3.82122337 -0.1159146   0.          0.90878896 -0.09321531]
 [-0.03354885  6.50306614 -0.20370733  0.          0.82185039 -0.09122643]
 [-0.45622928 -3.6144565   0.          0.         -0.24530761 -0.17551764]
 [-0.20266302 -3.96984096  0.          0.         -0.5311777  -0.15916831]
 [-0.30356498  6.61618045 -0.07855127  0.          0.46780064  0.06218783]
 [-0.40293063 -3.52466793 -0.07538032  0.         -0.70661559 -0.18088753]]
[03/30/2022, 05:46:17] computing sampling shap 1690:1700 within 42.364 sec, 4.2109 on average
[03/30/2022, 05:46:17] instances left: 225
[03/30/2022, 05:46:17] estimating time left: 0:15:47.452500

[[-1.95579179e-01 -3.77066452e+00 -1.63379448e-01  0.00000000e+00
   6.65057197e-02 -1.61038504e-01]
 [-2.04818675e-01 -3.63482141e+00 -2.47874183e-01  0.00000000e+00
  -6.67200093e-01 -2.09130149e-01]
 [-2.17606788e-01  6.77418555e+00 -2.06127716e-01  0.00000000e+00
  -6.90184833e-01  1.93295578e-01]
 [-3.45306487e-01  6.85234749e+00 -1.82523980e-01  0.00000000e+00
  -4.39077844e-01  6.23062456e-02]
 [-3.06837564e-01  6.58583055e+00  0.00000000e+00  0.00000000e+00
  -5.30579632e-01 -3.16484279e-03]
 [-4.57690692e-01 -3.56936348e+00 -7.51883092e-02  0.00000000e+00
  -6.11159440e-01 -2.09622973e-01]
 [-2.97502194e-01 -3.78375724e+00  0.00000000e+00  0.00000000e+00
   8.75264098e-01 -1.17274575e-01]
 [-4.43914595e-01 -3.44160005e+00 -1.91798529e-01  0.00000000e+00
  -2.79532873e-01 -1.06310328e-01]
 [-4.48706246e-01 -3.28672064e+00 -3.24417880e-01  0.00000000e+00
  -2.72387532e-01 -2.17808784e-01]
 [-3.67568107e-01 -3.48595770e+00 -1.67567679e-01  0.00000000e+00
  -7.08100039e-01 -2.15830411e-01]]
[03/30/2022, 05:47:01] computing sampling shap 1700:1710 within 43.63 sec, 4.2362 on average
[03/30/2022, 05:47:01] instances left: 215
[03/30/2022, 05:47:01] estimating time left: 0:15:10.783000

[[-0.33487103 -3.70011668  0.          0.          0.86031241 -0.17170801]
 [-0.26061424 -3.61351802 -0.23363526  0.          0.43943178 -0.13089224]
 [-0.54116784 -3.4634007   0.          0.          0.80647878 -0.14829352]
 [-0.44689117 -3.44929239 -0.12516309  0.          0.8277742  -0.12969771]
 [-0.19510128 -3.68301335 -0.13525384  0.         -0.01608611 -0.04097246]
 [-0.18925661  6.5134144  -0.07037912  0.         -0.17120281 -0.18982321]
 [-0.25143491  6.57410272  0.          0.         -0.68381034 -0.08201997]
 [-0.02527969 -4.03463601 -0.06733018  0.          0.14714391  0.23032256]
 [-0.46324452 -3.42570772 -0.16763897  0.         -0.60820241  0.3632658 ]
 [-0.0561895   6.36569285 -0.1073087   0.          0.87878708 -0.11514271]]
[03/30/2022, 05:47:43] computing sampling shap 1710:1720 within 42.4167 sec, 4.2371 on average
[03/30/2022, 05:47:43] instances left: 205
[03/30/2022, 05:47:43] estimating time left: 0:14:28.605500

[[-0.50034158 -3.31395941 -0.23881499  0.          0.02803797 -0.05020398]
 [-0.24498247  6.68772214 -0.0750987   0.          0.77043167 -0.17223401]
 [-0.45071854 -3.57274639  0.          0.          0.79331554 -0.11623403]
 [-0.43097942 -3.52082619 -0.18373523  0.         -0.64390511 -0.18439885]
 [10.4062041  -2.72344759 -0.14749072  0.         -0.64490882  0.15422731]
 [-0.44034512 -3.63298528  0.          0.          0.8839867  -0.08975946]
 [-0.12090612 -3.90606367 -0.07265729  0.          0.8789454  -0.05842131]
 [-0.04932779  6.30959752  0.          0.          0.13445669 -0.17929709]
 [-0.51584485 -3.44335923 -0.07075368  0.         -0.49719157  0.54495722]
 [-0.17749382 16.95988137  0.          0.         -0.70636586  0.30161527]]
[03/30/2022, 05:48:23] computing sampling shap 1720:1730 within 40.3266 sec, 4.2115 on average
[03/30/2022, 05:48:23] instances left: 195
[03/30/2022, 05:48:23] estimating time left: 0:13:41.242500

[[-0.21228812  6.6194196  -0.07652001  0.         -0.61874022  0.02075749]
 [-0.35292682 -3.62828654 -0.18087563  0.         -0.38199095 -0.18001304]
 [-0.42830303 -3.29200506 -0.25963862  0.          0.76818767 -0.13462463]
 [-0.36899117 -3.64743993 -0.1764671   0.         -0.69523088 -0.02861855]
 [-0.40212124 -3.65245246 -0.07439238  0.         -0.25058003  0.05551032]
 [-0.47620845 -3.59199749  0.          0.          0.03768014 -0.19363057]
 [-0.06095146  6.44839771 -0.0694609   0.          0.44829282 -0.20464658]
 [-0.30289718 -3.70476812 -0.06812015  0.          0.45685254 -0.18029531]
 [ 9.81840355 -2.3737408  -0.11582888  0.          0.76152656 -0.04014711]
 [-0.38572386 -3.76390966  0.          0.          0.10178053 -0.0813767 ]]
[03/30/2022, 05:49:05] computing sampling shap 1730:1740 within 41.9487 sec, 4.2097 on average
[03/30/2022, 05:49:05] instances left: 185
[03/30/2022, 05:49:05] estimating time left: 0:12:58.794500

[[-3.25715727e-01 -3.76902029e+00  0.00000000e+00  0.00000000e+00
  -6.93405096e-01 -1.51849792e-02]
 [-1.28058763e-01  6.61530603e+00 -1.23349381e-01  0.00000000e+00
   4.13937126e-01 -1.78382189e-01]
 [-2.60701939e-01  6.88625097e+00 -1.21073517e-01  0.00000000e+00
   7.17826106e-01 -2.56463058e-01]
 [-6.38387790e-02 -3.98244962e+00 -7.57037145e-02  0.00000000e+00
  -3.58008402e-01 -2.03874694e-02]
 [-2.26815372e-01  6.74442456e+00 -1.54886477e-01  0.00000000e+00
  -6.77675049e-01 -6.53073308e-03]
 [-5.71862530e-01 -3.60264133e+00  0.00000000e+00  0.00000000e+00
   9.86176170e-01 -1.58055621e-01]
 [-2.60200594e-01 -3.53929031e+00 -1.20255249e-01  0.00000000e+00
  -7.11546401e-01  7.13609320e-01]
 [-5.54295713e-01 -3.47139436e+00  0.00000000e+00  0.00000000e+00
   3.97973776e-01 -1.05720743e-01]
 [-3.61244532e-01 -3.59007648e+00 -7.14370799e-02 -6.91311389e-02
   8.83146619e-01 -7.01088761e-03]
 [-4.81335614e-01 -3.44672117e+00 -1.21830868e-01  0.00000000e+00
  -6.29092438e-01  6.31569409e-01]]
[03/30/2022, 05:49:54] computing sampling shap 1740:1750 within 48.422 sec, 4.273 on average
[03/30/2022, 05:49:54] instances left: 175
[03/30/2022, 05:49:54] estimating time left: 0:12:27.775000

[[-0.51554641 -3.29076822 -0.23162581  0.         -0.50359896  0.40499661]
 [-0.38434612 -3.45343004 -0.11705627  0.         -0.78128077  0.17596965]
 [-0.37616231  6.80339501  0.          0.          0.70227743 -0.08830006]
 [-0.23177027 -3.87973679  0.          0.         -0.25145746 -0.12854608]
 [-0.36872304  6.83391853 -0.11256673  0.         -0.66825862  0.22596956]
 [-0.22571546  6.50432125  0.          0.          0.83879349 -0.15156052]
 [-0.21686087  6.70868382 -0.15573833  0.          0.02334971  0.01509925]
 [-0.18115511 -3.77034449  0.          0.          0.78505779 -0.1799415 ]
 [-0.20325728  6.60750781 -0.13204717  0.         -0.55208879 -0.02122581]
 [-0.19467428  6.56088237  0.          0.          0.7665704  -0.1363448 ]]
[03/30/2022, 05:50:34] computing sampling shap 1750:1760 within 39.9353 sec, 4.2476 on average
[03/30/2022, 05:50:34] instances left: 165
[03/30/2022, 05:50:34] estimating time left: 0:11:40.854000

[[-4.20261939e-01 -3.55221170e+00  0.00000000e+00  0.00000000e+00
  -7.53217484e-01 -1.89354386e-01]
 [-2.60277978e-01  6.54274361e+00  0.00000000e+00  0.00000000e+00
   4.91286743e-01 -1.02376221e-01]
 [-1.39704538e-01  1.69360057e+01 -7.40565115e-02  0.00000000e+00
  -6.36146145e-01  1.57804675e-02]
 [-4.40480971e-01 -3.52819794e+00 -7.43821274e-02  0.00000000e+00
   4.21210972e-02 -9.16408639e-02]
 [ 5.15084363e+00  2.54379460e+00 -8.57658628e-02  0.00000000e+00
  -6.69691929e-01 -1.39268334e-01]
 [-2.29206140e-01  6.72935743e+00  0.00000000e+00 -7.34920276e-02
  -7.59284366e-01 -2.07482011e-01]
 [-2.43626674e-01  6.72086866e+00 -1.13608699e-01  0.00000000e+00
  -6.49279991e-01  1.76083197e-01]
 [-1.91603344e-01  6.46594096e+00  0.00000000e+00  0.00000000e+00
  -3.72680335e-01  2.18288145e-01]
 [-3.17400468e-01  6.74789828e+00 -7.59625801e-02  0.00000000e+00
  -1.52224168e+00 -1.64548247e-01]
 [-8.24619523e-02 -3.76509960e+00 -1.69968781e-01  0.00000000e+00
  -3.14474718e-01  4.63970737e-02]]
[03/30/2022, 05:51:15] computing sampling shap 1760:1770 within 41.7561 sec, 4.2416 on average
[03/30/2022, 05:51:15] instances left: 155
[03/30/2022, 05:51:15] estimating time left: 0:10:57.448000

[[-4.36566405e-01 -3.29501108e+00 -3.87559647e-01  0.00000000e+00
   7.46952155e-02 -1.20924880e-01]
 [-3.78886571e-01 -3.68984708e+00  0.00000000e+00  0.00000000e+00
   1.33411490e-02 -1.68763357e-01]
 [-2.05763125e-01  6.68666127e+00 -7.34794601e-02  0.00000000e+00
   3.63112739e-01 -1.71078877e-01]
 [-3.58987012e-02  1.67082017e+01  0.00000000e+00  5.62443117e-03
   4.36487084e-01  1.15695460e-01]
 [-2.34383518e-02  1.69038328e+01 -6.90918931e-02  0.00000000e+00
  -5.04692982e-01 -1.82540505e-01]
 [-1.24684457e-01  6.64139432e+00 -1.43950293e-01  0.00000000e+00
   7.23137386e-01 -9.94635161e-02]
 [-5.50182703e-01 -3.58281478e+00  0.00000000e+00  0.00000000e+00
   4.50679917e-01 -9.21951220e-02]
 [-4.99060349e-01 -3.68581014e+00  0.00000000e+00  0.00000000e+00
  -6.60666274e-01 -1.57682357e-01]
 [-1.47887651e-01  6.42310908e+00  0.00000000e+00  0.00000000e+00
   8.10115151e-01 -1.19497579e-01]
 [-2.10886698e-01  6.74609589e+00 -1.31863404e-01  0.00000000e+00
   4.16919845e-01 -1.55003201e-01]]
[03/30/2022, 05:52:01] computing sampling shap 1770:1780 within 45.1024 sec, 4.2623 on average
[03/30/2022, 05:52:01] instances left: 145
[03/30/2022, 05:52:01] estimating time left: 0:10:18.033500

[[-1.11149617e-02 -3.82007576e+00 -2.20288538e-01  0.00000000e+00
   3.05264745e-02 -7.03174345e-02]
 [-2.69833156e-01  6.69052745e+00  0.00000000e+00  0.00000000e+00
  -5.72317966e-01 -1.91238126e-01]
 [-2.80319582e-01  6.49338710e+00  0.00000000e+00  6.76921300e-03
   5.01042697e-01 -5.56166401e-02]
 [ 4.87740280e+00  1.29631171e+01  0.00000000e+00  0.00000000e+00
  -9.96930849e-01 -1.92795136e-01]
 [-2.54435962e-01  6.64827104e+00 -7.18454687e-02  0.00000000e+00
  -3.68402785e-01  5.84475259e-02]
 [-4.96392956e-01 -3.54508855e+00  0.00000000e+00  0.00000000e+00
   8.28378631e-01 -1.33280791e-01]
 [-3.48204202e-01 -3.80141479e+00  0.00000000e+00  0.00000000e+00
   4.82093757e-01 -5.97978580e-02]
 [-1.21854292e-01  1.68497993e+01  0.00000000e+00  0.00000000e+00
   7.98297886e-01 -1.52066865e-01]
 [-3.90294840e-01 -3.55010931e+00 -1.34940351e-01  0.00000000e+00
  -3.78034389e-01  3.97740409e-02]
 [-2.58417844e-01  6.77935556e+00 -1.31093831e-01  0.00000000e+00
   3.58197485e-01 -6.93128647e-02]]
[03/30/2022, 05:52:46] computing sampling shap 1780:1790 within 45.7125 sec, 4.2844 on average
[03/30/2022, 05:52:46] instances left: 135
[03/30/2022, 05:52:46] estimating time left: 0:09:38.394000

[[ 5.01315894  2.51940507  0.         -0.07931483  0.67892069 -0.0292755 ]
 [-0.10456038 -3.88128115  0.          0.         -0.0239041  -0.21441036]
 [-0.04873001  6.46461272 -0.07964596  0.         -0.60517844  0.45258787]
 [-0.17163146  6.5332794  -0.07456032  0.         -0.17412519 -0.17245749]
 [-0.38246921 -3.5198983   0.          0.         -0.46294652  0.61045937]
 [-0.23676652 -3.84584434  0.          0.          0.44667424 -0.1950364 ]
 [-0.4101917  -3.69309643 -0.09466313  0.         -0.12774152 -0.16581795]
 [-0.35341316 -3.50886995 -0.2604228   0.          0.46518215 -0.11698918]
 [-0.50059027 -3.38077494 -0.24728347  0.         -1.49423242 -0.08107484]
 [-0.38998588 -3.6034409  -0.1148906   0.         -0.49345738  0.55489566]]
[03/30/2022, 05:53:33] computing sampling shap 1790:1800 within 46.4714 sec, 4.3086 on average
[03/30/2022, 05:53:33] instances left: 125
[03/30/2022, 05:53:33] estimating time left: 0:08:58.575000

[[-0.33412888  6.53836629  0.          0.          0.47786959  0.13766302]
 [-0.43107054 -3.4846091  -0.19649501  0.          0.93704483 -0.17125369]
 [-0.55148927 -3.2348155  -0.24872328  0.          0.01656779 -0.14690663]
 [-0.26052935 -3.55811631 -0.23536616  0.         -0.86071085  0.9264244 ]
 [-0.22286642  6.68206615 -0.07721311  0.         -0.71798713 -0.11631442]
 [-0.56298735 -3.54626859  0.          0.          0.02692741  0.01190141]
 [-0.14777112  6.45251189 -0.0761141   0.         -0.36233812 -0.15968947]
 [-0.32087262 -3.49982158 -0.27376382  0.          0.37116589 -0.10768081]
 [-0.32427723 -3.45491674 -0.29996197  0.         -0.25773062 -0.21315462]
 [-0.59110315 -3.4630099   0.          0.          0.41517351 -0.06561865]]
[03/30/2022, 05:54:13] computing sampling shap 1800:1810 within 40.3636 sec, 4.2916 on average
[03/30/2022, 05:54:13] instances left: 115
[03/30/2022, 05:54:13] estimating time left: 0:08:13.534000

[[-4.86029939e-01 -3.38061048e+00 -2.24582319e-01  0.00000000e+00
  -4.67404566e-01 -4.88139609e-02]
 [-3.57663459e-01 -3.47895923e+00 -2.60486689e-01  0.00000000e+00
  -2.03689814e-01 -7.99480450e-02]
 [-1.33902255e-01  6.50970580e+00  0.00000000e+00  0.00000000e+00
   6.01789660e-02 -2.20553382e-01]
 [-1.89093122e-01  6.51756392e+00  0.00000000e+00  0.00000000e+00
   3.89585011e-01 -3.93269319e-02]
 [-3.18223813e-01 -3.69270537e+00 -1.66671403e-01  0.00000000e+00
  -1.40681130e-01 -5.75414571e-03]
 [-1.97913254e-01 -3.62534887e+00 -1.18206878e-01  0.00000000e+00
   3.11031660e-01 -9.68859094e-02]
 [-1.18771163e-01  6.49994500e+00  0.00000000e+00  0.00000000e+00
   3.40174552e-01 -4.99719920e-02]
 [-5.07740745e-01 -3.41587941e+00 -1.42845208e-01  0.00000000e+00
  -4.68214140e-01 -2.70111969e-02]
 [ 0.00000000e+00 -4.06902849e+00 -6.86501072e-02  0.00000000e+00
  -4.85506090e-01  5.91919644e-01]
 [-4.13212649e-01 -3.64557422e+00  0.00000000e+00  0.00000000e+00
  -1.53610889e+00 -1.38729453e-01]]
[03/30/2022, 05:54:55] computing sampling shap 1810:1820 within 41.7015 sec, 4.2844 on average
[03/30/2022, 05:54:55] instances left: 105
[03/30/2022, 05:54:55] estimating time left: 0:07:29.862000

[[-0.53458682 -3.40934731 -0.06764719  0.         -0.61553064  0.32782429]
 [-0.26364834 -3.78256337 -0.07258649  0.         -0.64694596  0.08836763]
 [-0.26107897 -3.58171843 -0.20360049  0.         -0.75725185 -0.19956954]
 [-0.57050285 -3.41069106  0.          0.          0.80420483 -0.16939472]
 [-0.44626211 -3.49300942 -0.23545311  0.         -0.61183775 -0.01723865]
 [-0.32269577 -3.80037334  0.          0.          0.91434767 -0.08027819]
 [-0.42635648 -3.37551003 -0.2284291   0.         -0.4528563   0.19724692]
 [-0.32247531 -3.75141908  0.          0.          0.39415531  0.06584885]
 [-0.36843925 -3.43194613 -0.14343687  0.          0.27821169 -0.03894777]
 [-0.32960711 -3.67050533  0.          0.         -0.76289725 -0.20083513]]
[03/30/2022, 05:55:37] computing sampling shap 1820:1830 within 41.8255 sec, 4.2788 on average
[03/30/2022, 05:55:37] instances left: 95
[03/30/2022, 05:55:37] estimating time left: 0:06:46.486000

[[-0.19218336  6.64731728 -0.07401625  0.          0.3690918  -0.12463609]
 [-0.03477425  6.35960307  0.          0.         -0.88294761  0.67152757]
 [-0.28002784 -3.69223795 -0.15854859  0.          0.45933312 -0.15949177]
 [-0.43227967 -3.46795755 -0.2699764   0.          0.9525461  -0.12871615]
 [-0.31744124 -3.65666228 -0.07398654  0.          0.37493209 -0.15781527]
 [-0.31960172 -3.66013227 -0.1527542   0.          0.48768029  0.16978913]
 [-0.04733571  6.33377577  0.          0.         -0.38478316 -0.0265599 ]
 [-0.22430878  6.75401612 -0.07502432  0.         -0.30915842  0.10660392]
 [-0.110454    6.42168227  0.          0.         -0.46741816 -0.09504044]
 [-0.52283455 -3.32601515 -0.24620295  0.         -0.67306186 -0.12236773]]
[03/30/2022, 05:56:20] computing sampling shap 1830:1840 within 43.5821 sec, 4.283 on average
[03/30/2022, 05:56:20] instances left: 85
[03/30/2022, 05:56:20] estimating time left: 0:06:04.055000

[[-0.32848225 -2.92436807  9.50237248  0.          0.39106583  0.32868229]
 [-0.54972979 -3.58806539  0.          0.          0.11214959 -0.04963594]
 [-0.53060707 -3.53537778  0.          0.         -0.71090616 -0.1681329 ]
 [-0.05708641 16.94252013 -0.07197481  0.         -0.2254938   0.49604628]
 [-0.35355462 -3.70006064  0.          0.          0.39083538  0.19637301]
 [-0.47092709 -3.52485216 -0.07157615  0.         -1.11968561 -0.05853436]
 [-0.1792306   6.72055182 -0.19371139  0.         -0.5705832  -0.26205198]
 [-0.31033713 -3.59920352 -0.15147825  0.          0.41327612 -0.15148546]
 [-0.32351537  6.73394013  0.          0.         -0.74923288 -0.21045156]
 [-0.28802618 -3.49400562 -0.20512635  0.          0.77177616 -0.13100153]]
[03/30/2022, 05:57:04] computing sampling shap 1840:1850 within 43.77 sec, 4.2877 on average
[03/30/2022, 05:57:04] instances left: 75
[03/30/2022, 05:57:04] estimating time left: 0:05:21.577500

[[-2.84197165e-01 -3.71747924e+00 -1.32962742e-01  0.00000000e+00
  -1.43811660e+00  6.63114330e-02]
 [-8.81572507e-03  6.34385682e+00  0.00000000e+00  0.00000000e+00
  -6.38965152e-01  1.74215969e-01]
 [-3.16606427e-01 -3.82974981e+00  0.00000000e+00  0.00000000e+00
  -4.02955022e-01 -1.74781219e-01]
 [-2.87472888e-01 -1.25478802e+00  1.85052352e+01  0.00000000e+00
   3.61079083e-01 -1.25889172e-01]
 [-4.39324235e-01 -3.52694719e+00 -7.25491565e-02 -6.99542543e-02
   9.08373797e-01 -1.45982451e-01]
 [-3.05132255e-01  6.65715894e+00  0.00000000e+00  0.00000000e+00
  -6.80077946e-01 -2.21208230e-01]
 [-4.83946992e-01 -3.63209873e+00  0.00000000e+00  0.00000000e+00
   9.21616315e-01 -1.51954385e-01]
 [-4.23620298e-01 -3.53360898e+00 -1.67901510e-01  0.00000000e+00
   4.19494874e-01 -6.88768578e-02]
 [-4.67973782e-01 -3.69797446e+00  0.00000000e+00  0.00000000e+00
  -1.05887011e+00 -2.07567043e-02]
 [-2.87127815e-01 -3.57325111e+00 -1.88596854e-01  0.00000000e+00
   8.31893917e-01 -1.29301728e-01]]
[03/30/2022, 05:57:47] computing sampling shap 1850:1860 within 42.5937 sec, 4.2864 on average
[03/30/2022, 05:57:47] instances left: 65
[03/30/2022, 05:57:47] estimating time left: 0:04:38.616000

[[-3.60363047e-01  6.83276420e+00 -1.90393991e-01  0.00000000e+00
   4.67681113e-01 -1.24115056e-01]
 [-3.23854725e-01 -3.66209843e+00 -1.45301456e-01  0.00000000e+00
   4.49725757e-01 -1.49444118e-01]
 [-5.37630106e-01 -3.55598969e+00 -7.01451323e-02  0.00000000e+00
   9.52200287e-01 -1.11705632e-01]
 [-4.10233712e-01 -3.64052178e+00 -1.18860110e-01  0.00000000e+00
   9.20508517e-01 -1.06028148e-02]
 [-3.18573247e-01 -3.67171784e+00  0.00000000e+00  0.00000000e+00
  -6.63695931e-01  6.23941705e-01]
 [-4.87218356e-02 -3.89731320e+00 -1.85771820e-01  0.00000000e+00
  -4.36396931e-01 -2.02358655e-01]
 [-3.01679232e-01 -3.48891379e+00 -2.14344227e-01 -7.11664935e-02
   4.99404004e-02  4.90943156e-01]
 [-4.04611802e-01 -3.62694965e+00 -1.70677473e-01  0.00000000e+00
   1.30672192e-01  1.13964147e-03]
 [-4.85301348e-01  6.74138414e+00  0.00000000e+00  0.00000000e+00
  -4.69659047e-01  1.36917843e-01]
 [-2.70072798e-01  6.69968006e+00  0.00000000e+00  0.00000000e+00
  -2.96226207e-01 -2.40628924e-01]]
[03/30/2022, 05:58:30] computing sampling shap 1860:1870 within 43.0677 sec, 4.2873 on average
[03/30/2022, 05:58:30] instances left: 55
[03/30/2022, 05:58:30] estimating time left: 0:03:55.801500

[[-3.79619047e-01 -3.70682757e+00  0.00000000e+00  0.00000000e+00
   4.04492889e-01 -1.49019346e-01]
 [-1.87877364e-01 -3.71285846e+00 -7.60264015e-02  0.00000000e+00
  -3.28467318e-01 -2.00050128e-01]
 [-9.99038618e-02  6.69341928e+00 -1.96868027e-01  0.00000000e+00
  -1.18899750e-02 -1.31146125e-01]
 [-4.00388912e-01 -3.57800455e+00 -7.76029197e-02  0.00000000e+00
   8.55293171e-01 -8.82967424e-02]
 [-3.10511483e-02  1.70816604e+01 -1.62525848e-01  0.00000000e+00
   3.68964413e-01 -1.07148304e-01]
 [-5.09775606e-01 -3.56585075e+00 -7.28394908e-02  0.00000000e+00
   5.05835054e-01 -1.88341983e-01]
 [-4.09624063e-01 -3.70354508e+00  0.00000000e+00  0.00000000e+00
   9.01798330e-01 -1.11899085e-01]
 [-5.85131242e-02  6.34721823e+00  0.00000000e+00  0.00000000e+00
  -5.26746859e-01  6.62559169e-01]
 [-4.30638964e-01 -3.41476155e+00 -3.40158743e-01  0.00000000e+00
   9.60248043e-01 -1.21072435e-01]
 [-4.65968239e-01 -3.43547424e+00 -2.01870856e-01  0.00000000e+00
   8.83819034e-01 -1.26889287e-01]]
[03/30/2022, 05:59:16] computing sampling shap 1870:1880 within 46.6416 sec, 4.3037 on average
[03/30/2022, 05:59:16] instances left: 45
[03/30/2022, 05:59:16] estimating time left: 0:03:13.666500

[[-0.0387358   6.58051159 -0.25318137  0.         -0.18712852  0.06087023]
 [-0.28243282 -3.85327091  0.          0.         -0.24419224 -0.12538346]
 [-0.38772949 -3.54555619 -0.24374229  0.          0.98370507 -0.15306081]
 [-0.34350262  6.65627914 -0.07326405  0.          0.47392629  0.10633116]
 [-0.47484789 -3.35016225 -0.20264242  0.          0.37163031 -0.11849101]
 [-0.48861348 -3.57343384  0.          0.          0.37588486 -0.04116087]
 [-0.25570274 -3.71142391 -0.07475003  0.         -0.56952709  0.95555789]
 [-0.46148812 -3.7187055   0.          0.         -1.45913918 -0.09429246]
 [-0.46786817 -3.33732358 -0.33096108  0.         -0.58229117 -0.11667511]
 [-0.47223861 -3.56879885 -0.07873882  0.00715609  0.09448253 -0.07313268]]
[03/30/2022, 05:59:59] computing sampling shap 1880:1890 within 42.9532 sec, 4.3033 on average
[03/30/2022, 05:59:59] instances left: 35
[03/30/2022, 05:59:59] estimating time left: 0:02:30.615500

[[-0.24259245 -3.80572425  0.          0.          0.35750859  0.30338303]
 [-0.43185112 -3.4430905  -0.19093017 -0.07474963 -0.53706975  0.64198448]
 [-0.13684715 -3.90690744  0.          0.         -0.4983084   0.18138498]
 [ 4.84144615  2.73827719 -0.08379867  0.          0.34087208  0.12076953]
 [-0.36624225 -3.4886056  -0.076225    0.          0.76681886 -0.15901642]
 [-0.30789793 -3.5190631  -0.30441661  0.         -0.43639703  0.06738648]
 [-0.47085156 -3.4714963  -0.1562355   0.          0.41324174 -0.01921666]
 [-0.43630119 -3.5248149  -0.13768555  0.         -0.23140089  0.06238604]
 [-0.088968   -3.8528779   0.          0.          0.33565559 -0.22478232]
 [-0.04065826  6.35082996  0.          0.          0.81009885 -0.1544316 ]]
[03/30/2022, 06:00:43] computing sampling shap 1890:1900 within 43.517 sec, 4.3053 on average
[03/30/2022, 06:00:43] instances left: 25
[03/30/2022, 06:00:43] estimating time left: 0:01:47.632500

[[-1.12233154e-02  6.27837206e+00  0.00000000e+00  0.00000000e+00
   6.81736084e-01  2.81559467e-01]
 [-1.58065467e-01  6.76529840e+00 -1.36008931e-01 -7.30325805e-02
  -6.03586230e-01 -6.19768021e-02]
 [-2.93310250e-01 -3.40919717e+00 -2.55446766e-01  0.00000000e+00
  -8.52311876e-01 -1.59350174e-01]
 [-9.53228614e-02 -3.83095674e+00 -2.00528911e-01  0.00000000e+00
   4.47193240e-01 -3.86471217e-02]
 [-3.38482413e-02  1.68240390e+01  0.00000000e+00  0.00000000e+00
  -5.77126980e-04 -1.87228093e-01]
 [-2.56847103e-01 -2.33088895e+00  8.78866312e+00  0.00000000e+00
  -5.32656116e-01  2.80841566e-01]
 [-2.19227258e-01  6.72620253e+00 -1.25096913e-01  0.00000000e+00
  -6.54861190e-01  6.40698245e-01]
 [-2.62619879e-01 -3.71808433e+00 -1.71372727e-01  0.00000000e+00
   1.48388223e-01 -1.25541202e-01]
 [-1.15585420e-01 -3.74934955e+00 -1.29129486e-01  0.00000000e+00
  -5.72102501e-01 -2.04396109e-01]
 [-3.42081788e-01 -3.58666865e+00 -1.61874755e-01  0.00000000e+00
  -4.39078860e-01 -1.59700328e-01]]
[03/30/2022, 06:01:29] computing sampling shap 1900:1910 within 46.43 sec, 4.3183 on average
[03/30/2022, 06:01:29] instances left: 15
[03/30/2022, 06:01:29] estimating time left: 0:01:04.774500

[[-1.23723065e-02 -4.03777469e+00  0.00000000e+00  0.00000000e+00
   8.54713360e-01 -1.50949425e-01]
 [-4.12724699e-01 -3.32382514e+00 -3.25749078e-01  0.00000000e+00
   4.00400342e-01 -1.37329456e-01]
 [-2.55153316e-01 -3.61777526e+00 -2.28257855e-01  0.00000000e+00
   9.22565939e-01 -1.67762943e-01]
 [-3.79435535e-01 -3.37828840e+00 -1.96240473e-01  0.00000000e+00
   3.22815210e-01  1.51163031e-01]
 [ 9.99550989e+00 -2.44266589e+00 -7.60172517e-02  6.23595899e-03
  -5.34684025e-01 -2.17023545e-01]
 [ 4.69330409e+00  2.81836932e+00  0.00000000e+00  0.00000000e+00
   3.70889156e-01 -9.28225925e-02]
 [-3.52461417e-01  6.79104889e+00 -2.03926403e-01  0.00000000e+00
  -5.90520519e-01 -1.93400178e-01]
 [-5.76560287e-02 -4.00262690e+00 -7.30097047e-02  0.00000000e+00
   4.40911407e-01 -1.38591493e-01]
 [-6.13162132e-01 -3.42117234e+00  0.00000000e+00  0.00000000e+00
   4.34268315e-01 -1.27257231e-01]
 [-3.37638169e-02 -4.06779536e+00  0.00000000e+00  0.00000000e+00
   9.20388702e-01 -1.65212596e-01]]
[03/30/2022, 06:02:13] computing sampling shap 1910:1920 within 44.0687 sec, 4.3216 on average
[03/30/2022, 06:02:13] instances left: 5
[03/30/2022, 06:02:13] estimating time left: 0:00:21.608000

[[-0.46736471 -3.35584369 -0.15308092  0.         -0.04968567 -0.13939188]
 [-0.27723366  6.65815352  0.          0.         -0.2854703   0.29923321]
 [-0.38480507 -3.51785844 -0.19510587  0.         -0.70860014 -0.19684989]
 [-0.28572982  6.77913589 -0.12024728  0.          0.0164846  -0.01625429]
 [-0.46306986 -3.43838852 -0.17934312  0.          0.43614151 -0.07360263]
 [-0.71246941 -3.350237    0.          0.          0.87590402 -0.07926324]
 [-0.41512763 -3.64468879 -0.07054312  0.          0.45490276  0.13302794]
 [-0.23726593 -3.62741214 -0.18288743  0.          0.38104673 -0.10799408]
 [-0.32821923 -3.32286084 -0.37419148  0.         -0.67281813 -0.22493548]
 [-0.39846469 -3.4679491  -0.25487191  0.          0.09523884 -0.16438356]]
[03/30/2022, 06:02:13] finish computing sampling shap for range: [7, 8] within 1166.82732 sec
