
Child #[0, 1]: psutil.Process(pid=128001, name='python', status='running', started='16:05:59'), affinity [0, 1]
Child #[0, 1]: Set my affinity to [0, 1], affinity now [0, 1]

[03/30/2022, 21:34:46] start anchor metrics
[03/30/2022, 21:35:12] start computing anchor from index: 0 to 1374 with config: 0.9999 0.6
[03/30/2022, 21:35:27] (9 / 1374) title: 9, abstract: 10, venue: 6, authors: 2, year: 7, n_citations: 6 within (15.088615 total / 1.5089 average)
estimate time left: 0:34:19.648500
[03/30/2022, 21:35:39] (19 / 1374) title: 18, abstract: 20, venue: 11, authors: 5, year: 12, n_citations: 11 within (27.286609 total / 1.3643 average)
estimate time left: 0:30:48.626500
[03/30/2022, 21:35:50] (29 / 1374) title: 28, abstract: 30, venue: 15, authors: 8, year: 17, n_citations: 16 within (37.702976 total / 1.2568 average)
estimate time left: 0:28:10.396000
[03/30/2022, 21:36:04] (39 / 1374) title: 38, abstract: 40, venue: 22, authors: 10, year: 25, n_citations: 23 within (52.335721 total / 1.3084 average)
estimate time left: 0:29:06.714000
[03/30/2022, 21:36:20] (49 / 1374) title: 48, abstract: 49, venue: 29, authors: 11, year: 35, n_citations: 26 within (67.886216 total / 1.3577 average)
estimate time left: 0:29:58.952500
[03/30/2022, 21:36:34] (59 / 1374) title: 57, abstract: 59, venue: 32, authors: 13, year: 40, n_citations: 31 within (82.243552 total / 1.3707 average)
estimate time left: 0:30:02.470500
[03/30/2022, 21:36:47] (69 / 1374) title: 66, abstract: 69, venue: 38, authors: 16, year: 47, n_citations: 34 within (95.117905 total / 1.3588 average)
estimate time left: 0:29:33.234000
[03/30/2022, 21:37:05] (79 / 1374) title: 76, abstract: 79, venue: 45, authors: 21, year: 53, n_citations: 42 within (112.490397 total / 1.4061 average)
estimate time left: 0:30:20.899500
[03/30/2022, 21:37:15] (89 / 1374) title: 85, abstract: 88, venue: 51, authors: 23, year: 58, n_citations: 47 within (122.61664 total / 1.3624 average)
estimate time left: 0:29:10.684000
[03/30/2022, 21:37:24] (99 / 1374) title: 94, abstract: 98, venue: 59, authors: 25, year: 63, n_citations: 52 within (132.2414 total / 1.3224 average)
estimate time left: 0:28:06.060000
[03/30/2022, 21:37:40] (109 / 1374) title: 103, abstract: 107, venue: 64, authors: 28, year: 69, n_citations: 57 within (148.124398 total / 1.3466 average)
estimate time left: 0:28:23.449000
[03/30/2022, 21:37:55] (119 / 1374) title: 112, abstract: 117, venue: 70, authors: 29, year: 75, n_citations: 62 within (162.660741 total / 1.3555 average)
estimate time left: 0:28:21.152500
[03/30/2022, 21:38:10] (129 / 1374) title: 121, abstract: 127, venue: 75, authors: 32, year: 82, n_citations: 69 within (178.151938 total / 1.3704 average)
estimate time left: 0:28:26.148000
[03/30/2022, 21:38:21] (139 / 1374) title: 130, abstract: 137, venue: 79, authors: 33, year: 89, n_citations: 75 within (189.275526 total / 1.352 average)
estimate time left: 0:27:49.720000
[03/30/2022, 21:38:34] (149 / 1374) title: 140, abstract: 147, venue: 86, authors: 34, year: 96, n_citations: 79 within (201.712557 total / 1.3448 average)
estimate time left: 0:27:27.380000
[03/30/2022, 21:38:46] (159 / 1374) title: 150, abstract: 157, venue: 93, authors: 36, year: 104, n_citations: 80 within (213.94145 total / 1.3371 average)
estimate time left: 0:27:04.576500
[03/30/2022, 21:38:58] (169 / 1374) title: 160, abstract: 167, venue: 102, authors: 37, year: 114, n_citations: 86 within (225.816771 total / 1.3283 average)
estimate time left: 0:26:40.601500
[03/30/2022, 21:39:13] (179 / 1374) title: 167, abstract: 177, venue: 108, authors: 37, year: 120, n_citations: 92 within (241.316721 total / 1.3406 average)
estimate time left: 0:26:42.017000
[03/30/2022, 21:39:27] (189 / 1374) title: 176, abstract: 187, venue: 111, authors: 38, year: 128, n_citations: 97 within (255.333843 total / 1.3439 average)
estimate time left: 0:26:32.521500
[03/30/2022, 21:39:43] (199 / 1374) title: 186, abstract: 197, venue: 115, authors: 41, year: 136, n_citations: 102 within (271.164926 total / 1.3558 average)
estimate time left: 0:26:33.065000
[03/30/2022, 21:39:54] (209 / 1374) title: 194, abstract: 207, venue: 116, authors: 42, year: 142, n_citations: 109 within (282.027422 total / 1.343 average)
estimate time left: 0:26:04.595000
[03/30/2022, 21:40:06] (219 / 1374) title: 203, abstract: 217, venue: 121, authors: 43, year: 148, n_citations: 113 within (293.58853 total / 1.3345 average)
estimate time left: 0:25:41.347500
[03/30/2022, 21:40:16] (229 / 1374) title: 213, abstract: 227, venue: 125, authors: 43, year: 155, n_citations: 117 within (303.793215 total / 1.3208 average)
estimate time left: 0:25:12.316000
[03/30/2022, 21:40:28] (239 / 1374) title: 222, abstract: 236, venue: 133, authors: 46, year: 158, n_citations: 123 within (315.551186 total / 1.3148 average)
estimate time left: 0:24:52.298000
[03/30/2022, 21:40:42] (249 / 1374) title: 231, abstract: 246, venue: 139, authors: 47, year: 166, n_citations: 130 within (330.427301 total / 1.3217 average)
estimate time left: 0:24:46.912500
[03/30/2022, 21:40:55] (259 / 1374) title: 240, abstract: 256, venue: 144, authors: 48, year: 175, n_citations: 132 within (342.720592 total / 1.3182 average)
estimate time left: 0:24:29.793000
[03/30/2022, 21:41:09] (269 / 1374) title: 250, abstract: 266, venue: 149, authors: 50, year: 184, n_citations: 139 within (357.023725 total / 1.3223 average)
estimate time left: 0:24:21.141500
[03/30/2022, 21:41:21] (279 / 1374) title: 258, abstract: 276, venue: 154, authors: 50, year: 190, n_citations: 142 within (369.342936 total / 1.3191 average)
estimate time left: 0:24:04.414500
[03/30/2022, 21:41:39] (289 / 1374) title: 266, abstract: 286, venue: 159, authors: 52, year: 200, n_citations: 151 within (387.353299 total / 1.3357 average)
estimate time left: 0:24:09.234500
[03/30/2022, 21:41:53] (299 / 1374) title: 276, abstract: 296, venue: 165, authors: 53, year: 207, n_citations: 158 within (401.088681 total / 1.337 average)
estimate time left: 0:23:57.275000
[03/30/2022, 21:42:04] (309 / 1374) title: 284, abstract: 306, venue: 170, authors: 54, year: 213, n_citations: 162 within (411.945168 total / 1.3289 average)
estimate time left: 0:23:35.278500
[03/30/2022, 21:42:15] (319 / 1374) title: 292, abstract: 316, venue: 175, authors: 55, year: 220, n_citations: 164 within (422.923757 total / 1.3216 average)
estimate time left: 0:23:14.288000
[03/30/2022, 21:42:30] (329 / 1374) title: 302, abstract: 326, venue: 180, authors: 58, year: 227, n_citations: 169 within (437.550163 total / 1.3259 average)
estimate time left: 0:23:05.565500
[03/30/2022, 21:42:42] (339 / 1374) title: 309, abstract: 336, venue: 182, authors: 60, year: 231, n_citations: 175 within (449.921003 total / 1.3233 average)
estimate time left: 0:22:49.615500
[03/30/2022, 21:42:55] (349 / 1374) title: 319, abstract: 346, venue: 183, authors: 61, year: 237, n_citations: 180 within (462.681374 total / 1.3219 average)
estimate time left: 0:22:34.947500
[03/30/2022, 21:43:09] (359 / 1374) title: 328, abstract: 356, venue: 188, authors: 65, year: 242, n_citations: 187 within (477.133048 total / 1.3254 average)
estimate time left: 0:22:25.281000
[03/30/2022, 21:43:22] (369 / 1374) title: 338, abstract: 366, venue: 192, authors: 66, year: 250, n_citations: 194 within (489.480593 total / 1.3229 average)
estimate time left: 0:22:09.514500
[03/30/2022, 21:43:32] (379 / 1374) title: 348, abstract: 376, venue: 198, authors: 67, year: 256, n_citations: 199 within (499.82849 total / 1.3153 average)
estimate time left: 0:21:48.723500
[03/30/2022, 21:43:48] (389 / 1374) title: 358, abstract: 386, venue: 207, authors: 70, year: 264, n_citations: 205 within (515.870267 total / 1.3227 average)
estimate time left: 0:21:42.859500
[03/30/2022, 21:43:59] (399 / 1374) title: 367, abstract: 396, venue: 214, authors: 72, year: 272, n_citations: 210 within (527.320172 total / 1.3183 average)
estimate time left: 0:21:25.342500
[03/30/2022, 21:44:13] (409 / 1374) title: 376, abstract: 406, venue: 216, authors: 73, year: 280, n_citations: 216 within (541.233483 total / 1.3201 average)
estimate time left: 0:21:13.896500
[03/30/2022, 21:44:28] (419 / 1374) title: 385, abstract: 416, venue: 220, authors: 77, year: 288, n_citations: 219 within (555.742091 total / 1.3232 average)
estimate time left: 0:21:03.656000
[03/30/2022, 21:44:43] (429 / 1374) title: 394, abstract: 426, venue: 227, authors: 78, year: 295, n_citations: 226 within (571.216749 total / 1.3284 average)
estimate time left: 0:20:55.338000
[03/30/2022, 21:44:53] (439 / 1374) title: 403, abstract: 436, venue: 233, authors: 79, year: 301, n_citations: 231 within (581.056333 total / 1.3206 average)
estimate time left: 0:20:34.761000
[03/30/2022, 21:45:07] (449 / 1374) title: 411, abstract: 446, venue: 241, authors: 80, year: 307, n_citations: 237 within (595.172621 total / 1.3226 average)
estimate time left: 0:20:23.405000
[03/30/2022, 21:45:19] (459 / 1374) title: 421, abstract: 456, venue: 246, authors: 82, year: 315, n_citations: 242 within (606.657105 total / 1.3188 average)
estimate time left: 0:20:06.702000
[03/30/2022, 21:45:32] (469 / 1374) title: 429, abstract: 466, venue: 253, authors: 83, year: 320, n_citations: 243 within (619.751212 total / 1.3186 average)
estimate time left: 0:19:53.333000
[03/30/2022, 21:45:45] (479 / 1374) title: 439, abstract: 476, venue: 259, authors: 85, year: 328, n_citations: 248 within (632.890922 total / 1.3185 average)
estimate time left: 0:19:40.057500
[03/30/2022, 21:45:57] (489 / 1374) title: 449, abstract: 486, venue: 263, authors: 86, year: 334, n_citations: 253 within (644.698973 total / 1.3157 average)
estimate time left: 0:19:24.394500
[03/30/2022, 21:46:07] (499 / 1374) title: 459, abstract: 496, venue: 270, authors: 86, year: 342, n_citations: 256 within (654.886423 total / 1.3098 average)
estimate time left: 0:19:06.075000
[03/30/2022, 21:46:24] (509 / 1374) title: 467, abstract: 506, venue: 278, authors: 86, year: 347, n_citations: 261 within (671.780022 total / 1.3172 average)
estimate time left: 0:18:59.378000
[03/30/2022, 21:46:40] (519 / 1374) title: 477, abstract: 516, venue: 283, authors: 88, year: 353, n_citations: 267 within (687.888247 total / 1.3229 average)
estimate time left: 0:18:51.079500
[03/30/2022, 21:46:49] (529 / 1374) title: 487, abstract: 526, venue: 289, authors: 88, year: 359, n_citations: 270 within (697.271352 total / 1.3156 average)
estimate time left: 0:18:31.682000
[03/30/2022, 21:47:00] (539 / 1374) title: 497, abstract: 536, venue: 294, authors: 89, year: 367, n_citations: 273 within (707.533808 total / 1.3102 average)
estimate time left: 0:18:14.017000
[03/30/2022, 21:47:12] (549 / 1374) title: 507, abstract: 546, venue: 302, authors: 92, year: 375, n_citations: 275 within (720.031523 total / 1.3091 average)
estimate time left: 0:18:00.007500
[03/30/2022, 21:47:21] (559 / 1374) title: 517, abstract: 556, venue: 306, authors: 92, year: 382, n_citations: 278 within (728.536393 total / 1.301 average)
estimate time left: 0:17:40.315000
[03/30/2022, 21:47:30] (569 / 1374) title: 527, abstract: 566, venue: 313, authors: 92, year: 389, n_citations: 283 within (738.324692 total / 1.2953 average)
estimate time left: 0:17:22.716500
[03/30/2022, 21:47:45] (579 / 1374) title: 535, abstract: 576, venue: 318, authors: 94, year: 397, n_citations: 287 within (753.478537 total / 1.2991 average)
estimate time left: 0:17:12.784500
[03/30/2022, 21:47:57] (589 / 1374) title: 545, abstract: 586, venue: 321, authors: 95, year: 404, n_citations: 295 within (764.542872 total / 1.2958 average)
estimate time left: 0:16:57.203000
[03/30/2022, 21:48:07] (599 / 1374) title: 555, abstract: 596, venue: 324, authors: 96, year: 411, n_citations: 297 within (774.90975 total / 1.2915 average)
estimate time left: 0:16:40.912500
[03/30/2022, 21:48:23] (609 / 1374) title: 564, abstract: 606, venue: 332, authors: 98, year: 418, n_citations: 304 within (791.108901 total / 1.2969 average)
estimate time left: 0:16:32.128500
[03/30/2022, 21:48:36] (619 / 1374) title: 572, abstract: 616, venue: 337, authors: 99, year: 424, n_citations: 310 within (803.973556 total / 1.2967 average)
estimate time left: 0:16:19.008500
[03/30/2022, 21:48:51] (629 / 1374) title: 580, abstract: 626, venue: 345, authors: 101, year: 432, n_citations: 313 within (819.038559 total / 1.3001 average)
estimate time left: 0:16:08.574500
[03/30/2022, 21:49:07] (639 / 1374) title: 590, abstract: 636, venue: 351, authors: 103, year: 440, n_citations: 316 within (834.977591 total / 1.3047 average)
estimate time left: 0:15:58.954500
[03/30/2022, 21:49:18] (649 / 1374) title: 600, abstract: 645, venue: 356, authors: 103, year: 446, n_citations: 319 within (846.220277 total / 1.3019 average)
estimate time left: 0:15:43.877500
[03/30/2022, 21:49:29] (659 / 1374) title: 608, abstract: 655, venue: 360, authors: 103, year: 453, n_citations: 323 within (856.906332 total / 1.2983 average)
estimate time left: 0:15:28.284500
[03/30/2022, 21:49:42] (669 / 1374) title: 618, abstract: 665, venue: 362, authors: 104, year: 460, n_citations: 329 within (870.202577 total / 1.2988 average)
estimate time left: 0:15:15.654000
[03/30/2022, 21:49:56] (679 / 1374) title: 627, abstract: 675, venue: 366, authors: 105, year: 469, n_citations: 337 within (884.165768 total / 1.3002 average)
estimate time left: 0:15:03.639000
[03/30/2022, 21:50:13] (689 / 1374) title: 636, abstract: 684, venue: 371, authors: 109, year: 477, n_citations: 343 within (900.916489 total / 1.3057 average)
estimate time left: 0:14:54.404500
[03/30/2022, 21:50:30] (699 / 1374) title: 646, abstract: 694, venue: 377, authors: 113, year: 484, n_citations: 348 within (917.825416 total / 1.3112 average)
estimate time left: 0:14:45.060000
[03/30/2022, 21:50:41] (709 / 1374) title: 656, abstract: 704, venue: 382, authors: 114, year: 490, n_citations: 353 within (929.255885 total / 1.3088 average)
estimate time left: 0:14:30.352000
[03/30/2022, 21:50:56] (719 / 1374) title: 665, abstract: 714, venue: 386, authors: 116, year: 499, n_citations: 357 within (944.121655 total / 1.3113 average)
estimate time left: 0:14:18.901500
[03/30/2022, 21:51:10] (729 / 1374) title: 672, abstract: 724, venue: 395, authors: 118, year: 508, n_citations: 361 within (958.154621 total / 1.3125 average)
estimate time left: 0:14:06.562500
[03/30/2022, 21:51:23] (739 / 1374) title: 681, abstract: 733, venue: 400, authors: 119, year: 515, n_citations: 366 within (970.495307 total / 1.3115 average)
estimate time left: 0:13:52.802500
[03/30/2022, 21:51:36] (749 / 1374) title: 688, abstract: 743, venue: 405, authors: 120, year: 520, n_citations: 367 within (983.71607 total / 1.3116 average)
estimate time left: 0:13:39.750000
[03/30/2022, 21:51:49] (759 / 1374) title: 697, abstract: 752, venue: 412, authors: 122, year: 525, n_citations: 375 within (996.789975 total / 1.3116 average)
estimate time left: 0:13:26.634000
[03/30/2022, 21:52:04] (769 / 1374) title: 707, abstract: 762, venue: 418, authors: 123, year: 532, n_citations: 380 within (1012.03344 total / 1.3143 average)
estimate time left: 0:13:15.151500
[03/30/2022, 21:52:16] (779 / 1374) title: 715, abstract: 772, venue: 422, authors: 124, year: 541, n_citations: 383 within (1023.785756 total / 1.3125 average)
estimate time left: 0:13:00.937500
[03/30/2022, 21:52:28] (789 / 1374) title: 724, abstract: 782, venue: 428, authors: 127, year: 550, n_citations: 386 within (1036.446373 total / 1.312 average)
estimate time left: 0:12:47.520000
[03/30/2022, 21:52:40] (799 / 1374) title: 731, abstract: 792, venue: 433, authors: 129, year: 555, n_citations: 389 within (1047.523952 total / 1.3094 average)
estimate time left: 0:12:32.905000
[03/30/2022, 21:52:50] (809 / 1374) title: 740, abstract: 802, venue: 440, authors: 131, year: 562, n_citations: 394 within (1058.201111 total / 1.3064 average)
estimate time left: 0:12:18.116000
[03/30/2022, 21:53:03] (819 / 1374) title: 750, abstract: 811, venue: 446, authors: 131, year: 568, n_citations: 398 within (1070.488057 total / 1.3055 average)
estimate time left: 0:12:04.552500
[03/30/2022, 21:53:19] (829 / 1374) title: 760, abstract: 820, venue: 452, authors: 134, year: 574, n_citations: 400 within (1086.898168 total / 1.3095 average)
estimate time left: 0:11:53.677500
[03/30/2022, 21:53:31] (839 / 1374) title: 770, abstract: 830, venue: 458, authors: 135, year: 582, n_citations: 405 within (1099.036123 total / 1.3084 average)
estimate time left: 0:11:39.994000
[03/30/2022, 21:53:43] (849 / 1374) title: 779, abstract: 840, venue: 464, authors: 136, year: 590, n_citations: 409 within (1111.454359 total / 1.3076 average)
estimate time left: 0:11:26.490000
[03/30/2022, 21:53:56] (859 / 1374) title: 789, abstract: 850, venue: 470, authors: 136, year: 596, n_citations: 413 within (1124.197517 total / 1.3072 average)
estimate time left: 0:11:13.208000
[03/30/2022, 21:54:13] (869 / 1374) title: 796, abstract: 860, venue: 477, authors: 137, year: 605, n_citations: 419 within (1141.377929 total / 1.3119 average)
estimate time left: 0:11:02.509500
[03/30/2022, 21:54:25] (879 / 1374) title: 804, abstract: 870, venue: 483, authors: 139, year: 611, n_citations: 426 within (1153.031608 total / 1.3103 average)
estimate time left: 0:10:48.598500
[03/30/2022, 21:54:38] (889 / 1374) title: 814, abstract: 880, venue: 492, authors: 140, year: 617, n_citations: 432 within (1165.601239 total / 1.3097 average)
estimate time left: 0:10:35.204500
[03/30/2022, 21:54:52] (899 / 1374) title: 822, abstract: 890, venue: 499, authors: 141, year: 625, n_citations: 436 within (1180.337018 total / 1.3115 average)
estimate time left: 0:10:22.962500
[03/30/2022, 21:55:08] (909 / 1374) title: 832, abstract: 900, venue: 503, authors: 143, year: 631, n_citations: 441 within (1195.737395 total / 1.314 average)
estimate time left: 0:10:11.010000
[03/30/2022, 21:55:18] (919 / 1374) title: 841, abstract: 910, venue: 508, authors: 144, year: 639, n_citations: 443 within (1205.823248 total / 1.3107 average)
estimate time left: 0:09:56.368500
[03/30/2022, 21:55:32] (929 / 1374) title: 849, abstract: 920, venue: 513, authors: 146, year: 645, n_citations: 449 within (1219.53176 total / 1.3113 average)
estimate time left: 0:09:43.528500
[03/30/2022, 21:55:45] (939 / 1374) title: 859, abstract: 930, venue: 520, authors: 147, year: 653, n_citations: 455 within (1233.120348 total / 1.3118 average)
estimate time left: 0:09:30.633000
[03/30/2022, 21:55:57] (949 / 1374) title: 868, abstract: 940, venue: 524, authors: 148, year: 661, n_citations: 460 within (1245.315284 total / 1.3109 average)
estimate time left: 0:09:17.132500
[03/30/2022, 21:56:10] (959 / 1374) title: 877, abstract: 950, venue: 530, authors: 150, year: 664, n_citations: 465 within (1257.786653 total / 1.3102 average)
estimate time left: 0:09:03.733000
[03/30/2022, 21:56:26] (969 / 1374) title: 886, abstract: 960, venue: 535, authors: 151, year: 674, n_citations: 472 within (1273.989126 total / 1.3134 average)
estimate time left: 0:08:51.927000
[03/30/2022, 21:56:39] (979 / 1374) title: 896, abstract: 970, venue: 542, authors: 154, year: 680, n_citations: 477 within (1287.170599 total / 1.3134 average)
estimate time left: 0:08:38.793000
[03/30/2022, 21:56:52] (989 / 1374) title: 905, abstract: 980, venue: 548, authors: 155, year: 687, n_citations: 480 within (1300.148011 total / 1.3133 average)
estimate time left: 0:08:25.620500
[03/30/2022, 21:57:06] (999 / 1374) title: 914, abstract: 990, venue: 554, authors: 155, year: 695, n_citations: 484 within (1313.491669 total / 1.3135 average)
estimate time left: 0:08:12.562500
[03/30/2022, 21:57:18] (1009 / 1374) title: 924, abstract: 1000, venue: 562, authors: 156, year: 703, n_citations: 487 within (1325.785274 total / 1.3127 average)
estimate time left: 0:07:59.135500
[03/30/2022, 21:57:31] (1019 / 1374) title: 933, abstract: 1010, venue: 569, authors: 158, year: 710, n_citations: 491 within (1338.81456 total / 1.3126 average)
estimate time left: 0:07:45.973000
[03/30/2022, 21:57:43] (1029 / 1374) title: 942, abstract: 1020, venue: 576, authors: 160, year: 717, n_citations: 495 within (1350.829179 total / 1.3115 average)
estimate time left: 0:07:32.467500
[03/30/2022, 21:57:58] (1039 / 1374) title: 950, abstract: 1030, venue: 583, authors: 163, year: 726, n_citations: 500 within (1366.174679 total / 1.3136 average)
estimate time left: 0:07:20.056000
[03/30/2022, 21:58:12] (1049 / 1374) title: 959, abstract: 1040, venue: 587, authors: 164, year: 732, n_citations: 506 within (1379.53619 total / 1.3138 average)
estimate time left: 0:07:06.985000
[03/30/2022, 21:58:26] (1059 / 1374) title: 968, abstract: 1050, venue: 594, authors: 165, year: 738, n_citations: 512 within (1393.935794 total / 1.315 average)
estimate time left: 0:06:54.225000
[03/30/2022, 21:58:40] (1069 / 1374) title: 977, abstract: 1060, venue: 600, authors: 166, year: 746, n_citations: 516 within (1407.787351 total / 1.3157 average)
estimate time left: 0:06:41.288500
[03/30/2022, 21:58:54] (1079 / 1374) title: 987, abstract: 1069, venue: 606, authors: 166, year: 754, n_citations: 522 within (1421.92425 total / 1.3166 average)
estimate time left: 0:06:28.397000
[03/30/2022, 21:59:09] (1089 / 1374) title: 995, abstract: 1079, venue: 610, authors: 168, year: 762, n_citations: 526 within (1437.18623 total / 1.3185 average)
estimate time left: 0:06:15.772500
[03/30/2022, 21:59:24] (1099 / 1374) title: 1004, abstract: 1089, venue: 614, authors: 170, year: 768, n_citations: 534 within (1451.612854 total / 1.3196 average)
estimate time left: 0:06:02.890000
[03/30/2022, 21:59:35] (1109 / 1374) title: 1013, abstract: 1099, venue: 622, authors: 170, year: 775, n_citations: 538 within (1463.141784 total / 1.3181 average)
estimate time left: 0:05:49.296500
[03/30/2022, 21:59:48] (1119 / 1374) title: 1023, abstract: 1109, venue: 628, authors: 170, year: 783, n_citations: 544 within (1476.38628 total / 1.3182 average)
estimate time left: 0:05:36.141000
[03/30/2022, 22:00:04] (1129 / 1374) title: 1033, abstract: 1119, venue: 634, authors: 172, year: 787, n_citations: 549 within (1491.537962 total / 1.3199 average)
estimate time left: 0:05:23.375500
[03/30/2022, 22:00:19] (1139 / 1374) title: 1043, abstract: 1129, venue: 639, authors: 176, year: 793, n_citations: 555 within (1506.734485 total / 1.3217 average)
estimate time left: 0:05:10.599500
[03/30/2022, 22:00:32] (1149 / 1374) title: 1053, abstract: 1138, venue: 647, authors: 178, year: 802, n_citations: 559 within (1520.381917 total / 1.3221 average)
estimate time left: 0:04:57.472500
[03/30/2022, 22:00:46] (1159 / 1374) title: 1061, abstract: 1148, venue: 651, authors: 182, year: 809, n_citations: 565 within (1533.610187 total / 1.3221 average)
estimate time left: 0:04:44.251500
[03/30/2022, 22:00:57] (1169 / 1374) title: 1069, abstract: 1157, venue: 658, authors: 184, year: 817, n_citations: 567 within (1545.40369 total / 1.3209 average)
estimate time left: 0:04:30.784500
[03/30/2022, 22:01:10] (1179 / 1374) title: 1078, abstract: 1167, venue: 663, authors: 186, year: 826, n_citations: 573 within (1558.041968 total / 1.3204 average)
estimate time left: 0:04:17.478000
[03/30/2022, 22:01:24] (1189 / 1374) title: 1088, abstract: 1177, venue: 671, authors: 188, year: 835, n_citations: 577 within (1571.798175 total / 1.3208 average)
estimate time left: 0:04:04.348000
[03/30/2022, 22:01:35] (1199 / 1374) title: 1097, abstract: 1187, venue: 674, authors: 191, year: 843, n_citations: 582 within (1583.062654 total / 1.3192 average)
estimate time left: 0:03:50.860000
[03/30/2022, 22:01:48] (1209 / 1374) title: 1106, abstract: 1197, venue: 682, authors: 192, year: 852, n_citations: 584 within (1596.038937 total / 1.319 average)
estimate time left: 0:03:37.635000
[03/30/2022, 22:02:01] (1219 / 1374) title: 1115, abstract: 1207, venue: 687, authors: 193, year: 860, n_citations: 588 within (1608.707864 total / 1.3186 average)
estimate time left: 0:03:24.383000
[03/30/2022, 22:02:13] (1229 / 1374) title: 1125, abstract: 1217, venue: 692, authors: 194, year: 867, n_citations: 592 within (1620.922879 total / 1.3178 average)
estimate time left: 0:03:11.081000
[03/30/2022, 22:02:27] (1239 / 1374) title: 1134, abstract: 1227, venue: 699, authors: 197, year: 874, n_citations: 597 within (1634.972945 total / 1.3185 average)
estimate time left: 0:02:57.997500
[03/30/2022, 22:02:43] (1249 / 1374) title: 1144, abstract: 1237, venue: 703, authors: 199, year: 884, n_citations: 602 within (1650.489416 total / 1.3204 average)
estimate time left: 0:02:45.050000
[03/30/2022, 22:02:57] (1259 / 1374) title: 1152, abstract: 1247, venue: 708, authors: 201, year: 891, n_citations: 609 within (1664.729387 total / 1.3212 average)
estimate time left: 0:02:31.938000
[03/30/2022, 22:03:11] (1269 / 1374) title: 1162, abstract: 1257, venue: 714, authors: 202, year: 900, n_citations: 611 within (1678.779577 total / 1.3219 average)
estimate time left: 0:02:18.799500
[03/30/2022, 22:03:24] (1279 / 1374) title: 1171, abstract: 1267, venue: 721, authors: 204, year: 907, n_citations: 617 within (1692.411158 total / 1.3222 average)
estimate time left: 0:02:05.609000
[03/30/2022, 22:03:36] (1289 / 1374) title: 1180, abstract: 1277, venue: 728, authors: 205, year: 913, n_citations: 620 within (1703.8474 total / 1.3208 average)
estimate time left: 0:01:52.268000
[03/30/2022, 22:03:52] (1299 / 1374) title: 1188, abstract: 1285, venue: 734, authors: 208, year: 919, n_citations: 624 within (1719.60973 total / 1.3228 average)
estimate time left: 0:01:39.210000
[03/30/2022, 22:04:03] (1309 / 1374) title: 1197, abstract: 1294, venue: 740, authors: 209, year: 925, n_citations: 628 within (1730.593517 total / 1.3211 average)
estimate time left: 0:01:25.871500
[03/30/2022, 22:04:15] (1319 / 1374) title: 1207, abstract: 1303, venue: 746, authors: 210, year: 931, n_citations: 631 within (1742.746044 total / 1.3203 average)
estimate time left: 0:01:12.616500
[03/30/2022, 22:04:31] (1329 / 1374) title: 1216, abstract: 1313, venue: 752, authors: 213, year: 940, n_citations: 638 within (1759.031255 total / 1.3226 average)
estimate time left: 0:00:59.517000
[03/30/2022, 22:04:43] (1339 / 1374) title: 1223, abstract: 1323, venue: 758, authors: 214, year: 946, n_citations: 644 within (1771.152155 total / 1.3218 average)
estimate time left: 0:00:46.263000
[03/30/2022, 22:04:59] (1349 / 1374) title: 1231, abstract: 1333, venue: 762, authors: 216, year: 953, n_citations: 648 within (1786.705216 total / 1.3235 average)
estimate time left: 0:00:33.087500
[03/30/2022, 22:05:13] (1359 / 1374) title: 1241, abstract: 1343, venue: 766, authors: 217, year: 961, n_citations: 653 within (1800.799609 total / 1.3241 average)
estimate time left: 0:00:19.861500
[03/30/2022, 22:05:24] (1369 / 1374) title: 1251, abstract: 1353, venue: 772, authors: 218, year: 967, n_citations: 659 within (1811.611303 total / 1.3223 average)
estimate time left: 0:00:06.611500
[03/30/2022, 22:05:32] end anchor metrics witin 1846.206778

