
[08/25/2022, 21:07:56] start computing sampling shap for range: [1, 1]
[08/25/2022, 21:08:26] computing sampling shap 0:1000 within 30.412 sec, 0.0304 on average
[08/25/2022, 21:08:26] instances left: 9995
[08/25/2022, 21:08:26] estimating time left: 0:05:03.848000

[[ 0.          0.          0.         -0.10293509  1.34103947  0.01587249]
 [ 0.          0.          0.         -0.11415114  0.18929144  0.02243643]
 [ 0.          0.         10.25330955 -0.10772824  1.00364255  0.11361131]
 ...
 [ 0.          0.          0.         -0.09688401  1.80370549  0.        ]
 [ 0.          0.          0.         -0.12462356  1.08090693  0.64362728]
 [ 0.         10.39385633  0.         -0.0900659   1.73226095  0.01358735]]
[08/25/2022, 21:08:56] computing sampling shap 1000:2000 within 30.1247 sec, 0.0303 on average
[08/25/2022, 21:08:56] instances left: 8995
[08/25/2022, 21:08:56] estimating time left: 0:04:32.548500

[[ 6.26289243  5.27854604  0.         -0.08942374  0.49091665  0.49980806]
 [ 0.          0.          0.         -0.09688401  1.80370549  0.        ]
 [ 0.          0.          0.         -0.10293509  1.32516698  0.        ]
 ...
 [ 0.          0.          0.         -0.11322481  0.28083972  0.03774213]
 [ 0.         10.44962974  0.         -0.10537068  0.21890272  0.04688051]
 [ 0.         10.43155354  0.         -0.0970433   1.28032617  0.        ]]
[08/25/2022, 21:09:26] computing sampling shap 2000:3000 within 29.78 sec, 0.0301 on average
[08/25/2022, 21:09:26] instances left: 7995
[08/25/2022, 21:09:26] estimating time left: 0:04:00.649500

[[ 0.          0.          0.         -0.11322481  0.32951687  0.08641928]
 [ 0.          0.          0.         -0.11909468 -0.0441251   0.8921801 ]
 [ 0.          0.          0.         -0.10293509  1.32516698  0.        ]
 ...
 [ 0.          0.          0.         -0.11415114  0.61731523  0.        ]
 [ 0.          0.          0.         -0.11415114  0.39679317  0.        ]
 [ 0.          0.          0.         -0.09688401  1.80370549  0.        ]]
[08/25/2022, 21:09:56] computing sampling shap 3000:4000 within 29.6089 sec, 0.03 on average
[08/25/2022, 21:09:56] instances left: 6995
[08/25/2022, 21:09:56] estimating time left: 0:03:29.850000

[[ 0.          0.          0.         -0.11415114  0.42002824  0.02323507]
 [ 0.         21.0998115   0.         -0.07962061 -0.11383125  0.17035255]
 [ 0.          0.          0.         -0.09688401  1.80370549  0.        ]
 ...
 [ 0.          0.          0.         -0.1105795   0.69955949  0.08347799]
 [ 0.          0.          0.         -0.10050949  1.38654476  0.06261151]
 [ 0.          0.          0.         -0.12764971  0.40232305  0.62355067]]
[08/25/2022, 21:10:26] computing sampling shap 4000:5000 within 29.7067 sec, 0.0299 on average
[08/25/2022, 21:10:26] instances left: 5995
[08/25/2022, 21:10:26] estimating time left: 0:02:59.250500

[[ 0.         20.91829931  0.         -0.0819704   1.59105209  0.        ]
 [ 0.          0.          0.         -0.1105795   0.50270853  0.10714908]
 [ 0.          0.          0.         -0.1232736   0.79830911  0.54984789]
 ...
 [ 0.          0.          0.         -0.12408501  0.468517    0.5930397 ]
 [ 0.          0.          0.         -0.11322481  0.26572155  0.10010026]
 [ 0.         10.44263294  0.         -0.10283822  0.49310489  0.26240716]]
[08/25/2022, 21:10:56] computing sampling shap 5000:6000 within 30.1644 sec, 0.03 on average
[08/25/2022, 21:10:56] instances left: 4995
[08/25/2022, 21:10:56] estimating time left: 0:02:29.850000

[[ 0.          0.          0.         -0.11322481  0.30022432  0.09794667]
 [ 0.         10.39136246  0.         -0.09099222  1.7186736   0.        ]
 [ 0.         10.46428784  0.         -0.10582372  0.21570263  0.06703783]
 ...
 [ 0.          0.          0.         -0.11027662  0.96918335  0.02893156]
 [ 0.          0.          0.         -0.12904212  0.84597941  0.73163633]
 [ 0.          0.          0.         -0.11398446  0.39401927  1.24641602]]
[08/25/2022, 21:11:26] computing sampling shap 6000:7000 within 30.0403 sec, 0.03 on average
[08/25/2022, 21:11:26] instances left: 3995
[08/25/2022, 21:11:26] estimating time left: 0:01:59.850000

[[ 0.00000000e+00  0.00000000e+00  0.00000000e+00 -1.14151135e-01
   2.53741629e-01  9.41032364e-03]
 [ 0.00000000e+00  0.00000000e+00  0.00000000e+00 -9.93634534e-02
   1.37153238e+00  4.75991296e-02]
 [ 0.00000000e+00  0.00000000e+00  0.00000000e+00 -1.16101405e-01
   3.19820838e-01  4.47876338e-01]
 ...
 [ 0.00000000e+00  0.00000000e+00  0.00000000e+00 -1.02008762e-01
   1.35293399e+00  2.77670148e-02]
 [ 0.00000000e+00  0.00000000e+00  0.00000000e+00 -1.01831878e-01
  -1.10163550e-01  1.35562721e-01]
 [ 0.00000000e+00  1.03913625e+01  0.00000000e+00 -9.09922223e-02
   1.71867360e+00  0.00000000e+00]]
[08/25/2022, 21:11:55] computing sampling shap 7000:8000 within 29.6744 sec, 0.0299 on average
[08/25/2022, 21:11:55] instances left: 2995
[08/25/2022, 21:11:55] estimating time left: 0:01:29.550500

[[ 0.00000000e+00  0.00000000e+00  0.00000000e+00 -1.29203744e-01
   4.81323869e-01  8.17441003e-01]
 [ 0.00000000e+00  0.00000000e+00  0.00000000e+00 -1.14151135e-01
   1.66855008e-01  0.00000000e+00]
 [ 0.00000000e+00  0.00000000e+00  0.00000000e+00 -9.93634534e-02
   1.37458917e+00  5.06559104e-02]
 ...
 [ 0.00000000e+00  0.00000000e+00  0.00000000e+00 -1.15510267e-01
   1.66116379e-01  6.20503201e-04]
 [ 0.00000000e+00  1.04555481e+01  0.00000000e+00 -1.03348816e-01
   9.36268406e-01  1.83482408e-02]
 [ 0.00000000e+00  0.00000000e+00  0.00000000e+00 -1.14151135e-01
   1.66855008e-01  0.00000000e+00]]
[08/25/2022, 21:12:25] computing sampling shap 8000:9000 within 29.5632 sec, 0.0299 on average
[08/25/2022, 21:12:25] instances left: 1995
[08/25/2022, 21:12:25] estimating time left: 0:00:59.650500

[[ 0.00000000e+00  0.00000000e+00  0.00000000e+00 -1.28808214e-01
   6.25424114e-01  9.49063012e-01]
 [ 0.00000000e+00  2.10657768e+01  0.00000000e+00 -8.56910175e-02
   2.10043239e-01  2.51426529e-01]
 [ 0.00000000e+00  0.00000000e+00  0.00000000e+00 -9.59576833e-02
   1.81479897e+00  1.10934794e-02]
 ...
 [ 0.00000000e+00  0.00000000e+00  0.00000000e+00 -1.26290578e-01
   4.14031635e-01  6.33900121e-01]
 [ 0.00000000e+00  0.00000000e+00  0.00000000e+00 -9.68840079e-02
   1.80370549e+00  0.00000000e+00]
 [ 0.00000000e+00  0.00000000e+00  0.00000000e+00 -1.05618704e-01
  -6.79641074e-02  5.75385691e-01]]
[08/25/2022, 21:12:55] computing sampling shap 9000:10000 within 29.7933 sec, 0.0299 on average
[08/25/2022, 21:12:55] instances left: 995
[08/25/2022, 21:12:55] estimating time left: 0:00:29.750500

[[ 0.          0.          0.         -0.09688401  1.80370549  0.        ]
 [ 0.          0.          0.         -0.11415114  0.61731523  0.        ]
 [ 0.         10.39136246  0.         -0.09099222  1.7186736   0.        ]
 ...
 [ 0.          0.          0.         -0.09595768  1.81479897  0.01109348]
 [ 0.          0.          0.         -0.10293509  1.32516698  0.        ]
 [ 6.33425908  5.31914196  0.         -0.07501596  0.30087866  0.02502421]]
[08/25/2022, 21:13:24] computing sampling shap 10000:10995 within 29.1673 sec, 0.0298 on average
[08/25/2022, 21:13:24] instances left: -5
[08/25/2022, 21:13:24] estimating time left: -1 day, 23:59:59.851000

[[ 0.          0.          0.         -0.09688401  1.80370549  0.        ]
 [ 0.          0.          0.         -0.09688401  1.80370549  0.        ]
 [ 0.          0.          0.         -0.09936345  1.37458917  0.05065591]
 ...
 [ 0.          0.          0.         -0.11111259  0.52431494  0.27932438]
 [ 0.          0.          0.         -0.10293509  1.34103947  0.01587249]
 [ 0.          0.          0.         -0.09688401  1.80370549  0.        ]]
[08/25/2022, 21:13:24] finish computing sampling shap for range: [1, 1] within 328.116424 sec
