Child #[6, 7]: psutil.Process(pid=4580, name='python', status='running', started='03:30:06'), affinity [6, 7]
Child #[6, 7]: Set my affinity to [6, 7], affinity now [6, 7]

[03/30/2022, 05:27:42] start computing sampling shap for range: [4, 8]
[03/30/2022, 05:28:23] computing sampling shap 825:835 within 40.7511 sec, 4.0751 on average
[03/30/2022, 05:28:23] instances left: 265
[03/30/2022, 05:28:23] estimating time left: 0:17:59.901500

[[-0.35750562 -3.6772839  -0.0748459   0.          0.88712787 -0.12387567]
 [-0.24925478  6.63926059  0.          0.         -0.73886256 -0.17237168]
 [-0.45219136 -3.44888925 -0.12692684  0.         -0.7401213   0.07567854]
 [-0.33184277 -3.62334658 -0.08441559  0.         -1.04850938  0.33909965]
 [-0.05146488 16.99426904 -0.13151627  0.         -0.69824002 -0.25854895]
 [-0.56125451 -3.31955318 -0.23330192  0.          0.88155871 -0.09071954]
 [-0.26885156 -3.76411025 -0.25945222  0.          0.21135491 -0.04817098]
 [-0.38767144 -3.6172344  -0.07375857  0.         -0.24198337  0.37829857]
 [-0.48091593 -3.44601909 -0.15754325  0.         -0.65887599 -0.179671  ]
 [-0.32427135  6.78216414 -0.17692795  0.          0.84728623 -0.16241223]]
[03/30/2022, 05:29:05] computing sampling shap 835:845 within 42.1172 sec, 4.1435 on average
[03/30/2022, 05:29:05] instances left: 255
[03/30/2022, 05:29:05] estimating time left: 0:17:36.592500

[[-3.93314892e-01 -2.44969983e+00  8.88149993e+00  0.00000000e+00
  -6.16579228e-01 -1.36016940e-01]
 [-2.90825894e-01 -3.87484799e+00  0.00000000e+00  0.00000000e+00
   1.36510035e-01  2.91474632e-01]
 [-2.65928788e-01 -3.63847372e+00 -2.20654415e-01  0.00000000e+00
  -2.39301609e-01 -1.85682445e-01]
 [-3.37774526e-01 -3.44353687e+00 -1.72520577e-01  0.00000000e+00
   7.44582003e-01 -1.14020290e-01]
 [-5.47106048e-01 -3.41113028e+00 -1.83344999e-01  0.00000000e+00
  -2.12015608e-01 -1.96443826e-01]
 [ 0.00000000e+00 -4.00033974e+00 -7.23138208e-02  0.00000000e+00
   8.77232781e-01 -1.27848673e-01]
 [ 5.17396598e+00  1.26833531e+01 -8.62871505e-02  0.00000000e+00
  -4.03127560e-01  1.27739100e-02]
 [-3.13355949e-01 -3.52034465e+00 -1.45824859e-01  0.00000000e+00
  -1.02253698e+00 -2.25521687e-01]
 [-3.58051936e-01 -3.79625591e+00  0.00000000e+00  0.00000000e+00
  -1.81960772e-01 -1.69010934e-01]
 [-3.99825578e-01 -3.51626074e+00 -1.67612027e-01  0.00000000e+00
  -7.24083288e-01  3.98051783e-03]]
[03/30/2022, 05:29:45] computing sampling shap 845:855 within 40.1872 sec, 4.102 on average
[03/30/2022, 05:29:45] instances left: 245
[03/30/2022, 05:29:45] estimating time left: 0:16:44.990000

[[-3.56219838e-02 -3.75064216e+00 -2.14503583e-01  7.33032201e-03
   7.56041775e-01 -1.08987700e-01]
 [-3.75874423e-01 -2.90965300e+00  9.39560725e+00  0.00000000e+00
  -6.29696906e-01  1.24605851e-01]
 [-6.09595201e-02  6.44509853e+00 -6.93717339e-02  0.00000000e+00
  -6.45897400e-01  1.09361705e-01]
 [-2.72108876e-01 -3.74721142e+00 -7.24615488e-02  0.00000000e+00
  -6.69388597e-01 -1.83853432e-01]
 [-8.22054053e-02 -4.00543973e+00  0.00000000e+00  0.00000000e+00
  -2.37614135e-01 -1.80020063e-01]
 [-2.80817228e-01 -3.68921354e+00 -7.14924148e-02  0.00000000e+00
  -1.12663314e+00  5.88658157e-01]
 [-4.62534611e-02  1.67802999e+01  0.00000000e+00  0.00000000e+00
   3.94693888e-01 -1.09672619e-01]
 [-3.84820131e-01 -3.71022496e+00  0.00000000e+00  0.00000000e+00
   1.14695094e-01  2.53807209e-01]
 [-1.42112627e-01  6.34871014e+00  0.00000000e+00  0.00000000e+00
   5.10658348e-01 -1.55624252e-01]
 [-3.29147674e-02  1.69997722e+01  0.00000000e+00  0.00000000e+00
   3.22579194e-01 -1.39537071e-01]]
[03/30/2022, 05:30:26] computing sampling shap 855:865 within 40.7485 sec, 4.0953 on average
[03/30/2022, 05:30:26] instances left: 235
[03/30/2022, 05:30:26] estimating time left: 0:16:02.395500

[[-2.16348980e-01  6.68977467e+00 -1.21896680e-01  0.00000000e+00
   3.41892924e-01 -1.31790809e-01]
 [-3.02060262e-01 -3.77482760e+00 -7.33042485e-02  0.00000000e+00
   4.72560711e-01 -4.96915255e-02]
 [-4.05273701e-01 -3.56142862e+00 -7.74879817e-02  0.00000000e+00
   8.19551769e-01 -6.43614480e-02]
 [-3.68558380e-01 -3.72366044e+00  0.00000000e+00  0.00000000e+00
  -2.92094270e-01  8.91548624e-01]
 [-3.54980486e-01 -3.71886553e+00  0.00000000e+00  0.00000000e+00
  -2.64400492e-01 -1.53264499e-01]
 [-2.89521131e-01 -3.68020799e+00  0.00000000e+00  0.00000000e+00
   3.43316571e-01 -2.04560403e-01]
 [-3.43712302e-01 -3.73261785e+00  0.00000000e+00  0.00000000e+00
   8.88522157e-01 -1.58575413e-01]
 [-3.34075691e-01 -3.62819416e+00 -2.19574289e-01  0.00000000e+00
  -1.66786946e-01 -1.56648315e-01]
 [-4.56654126e-01 -3.36498275e+00 -1.67421787e-01  0.00000000e+00
  -5.64621810e-03  9.20769060e-02]
 [-4.04753996e-01 -3.74187776e+00  0.00000000e+00  0.00000000e+00
   9.47956104e-01 -1.47707474e-01]]
[03/30/2022, 05:31:07] computing sampling shap 865:875 within 41.1306 sec, 4.0989 on average
[03/30/2022, 05:31:07] instances left: 225
[03/30/2022, 05:31:07] estimating time left: 0:15:22.252500

[[-4.57437423e-01 -3.34843154e+00 -2.79222538e-01  0.00000000e+00
   8.05510154e-01  1.08354979e-01]
 [ 1.12208070e+01  8.57713727e+00  0.00000000e+00  0.00000000e+00
  -5.75800992e-01 -4.93032009e-02]
 [-5.70834661e-01 -3.38284960e+00 -1.81325176e-01  0.00000000e+00
  -6.66501596e-01 -1.54117122e-01]
 [-3.25987346e-01 -3.85517995e+00  0.00000000e+00  0.00000000e+00
  -3.38562712e-01 -2.04362639e-01]
 [-4.38373858e-01 -3.58151573e+00  0.00000000e+00  0.00000000e+00
   3.82589746e-01  1.94265021e-01]
 [-4.88529910e-01 -3.72274586e+00  0.00000000e+00  0.00000000e+00
  -5.80702518e-01 -8.62972231e-03]
 [-3.31229274e-01  6.77313826e+00 -7.34459693e-02  0.00000000e+00
  -2.74836934e-01 -1.03516246e-01]
 [-4.16014658e-01 -3.66437079e+00  0.00000000e+00  0.00000000e+00
   8.74848186e-01 -1.40846267e-01]
 [-2.55505403e-01 -3.65773390e+00 -1.52396096e-01  0.00000000e+00
   7.48700098e-01  1.54785237e-01]
 [-2.40586890e-01  6.74100907e+00 -1.28015370e-01  0.00000000e+00
   1.80351047e-02 -1.75013316e-01]]
[03/30/2022, 05:31:48] computing sampling shap 875:885 within 40.2686 sec, 4.0869 on average
[03/30/2022, 05:31:48] instances left: 215
[03/30/2022, 05:31:48] estimating time left: 0:14:38.683500

[[-0.2534424  -3.78891512  0.         -0.07130352 -1.34933679  0.25864429]
 [-0.26780979 -3.85521479 -0.07346857  0.         -0.50984433  0.56730413]
 [-0.24232665 -3.44800407 -0.39341819  0.         -0.26515111 -0.14261093]
 [-0.35256139 -3.68482959  0.          0.          0.37878992 -0.17237167]
 [-0.49308679 -3.54563164  0.          0.          0.36595875  0.04565449]
 [-0.30227112  6.73633065 -0.12496577  0.         -0.47884885  0.81280562]
 [-0.37914081  6.67953185  0.          0.         -0.46303982  0.38478995]
 [-0.23745355  6.53941122  0.          0.         -0.47792302 -0.07526518]
 [-0.03971901 -3.98490851  0.          0.00676429 -0.77332077 -0.21203498]
 [-0.43981788 -3.40434803 -0.14942044  0.         -0.81578214 -0.2051208 ]]
[03/30/2022, 05:32:32] computing sampling shap 885:895 within 44.265 sec, 4.1354 on average
[03/30/2022, 05:32:32] instances left: 205
[03/30/2022, 05:32:32] estimating time left: 0:14:07.757000

[[ 5.38350869  2.09434547  0.          0.         -0.38607398  0.18988887]
 [ 4.61172986  2.65946753  0.          0.          0.84982875 -0.1300931 ]
 [-0.56493776 -3.38315505 -0.27576627  0.          0.5319958  -0.13910992]
 [-0.23537306  6.6226407  -0.0806762   0.          0.42176994  0.09140819]
 [-0.26588545 -3.68890015 -0.14523205  0.          0.06571894 -0.03612849]
 [-0.28779758 -3.82434842 -0.10981779  0.         -0.50129778 -0.13958896]
 [ 4.98861461  2.70010289 -0.08314623  0.         -0.16498355 -0.0634625 ]
 [-0.13633653 -3.75098022 -0.07468557 -0.07224199  0.42572408 -0.22245267]
 [-0.20175395 -3.76527854 -0.12083087  0.          0.03555602 -0.11305923]
 [-0.59195265 -3.33099628 -0.15354214  0.          0.86655291 -0.0790618 ]]
[03/30/2022, 05:33:12] computing sampling shap 895:905 within 40.4146 sec, 4.1237 on average
[03/30/2022, 05:33:12] instances left: 195
[03/30/2022, 05:33:12] estimating time left: 0:13:24.121500

[[-2.06064230e-01 -3.71554340e+00 -1.59716457e-01  0.00000000e+00
   5.07859668e-02 -1.34828519e-01]
 [ 4.63949026e+00  2.95430303e+00  0.00000000e+00 -8.23208518e-02
   1.82110538e-01 -4.94496297e-02]
 [-2.54550060e-01  6.70158036e+00 -7.22243104e-02  0.00000000e+00
   7.21143976e-01 -1.30111129e-01]
 [-1.68730429e-01  6.51780519e+00 -7.63601992e-02  0.00000000e+00
  -1.43972696e+00  3.12537367e-02]
 [-2.27656304e-01  6.50438251e+00 -7.07884674e-02  0.00000000e+00
  -5.08603718e-01  2.41445211e-01]
 [-1.61300218e-01  6.64643939e+00 -1.49708989e-01  6.08039807e-03
  -4.85227277e-01  9.56285915e-01]
 [-1.96546583e-01 -3.80693923e+00  0.00000000e+00  0.00000000e+00
   3.68556235e-01 -1.96043292e-01]
 [-3.08460281e-01  6.65226465e+00  0.00000000e+00  0.00000000e+00
  -1.90938657e-01  2.41817362e-01]
 [-4.69490867e-01 -3.47893328e+00 -1.42485847e-01  0.00000000e+00
  -1.51976560e+00 -1.97869661e-01]
 [-5.60386597e-01 -3.58777366e+00  0.00000000e+00  0.00000000e+00
  -3.86067462e-01  4.32910352e-02]]
[03/30/2022, 05:33:53] computing sampling shap 905:915 within 40.6444 sec, 4.1172 on average
[03/30/2022, 05:33:53] instances left: 185
[03/30/2022, 05:33:53] estimating time left: 0:12:41.682000

[[-2.34747807e-02  1.68868750e+01 -1.09395268e-01  0.00000000e+00
  -3.14859575e-01  4.87752343e-01]
 [-3.75914141e-01 -3.70065759e+00  0.00000000e+00  0.00000000e+00
  -6.14952518e-01 -5.60628553e-02]
 [-4.95658500e-01 -3.49137915e+00  0.00000000e+00  0.00000000e+00
  -6.86451786e-01  4.71438631e-01]
 [-1.07735187e-01 -3.75570993e+00 -2.88488087e-01  0.00000000e+00
  -6.35733029e-01 -1.76178214e-01]
 [-3.29682165e-01 -3.59685831e+00 -3.34867031e-01  0.00000000e+00
  -5.74093860e-01 -1.28954833e-01]
 [-1.26483826e-02 -4.01369191e+00 -1.18179956e-01  0.00000000e+00
   1.31049391e-01 -1.76959229e-01]
 [ 5.37723569e+00  2.23570168e+00 -1.99858931e-01  0.00000000e+00
   6.95519693e-01  1.74810997e-02]
 [-3.72721855e-01 -3.65893802e+00 -1.98388489e-01  0.00000000e+00
  -4.79029047e-01  7.03406170e-01]
 [-3.30428051e-01 -3.70844248e+00 -7.38901900e-02  0.00000000e+00
  -1.27110679e+00 -7.83033135e-02]
 [-3.86448881e-01  6.66183947e+00  0.00000000e+00  0.00000000e+00
   9.11217922e-02 -1.04220540e-02]]
[03/30/2022, 05:34:37] computing sampling shap 915:925 within 43.6922 sec, 4.1424 on average
[03/30/2022, 05:34:37] instances left: 175
[03/30/2022, 05:34:37] estimating time left: 0:12:04.920000

[[-0.42729945 -3.40091758 -0.14586473  0.          0.34398605 -0.1691325 ]
 [-0.36116371 -3.68485977 -0.07553603  0.         -0.62348785  0.13774732]
 [-0.37466023 -3.49662498 -0.27303724  0.          0.93772906 -0.13978998]
 [-0.24224307  6.65985152  0.          0.          0.28368255 -0.01086024]
 [-0.19933497 -3.66640783 -0.14004703  0.         -0.30849467 -0.2357565 ]
 [-0.29044503 -3.73232355 -0.0771249   0.          0.0726916   0.48735271]
 [ 4.87458596  2.46655991  0.          0.         -0.87325552  0.96511357]
 [-0.3134624   6.82933827 -0.17229232  0.          0.76508999 -0.14283469]
 [-0.12338339  6.58743956 -0.13653111  0.         -0.21322256 -0.04317034]
 [-0.31761744 -3.54021505 -0.15972743  0.          0.81638944 -0.14521316]]
[03/30/2022, 05:35:20] computing sampling shap 925:935 within 42.9261 sec, 4.1561 on average
[03/30/2022, 05:35:20] instances left: 165
[03/30/2022, 05:35:20] estimating time left: 0:11:25.756500

[[-0.07657777  6.32649398  0.          0.         -0.52548326 -0.02554408]
 [-0.19355886 -3.64670837 -0.24307579  0.          0.87311933 -0.0688797 ]
 [-0.3845145  -3.60646237 -0.07626335  0.         -0.75151762 -0.18446184]
 [-0.1980536   6.62425535 -0.16066992  0.          0.45600386 -0.09596234]
 [-0.44498521 -3.36927624 -0.27273946  0.         -0.63595481  0.3234018 ]
 [-0.436249   -3.36561052 -0.2832486   0.         -0.2905137  -0.17441893]
 [-0.32512181  6.69168051 -0.08011497  0.         -0.64158786 -0.10253367]
 [-0.12895762  6.49628043  0.          0.          0.75839388 -0.15987758]
 [-0.24236538 -3.75057249 -0.13059991  0.          0.09953582  0.18898962]
 [-0.18486349  6.51740195  0.          0.         -0.64258958  0.16361334]]
[03/30/2022, 05:35:59] computing sampling shap 935:945 within 39.6579 sec, 4.1402 on average
[03/30/2022, 05:35:59] instances left: 155
[03/30/2022, 05:35:59] estimating time left: 0:10:41.731000

[[-0.29838615 -3.64703558 -0.20558038  0.         -0.57278745 -0.13906056]
 [-0.1869953  -3.7625066   0.          0.          0.28748402 -0.04254028]
 [-0.09802355 -3.72946433 -0.38565847  0.          0.54896176 -0.11032813]
 [-0.39258128 -3.62491373  0.          0.          0.76150258 -0.01007282]
 [-0.24686588 -3.83886228  0.          0.         -0.25573855  0.07365068]
 [-0.27469553 -3.45301199 -0.3544283   0.          0.87510169 -0.13934951]
 [-0.4660054   6.80337575  0.          0.          0.40185137 -0.17759008]
 [-0.41795866 -3.60464402 -0.0764596   0.          0.83364463  0.0498068 ]
 [-0.26353833  6.57465823 -0.10726753  0.         -0.32542258  0.32731245]
 [-0.50867683 -3.52628044  0.          0.          0.83701951 -0.14844574]]
[03/30/2022, 05:36:42] computing sampling shap 945:955 within 42.4165 sec, 4.148 on average
[03/30/2022, 05:36:42] instances left: 145
[03/30/2022, 05:36:42] estimating time left: 0:10:01.460000

[[-0.27726174 -3.74425542 -0.1618164   0.          1.02408263 -0.1871325 ]
 [-0.22045561 -3.57620907 -0.30540988  0.          0.08016562  0.30446847]
 [-0.19489586 -3.82884602  0.          0.          0.7722918  -0.09493326]
 [-0.35186007 -3.58710928 -0.06824025 -0.06649772 -0.48039797 -0.00758499]
 [-0.14547976 -3.70364999 -0.23501036  0.         -0.42937016 -0.0404166 ]
 [-0.32762115  6.8065621  -0.12508549  0.         -0.26546585 -0.19563699]
 [-0.37306975 -3.4411307  -0.24263974  0.         -0.46927185 -0.03557863]
 [-0.24619916 -3.83660419  0.          0.          0.86923589 -0.1328158 ]
 [-0.0254406  -3.9034949  -0.07773994  0.         -0.47094487  0.20338434]
 [-0.42694786 -3.27624518 -0.30126931  0.          0.81355575 -0.15547698]]
[03/30/2022, 05:37:23] computing sampling shap 955:965 within 41.2227 sec, 4.1462 on average
[03/30/2022, 05:37:23] instances left: 135
[03/30/2022, 05:37:23] estimating time left: 0:09:19.737000

[[-0.51517622 -3.64281279 -0.07206444  0.          0.55635643 -0.10081579]
 [-0.32070981  6.66185009  0.          0.          0.0450046   0.01050169]
 [-0.35722617 -3.71328548 -0.07279052  0.         -0.24288459 -0.07696904]
 [10.0575927  -2.45421306 -0.16258581  0.         -0.52332838 -0.16437982]
 [-0.36590137 -3.46104619 -0.22024368  0.         -1.03331555 -0.14707777]
 [-0.40857634 -3.6502688   0.          0.          0.06802941 -0.23334054]
 [-0.12391985  6.55601782 -0.07047466  0.         -0.6658033   0.08653576]
 [-0.03564126 -3.79178673 -0.25952912  0.         -0.17978402  0.39389785]
 [-0.44568948 -3.51117054 -0.13504957  0.          0.89203882 -0.06619464]
 [-0.07528192  2.53538053  3.83048671  0.         -0.66201458  0.03829119]]
[03/30/2022, 05:38:07] computing sampling shap 965:975 within 43.9833 sec, 4.163 on average
[03/30/2022, 05:38:07] instances left: 125
[03/30/2022, 05:38:07] estimating time left: 0:08:40.375000

[[-3.54228511e-02  6.48057368e+00 -7.53351033e-02  0.00000000e+00
  -7.10229588e-01 -2.08845525e-01]
 [-3.54522024e-01 -3.71130852e+00  0.00000000e+00  0.00000000e+00
   8.61438172e-01 -1.41991236e-01]
 [-2.22918447e-01  6.67126367e+00  0.00000000e+00  0.00000000e+00
  -6.79802437e-01  4.03231693e-01]
 [-5.13639662e-01 -3.38527210e+00 -1.85339954e-01  0.00000000e+00
   4.00661395e-01 -6.12690364e-03]
 [-2.23299466e-01  6.60037794e+00  0.00000000e+00  0.00000000e+00
  -1.49164924e+00 -1.55250766e-01]
 [-5.86532989e-01 -3.45981780e+00 -7.52601194e-02  0.00000000e+00
   4.72287356e-01  1.74304787e-01]
 [-4.21341401e-01 -3.59460672e+00  0.00000000e+00  0.00000000e+00
   3.95360576e-01 -1.53925243e-01]
 [-1.92080131e-01 -3.61910258e+00 -1.60058780e-01  0.00000000e+00
  -7.04004438e-01 -1.87604334e-01]
 [-3.51645624e-01 -3.70024240e+00 -7.45628041e-02  0.00000000e+00
   9.24740536e-01 -8.72894600e-02]
 [-1.19825523e-01  6.43655560e+00 -7.62885994e-02  0.00000000e+00
  -3.70007269e-01  1.71667645e-01]]
[03/30/2022, 05:38:51] computing sampling shap 975:985 within 43.7783 sec, 4.1765 on average
[03/30/2022, 05:38:51] instances left: 115
[03/30/2022, 05:38:51] estimating time left: 0:08:00.297500

[[-0.27379297  6.54623039  0.          0.          0.82052489 -0.12712345]
 [-0.46056965 -3.54740712 -0.07628879  0.          0.88002427 -0.14214233]
 [-0.1166927   6.6577891  -0.17143691  0.          0.77122643 -0.14445187]
 [-0.47328543 -3.58255062 -0.07498264  0.         -0.545007    0.14701363]
 [-0.46176822 -3.65645729  0.          0.         -0.41882573 -0.01687538]
 [-0.195635   -3.68287836 -0.31691927  0.         -0.14609598  0.74555485]
 [-0.59479291 -3.51158174  0.          0.         -0.56774818 -0.2300815 ]
 [-0.12772496  6.62495747 -0.19819606  0.         -0.2489781   0.13925375]
 [-0.21008757 -3.48046909 -0.37957134 -0.06523557 -0.23260173  0.43471829]
 [ 4.93990416  2.75673821 -0.19413291  0.          0.40520029 -0.06556373]]
[03/30/2022, 05:39:31] computing sampling shap 985:995 within 40.6602 sec, 4.17 on average
[03/30/2022, 05:39:31] instances left: 105
[03/30/2022, 05:39:31] estimating time left: 0:07:17.850000

[[-3.20317929e-01 -3.68577542e+00 -1.57671577e-01  0.00000000e+00
  -5.22281699e-01  3.76878551e-02]
 [-2.04470832e-01  6.74439679e+00 -1.87102068e-01  0.00000000e+00
  -1.15426759e+00  3.68858468e-01]
 [ 4.75856577e+00  2.67455651e+00  0.00000000e+00  0.00000000e+00
  -5.67420765e-01  4.84735551e-01]
 [-1.20443802e-01  6.39030059e+00 -7.19343232e-02  0.00000000e+00
   5.13649970e-01  1.53178309e-01]
 [-3.51700337e-01 -3.66684333e+00 -1.52955226e-01  0.00000000e+00
  -1.75009699e-01 -3.42382774e-02]
 [-7.07440255e-02  1.27641746e+01  4.07425079e+00  0.00000000e+00
  -5.12077248e-01  1.08439790e-01]
 [-3.65622190e-01 -3.60413417e+00 -7.53707427e-02  0.00000000e+00
   4.32362365e-01 -7.69523477e-02]
 [-4.25460878e-01 -3.63108357e+00  0.00000000e+00  0.00000000e+00
   3.90368048e-01 -6.11471430e-02]
 [-1.26017769e-01  6.47145606e+00 -7.24441853e-02  0.00000000e+00
  -3.91895011e-01 -1.74499684e-01]
 [-4.11325641e-01 -3.61232150e+00 -9.17151695e-02  0.00000000e+00
   5.59292326e-02  1.11192716e-02]]
[03/30/2022, 05:40:12] computing sampling shap 995:1005 within 40.4334 sec, 4.163 on average
[03/30/2022, 05:40:12] instances left: 95
[03/30/2022, 05:40:12] estimating time left: 0:06:35.485000

[[-1.51988764e-01  6.53414788e+00  0.00000000e+00  0.00000000e+00
   7.11672153e-01 -1.27992617e-01]
 [-4.63179710e-02  6.40517948e+00 -7.06914330e-02  0.00000000e+00
  -5.19768743e-01  8.65889192e-01]
 [-3.40649693e-01 -3.43798138e+00 -2.03112293e-01  0.00000000e+00
  -5.26588549e-01  4.68217334e-01]
 [-3.39359108e-01 -3.73927856e+00 -7.10212650e-02  0.00000000e+00
  -1.87116871e-01 -8.74505951e-02]
 [-2.54215381e-01  6.76155674e+00 -7.46711927e-02  0.00000000e+00
   3.26382333e-01 -1.97421225e-01]
 [-3.85280175e-01 -3.70606080e+00  0.00000000e+00  0.00000000e+00
   8.77334579e-01 -6.50965090e-02]
 [-4.88166377e-01 -3.62158048e+00 -7.35834826e-02  0.00000000e+00
   9.39593614e-02  1.88798366e-01]
 [-1.17955238e-01  6.72013231e+00 -1.76258112e-01  0.00000000e+00
   1.05947828e-03 -1.73367724e-01]
 [-5.12207305e-02  6.46951957e+00 -7.40837007e-02  6.71751934e-03
  -2.63136060e-01  3.06886459e-01]
 [-2.66191621e-01  6.87192127e+00 -2.38671321e-01  0.00000000e+00
  -6.70762718e-01 -1.48721746e-02]]
[03/30/2022, 05:40:53] computing sampling shap 1005:1015 within 41.2974 sec, 4.1612 on average
[03/30/2022, 05:40:53] instances left: 85
[03/30/2022, 05:40:53] estimating time left: 0:05:53.702000

[[-0.10386275 -3.88060444 -0.07762244  0.         -0.2848987  -0.20305226]
 [-0.23655102  6.63309202 -0.1114043   0.         -1.47954691 -0.15986485]
 [-0.43958302 -3.45897604 -0.20047358  0.          0.87801496 -0.06798192]
 [-0.44784854 -3.34463679 -0.21689398  0.         -0.03515561 -0.14589596]
 [-0.38529361 -3.86938087  0.          0.          0.60803072 -0.0867929 ]
 [-0.31565997  6.55852786  0.          0.          0.11168004  0.59381094]
 [ 0.          6.3473279   0.          0.          0.76111202 -0.11200592]
 [ 5.52082322  2.1548939  -0.08690163  0.         -0.15494128 -0.11946782]
 [-0.53852353 -3.59210722  0.          0.         -0.23070421 -0.13017592]
 [-0.38229123 -3.63724852 -0.06744715  0.          0.43574359 -0.17972981]]
[03/30/2022, 05:41:35] computing sampling shap 1015:1025 within 41.7113 sec, 4.1617 on average
[03/30/2022, 05:41:35] instances left: 75
[03/30/2022, 05:41:35] estimating time left: 0:05:12.127500

[[-0.44260997 -3.59642889 -0.07208126  0.          0.43270162 -0.03984428]
 [-0.30431029 -3.63321957 -0.18827831  0.          0.90185385 -0.0650454 ]
 [-0.05340538  6.54434573 -0.23357325  0.         -0.49169945  0.15767408]
 [-0.31909974 -3.59136663 -0.12479376 -0.07370047  0.43693545 -0.12720308]
 [-0.3286317  -3.71379317 -0.07766976  0.          0.93723134 -0.16352019]
 [-0.07606469  6.38037948  0.          0.         -0.21737014 -0.0968348 ]
 [-0.01339205 -3.86649419 -0.2845299   0.         -0.57804279 -0.16174511]
 [-0.19847887 -3.66213975 -0.18011144  0.          0.3914195  -0.18166237]
 [-0.19031987 -3.76297743 -0.13595912  0.          0.41051456 -0.15223119]
 [-0.03661989  6.5708842  -0.22238028  0.          0.39467546  0.06616751]]
[03/30/2022, 05:42:15] computing sampling shap 1025:1035 within 40.4936 sec, 4.1564 on average
[03/30/2022, 05:42:15] instances left: 65
[03/30/2022, 05:42:15] estimating time left: 0:04:30.166000

[[-0.2975546  -2.19776991 -0.0777516   8.48884788  0.7573949  -0.20743915]
 [-0.35996459 -3.55121162 -0.25295418  0.         -0.14019024  0.37107342]
 [-0.25173305 -3.67676644 -0.24895324  0.          0.49877331 -0.1522936 ]
 [-0.28452469 -3.78919423  0.          0.         -0.62173329 -0.18192053]
 [-0.34506969 -3.79985137  0.          0.          0.47455313 -0.12886004]
 [-0.16262361  6.50830146 -0.0702768   0.          0.4215325   0.20848528]
 [-0.22725534 -3.73237099 -0.11410439  0.          0.43009813  0.16861408]
 [-0.2492222  -2.26737451  8.63578493  0.         -0.66794013 -0.18609055]
 [-0.37999437 -3.55906692 -0.16281732  0.          0.44847458 -0.17756939]
 [-0.54516804 -3.57009971  0.          0.          0.89013076 -0.12124622]]
[03/30/2022, 05:42:57] computing sampling shap 1035:1045 within 41.8997 sec, 4.1579 on average
[03/30/2022, 05:42:57] instances left: 55
[03/30/2022, 05:42:57] estimating time left: 0:03:48.684500

[[-0.44053373 -3.34772888 -0.22895185  0.         -0.52929699 -0.14289305]
 [-0.55025176 -3.64729196  0.          0.         -0.08275243  0.31548796]
 [-0.26889384 -3.57398358 -0.20302613  0.         -0.33129028 -0.1143171 ]
 [-0.49970585 -3.65498828  0.          0.          0.49060499 -0.11042339]
 [-0.45644041 -3.6134249   0.          0.          0.84712719 -0.12364526]
 [-0.07463097  6.3818037   0.          0.          0.80466262 -0.14599663]
 [-0.14341741 -3.81320652 -0.15464059  0.          0.42834577  0.08432318]
 [-0.18318789  6.56663424  0.          0.         -0.72137897  0.0974778 ]
 [-0.4907943  -3.67692414  0.          0.         -0.56771519  0.22676211]
 [-0.12542407  6.42670395  0.          0.          0.83037789 -0.1658188 ]]
[03/30/2022, 05:43:39] computing sampling shap 1045:1055 within 42.2611 sec, 4.1609 on average
[03/30/2022, 05:43:39] instances left: 45
[03/30/2022, 05:43:39] estimating time left: 0:03:07.240500

[[-0.26068276 -3.73542804 -0.07509928  0.         -0.23437453  0.5132303 ]
 [-0.5570093  -3.42527837 -0.07966216  0.          0.06190791 -0.19038883]
 [-0.48675113 -3.46746484 -0.1687887   0.          0.47587445  0.16714403]
 [-0.62901463 -3.61369273  0.          0.         -0.17343254 -0.07537108]
 [-0.52708957 -3.53917803  0.          0.         -0.69907987 -0.23515347]
 [-0.30523124 -3.54103014 -0.22162166  0.          0.43443251 -0.19752267]
 [-0.40561575 -3.84180936  0.          0.          0.19118757 -0.03634309]
 [-0.40333324 -3.61351681 -0.07751061  0.         -0.25097699 -0.1461733 ]
 [-0.23869711 -3.78719586  0.          0.          0.39791942  0.15295482]
 [-0.23225699 16.9699278   0.          0.         -0.62096249  0.11460816]]
[03/30/2022, 05:44:23] computing sampling shap 1055:1065 within 43.7351 sec, 4.1698 on average
[03/30/2022, 05:44:23] instances left: 35
[03/30/2022, 05:44:23] estimating time left: 0:02:25.943000

[[-4.23386952e-01 -3.65102074e+00 -1.77039525e-01  0.00000000e+00
  -5.52591860e-01 -1.99180446e-01]
 [-4.47847329e-01 -3.49371592e+00 -7.64557389e-02  0.00000000e+00
   7.83110881e-01 -4.41951311e-02]
 [-3.17510691e-01 -3.71433484e+00 -7.39536423e-02  0.00000000e+00
  -1.09637577e+00 -1.28064340e-01]
 [-5.09610207e-01 -3.27918560e+00 -2.35161800e-01  0.00000000e+00
  -6.55451212e-03  3.99798532e-01]
 [-4.87916202e-01 -3.59546285e+00  0.00000000e+00  0.00000000e+00
   9.08673560e-01 -1.14294541e-01]
 [-3.27662567e-01  6.56099022e+00  0.00000000e+00  0.00000000e+00
  -5.73247601e-01 -1.43475037e-01]
 [-1.79836091e-01 -3.63221871e+00 -1.38732868e-01  0.00000000e+00
  -5.26289145e-01 -1.30364455e-01]
 [-4.51372671e-01 -3.70491425e+00  0.00000000e+00  0.00000000e+00
   5.16129694e-01  1.88020499e-01]
 [-4.98987495e-01 -3.39072459e+00 -1.72185130e-01  0.00000000e+00
   1.12969327e-01  1.91022249e-01]
 [-1.80908143e-01  6.46507933e+00 -7.55144503e-02  0.00000000e+00
   8.95996123e-01 -1.08218728e-01]]
[03/30/2022, 05:45:03] computing sampling shap 1065:1075 within 40.1134 sec, 4.1634 on average
[03/30/2022, 05:45:03] instances left: 25
[03/30/2022, 05:45:03] estimating time left: 0:01:44.085000

[[-3.71281302e-01  6.75274293e+00 -1.41199055e-01  0.00000000e+00
   8.40121872e-01  2.87563257e-02]
 [-2.28006042e-01  6.50800878e+00 -7.70034113e-02  0.00000000e+00
   5.21927968e-01 -5.96643236e-02]
 [-2.32796978e-01 -3.69084313e+00 -1.66752786e-01  0.00000000e+00
  -5.92160352e-01  1.82750298e-01]
 [-3.43996168e-01 -3.58574289e+00 -2.01246685e-01  0.00000000e+00
  -5.49985159e-01 -2.23232955e-01]
 [-1.70184021e-01 -3.70205450e+00 -1.85041739e-01  0.00000000e+00
   8.65056919e-01 -1.54160224e-01]
 [-3.37868732e-01 -3.69151094e+00  0.00000000e+00  0.00000000e+00
   7.38820797e-01  1.19332659e-01]
 [-2.88460625e-01 -3.76834358e+00 -1.08250969e-01  0.00000000e+00
  -6.87890214e-01 -1.60302372e-01]
 [-3.43850082e-01 -3.52067033e+00 -1.30738963e-01  0.00000000e+00
   3.43412006e-01  3.36176638e-01]
 [-2.06094372e-01  1.69158829e+01  0.00000000e+00  0.00000000e+00
   7.67156972e-01 -1.94543714e-01]
 [-4.81755599e-01 -3.61510297e+00  0.00000000e+00  0.00000000e+00
   4.00323247e-01 -8.02284903e-03]]
[03/30/2022, 05:45:44] computing sampling shap 1075:1085 within 40.6834 sec, 4.1598 on average
[03/30/2022, 05:45:44] instances left: 15
[03/30/2022, 05:45:44] estimating time left: 0:01:02.397000

[[-0.21193474 -3.8597233   0.          0.          0.78885977  0.07614287]
 [-0.40091888 -3.6877022   0.          0.          0.88344549 -0.11809452]
 [-0.37318403  6.84371064 -0.17888639  0.          0.76633772  0.04108337]
 [ 0.         -3.93560918 -0.14349444  0.         -0.38398792  0.39110907]
 [-0.37104288 -3.40689507 -0.19644623  0.          0.76251368 -0.13451323]
 [-0.48080129 -3.69124072  0.          0.          0.93679979 -0.11114105]
 [-0.27368466 -3.85487417  0.          0.          0.42804339 -0.01774693]
 [-0.24697624 -3.80845738  0.          0.         -0.99503027 -0.08750374]
 [-0.4432752  -3.61288053  0.          0.          0.33979741  0.40592069]
 [-0.34350005 -3.66799519 -0.0754673   0.          0.04942357  0.13491127]]
[03/30/2022, 05:46:28] computing sampling shap 1085:1095 within 43.7239 sec, 4.1677 on average
[03/30/2022, 05:46:28] instances left: 5
[03/30/2022, 05:46:28] estimating time left: 0:00:20.838500

[[-0.32910138 -3.60850489 -0.09041679  0.          0.82225501 -0.14061552]
 [-0.28830475 -3.85642805  0.          0.         -1.25014233  0.34574799]
 [-0.29818647 -3.7641179   0.          0.          0.84792595 -0.10889163]
 [-0.3506566  -3.59069729 -0.15932937  0.          0.89333936 -0.13903992]
 [-0.38918246 -3.45544967 -0.19446521  0.         -0.22771635  0.60197676]
 [-0.46918266 -3.29442228 -0.28900723  0.          0.81634133  0.02961482]
 [-0.45397947 -3.64955662  0.          0.          0.08511919  0.32993072]
 [-0.39963788 -3.5526237  -0.15502746  0.         -0.76863593 -0.09369118]
 [-0.17688792 -3.77788771 -0.08060303  0.          0.83484722 -0.08846799]
 [-0.03764566 -3.97627453 -0.11614914  0.         -0.20125439  0.00728841]]
[03/30/2022, 05:46:28] finish computing sampling shap for range: [4, 8] within 1125.274295 sec
