

[03/27/2022, 21:34:54] [exp-cscy_cscy_t1_origin]
============== start ==============
[03/27/2022, 21:34:54] [masking_exp-cscy_cscy_t1_origin]
get scores for 10994 papers
[03/27/2022, 21:34:59] [masking_exp-cscy_cscy_t1_origin]
task end within 5.224945 sec
[03/27/2022, 21:34:59] [exp-cscy_cscy_t1_origin]
============== end 10994 ==============


[03/27/2022, 21:34:59] [exp-cscy_cscy_t1_t]
============== start ==============
[03/27/2022, 21:34:59] [masking_exp-cscy_cscy_t1_t]
get scores for 10994 papers
[03/27/2022, 21:35:04] [masking_exp-cscy_cscy_t1_t]
task end within 4.901353 sec
[03/27/2022, 21:35:04] [exp-cscy_cscy_t1_t]
============== end 10994 ==============


[03/27/2022, 21:35:04] [exp-cscy_cscy_t1_abs]
============== start ==============
[03/27/2022, 21:35:05] [masking_exp-cscy_cscy_t1_abs]
get scores for 10994 papers
[03/27/2022, 21:35:08] [masking_exp-cscy_cscy_t1_abs]
task end within 3.319499 sec
[03/27/2022, 21:35:08] [exp-cscy_cscy_t1_abs]
============== end 10994 ==============


[03/27/2022, 21:35:08] [exp-cscy_cscy_t1_v]
============== start ==============
[03/27/2022, 21:35:08] [masking_exp-cscy_cscy_t1_v]
get scores for 10994 papers
[03/27/2022, 21:35:13] [masking_exp-cscy_cscy_t1_v]
task end within 5.0725 sec
[03/27/2022, 21:35:13] [exp-cscy_cscy_t1_v]
============== end 10994 ==============


[03/27/2022, 21:35:13] [exp-cscy_cscy_t1_au]
============== start ==============
[03/27/2022, 21:35:14] [masking_exp-cscy_cscy_t1_au]
get scores for 10994 papers
[03/27/2022, 21:35:18] [masking_exp-cscy_cscy_t1_au]
task end within 4.203938 sec
[03/27/2022, 21:35:18] [exp-cscy_cscy_t1_au]
============== end 10994 ==============


[03/27/2022, 21:35:18] [exp-cscy_cscy_t1_y]
============== start ==============
[03/27/2022, 21:35:18] [masking_exp-cscy_cscy_t1_y]
get scores for 10994 papers
[03/27/2022, 21:35:23] [masking_exp-cscy_cscy_t1_y]
task end within 5.241247 sec
[03/27/2022, 21:35:23] [exp-cscy_cscy_t1_y]
============== end 10994 ==============


[03/27/2022, 21:35:23] [exp-cscy_cscy_t1_c]
============== start ==============
[03/27/2022, 21:35:24] [masking_exp-cscy_cscy_t1_c]
get scores for 10994 papers
[03/27/2022, 21:35:34] [masking_exp-cscy_cscy_t1_c]
task end within 10.324065 sec
[03/27/2022, 21:35:34] [exp-cscy_cscy_t1_c]
============== end 10994 ==============


[03/27/2022, 21:35:34] [exp-cscy_cscy_t1_tabs]
============== start ==============
[03/27/2022, 21:35:34] [masking_exp-cscy_cscy_t1_tabs]
get scores for 10994 papers
[03/27/2022, 21:35:38] [masking_exp-cscy_cscy_t1_tabs]
task end within 3.461499 sec
[03/27/2022, 21:35:38] [exp-cscy_cscy_t1_tabs]
============== end 10994 ==============


[03/27/2022, 21:35:38] [exp-cscy_cscy_t1_tabsv]
============== start ==============
[03/27/2022, 21:35:38] [masking_exp-cscy_cscy_t1_tabsv]
get scores for 10994 papers
[03/27/2022, 21:35:41] [masking_exp-cscy_cscy_t1_tabsv]
task end within 2.911049 sec
[03/27/2022, 21:35:41] [exp-cscy_cscy_t1_tabsv]
============== end 10994 ==============


[03/27/2022, 21:35:41] [exp-cscy_cscy_t1_tabsvau]
============== start ==============
[03/27/2022, 21:35:41] [masking_exp-cscy_cscy_t1_tabsvau]
get scores for 10994 papers
[03/27/2022, 21:35:43] [masking_exp-cscy_cscy_t1_tabsvau]
task end within 2.031534 sec
[03/27/2022, 21:35:43] [exp-cscy_cscy_t1_tabsvau]
============== end 10994 ==============


[03/27/2022, 21:35:43] [exp-cscy_cscy_t1_tabsvauy]
============== start ==============
[03/27/2022, 21:35:43] [masking_exp-cscy_cscy_t1_tabsvauy]
get scores for 10994 papers
[03/27/2022, 21:35:45] [masking_exp-cscy_cscy_t1_tabsvauy]
task end within 1.955024 sec
[03/27/2022, 21:35:45] [exp-cscy_cscy_t1_tabsvauy]
============== end 10994 ==============


[03/27/2022, 21:35:45] [exp-cscy_cscy_t1_tabsvauyc]
============== start ==============
[03/27/2022, 21:35:46] [masking_exp-cscy_cscy_t1_tabsvauyc]
get scores for 10994 papers
[03/27/2022, 21:35:48] [masking_exp-cscy_cscy_t1_tabsvauyc]
task end within 1.962173 sec
[03/27/2022, 21:35:48] [exp-cscy_cscy_t1_tabsvauyc]
============== end 10994 ==============


[03/27/2022, 21:35:48] [exp-cscy_cscy_t1_tabsvauc]
============== start ==============
[03/27/2022, 21:35:48] [masking_exp-cscy_cscy_t1_tabsvauc]
get scores for 10994 papers
[03/27/2022, 21:35:50] [masking_exp-cscy_cscy_t1_tabsvauc]
task end within 2.010813 sec
[03/27/2022, 21:35:50] [exp-cscy_cscy_t1_tabsvauc]
============== end 10994 ==============


[03/27/2022, 21:35:50] [exp-cscy_cscy_t1_tabsvy]
============== start ==============
[03/27/2022, 21:35:50] [masking_exp-cscy_cscy_t1_tabsvy]
get scores for 10994 papers
[03/27/2022, 21:35:53] [masking_exp-cscy_cscy_t1_tabsvy]
task end within 2.940834 sec
[03/27/2022, 21:35:53] [exp-cscy_cscy_t1_tabsvy]
============== end 10994 ==============


[03/27/2022, 21:35:53] [exp-cscy_cscy_t1_tabsvyc]
============== start ==============
[03/27/2022, 21:35:53] [masking_exp-cscy_cscy_t1_tabsvyc]
get scores for 10994 papers
[03/27/2022, 21:35:56] [masking_exp-cscy_cscy_t1_tabsvyc]
task end within 2.947587 sec
[03/27/2022, 21:35:56] [exp-cscy_cscy_t1_tabsvyc]
============== end 10994 ==============


[03/27/2022, 21:35:56] [exp-cscy_cscy_t1_tabsvc]
============== start ==============
[03/27/2022, 21:35:57] [masking_exp-cscy_cscy_t1_tabsvc]
get scores for 10994 papers
[03/27/2022, 21:35:59] [masking_exp-cscy_cscy_t1_tabsvc]
task end within 2.803439 sec
[03/27/2022, 21:35:59] [exp-cscy_cscy_t1_tabsvc]
============== end 10994 ==============


[03/27/2022, 21:35:59] [exp-cscy_cscy_t1_tabsau]
============== start ==============
[03/27/2022, 21:36:00] [masking_exp-cscy_cscy_t1_tabsau]
get scores for 10994 papers
[03/27/2022, 21:36:02] [masking_exp-cscy_cscy_t1_tabsau]
task end within 2.122177 sec
[03/27/2022, 21:36:02] [exp-cscy_cscy_t1_tabsau]
============== end 10994 ==============


[03/27/2022, 21:36:02] [exp-cscy_cscy_t1_tabsauy]
============== start ==============
[03/27/2022, 21:36:02] [masking_exp-cscy_cscy_t1_tabsauy]
get scores for 10994 papers
[03/27/2022, 21:36:04] [masking_exp-cscy_cscy_t1_tabsauy]
task end within 2.058301 sec
[03/27/2022, 21:36:04] [exp-cscy_cscy_t1_tabsauy]
============== end 10994 ==============


[03/27/2022, 21:36:04] [exp-cscy_cscy_t1_tabsauyc]
============== start ==============
[03/27/2022, 21:36:04] [masking_exp-cscy_cscy_t1_tabsauyc]
get scores for 10994 papers
[03/27/2022, 21:36:06] [masking_exp-cscy_cscy_t1_tabsauyc]
task end within 2.145392 sec
[03/27/2022, 21:36:06] [exp-cscy_cscy_t1_tabsauyc]
============== end 10994 ==============


[03/27/2022, 21:36:06] [exp-cscy_cscy_t1_tabsauc]
============== start ==============
[03/27/2022, 21:36:07] [masking_exp-cscy_cscy_t1_tabsauc]
get scores for 10994 papers
[03/27/2022, 21:36:09] [masking_exp-cscy_cscy_t1_tabsauc]
task end within 2.149764 sec
[03/27/2022, 21:36:09] [exp-cscy_cscy_t1_tabsauc]
============== end 10994 ==============


[03/27/2022, 21:36:09] [exp-cscy_cscy_t1_tabsy]
============== start ==============
[03/27/2022, 21:36:09] [masking_exp-cscy_cscy_t1_tabsy]
get scores for 10994 papers
[03/27/2022, 21:36:12] [masking_exp-cscy_cscy_t1_tabsy]
task end within 3.228627 sec
[03/27/2022, 21:36:12] [exp-cscy_cscy_t1_tabsy]
============== end 10994 ==============


[03/27/2022, 21:36:12] [exp-cscy_cscy_t1_tabsyc]
============== start ==============
[03/27/2022, 21:36:13] [masking_exp-cscy_cscy_t1_tabsyc]
get scores for 10994 papers
[03/27/2022, 21:36:16] [masking_exp-cscy_cscy_t1_tabsyc]
task end within 3.009688 sec
[03/27/2022, 21:36:16] [exp-cscy_cscy_t1_tabsyc]
============== end 10994 ==============


[03/27/2022, 21:36:16] [exp-cscy_cscy_t1_tabsc]
============== start ==============
[03/27/2022, 21:36:16] [masking_exp-cscy_cscy_t1_tabsc]
get scores for 10994 papers
[03/27/2022, 21:36:19] [masking_exp-cscy_cscy_t1_tabsc]
task end within 3.104279 sec
[03/27/2022, 21:36:19] [exp-cscy_cscy_t1_tabsc]
============== end 10994 ==============


[03/27/2022, 21:36:19] [exp-cscy_cscy_t1_tv]
============== start ==============
[03/27/2022, 21:36:19] [masking_exp-cscy_cscy_t1_tv]
get scores for 10994 papers
[03/27/2022, 21:36:24] [masking_exp-cscy_cscy_t1_tv]
task end within 4.776942 sec
[03/27/2022, 21:36:24] [exp-cscy_cscy_t1_tv]
============== end 10994 ==============


[03/27/2022, 21:36:24] [exp-cscy_cscy_t1_tvau]
============== start ==============
[03/27/2022, 21:36:24] [masking_exp-cscy_cscy_t1_tvau]
get scores for 10994 papers
[03/27/2022, 21:36:28] [masking_exp-cscy_cscy_t1_tvau]
task end within 3.787013 sec
[03/27/2022, 21:36:28] [exp-cscy_cscy_t1_tvau]
============== end 10994 ==============


[03/27/2022, 21:36:28] [exp-cscy_cscy_t1_tvauy]
============== start ==============
[03/27/2022, 21:36:28] [masking_exp-cscy_cscy_t1_tvauy]
get scores for 10994 papers
[03/27/2022, 21:36:32] [masking_exp-cscy_cscy_t1_tvauy]
task end within 4.021241 sec
[03/27/2022, 21:36:32] [exp-cscy_cscy_t1_tvauy]
============== end 10994 ==============


[03/27/2022, 21:36:32] [exp-cscy_cscy_t1_tvauyc]
============== start ==============
[03/27/2022, 21:36:33] [masking_exp-cscy_cscy_t1_tvauyc]
get scores for 10994 papers
[03/27/2022, 21:36:36] [masking_exp-cscy_cscy_t1_tvauyc]
task end within 3.881014 sec
[03/27/2022, 21:36:36] [exp-cscy_cscy_t1_tvauyc]
============== end 10994 ==============


[03/27/2022, 21:36:36] [exp-cscy_cscy_t1_tvauc]
============== start ==============
[03/27/2022, 21:36:37] [masking_exp-cscy_cscy_t1_tvauc]
get scores for 10994 papers
[03/27/2022, 21:36:41] [masking_exp-cscy_cscy_t1_tvauc]
task end within 3.907073 sec
[03/27/2022, 21:36:41] [exp-cscy_cscy_t1_tvauc]
============== end 10994 ==============


[03/27/2022, 21:36:41] [exp-cscy_cscy_t1_tvy]
============== start ==============
[03/27/2022, 21:36:41] [masking_exp-cscy_cscy_t1_tvy]
get scores for 10994 papers
[03/27/2022, 21:36:46] [masking_exp-cscy_cscy_t1_tvy]
task end within 4.867693 sec
[03/27/2022, 21:36:46] [exp-cscy_cscy_t1_tvy]
============== end 10994 ==============


[03/27/2022, 21:36:46] [exp-cscy_cscy_t1_tvyc]
============== start ==============
[03/27/2022, 21:36:46] [masking_exp-cscy_cscy_t1_tvyc]
get scores for 10994 papers
[03/27/2022, 21:36:51] [masking_exp-cscy_cscy_t1_tvyc]
task end within 4.844102 sec
[03/27/2022, 21:36:51] [exp-cscy_cscy_t1_tvyc]
============== end 10994 ==============


[03/27/2022, 21:36:51] [exp-cscy_cscy_t1_tvc]
============== start ==============
[03/27/2022, 21:36:51] [masking_exp-cscy_cscy_t1_tvc]
get scores for 10994 papers
[03/27/2022, 21:36:56] [masking_exp-cscy_cscy_t1_tvc]
task end within 4.767966 sec
[03/27/2022, 21:36:56] [exp-cscy_cscy_t1_tvc]
============== end 10994 ==============


[03/27/2022, 21:36:56] [exp-cscy_cscy_t1_tau]
============== start ==============
[03/27/2022, 21:36:56] [masking_exp-cscy_cscy_t1_tau]
get scores for 10994 papers
[03/27/2022, 21:37:00] [masking_exp-cscy_cscy_t1_tau]
task end within 3.866696 sec
[03/27/2022, 21:37:00] [exp-cscy_cscy_t1_tau]
============== end 10994 ==============


[03/27/2022, 21:37:00] [exp-cscy_cscy_t1_tauy]
============== start ==============
[03/27/2022, 21:37:00] [masking_exp-cscy_cscy_t1_tauy]
get scores for 10994 papers
[03/27/2022, 21:37:04] [masking_exp-cscy_cscy_t1_tauy]
task end within 4.017574 sec
[03/27/2022, 21:37:04] [exp-cscy_cscy_t1_tauy]
============== end 10994 ==============


[03/27/2022, 21:37:04] [exp-cscy_cscy_t1_tauyc]
============== start ==============
[03/27/2022, 21:37:05] [masking_exp-cscy_cscy_t1_tauyc]
get scores for 10994 papers
[03/27/2022, 21:37:08] [masking_exp-cscy_cscy_t1_tauyc]
task end within 3.887306 sec
[03/27/2022, 21:37:08] [exp-cscy_cscy_t1_tauyc]
============== end 10994 ==============


[03/27/2022, 21:37:08] [exp-cscy_cscy_t1_tauc]
============== start ==============
[03/27/2022, 21:37:09] [masking_exp-cscy_cscy_t1_tauc]
get scores for 10994 papers
[03/27/2022, 21:37:13] [masking_exp-cscy_cscy_t1_tauc]
task end within 3.927063 sec
[03/27/2022, 21:37:13] [exp-cscy_cscy_t1_tauc]
============== end 10994 ==============


[03/27/2022, 21:37:13] [exp-cscy_cscy_t1_ty]
============== start ==============
[03/27/2022, 21:37:13] [masking_exp-cscy_cscy_t1_ty]
get scores for 10994 papers
[03/27/2022, 21:37:18] [masking_exp-cscy_cscy_t1_ty]
task end within 4.896425 sec
[03/27/2022, 21:37:18] [exp-cscy_cscy_t1_ty]
============== end 10994 ==============


[03/27/2022, 21:37:18] [exp-cscy_cscy_t1_tyc]
============== start ==============
[03/27/2022, 21:37:18] [masking_exp-cscy_cscy_t1_tyc]
get scores for 10994 papers
[03/27/2022, 21:37:23] [masking_exp-cscy_cscy_t1_tyc]
task end within 5.016049 sec
[03/27/2022, 21:37:23] [exp-cscy_cscy_t1_tyc]
============== end 10994 ==============


[03/27/2022, 21:37:23] [exp-cscy_cscy_t1_tc]
============== start ==============
[03/27/2022, 21:37:23] [masking_exp-cscy_cscy_t1_tc]
get scores for 10994 papers
[03/27/2022, 21:37:28] [masking_exp-cscy_cscy_t1_tc]
task end within 4.841391 sec
[03/27/2022, 21:37:28] [exp-cscy_cscy_t1_tc]
============== end 10994 ==============


[03/27/2022, 21:37:28] [exp-cscy_cscy_t1_absv]
============== start ==============
[03/27/2022, 21:37:28] [masking_exp-cscy_cscy_t1_absv]
get scores for 10994 papers
[03/27/2022, 21:37:32] [masking_exp-cscy_cscy_t1_absv]
task end within 3.258069 sec
[03/27/2022, 21:37:32] [exp-cscy_cscy_t1_absv]
============== end 10994 ==============


[03/27/2022, 21:37:32] [exp-cscy_cscy_t1_absvau]
============== start ==============
[03/27/2022, 21:37:32] [masking_exp-cscy_cscy_t1_absvau]
get scores for 10994 papers
[03/27/2022, 21:37:34] [masking_exp-cscy_cscy_t1_absvau]
task end within 2.239043 sec
[03/27/2022, 21:37:34] [exp-cscy_cscy_t1_absvau]
============== end 10994 ==============


[03/27/2022, 21:37:34] [exp-cscy_cscy_t1_absvauy]
============== start ==============
[03/27/2022, 21:37:34] [masking_exp-cscy_cscy_t1_absvauy]
get scores for 10994 papers
[03/27/2022, 21:37:37] [masking_exp-cscy_cscy_t1_absvauy]
task end within 2.326395 sec
[03/27/2022, 21:37:37] [exp-cscy_cscy_t1_absvauy]
============== end 10994 ==============


[03/27/2022, 21:37:37] [exp-cscy_cscy_t1_absvauyc]
============== start ==============
[03/27/2022, 21:37:37] [masking_exp-cscy_cscy_t1_absvauyc]
get scores for 10994 papers
[03/27/2022, 21:37:39] [masking_exp-cscy_cscy_t1_absvauyc]
task end within 2.337101 sec
[03/27/2022, 21:37:39] [exp-cscy_cscy_t1_absvauyc]
============== end 10994 ==============


[03/27/2022, 21:37:39] [exp-cscy_cscy_t1_absvauc]
============== start ==============
[03/27/2022, 21:37:40] [masking_exp-cscy_cscy_t1_absvauc]
get scores for 10994 papers
[03/27/2022, 21:37:42] [masking_exp-cscy_cscy_t1_absvauc]
task end within 2.165878 sec
[03/27/2022, 21:37:42] [exp-cscy_cscy_t1_absvauc]
============== end 10994 ==============


[03/27/2022, 21:37:42] [exp-cscy_cscy_t1_absvy]
============== start ==============
[03/27/2022, 21:37:42] [masking_exp-cscy_cscy_t1_absvy]
get scores for 10994 papers
[03/27/2022, 21:37:45] [masking_exp-cscy_cscy_t1_absvy]
task end within 3.388748 sec
[03/27/2022, 21:37:45] [exp-cscy_cscy_t1_absvy]
============== end 10994 ==============


[03/27/2022, 21:37:45] [exp-cscy_cscy_t1_absvyc]
============== start ==============
[03/27/2022, 21:37:46] [masking_exp-cscy_cscy_t1_absvyc]
get scores for 10994 papers
[03/27/2022, 21:37:49] [masking_exp-cscy_cscy_t1_absvyc]
task end within 3.18727 sec
[03/27/2022, 21:37:49] [exp-cscy_cscy_t1_absvyc]
============== end 10994 ==============


[03/27/2022, 21:37:49] [exp-cscy_cscy_t1_absvc]
============== start ==============
[03/27/2022, 21:37:49] [masking_exp-cscy_cscy_t1_absvc]
get scores for 10994 papers
[03/27/2022, 21:37:52] [masking_exp-cscy_cscy_t1_absvc]
task end within 3.355006 sec
[03/27/2022, 21:37:52] [exp-cscy_cscy_t1_absvc]
============== end 10994 ==============


[03/27/2022, 21:37:52] [exp-cscy_cscy_t1_absau]
============== start ==============
[03/27/2022, 21:37:53] [masking_exp-cscy_cscy_t1_absau]
get scores for 10994 papers
[03/27/2022, 21:37:55] [masking_exp-cscy_cscy_t1_absau]
task end within 2.336146 sec
[03/27/2022, 21:37:55] [exp-cscy_cscy_t1_absau]
============== end 10994 ==============


[03/27/2022, 21:37:55] [exp-cscy_cscy_t1_absauy]
============== start ==============
[03/27/2022, 21:37:55] [masking_exp-cscy_cscy_t1_absauy]
get scores for 10994 papers
[03/27/2022, 21:37:58] [masking_exp-cscy_cscy_t1_absauy]
task end within 2.429041 sec
[03/27/2022, 21:37:58] [exp-cscy_cscy_t1_absauy]
============== end 10994 ==============


[03/27/2022, 21:37:58] [exp-cscy_cscy_t1_absauyc]
============== start ==============
[03/27/2022, 21:37:58] [masking_exp-cscy_cscy_t1_absauyc]
get scores for 10994 papers
[03/27/2022, 21:38:00] [masking_exp-cscy_cscy_t1_absauyc]
task end within 2.445822 sec
[03/27/2022, 21:38:00] [exp-cscy_cscy_t1_absauyc]
============== end 10994 ==============


[03/27/2022, 21:38:00] [exp-cscy_cscy_t1_absauc]
============== start ==============
[03/27/2022, 21:38:01] [masking_exp-cscy_cscy_t1_absauc]
get scores for 10994 papers
[03/27/2022, 21:38:03] [masking_exp-cscy_cscy_t1_absauc]
task end within 2.42431 sec
[03/27/2022, 21:38:03] [exp-cscy_cscy_t1_absauc]
============== end 10994 ==============


[03/27/2022, 21:38:03] [exp-cscy_cscy_t1_absy]
============== start ==============
[03/27/2022, 21:38:03] [masking_exp-cscy_cscy_t1_absy]
get scores for 10994 papers
[03/27/2022, 21:38:07] [masking_exp-cscy_cscy_t1_absy]
task end within 3.489656 sec
[03/27/2022, 21:38:07] [exp-cscy_cscy_t1_absy]
============== end 10994 ==============


[03/27/2022, 21:38:07] [exp-cscy_cscy_t1_absyc]
============== start ==============
[03/27/2022, 21:38:07] [masking_exp-cscy_cscy_t1_absyc]
get scores for 10994 papers
[03/27/2022, 21:38:10] [masking_exp-cscy_cscy_t1_absyc]
task end within 3.335411 sec
[03/27/2022, 21:38:10] [exp-cscy_cscy_t1_absyc]
============== end 10994 ==============


[03/27/2022, 21:38:10] [exp-cscy_cscy_t1_absc]
============== start ==============
[03/27/2022, 21:38:11] [masking_exp-cscy_cscy_t1_absc]
get scores for 10994 papers
[03/27/2022, 21:38:14] [masking_exp-cscy_cscy_t1_absc]
task end within 3.537281 sec
[03/27/2022, 21:38:14] [exp-cscy_cscy_t1_absc]
============== end 10994 ==============


[03/27/2022, 21:38:14] [exp-cscy_cscy_t1_vau]
============== start ==============
[03/27/2022, 21:38:14] [masking_exp-cscy_cscy_t1_vau]
get scores for 10994 papers
[03/27/2022, 21:38:19] [masking_exp-cscy_cscy_t1_vau]
task end within 4.057387 sec
[03/27/2022, 21:38:19] [exp-cscy_cscy_t1_vau]
============== end 10994 ==============


[03/27/2022, 21:38:19] [exp-cscy_cscy_t1_vauy]
============== start ==============
[03/27/2022, 21:38:19] [masking_exp-cscy_cscy_t1_vauy]
get scores for 10994 papers
[03/27/2022, 21:38:23] [masking_exp-cscy_cscy_t1_vauy]
task end within 4.113695 sec
[03/27/2022, 21:38:23] [exp-cscy_cscy_t1_vauy]
============== end 10994 ==============


[03/27/2022, 21:38:23] [exp-cscy_cscy_t1_vauyc]
============== start ==============
[03/27/2022, 21:38:23] [masking_exp-cscy_cscy_t1_vauyc]
get scores for 10994 papers
[03/27/2022, 21:38:27] [masking_exp-cscy_cscy_t1_vauyc]
task end within 4.034701 sec
[03/27/2022, 21:38:27] [exp-cscy_cscy_t1_vauyc]
============== end 10994 ==============


[03/27/2022, 21:38:27] [exp-cscy_cscy_t1_vauc]
============== start ==============
[03/27/2022, 21:38:27] [masking_exp-cscy_cscy_t1_vauc]
get scores for 10994 papers
[03/27/2022, 21:38:31] [masking_exp-cscy_cscy_t1_vauc]
task end within 4.080498 sec
[03/27/2022, 21:38:32] [exp-cscy_cscy_t1_vauc]
============== end 10994 ==============


[03/27/2022, 21:38:32] [exp-cscy_cscy_t1_vy]
============== start ==============
[03/27/2022, 21:38:32] [masking_exp-cscy_cscy_t1_vy]
get scores for 10994 papers
[03/27/2022, 21:38:37] [masking_exp-cscy_cscy_t1_vy]
task end within 5.100849 sec
[03/27/2022, 21:38:37] [exp-cscy_cscy_t1_vy]
============== end 10994 ==============


[03/27/2022, 21:38:37] [exp-cscy_cscy_t1_vyc]
============== start ==============
[03/27/2022, 21:38:37] [masking_exp-cscy_cscy_t1_vyc]
get scores for 10994 papers
[03/27/2022, 21:38:42] [masking_exp-cscy_cscy_t1_vyc]
task end within 5.124572 sec
[03/27/2022, 21:38:42] [exp-cscy_cscy_t1_vyc]
============== end 10994 ==============


[03/27/2022, 21:38:42] [exp-cscy_cscy_t1_vc]
============== start ==============
[03/27/2022, 21:38:43] [masking_exp-cscy_cscy_t1_vc]
get scores for 10994 papers
[03/27/2022, 21:38:48] [masking_exp-cscy_cscy_t1_vc]
task end within 5.108662 sec
[03/27/2022, 21:38:48] [exp-cscy_cscy_t1_vc]
============== end 10994 ==============


[03/27/2022, 21:38:48] [exp-cscy_cscy_t1_auy]
============== start ==============
[03/27/2022, 21:38:48] [masking_exp-cscy_cscy_t1_auy]
get scores for 10994 papers
[03/27/2022, 21:38:52] [masking_exp-cscy_cscy_t1_auy]
task end within 4.189359 sec
[03/27/2022, 21:38:52] [exp-cscy_cscy_t1_auy]
============== end 10994 ==============


[03/27/2022, 21:38:52] [exp-cscy_cscy_t1_auyc]
============== start ==============
[03/27/2022, 21:38:52] [masking_exp-cscy_cscy_t1_auyc]
get scores for 10994 papers
[03/27/2022, 21:38:57] [masking_exp-cscy_cscy_t1_auyc]
task end within 4.234808 sec
[03/27/2022, 21:38:57] [exp-cscy_cscy_t1_auyc]
============== end 10994 ==============


[03/27/2022, 21:38:57] [exp-cscy_cscy_t1_auc]
============== start ==============
[03/27/2022, 21:38:57] [masking_exp-cscy_cscy_t1_auc]
get scores for 10994 papers
[03/27/2022, 21:39:01] [masking_exp-cscy_cscy_t1_auc]
task end within 4.120781 sec
[03/27/2022, 21:39:01] [exp-cscy_cscy_t1_auc]
============== end 10994 ==============


[03/27/2022, 21:39:01] [exp-cscy_cscy_t1_yc]
============== start ==============
[03/27/2022, 21:39:01] [masking_exp-cscy_cscy_t1_yc]
get scores for 10994 papers
[03/27/2022, 21:39:06] [masking_exp-cscy_cscy_t1_yc]
task end within 5.203107 sec
[03/27/2022, 21:39:06] [exp-cscy_cscy_t1_yc]
============== end 10994 ==============
