Child #[6, 7]: psutil.Process(pid=4580, name='python', status='running', started='03:30:06'), affinity [6, 7]
Child #[6, 7]: Set my affinity to [6, 7], affinity now [6, 7]

[03/30/2022, 00:51:19] start computing sampling shap for range: [4, 8]
[03/30/2022, 00:52:07] computing sampling shap 1455:1465 within 48.2839 sec, 4.8284 on average
[03/30/2022, 00:52:07] instances left: 475
[03/30/2022, 00:52:07] estimating time left: 0:38:13.490000

[[ 8.17349328  6.28058155 -0.25420929  0.         -0.09871751  0.10883237]
 [-0.1815415  13.1187353  -0.57487853  0.         -0.20424513 -0.06274685]
 [-1.36539665 -6.45385163 -0.73533694  0.         -0.59389258  0.32236487]
 [-1.51095771 -6.40002791 -0.62307737  0.          0.13452237  0.53511475]
 [-1.28576887 -6.56839157 -0.76641931  0.         -0.12023207 -0.16992107]
 [-1.02009292 -6.80905838 -0.65339307  0.          0.42212491 -0.12314163]
 [ 8.40817751  6.28713369 -0.31156114  0.          0.0349886  -0.19971195]
 [-0.29570959 12.98032209 -0.35038178  0.         -0.55673548 -0.08358332]
 [-0.39862547 12.77442344 -0.13596753  0.          0.74959276 -0.15806001]
 [-0.21296595  6.20226058  6.37924704  0.         -0.61715851  0.22512533]]
[03/30/2022, 00:52:55] computing sampling shap 1465:1475 within 47.73 sec, 4.8008 on average
[03/30/2022, 00:52:55] instances left: 465
[03/30/2022, 00:52:55] estimating time left: 0:37:12.372000

[[-1.26807182 -6.33060681 -0.75108654  0.          0.33472462  0.06867204]
 [-0.9898476  -6.47828833 -1.04813294  0.         -0.64455078 -0.06279518]
 [-1.55636829 -6.04454249 -0.87472973  0.         -0.63691482 -0.12193093]
 [-1.43019223 -6.18374901 -0.7927743   0.          0.82153992 -0.17172188]
 [-0.19932098 12.94287152 -0.39506123  0.          0.6492887  -0.16641483]
 [-1.38256196 -6.21609623 -0.98212391  0.         -0.63477205  0.12759728]
 [-0.2505837  12.51224932  0.          0.         -0.47177338  0.75940901]
 [-0.43734606 12.98002947 -0.27727996  0.          0.45476747 -0.09019024]
 [-1.04748835 -6.27618219 -1.11874865  0.          0.86536415 -0.11588474]
 [-1.09416689 -6.56174939 -0.82405109  0.          0.0345709   0.55327374]]
[03/30/2022, 00:53:43] computing sampling shap 1475:1485 within 47.6216 sec, 4.7879 on average
[03/30/2022, 00:53:43] instances left: 455
[03/30/2022, 00:53:43] estimating time left: 0:36:18.494500

[[-1.099694   -6.72951258 -0.73287316  0.         -0.71115446 -0.16253377]
 [ 7.77132628  6.7800269  -0.2646546   0.          0.25644495  0.52676281]
 [-1.17826432 -6.3621776  -0.78518837  0.         -0.88477451  0.71477163]
 [-0.9029024  -6.52675922 -1.05537456  0.          0.36136636  0.41153116]
 [-0.46555258 13.41487329 -0.67129791  0.          0.69642444 -0.14308387]
 [-0.50289098 13.05982501 -0.2860304   0.          0.17095355  0.18415918]
 [-1.70062279 -6.38692674 -0.41230396  0.         -0.65003846 -0.2352312 ]
 [-1.25160255 -6.51620846 -0.81511743  0.          0.11623651  0.01443847]
 [-1.48043803 -6.13261224 -0.80608448  0.         -0.31140039 -0.22495921]
 [-1.46965773 -6.38520904 -0.73757878  0.          0.99498097 -0.15943316]]
[03/30/2022, 00:54:32] computing sampling shap 1485:1495 within 49.0238 sec, 4.8166 on average
[03/30/2022, 00:54:32] instances left: 445
[03/30/2022, 00:54:32] estimating time left: 0:35:43.387000

[[-1.09622035e+00 -6.19509063e+00 -1.16163453e+00  0.00000000e+00
   4.42489845e-01 -2.31031826e-01]
 [-1.58588460e-01  1.28099469e+01 -3.02117778e-01  0.00000000e+00
   6.87893148e-01 -1.65339871e-01]
 [-3.97746944e-01 -6.85525323e+00 -1.08769685e+00  0.00000000e+00
   3.45559706e-01 -2.46349425e-01]
 [-1.55631809e+00 -6.19356363e+00 -7.22906722e-01  0.00000000e+00
  -6.58304336e-01 -2.06941589e-01]
 [ 8.02764640e+00  6.19543813e+00  0.00000000e+00  0.00000000e+00
   1.49571016e-01 -1.30140394e-01]
 [-4.92834379e-01 -2.96177449e+00  1.56377321e+01  0.00000000e+00
   7.25242723e-01 -6.56888271e-02]
 [-4.22834700e-01  1.33210130e+01 -6.24950138e-01  0.00000000e+00
  -5.15230491e-01  5.21510382e-02]
 [-1.49380270e+00 -6.04265149e+00 -1.09274586e+00  0.00000000e+00
  -9.68669055e-02 -1.84666214e-01]
 [-3.67899961e-01  1.26924975e+01 -1.36814535e-01  0.00000000e+00
   8.20301108e-01 -8.33978336e-02]
 [-2.58051257e-01  1.27225794e+01 -1.96958822e-01  0.00000000e+00
   7.14196414e-01  4.81361669e-03]]
[03/30/2022, 00:55:17] computing sampling shap 1495:1505 within 45.5506 sec, 4.7643 on average
[03/30/2022, 00:55:17] instances left: 435
[03/30/2022, 00:55:17] estimating time left: 0:34:32.470500

[[-1.29159814 -6.48457705 -0.85084658  0.         -0.93433478  0.19062899]
 [-0.16516306 12.64602853 -0.13354052  0.          0.05146363 -0.24086044]
 [-1.02323191 -6.42737907 -1.05829707  0.          0.10699822 -0.07731171]
 [-0.38791484 -3.13276082 15.62308484  0.         -0.44731218 -0.15734634]
 [-1.28330917 -6.65897731 -0.59017816  0.          0.0533813  -0.09533215]
 [-0.10944236 12.39482993  0.          0.          0.72105448 -0.13464783]
 [-1.25210578 -6.52430662 -0.55580684  0.         -0.08003512 -0.18722472]
 [-1.0849491  -6.16545379 -1.17259135  0.          0.33921396 -0.03842221]
 [-1.45389263 -5.86746278 -1.10476007  0.          0.83560137 -0.16638362]
 [-1.49459331 -6.22132555 -0.80928189  0.         -0.41539892 -0.18249164]]
[03/30/2022, 00:56:05] computing sampling shap 1505:1515 within 47.843 sec, 4.7677 on average
[03/30/2022, 00:56:05] instances left: 425
[03/30/2022, 00:56:05] estimating time left: 0:33:46.272500

[[ 8.03795563  6.30889487  0.          0.         -0.62778407 -0.19656645]
 [-1.22219354 -6.07163042 -1.14079366  0.          0.82590056 -0.14818075]
 [-1.36308989 -5.51445502 -1.46841684  0.          0.7360801  -0.14701617]
 [-0.13318819 12.9373296  -0.52866156  0.         -0.52790685  0.04349137]
 [-1.21550816 -6.38645647 -1.07134325  0.         -0.36619033  0.11846718]
 [-1.23328658 -6.5160547  -0.76365943  0.          0.07144903 -0.09672668]
 [ 8.34204536  6.25354361 -0.32832413  0.          0.09419556 -0.06210698]
 [-0.52476834 13.41248824 -0.56516231  0.          0.42735493 -0.11993218]
 [-0.42337129 -3.29167261 15.79886577  0.         -0.67121335  0.45579036]
 [-1.35797828 -6.76388563 -0.37569069  0.          0.81359273  0.11772174]]
[03/30/2022, 00:56:53] computing sampling shap 1515:1525 within 48.3724 sec, 4.7776 on average
[03/30/2022, 00:56:53] instances left: 415
[03/30/2022, 00:56:53] estimating time left: 0:33:02.704000

[[-1.56029267 -6.3487362  -0.65395269  0.         -0.84727686  0.40259741]
 [-0.46095327 13.08305157 -0.30851713  0.         -0.65779404 -0.18749829]
 [-0.13687747 12.80749235 -0.31102694  0.         -0.92273977 -0.25831416]
 [ 7.23550291  6.88538684  0.          0.         -1.36616789  0.14825308]
 [-0.1694722  12.80022966 -0.40719148  0.         -0.57368985 -0.23227028]
 [-1.45789144 -6.33225548 -0.71643783  0.          0.91511409 -0.16542735]
 [-0.34740118 13.10430066 -0.47841     0.          0.7543665  -0.20149268]
 [-1.3343484  -6.1556411  -0.95789427  0.         -1.46785634 -0.28570744]
 [-0.91989079 -6.55552781 -0.85979395  0.          0.77175351 -0.19343839]
 [-1.38096429 -6.1296228  -1.03226594  0.          0.49812608  0.16576864]]
[03/30/2022, 00:57:40] computing sampling shap 1525:1535 within 46.803 sec, 4.7655 on average
[03/30/2022, 00:57:40] instances left: 405
[03/30/2022, 00:57:40] estimating time left: 0:32:10.027500

[[-1.30234431 -5.81050554 -1.34169278  0.          0.85832747 -0.16068269]
 [-0.58155902 -2.7934579  15.3975124   0.         -0.1973907   0.40056069]
 [-1.32302311 -6.39553364 -0.73969988  0.          0.04622507 -0.22263875]
 [-1.31296686 -6.39093478 -0.88763859  0.         -0.62289445  0.12647776]
 [-0.60623099 12.982032    0.          0.         -1.17468581  0.5149712 ]
 [ 7.88657983  6.45767848 -0.31694249  0.         -1.06968671  0.3719131 ]
 [-1.33252918 -6.32713996 -0.68025057  0.          0.74036297 -0.15734063]
 [-1.37762192 -6.25754425 -0.74696692  0.          0.77951373 -0.06738575]
 [-1.11487064 -6.12269767 -1.1936355   0.          0.43602916 -0.11332338]
 [-0.24303813 13.07842685 -0.54291016  0.         -0.29199132  0.35776455]]
[03/30/2022, 00:58:29] computing sampling shap 1535:1545 within 48.7776 sec, 4.778 on average
[03/30/2022, 00:58:29] instances left: 395
[03/30/2022, 00:58:29] estimating time left: 0:31:27.310000

[[-1.57231821e+00 -6.54627548e+00 -3.94596384e-01  0.00000000e+00
   9.13663839e-01 -9.34129048e-02]
 [-1.61911957e+00 -5.79183160e+00 -1.04030428e+00  0.00000000e+00
  -5.12255345e-01 -1.75591794e-01]
 [-1.26041536e-01  1.24649162e+01  0.00000000e+00  0.00000000e+00
   6.66900322e-01 -4.31191836e-02]
 [-1.29125505e+00 -6.03796777e+00 -1.16257013e+00  0.00000000e+00
  -5.39291238e-01  3.18906205e-01]
 [-3.06667048e-01  1.27152769e+01 -1.31632956e-01  0.00000000e+00
   7.56145679e-01 -2.01758983e-01]
 [-1.29205844e+00 -6.50076813e+00 -8.01592496e-01  0.00000000e+00
   9.66420111e-01  8.44795796e-03]
 [-5.06314633e-01  1.28729476e+01  0.00000000e+00  0.00000000e+00
  -6.87051185e-01 -1.49923994e-01]
 [-1.63718047e+00 -6.10025880e+00 -7.21001551e-01  0.00000000e+00
   2.91202289e-02 -2.05350093e-01]
 [-8.93290074e-01 -6.49338913e+00 -1.08064623e+00  0.00000000e+00
  -6.21564413e-01  4.21565279e-01]
 [-1.48784734e+00 -6.47959561e+00 -5.04213653e-01  0.00000000e+00
  -6.04271654e-01  3.43821744e-01]]
[03/30/2022, 00:59:16] computing sampling shap 1545:1555 within 46.9581 sec, 4.7698 on average
[03/30/2022, 00:59:16] instances left: 385
[03/30/2022, 00:59:16] estimating time left: 0:30:36.373000

[[-1.04470506 -6.77891909 -0.62223936  0.          0.42257781 -0.18499105]
 [-1.38352417 -6.4762684  -0.52817525  0.          0.37535887 -0.17095274]
 [-1.29379907 -6.06840702 -1.01647033  0.         -0.51188401 -0.2123881 ]
 [-1.3158614  -6.42802716 -0.86350392  0.         -0.57859438 -0.11119901]
 [-1.43743785 -5.89969466 -1.122691    0.          0.89047643 -0.18755063]
 [-1.22413318 -6.77365932 -0.43124141  0.          0.41038419 -0.11261321]
 [-0.12150908 12.4351362  -0.13447717  0.          0.83977932 -0.10542111]
 [-1.05346234 -6.8863636  -0.69656212  0.         -0.5156594  -0.23307601]
 [-1.58316299 -6.15016555 -0.71839076  0.          0.03946195  0.02755713]
 [-1.21067481 -6.586294   -0.73523851  0.         -0.16038459 -0.21814081]]
[03/30/2022, 01:00:02] computing sampling shap 1555:1565 within 46.458 sec, 4.7585 on average
[03/30/2022, 01:00:02] instances left: 375
[03/30/2022, 01:00:02] estimating time left: 0:29:44.437500

[[-0.93189414 -6.737691   -0.85602773  0.         -0.86342491 -0.25304429]
 [-1.59809699 -6.02737615 -0.8925974   0.          0.45431841 -0.17773506]
 [-1.37710176 -6.3903086  -0.72563207  0.          0.13366261  0.04534673]
 [-0.14930847 12.70454817 -0.29388606  0.         -0.53220983  0.24736469]
 [-0.9055856  -6.3376863  -1.20532087  0.          0.04748007 -0.09409792]
 [-0.8517473  -6.61402422 -0.82540793  0.          0.70753163 -0.17324932]
 [-0.23784203 13.03091723 -0.43925811  0.         -0.62333386 -0.12259955]
 [-1.56739836 -6.08892684 -0.67945398  0.          0.29624877  0.26942664]
 [-1.45813764 -6.43865525 -0.66261517  0.         -1.09150135 -0.17755167]
 [-0.43722972 13.01504625 -0.29123092  0.         -0.46385329  0.60262651]]
[03/30/2022, 01:00:50] computing sampling shap 1565:1575 within 47.6855 sec, 4.7594 on average
[03/30/2022, 01:00:50] instances left: 365
[03/30/2022, 01:00:50] estimating time left: 0:28:57.181000

[[-1.40686074 -6.04956131 -1.01732549  0.         -0.42359247 -0.1236454 ]
 [-1.44102962 -6.34548093 -0.71717471  0.          0.8718831  -0.1005164 ]
 [-1.67643936 -6.73672006  0.          0.          0.82158371 -0.16532136]
 [-1.06964465 -6.42418494 -1.03763009  0.         -0.2803572   0.84710595]
 [-0.62707126 13.41273323 -0.45956947  0.          0.08456648  0.2141895 ]
 [-0.3897454  13.23956409 -0.57614984  0.          0.73287472 -0.17518083]
 [-0.35073198 12.93220196 -0.20850259  0.         -0.77418054  0.47695388]
 [-0.12544025 -3.17664669 15.59294335  0.          0.23537987  0.49165469]
 [-1.35453051 -6.57470699 -0.65979417  0.         -0.51911636  0.32139421]
 [-0.43142982 13.01683004 -0.26061349  0.         -0.61099274 -0.16611148]]
[03/30/2022, 01:01:40] computing sampling shap 1575:1585 within 49.9359 sec, 4.7774 on average
[03/30/2022, 01:01:40] instances left: 355
[03/30/2022, 01:01:40] estimating time left: 0:28:15.977000

[[-1.18557450e+00 -6.26010500e+00 -8.92012660e-01  0.00000000e+00
   7.71171278e-01 -1.90377136e-01]
 [-9.90144293e-01 -6.41359177e+00 -1.11386754e+00  0.00000000e+00
   8.99933848e-01 -5.23348283e-02]
 [-1.59573958e+00 -5.84069328e+00 -9.20878247e-01  0.00000000e+00
  -8.22201917e-03  1.66485347e-01]
 [-1.44917519e+00 -6.16928273e+00 -7.41795942e-01  0.00000000e+00
   8.07484972e-01 -1.79550671e-01]
 [-1.06981293e+00 -6.25755991e+00 -1.10537886e+00  0.00000000e+00
  -7.56515761e-01 -1.87640290e-01]
 [-1.30054154e+00 -6.15376933e+00 -1.11849625e+00  0.00000000e+00
  -6.02449296e-01 -1.59603040e-01]
 [-8.49366700e-01 -6.78130455e+00 -9.16373594e-01  0.00000000e+00
   9.08644189e-01 -1.18497019e-01]
 [-1.36913808e+00 -6.32280677e+00 -6.51269705e-01  0.00000000e+00
   3.01354618e-01 -1.66417369e-01]
 [-1.02433828e+00 -6.37046210e+00 -9.31736773e-01  0.00000000e+00
   7.70751623e-01 -2.01112343e-01]
 [-4.49724461e-01  1.28760521e+01 -2.08477448e-01  0.00000000e+00
   7.82157154e-01 -1.28213530e-01]]
[03/30/2022, 01:02:27] computing sampling shap 1585:1595 within 47.1312 sec, 4.7728 on average
[03/30/2022, 01:02:27] instances left: 345
[03/30/2022, 01:02:27] estimating time left: 0:27:26.616000

[[-1.52279673 -6.40607965 -0.52825799  0.          0.45020782 -0.23456054]
 [-0.28237267 13.02836121 -0.53256132  0.          0.78118704 -0.16325117]
 [-0.26295709 12.49928688  0.          0.          0.45356255 -0.02932533]
 [-1.59076261 -6.02681365 -0.90249806  0.          0.46846235 -0.07965122]
 [ 7.98130847  6.456007   -0.15348696  0.         -0.75862656  0.25638733]
 [-1.86025641 -6.5066467  -0.1435599   0.          0.81416923  0.13005319]
 [-1.55836559 -5.99482859 -0.79216995  0.          0.76240459 -0.08069071]
 [-1.5477405  -6.32034641 -0.4387978   0.         -1.20258461 -0.22431885]
 [-1.67920502 -6.14740226 -0.66463523  0.         -0.61769033 -0.05219881]
 [-0.14277295 13.10564468 -0.58358424  0.          0.37610029 -0.12540763]]
[03/30/2022, 01:03:14] computing sampling shap 1595:1605 within 47.2705 sec, 4.7698 on average
[03/30/2022, 01:03:14] instances left: 335
[03/30/2022, 01:03:14] estimating time left: 0:26:37.883000

[[-1.247129   -6.46050353 -0.84032317  0.         -0.63312132  0.10368994]
 [-0.25290325 12.80304586 -0.27071021  0.         -0.57715914 -0.18945124]
 [-1.10531705 -6.54744342 -0.90088495  0.          0.13281457  0.27058998]
 [-1.23701901 -6.7931473  -0.52608739  0.         -0.18839731 -0.08356309]
 [ 7.62840822  6.56055034  0.          0.         -0.41403915  0.1299479 ]
 [-1.78632095 -6.11883202 -0.43278396  0.          0.75590324 -0.17486415]
 [-1.43623225 -6.85091845 -0.20446473  0.          0.87746274 -0.14274422]
 [-0.26243283 13.29578607 -0.67213056  0.         -0.98126849 -0.27630171]
 [ 8.3681145   6.08800693 -0.2616286   0.         -0.06621398  0.11062661]
 [-1.3938439  -6.31460055 -0.80588178  0.         -0.98192624  0.07227645]]
[03/30/2022, 01:04:02] computing sampling shap 1605:1615 within 47.7962 sec, 4.7704 on average
[03/30/2022, 01:04:02] instances left: 325
[03/30/2022, 01:04:02] estimating time left: 0:25:50.380000

[[-7.67458742e-02  1.23633241e+01 -1.31632775e-01  0.00000000e+00
   1.79262453e-01 -1.76279670e-01]
 [-1.44379197e+00 -6.05491209e+00 -9.08121178e-01  0.00000000e+00
   8.10841439e-01 -1.60913635e-01]
 [-1.20809040e+00 -6.26248291e+00 -8.61766162e-01  0.00000000e+00
  -1.24459911e-05  1.87120541e-01]
 [-1.49611645e+00 -6.74298377e+00 -3.04325773e-01  0.00000000e+00
  -4.53236619e-01 -1.88909473e-01]
 [-6.65243863e-01 -2.71068488e+00  1.55951665e+01  0.00000000e+00
   6.58880982e-02  5.57411146e-01]
 [-6.53385129e-01 -6.73935942e+00 -1.01283138e+00  0.00000000e+00
  -3.51373360e-01  9.92449952e-01]
 [-4.53204684e-01  1.34172614e+01 -4.66724187e-01  0.00000000e+00
   3.17850313e-01 -1.76717942e-01]
 [-1.47746882e+00 -6.60033166e+00 -4.91048758e-01  0.00000000e+00
   1.71614937e-01  3.62429854e-01]
 [-1.56182974e+00 -6.05437883e+00 -7.54163851e-01  0.00000000e+00
   7.78872182e-01 -1.65397642e-01]
 [-1.94367474e+00 -6.28899832e+00 -3.63613274e-01  0.00000000e+00
   1.00938980e+00 -1.70000411e-01]]
[03/30/2022, 01:04:49] computing sampling shap 1615:1625 within 47.0946 sec, 4.7668 on average
[03/30/2022, 01:04:49] instances left: 315
[03/30/2022, 01:04:49] estimating time left: 0:25:01.542000

[[-0.11260411 12.61649566 -0.29486455  0.         -0.93901742 -0.16635665]
 [-1.01783767 -6.30397045 -1.11146517  0.          0.82662623 -0.12567197]
 [-1.16993983 -6.08306143 -1.18037817  0.          0.08043668  0.10230215]
 [-0.36482349 12.77080043 -0.20194203  0.          0.80831365 -0.14055479]
 [-1.03108923 -6.78781191 -0.7255833   0.          0.52766009 -0.1205518 ]
 [-0.85679093 -6.88018096 -0.78147769  0.         -0.63013115 -0.04575726]
 [-1.71477706 -5.98855888 -0.71914584  0.         -0.53864575 -0.14182131]
 [-1.21559311 -6.59534293 -0.74740656  0.         -0.54948018 -0.16857195]
 [-1.23958613 -6.40396126 -0.93243482  0.         -0.34378695  0.12779628]
 [-1.49689809 -6.42096467 -0.65541548  0.          0.5738368  -0.01838852]]
[03/30/2022, 01:05:39] computing sampling shap 1625:1635 within 49.3268 sec, 4.776 on average
[03/30/2022, 01:05:39] instances left: 305
[03/30/2022, 01:05:39] estimating time left: 0:24:16.680000

[[-1.42575352 -6.0688362  -0.95182369  0.         -0.58363758  0.24569607]
 [-1.29230908 -7.06771725 -0.14116846  0.          0.11787291 -0.21615724]
 [-0.98270873 -6.84670654 -0.65476406  0.          0.10286914 -0.09791174]
 [-1.08121426 -6.52329176 -0.93851444  0.          0.1136529   0.41491713]
 [ 7.64235621  7.08023899 -0.48681814  0.          0.11261045 -0.04641212]
 [-1.5561732  -6.05908522 -0.828713    0.          0.84894073 -0.1618671 ]
 [ 8.02009682  6.19833898  0.          0.          0.16624368 -0.10525231]
 [ 7.56156813  6.45301945  0.          0.          0.70315128 -0.13793396]
 [-1.5722904  -5.68665436 -1.15290557  0.         -0.69847854  0.02509017]
 [-1.50237877 -6.01446626 -0.90242199  0.         -0.29467641 -0.24155142]]
[03/30/2022, 01:06:28] computing sampling shap 1635:1645 within 49.1717 sec, 4.7835 on average
[03/30/2022, 01:06:28] instances left: 295
[03/30/2022, 01:06:28] estimating time left: 0:23:31.132500

[[-0.45296322 -3.15482083 15.69271315  0.         -1.09047485  0.31014847]
 [-1.26283508 -6.35194492 -0.90891433  0.         -0.21144157  0.05064859]
 [-0.51756123 12.87437221 -0.13064721  0.         -0.59500926 -0.13025417]
 [-1.090182   -6.0866891  -1.37242211  0.         -0.36963413 -0.18402076]
 [-0.2808613  12.89758978 -0.24834276  0.          0.64025429 -0.17727645]
 [-0.31891663 12.67894019  0.          0.         -1.23084365 -0.23436741]
 [-1.01420877 -6.57594272 -0.93406002  0.          0.12037022 -0.19563827]
 [-0.44475105 13.05129677 -0.30994227  0.         -0.70576595 -0.13575636]
 [-0.14274982 12.64673173 -0.1956591   0.          0.71848112 -0.19544022]
 [-0.4910156  13.10387001 -0.48600477  0.          0.53016432  0.32150413]]
[03/30/2022, 01:07:16] computing sampling shap 1645:1655 within 47.8141 sec, 4.7834 on average
[03/30/2022, 01:07:16] instances left: 285
[03/30/2022, 01:07:16] estimating time left: 0:22:43.269000

[[-1.69677211e-01  1.23510818e+01  0.00000000e+00  0.00000000e+00
  -4.02757353e-01  3.15023833e-02]
 [-1.25771155e-01  1.27614931e+01 -2.51505013e-01  0.00000000e+00
  -1.25054806e+00  1.24023133e-01]
 [-1.02405461e+00 -6.29957113e+00 -1.14183987e+00  0.00000000e+00
   4.56868041e-01 -1.22665569e-01]
 [-1.00835272e+00 -7.41754247e+00  0.00000000e+00  0.00000000e+00
  -6.46459283e-01  3.56122601e-01]
 [-1.66111555e+00 -5.72681430e+00 -9.99327099e-01  0.00000000e+00
  -1.03760970e+00 -1.14839013e-01]
 [-1.24990899e+00 -6.69621219e+00 -5.52163415e-01  0.00000000e+00
  -7.37046661e-01 -1.55563561e-01]
 [-1.32828383e+00 -6.06496217e+00 -9.97096255e-01  0.00000000e+00
   7.20968638e-03  7.86203400e-02]
 [ 8.00068176e+00  6.28232924e+00  0.00000000e+00  0.00000000e+00
   5.01256988e-01 -2.04463671e-01]
 [ 7.70559706e+00  6.50611706e+00  0.00000000e+00  0.00000000e+00
  -6.05943092e-01 -2.54867922e-02]
 [-1.63237103e+00 -5.89474625e+00 -9.18207428e-01  0.00000000e+00
  -3.06455016e-01 -7.54075892e-03]]
[03/30/2022, 01:08:03] computing sampling shap 1655:1665 within 47.1828 sec, 4.7803 on average
[03/30/2022, 01:08:03] instances left: 275
[03/30/2022, 01:08:03] estimating time left: 0:21:54.582500

[[-0.12703149 12.62142797 -0.31916827  0.         -1.2880058  -0.1622602 ]
 [-0.46186051 12.82106994 -0.13789631  0.          0.51184528  0.10690095]
 [-1.4618535  -6.30306286 -0.74524769  0.          0.89319158 -0.13992515]
 [-1.22294733 -6.66902961 -0.62099094  0.          0.08986025 -0.15130767]
 [-1.65908899 -5.93644049 -0.88019382  0.          0.0617576   0.1094537 ]
 [-0.9623095  -6.45331466 -1.00161768  0.          0.87209802 -0.18717508]
 [16.86342962 -2.80394397  0.          0.          0.25384976 -0.1172165 ]
 [-1.38758599 -6.49143194 -0.60266139  0.         -0.46915111 -0.23474203]
 [-1.04273733 -6.35115822 -1.1066431   0.         -0.66014602 -0.26109521]
 [-1.6302036  -6.68857307 -0.14308567  0.          0.05394895 -0.07130809]]
[03/30/2022, 01:08:53] computing sampling shap 1665:1675 within 49.863 sec, 4.7897 on average
[03/30/2022, 01:08:53] instances left: 265
[03/30/2022, 01:08:53] estimating time left: 0:21:09.270500

[[ 7.86432298  6.66542458 -0.36289925  0.         -0.83490174  0.19737733]
 [-1.23695082 -6.86665383 -0.34128548  0.          0.41868294  0.07983956]
 [-0.34807748  6.54073897  6.20086825  0.          0.34305146 -0.08852327]
 [ 7.73431787  6.65799937 -0.15525675  0.          0.35985993 -0.17041786]
 [ 7.60467364  6.6405421  -0.15625871  0.          0.47271522 -0.08638149]
 [-1.43809772 -6.22205528 -0.74690158  0.         -0.38652929  0.51915574]
 [-0.2944631  12.85033174 -0.28335273  0.         -0.37942903 -0.16640125]
 [-1.48174905 -6.51988145 -0.58869598  0.         -0.27374467 -0.15691341]
 [-1.45658065 -6.04254908 -0.98200753  0.          0.41076916 -0.05183434]
 [-0.76622732 -2.74954848 15.60618933  0.          0.83487374 -0.14142342]]
[03/30/2022, 01:09:44] computing sampling shap 1675:1685 within 51.4159 sec, 4.805 on average
[03/30/2022, 01:09:44] instances left: 255
[03/30/2022, 01:09:44] estimating time left: 0:20:25.275000

[[-1.21294832e+00 -6.22959205e+00 -1.00441868e+00  0.00000000e+00
   3.76341802e-02  4.01160525e-01]
 [-1.52976977e+00 -6.25225909e+00 -6.37800761e-01  0.00000000e+00
   3.79109055e-01  9.67592098e-03]
 [ 7.96837857e+00  6.38209393e+00 -2.57364269e-01  0.00000000e+00
   6.58105044e-01 -1.71408918e-01]
 [ 6.07640836e+00  4.04942357e+00  4.06094839e+00  0.00000000e+00
   3.11673538e-01  1.91378100e-01]
 [-5.21476091e-01  1.27589605e+01 -1.33950043e-01  0.00000000e+00
   8.61970333e-01  2.10746495e-02]
 [-7.01959404e-02  1.29941187e+01 -5.09520274e-01  0.00000000e+00
  -2.92483570e-01  6.11684508e-01]
 [-8.97292686e-01 -6.67615207e+00 -9.74324216e-01  0.00000000e+00
   5.16517670e-01 -1.06125266e-01]
 [-1.52484942e+00 -6.19869981e+00 -7.85628319e-01  0.00000000e+00
   1.44851021e-01 -2.35152714e-01]
 [-1.19783409e+00 -6.23918821e+00 -1.00152501e+00  0.00000000e+00
   4.23192186e-01 -1.92922272e-01]
 [-1.16935583e+00 -6.64335425e+00 -6.39330008e-01  0.00000000e+00
   4.26778961e-01 -1.83015737e-01]]
[03/30/2022, 01:10:34] computing sampling shap 1685:1695 within 49.5208 sec, 4.8111 on average
[03/30/2022, 01:10:34] instances left: 245
[03/30/2022, 01:10:34] estimating time left: 0:19:38.719500

[[ 8.21414116  6.26144851 -0.15712755  0.         -0.21347698  0.12318635]
 [-1.56098037 -6.31796867 -0.62005274  0.         -1.19492002  0.1275956 ]
 [-1.37576926 -6.46297785 -0.73348553  0.         -1.18392595  0.40362408]
 [-1.42358917 -6.19504145 -0.7918686   0.          0.86998732 -0.21638614]
 [-0.29446908 12.57603956  0.          0.         -0.16509141 -0.20713758]
 [-0.86797514 -6.64826289 -1.02720815  0.          0.09361817  0.44166437]
 [-1.45279012 -6.13423525 -0.90553743  0.          0.11885788  0.17465735]
 [-1.19515152 -6.34164246 -1.0028212   0.          0.13582777 -0.04846708]
 [-1.30717028 -6.30795905 -0.82121011  0.          0.07741667  0.19707719]
 [-1.28512692 -6.0818847  -1.04599788  0.          0.81572218 -0.1350318 ]]
[03/30/2022, 01:11:20] computing sampling shap 1695:1705 within 46.6202 sec, 4.8052 on average
[03/30/2022, 01:11:20] instances left: 235
[03/30/2022, 01:11:20] estimating time left: 0:18:49.222000

[[-7.29806469e-01 -2.63982693e+00  1.54962803e+01  0.00000000e+00
   4.30775808e-01 -1.44985254e-01]
 [-2.17874481e-01  1.24578826e+01  0.00000000e+00  0.00000000e+00
  -1.28100891e-01 -2.56382354e-01]
 [-1.40378612e+00 -6.33882485e+00 -7.64308751e-01  0.00000000e+00
   7.21592747e-02 -1.64718719e-01]
 [-2.25488748e-01  1.30951071e+01 -5.93453548e-01  0.00000000e+00
   4.25170412e-01 -1.18469874e-01]
 [ 7.83901659e+00  6.58597271e+00 -2.64679557e-01  0.00000000e+00
   1.52006602e-01  1.19577839e-01]
 [-9.26296028e-01 -6.79535582e+00 -8.70139107e-01  0.00000000e+00
  -5.17143788e-01 -1.67459378e-01]
 [-1.46969723e+00 -6.33217128e+00 -5.19298611e-01  0.00000000e+00
  -8.54236833e-01  1.78242583e-03]
 [-9.17034474e-01 -6.47646013e+00 -9.55074707e-01  0.00000000e+00
  -5.27934790e-01 -3.23195593e-02]
 [-1.46242891e+00 -6.79653607e+00 -3.26086146e-01  0.00000000e+00
  -9.59167684e-01  2.22053144e-01]
 [-1.22654047e+00 -6.32427973e+00 -9.71459358e-01  0.00000000e+00
   4.69434809e-01 -1.30717122e-01]]
[03/30/2022, 01:12:06] computing sampling shap 1705:1715 within 45.3397 sec, 4.7947 on average
[03/30/2022, 01:12:06] instances left: 225
[03/30/2022, 01:12:06] estimating time left: 0:17:58.807500

[[-1.23939347 -6.38644345 -0.78154677  0.          0.40741638  0.12100897]
 [-0.10636951 12.79412854 -0.31327821  0.          0.28382663  0.50993947]
 [-1.26558644 -6.47370125 -0.84595492  0.         -0.59011233 -0.2464255 ]
 [-0.83920078 -3.11589956 16.10721634  0.         -0.62378282  0.10009892]
 [-0.19053596 12.65226986 -0.19611216  0.          0.47624421 -0.24157542]
 [-1.23822504 -6.21427867 -0.90419117  0.         -0.80719484  0.20992947]
 [-0.13291148 12.6369313  -0.1309469   0.         -0.21798635 -0.12935359]
 [-1.34220707 -6.42803621 -0.65761588  0.          0.03983588  0.22320736]
 [-1.23087905 -6.48738417 -0.89077703  0.         -0.70749099  1.27744621]
 [-1.42090132 -6.39300783 -0.73832853  0.          0.97333254 -0.17799298]]
[03/30/2022, 01:12:53] computing sampling shap 1715:1725 within 47.9305 sec, 4.7947 on average
[03/30/2022, 01:12:53] instances left: 215
[03/30/2022, 01:12:53] estimating time left: 0:17:10.860500

[[-0.20741166 12.52950748 -0.13408128  0.          0.82008011 -0.17673116]
 [-0.16210828 12.89070739 -0.40667038  0.          0.3814753  -0.05534575]
 [-1.47744625 -6.04871691 -0.80243547  0.          0.77448125 -0.20278055]
 [-1.16906101 -6.57749249 -0.71606163  0.          0.40462038 -0.05050369]
 [-1.31508209 -6.24551607 -0.90802613  0.          0.0684283   0.38861599]
 [-1.28766438 -6.58448621 -0.68895984  0.          0.94306746 -0.13885482]
 [-0.50209046 -7.44118519 -0.70718779  0.         -0.47366234  0.50775464]
 [-1.34975923 -6.31998417 -0.87215561  0.          0.94909656 -0.16409531]
 [-1.27645824 -6.48108114 -0.79126023  0.          0.93048304 -0.07462269]
 [-1.43481416 -6.40730714 -0.74597206  0.         -1.38742944 -0.18037439]]
[03/30/2022, 01:13:39] computing sampling shap 1725:1735 within 45.2278 sec, 4.785 on average
[03/30/2022, 01:13:39] instances left: 205
[03/30/2022, 01:13:39] estimating time left: 0:16:20.925000

[[-3.89405772e-01  1.30289052e+01 -3.46004228e-01  0.00000000e+00
   5.61201897e-02 -2.77478556e-03]
 [ 1.71869846e+01 -2.64288020e+00 -3.52569272e-01  0.00000000e+00
  -3.97493708e-01 -6.92565718e-02]
 [-1.25657656e+00 -6.41796189e+00 -8.23323489e-01  0.00000000e+00
  -1.24211250e+00 -1.74062897e-01]
 [-1.60915548e+00 -6.16530781e+00 -5.35209170e-01  0.00000000e+00
  -4.95902315e-01  3.20096290e-01]
 [-1.77540842e+00 -5.76829636e+00 -8.83191905e-01  0.00000000e+00
  -4.95860287e-01 -1.80191782e-01]
 [-1.54791697e+00 -6.39609223e+00 -5.85059657e-01  0.00000000e+00
  -2.16083908e-01 -1.65580047e-01]
 [-6.66790365e-01 -3.05739248e+00  1.57706681e+01  0.00000000e+00
   8.55967195e-01 -6.58126790e-02]
 [-1.19658450e+00 -6.71186823e+00 -5.57263990e-01  0.00000000e+00
   8.07106961e-01  4.80144347e-02]
 [-1.75913856e+00 -5.75042155e+00 -9.88399569e-01  0.00000000e+00
   9.00016310e-01 -6.57061802e-02]
 [-3.55552374e-01  1.27899682e+01 -2.54043434e-01  0.00000000e+00
   1.69081382e-01 -1.47279733e-01]]
[03/30/2022, 01:14:28] computing sampling shap 1735:1745 within 48.8809 sec, 4.7885 on average
[03/30/2022, 01:14:28] instances left: 195
[03/30/2022, 01:14:28] estimating time left: 0:15:33.757500

[[-1.19693455e+00 -6.14588610e+00 -1.18097253e+00  0.00000000e+00
   4.50411611e-01  2.89358191e-01]
 [ 8.51265187e+00  5.61707786e+00  0.00000000e+00  0.00000000e+00
   6.34168664e-01 -1.39731619e-01]
 [-7.13479471e-01 -7.21989307e+00 -5.14960010e-01  0.00000000e+00
   3.92273768e-01 -1.85427255e-01]
 [-6.56178034e-01 -2.90178364e+00  1.57048709e+01  0.00000000e+00
   7.49754631e-01 -1.28035560e-02]
 [-1.36006731e+00 -6.38037059e+00 -8.27041361e-01  0.00000000e+00
  -2.17618547e-01 -1.70396543e-01]
 [-1.94692053e-01  6.42092287e+00  6.08249654e+00  0.00000000e+00
   7.17423454e-01 -1.54357089e-01]
 [-8.96147667e-02  1.28616120e+01 -3.97627442e-01  0.00000000e+00
  -3.69672379e-01  7.13697801e-01]
 [-4.23890091e-01  1.28276805e+01 -1.37023957e-01  0.00000000e+00
  -9.25145430e-02  3.61322301e-01]
 [-1.16289726e+00 -6.16362646e+00 -1.14104686e+00  0.00000000e+00
  -3.50213040e-01  7.65352295e-01]
 [-1.14103186e+00 -6.57557903e+00 -7.91894413e-01  0.00000000e+00
   9.51906435e-02  1.74362657e-01]]
[03/30/2022, 01:15:15] computing sampling shap 1745:1755 within 47.1873 sec, 4.7862 on average
[03/30/2022, 01:15:15] instances left: 185
[03/30/2022, 01:15:15] estimating time left: 0:14:45.447000

[[-1.18978184 -6.24746525 -0.97808472  0.         -0.50778691 -0.26245387]
 [-1.51634693 -6.73952877 -0.2838341   0.          0.14856189  0.26616545]
 [-0.30502402 12.96698139 -0.45119462  0.          0.80638714 -0.14535587]
 [ 8.11821796  6.43313331 -0.36887402  0.          0.31206902  0.06739006]
 [-0.36601527 12.92624926 -0.28452305  0.          0.38745536  0.31535202]
 [17.25101793 -2.82031774 -0.24000459  0.         -1.18483452 -0.09723661]
 [ 7.89524172  6.58415952 -0.26806397  0.         -0.69025042  0.2589358 ]
 [-0.88367908 -6.50800064 -0.9996946   0.         -0.01797081  0.48465353]
 [ 8.1987505   6.36905521 -0.41626392  0.         -1.24276638 -0.1103797 ]
 [-0.81705167 -6.39789377 -1.36530038  0.          0.51545208 -0.06646954]]
[03/30/2022, 01:16:01] computing sampling shap 1755:1765 within 46.6723 sec, 4.7824 on average
[03/30/2022, 01:16:01] instances left: 175
[03/30/2022, 01:16:01] estimating time left: 0:13:56.920000

[[-1.51732236 -6.22133642 -0.81291794  0.          0.48642784 -0.11841268]
 [-0.83517275 -6.64078793 -0.96772523  0.          0.41449661 -0.21229742]
 [-1.47392064 -6.28569106 -0.72669531  0.         -0.34380457  0.88000271]
 [-1.28703492 -6.70955484 -0.45770284  0.          0.03727455  0.16637711]
 [-1.11870893 -6.54301494 -0.89586408  0.         -0.64959179 -0.21607754]
 [-0.90215274 -7.00503913 -0.46885463  0.         -0.57695312 -0.17009089]
 [-0.91884991 -6.73080462 -0.76236968  0.         -0.50399773  0.01665045]
 [-0.14940327 12.42218389  0.          0.         -0.52954264  0.33039401]
 [-0.92923418 -6.34340245 -1.32780272  0.          0.55033954 -0.19138704]
 [-0.96291681 -6.90259186 -0.60040376  0.         -0.23438809  0.1440247 ]]
[03/30/2022, 01:16:49] computing sampling shap 1765:1775 within 47.7662 sec, 4.7822 on average
[03/30/2022, 01:16:49] instances left: 165
[03/30/2022, 01:16:49] estimating time left: 0:13:09.063000

[[-1.46758341 -6.39485435 -0.53909221  0.          0.81001944 -0.16538708]
 [-0.09248683 12.35824021  0.          0.          0.76272289 -0.19711225]
 [-1.37134015 -6.33283441 -0.7771076   0.         -0.14702232  0.42262525]
 [-1.25110323 -6.41162926 -0.92653441  0.          0.57536593 -0.1696603 ]
 [-1.5675331  -6.09608022 -0.74701406  0.          0.8518059  -0.19807647]
 [-0.06228583 13.01305778 -0.53886737  0.         -0.69472701  0.14062033]
 [-1.60803804 -6.66366093 -0.13899817  0.          0.80071316 -0.06002053]
 [-1.7267582  -5.82313934 -0.92822687  0.         -1.32392609 -0.21196374]
 [-1.42305964 -6.45526667 -0.57291731  0.          0.86953276 -0.17518678]
 [-0.25243601 13.02399281 -0.51029894  0.         -0.61526135 -0.13748273]]
[03/30/2022, 01:17:37] computing sampling shap 1775:1785 within 47.4339 sec, 4.781 on average
[03/30/2022, 01:17:37] instances left: 155
[03/30/2022, 01:17:37] estimating time left: 0:12:21.055000

[[-1.27399234 -6.29670705 -0.86463893  0.         -0.63213642  0.6605956 ]
 [ 8.02786123  6.16660884  0.          0.         -1.06814042 -0.07510123]
 [-0.39476318 12.99364844 -0.38308028  0.          0.76131222 -0.14575439]
 [-0.86141917 -6.71800256 -0.87265123  0.         -0.45428027 -0.05600871]
 [-1.54378967 -6.15795638 -0.78371225  0.         -0.15201249  0.75140608]
 [-1.19373455 -6.34553119 -0.95401798  0.          0.46526439 -0.1802576 ]
 [-1.38400022 -6.35482762 -0.8035605   0.         -0.11423847  0.31583837]
 [-1.56158449 -6.06872177 -0.8145432   0.          0.8543569  -0.05520557]
 [-1.25141621 -6.18120703 -1.06028894  0.          0.44747476 -0.19604959]
 [-0.09243791 12.71650392 -0.31300375  0.         -0.71647223 -0.02114216]]
[03/30/2022, 01:18:25] computing sampling shap 1785:1795 within 47.9292 sec, 4.7814 on average
[03/30/2022, 01:18:25] instances left: 145
[03/30/2022, 01:18:25] estimating time left: 0:11:33.303000

[[-1.40571139 -6.44325941 -0.55041307  0.         -0.5501006  -0.2360881 ]
 [-1.1794107  -6.28257872 -0.98176399  0.         -0.63487033 -0.24058986]
 [-1.35448717 -6.622432   -0.61725713  0.         -0.35075062 -0.2406454 ]
 [ 8.11668861  6.11085835  0.          0.          0.12892127 -0.05711445]
 [-0.14449788 12.6092301  -0.12909861  0.         -0.42257227 -0.29635979]
 [-0.22665973 12.58791511  0.          0.          0.07579021 -0.09020445]
 [-1.05465603 -6.78362671 -0.52752107  0.         -0.3403659  -0.04006775]
 [-0.21429908 12.74054992 -0.26455396  0.          0.72616572 -0.1160691 ]
 [-1.42519039 -6.33990786 -0.61061517  0.          0.79462033 -0.11184673]
 [-1.33721021 -6.43550051 -0.85647862  0.         -0.73166245  0.40754859]]
[03/30/2022, 01:19:12] computing sampling shap 1795:1805 within 46.924 sec, 4.7789 on average
[03/30/2022, 01:19:12] instances left: 135
[03/30/2022, 01:19:12] estimating time left: 0:10:45.151500

[[-1.35458656e+00 -6.06676487e+00 -1.02190338e+00  0.00000000e+00
   8.57310980e-01 -1.70953754e-01]
 [-1.54086278e+00 -6.87956013e+00  0.00000000e+00  0.00000000e+00
   8.21647177e-01 -1.33542789e-01]
 [-2.97130048e-01  1.28436318e+01 -2.62835564e-01  0.00000000e+00
  -8.05614241e-01  2.97574526e-01]
 [ 6.15464941e+00  4.53624215e+00  3.34932106e+00  0.00000000e+00
   2.41543586e-01  2.68132661e-02]
 [-1.23265041e+00 -6.35690424e+00 -8.23417439e-01  0.00000000e+00
  -1.11762149e-02 -7.10619231e-02]
 [-1.79316180e+00 -6.23295647e+00 -5.19878390e-01  0.00000000e+00
   4.84684094e-01 -6.99499802e-02]
 [-3.61692051e-01  1.30712321e+01 -3.71325632e-01  0.00000000e+00
   5.02125440e-02 -2.30499570e-01]
 [-1.31275527e+00 -6.13801681e+00 -9.58864937e-01  0.00000000e+00
  -7.92806993e-01 -2.32082910e-01]
 [-1.23241528e+00 -6.66642662e+00 -4.59753814e-01  0.00000000e+00
   3.21503370e-01 -1.46469760e-01]
 [-1.20361647e+00 -6.34160332e+00 -8.52606079e-01  0.00000000e+00
  -3.08841609e-01  8.83117459e-01]]
[03/30/2022, 01:19:57] computing sampling shap 1805:1815 within 45.6956 sec, 4.773 on average
[03/30/2022, 01:19:57] instances left: 125
[03/30/2022, 01:19:57] estimating time left: 0:09:56.625000

[[ 8.09287462e+00  6.45452125e+00 -3.94638606e-01  0.00000000e+00
  -1.37355976e+00  2.81605892e-01]
 [ 1.70478990e+01 -2.40870581e+00 -4.11642419e-01  0.00000000e+00
   1.22071564e-01 -2.14369119e-01]
 [-1.23129729e+00 -6.30575917e+00 -9.97975568e-01  0.00000000e+00
   1.41011444e-01  3.59215967e-01]
 [ 1.70059085e+01 -2.52145149e+00 -3.47952090e-01  0.00000000e+00
  -1.13869258e+00 -1.11034680e-01]
 [-1.51939032e+00 -6.25328754e+00 -5.84460461e-01  0.00000000e+00
  -6.35943327e-01  3.00049933e-03]
 [-1.34564778e+00 -6.22731747e+00 -7.19792899e-01  0.00000000e+00
   7.59967184e-01 -2.24106886e-01]
 [-1.18966620e+00 -6.35676601e+00 -8.41065905e-01  0.00000000e+00
   7.73789289e-01 -1.43188792e-01]
 [-1.25915278e+00 -6.27511743e+00 -8.29164287e-01  0.00000000e+00
   2.94231855e-01  6.66670899e-02]
 [-1.20803419e+00 -6.78565926e+00 -4.93483448e-01  0.00000000e+00
   5.64574622e-02 -4.85013466e-02]
 [ 8.04846946e+00  6.55695844e+00 -4.45139432e-01  0.00000000e+00
   3.64895948e-01 -3.32566858e-02]]
[03/30/2022, 01:20:46] computing sampling shap 1815:1825 within 48.6328 sec, 4.7755 on average
[03/30/2022, 01:20:46] instances left: 115
[03/30/2022, 01:20:46] estimating time left: 0:09:09.182500

[[-0.36586512 12.70757787 -0.13409906  0.          0.79723316 -0.09133943]
 [-0.2272045  12.7986332  -0.2044693   0.          0.04680488 -0.12428384]
 [-0.27887532 12.8418628  -0.30495136  0.          0.41523941  0.06888053]
 [-0.17309049 12.81811911 -0.35437682  0.          0.38330897  0.29284367]
 [-1.34416063 -6.22045633 -0.86164732  0.         -0.56824098  0.68753065]
 [-0.60892165 -7.0185203  -0.87654136  0.          0.31763065  0.65539128]
 [-1.17050436 -6.52568543 -0.82951617  0.         -0.46493062  0.84822305]
 [-1.25934166 -6.27880201 -0.97513956  0.         -0.44599304 -0.17982631]
 [-0.13063537 -3.23077841 15.63935503  0.          0.31208653 -0.12562578]
 [-1.01290323 -6.81730478 -0.60260415  0.          0.29429442  0.57935705]]
[03/30/2022, 01:21:33] computing sampling shap 1825:1835 within 47.5116 sec, 4.7749 on average
[03/30/2022, 01:21:33] instances left: 105
[03/30/2022, 01:21:33] estimating time left: 0:08:21.364500

[[-0.23874063 12.50057235 -0.13552272  0.          0.86068949 -0.02434242]
 [-0.88074112 -6.39570609 -1.24268543  0.          0.45704295  0.30169243]
 [-0.90237325 -2.49919044 15.41018538  0.         -0.64351264  0.33840528]
 [-1.75495164 -6.04845504 -0.67985339  0.         -0.45381275  0.03770114]
 [-1.27120872 -6.19724842 -0.94253454  0.          0.39963546 -0.23013113]
 [-0.12872242 -3.17220266 15.46764828  0.          0.43645366  0.12132258]
 [-0.24966579 12.4039057   0.          0.          0.84315602 -0.08512186]
 [-0.07150092 -7.17435433 -1.18666265  0.          0.84095687 -0.14075717]
 [ 5.81764451  4.27666617  4.18346747  0.          0.08436863 -0.0827196 ]
 [-0.22892238 12.97891514 -0.38286611  0.          0.3775107  -0.16177193]]
[03/30/2022, 01:22:20] computing sampling shap 1835:1845 within 46.9569 sec, 4.7728 on average
[03/30/2022, 01:22:20] instances left: 95
[03/30/2022, 01:22:20] estimating time left: 0:07:33.416000

[[ 5.1689675   4.78886912  4.34695531  0.          0.08749178 -0.09293022]
 [-0.94805398 -6.49480794 -0.96339609  0.          0.35898125 -0.19421064]
 [-0.2385271  12.97293149 -0.51840697  0.          0.78857327 -0.08384509]
 [-1.39948198 -6.57294969 -0.47455538  0.          0.42044416 -0.11083362]
 [-1.12413562 -6.06414423 -1.3211137   0.          0.9262338  -0.17373789]
 [-1.41452583 -6.42606967 -0.70483172  0.          0.13814091 -0.07193549]
 [-0.11582855 12.7953509  -0.32413864  0.         -0.40701644 -0.07219012]
 [-0.3085969  12.73214287 -0.1341122   0.         -0.5617918   0.32932269]
 [-1.03777851 -6.53717624 -0.85377719  0.          0.85173555 -0.1799016 ]
 [-1.19525691 -6.41022449 -0.90112957  0.          0.50200851 -0.13277397]]
[03/30/2022, 01:23:08] computing sampling shap 1845:1855 within 47.2895 sec, 4.7717 on average
[03/30/2022, 01:23:08] instances left: 85
[03/30/2022, 01:23:08] estimating time left: 0:06:45.594500

[[-1.56879196 -6.22175292 -0.73044033  0.          0.46597975 -0.05349246]
 [-0.40717439 13.15785699 -0.39917955  0.          0.37941578 -0.23062883]
 [17.13189826 -2.67457805 -0.29192126  0.          0.07717641  0.13698827]
 [-1.3345159  -6.38726784 -0.73580936  0.          0.87963588 -0.15436182]
 [-0.27948351 13.18839974 -0.50994634  0.          0.02680077 -0.07893006]
 [-0.10906736 -7.46939128 -0.94672487  0.          0.92893785 -0.1360726 ]
 [ 8.13692391  6.47525377 -0.3880109   0.         -0.09492863  0.08519313]
 [-1.19116346 -6.48787138 -0.80245908  0.          0.94562571 -0.15707137]
 [-1.41544573 -5.98634958 -1.05243035  0.          0.8481688  -0.15084124]
 [-0.3249123  12.61847735  0.          0.         -0.6064754  -0.2666063 ]]
[03/30/2022, 01:23:55] computing sampling shap 1855:1865 within 47.2549 sec, 4.7706 on average
[03/30/2022, 01:23:55] instances left: 75
[03/30/2022, 01:23:55] estimating time left: 0:05:57.795000

[[-1.02581187 -6.76624699 -0.66307149  0.         -0.72449191 -0.24215704]
 [-0.65651835 12.9007434   0.          0.          0.13344426 -0.17549492]
 [-1.25362765 -6.53752085 -0.72273351  0.          0.90421293 -0.06033575]
 [-0.12880443 12.64385956 -0.27405715  0.         -0.96568752 -0.25292729]
 [-0.90346136 -7.00718533 -0.50038714  0.          0.78653283 -0.1323961 ]
 [-1.12597361 -6.22055365 -1.07257934  0.          0.86593341 -0.20372477]
 [-0.3795521  12.60059883  0.          0.          0.79290259 -0.18258612]
 [-1.2484447  -6.36732074 -0.76506465  0.          0.7621001  -0.13816783]
 [-1.47383331 -5.97704384 -1.04576325  0.          0.46886335 -0.0807208 ]
 [-1.39360813 -5.92890797 -1.12134022  0.         -0.84562376  0.74124901]]
[03/30/2022, 01:24:40] computing sampling shap 1865:1875 within 45.3812 sec, 4.7651 on average
[03/30/2022, 01:24:40] instances left: 65
[03/30/2022, 01:24:40] estimating time left: 0:05:09.731500

[[-0.98216248 -6.33729391 -1.11331031  0.          0.82799703 -0.15212776]
 [-1.1732628  -6.276763   -1.00227667  0.          0.40961052 -0.08857132]
 [-0.95706945 -6.70897258 -0.88559353  0.          0.5316578  -0.18829844]
 [-1.40978121 -6.04974637 -1.00966405  0.         -0.25618634 -0.14176657]
 [-0.53160225 12.78497027  0.          0.          0.14038584 -0.14821086]
 [-1.15254758 -6.5037422  -0.76117841  0.          0.83468436 -0.14953546]
 [-1.45584288 -6.19789143 -0.8806844   0.          0.13309412  0.46440259]
 [-1.4437266  -6.36423874 -0.72310667  0.          0.14163817  0.25534944]
 [-0.37122356 12.88189118 -0.13748545  0.         -0.83005021  0.37390423]
 [17.39803737 -3.16653313  0.          0.         -0.13750298 -0.18797379]]
[03/30/2022, 01:25:26] computing sampling shap 1875:1885 within 45.5759 sec, 4.7603 on average
[03/30/2022, 01:25:26] instances left: 55
[03/30/2022, 01:25:26] estimating time left: 0:04:21.816500

[[-3.03123318e-01  1.30230278e+01 -3.39944960e-01  0.00000000e+00
  -4.40599219e-01  8.62751702e-02]
 [-1.63407044e+00 -6.20239794e+00 -5.96412136e-01  0.00000000e+00
  -3.33869562e-01 -1.00393826e-01]
 [-1.43490372e+00 -6.25852387e+00 -8.23155919e-01  0.00000000e+00
   9.00588955e-01 -1.16324630e-01]
 [-1.41336632e+00 -6.23943467e+00 -7.89910185e-01  0.00000000e+00
   3.93139895e-01 -7.26313133e-02]
 [-2.57727998e-01  1.27160598e+01 -1.34352436e-01  0.00000000e+00
  -7.03019800e-01 -2.03353615e-01]
 [-1.30851304e+00 -5.80070569e+00 -1.28365280e+00  0.00000000e+00
   3.77564534e-01 -1.92970060e-01]
 [-1.48926764e+00 -6.94956389e+00  0.00000000e+00  0.00000000e+00
   8.37809044e-01 -1.31296108e-01]
 [-7.30216764e-01 -3.07522529e+00  1.59322464e+01  0.00000000e+00
  -6.82516895e-01 -5.80932968e-03]
 [-9.18476614e-01 -6.79674508e+00 -8.59124091e-01  0.00000000e+00
   9.75196879e-01 -1.57748401e-01]
 [-1.30971258e+00 -6.20492755e+00 -8.99868145e-01  0.00000000e+00
   8.56094052e-01 -1.98483715e-01]]
[03/30/2022, 01:26:16] computing sampling shap 1885:1895 within 49.9852 sec, 4.7657 on average
[03/30/2022, 01:26:16] instances left: 45
[03/30/2022, 01:26:16] estimating time left: 0:03:34.456500

[[-1.65296206 -6.20609884 -0.56893413  0.          0.84243529 -0.17133789]
 [-1.14059225 -6.44168508 -0.98100295  0.          0.12650297 -0.13763852]
 [-0.33787605 13.19106618 -0.51742322  0.         -0.70782994 -0.15964831]
 [-0.73798431 -6.59633837 -1.12482121  0.          0.02097272  0.05347135]
 [-0.20987277 12.81990502 -0.40595855  0.          0.82495949 -0.15723964]
 [-0.29613861 12.99904037 -0.41925661  0.          0.09149452 -0.17296574]
 [-0.782067   -6.61129142 -0.92228974  0.          0.7368266  -0.17807591]
 [-0.41853133 12.94343532 -0.37639039  0.         -0.2384933   0.13599282]
 [-1.94741464 -6.43619878 -0.28270072  0.          0.27940779  0.13626598]
 [-1.01353939 -6.28039247 -1.041799    0.          0.75880613 -0.17997296]]
[03/30/2022, 01:27:04] computing sampling shap 1895:1905 within 48.6393 sec, 4.7679 on average
[03/30/2022, 01:27:04] instances left: 35
[03/30/2022, 01:27:04] estimating time left: 0:02:46.876500

[[-1.31843040e+00 -6.23515891e+00 -9.10331301e-01  0.00000000e+00
   2.07755821e-02 -1.31270908e-01]
 [-4.18667824e-01  1.28070026e+01  0.00000000e+00  0.00000000e+00
   3.55805402e-01 -1.05674796e-01]
 [-9.52722192e-01 -6.71771736e+00 -7.93943994e-01  0.00000000e+00
  -7.77155256e-01 -1.19401494e-01]
 [-4.52636206e-01  1.30427169e+01 -4.05236905e-01  0.00000000e+00
  -4.72822130e-01 -2.12375007e-01]
 [-1.28704106e+00 -6.59157596e+00 -6.13843529e-01  0.00000000e+00
   8.83867536e-01 -1.23726285e-01]
 [-1.28955986e+00 -6.26535747e+00 -9.39500927e-01  0.00000000e+00
  -7.03214511e-01  1.59932063e-01]
 [ 8.41904056e+00  6.11708884e+00 -3.89207813e-01  0.00000000e+00
  -1.39170021e+00  3.89847180e-03]
 [-6.36389998e-01  1.31427464e+01 -1.35138511e-01  0.00000000e+00
   6.97483937e-01 -2.37338323e-01]
 [-2.95122058e-01  1.28621284e+01 -2.51192187e-01  0.00000000e+00
   6.70140252e-01 -1.14161069e-01]
 [-4.00352684e-01  1.30192346e+01 -3.91971689e-01  0.00000000e+00
   7.67776619e-01 -1.63323657e-01]]
[03/30/2022, 01:27:52] computing sampling shap 1905:1915 within 47.6596 sec, 4.7678 on average
[03/30/2022, 01:27:52] instances left: 25
[03/30/2022, 01:27:52] estimating time left: 0:01:59.195000

[[ 8.02447477  6.33630527 -0.1538719   0.         -0.03526126  0.96843274]
 [-1.45888793 -6.36346715 -0.63149986  0.          0.88377426 -0.18681649]
 [-1.06345276 -6.79041805 -0.53358329  0.         -0.03830831 -0.05345912]
 [-0.46166362 -2.94381614 15.51731149  0.          0.82343372 -0.19229642]
 [-1.3866453  -6.16991072 -0.95430702  0.          0.42634131 -0.02397626]
 [-1.58962034 -6.38800329 -0.48222148  0.         -0.92435856 -0.17441058]
 [-1.20514891 -6.326072   -0.94838339  0.          0.44028475 -0.16895706]
 [-0.23707316 13.02529379 -0.62447409  0.          0.82623567 -0.1586187 ]
 [-0.88000658 -7.13275747 -0.4649993   0.         -0.46777693  0.49248737]
 [-1.41893164 -6.30233679 -0.8082583   0.         -0.83990682  0.15192395]]
[03/30/2022, 01:28:41] computing sampling shap 1915:1925 within 49.2035 sec, 4.7711 on average
[03/30/2022, 01:28:41] instances left: 15
[03/30/2022, 01:28:41] estimating time left: 0:01:11.566500

[[-8.06606826e-02  1.27654624e+01 -3.29862013e-01  0.00000000e+00
  -6.30614268e-01 -1.30606564e-01]
 [-1.43265446e-01  1.27900854e+01 -4.33028736e-01  0.00000000e+00
   7.75336726e-01 -1.57764381e-01]
 [-1.41645391e+00 -6.30781563e+00 -8.53628489e-01  0.00000000e+00
  -2.34694440e-01  6.08034819e-01]
 [-1.33617265e-01  1.24994171e+01  0.00000000e+00  0.00000000e+00
  -1.98228647e-01  2.88913243e-01]
 [-1.58285658e+00 -6.30188033e+00 -6.40583237e-01  0.00000000e+00
  -1.97390025e-01 -2.04749073e-04]
 [-1.53454547e+00 -5.97342867e+00 -8.71735376e-01  0.00000000e+00
   3.52355585e-01  1.76777264e-01]
 [ 7.85107383e+00  6.36369039e+00  0.00000000e+00  0.00000000e+00
  -5.29799205e-01  2.44334057e-02]
 [-3.10916483e-01  1.25923588e+01  0.00000000e+00  0.00000000e+00
   7.34385147e-01 -1.44033830e-01]
 [-4.15943182e-01  1.30830054e+01 -3.99077797e-01  0.00000000e+00
   8.17990300e-02 -1.47609521e-01]
 [-1.29677567e+00 -6.65989130e+00 -4.61077309e-01  0.00000000e+00
   8.63071740e-01 -2.02224717e-01]]
[03/30/2022, 01:29:29] computing sampling shap 1925:1935 within 47.6975 sec, 4.7711 on average
[03/30/2022, 01:29:29] instances left: 5
[03/30/2022, 01:29:29] estimating time left: 0:00:23.855500

[[-0.14269449 12.95480536 -0.5329741   0.          0.73166772 -0.17944105]
 [-1.10910345 -6.52376872 -0.84774114  0.          0.47276278 -0.23363656]
 [-1.36726501 -6.64688861 -0.50521825  0.          0.4853791  -0.09726978]
 [-1.55974613 -6.56465313 -0.54046719  0.         -0.91048863 -0.06665034]
 [-1.51939587 -5.88623681 -0.99131346  0.          0.83256285 -0.16793619]
 [-1.02731018 -6.6616537  -0.84433798  0.          0.11599317  0.2832243 ]
 [-1.15530504 -6.21624158 -1.02804877  0.         -0.01685048  0.4048659 ]
 [-1.26109045 -6.13438569 -1.12803117  0.         -0.49287429  0.55303642]
 [-1.15186805 -6.70301548 -0.53403635  0.          0.8191588  -0.18713641]
 [-1.19957914 -6.07964021 -1.24793331  0.          0.09193375 -0.19945181]]
[03/30/2022, 01:29:29] finish computing sampling shap for range: [4, 8] within 2290.111425 sec
