Child #[10, 11]: psutil.Process(pid=4651, name='python', status='running', started='03:30:14'), affinity [10, 11]
Child #[10, 11]: Set my affinity to [10, 11], affinity now [10, 11]

[03/30/2022, 00:54:24] start computing sampling shap for range: [6, 8]
[03/30/2022, 00:55:15] computing sampling shap 2425:2435 within 50.4936 sec, 5.0494 on average
[03/30/2022, 00:55:15] instances left: 475
[03/30/2022, 00:55:15] estimating time left: 0:39:58.465000

[[-1.02004721 -6.70004251 -0.85602699  0.          0.51450413 -0.06965022]
 [-0.09525606 12.32158809  0.          0.          0.49188692 -0.21792815]
 [-1.22136326 -6.07900609 -1.0854722   0.          0.82955654 -0.20061304]
 [-1.235567   -6.47788756 -0.72340585  0.         -0.75025545  0.26477664]
 [-0.20953928 12.9110832  -0.32999596  0.         -1.15730264  0.05494237]
 [-1.17789776 -6.22164981 -0.96438689  0.          0.77463831 -0.16760173]
 [ 8.35453448  6.39131302 -0.38455208  0.         -0.19771457 -0.05381847]
 [-0.29218441 13.1780575  -0.46223922  0.         -1.10809959 -0.18089449]
 [ 8.33923207  6.02467344 -0.15863893  0.         -1.31130996  0.05289851]
 [-0.82414839 -2.46002685 15.49960184  0.         -0.54236428  0.3162027 ]]
[03/30/2022, 00:56:08] computing sampling shap 2435:2445 within 52.9804 sec, 5.1738 on average
[03/30/2022, 00:56:08] instances left: 465
[03/30/2022, 00:56:08] estimating time left: 0:40:05.817000

[[-1.82286474 -5.96583527 -0.74196659  0.         -0.53469383  0.34912776]
 [-0.49256189 13.11726811 -0.25538876  0.         -0.67410419 -0.24675758]
 [ 8.26088003  6.08666602 -0.15568629  0.         -0.3323855   0.02128276]
 [-0.3936808  12.9576843  -0.27190026  0.          0.4252608  -0.1711777 ]
 [-1.28965028 -6.43245774 -0.74447037  0.         -0.26771706  0.08039302]
 [-1.27784501 -6.07901269 -0.98047083  0.          0.75284469 -0.17241372]
 [-0.4626247  12.82563738  0.          0.          0.38886826 -0.20569422]
 [-1.38490491 -6.52034474 -0.56133963  0.          0.84984292 -0.14015136]
 [-1.2318742  -6.03946295 -1.15117314  0.         -1.0029569   0.21021588]
 [-1.04591265 -6.22497966 -1.25437017  0.         -0.22011154  0.07867862]]
[03/30/2022, 00:56:54] computing sampling shap 2445:2455 within 46.5954 sec, 5.0024 on average
[03/30/2022, 00:56:54] instances left: 455
[03/30/2022, 00:56:54] estimating time left: 0:37:56.092000

[[-0.48286018 13.19441324 -0.37123416  0.         -0.55952517 -0.28114739]
 [-0.20656618 12.6727071  -0.27879532  0.         -0.04346553  0.41357722]
 [-0.50531949 -2.78768159 15.44740407  0.          0.6604665   0.23056448]
 [-0.58444244 12.90626979  0.          0.          0.09220308 -0.08169156]
 [-1.18604739 -6.3427307  -0.96406533  0.         -0.37145085  0.3788161 ]
 [-1.21443638 -6.41784456 -0.84371882  0.         -0.6479827  -0.18631325]
 [-1.08629623 -6.23734599 -1.05956464  0.          0.36204081 -0.18711115]
 [-0.93321371 -6.31886906 -1.13925342  0.          0.79050688 -0.13148986]
 [-0.4069606  13.09820561 -0.3863064   0.          0.42332087 -0.18207337]
 [-0.23277706 12.5607416   0.          0.         -0.93646692 -0.22864048]]
[03/30/2022, 00:57:44] computing sampling shap 2455:2465 within 50.0994 sec, 5.0043 on average
[03/30/2022, 00:57:44] instances left: 445
[03/30/2022, 00:57:44] estimating time left: 0:37:06.913500

[[-1.08910699 -6.40939888 -0.89894014  0.         -0.74652341 -0.16632686]
 [-1.28540294 -7.21341984  0.          0.         -0.61938065  0.18626389]
 [ 8.33266928  6.28744452 -0.28497717  0.         -0.3410435  -0.06990664]
 [-1.27706829 -6.18449934 -0.88552069  0.          0.33438428 -0.11855939]
 [-0.73670589 -7.01351087 -0.74412811  0.          0.89595608 -0.1585086 ]
 [-0.46458572 13.02882424 -0.41871605  0.          0.86412437 -0.1782834 ]
 [-1.22551053 -6.16926631 -1.103075    0.          0.11828329 -0.25510197]
 [-0.15935355 12.7867814  -0.28953823  0.         -0.61269033  0.56434588]
 [-1.20676065 -6.40008571 -0.79916784  0.          0.84244239 -0.12936759]
 [-1.03167841 -6.40722822 -1.1116639   0.          0.50951886  0.25702837]]
[03/30/2022, 00:58:32] computing sampling shap 2465:2475 within 47.3846 sec, 4.9512 on average
[03/30/2022, 00:58:32] instances left: 435
[03/30/2022, 00:58:32] estimating time left: 0:35:53.772000

[[-0.32410106 12.90425054 -0.31271779  0.          0.14778473  0.08671084]
 [-1.34462489 -5.93167082 -1.14906051  0.          0.84485229 -0.08950142]
 [-1.61711743 -5.94474201 -0.93576544  0.         -0.52718496  0.05491372]
 [-1.43635558 -6.39022192 -0.63821244  0.         -0.9472123  -0.1466119 ]
 [-0.18638829 12.91617413 -0.44174321  0.         -1.19641212 -0.16312463]
 [-1.39126909 -6.52145832 -0.66919786  0.          0.5152567  -0.14160823]
 [-0.49460976 -3.23377053 15.80405048  0.          0.12360463 -0.12234737]
 [-1.24401126 -6.29242054 -0.96100113  0.          0.85171722 -0.01793387]
 [-0.89174069 -6.52469097 -0.9197829   0.          0.31887352 -0.10486163]
 [-0.09505719 12.32264182  0.          0.          0.45127838 -0.17857237]]
[03/30/2022, 00:59:20] computing sampling shap 2475:2485 within 47.9733 sec, 4.9256 on average
[03/30/2022, 00:59:20] instances left: 425
[03/30/2022, 00:59:20] estimating time left: 0:34:53.380000

[[-1.28257618 -6.29683992 -0.84173258  0.         -0.41490492  0.15338238]
 [-1.48907461 -6.17709994 -0.92560316  0.          0.95064133  0.02158578]
 [-1.48649292 -6.33908622 -0.60455093  0.         -0.52792012  0.24627299]
 [-1.43853279 -5.93504125 -1.04482415  0.          0.07317551  0.1804063 ]
 [-0.88050501 -6.47535236 -1.16010927  0.          0.91029664 -0.15122722]
 [-1.5510657  -6.46154361 -0.48054617  0.          0.89495218 -0.09473629]
 [-0.39220398 13.06369061 -0.38361546  0.         -0.14219742 -0.17096411]
 [ 7.57945709  7.25068308 -0.52039291  0.         -0.33950629 -0.0460544 ]
 [-0.05538222 12.92957746 -0.42886519  0.          0.30476918 -0.11163365]
 [-0.07254144 12.85612486 -0.52852107  0.         -0.35622087  0.44109429]]
[03/30/2022, 01:00:09] computing sampling shap 2485:2495 within 49.0709 sec, 4.9229 on average
[03/30/2022, 01:00:09] instances left: 415
[03/30/2022, 01:00:09] estimating time left: 0:34:03.003500

[[-0.98610692 -6.54433277 -0.84163288  0.          0.76273915 -0.14756408]
 [-1.39389045 -6.50094489 -0.62094736  0.          0.44449747 -0.06609137]
 [-1.21064431 -6.37905482 -0.8666899   0.          0.89825539 -0.19876357]
 [-1.16465373 -6.57618365 -0.67983327  0.         -0.74027182 -0.26355588]
 [-1.16496216 -6.69425454 -0.7453498   0.         -0.54231846 -0.16341094]
 [-1.22748742 -6.07588451 -1.00485558  0.          0.73955363 -0.16364539]
 [-1.20861785 -6.14975441 -1.10768801  0.         -0.2844894   0.08385383]
 [-1.22045578 -6.85917152 -0.39511707  0.          0.85649718 -0.11407137]
 [-1.08083121 -6.4371857  -1.01762553  0.          0.93323788 -0.15449312]
 [-0.34572679 12.81709202 -0.13136624  0.          0.64907729 -0.06835084]]
[03/30/2022, 01:00:57] computing sampling shap 2495:2505 within 47.9919 sec, 4.9075 on average
[03/30/2022, 01:00:57] instances left: 405
[03/30/2022, 01:00:57] estimating time left: 0:33:07.537500

[[-1.35163462e+00 -6.26896030e+00 -7.86116537e-01  0.00000000e+00
   8.44359177e-01 -1.69966789e-01]
 [-1.23212389e+00 -6.56660031e+00 -7.14956260e-01  0.00000000e+00
  -5.62945577e-01  5.94477422e-03]
 [-1.34939072e+00 -6.03663699e+00 -1.02819781e+00  0.00000000e+00
   7.78411255e-01 -5.71251322e-02]
 [-1.19090031e+00 -6.42970609e+00 -7.49751169e-01  0.00000000e+00
   3.81484514e-01 -2.19403861e-01]
 [-9.08840295e-02  1.28273405e+01 -3.82775800e-01  0.00000000e+00
   6.48258618e-01 -1.70576124e-01]
 [-1.18963310e+00 -6.38786778e+00 -9.36202762e-01  0.00000000e+00
  -1.49496211e-01  6.01960893e-01]
 [ 8.18439185e+00  6.48175786e+00 -4.67915403e-01  0.00000000e+00
  -4.37284660e-01  2.51949695e-01]
 [-1.23341455e+00 -6.27977780e+00 -8.82087364e-01  0.00000000e+00
  -1.07771049e+00  7.76893370e-01]
 [-4.79736853e-01  1.30114856e+01 -3.42396947e-01  0.00000000e+00
   8.33271897e-01 -1.91260746e-01]
 [-1.36179455e+00 -6.35752200e+00 -8.75323640e-01  0.00000000e+00
   5.41370683e-01  1.93591394e-01]]
[03/30/2022, 01:01:45] computing sampling shap 2505:2515 within 47.9808 sec, 4.8954 on average
[03/30/2022, 01:01:45] instances left: 395
[03/30/2022, 01:01:45] estimating time left: 0:32:13.683000

[[-8.64245894e-01 -6.70832171e+00 -9.78788569e-01  0.00000000e+00
  -8.63700739e-01  1.31469072e-01]
 [-2.42520947e-01  1.26723604e+01 -2.59761728e-01  0.00000000e+00
  -2.90219364e-01 -1.83164423e-01]
 [-1.43461152e+00 -6.34293669e+00 -7.34505441e-01  0.00000000e+00
  -5.05919956e-01  2.11233936e-01]
 [-4.38154557e-01  1.28211981e+01  0.00000000e+00  0.00000000e+00
  -1.14540861e+00 -9.78299344e-02]
 [-1.09578997e+00 -6.49772125e+00 -9.44850883e-01  0.00000000e+00
   9.13650938e-01 -1.32186295e-01]
 [-9.77367415e-01 -6.39570449e+00 -1.06953919e+00  0.00000000e+00
  -2.88851523e-01  4.69759844e-02]
 [-1.61425124e+00 -6.20302470e+00 -5.82346315e-01  0.00000000e+00
  -3.35073588e-01 -9.35184017e-02]
 [-1.79549213e-01  1.25767744e+01 -2.03897101e-01  0.00000000e+00
   1.77540907e-01  4.50544651e-03]
 [-1.12625450e+00 -6.29224623e+00 -9.51074410e-01  0.00000000e+00
  -2.17826592e-01  6.90334329e-01]
 [-1.09994419e+00 -6.25651287e+00 -1.09839915e+00  0.00000000e+00
   8.64054808e-01 -1.66096601e-01]]
[03/30/2022, 01:02:33] computing sampling shap 2515:2525 within 47.7882 sec, 4.8837 on average
[03/30/2022, 01:02:33] instances left: 385
[03/30/2022, 01:02:33] estimating time left: 0:31:20.224500

[[-0.20661483 12.72880587 -0.20252215  0.         -0.37438867  0.13022346]
 [-1.08005533 -6.11389746 -1.29196671  0.         -0.1808722   0.25550255]
 [-0.19976889 13.01057672 -0.55028824  0.          0.44949261 -0.16382557]
 [-0.47844068 -7.1177852  -0.9810051   0.         -0.81576037  0.52957521]
 [-1.33540909 -6.62542612 -0.40775903  0.          0.7594873  -0.14779047]
 [-0.83049863 -6.74746802 -0.9701776   0.         -0.43969581 -0.13525095]
 [-1.41524042 -6.21876247 -0.78363126  0.          0.806843   -0.14610675]
 [-0.36781242 12.98542005 -0.26663978  0.         -0.55700076  0.42800097]
 [-1.20623871 -6.62661709 -0.66447953  0.          0.90177622 -0.13675982]
 [-0.3427897  13.10667803 -0.48413399  0.         -0.5572838   0.19521999]]
[03/30/2022, 01:03:23] computing sampling shap 2525:2535 within 50.7584 sec, 4.9012 on average
[03/30/2022, 01:03:23] instances left: 375
[03/30/2022, 01:03:23] estimating time left: 0:30:37.950000

[[-5.53077188e-02 -2.78434246e+00  1.49885997e+01  0.00000000e+00
   1.29082864e-02 -1.73037164e-01]
 [-1.52168926e+00 -6.29589435e+00 -6.82285726e-01  0.00000000e+00
  -1.02183818e+00  6.92026916e-01]
 [-1.31166671e+00 -6.70890655e+00 -4.58537905e-01  0.00000000e+00
   8.83131988e-01 -8.70636917e-02]
 [-3.80169859e-01  1.27080952e+01  0.00000000e+00  0.00000000e+00
  -6.87693510e-01 -2.25871351e-01]
 [-1.12813181e+00 -6.75572910e+00 -5.63910277e-01  0.00000000e+00
   8.63182003e-01 -1.72308539e-01]
 [-9.39816775e-01 -7.18412727e+00 -3.72965081e-01  0.00000000e+00
   4.57261087e-01  9.32804929e-02]
 [-1.34502309e+00 -6.44451517e+00 -7.46618929e-01  0.00000000e+00
  -6.11676023e-01  2.13313862e-01]
 [-1.39137843e+00 -6.55701599e+00 -6.16467183e-01  0.00000000e+00
   1.08632518e-01 -1.78441242e-01]
 [-1.63417596e+00 -6.56520550e+00 -2.97804470e-01  0.00000000e+00
   1.15604581e-01  3.18222124e-01]
 [ 8.21724749e+00  5.86710368e+00  0.00000000e+00  0.00000000e+00
   6.68590467e-01 -1.28774849e-01]]
[03/30/2022, 01:04:14] computing sampling shap 2535:2545 within 50.5145 sec, 4.9137 on average
[03/30/2022, 01:04:14] instances left: 365
[03/30/2022, 01:04:14] estimating time left: 0:29:53.500500

[[-1.22212307e+00 -6.10147914e+00 -1.09349536e+00  0.00000000e+00
  -7.76200804e-03  4.01591478e-02]
 [ 7.66757254e+00  6.80873882e+00 -3.05400189e-01  0.00000000e+00
  -1.10505617e-01  3.72807185e-01]
 [-1.05980369e+00 -6.47332848e+00 -9.60106391e-01  0.00000000e+00
   8.90503345e-01 -6.09145194e-02]
 [ 8.43653435e+00  6.13897142e+00 -3.34642172e-01  0.00000000e+00
   6.29851102e-02  1.23590067e-01]
 [-1.40841779e+00 -6.46466160e+00 -6.20785380e-01  0.00000000e+00
   4.44410809e-01 -5.90440418e-02]
 [-2.33591436e-01  1.29942053e+01 -4.12258598e-01  0.00000000e+00
  -9.80883021e-01  2.77159866e-01]
 [ 8.03958450e+00  6.51050803e+00 -2.69200335e-01  0.00000000e+00
  -3.70875783e-01  2.18492633e-01]
 [-1.44176778e+00 -6.17777254e+00 -8.12513701e-01  0.00000000e+00
   3.84934970e-01 -6.13790923e-02]
 [-1.53101337e+00 -5.81811703e+00 -1.06514586e+00  0.00000000e+00
  -2.87122867e-01 -2.09334404e-01]
 [-8.62453018e-01 -2.89546722e+00  1.58296793e+01  0.00000000e+00
   8.38624086e-01 -1.67414898e-01]]
[03/30/2022, 01:05:03] computing sampling shap 2545:2555 within 48.5638 sec, 4.9093 on average
[03/30/2022, 01:05:03] instances left: 355
[03/30/2022, 01:05:03] estimating time left: 0:29:02.801500

[[-1.47956178e-01  1.27081792e+01 -1.33585895e-01  0.00000000e+00
  -7.08186805e-01  2.58058441e-01]
 [-8.73631343e-01 -6.48124117e+00 -1.07879451e+00  0.00000000e+00
  -7.89193632e-01  2.68901051e-01]
 [-1.48197387e+00 -5.85256664e+00 -1.06078485e+00  0.00000000e+00
  -9.93694445e-03 -8.99483605e-02]
 [-1.28535728e+00 -6.23099421e+00 -1.07894608e+00  0.00000000e+00
   5.20787245e-01 -1.66976981e-01]
 [-5.57022412e-01 -2.93232878e+00  1.55197058e+01  0.00000000e+00
  -1.55576996e-01 -1.66214270e-01]
 [-3.28680576e-01  1.29799028e+01 -4.03542813e-01  0.00000000e+00
  -9.54329300e-01  7.13071064e-01]
 [-2.25831094e-01  1.28507597e+01 -3.32275487e-01  0.00000000e+00
  -2.41848633e-01 -1.95279632e-01]
 [-1.47276273e+00 -6.66095796e+00 -2.95895579e-01  0.00000000e+00
   3.76508652e-01 -1.30453780e-01]
 [-1.23975993e+00 -6.34137328e+00 -9.08073240e-01  0.00000000e+00
  -6.59130586e-01  4.01882870e-01]
 [-1.75433735e+00 -6.03439660e+00 -7.53032536e-01  0.00000000e+00
   4.98219983e-01 -6.49518555e-02]]
[03/30/2022, 01:05:56] computing sampling shap 2555:2565 within 53.6118 sec, 4.9416 on average
[03/30/2022, 01:05:56] instances left: 345
[03/30/2022, 01:05:56] estimating time left: 0:28:24.852000

[[-0.21917679 12.55544516 -0.13422946  0.          0.46690815 -0.12276006]
 [-0.52390221 12.84470306  0.          0.          0.35405499 -0.12866946]
 [-1.64196983 -6.57532088 -0.33112419  0.         -0.18820578 -0.21887297]
 [ 7.89969021  6.57071845 -0.25229695  0.         -0.20920457 -0.02969696]
 [-1.33359451 -5.9425784  -1.25332916  0.         -0.12056431  0.76400105]
 [-1.40450889 -6.52545631 -0.51290818  0.         -0.58554485 -0.24797654]
 [-1.48839786 -6.18606545 -0.75108389  0.          0.34648352  0.30896042]
 [-1.15379671 -6.17909783 -1.03779536  0.          0.75870532 -0.12033448]
 [-1.24415001 -6.09081542 -1.04039446  0.          0.81973698 -0.20127471]
 [-1.20079561 -6.38015752 -0.78894986  0.          0.76250737 -0.14950191]]
[03/30/2022, 01:06:45] computing sampling shap 2565:2575 within 48.7161 sec, 4.937 on average
[03/30/2022, 01:06:45] instances left: 335
[03/30/2022, 01:06:45] estimating time left: 0:27:33.895000

[[-1.52567974 -5.99393476 -0.97256288  0.         -0.98375011 -0.21492102]
 [-1.39809877 -6.32051886 -0.75756326  0.          0.86883091 -0.05880613]
 [-1.37724484 -6.390386   -0.71773339  0.          0.07321973  0.52178842]
 [-1.16392775 -6.86777011 -0.55117469  0.         -1.15967471  0.1899057 ]
 [-0.23588651 12.73814056 -0.13249364  0.         -0.89585568  0.46550842]
 [-0.41270345 13.03961671 -0.26880534  0.         -0.19748119  0.02819531]
 [-1.56637716 -6.04415824 -0.85291808  0.          0.41098864  0.10609654]
 [-1.49187782 -6.5081838  -0.43998238  0.          0.33703642  0.33411879]
 [-1.41027085 -6.05065708 -0.94491393  0.         -0.73283804 -0.08174181]
 [-1.03791408 -6.54904354 -0.98159765  0.         -0.16905354 -0.04201704]]
[03/30/2022, 01:07:35] computing sampling shap 2575:2585 within 49.8709 sec, 4.9401 on average
[03/30/2022, 01:07:35] instances left: 325
[03/30/2022, 01:07:35] estimating time left: 0:26:45.532500

[[17.04685213 -2.28713012 -0.73219938  0.          0.46097808 -0.11187751]
 [ 7.55243028  6.61568654  0.          0.         -0.13773711  0.2483314 ]
 [-0.95125307 -6.94611176 -0.500181    0.          0.80576987 -0.10116302]
 [-1.10358335 -6.6374319  -0.71996498  0.          0.03241141 -0.1097092 ]
 [-0.24815832 12.48121848  0.          0.          0.48153276 -0.16840613]
 [-1.20429869 -6.66845717 -0.6168716   0.          0.44410681 -0.08574198]
 [-1.23339305 -6.4702958  -0.69503364  0.         -0.24888936 -0.26312083]
 [-0.28412177 -3.26072932 15.63469875  0.          0.80019263 -0.14707152]
 [-1.20259572 -6.5061751  -0.81187767  0.         -0.69717943 -0.20271147]
 [-0.15563856 12.91366238 -0.28238212  0.         -0.3264031   0.14135956]]
[03/30/2022, 01:08:29] computing sampling shap 2585:2595 within 54.6354 sec, 4.9709 on average
[03/30/2022, 01:08:29] instances left: 315
[03/30/2022, 01:08:29] estimating time left: 0:26:05.833500

[[-1.4036137  -6.20344938 -0.87369929  0.          0.0977407   0.22117648]
 [-0.64527738 13.21197759 -0.22601561  0.         -0.6297631  -0.02517529]
 [ 7.60424112  6.79659865  0.          0.         -0.75527262 -0.16973397]
 [-0.37058298 12.69214534  0.          0.          0.4101561  -0.14885228]
 [-1.00617959 -6.69091593 -0.8725586   0.          0.14549473 -0.15025575]
 [-0.23529687 12.825881   -0.27868544  0.         -0.69913841 -0.16430422]
 [-0.16751263 12.90757594 -0.43775278  0.          0.72803995 -0.19898677]
 [ 7.8343424   6.74194279 -0.39397032  0.          0.05563061  0.37939644]
 [-1.30444141 -6.30289123 -0.96917815  0.         -0.75494122  0.85082313]
 [-0.29421215 12.69156163 -0.13578301  0.         -0.51329684  0.1966501 ]]
[03/30/2022, 01:09:18] computing sampling shap 2595:2605 within 48.9914 sec, 4.9669 on average
[03/30/2022, 01:09:18] instances left: 305
[03/30/2022, 01:09:18] estimating time left: 0:25:14.904500

[[-1.40850324 -6.23378175 -0.80596591  0.          0.42302053  0.15128213]
 [-0.11809106 12.91349521 -0.53931464  0.          0.78523008 -0.1695258 ]
 [-0.25356922 12.80350542 -0.31445809  0.         -0.13179964 -0.24815378]
 [-1.4519603  -6.56430074 -0.54696297  0.          0.13443796 -0.06773417]
 [-1.18395507 -6.15011333 -1.10058297  0.          0.81535579 -0.13760208]
 [-0.14678002 12.9214148  -0.49212998  0.          0.45417508 -0.23638998]
 [-1.43842725 -6.04634403 -1.04081597  0.         -1.38984675  0.19204257]
 [-0.97270706 -6.78184684 -0.70948203  0.         -1.33178315  0.14693999]
 [-1.16745031 -6.44604511 -0.92183743  0.          0.47690298 -0.18305709]
 [-0.21237643 12.52795618  0.          0.         -0.99234615  0.37892626]]
[03/30/2022, 01:10:09] computing sampling shap 2605:2615 within 50.3735 sec, 4.9706 on average
[03/30/2022, 01:10:09] instances left: 295
[03/30/2022, 01:10:09] estimating time left: 0:24:26.327000

[[-1.41674888 -6.41031257 -0.49828666  0.          0.33663587 -0.14866413]
 [ 7.85514582  6.50320812 -0.15596161  0.          0.57376495 -0.19635324]
 [ 8.16900393  6.2279667  -0.30402442  0.          0.49883948 -0.1164951 ]
 [-0.69547955 -6.24084029 -1.52741233  0.         -0.59709185  0.139793  ]
 [-0.18916571 12.48729552  0.          0.         -0.89112003  0.01645449]
 [-1.23763052 -6.39675169 -0.72308282  0.          0.37264747  0.10089235]
 [-0.26060784 12.57925471 -0.12712079  0.          0.76677823 -0.12694036]
 [-1.45531727 -6.52019946 -0.51421213  0.          0.45375137 -0.07251982]
 [-1.40265571 -6.11371796 -0.8710285   0.          0.80676715 -0.08301454]
 [ 7.91013342  6.54314195 -0.15907415  0.         -0.07218827 -0.18224671]]
[03/30/2022, 01:10:57] computing sampling shap 2615:2625 within 47.8595 sec, 4.9614 on average
[03/30/2022, 01:10:57] instances left: 285
[03/30/2022, 01:10:57] estimating time left: 0:23:33.999000

[[ 7.97206754e+00  6.74204690e+00 -3.80868521e-01  0.00000000e+00
  -1.07787765e+00 -8.23900568e-02]
 [-1.41820904e+00 -6.54886750e+00 -5.93335467e-01  0.00000000e+00
  -2.64963847e-01  7.31620384e-01]
 [-1.06197704e+00 -6.91768602e+00 -5.01186197e-01  0.00000000e+00
   9.16381258e-01 -1.67850562e-01]
 [-1.36912582e+00 -6.16204900e+00 -9.87347270e-01  0.00000000e+00
  -9.03705389e-01 -2.19854682e-01]
 [-1.25038116e+00 -6.60727076e+00 -6.59289068e-01  0.00000000e+00
  -1.27007064e-01  3.67013371e-01]
 [-2.09795968e-01  1.27700525e+01 -4.13256306e-01  0.00000000e+00
   8.19042884e-01 -1.34679699e-01]
 [-1.52116590e+00 -5.98531520e+00 -1.07698230e+00  0.00000000e+00
  -1.23338183e-01 -7.41348831e-02]
 [-1.65471689e+00 -5.98000279e+00 -8.27426813e-01  0.00000000e+00
  -2.24417056e-01 -9.30625083e-02]
 [-4.94522118e-01 -7.14061660e+00 -8.16053837e-01  0.00000000e+00
   4.00232596e-01 -1.32600758e-01]
 [-1.52261936e-01  1.26445614e+01 -1.30901692e-01  0.00000000e+00
  -6.97964408e-01 -4.25177809e-04]]
[03/30/2022, 01:11:45] computing sampling shap 2625:2635 within 48.7978 sec, 4.9575 on average
[03/30/2022, 01:11:45] instances left: 275
[03/30/2022, 01:11:45] estimating time left: 0:22:43.312500

[[-1.56653361 -6.36460902 -0.51389794  0.          0.83481706 -0.08271631]
 [-1.21631099 -6.52329057 -0.76523363  0.         -0.23672286 -0.1539408 ]
 [-0.46465637 -2.82371305 15.38690137  0.          0.84052655 -0.11186034]
 [-0.41583867 13.11326012 -0.42749749  0.         -0.56156418  0.15547093]
 [-0.19937383 12.64366175 -0.20038266  0.         -0.33244133 -0.02693814]
 [-1.15634152 -6.46235302 -0.86417366  0.         -1.23382269  0.6128274 ]
 [-0.89007865 -6.54944323 -0.91781371  0.          0.82063098 -0.22019279]
 [-1.21718444 -6.7588565  -0.6147794   0.          1.01373608 -0.17981332]
 [-1.20327336 -6.80766501 -0.37794391  0.          0.79181535 -0.15982988]
 [-1.17809103 -5.77545995 -1.45273148  0.          0.81399747 -0.10065443]]
[03/30/2022, 01:12:32] computing sampling shap 2635:2645 within 46.9722 sec, 4.9457 on average
[03/30/2022, 01:12:32] instances left: 265
[03/30/2022, 01:12:32] estimating time left: 0:21:50.610500

[[-1.35538557 -6.33703585 -0.88558834  0.         -0.91439934  0.35911119]
 [-0.17478484 12.55547434  0.          0.         -0.59441083 -0.12581557]
 [-1.2849885  -5.95065348 -1.19889608  0.         -0.40551795  0.35457752]
 [-1.02478839 -6.62090991 -0.95855974  0.         -1.2821272   0.49707087]
 [-1.43068017 -5.98420266 -1.03599018  0.         -0.47793278 -0.17414291]
 [16.99819588 -3.03527717  0.          0.          0.53749702 -0.14108791]
 [-0.36817509 12.96227682 -0.25754196  0.          0.39969616 -0.23596604]
 [-1.58385566 -6.21425593 -0.79383106  0.         -0.30773571 -0.06268325]
 [-0.42538013 13.06542963 -0.31143534  0.         -1.240032    0.1076172 ]
 [-1.55538395 -6.75867955 -0.1445446   0.          0.86835976 -0.16664905]]
[03/30/2022, 01:13:21] computing sampling shap 2645:2655 within 49.0435 sec, 4.9439 on average
[03/30/2022, 01:13:21] instances left: 255
[03/30/2022, 01:13:21] estimating time left: 0:21:00.694500

[[-0.6369177  -3.04805287 15.93083473  0.         -1.01507895  0.23275548]
 [-0.46544446 12.95121419 -0.13591026  0.          0.64751657 -0.07665069]
 [-1.44100432 -6.35771545 -0.77746095  0.         -1.21350519 -0.16685585]
 [-0.6594512  -2.94254572 15.67747763  0.         -0.24440666  0.37653594]
 [-1.38788706 -6.37201329 -0.66007729  0.         -0.41300685  0.49737147]
 [-0.09041033 12.30757124  0.          0.         -0.55004954  0.26832862]
 [-1.20433593 -6.39036609 -0.87577823  0.         -0.995979   -0.22438935]
 [-1.0302273  -6.71602087 -0.81459039  0.         -0.613511    0.36009149]
 [-0.12207059  6.56055071  5.6635111   0.          0.8929762  -0.163604  ]
 [-0.1208646  12.62945221 -0.24938577  0.         -0.17046653 -0.1140255 ]]
[03/30/2022, 01:14:12] computing sampling shap 2655:2665 within 51.0626 sec, 4.9507 on average
[03/30/2022, 01:14:12] instances left: 245
[03/30/2022, 01:14:12] estimating time left: 0:20:12.921500

[[-1.89270029e-01  1.24830182e+01  0.00000000e+00  0.00000000e+00
   8.97659057e-02 -2.25586063e-01]
 [-1.44457756e+00 -5.95858362e+00 -1.00459256e+00  0.00000000e+00
   8.08560091e-01 -6.44557323e-02]
 [-1.56338453e+00 -6.48060127e+00 -3.40525893e-01  0.00000000e+00
   7.80684861e-01 -1.53070566e-01]
 [-1.53929656e-01  1.28672999e+01 -2.67218694e-01  0.00000000e+00
  -7.09599983e-01  2.97090064e-03]
 [-2.28474128e-01  1.26717672e+01 -1.34275556e-01  0.00000000e+00
   6.92188263e-01 -1.69842119e-01]
 [-1.55669749e+00 -5.82899984e+00 -1.09112565e+00  0.00000000e+00
   4.09960401e-01 -1.74625074e-01]
 [-1.29956362e-01  1.24807244e+01  0.00000000e+00  0.00000000e+00
  -7.94472268e-01  5.53323172e-01]
 [-2.22023915e-01  1.25093682e+01  0.00000000e+00  0.00000000e+00
   6.43390709e-02 -1.93754753e-01]
 [-1.26863898e+00 -6.34507290e+00 -8.73638120e-01  0.00000000e+00
   1.08534582e-01 -2.20664078e-01]
 [-1.42403364e+00 -5.88647518e+00 -1.07535217e+00  0.00000000e+00
  -5.42057516e-01 -2.57653862e-01]]
[03/30/2022, 01:15:02] computing sampling shap 2665:2675 within 49.0998 sec, 4.9491 on average
[03/30/2022, 01:15:02] instances left: 235
[03/30/2022, 01:15:02] estimating time left: 0:19:23.038500

[[-0.37987135 13.06551539 -0.35586051  0.          0.13353525 -0.21777652]
 [-0.16263927 12.92801515 -0.57303397  0.         -0.52358154 -0.13297966]
 [-0.18967838 13.00649485 -0.59414842  0.          0.46281292 -0.18519088]
 [-0.13582902 12.73685233 -0.30625684  0.         -0.61052678  0.5191464 ]
 [-1.22141422 -6.20050819 -1.01888826  0.          0.86787125 -0.18395834]
 [-0.86365327 -6.53516753 -1.1183901   0.          0.13436575  0.25786239]
 [-0.97552208 -6.52358995 -0.97511793  0.          0.85465602 -0.07336568]
 [-0.17610684  6.11640551  6.37850741  0.         -0.47868011  0.81636197]
 [-0.14339313 12.84961402 -0.44195841  0.          0.74219778 -0.17509664]
 [-0.07636845 12.85480225 -0.41590168  0.         -0.61015286  0.14353282]]
[03/30/2022, 01:15:48] computing sampling shap 2675:2685 within 46.6143 sec, 4.938 on average
[03/30/2022, 01:15:48] instances left: 225
[03/30/2022, 01:15:48] estimating time left: 0:18:31.050000

[[-1.27497267 -6.36121334 -0.77040916  0.          0.81484013 -0.16514233]
 [-0.19474704 12.66665134 -0.19246775  0.          0.74528599 -0.19335903]
 [-1.27649455 -6.68034466 -0.47934066  0.          0.40031359 -0.20562081]
 [-0.88706316 -6.53903558 -1.25008839  0.          0.23727857 -0.16057062]
 [-1.16785007 -6.66293042 -0.75145921  0.          0.17345723  0.26355176]
 [-1.10741011 -6.17518895 -1.13490985  0.          0.85402832 -0.11956198]
 [-1.42440417 -6.23249273 -0.74272177  0.         -0.29235772  0.13570022]
 [-1.55410917 -6.36990627 -0.65934873  0.          0.52374177 -0.18186512]
 [-1.47997261 -5.91206348 -1.10662527  0.         -1.02538526  0.29218315]
 [-1.58791472 -6.19947821 -0.74464859  0.          0.44781828 -0.02427492]]
[03/30/2022, 01:16:36] computing sampling shap 2685:2695 within 48.0535 sec, 4.9331 on average
[03/30/2022, 01:16:36] instances left: 215
[03/30/2022, 01:16:36] estimating time left: 0:17:40.616500

[[-1.11718847 -6.76785024 -0.50355871  0.          0.80952675 -0.11386871]
 [-1.22214711 -6.2875482  -0.90587699  0.         -0.71555292  0.10469425]
 [ 8.2312704   6.1225115  -0.15065667  0.         -0.42856333  0.741427  ]
 [-1.55707056 -6.49847222 -0.39139981  0.          0.05454517  0.35759242]
 [-0.51032169 -7.1227957  -0.84347469  0.         -0.97213457  0.33471819]
 [-1.42120828 -5.97015177 -1.05817488  0.          0.87628746 -0.15907215]
 [-1.45415011 -5.91831711 -1.0266858   0.          0.348907    0.019201  ]
 [-1.02297217 -6.86299026 -0.63514524  0.         -0.61403309 -0.09934516]
 [-1.32018076 -6.29926444 -0.74438079  0.         -0.78406005 -0.19725222]
 [-1.25727594 -6.25514451 -0.96650367  0.         -1.06070807 -0.20136558]]
[03/30/2022, 01:17:25] computing sampling shap 2695:2705 within 48.6177 sec, 4.9306 on average
[03/30/2022, 01:17:25] instances left: 205
[03/30/2022, 01:17:25] estimating time left: 0:16:50.773000

[[-0.09124398 12.75707096 -0.4006387   0.          0.7672417  -0.20106656]
 [-1.63127206 -6.15662444 -0.75901051  0.          0.91010099  0.06148875]
 [-1.22190003 -6.34640511 -0.91027598  0.          0.91656558 -0.17030343]
 [-1.42095138 -6.35565439 -0.81594265  0.         -0.46490736  0.0875601 ]
 [-0.89446956 -6.92265552 -0.7854083   0.         -0.06256257  0.76802959]
 [-0.97773878 -6.63314583 -0.89167497  0.          0.44788975 -0.15360691]
 [-0.11352015 12.46417666  0.          0.          0.11466011 -0.26314248]
 [-0.95242839 -6.22317982 -1.12999138  0.         -1.03446934 -0.04743057]
 [-1.46210937 -6.01067468 -0.94886347  0.         -1.31692605 -0.17546389]
 [-0.22339284 12.74937784 -0.22565398  0.          0.07451359 -0.21691732]]
[03/30/2022, 01:18:14] computing sampling shap 2705:2715 within 48.8328 sec, 4.9289 on average
[03/30/2022, 01:18:14] instances left: 195
[03/30/2022, 01:18:14] estimating time left: 0:16:01.135500

[[-1.41560477 -6.22459551 -0.82217058  0.         -1.05704903  0.31095916]
 [-1.20317921 -6.59282617 -0.72241993  0.          0.9169949  -0.13088846]
 [-1.04515679 -6.72980631 -0.6758069   0.         -0.4743416  -0.10197302]
 [-1.31243571 -6.2436389  -0.97901408  0.         -0.56221293 -0.17909319]
 [-1.39429606 -6.1526636  -0.84549424  0.          0.82141544 -0.18585909]
 [-1.19913074 -6.52034176 -0.68566196  0.          0.81697702 -0.14416196]
 [-0.30547629 12.70262026 -0.13091177  0.          0.41639304 -0.0345666 ]
 [-1.72130629 -6.7155588   0.          0.          0.43674517 -0.20815675]
 [-1.61275541 -6.19779891 -0.58020908  0.          0.82325962 -0.18939381]
 [-1.5176576  -6.08187026 -0.87407883  0.         -0.42210482  0.09241628]]
[03/30/2022, 01:19:04] computing sampling shap 2715:2725 within 50.402 sec, 4.9326 on average
[03/30/2022, 01:19:04] instances left: 185
[03/30/2022, 01:19:04] estimating time left: 0:15:12.531000

[[-1.30598599 -6.58580104 -0.63210794  0.          0.0778276   0.55571183]
 [-0.22243771  6.23028237  6.28113806  0.          0.39648751 -0.03741176]
 [-1.24223743 -6.389256   -0.8585476   0.         -0.67430558 -0.0587934 ]
 [-1.13449605 -6.42649149 -0.86166746  0.         -0.24210634  0.62178414]
 [-0.97079321 -6.08775368 -1.26974448  0.          0.28877652 -0.14404676]
 [-1.30985343 -6.31122517 -0.93831022  0.         -0.61575964  0.18556938]
 [-1.55234291 -6.16722504 -0.75290073  0.         -0.63827847  0.37458554]
 [-1.54170166 -6.39176248 -0.48594794  0.          0.83332142 -0.17080691]
 [-1.46120962 -6.23236319 -0.86014635  0.         -0.46214807  0.71854085]
 [-1.70517404 -6.40669292 -0.48701277  0.         -0.19506226  0.83793641]]
[03/30/2022, 01:19:51] computing sampling shap 2725:2735 within 47.3156 sec, 4.9262 on average
[03/30/2022, 01:19:51] instances left: 175
[03/30/2022, 01:19:51] estimating time left: 0:14:22.085000

[[-0.46802667 -2.84309776 15.3988564   0.          0.460008    0.12166245]
 [-1.1404432  -6.33612968 -0.96644641  0.         -0.45302124 -0.22705042]
 [-0.35799746 13.090562   -0.38647397  0.          0.39899092 -0.1988952 ]
 [-1.43337438 -6.11237002 -0.9135303   0.          0.87009166 -0.16771533]
 [-0.89936518 -6.61030347 -0.82495413  0.          0.74772814 -0.17000261]
 [-1.49123085 -5.95831401 -1.02819064  0.          0.74717503  0.25264414]
 [-1.39222576 -6.05928452 -0.9255968   0.          0.80058127 -0.18037214]
 [-1.52040527 -6.66950154 -0.32549851  0.         -0.60131745 -0.24957992]
 [-1.58872609 -6.14553547 -0.76075862  0.         -0.64917749 -0.04387506]
 [-1.0885492  -6.53363406 -0.84276798  0.         -0.59798451  0.53099355]]
[03/30/2022, 01:20:45] computing sampling shap 2735:2745 within 53.2426 sec, 4.9386 on average
[03/30/2022, 01:20:45] instances left: 165
[03/30/2022, 01:20:45] estimating time left: 0:13:34.869000

[[-1.23315515 -6.4957583  -0.72126181  0.          0.33844063  0.52631235]
 [-0.37270462 -2.99688172 15.50729558  0.          0.41029199 -0.06453193]
 [-1.61424243 -6.02768116 -0.90212196  0.          0.96212476 -0.17497708]
 [-0.20065312 12.58266527  0.          0.          0.67120362 -0.22185152]
 [-0.51525229 12.75025824  0.          0.          0.77222851 -0.17587131]
 [-1.10033989 -7.34386135 -0.14185412  0.         -0.14840532 -0.22103255]
 [-1.41037429 -6.13700978 -0.98182839  0.         -0.199781   -0.22650037]
 [-0.81456707 -2.54580326 15.5224505   0.          0.0404958   0.82407385]
 [-0.30025586 13.07958387 -0.47703346  0.         -1.07539737  0.4399561 ]
 [-0.35907457 13.11156189 -0.45659703  0.          0.70730306 -0.13140015]]
[03/30/2022, 01:21:31] computing sampling shap 2745:2755 within 45.9578 sec, 4.9282 on average
[03/30/2022, 01:21:31] instances left: 155
[03/30/2022, 01:21:31] estimating time left: 0:12:43.871000

[[-1.02442395 -6.84205818 -0.58309344  0.         -0.72984598 -0.24507647]
 [ 8.01768965  6.21129658  0.          0.          0.16698394 -0.11654289]
 [-1.03517055 -6.70183744 -0.63881701  0.         -0.44357871  0.36770005]
 [-0.61279594 -2.81068747 15.46553421  0.          0.19776728  0.57069068]
 [-1.3099201  -6.35078789 -0.83639736  0.         -0.73020133 -0.19719183]
 [-1.44526112 -6.27462433 -0.71921622  0.          0.04678199 -0.10420087]
 [-1.3445231  -6.67556746 -0.45531988  0.          0.06210681 -0.22136657]
 [-1.26302971 -6.1923892  -0.93090494  0.         -0.77542599 -0.27277725]
 [-0.15814767 12.68465608 -0.264143    0.          0.71106896 -0.10164091]
 [-0.51030306 13.11270592 -0.29502611  0.         -0.90699346  0.14503196]]
[03/30/2022, 01:22:18] computing sampling shap 2755:2765 within 47.2133 sec, 4.9221 on average
[03/30/2022, 01:22:18] instances left: 145
[03/30/2022, 01:22:18] estimating time left: 0:11:53.704500

[[-1.44152774 -6.38610204 -0.76702975  0.         -0.40044263  0.310038  ]
 [-1.2492327  -6.61646362 -0.62534929  0.         -0.90690865  0.34200814]
 [-1.62410101 -6.30855388 -0.5836736   0.         -0.55255177  0.0989844 ]
 [-0.49941126 12.96610897 -0.13737525  0.         -0.21099282 -0.09259683]
 [ 7.71947796  6.64618911 -0.15838605  0.          0.3678383  -0.13178698]
 [-0.98110854 -6.27289149 -1.15066176  0.          0.81003951 -0.162276  ]
 [-0.39459691 12.9753301  -0.21420689  0.         -0.7421997  -0.11581295]
 [ 8.25507978  6.05059945  0.          0.         -0.13192368 -0.17560519]
 [-1.5177724  -6.20245254 -0.74753628  0.         -1.04738011  0.25986159]
 [-1.32087738 -6.42753064 -0.77986091  0.         -0.36553569  0.10183246]]
[03/30/2022, 01:23:05] computing sampling shap 2765:2775 within 46.9422 sec, 4.9156 on average
[03/30/2022, 01:23:05] instances left: 135
[03/30/2022, 01:23:05] estimating time left: 0:11:03.606000

[[-1.56572774 -6.44423535 -0.4287429   0.         -0.68935316 -0.09508074]
 [-1.1691423  -6.28182679 -0.96151396  0.          0.81208993 -0.15650449]
 [-1.49123839 -5.92047365 -0.91446182  0.          0.79585072 -0.20199608]
 [-1.69872262 -5.820088   -1.01154765  0.         -0.15863778  0.32024795]
 [-1.56968402 -6.42412347 -0.46233319  0.          0.43440704 -0.08676411]
 [-0.01686978 -3.25543649 15.35951111  0.         -1.29152758  0.56159986]
 [-1.40378429 -6.13315662 -1.02346801  0.          0.49059371 -0.11374584]
 [-1.23945042 -6.6643004  -0.61337019  0.         -0.43132963  0.41550949]
 [-0.07275335 12.67800041 -0.41116791  0.          0.8021264  -0.16484223]
 [ 6.07601868  4.00393197  4.10707337  0.         -0.39852396  0.26900701]]
[03/30/2022, 01:23:53] computing sampling shap 2775:2785 within 47.9335 sec, 4.9122 on average
[03/30/2022, 01:23:53] instances left: 125
[03/30/2022, 01:23:53] estimating time left: 0:10:14.025000

[[-1.57832618 -5.78190683 -1.17756271  0.          0.92827752 -0.14737973]
 [-0.29749328 -2.99307486 15.38438182  0.         -0.62707334  0.19370467]
 [-0.53624861 12.8467393   0.          0.          0.0692475  -0.13419568]
 [-0.4684418  12.9579642  -0.13549265  0.          0.0982264  -0.10541534]
 [-0.41774646 13.06123899 -0.42848258  0.         -0.93826696 -0.1730901 ]
 [-1.38999684 -6.44626532 -0.49918005  0.          0.76564771 -0.18710302]
 [-0.31017437 13.19612211 -0.54643797  0.         -0.68200443 -0.23702219]
 [-1.51976074 -6.38032238 -0.5435069   0.          0.84929541 -0.04692362]
 [-1.75137417 -6.30501719 -0.53334544  0.          0.52715669 -0.12098133]
 [-0.41631947 13.29114724 -0.52506996  0.          0.70559801 -0.22399228]]
[03/30/2022, 01:24:43] computing sampling shap 2785:2795 within 50.6542 sec, 4.9164 on average
[03/30/2022, 01:24:43] instances left: 115
[03/30/2022, 01:24:43] estimating time left: 0:09:25.386000

[[-0.71881422 -3.52759525 16.3982338   0.          0.41823236  0.39491922]
 [-1.26298711 -6.66192313 -0.50082354  0.          0.84033778 -0.17150112]
 [-1.64108432 -5.81930428 -1.0001435   0.          0.4671103   0.11446281]
 [ 8.16706371  6.37835676 -0.38292185  0.          0.09297139  0.19183179]
 [-1.1023259  -6.51666588 -0.77331085  0.         -1.28381544 -0.28415195]
 [-1.03045552 -6.70454899 -0.74373759  0.          0.89188602 -0.14546249]
 [-0.1608674   6.38251613  6.07445325  0.          0.71837406 -0.10096894]
 [-1.09357715 -6.47316504 -0.96549028  0.          0.9564366  -0.15652329]
 [-1.16424296 -6.30275215 -1.03534579  0.          0.40609421  0.4551444 ]
 [-1.56692484 -5.90788738 -0.91416533  0.          0.81595818 -0.18387872]]
[03/30/2022, 01:25:30] computing sampling shap 2795:2805 within 46.9911 sec, 4.9107 on average
[03/30/2022, 01:25:30] instances left: 105
[03/30/2022, 01:25:30] estimating time left: 0:08:35.623500

[[-1.32640363e+00 -6.11355716e+00 -1.06388613e+00  0.00000000e+00
   4.55055824e-01 -1.59485685e-01]
 [-7.45734192e-01 -2.57384302e+00  1.53730811e+01  0.00000000e+00
  -4.80211958e-01  2.92643634e-01]
 [-1.51381110e+00 -6.37543395e+00 -6.77506585e-01  0.00000000e+00
   1.53416329e-01  9.93018939e-02]
 [-1.26153092e+00 -6.21280755e+00 -1.00060161e+00  0.00000000e+00
  -5.90703986e-01  1.78030723e-01]
 [-1.85834128e+00 -6.13833830e+00 -5.17515475e-01  0.00000000e+00
   7.29032216e-02 -1.09612388e-02]
 [ 8.35949289e+00  5.94838729e+00 -1.57779205e-01  0.00000000e+00
   6.31146739e-01 -2.01443275e-01]
 [-4.68496016e-01  1.30830341e+01 -2.78981586e-01  0.00000000e+00
  -5.89407161e-01 -1.75008187e-01]
 [-2.52115092e-01  1.29797833e+01 -4.44850925e-01  0.00000000e+00
   6.59929875e-01  1.05133298e-01]
 [-1.38643657e-01  1.26811772e+01 -2.87764407e-01  0.00000000e+00
  -5.57541327e-01  1.98684490e-01]
 [-3.06431448e-01  1.29123882e+01 -3.35565274e-01  0.00000000e+00
   9.32642319e-02  5.65091866e-01]]
[03/30/2022, 01:26:19] computing sampling shap 2805:2815 within 48.9715 sec, 4.9103 on average
[03/30/2022, 01:26:19] instances left: 95
[03/30/2022, 01:26:19] estimating time left: 0:07:46.478500

[[ 8.67235792  5.66792826 -0.15844461  0.          0.43021384 -0.16872264]
 [-1.12104536 -6.35167029 -1.08628332  0.         -0.41660829  0.73351009]
 [-1.10371628 -6.60089252 -0.83829562  0.          0.08837699  0.06982748]
 [-0.15811801 12.706709   -0.32305988  0.          0.79323313 -0.03218445]
 [-1.23992531 -6.41141242 -0.82312304  0.         -0.71061727 -0.1121083 ]
 [-1.02507942 -6.43661282 -0.99878481  0.         -0.44854083  0.86598872]
 [-1.12049876 -6.11296373 -1.31233275  0.          0.13573367  0.37525683]
 [-1.37359849 -6.28294086 -0.73243107  0.         -1.38825966 -0.2153163 ]
 [-0.56629465 -6.90012156 -1.12151288  0.         -0.37991536 -0.17125746]
 [-1.00204283 -7.04456541 -0.32838305  0.          0.76473494 -0.14664042]]
[03/30/2022, 01:27:07] computing sampling shap 2815:2825 within 47.1985 sec, 4.9056 on average
[03/30/2022, 01:27:07] instances left: 85
[03/30/2022, 01:27:07] estimating time left: 0:06:56.976000

[[-1.45340829e+00 -6.23580784e+00 -8.79005838e-01  0.00000000e+00
  -5.12683986e-01  6.17905026e-01]
 [-1.25493361e+00 -6.50199100e+00 -7.42111785e-01  0.00000000e+00
   1.14204056e-01  3.68222929e-01]
 [-1.38054844e+00 -6.03234037e+00 -1.06578050e+00  0.00000000e+00
  -1.26962493e+00 -1.15246221e-01]
 [-1.26963878e+00 -6.16300211e+00 -1.05313117e+00  0.00000000e+00
   4.25531163e-01 -1.81246025e-01]
 [-9.00592220e-01 -6.57253040e+00 -1.03735668e+00  0.00000000e+00
  -7.05479473e-01  5.52962815e-01]
 [-1.20612659e+00 -6.49943244e+00 -7.81852874e-01  0.00000000e+00
   4.16169055e-01 -6.00201003e-02]
 [-9.37692604e-01 -6.53067538e+00 -1.07457388e+00  0.00000000e+00
  -6.40475495e-01 -2.38362501e-01]
 [-1.25229057e+00 -6.27885649e+00 -9.00864991e-01  0.00000000e+00
   2.03104864e-03 -1.69498335e-01]
 [ 7.73905737e+00  6.50172875e+00  0.00000000e+00  0.00000000e+00
  -1.90104800e-01  2.66541685e-01]
 [-1.25233459e+00 -6.36444616e+00 -8.11670600e-01  0.00000000e+00
   3.85650690e-01 -1.98686417e-01]]
[03/30/2022, 01:27:54] computing sampling shap 2825:2835 within 47.8901 sec, 4.9027 on average
[03/30/2022, 01:27:54] instances left: 75
[03/30/2022, 01:27:54] estimating time left: 0:06:07.702500

[[-1.18534833 -6.4434796  -0.82920382  0.          0.85545326 -0.12974035]
 [ 8.40611025  5.9940583  -0.29584679  0.          0.51667995 -0.12907398]
 [-1.29845907 -6.17538648 -1.0674176   0.         -0.30580223  0.26556994]
 [-1.31243625 -6.16841522 -0.95054084  0.          0.8665779  -0.16750426]
 [-0.19619742  6.39432859  6.08516075  0.         -0.56302989 -0.23397281]
 [-0.19638926 12.67897272 -0.12692299  0.          0.33296783 -0.05016293]
 [-1.4197878  -7.06780241  0.          0.          0.88101329 -0.12574102]
 [-1.08285386 -6.2222682  -1.13276578  0.         -0.71561188 -0.19925199]
 [ 7.94190137  6.29460548  0.          0.         -0.03642018 -0.20193612]
 [-1.01746863 -6.52998667 -0.91029193  0.          0.43735893 -0.18788904]]
[03/30/2022, 01:28:46] computing sampling shap 2835:2845 within 52.0264 sec, 4.9099 on average
[03/30/2022, 01:28:46] instances left: 65
[03/30/2022, 01:28:46] estimating time left: 0:05:19.143500

[[-1.29548670e+00 -6.92478644e+00 -3.59793176e-01  0.00000000e+00
   1.46900719e-01  4.84660699e-02]
 [-2.98696260e-01  1.29576042e+01 -4.10115375e-01  0.00000000e+00
   7.34809571e-01  2.97686364e-03]
 [-1.83737629e+00 -6.56896893e+00 -1.41491037e-01  0.00000000e+00
  -1.77659314e-01 -5.54404484e-02]
 [-1.18219962e+00 -6.52067937e+00 -8.41756195e-01  0.00000000e+00
  -6.46586366e-01  2.68882633e-01]
 [-1.57362710e+00 -6.32979225e+00 -5.82346161e-01  0.00000000e+00
  -5.94102768e-01  1.06730527e+00]
 [ 7.69201742e+00  6.69517700e+00 -3.24191411e-01  0.00000000e+00
   6.99119167e-01 -1.82318262e-01]
 [ 7.84308906e+00  6.71236953e+00 -3.72601256e-01  0.00000000e+00
   1.14563939e-01  1.49880323e-01]
 [-2.00310596e-01  1.25832550e+01  0.00000000e+00  0.00000000e+00
   1.56219518e-02  2.27450942e-01]
 [-2.91285677e-01  1.27467962e+01 -1.32042793e-01  0.00000000e+00
   4.00027847e-01 -9.35149221e-02]
 [-1.78230399e+00 -6.28771143e+00 -4.36962554e-01  0.00000000e+00
  -1.41156827e+00 -1.10343874e-01]]
[03/30/2022, 01:29:32] computing sampling shap 2845:2855 within 45.6591 sec, 4.9019 on average
[03/30/2022, 01:29:32] instances left: 55
[03/30/2022, 01:29:32] estimating time left: 0:04:29.604500

[[-1.20880750e+00 -6.82618861e+00 -5.27085128e-01  0.00000000e+00
  -5.73319558e-01 -1.25990823e-01]
 [ 1.75519646e+01 -2.98978798e+00 -4.42262817e-01  0.00000000e+00
  -5.22450483e-01 -1.13754796e-01]
 [-1.50411519e+00 -6.15197525e+00 -7.76147241e-01  0.00000000e+00
   8.82150567e-01 -1.42852833e-01]
 [ 8.39492216e+00  5.99661506e+00 -1.59012251e-01  0.00000000e+00
  -2.62267482e-01 -1.99394800e-02]
 [-1.03343958e+00 -6.34632444e+00 -1.14267744e+00  0.00000000e+00
  -9.45978569e-01  8.41233447e-01]
 [-6.86917314e-01 -2.81363117e+00  1.57252830e+01  0.00000000e+00
  -9.28245263e-01 -3.68287597e-02]
 [-1.28659443e+00 -6.18362774e+00 -9.27357980e-01  0.00000000e+00
  -1.39318593e-02 -4.07417303e-02]
 [-1.09071949e+00 -6.41214072e+00 -9.66113253e-01  0.00000000e+00
  -1.29878927e+00  6.11105688e-01]
 [-1.71283898e+00 -6.41865491e+00 -2.91842963e-01  0.00000000e+00
   4.70511376e-02  2.14440538e-01]
 [-1.10975347e+00 -6.59317498e+00 -7.30492224e-01  0.00000000e+00
  -5.28743710e-01 -2.23408277e-01]]
[03/30/2022, 01:30:21] computing sampling shap 2855:2865 within 48.4136 sec, 4.9005 on average
[03/30/2022, 01:30:21] instances left: 45
[03/30/2022, 01:30:21] estimating time left: 0:03:40.522500

[[-1.19431478 -6.2317455  -0.8715195   0.          0.3035358  -0.21423333]
 [-1.06596338 -6.54632331 -0.81862707  0.         -0.59860694 -0.13451695]
 [-1.08896923 -6.40555722 -1.12052059  0.         -0.38112694 -0.10677436]
 [ 7.67326322  6.7881178  -0.25795359  0.         -0.82101947 -0.17405804]
 [-1.11749118 -6.30712243 -1.01565908  0.          0.40109582  0.15525111]
 [-1.33312956 -6.42574387 -0.62466946  0.         -0.01316611 -0.05554485]
 [-0.37155783 13.00729997 -0.31696697  0.         -0.17314325  0.31085189]
 [-1.60224516 -6.28065764 -0.68431347  0.         -0.39322854  0.63573422]
 [-0.36103143 12.63391426  0.          0.         -0.41120959  0.28153487]
 [ 7.99492608  6.71008217 -0.58283664  0.          0.66534444 -0.16334991]]
[03/30/2022, 01:31:09] computing sampling shap 2865:2875 within 48.5541 sec, 4.8995 on average
[03/30/2022, 01:31:09] instances left: 35
[03/30/2022, 01:31:09] estimating time left: 0:02:51.482500

[[-1.22149831e+00 -6.61135683e+00 -6.73329114e-01  0.00000000e+00
  -1.74052455e-01  6.73632892e-01]
 [ 7.80272349e+00  6.20813942e+00  0.00000000e+00  0.00000000e+00
   5.18741902e-01  6.54934458e-03]
 [-1.33432173e+00 -6.30115676e+00 -8.11468654e-01  0.00000000e+00
   4.03134212e-01  1.59887190e-01]
 [-1.34213789e+00 -6.26558483e+00 -8.82125238e-01  0.00000000e+00
  -6.41453413e-01  4.33445400e-02]
 [-1.03548358e+00 -6.74162259e+00 -7.24958993e-01  0.00000000e+00
   7.38467436e-01  2.39312256e-01]
 [-4.65190918e-01  1.27623929e+01  0.00000000e+00  0.00000000e+00
   4.36459650e-01 -1.87475017e-01]
 [ 8.05242166e+00  6.43338368e+00 -1.55981610e-01  0.00000000e+00
  -1.78333084e-01 -8.95113678e-02]
 [-1.27102814e-01  1.28608559e+01 -3.87086919e-01  0.00000000e+00
   3.61865585e-02 -3.60118506e-02]
 [-1.39070422e+00 -6.43114921e+00 -7.52395791e-01  0.00000000e+00
   1.92241019e-01  3.18648989e-01]
 [-9.75532585e-01 -6.56138083e+00 -8.63192666e-01  0.00000000e+00
   2.96671363e-02  2.16719090e-01]]
[03/30/2022, 01:31:57] computing sampling shap 2875:2885 within 48.189 sec, 4.8978 on average
[03/30/2022, 01:31:57] instances left: 25
[03/30/2022, 01:31:57] estimating time left: 0:02:02.445000

[[ 7.70614486  6.61845185 -0.15346881  0.          0.43120846 -0.15900406]
 [-0.40063198 13.19812015 -0.48245331  0.         -0.22388391  0.76338078]
 [-1.08872593 -6.61348354 -0.92286332  0.         -0.54517747 -0.07841288]
 [-1.2994407  -6.707139   -0.44506732  0.          0.84923943 -0.12991149]
 [-0.73030168 -7.7383246   0.          0.          0.04108206  0.27730405]
 [-0.29608996 -7.51021675 -0.7124863   0.          0.54069524 -0.26338838]
 [-0.14274191 12.41778269  0.          0.          0.72491905 -0.12816572]
 [-1.2582236  -6.23251798 -1.03233062  0.          0.0875461   0.58287191]
 [-1.37330944 -6.40688959 -0.77183762  0.          0.1431447  -0.16552363]
 [-1.58225481 -6.32532485 -0.56878789  0.          0.10419561  0.21845157]]
[03/30/2022, 01:32:46] computing sampling shap 2885:2895 within 48.9571 sec, 4.8977 on average
[03/30/2022, 01:32:46] instances left: 15
[03/30/2022, 01:32:46] estimating time left: 0:01:13.465500

[[-1.4166072  -6.46334485 -0.63398781  0.         -0.60612041  0.30374694]
 [-0.24794838 12.80290036 -0.34162005  0.          0.78547164 -0.16744058]
 [-1.08694602 -6.10411325 -1.17519037  0.          0.34753415 -0.10348679]
 [-0.34413742 13.00981983 -0.28244155  0.         -0.4888621   0.73439904]
 [-1.33401219 -6.41661624 -0.6860266   0.          0.85739225 -0.11367643]
 [-1.13811876 -6.65724828 -0.69564563  0.          0.42861806 -0.17909284]
 [-1.43571801 -7.04095602  0.          0.          0.40431091  0.05453373]
 [-0.79354475 -6.83620198 -0.79525551  0.          0.81275054 -0.07079088]
 [-0.59940908 13.28699086 -0.44650951  0.          0.43360975  0.2586799 ]
 [-2.16634803 -6.39776535  0.          0.          0.9990294  -0.19181299]]
[03/30/2022, 01:33:33] computing sampling shap 2895:2905 within 46.8868 sec, 4.8934 on average
[03/30/2022, 01:33:33] instances left: 5
[03/30/2022, 01:33:33] estimating time left: 0:00:24.467000

[[-1.49096634e+00 -6.19055055e+00 -7.70551525e-01  0.00000000e+00
  -5.91609097e-01  4.39448984e-01]
 [-1.58950745e+00 -6.14931750e+00 -7.16790210e-01  0.00000000e+00
  -3.59095944e-01  5.71309536e-01]
 [-5.29211056e-01  1.34013853e+01 -5.22815540e-01  0.00000000e+00
  -2.49334655e-01 -1.90683023e-01]
 [-5.02817901e-01  1.29671459e+01 -1.39361455e-01  0.00000000e+00
  -5.17456719e-01  2.63904887e-03]
 [ 8.16077618e+00  6.19172717e+00  0.00000000e+00  0.00000000e+00
  -3.22352171e-01 -1.05964482e-01]
 [-1.26673242e+00 -6.21440711e+00 -9.32437073e-01  0.00000000e+00
   3.96057679e-01 -1.66042874e-01]
 [-2.93036053e-01  1.27930372e+01 -1.35435378e-01  0.00000000e+00
  -4.37052075e-01  1.18499798e-01]
 [-8.51137754e-01 -6.48668468e+00 -1.01081710e+00  0.00000000e+00
   7.71555839e-01 -1.79813820e-01]
 [-1.22899807e+00 -6.80110249e+00 -4.27196517e-01  0.00000000e+00
  -1.17535995e+00 -1.95803784e-01]
 [-1.62946891e-01  1.24645682e+01  0.00000000e+00  0.00000000e+00
  -8.02069993e-01  7.23406751e-02]]
[03/30/2022, 01:33:33] finish computing sampling shap for range: [6, 8] within 2348.825324 sec
