
Child #[4, 5]: psutil.Process(pid=128182, name='python', status='running', started='16:07:55'), affinity [4, 5]
Child #[4, 5]: Set my affinity to [4, 5], affinity now [4, 5]

[03/30/2022, 13:38:29] start anchor metrics
[03/30/2022, 13:38:57] start computing anchor from index: 4844 to 7265 with config: 0.9999 0.6
[03/30/2022, 13:39:13] (4853 / 7265) title: 10, abstract: 9, venue: 7, authors: 1, year: 9, n_citations: 4 within (16.576781 total / 1.6577 average)
estimate time left: 1:06:38.372400
[03/30/2022, 13:39:31] (4863 / 7265) title: 20, abstract: 17, venue: 13, authors: 3, year: 18, n_citations: 10 within (33.891921 total / 1.6946 average)
estimate time left: 1:07:50.429200
[03/30/2022, 13:39:43] (4873 / 7265) title: 30, abstract: 27, venue: 20, authors: 5, year: 27, n_citations: 13 within (46.775019 total / 1.5592 average)
estimate time left: 1:02:09.606400
[03/30/2022, 13:39:56] (4883 / 7265) title: 40, abstract: 36, venue: 30, authors: 8, year: 35, n_citations: 18 within (58.932083 total / 1.4733 average)
estimate time left: 0:58:29.400600
[03/30/2022, 13:40:09] (4893 / 7265) title: 50, abstract: 45, venue: 38, authors: 9, year: 43, n_citations: 20 within (72.280184 total / 1.4456 average)
estimate time left: 0:57:08.963200
[03/30/2022, 13:40:25] (4903 / 7265) title: 60, abstract: 53, venue: 44, authors: 11, year: 48, n_citations: 26 within (88.054091 total / 1.4676 average)
estimate time left: 0:57:46.471200
[03/30/2022, 13:40:39] (4913 / 7265) title: 69, abstract: 62, venue: 50, authors: 12, year: 55, n_citations: 32 within (102.820337 total / 1.4689 average)
estimate time left: 0:57:34.852800
[03/30/2022, 13:40:54] (4923 / 7265) title: 79, abstract: 70, venue: 55, authors: 14, year: 62, n_citations: 39 within (117.519188 total / 1.469 average)
estimate time left: 0:57:20.398000
[03/30/2022, 13:41:04] (4933 / 7265) title: 89, abstract: 78, venue: 60, authors: 16, year: 69, n_citations: 44 within (127.696329 total / 1.4188 average)
estimate time left: 0:55:08.641600
[03/30/2022, 13:41:17] (4943 / 7265) title: 99, abstract: 87, venue: 68, authors: 18, year: 76, n_citations: 49 within (140.489011 total / 1.4049 average)
estimate time left: 0:54:22.177800
[03/30/2022, 13:41:31] (4953 / 7265) title: 109, abstract: 95, venue: 74, authors: 20, year: 84, n_citations: 53 within (153.957873 total / 1.3996 average)
estimate time left: 0:53:55.875200
[03/30/2022, 13:41:44] (4963 / 7265) title: 119, abstract: 105, venue: 80, authors: 21, year: 92, n_citations: 60 within (167.128146 total / 1.3927 average)
estimate time left: 0:53:25.995400
[03/30/2022, 13:42:03] (4973 / 7265) title: 129, abstract: 114, venue: 87, authors: 25, year: 100, n_citations: 65 within (186.140716 total / 1.4319 average)
estimate time left: 0:54:41.914800
[03/30/2022, 13:42:16] (4983 / 7265) title: 137, abstract: 124, venue: 91, authors: 25, year: 107, n_citations: 72 within (199.570173 total / 1.4255 average)
estimate time left: 0:54:12.991000
[03/30/2022, 13:42:30] (4993 / 7265) title: 146, abstract: 132, venue: 100, authors: 26, year: 116, n_citations: 77 within (213.479947 total / 1.4232 average)
estimate time left: 0:53:53.510400
[03/30/2022, 13:42:48] (5003 / 7265) title: 155, abstract: 141, venue: 106, authors: 27, year: 125, n_citations: 86 within (231.713845 total / 1.4482 average)
estimate time left: 0:54:35.828400
[03/30/2022, 13:43:04] (5013 / 7265) title: 164, abstract: 151, venue: 114, authors: 29, year: 133, n_citations: 91 within (247.602609 total / 1.4565 average)
estimate time left: 0:54:40.038000
[03/30/2022, 13:43:17] (5023 / 7265) title: 174, abstract: 161, venue: 124, authors: 31, year: 141, n_citations: 95 within (259.986265 total / 1.4444 average)
estimate time left: 0:53:58.344800
[03/30/2022, 13:43:33] (5033 / 7265) title: 184, abstract: 169, venue: 131, authors: 35, year: 148, n_citations: 101 within (276.041967 total / 1.4529 average)
estimate time left: 0:54:02.872800
[03/30/2022, 13:43:46] (5043 / 7265) title: 194, abstract: 179, venue: 140, authors: 36, year: 158, n_citations: 102 within (289.70567 total / 1.4485 average)
estimate time left: 0:53:38.567000
[03/30/2022, 13:44:00] (5053 / 7265) title: 204, abstract: 189, venue: 147, authors: 39, year: 168, n_citations: 107 within (303.1444 total / 1.4435 average)
estimate time left: 0:53:13.022000
[03/30/2022, 13:44:16] (5063 / 7265) title: 214, abstract: 198, venue: 153, authors: 41, year: 178, n_citations: 113 within (319.651645 total / 1.453 average)
estimate time left: 0:53:19.506000
[03/30/2022, 13:44:31] (5073 / 7265) title: 224, abstract: 206, venue: 158, authors: 42, year: 186, n_citations: 120 within (334.561794 total / 1.4546 average)
estimate time left: 0:53:08.483200
[03/30/2022, 13:44:44] (5083 / 7265) title: 234, abstract: 216, venue: 165, authors: 44, year: 193, n_citations: 127 within (347.374316 total / 1.4474 average)
estimate time left: 0:52:38.226800
[03/30/2022, 13:45:04] (5093 / 7265) title: 244, abstract: 224, venue: 172, authors: 46, year: 202, n_citations: 132 within (366.91353 total / 1.4677 average)
estimate time left: 0:53:07.844400
[03/30/2022, 13:45:18] (5103 / 7265) title: 254, abstract: 234, venue: 179, authors: 47, year: 210, n_citations: 137 within (381.739923 total / 1.4682 average)
estimate time left: 0:52:54.248400
[03/30/2022, 13:45:33] (5113 / 7265) title: 264, abstract: 243, venue: 188, authors: 50, year: 217, n_citations: 141 within (396.772281 total / 1.4695 average)
estimate time left: 0:52:42.364000
[03/30/2022, 13:45:48] (5123 / 7265) title: 274, abstract: 253, venue: 194, authors: 53, year: 224, n_citations: 144 within (411.284884 total / 1.4689 average)
estimate time left: 0:52:26.383800
[03/30/2022, 13:46:02] (5133 / 7265) title: 284, abstract: 262, venue: 200, authors: 53, year: 232, n_citations: 148 within (424.854852 total / 1.465 average)
estimate time left: 0:52:03.380000
[03/30/2022, 13:46:18] (5143 / 7265) title: 294, abstract: 272, venue: 208, authors: 54, year: 241, n_citations: 152 within (441.123486 total / 1.4704 average)
estimate time left: 0:52:00.188800
[03/30/2022, 13:46:29] (5153 / 7265) title: 304, abstract: 282, venue: 214, authors: 55, year: 251, n_citations: 155 within (452.383811 total / 1.4593 average)
estimate time left: 0:51:22.041600
[03/30/2022, 13:46:46] (5163 / 7265) title: 314, abstract: 291, venue: 221, authors: 58, year: 261, n_citations: 160 within (469.410154 total / 1.4669 average)
estimate time left: 0:51:23.423800
[03/30/2022, 13:46:59] (5173 / 7265) title: 324, abstract: 301, venue: 226, authors: 58, year: 271, n_citations: 164 within (482.433951 total / 1.4619 average)
estimate time left: 0:50:58.294800
[03/30/2022, 13:47:17] (5183 / 7265) title: 334, abstract: 311, venue: 232, authors: 61, year: 281, n_citations: 168 within (500.787139 total / 1.4729 average)
estimate time left: 0:51:06.577800
[03/30/2022, 13:47:34] (5193 / 7265) title: 344, abstract: 320, venue: 240, authors: 63, year: 288, n_citations: 173 within (516.943747 total / 1.477 average)
estimate time left: 0:51:00.344000
[03/30/2022, 13:47:46] (5203 / 7265) title: 354, abstract: 330, venue: 248, authors: 66, year: 295, n_citations: 179 within (529.712406 total / 1.4714 average)
estimate time left: 0:50:34.026800
[03/30/2022, 13:48:03] (5213 / 7265) title: 364, abstract: 339, venue: 255, authors: 67, year: 301, n_citations: 185 within (546.732447 total / 1.4777 average)
estimate time left: 0:50:32.240400
[03/30/2022, 13:48:15] (5223 / 7265) title: 374, abstract: 349, venue: 262, authors: 68, year: 311, n_citations: 190 within (558.13635 total / 1.4688 average)
estimate time left: 0:49:59.289600
[03/30/2022, 13:48:30] (5233 / 7265) title: 384, abstract: 357, venue: 268, authors: 70, year: 319, n_citations: 196 within (573.755366 total / 1.4712 average)
estimate time left: 0:49:49.478400
[03/30/2022, 13:48:46] (5243 / 7265) title: 394, abstract: 364, venue: 276, authors: 74, year: 326, n_citations: 201 within (589.29579 total / 1.4732 average)
estimate time left: 0:49:38.810400
[03/30/2022, 13:49:02] (5253 / 7265) title: 404, abstract: 374, venue: 284, authors: 76, year: 335, n_citations: 205 within (605.162276 total / 1.476 average)
estimate time left: 0:49:29.712000
[03/30/2022, 13:49:18] (5263 / 7265) title: 414, abstract: 383, venue: 289, authors: 77, year: 345, n_citations: 208 within (620.831138 total / 1.4782 average)
estimate time left: 0:49:19.356400
[03/30/2022, 13:49:33] (5273 / 7265) title: 424, abstract: 392, venue: 296, authors: 78, year: 354, n_citations: 213 within (636.31597 total / 1.4798 average)
estimate time left: 0:49:07.761600
[03/30/2022, 13:49:48] (5283 / 7265) title: 433, abstract: 402, venue: 303, authors: 80, year: 360, n_citations: 220 within (651.054912 total / 1.4797 average)
estimate time left: 0:48:52.765400
[03/30/2022, 13:50:03] (5293 / 7265) title: 442, abstract: 411, venue: 309, authors: 82, year: 368, n_citations: 227 within (666.738276 total / 1.4816 average)
estimate time left: 0:48:41.715200
[03/30/2022, 13:50:17] (5303 / 7265) title: 452, abstract: 420, venue: 316, authors: 85, year: 373, n_citations: 234 within (680.346155 total / 1.479 average)
estimate time left: 0:48:21.798000
[03/30/2022, 13:50:29] (5313 / 7265) title: 462, abstract: 430, venue: 325, authors: 88, year: 381, n_citations: 239 within (692.408251 total / 1.4732 average)
estimate time left: 0:47:55.686400
[03/30/2022, 13:50:42] (5323 / 7265) title: 472, abstract: 440, venue: 334, authors: 88, year: 389, n_citations: 243 within (705.559571 total / 1.4699 average)
estimate time left: 0:47:34.545800
[03/30/2022, 13:50:56] (5333 / 7265) title: 482, abstract: 450, venue: 341, authors: 88, year: 396, n_citations: 247 within (719.453597 total / 1.4683 average)
estimate time left: 0:47:16.755600
[03/30/2022, 13:51:14] (5343 / 7265) title: 492, abstract: 458, venue: 348, authors: 91, year: 406, n_citations: 253 within (736.863106 total / 1.4737 average)
estimate time left: 0:47:12.451400
[03/30/2022, 13:51:32] (5353 / 7265) title: 502, abstract: 467, venue: 352, authors: 91, year: 415, n_citations: 259 within (755.605504 total / 1.4816 average)
estimate time left: 0:47:12.819200
[03/30/2022, 13:51:48] (5363 / 7265) title: 511, abstract: 477, venue: 360, authors: 95, year: 423, n_citations: 265 within (771.575703 total / 1.4838 average)
estimate time left: 0:47:02.187600
[03/30/2022, 13:52:01] (5373 / 7265) title: 521, abstract: 487, venue: 369, authors: 96, year: 432, n_citations: 268 within (783.848613 total / 1.479 average)
estimate time left: 0:46:38.268000
[03/30/2022, 13:52:15] (5383 / 7265) title: 530, abstract: 497, venue: 377, authors: 96, year: 441, n_citations: 270 within (798.179943 total / 1.4781 average)
estimate time left: 0:46:21.784200
[03/30/2022, 13:52:28] (5393 / 7265) title: 540, abstract: 505, venue: 382, authors: 96, year: 449, n_citations: 276 within (810.837427 total / 1.4742 average)
estimate time left: 0:45:59.702400
[03/30/2022, 13:52:41] (5403 / 7265) title: 550, abstract: 515, venue: 389, authors: 98, year: 457, n_citations: 284 within (824.2986 total / 1.472 average)
estimate time left: 0:45:40.864000
[03/30/2022, 13:52:55] (5413 / 7265) title: 560, abstract: 524, venue: 394, authors: 100, year: 467, n_citations: 290 within (838.457872 total / 1.471 average)
estimate time left: 0:45:24.292000
[03/30/2022, 13:53:08] (5423 / 7265) title: 570, abstract: 533, venue: 401, authors: 102, year: 476, n_citations: 293 within (851.328295 total / 1.4678 average)
estimate time left: 0:45:03.687600
[03/30/2022, 13:53:21] (5433 / 7265) title: 580, abstract: 543, venue: 407, authors: 103, year: 484, n_citations: 300 within (864.388813 total / 1.4651 average)
estimate time left: 0:44:44.063200
[03/30/2022, 13:53:41] (5443 / 7265) title: 590, abstract: 553, venue: 415, authors: 105, year: 493, n_citations: 302 within (883.82898 total / 1.473 average)
estimate time left: 0:44:43.806000
[03/30/2022, 13:53:57] (5453 / 7265) title: 599, abstract: 562, venue: 422, authors: 105, year: 497, n_citations: 308 within (899.964027 total / 1.4754 average)
estimate time left: 0:44:33.424800
[03/30/2022, 13:54:08] (5463 / 7265) title: 609, abstract: 571, venue: 428, authors: 105, year: 505, n_citations: 312 within (911.063414 total / 1.4695 average)
estimate time left: 0:44:08.039000
[03/30/2022, 13:54:22] (5473 / 7265) title: 619, abstract: 580, venue: 436, authors: 107, year: 514, n_citations: 315 within (925.389445 total / 1.4689 average)
estimate time left: 0:43:52.268800
[03/30/2022, 13:54:37] (5483 / 7265) title: 629, abstract: 589, venue: 443, authors: 109, year: 521, n_citations: 321 within (940.405584 total / 1.4694 average)
estimate time left: 0:43:38.470800
[03/30/2022, 13:54:48] (5493 / 7265) title: 639, abstract: 597, venue: 451, authors: 110, year: 529, n_citations: 327 within (951.776523 total / 1.4643 average)
estimate time left: 0:43:14.739600
[03/30/2022, 13:55:05] (5503 / 7265) title: 649, abstract: 604, venue: 460, authors: 114, year: 536, n_citations: 333 within (967.838465 total / 1.4664 average)
estimate time left: 0:43:03.796800
[03/30/2022, 13:55:19] (5513 / 7265) title: 658, abstract: 613, venue: 470, authors: 118, year: 541, n_citations: 341 within (982.074775 total / 1.4658 average)
estimate time left: 0:42:48.081600
[03/30/2022, 13:55:41] (5523 / 7265) title: 668, abstract: 622, venue: 477, authors: 122, year: 550, n_citations: 347 within (1004.274918 total / 1.4769 average)
estimate time left: 0:42:52.759800
[03/30/2022, 13:55:59] (5533 / 7265) title: 678, abstract: 631, venue: 483, authors: 126, year: 556, n_citations: 354 within (1021.992693 total / 1.4811 average)
estimate time left: 0:42:45.265200
[03/30/2022, 13:56:12] (5543 / 7265) title: 688, abstract: 640, venue: 491, authors: 128, year: 565, n_citations: 357 within (1035.731979 total / 1.4796 average)
estimate time left: 0:42:27.871200
[03/30/2022, 13:56:30] (5553 / 7265) title: 698, abstract: 649, venue: 499, authors: 131, year: 573, n_citations: 365 within (1053.256148 total / 1.4835 average)
estimate time left: 0:42:19.752000
[03/30/2022, 13:56:44] (5563 / 7265) title: 708, abstract: 659, venue: 507, authors: 133, year: 580, n_citations: 368 within (1067.749645 total / 1.483 average)
estimate time left: 0:42:04.066000
[03/30/2022, 13:56:58] (5573 / 7265) title: 718, abstract: 669, venue: 516, authors: 135, year: 589, n_citations: 373 within (1081.404817 total / 1.4814 average)
estimate time left: 0:41:46.528800
[03/30/2022, 13:57:13] (5583 / 7265) title: 728, abstract: 677, venue: 524, authors: 137, year: 597, n_citations: 378 within (1096.236456 total / 1.4814 average)
estimate time left: 0:41:31.714800
[03/30/2022, 13:57:31] (5593 / 7265) title: 736, abstract: 687, venue: 533, authors: 140, year: 605, n_citations: 382 within (1114.38433 total / 1.4858 average)
estimate time left: 0:41:24.257600
[03/30/2022, 13:57:44] (5603 / 7265) title: 746, abstract: 697, venue: 540, authors: 142, year: 613, n_citations: 386 within (1127.647686 total / 1.4837 average)
estimate time left: 0:41:05.909400
[03/30/2022, 13:57:58] (5613 / 7265) title: 755, abstract: 706, venue: 547, authors: 144, year: 620, n_citations: 388 within (1141.683811 total / 1.4827 average)
estimate time left: 0:40:49.420400
[03/30/2022, 13:58:13] (5623 / 7265) title: 764, abstract: 715, venue: 552, authors: 144, year: 626, n_citations: 393 within (1156.275198 total / 1.4824 average)
estimate time left: 0:40:34.100800
[03/30/2022, 13:58:28] (5633 / 7265) title: 774, abstract: 725, venue: 557, authors: 147, year: 635, n_citations: 399 within (1170.909349 total / 1.4822 average)
estimate time left: 0:40:18.950400
[03/30/2022, 13:58:43] (5643 / 7265) title: 783, abstract: 732, venue: 564, authors: 148, year: 643, n_citations: 406 within (1186.125144 total / 1.4827 average)
estimate time left: 0:40:04.939400
[03/30/2022, 13:59:00] (5653 / 7265) title: 793, abstract: 741, venue: 569, authors: 151, year: 652, n_citations: 411 within (1203.046792 total / 1.4852 average)
estimate time left: 0:39:54.142400
[03/30/2022, 13:59:11] (5663 / 7265) title: 803, abstract: 751, venue: 572, authors: 151, year: 662, n_citations: 414 within (1214.09017 total / 1.4806 average)
estimate time left: 0:39:31.921200
[03/30/2022, 13:59:23] (5673 / 7265) title: 813, abstract: 761, venue: 580, authors: 153, year: 670, n_citations: 419 within (1226.690204 total / 1.4779 average)
estimate time left: 0:39:12.816800
[03/30/2022, 13:59:39] (5683 / 7265) title: 823, abstract: 769, venue: 588, authors: 154, year: 680, n_citations: 423 within (1242.446913 total / 1.4791 average)
estimate time left: 0:38:59.936200
[03/30/2022, 13:59:57] (5693 / 7265) title: 833, abstract: 778, venue: 594, authors: 156, year: 690, n_citations: 428 within (1259.894823 total / 1.4822 average)
estimate time left: 0:38:50.018400
[03/30/2022, 14:00:11] (5703 / 7265) title: 843, abstract: 787, venue: 600, authors: 157, year: 700, n_citations: 432 within (1274.295313 total / 1.4817 average)
estimate time left: 0:38:34.415400
[03/30/2022, 14:00:28] (5713 / 7265) title: 853, abstract: 796, venue: 608, authors: 158, year: 708, n_citations: 434 within (1290.8996 total / 1.4838 average)
estimate time left: 0:38:22.857600
[03/30/2022, 14:00:44] (5723 / 7265) title: 863, abstract: 806, venue: 615, authors: 159, year: 717, n_citations: 437 within (1307.109943 total / 1.4854 average)
estimate time left: 0:38:10.486800
[03/30/2022, 14:00:58] (5733 / 7265) title: 873, abstract: 814, venue: 622, authors: 162, year: 724, n_citations: 442 within (1321.060488 total / 1.4843 average)
estimate time left: 0:37:53.947600
[03/30/2022, 14:01:12] (5743 / 7265) title: 883, abstract: 822, venue: 628, authors: 164, year: 733, n_citations: 448 within (1335.303037 total / 1.4837 average)
estimate time left: 0:37:38.191400
[03/30/2022, 14:01:27] (5753 / 7265) title: 893, abstract: 832, venue: 634, authors: 166, year: 742, n_citations: 453 within (1350.702998 total / 1.4843 average)
estimate time left: 0:37:24.261600
[03/30/2022, 14:01:43] (5763 / 7265) title: 903, abstract: 838, venue: 640, authors: 167, year: 751, n_citations: 458 within (1366.393482 total / 1.4852 average)
estimate time left: 0:37:10.770400
[03/30/2022, 14:01:59] (5773 / 7265) title: 913, abstract: 848, venue: 647, authors: 170, year: 761, n_citations: 463 within (1382.093231 total / 1.4861 average)
estimate time left: 0:36:57.261200
[03/30/2022, 14:02:14] (5783 / 7265) title: 923, abstract: 858, venue: 652, authors: 170, year: 771, n_citations: 469 within (1397.009314 total / 1.4862 average)
estimate time left: 0:36:42.548400
[03/30/2022, 14:02:29] (5793 / 7265) title: 933, abstract: 866, venue: 659, authors: 172, year: 778, n_citations: 474 within (1411.828709 total / 1.4861 average)
estimate time left: 0:36:27.539200
[03/30/2022, 14:02:41] (5803 / 7265) title: 943, abstract: 875, venue: 665, authors: 173, year: 785, n_citations: 479 within (1424.035234 total / 1.4834 average)
estimate time left: 0:36:08.730800
[03/30/2022, 14:02:54] (5813 / 7265) title: 953, abstract: 883, venue: 671, authors: 175, year: 791, n_citations: 483 within (1437.588535 total / 1.4821 average)
estimate time left: 0:35:52.009200
[03/30/2022, 14:03:15] (5823 / 7265) title: 962, abstract: 893, venue: 680, authors: 178, year: 800, n_citations: 489 within (1458.486793 total / 1.4883 average)
estimate time left: 0:35:46.128600
[03/30/2022, 14:03:30] (5833 / 7265) title: 972, abstract: 900, venue: 688, authors: 181, year: 806, n_citations: 496 within (1473.775872 total / 1.4887 average)
estimate time left: 0:35:31.818400
[03/30/2022, 14:03:44] (5843 / 7265) title: 982, abstract: 909, venue: 698, authors: 185, year: 810, n_citations: 502 within (1487.24928 total / 1.4872 average)
estimate time left: 0:35:14.798400
[03/30/2022, 14:04:00] (5853 / 7265) title: 992, abstract: 919, venue: 702, authors: 185, year: 820, n_citations: 505 within (1503.158547 total / 1.4883 average)
estimate time left: 0:35:01.479600
[03/30/2022, 14:04:14] (5863 / 7265) title: 1001, abstract: 927, venue: 707, authors: 188, year: 826, n_citations: 509 within (1517.124925 total / 1.4874 average)
estimate time left: 0:34:45.334800
[03/30/2022, 14:04:31] (5873 / 7265) title: 1011, abstract: 936, venue: 712, authors: 188, year: 835, n_citations: 511 within (1533.952992 total / 1.4893 average)
estimate time left: 0:34:33.105600
[03/30/2022, 14:04:44] (5883 / 7265) title: 1021, abstract: 945, venue: 719, authors: 190, year: 844, n_citations: 515 within (1547.391263 total / 1.4879 average)
estimate time left: 0:34:16.277800
[03/30/2022, 14:04:59] (5893 / 7265) title: 1031, abstract: 954, venue: 725, authors: 194, year: 851, n_citations: 522 within (1561.935995 total / 1.4876 average)
estimate time left: 0:34:00.987200
[03/30/2022, 14:05:18] (5903 / 7265) title: 1041, abstract: 961, venue: 732, authors: 197, year: 858, n_citations: 528 within (1581.127954 total / 1.4916 average)
estimate time left: 0:33:51.559200
[03/30/2022, 14:05:34] (5913 / 7265) title: 1051, abstract: 970, venue: 736, authors: 199, year: 867, n_citations: 533 within (1597.789317 total / 1.4933 average)
estimate time left: 0:33:38.941600
[03/30/2022, 14:05:53] (5923 / 7265) title: 1060, abstract: 979, venue: 743, authors: 203, year: 875, n_citations: 539 within (1616.294219 total / 1.4966 average)
estimate time left: 0:33:28.437200
[03/30/2022, 14:06:05] (5933 / 7265) title: 1070, abstract: 988, venue: 750, authors: 205, year: 882, n_citations: 545 within (1628.466685 total / 1.494 average)
estimate time left: 0:33:10.008000
[03/30/2022, 14:06:20] (5943 / 7265) title: 1080, abstract: 997, venue: 757, authors: 209, year: 890, n_citations: 550 within (1643.717346 total / 1.4943 average)
estimate time left: 0:32:55.464600
[03/30/2022, 14:06:33] (5953 / 7265) title: 1090, abstract: 1007, venue: 765, authors: 212, year: 897, n_citations: 559 within (1655.973989 total / 1.4919 average)
estimate time left: 0:32:37.372800
[03/30/2022, 14:06:47] (5963 / 7265) title: 1100, abstract: 1015, venue: 771, authors: 214, year: 901, n_citations: 564 within (1670.705904 total / 1.4917 average)
estimate time left: 0:32:22.193400
[03/30/2022, 14:07:00] (5973 / 7265) title: 1110, abstract: 1024, venue: 777, authors: 217, year: 908, n_citations: 569 within (1683.574128 total / 1.4899 average)
estimate time left: 0:32:04.950800
[03/30/2022, 14:07:16] (5983 / 7265) title: 1120, abstract: 1032, venue: 782, authors: 220, year: 917, n_citations: 573 within (1699.340818 total / 1.4906 average)
estimate time left: 0:31:50.949200
[03/30/2022, 14:07:30] (5993 / 7265) title: 1130, abstract: 1041, venue: 789, authors: 222, year: 926, n_citations: 579 within (1713.101955 total / 1.4897 average)
estimate time left: 0:31:34.898400
[03/30/2022, 14:07:48] (6003 / 7265) title: 1139, abstract: 1049, venue: 796, authors: 226, year: 936, n_citations: 585 within (1731.377889 total / 1.4926 average)
estimate time left: 0:31:23.661200
[03/30/2022, 14:08:01] (6013 / 7265) title: 1149, abstract: 1059, venue: 802, authors: 228, year: 945, n_citations: 590 within (1744.545975 total / 1.4911 average)
estimate time left: 0:31:06.857200
[03/30/2022, 14:08:15] (6023 / 7265) title: 1159, abstract: 1068, venue: 811, authors: 231, year: 954, n_citations: 594 within (1758.471542 total / 1.4902 average)
estimate time left: 0:30:50.828400
[03/30/2022, 14:08:36] (6033 / 7265) title: 1168, abstract: 1078, venue: 818, authors: 231, year: 964, n_citations: 598 within (1779.656738 total / 1.4955 average)
estimate time left: 0:30:42.456000
[03/30/2022, 14:08:51] (6043 / 7265) title: 1178, abstract: 1087, venue: 824, authors: 233, year: 973, n_citations: 602 within (1794.202317 total / 1.4952 average)
estimate time left: 0:30:27.134400
[03/30/2022, 14:09:05] (6053 / 7265) title: 1188, abstract: 1095, venue: 830, authors: 234, year: 982, n_citations: 608 within (1808.55863 total / 1.4947 average)
estimate time left: 0:30:11.576400
[03/30/2022, 14:09:20] (6063 / 7265) title: 1197, abstract: 1102, venue: 836, authors: 235, year: 991, n_citations: 614 within (1822.974332 total / 1.4942 average)
estimate time left: 0:29:56.028400
[03/30/2022, 14:09:34] (6073 / 7265) title: 1207, abstract: 1109, venue: 840, authors: 237, year: 997, n_citations: 622 within (1837.821698 total / 1.4942 average)
estimate time left: 0:29:41.086400
[03/30/2022, 14:09:49] (6083 / 7265) title: 1217, abstract: 1119, venue: 847, authors: 240, year: 1007, n_citations: 626 within (1852.317027 total / 1.4938 average)
estimate time left: 0:29:25.671600
[03/30/2022, 14:10:05] (6093 / 7265) title: 1227, abstract: 1128, venue: 857, authors: 242, year: 1016, n_citations: 628 within (1868.581976 total / 1.4949 average)
estimate time left: 0:29:12.022800
[03/30/2022, 14:10:25] (6103 / 7265) title: 1237, abstract: 1138, venue: 866, authors: 242, year: 1025, n_citations: 633 within (1888.567276 total / 1.4989 average)
estimate time left: 0:29:01.721800
[03/30/2022, 14:10:36] (6113 / 7265) title: 1247, abstract: 1148, venue: 871, authors: 243, year: 1035, n_citations: 637 within (1898.937577 total / 1.4952 average)
estimate time left: 0:28:42.470400
[03/30/2022, 14:10:51] (6123 / 7265) title: 1257, abstract: 1157, venue: 881, authors: 248, year: 1043, n_citations: 642 within (1914.316519 total / 1.4956 average)
estimate time left: 0:28:27.975200
[03/30/2022, 14:11:05] (6133 / 7265) title: 1267, abstract: 1165, venue: 891, authors: 249, year: 1053, n_citations: 644 within (1928.219019 total / 1.4947 average)
estimate time left: 0:28:12.000400
[03/30/2022, 14:11:19] (6143 / 7265) title: 1277, abstract: 1172, venue: 898, authors: 250, year: 1059, n_citations: 646 within (1942.636513 total / 1.4943 average)
estimate time left: 0:27:56.604600
[03/30/2022, 14:11:36] (6153 / 7265) title: 1287, abstract: 1181, venue: 905, authors: 252, year: 1068, n_citations: 651 within (1959.640283 total / 1.4959 average)
estimate time left: 0:27:43.440800
[03/30/2022, 14:11:53] (6163 / 7265) title: 1297, abstract: 1191, venue: 911, authors: 254, year: 1075, n_citations: 655 within (1976.010208 total / 1.497 average)
estimate time left: 0:27:29.694000
[03/30/2022, 14:12:09] (6173 / 7265) title: 1307, abstract: 1199, venue: 915, authors: 257, year: 1083, n_citations: 662 within (1992.248373 total / 1.4979 average)
estimate time left: 0:27:15.706800
[03/30/2022, 14:12:29] (6183 / 7265) title: 1317, abstract: 1209, venue: 923, authors: 261, year: 1092, n_citations: 668 within (2011.914743 total / 1.5014 average)
estimate time left: 0:27:04.514800
[03/30/2022, 14:12:43] (6193 / 7265) title: 1327, abstract: 1218, venue: 931, authors: 263, year: 1100, n_citations: 672 within (2026.749791 total / 1.5013 average)
estimate time left: 0:26:49.393600
[03/30/2022, 14:12:58] (6203 / 7265) title: 1337, abstract: 1225, venue: 939, authors: 266, year: 1107, n_citations: 676 within (2041.654436 total / 1.5012 average)
estimate time left: 0:26:34.274400
[03/30/2022, 14:13:15] (6213 / 7265) title: 1346, abstract: 1233, venue: 949, authors: 267, year: 1114, n_citations: 680 within (2058.778003 total / 1.5028 average)
estimate time left: 0:26:20.945600
[03/30/2022, 14:13:30] (6223 / 7265) title: 1356, abstract: 1241, venue: 953, authors: 267, year: 1123, n_citations: 684 within (2073.630858 total / 1.5026 average)
estimate time left: 0:26:05.709200
[03/30/2022, 14:13:45] (6233 / 7265) title: 1366, abstract: 1248, venue: 959, authors: 269, year: 1131, n_citations: 690 within (2088.129322 total / 1.5023 average)
estimate time left: 0:25:50.373600
[03/30/2022, 14:14:04] (6243 / 7265) title: 1376, abstract: 1258, venue: 967, authors: 269, year: 1140, n_citations: 695 within (2107.324221 total / 1.5052 average)
estimate time left: 0:25:38.314400
[03/30/2022, 14:14:17] (6253 / 7265) title: 1386, abstract: 1267, venue: 975, authors: 270, year: 1148, n_citations: 700 within (2120.676207 total / 1.504 average)
estimate time left: 0:25:22.048000
[03/30/2022, 14:14:35] (6263 / 7265) title: 1395, abstract: 1276, venue: 983, authors: 274, year: 1156, n_citations: 703 within (2138.240514 total / 1.5058 average)
estimate time left: 0:25:08.811600
[03/30/2022, 14:14:47] (6273 / 7265) title: 1405, abstract: 1286, venue: 989, authors: 276, year: 1164, n_citations: 709 within (2150.669543 total / 1.504 average)
estimate time left: 0:24:51.968000
[03/30/2022, 14:15:03] (6283 / 7265) title: 1415, abstract: 1296, venue: 996, authors: 277, year: 1173, n_citations: 714 within (2166.371759 total / 1.5044 average)
estimate time left: 0:24:37.320800
[03/30/2022, 14:15:19] (6293 / 7265) title: 1425, abstract: 1306, venue: 1003, authors: 279, year: 1182, n_citations: 719 within (2181.952252 total / 1.5048 average)
estimate time left: 0:24:22.665600
[03/30/2022, 14:15:32] (6303 / 7265) title: 1435, abstract: 1315, venue: 1008, authors: 280, year: 1188, n_citations: 726 within (2195.040995 total / 1.5035 average)
estimate time left: 0:24:06.367000
[03/30/2022, 14:15:50] (6313 / 7265) title: 1445, abstract: 1323, venue: 1010, authors: 283, year: 1196, n_citations: 733 within (2213.146928 total / 1.5055 average)
estimate time left: 0:23:53.236000
[03/30/2022, 14:16:06] (6323 / 7265) title: 1454, abstract: 1333, venue: 1015, authors: 286, year: 1205, n_citations: 740 within (2229.054254 total / 1.5061 average)
estimate time left: 0:23:38.746200
[03/30/2022, 14:16:21] (6333 / 7265) title: 1464, abstract: 1341, venue: 1021, authors: 287, year: 1214, n_citations: 743 within (2243.8897 total / 1.506 average)
estimate time left: 0:23:23.592000
[03/30/2022, 14:16:35] (6343 / 7265) title: 1474, abstract: 1351, venue: 1026, authors: 287, year: 1224, n_citations: 748 within (2258.002116 total / 1.5053 average)
estimate time left: 0:23:07.886600
[03/30/2022, 14:16:48] (6353 / 7265) title: 1483, abstract: 1361, venue: 1032, authors: 288, year: 1234, n_citations: 753 within (2271.755159 total / 1.5045 average)
estimate time left: 0:22:52.104000
[03/30/2022, 14:17:02] (6363 / 7265) title: 1492, abstract: 1370, venue: 1041, authors: 291, year: 1240, n_citations: 759 within (2285.216454 total / 1.5034 average)
estimate time left: 0:22:36.066800
[03/30/2022, 14:17:17] (6373 / 7265) title: 1502, abstract: 1378, venue: 1048, authors: 291, year: 1249, n_citations: 763 within (2300.237291 total / 1.5034 average)
estimate time left: 0:22:21.032800
[03/30/2022, 14:17:33] (6383 / 7265) title: 1511, abstract: 1386, venue: 1053, authors: 293, year: 1257, n_citations: 765 within (2316.619562 total / 1.5043 average)
estimate time left: 0:22:06.792600
[03/30/2022, 14:17:48] (6393 / 7265) title: 1520, abstract: 1396, venue: 1058, authors: 294, year: 1267, n_citations: 769 within (2331.441306 total / 1.5042 average)
estimate time left: 0:21:51.662400
[03/30/2022, 14:18:06] (6403 / 7265) title: 1530, abstract: 1403, venue: 1064, authors: 298, year: 1274, n_citations: 775 within (2348.901394 total / 1.5057 average)
estimate time left: 0:21:37.913400
[03/30/2022, 14:18:23] (6413 / 7265) title: 1540, abstract: 1413, venue: 1071, authors: 303, year: 1281, n_citations: 782 within (2366.005967 total / 1.507 average)
estimate time left: 0:21:23.964000
[03/30/2022, 14:18:35] (6423 / 7265) title: 1550, abstract: 1423, venue: 1079, authors: 307, year: 1289, n_citations: 787 within (2378.211845 total / 1.5052 average)
estimate time left: 0:21:07.378400
[03/30/2022, 14:18:53] (6433 / 7265) title: 1560, abstract: 1432, venue: 1082, authors: 310, year: 1297, n_citations: 795 within (2396.449596 total / 1.5072 average)
estimate time left: 0:20:53.990400
[03/30/2022, 14:19:08] (6443 / 7265) title: 1570, abstract: 1440, venue: 1089, authors: 312, year: 1306, n_citations: 803 within (2411.515704 total / 1.5072 average)
estimate time left: 0:20:38.918400
[03/30/2022, 14:19:27] (6453 / 7265) title: 1579, abstract: 1450, venue: 1098, authors: 312, year: 1315, n_citations: 806 within (2429.991843 total / 1.5093 average)
estimate time left: 0:20:25.551600
[03/30/2022, 14:19:42] (6463 / 7265) title: 1589, abstract: 1459, venue: 1104, authors: 313, year: 1324, n_citations: 812 within (2445.72645 total / 1.5097 average)
estimate time left: 0:20:10.779400
[03/30/2022, 14:20:00] (6473 / 7265) title: 1599, abstract: 1469, venue: 1111, authors: 316, year: 1334, n_citations: 819 within (2462.971303 total / 1.511 average)
estimate time left: 0:19:56.712000
[03/30/2022, 14:20:14] (6483 / 7265) title: 1609, abstract: 1479, venue: 1117, authors: 318, year: 1342, n_citations: 825 within (2476.884152 total / 1.5103 average)
estimate time left: 0:19:41.054600
[03/30/2022, 14:20:25] (6493 / 7265) title: 1619, abstract: 1488, venue: 1125, authors: 318, year: 1352, n_citations: 826 within (2488.786215 total / 1.5084 average)
estimate time left: 0:19:24.484800
[03/30/2022, 14:20:37] (6503 / 7265) title: 1629, abstract: 1498, venue: 1131, authors: 320, year: 1359, n_citations: 830 within (2499.828336 total / 1.5059 average)
estimate time left: 0:19:07.495800
[03/30/2022, 14:20:49] (6513 / 7265) title: 1639, abstract: 1508, venue: 1138, authors: 320, year: 1369, n_citations: 832 within (2512.298373 total / 1.5044 average)
estimate time left: 0:18:51.308800
[03/30/2022, 14:21:01] (6523 / 7265) title: 1649, abstract: 1518, venue: 1145, authors: 320, year: 1378, n_citations: 835 within (2524.186949 total / 1.5025 average)
estimate time left: 0:18:34.855000
[03/30/2022, 14:21:14] (6533 / 7265) title: 1659, abstract: 1527, venue: 1152, authors: 323, year: 1387, n_citations: 838 within (2537.516736 total / 1.5015 average)
estimate time left: 0:18:19.098000
[03/30/2022, 14:21:29] (6543 / 7265) title: 1669, abstract: 1535, venue: 1159, authors: 325, year: 1393, n_citations: 844 within (2551.878258 total / 1.5011 average)
estimate time left: 0:18:03.794200
[03/30/2022, 14:21:45] (6553 / 7265) title: 1679, abstract: 1545, venue: 1167, authors: 326, year: 1403, n_citations: 847 within (2567.898913 total / 1.5017 average)
estimate time left: 0:17:49.210400
[03/30/2022, 14:22:00] (6563 / 7265) title: 1689, abstract: 1555, venue: 1176, authors: 328, year: 1410, n_citations: 852 within (2583.412566 total / 1.502 average)
estimate time left: 0:17:34.404000
[03/30/2022, 14:22:13] (6573 / 7265) title: 1699, abstract: 1565, venue: 1183, authors: 331, year: 1419, n_citations: 856 within (2596.495473 total / 1.5009 average)
estimate time left: 0:17:18.622800
[03/30/2022, 14:22:30] (6583 / 7265) title: 1709, abstract: 1574, venue: 1191, authors: 332, year: 1428, n_citations: 862 within (2613.203147 total / 1.5018 average)
estimate time left: 0:17:04.227600
[03/30/2022, 14:22:52] (6593 / 7265) title: 1719, abstract: 1584, venue: 1200, authors: 334, year: 1438, n_citations: 866 within (2635.515475 total / 1.506 average)
estimate time left: 0:16:52.032000
[03/30/2022, 14:23:08] (6603 / 7265) title: 1729, abstract: 1594, venue: 1209, authors: 337, year: 1447, n_citations: 870 within (2651.015018 total / 1.5063 average)
estimate time left: 0:16:37.170600
[03/30/2022, 14:23:22] (6613 / 7265) title: 1739, abstract: 1603, venue: 1216, authors: 338, year: 1455, n_citations: 874 within (2665.124529 total / 1.5057 average)
estimate time left: 0:16:21.716400
[03/30/2022, 14:23:38] (6623 / 7265) title: 1749, abstract: 1611, venue: 1222, authors: 339, year: 1461, n_citations: 880 within (2681.193062 total / 1.5063 average)
estimate time left: 0:16:07.044600
[03/30/2022, 14:23:48] (6633 / 7265) title: 1759, abstract: 1620, venue: 1229, authors: 340, year: 1470, n_citations: 883 within (2691.616819 total / 1.5037 average)
estimate time left: 0:15:50.338400
[03/30/2022, 14:24:03] (6643 / 7265) title: 1769, abstract: 1627, venue: 1237, authors: 342, year: 1478, n_citations: 886 within (2705.889535 total / 1.5033 average)
estimate time left: 0:15:35.052600
[03/30/2022, 14:24:17] (6653 / 7265) title: 1779, abstract: 1635, venue: 1243, authors: 343, year: 1487, n_citations: 891 within (2720.449389 total / 1.503 average)
estimate time left: 0:15:19.836000
[03/30/2022, 14:24:37] (6663 / 7265) title: 1788, abstract: 1643, venue: 1248, authors: 347, year: 1494, n_citations: 897 within (2739.979671 total / 1.5055 average)
estimate time left: 0:15:06.311000
[03/30/2022, 14:24:52] (6673 / 7265) title: 1798, abstract: 1652, venue: 1256, authors: 352, year: 1501, n_citations: 902 within (2755.389496 total / 1.5057 average)
estimate time left: 0:14:51.374400
[03/30/2022, 14:25:08] (6683 / 7265) title: 1808, abstract: 1662, venue: 1262, authors: 354, year: 1511, n_citations: 908 within (2771.423092 total / 1.5062 average)
estimate time left: 0:14:36.608400
[03/30/2022, 14:25:24] (6693 / 7265) title: 1818, abstract: 1671, venue: 1270, authors: 359, year: 1518, n_citations: 911 within (2787.583641 total / 1.5068 average)
estimate time left: 0:14:21.889600
[03/30/2022, 14:25:39] (6703 / 7265) title: 1828, abstract: 1681, venue: 1276, authors: 361, year: 1524, n_citations: 917 within (2802.210462 total / 1.5066 average)
estimate time left: 0:14:06.709200
[03/30/2022, 14:25:59] (6713 / 7265) title: 1838, abstract: 1691, venue: 1283, authors: 365, year: 1532, n_citations: 924 within (2822.642932 total / 1.5094 average)
estimate time left: 0:13:53.188800
[03/30/2022, 14:26:11] (6723 / 7265) title: 1848, abstract: 1699, venue: 1289, authors: 366, year: 1540, n_citations: 927 within (2834.610539 total / 1.5078 average)
estimate time left: 0:13:37.227600
[03/30/2022, 14:26:26] (6733 / 7265) title: 1858, abstract: 1707, venue: 1296, authors: 368, year: 1547, n_citations: 931 within (2849.264539 total / 1.5075 average)
estimate time left: 0:13:21.990000
[03/30/2022, 14:26:45] (6743 / 7265) title: 1867, abstract: 1711, venue: 1304, authors: 371, year: 1553, n_citations: 936 within (2868.152585 total / 1.5096 average)
estimate time left: 0:13:08.011200
[03/30/2022, 14:26:58] (6753 / 7265) title: 1877, abstract: 1720, venue: 1311, authors: 372, year: 1562, n_citations: 940 within (2880.896429 total / 1.5083 average)
estimate time left: 0:12:52.249600
[03/30/2022, 14:27:15] (6763 / 7265) title: 1887, abstract: 1730, venue: 1319, authors: 376, year: 1570, n_citations: 947 within (2898.263603 total / 1.5095 average)
estimate time left: 0:12:37.769000
[03/30/2022, 14:27:28] (6773 / 7265) title: 1897, abstract: 1739, venue: 1326, authors: 376, year: 1577, n_citations: 950 within (2911.793185 total / 1.5087 average)
estimate time left: 0:12:22.280400
[03/30/2022, 14:27:45] (6783 / 7265) title: 1907, abstract: 1749, venue: 1332, authors: 376, year: 1586, n_citations: 953 within (2928.061705 total / 1.5093 average)
estimate time left: 0:12:07.482600
[03/30/2022, 14:28:01] (6793 / 7265) title: 1916, abstract: 1759, venue: 1336, authors: 379, year: 1595, n_citations: 959 within (2944.639743 total / 1.5101 average)
estimate time left: 0:11:52.767200
[03/30/2022, 14:28:15] (6803 / 7265) title: 1926, abstract: 1769, venue: 1345, authors: 381, year: 1603, n_citations: 963 within (2958.603663 total / 1.5095 average)
estimate time left: 0:11:37.389000
[03/30/2022, 14:28:29] (6813 / 7265) title: 1936, abstract: 1777, venue: 1352, authors: 385, year: 1610, n_citations: 968 within (2972.426841 total / 1.5088 average)
estimate time left: 0:11:21.977600
[03/30/2022, 14:28:44] (6823 / 7265) title: 1946, abstract: 1785, venue: 1358, authors: 386, year: 1618, n_citations: 973 within (2986.868184 total / 1.5085 average)
estimate time left: 0:11:06.757000
[03/30/2022, 14:28:58] (6833 / 7265) title: 1956, abstract: 1795, venue: 1365, authors: 390, year: 1624, n_citations: 977 within (3000.878854 total / 1.508 average)
estimate time left: 0:10:51.456000
[03/30/2022, 14:29:12] (6843 / 7265) title: 1966, abstract: 1805, venue: 1372, authors: 392, year: 1632, n_citations: 984 within (3015.210994 total / 1.5076 average)
estimate time left: 0:10:36.207200
[03/30/2022, 14:29:27] (6853 / 7265) title: 1976, abstract: 1813, venue: 1379, authors: 393, year: 1639, n_citations: 988 within (3029.903033 total / 1.5074 average)
estimate time left: 0:10:21.048800
[03/30/2022, 14:29:40] (6863 / 7265) title: 1986, abstract: 1823, venue: 1384, authors: 394, year: 1647, n_citations: 995 within (3043.306928 total / 1.5066 average)
estimate time left: 0:10:05.653200
[03/30/2022, 14:29:53] (6873 / 7265) title: 1996, abstract: 1831, venue: 1390, authors: 398, year: 1654, n_citations: 998 within (3055.833769 total / 1.5053 average)
estimate time left: 0:09:50.077600
[03/30/2022, 14:30:10] (6883 / 7265) title: 2006, abstract: 1837, venue: 1398, authors: 398, year: 1663, n_citations: 1003 within (3073.632354 total / 1.5067 average)
estimate time left: 0:09:35.559400
[03/30/2022, 14:30:33] (6893 / 7265) title: 2016, abstract: 1847, venue: 1406, authors: 400, year: 1673, n_citations: 1007 within (3095.911701 total / 1.5102 average)
estimate time left: 0:09:21.794400
[03/30/2022, 14:30:48] (6903 / 7265) title: 2026, abstract: 1855, venue: 1416, authors: 403, year: 1681, n_citations: 1011 within (3111.31458 total / 1.5103 average)
estimate time left: 0:09:06.728600
[03/30/2022, 14:31:00] (6913 / 7265) title: 2035, abstract: 1864, venue: 1422, authors: 403, year: 1687, n_citations: 1017 within (3123.73019 total / 1.509 average)
estimate time left: 0:08:51.168000
[03/30/2022, 14:31:15] (6923 / 7265) title: 2045, abstract: 1871, venue: 1427, authors: 404, year: 1694, n_citations: 1022 within (3138.009773 total / 1.5087 average)
estimate time left: 0:08:35.975400
[03/30/2022, 14:31:29] (6933 / 7265) title: 2055, abstract: 1878, venue: 1437, authors: 407, year: 1701, n_citations: 1027 within (3152.504163 total / 1.5084 average)
estimate time left: 0:08:20.788800
[03/30/2022, 14:31:44] (6943 / 7265) title: 2065, abstract: 1886, venue: 1441, authors: 409, year: 1709, n_citations: 1033 within (3167.147712 total / 1.5082 average)
estimate time left: 0:08:05.640400
[03/30/2022, 14:31:58] (6953 / 7265) title: 2075, abstract: 1896, venue: 1450, authors: 413, year: 1716, n_citations: 1038 within (3181.743527 total / 1.5079 average)
estimate time left: 0:07:50.464800
[03/30/2022, 14:32:11] (6963 / 7265) title: 2085, abstract: 1905, venue: 1459, authors: 414, year: 1725, n_citations: 1040 within (3194.508664 total / 1.5068 average)
estimate time left: 0:07:35.053600
[03/30/2022, 14:32:26] (6973 / 7265) title: 2095, abstract: 1914, venue: 1465, authors: 415, year: 1734, n_citations: 1044 within (3209.441185 total / 1.5068 average)
estimate time left: 0:07:19.985600
[03/30/2022, 14:32:40] (6983 / 7265) title: 2105, abstract: 1922, venue: 1473, authors: 418, year: 1742, n_citations: 1049 within (3222.975482 total / 1.5061 average)
estimate time left: 0:07:04.720200
[03/30/2022, 14:32:52] (6993 / 7265) title: 2115, abstract: 1931, venue: 1480, authors: 419, year: 1750, n_citations: 1052 within (3235.13966 total / 1.5047 average)
estimate time left: 0:06:49.278400
[03/30/2022, 14:33:08] (7003 / 7265) title: 2125, abstract: 1938, venue: 1489, authors: 421, year: 1758, n_citations: 1055 within (3251.480172 total / 1.5053 average)
estimate time left: 0:06:34.388600
[03/30/2022, 14:33:25] (7013 / 7265) title: 2133, abstract: 1948, venue: 1498, authors: 427, year: 1762, n_citations: 1062 within (3268.384504 total / 1.5062 average)
estimate time left: 0:06:19.562400
[03/30/2022, 14:33:41] (7023 / 7265) title: 2143, abstract: 1958, venue: 1503, authors: 429, year: 1772, n_citations: 1067 within (3284.047803 total / 1.5064 average)
estimate time left: 0:06:04.548800
[03/30/2022, 14:33:55] (7033 / 7265) title: 2153, abstract: 1967, venue: 1511, authors: 430, year: 1780, n_citations: 1071 within (3297.881625 total / 1.5059 average)
estimate time left: 0:05:49.368800
[03/30/2022, 14:34:08] (7043 / 7265) title: 2163, abstract: 1975, venue: 1516, authors: 432, year: 1789, n_citations: 1076 within (3310.987544 total / 1.505 average)
estimate time left: 0:05:34.110000
[03/30/2022, 14:34:26] (7053 / 7265) title: 2173, abstract: 1984, venue: 1521, authors: 435, year: 1798, n_citations: 1082 within (3328.988413 total / 1.5063 average)
estimate time left: 0:05:19.335600
[03/30/2022, 14:34:37] (7063 / 7265) title: 2183, abstract: 1994, venue: 1528, authors: 437, year: 1806, n_citations: 1085 within (3340.466889 total / 1.5047 average)
estimate time left: 0:05:03.949400
[03/30/2022, 14:34:51] (7073 / 7265) title: 2192, abstract: 2004, venue: 1535, authors: 440, year: 1813, n_citations: 1090 within (3353.875145 total / 1.504 average)
estimate time left: 0:04:48.768000
[03/30/2022, 14:35:06] (7083 / 7265) title: 2201, abstract: 2014, venue: 1541, authors: 441, year: 1823, n_citations: 1093 within (3368.947946 total / 1.504 average)
estimate time left: 0:04:33.728000
[03/30/2022, 14:35:18] (7093 / 7265) title: 2211, abstract: 2022, venue: 1548, authors: 445, year: 1830, n_citations: 1098 within (3381.742702 total / 1.503 average)
estimate time left: 0:04:18.516000
[03/30/2022, 14:35:35] (7103 / 7265) title: 2221, abstract: 2030, venue: 1557, authors: 446, year: 1837, n_citations: 1105 within (3398.112297 total / 1.5036 average)
estimate time left: 0:04:03.583200
[03/30/2022, 14:35:50] (7113 / 7265) title: 2231, abstract: 2037, venue: 1565, authors: 448, year: 1842, n_citations: 1110 within (3413.135181 total / 1.5036 average)
estimate time left: 0:03:48.547200
[03/30/2022, 14:36:01] (7123 / 7265) title: 2241, abstract: 2046, venue: 1569, authors: 448, year: 1850, n_citations: 1112 within (3423.892404 total / 1.5017 average)
estimate time left: 0:03:33.241400
[03/30/2022, 14:36:16] (7133 / 7265) title: 2251, abstract: 2055, venue: 1576, authors: 449, year: 1857, n_citations: 1117 within (3439.356654 total / 1.5019 average)
estimate time left: 0:03:18.250800
[03/30/2022, 14:36:32] (7143 / 7265) title: 2261, abstract: 2064, venue: 1583, authors: 451, year: 1866, n_citations: 1122 within (3454.91164 total / 1.5021 average)
estimate time left: 0:03:03.256200
[03/30/2022, 14:36:47] (7153 / 7265) title: 2271, abstract: 2074, venue: 1588, authors: 451, year: 1873, n_citations: 1128 within (3469.875324 total / 1.5021 average)
estimate time left: 0:02:48.235200
[03/30/2022, 14:36:59] (7163 / 7265) title: 2281, abstract: 2082, venue: 1594, authors: 451, year: 1882, n_citations: 1132 within (3481.865473 total / 1.5008 average)
estimate time left: 0:02:33.081600
[03/30/2022, 14:37:12] (7173 / 7265) title: 2291, abstract: 2091, venue: 1603, authors: 454, year: 1891, n_citations: 1137 within (3495.790086 total / 1.5003 average)
estimate time left: 0:02:18.027600
[03/30/2022, 14:37:24] (7183 / 7265) title: 2301, abstract: 2099, venue: 1609, authors: 454, year: 1898, n_citations: 1144 within (3507.085707 total / 1.4988 average)
estimate time left: 0:02:02.901600
[03/30/2022, 14:37:36] (7193 / 7265) title: 2311, abstract: 2109, venue: 1612, authors: 455, year: 1908, n_citations: 1151 within (3519.641169 total / 1.4977 average)
estimate time left: 0:01:47.834400
[03/30/2022, 14:37:51] (7203 / 7265) title: 2321, abstract: 2118, venue: 1621, authors: 455, year: 1917, n_citations: 1156 within (3534.309012 total / 1.4976 average)
estimate time left: 0:01:32.851200
[03/30/2022, 14:38:08] (7213 / 7265) title: 2331, abstract: 2126, venue: 1630, authors: 460, year: 1924, n_citations: 1163 within (3551.044012 total / 1.4983 average)
estimate time left: 0:01:17.911600
[03/30/2022, 14:38:24] (7223 / 7265) title: 2340, abstract: 2134, venue: 1637, authors: 460, year: 1933, n_citations: 1168 within (3567.13484 total / 1.4988 average)
estimate time left: 0:01:02.949600
[03/30/2022, 14:38:36] (7233 / 7265) title: 2350, abstract: 2144, venue: 1646, authors: 463, year: 1941, n_citations: 1175 within (3579.400501 total / 1.4977 average)
estimate time left: 0:00:47.926400
[03/30/2022, 14:38:50] (7243 / 7265) title: 2360, abstract: 2153, venue: 1653, authors: 464, year: 1950, n_citations: 1179 within (3593.190865 total / 1.4972 average)
estimate time left: 0:00:32.938400
[03/30/2022, 14:39:05] (7253 / 7265) title: 2370, abstract: 2163, venue: 1659, authors: 465, year: 1960, n_citations: 1184 within (3608.553569 total / 1.4973 average)
estimate time left: 0:00:17.967600
[03/30/2022, 14:39:23] (7263 / 7265) title: 2380, abstract: 2172, venue: 1663, authors: 469, year: 1970, n_citations: 1189 within (3626.545048 total / 1.4986 average)
estimate time left: 0:00:02.997200
[03/30/2022, 14:39:26] end anchor metrics witin 3657.907

