

[03/29/2022, 18:52:20] [ale_1w_/Users/yinnnyou/workspace/s2search/pipelining/exp-csni_csni_title]
============== start ==============
[03/29/2022, 18:52:21] [ale_1w_/Users/yinnnyou/workspace/s2search/pipelining/exp-csni_csni_title_sorting]
get scores for 16422 papers
[03/29/2022, 18:52:33] [ale_1w_/Users/yinnnyou/workspace/s2search/pipelining/exp-csni_csni_title_sorting]
task end within 12.271246 sec
[03/29/2022, 18:52:34] [ale_1w_/Users/yinnnyou/workspace/s2search/pipelining/exp-csni_csni_title]
get scores for 32844 papers
[03/29/2022, 18:52:57] [ale_1w_/Users/yinnnyou/workspace/s2search/pipelining/exp-csni_csni_title]
task end within 22.906824 sec
[03/29/2022, 18:52:57] [ale_1w_/Users/yinnnyou/workspace/s2search/pipelining/exp-csni_csni_title]
============== end 49266 ==============


[03/29/2022, 18:52:57] [ale_1w_/Users/yinnnyou/workspace/s2search/pipelining/exp-csni_csni_abstract]
============== start ==============
[03/29/2022, 18:52:58] [ale_1w_/Users/yinnnyou/workspace/s2search/pipelining/exp-csni_csni_abstract_sorting]
get scores for 16422 papers
[03/29/2022, 18:53:06] [ale_1w_/Users/yinnnyou/workspace/s2search/pipelining/exp-csni_csni_abstract_sorting]
task end within 8.259972 sec
[03/29/2022, 18:53:07] [ale_1w_/Users/yinnnyou/workspace/s2search/pipelining/exp-csni_csni_abstract]
get scores for 32844 papers
[03/29/2022, 18:53:29] [ale_1w_/Users/yinnnyou/workspace/s2search/pipelining/exp-csni_csni_abstract]
task end within 22.027785 sec
[03/29/2022, 18:53:30] [ale_1w_/Users/yinnnyou/workspace/s2search/pipelining/exp-csni_csni_abstract]
============== end 49266 ==============


[03/29/2022, 18:53:30] [ale_1w_/Users/yinnnyou/workspace/s2search/pipelining/exp-csni_csni_venue]
============== start ==============
[03/29/2022, 18:53:30] [ale_1w_/Users/yinnnyou/workspace/s2search/pipelining/exp-csni_csni_venue_sorting]
get scores for 16422 papers
[03/29/2022, 18:53:33] [ale_1w_/Users/yinnnyou/workspace/s2search/pipelining/exp-csni_csni_venue_sorting]
task end within 2.900048 sec
[03/29/2022, 18:53:34] [ale_1w_/Users/yinnnyou/workspace/s2search/pipelining/exp-csni_csni_venue]
get scores for 32844 papers
[03/29/2022, 18:53:57] [ale_1w_/Users/yinnnyou/workspace/s2search/pipelining/exp-csni_csni_venue]
task end within 23.278152 sec
[03/29/2022, 18:53:58] [ale_1w_/Users/yinnnyou/workspace/s2search/pipelining/exp-csni_csni_venue]
============== end 49266 ==============


[03/29/2022, 18:53:58] [ale_1w_/Users/yinnnyou/workspace/s2search/pipelining/exp-csni_csni_authors]
============== start ==============
[03/29/2022, 18:53:58] [ale_1w_/Users/yinnnyou/workspace/s2search/pipelining/exp-csni_csni_authors_sorting]
get scores for 16422 papers
[03/29/2022, 18:54:03] [ale_1w_/Users/yinnnyou/workspace/s2search/pipelining/exp-csni_csni_authors_sorting]
task end within 4.452558 sec
[03/29/2022, 18:54:04] [ale_1w_/Users/yinnnyou/workspace/s2search/pipelining/exp-csni_csni_authors]
get scores for 32844 papers
[03/29/2022, 18:54:27] [ale_1w_/Users/yinnnyou/workspace/s2search/pipelining/exp-csni_csni_authors]
task end within 22.845797 sec
[03/29/2022, 18:54:27] [ale_1w_/Users/yinnnyou/workspace/s2search/pipelining/exp-csni_csni_authors]
============== end 49266 ==============


[03/29/2022, 18:54:27] [ale_1w_/Users/yinnnyou/workspace/s2search/pipelining/exp-csni_csni_year]
============== start ==============
[03/29/2022, 18:54:28] [ale_1w_/Users/yinnnyou/workspace/s2search/pipelining/exp-csni_csni_year]
get scores for 32844 papers
[03/29/2022, 18:54:51] [ale_1w_/Users/yinnnyou/workspace/s2search/pipelining/exp-csni_csni_year]
task end within 23.154257 sec
[03/29/2022, 18:54:52] [ale_1w_/Users/yinnnyou/workspace/s2search/pipelining/exp-csni_csni_year]
============== end 32844 ==============


[03/29/2022, 18:54:52] [ale_1w_/Users/yinnnyou/workspace/s2search/pipelining/exp-csni_csni_n_citations]
============== start ==============
[03/29/2022, 18:54:53] [ale_1w_/Users/yinnnyou/workspace/s2search/pipelining/exp-csni_csni_n_citations]
get scores for 32844 papers
[03/29/2022, 18:55:16] [ale_1w_/Users/yinnnyou/workspace/s2search/pipelining/exp-csni_csni_n_citations]
task end within 23.137488 sec
[03/29/2022, 18:55:16] [ale_1w_/Users/yinnnyou/workspace/s2search/pipelining/exp-csni_csni_n_citations]
============== end 32844 ==============
