

[03/30/2022, 02:51:05] [get categorical paper data for /home/youyinnn_gmail_com/s2search/pipelining/exp-csni csni]
============== start ==============
[03/30/2022, 02:51:30] [get categorical paper data for /home/youyinnn_gmail_com/s2search/pipelining/exp-csni csni]
============== end 65688 ==============


[03/30/2022, 02:51:30] [sampling shap explainer training for /home/youyinnn_gmail_com/s2search/pipelining/exp-csni csni]
============== start ==============
[03/30/2022, 02:51:41] [sampling shap explainer training for /home/youyinnn_gmail_com/s2search/pipelining/exp-csni csni]
============== end 13137 ==============


[03/30/2022, 02:51:41] [sampling shap sv computing for /home/youyinnn_gmail_com/s2search/pipelining/exp-csni csni]
============== start ==============
instances left: 401
estimating time left: 0:34:04.177700
---- 10:40010
instances left: 391
estimating time left: 0:32:54.354500
---- 20:80020
instances left: 381
estimating time left: 0:31:18.139500
---- 30:120030
instances left: 371
estimating time left: 0:30:17.417700
---- 40:160040
instances left: 361
estimating time left: 0:30:23.411000
---- 50:200050
instances left: 351
estimating time left: 0:29:22.581600
---- 60:240060
instances left: 341
estimating time left: 0:28:16.440900
---- 70:280070
instances left: 331
estimating time left: 0:27:22.057900
---- 80:320080
instances left: 321
estimating time left: 0:26:26.125200
---- 90:360090
instances left: 311
estimating time left: 0:25:35.282600
---- 100:400100
instances left: 301
estimating time left: 0:24:49.528600
---- 110:440110
instances left: 291
estimating time left: 0:24:05.280600
---- 120:480120
instances left: 281
estimating time left: 0:23:21.628000
---- 130:520130
instances left: 271
estimating time left: 0:22:30.935000
---- 140:560140
instances left: 261
estimating time left: 0:21:36.491400
---- 150:600150
instances left: 251
estimating time left: 0:20:46.164800
---- 160:640160
instances left: 241
estimating time left: 0:19:51.672700
---- 170:680170
instances left: 231
estimating time left: 0:19:00.192900
---- 180:720180
instances left: 221
estimating time left: 0:18:10.458200
---- 190:760190
instances left: 211
estimating time left: 0:17:20.398800
---- 200:800200
instances left: 201
estimating time left: 0:16:30.548100
---- 210:840210
instances left: 191
estimating time left: 0:15:43.807400
---- 220:880220
instances left: 181
estimating time left: 0:14:52.167100
---- 230:920230
instances left: 171
estimating time left: 0:14:01.610700
---- 240:960240
instances left: 161
estimating time left: 0:13:10.188000
---- 250:1000250
instances left: 151
estimating time left: 0:12:20.745600
---- 260:1040260
instances left: 141
estimating time left: 0:11:33.000900
---- 270:1080270
instances left: 131
estimating time left: 0:10:43.668500
---- 280:1120280
instances left: 121
estimating time left: 0:09:53.989000
---- 290:1160290
instances left: 111
estimating time left: 0:09:05.065500
---- 300:1200300
instances left: 101
estimating time left: 0:08:16.223100
---- 310:1240310
instances left: 91
estimating time left: 0:07:27.073900
---- 320:1280320
instances left: 81
estimating time left: 0:06:39.014100
---- 330:1320330
instances left: 71
estimating time left: 0:05:49.256100
---- 340:1360340
instances left: 61
estimating time left: 0:05:00.571400
---- 350:1400350
instances left: 51
estimating time left: 0:04:11.756400
---- 360:1440360
instances left: 41
estimating time left: 0:03:22.650700
---- 370:1480370
instances left: 31
estimating time left: 0:02:33.198900
---- 380:1520380
instances left: 21
estimating time left: 0:01:43.761000
---- 390:1560390
instances left: 11
estimating time left: 0:00:54.382900
---- 400:1600400
instances left: 1
estimating time left: 0:00:04.941900
---- 410:1640410
[03/30/2022, 03:25:27] [sampling shap sv computing for /home/youyinnn_gmail_com/s2search/pipelining/exp-csni csni]
============== end 1640410 ==============


