Child #[2, 3]: psutil.Process(pid=3438, name='python', status='running', started='17:14:18'), affinity [0, 1, 2, 3, 4, 5, 6, 7, 8, 9, 10, 11, 12, 13, 14, 15]
Child #[2, 3]: Set my affinity to [2, 3], affinity now [2, 3]

[03/28/2022, 13:15:46] start computing sampling shap for range: [2, 8]
[03/28/2022, 13:16:58] computing sampling shap 899:909 within 71.4567 sec, 7.1457 on average
[03/28/2022, 13:16:58] instances left: 889
[03/28/2022, 13:16:58] estimating time left: 1:45:52.527300

[[-0.22583058  5.78420737 -2.77165864  0.         -0.15298325  0.18246479]
 [-0.31701053  5.8747709  -2.82847658  0.          0.65226154 -0.07302282]
 [ 4.98122191 10.81275008 -1.58334793  0.          0.87242678 -0.21966315]
 [-0.43006644 -3.30682817 -3.9412499   0.          0.68798991 -0.19098206]
 [-0.1555319  15.58982131 -1.95146528  0.         -0.32125568 -0.22143863]
 [-0.18214663 -1.2489697  14.63179068  0.          0.26052808  0.07047217]
 [-0.54484486 -3.04143249 -3.94742367  0.          0.97585574 -0.17044666]
 [-0.82539062 -3.34715409 -3.54814168  0.         -0.71763651 -0.03142681]
 [-0.12275281  5.89426763 -3.05819732  0.          0.66551721 -0.19205652]
 [-0.32328558  5.87953812 -2.86333673  0.          1.06810428 -0.10171839]]
[03/28/2022, 13:18:14] computing sampling shap 909:919 within 76.7957 sec, 7.4127 on average
[03/28/2022, 13:18:14] instances left: 879
[03/28/2022, 13:18:14] estimating time left: 1:48:35.763300

[[-0.66970163 -3.09979313 -4.03839823  0.         -0.52175882  0.29972042]
 [-0.14235705  2.51645655 10.29850173  0.         -0.54178422 -0.05237395]
 [-0.06032482  5.76248421 -2.8680456   0.         -0.29666477  0.43570193]
 [-0.4338572  -3.0924474  -4.08404267  0.         -0.65229709  0.36244952]
 [-0.50191962 -3.26993772 -4.00574953  0.         -0.55861036 -0.27327531]
 [-0.58740815 -2.9485099  -4.16102323  0.         -0.25167723  0.38694194]
 [-0.08914448  2.469383   10.84159659  0.          0.10974722  0.15305785]
 [-0.2256658   5.5978853  -2.83871131  0.         -0.08088494  0.56533081]
 [-0.31474973  5.57107689 -2.55177064  0.         -0.34707043  0.25580216]
 [-0.10613547 -1.38363049 13.90248873  0.         -0.47930961 -0.11606688]]
[03/28/2022, 13:19:29] computing sampling shap 919:929 within 74.5026 sec, 7.4253 on average
[03/28/2022, 13:19:29] instances left: 869
[03/28/2022, 13:19:29] estimating time left: 1:47:32.585700

[[-0.64008461 -3.41271471 -3.79519206  0.         -0.28694083 -0.24747741]
 [-0.03833957  2.8380377  10.73052899  0.          0.51666808 -0.13677391]
 [-0.18779458  6.07069779 -3.20391255  0.         -0.25091512 -0.19044666]
 [-0.39953998 -3.39271401 -3.82219619  0.         -0.05252967  0.51926494]
 [-0.794297   -3.14083634 -3.8195913   0.         -0.27353466  0.2447414 ]
 [ 4.06904211  2.47208948 -2.61513574  0.         -0.16762654 -0.23257784]
 [-0.48920616  5.79847273 -2.47403708  0.          0.87462471  0.02266761]
 [-0.62556209 -3.0773498  -3.9975536   0.         -0.4116182  -0.05374408]
 [-0.34639532  5.71646945 -2.61788639  0.          0.3338766   0.15213847]
 [-0.24667103 -3.38138006 -3.97605751  0.         -0.31647297  0.42696945]]
[03/28/2022, 13:20:44] computing sampling shap 929:939 within 75.133 sec, 7.4473 on average
[03/28/2022, 13:20:44] instances left: 859
[03/28/2022, 13:20:44] estimating time left: 1:46:37.230700

[[-0.37619913 -3.21791056 -4.17279581  0.         -0.6576403   0.23771174]
 [ 2.61030061  1.47850214 10.09370678  0.         -0.08570443  0.19399892]
 [-0.78663827 -2.8716994  -3.95676922  0.         -0.01917798 -0.03323223]
 [-0.72255782 -3.03216303 -3.86211136  0.         -0.27924039  0.73701758]
 [-0.74054742 -3.02617155  6.41009776  0.         -0.76570883  0.61500059]
 [-0.58466959 -3.01581618 -3.93610688  0.          1.02069149 -0.21239124]
 [-0.29509335 -1.69403996 14.92378909  0.         -0.31410839  0.23493084]
 [-0.39011905  5.99760144 -2.84960114  0.         -0.25127128  0.01607855]
 [-0.72812522  6.07436079 -2.71930909  0.          0.71087438  0.20554603]
 [-0.41483857 -3.33840191 -3.76351441  0.         -0.1500299   0.59658579]]
[03/28/2022, 13:21:59] computing sampling shap 939:949 within 74.9847 sec, 7.4576 on average
[03/28/2022, 13:21:59] instances left: 849
[03/28/2022, 13:21:59] estimating time left: 1:45:31.502400

[[-0.39953921 -3.25352489 -4.10277196  0.         -0.34368894 -0.19641266]
 [-0.54979401  6.42462321 -3.09136099  0.         -0.33635367  0.06866394]
 [-0.03059872  2.73978551 10.25357571  0.         -0.43521115  0.02627873]
 [-0.07379042  5.68360977 -3.06140619  0.         -0.17434382 -0.24282939]
 [ 4.06489061  2.37171416 -2.41221162  0.         -0.11377874 -0.20280714]
 [-0.43660963 -3.17193493 -4.00729524  0.          0.64932918 -0.18991066]
 [-0.22900565  5.62058022 -2.71383163  0.         -0.1037043  -0.07119187]
 [ 4.05910321  2.59934628 -2.58809433  0.         -0.35874447 -0.19555542]
 [-0.69095551 -3.27762859 -3.83251193  0.         -0.69183903 -0.24337052]
 [-0.28235294  5.45735485 -2.4213473   0.         -0.42861656 -0.17957565]]
[03/28/2022, 13:23:10] computing sampling shap 949:959 within 71.4076 sec, 7.4048 on average
[03/28/2022, 13:23:10] instances left: 839
[03/28/2022, 13:23:10] estimating time left: 1:43:32.627200

[[-0.81334349 -3.34157836 -3.63426985  0.         -0.80672521 -0.35460076]
 [-0.37392231 -3.39485693 -3.85140655  0.         -0.27575819  0.77883437]
 [-0.15564528  5.72467722 -2.96631551  0.         -0.23029506 -0.23935528]
 [-0.7740578  -3.01807903 -3.97833092  0.         -0.26101074 -0.18554936]
 [-0.45484996 -1.09550638 14.46378472  0.         -0.22870466  0.04589244]
 [-0.57310356 -3.38430441 -3.769949    0.         -0.31877044 -0.25880589]
 [-0.56994622  6.12032617 -2.8984854   0.         -0.64587892  0.04535133]
 [-0.50619173 -2.97690166 -4.10049148  0.         -0.27060684  0.71077994]
 [-0.4250918  -3.37101129 -3.91661785  0.         -0.94514832 -0.22480337]
 [ 4.48940632  2.1597789  -2.67931564  0.         -0.28838559  0.06274794]]
[03/28/2022, 13:24:22] computing sampling shap 959:969 within 71.2212 sec, 7.3644 on average
[03/28/2022, 13:24:22] instances left: 829
[03/28/2022, 13:24:22] estimating time left: 1:41:45.087600

[[-0.14791312  5.7387597  -2.85739582  0.         -0.38398343 -0.27939467]
 [-0.04936366 -3.5318242  -4.08216998  0.         -0.35172183 -0.05479193]
 [-0.21811826  5.61657182 -2.81211067  0.          0.16711389 -0.04392761]
 [-0.78710389 -2.84360033 -4.00933507  0.         -0.42916132  0.11241728]
 [-0.5139322  -1.09056707 14.57542411  0.          0.04211994 -0.08692386]
 [-0.08431702 -3.40262383 -4.24683579  0.         -0.96994029 -0.14036209]
 [-0.67087094 -3.15105342 -3.77335543  0.          0.2573343   0.34567748]
 [-0.18503436 14.9571738  -1.46425301  0.          0.9316603  -0.131504  ]
 [-0.15315285 -1.0409206  14.71774348  0.          0.45041582 -0.06415881]
 [-0.3691387  -3.37213411 -3.98868969  0.         -0.24794838 -0.23911647]]
[03/28/2022, 13:25:37] computing sampling shap 969:979 within 75.3865 sec, 7.3862 on average
[03/28/2022, 13:25:37] instances left: 819
[03/28/2022, 13:25:37] estimating time left: 1:40:49.297800

[[-0.62290755 -3.16973767 -3.84667109  0.          0.66002115 -0.20184157]
 [-0.39807575  5.78348585 -2.56614337  0.         -0.29505716  0.03724529]
 [-0.15631739 -3.10769122 -4.38216317  0.          0.67192316 -0.23863326]
 [-0.43212657 -1.28411819 14.46320223  0.         -0.25002543 -0.10429027]
 [-0.13142115  6.00332726 -3.10587978  0.          0.30531571 -0.13441894]
 [-0.46677545 -3.1660558  -4.03586435  0.          0.15875143  0.16322732]
 [-0.54275168 -3.29793523 -3.83902308  0.         -0.3144377   0.0844452 ]
 [-0.05790241 14.88724362 -1.49469692  0.         -0.38569968 -0.14048126]
 [ 3.03886127  1.06019797 10.41497399  0.          0.45914636 -0.10752999]
 [-0.55027776 -2.86165197 -4.1914507   0.          0.24175114 -0.18564594]]
[03/28/2022, 13:26:49] computing sampling shap 979:989 within 72.4082 sec, 7.3701 on average
[03/28/2022, 13:26:49] instances left: 809
[03/28/2022, 13:26:49] estimating time left: 1:39:22.410900

[[-0.46172664 -3.24665689 -4.06735299  0.         -0.29762208 -0.3090515 ]
 [-0.03592899  2.7160917  10.69185948  0.          0.30771431 -0.16477067]
 [-0.50413985 -3.20486271 -3.89015036  0.         -0.26266075  0.30013726]
 [-0.60717532 -3.32871792 -3.69865747  0.          1.06906955 -0.08249264]
 [-0.4458133  -3.31365779 -3.89704755  0.         -0.24174903  0.54536883]
 [ 4.21205603  2.54938191 -2.60360283  0.         -0.43717379 -0.29005878]
 [ 8.40039768 -1.45088841 -3.11670597  0.         -0.28285346 -0.18434679]
 [ 9.43706738  7.2417667  -1.60243869  0.         -0.59991691 -0.20428883]
 [-0.50188492 -2.92125953 -4.2404738   0.         -0.26895654  0.41163311]
 [-0.08323148  5.71642606 -2.99199331  0.          0.7681531  -0.19181014]]
[03/28/2022, 13:28:04] computing sampling shap 989:999 within 74.1178 sec, 7.3743 on average
[03/28/2022, 13:28:04] instances left: 799
[03/28/2022, 13:28:04] estimating time left: 1:38:12.065700

[[-0.31099041  6.06643516 -3.09579703  0.         -0.57413974  0.342706  ]
 [-0.58544391 -3.5275572  -3.68415468  0.         -0.21151221  0.05010074]
 [-0.1831381   5.83970821 -2.96719624  0.          0.41191839 -0.10981175]
 [-0.25158196  5.76603442 -2.79585488  0.          0.0902772  -0.16374022]
 [-0.29633028 -3.21162354 -4.10567211  0.          0.60876652 -0.09531177]
 [-0.08569687 -1.17602593 14.45039002  0.          0.08625856 -0.06449624]
 [-0.02283188  2.66619015 10.29824926  0.         -0.15648415 -0.1647217 ]
 [-0.39354589  2.80319697 11.02208057  0.          0.5807492  -0.14279012]
 [-0.48858901 -3.34523361 -3.8126022   0.         -0.63733829 -0.3257296 ]
 [-0.11856209  5.36371643 -2.54222046  0.         -0.27124622  0.26376858]]
[03/28/2022, 13:29:18] computing sampling shap 999:1009 within 74.0632 sec, 7.3772 on average
[03/28/2022, 13:29:18] instances left: 789
[03/28/2022, 13:29:18] estimating time left: 1:37:00.610800

[[ 2.56939378  1.94803233 10.03628594  0.          0.20271453  0.081022  ]
 [-0.63045986 -3.02803663 -4.21755615  0.         -0.31385743 -0.13131043]
 [-0.71198961 -3.13919681 -3.83246519  0.         -0.14324737 -0.10893643]
 [-0.16450496  5.75089667 -2.74186411  0.          0.93569443 -0.19629188]
 [ 3.91130674  2.74692841 -2.62342193  0.         -0.37649812  0.32355955]
 [-0.48111233 -3.32861856 -3.90650395  0.         -0.7935345  -0.22260676]
 [-0.74045764 -3.13586212 -3.84063818  0.         -0.88301115  0.30601273]
 [-0.04102417  5.68126507 -2.91954485  0.         -0.47172559  0.87337726]
 [-0.16001356  6.99580985  6.45630523  0.         -0.52782287  0.19320817]
 [-0.54002849 -2.95359979 -4.05796294  0.          1.04265239 -0.19624008]]
[03/28/2022, 13:30:28] computing sampling shap 1009:1019 within 70.5743 sec, 7.3505 on average
[03/28/2022, 13:30:28] instances left: 779
[03/28/2022, 13:30:28] estimating time left: 1:35:26.039500

[[-2.64001188e-01 -2.90300453e+00 -4.33215344e+00  0.00000000e+00
  -5.85795396e-02  3.11502175e-01]
 [-9.33092710e-01 -2.92110189e+00 -4.00353608e+00  0.00000000e+00
  -2.74793171e-02 -2.20791235e-01]
 [-1.88866418e-01  6.78942689e+00  6.43968050e+00  0.00000000e+00
  -2.69715256e-01  2.65887305e-01]
 [-7.43785487e-02 -3.58286646e+00 -4.01238195e+00  0.00000000e+00
  -4.30911339e-01 -2.81871632e-01]
 [-7.11683772e-01 -2.94232196e+00 -3.86252741e+00  0.00000000e+00
   9.68855872e-01 -1.80615064e-01]
 [-1.05709164e-02  2.51640232e+00  1.04797805e+01  0.00000000e+00
  -4.01656540e-01  1.02732494e-01]
 [ 4.01329175e+00  2.39338449e+00 -2.34788531e+00  0.00000000e+00
  -2.48917082e-01 -1.58272811e-03]
 [-1.90354679e-01 -3.29536479e+00 -4.22109005e+00  0.00000000e+00
  -6.15784457e-01 -2.42025442e-01]
 [-6.83635134e-01 -3.23979537e+00 -3.73328871e+00  0.00000000e+00
   1.15104217e+00 -1.65231591e-01]
 [ 9.82104502e+00  7.20839792e+00 -8.23773620e-01  0.00000000e+00
  -2.17908040e-01  7.61808499e-02]]
[03/28/2022, 13:31:39] computing sampling shap 1019:1029 within 70.5983 sec, 7.3282 on average
[03/28/2022, 13:31:39] instances left: 769
[03/28/2022, 13:31:39] estimating time left: 1:33:55.385800

[[-0.44076302 -3.09823067 -3.91986857  0.          0.96563321 -0.21194992]
 [-0.35237485  5.74670818 -2.63349413  0.         -0.87174198  0.47565376]
 [-0.80221133 -2.82087711 -3.97912675  0.         -0.44621883  0.24346219]
 [-0.6073676  -3.30281712 -3.79032616  0.          0.68367434  0.25499551]
 [ 4.1882223   2.00842294 -2.35862262  0.          0.95569457 -0.10805634]
 [-0.19601259 -3.18065408 -4.26465341  0.          0.98898241  0.10827967]
 [-0.15620464 -1.41011314 14.45785684  0.         -0.42607431  0.11882587]
 [ 9.23592344 -2.68059624 -2.75998513  0.         -0.20500804 -0.28298977]
 [ 3.80126707  2.62502291 -2.43817326  0.          0.0934229  -0.19116173]
 [-0.44549343 -3.37678117 -3.79634451  0.          1.11248039 -0.22215309]]
[03/28/2022, 13:32:54] computing sampling shap 1029:1039 within 75.013 sec, 7.3406 on average
[03/28/2022, 13:32:54] instances left: 759
[03/28/2022, 13:32:54] estimating time left: 1:32:51.515400

[[-0.37182931 -3.54318423 -3.78068031  0.          0.33295368 -0.24332432]
 [-0.16489673 -1.73411904  4.4282869   0.          0.68426944 -0.18838739]
 [-0.429553    5.84223597 -2.70838171  0.          1.04919621 -0.16956726]
 [-0.82894889 -2.92183693 -4.00451365  0.         -0.08862532 -0.14542506]
 [-0.34093402 -1.18855269 14.6481768   0.         -0.11040488  0.13933275]
 [-0.66496744 -2.93667475 -3.89377127  0.          0.99977224 -0.20953816]
 [-0.17229281 -1.59857075 15.10220922  0.         -0.43461522  0.45109629]
 [-1.01864952 -2.93151571 -3.61851064  0.          0.24473046 -0.22333014]
 [-0.54652786 -2.98357382 -4.17477274  0.         -0.33419445 -0.075384  ]
 [-0.42590509 -2.74307927 -4.38028217  0.          0.98760303 -0.16662859]]
[03/28/2022, 13:34:09] computing sampling shap 1039:1049 within 74.7797 sec, 7.3497 on average
[03/28/2022, 13:34:09] instances left: 749
[03/28/2022, 13:34:09] estimating time left: 1:31:44.925300

[[-0.46717216 -2.98428299 -4.04341098  0.          0.53269338 -0.03362663]
 [-0.7455738  -3.24394201 -3.62692939  0.          0.61946825 -0.21590481]
 [-0.24784954  5.71634504 -2.75247736  0.         -0.33709406 -0.31009245]
 [-0.68596713 -3.33305019 -3.68651113  0.         -0.10234027 -0.12796694]
 [-0.02236557 -1.67924202 14.43229515  0.         -0.09070464 -0.05793757]
 [-0.60972975 -3.04146228 -4.10280364  0.         -0.10159624 -0.25040919]
 [ 9.97166758  7.48768016 -1.27178791  0.         -0.23083535 -0.07010249]
 [-0.26747895  2.78222971 10.70964032  0.          0.05539491  0.08217286]
 [-0.28947347  5.61826132 -2.66861614  0.         -0.265791    0.53959219]
 [-0.63889224 -3.42963539 -3.54806481  0.          0.63818282 -0.01738968]]
[03/28/2022, 13:35:23] computing sampling shap 1049:1059 within 74.3577 sec, 7.3551 on average
[03/28/2022, 13:35:23] instances left: 739
[03/28/2022, 13:35:23] estimating time left: 1:30:35.418900

[[-0.27032475 -3.15454952 -4.37779649  0.         -0.29396787  0.01145459]
 [-0.03574214  5.89578871 -3.04860591  0.          0.9954858  -0.19240158]
 [-0.49393638 -3.43981376 -3.72181414  0.         -0.85258667 -0.22815466]
 [-0.49021921 -3.23549786 -4.13622278  0.         -0.87375146 -0.19335904]
 [-0.36975965  6.01264016 -2.83294691  0.          0.25780701 -0.13081752]
 [-0.83688108 -3.11909118 -3.70079375  0.         -0.85024291  0.05690244]
 [ 5.09498759 10.66657369 -1.49818195  0.         -1.12027067 -0.2284831 ]
 [ 2.53663012  1.82303343  9.88064065  0.          0.12934764 -0.0586471 ]
 [-0.70602538 -3.07777875 -3.92362405  0.          0.02146535 -0.01998169]
 [-0.48097484 -3.60761409 -3.59038941  0.          1.14986555 -0.14179575]]
[03/28/2022, 13:36:41] computing sampling shap 1059:1069 within 78.3313 sec, 7.3833 on average
[03/28/2022, 13:36:41] instances left: 729
[03/28/2022, 13:36:41] estimating time left: 1:29:42.425700

[[-4.98527001e-01 -3.27475021e+00 -3.91781787e+00  0.00000000e+00
   6.85651569e-01 -8.10231729e-02]
 [-6.07367409e-01 -3.31882168e+00 -3.71417017e+00  0.00000000e+00
   3.09270518e-02 -2.77755959e-01]
 [-2.39702486e-01 -1.38532476e+00  1.45443910e+01  0.00000000e+00
  -1.84746095e-01  5.14342479e-02]
 [-4.98754419e-01 -2.93602069e+00 -4.08685368e+00  0.00000000e+00
   9.66461309e-01 -1.73124490e-01]
 [-5.38593511e-01 -3.06024227e+00 -4.13632884e+00  0.00000000e+00
  -2.87437718e-01  2.16593495e-01]
 [-5.29388619e-01 -3.04779692e+00 -4.14509498e+00  0.00000000e+00
   3.89259221e-01 -2.73043439e-01]
 [-2.72307701e-01  5.86279344e+00 -2.92338919e+00  0.00000000e+00
  -5.34632624e-01  5.42569548e-01]
 [-1.94359585e-01  1.51945585e+01 -1.78451367e+00  0.00000000e+00
  -2.90672967e-01 -1.63840477e-01]
 [-5.64677267e-01 -3.26431229e+00 -3.92131885e+00  0.00000000e+00
  -1.09215718e-01 -2.46477302e-01]
 [-5.14877833e-01 -3.08885697e+00 -4.08813988e+00  0.00000000e+00
   3.00640735e-01 -5.62880948e-03]]
[03/28/2022, 13:38:00] computing sampling shap 1069:1079 within 78.487 sec, 7.4091 on average
[03/28/2022, 13:38:00] instances left: 719
[03/28/2022, 13:38:00] estimating time left: 1:28:47.142900

[[-0.45129705 -2.71181988 -4.53629834  0.         -0.3874901  -0.21004863]
 [-0.80027656 -2.90839212 -3.97590102  0.         -0.29816641  0.38961197]
 [ 4.07046025  2.82799155 -2.93349541  0.         -0.69350657 -0.25582998]
 [-0.31288224 -1.21475721 14.7415842   0.          0.33138272 -0.09628199]
 [-0.55011059 -3.01607282 -4.02730318  0.          1.03856785 -0.17337362]
 [-0.10557632  6.01837427 -3.21356383  0.         -0.36822969  0.22276081]
 [-0.55714642 -3.3806515  -3.70668833  0.         -0.03420098 -0.20850077]
 [-0.13858841  5.82922513 -2.83673576  0.          0.9351636  -0.11407988]
 [-0.6697977   5.93880869 -2.61630059  0.          0.74205774 -0.17016882]
 [-0.04896535  5.64033228 -2.81222311  0.          0.31599652 -0.22343795]]
[03/28/2022, 13:39:16] computing sampling shap 1079:1089 within 75.8179 sec, 7.4182 on average
[03/28/2022, 13:39:16] instances left: 709
[03/28/2022, 13:39:16] estimating time left: 1:27:39.503800

[[-0.36394138 -3.35503018 -3.85784905  0.         -0.26079433 -0.10598419]
 [-0.908501   -3.09975752 -3.6994672   0.         -0.3478125   0.14583586]
 [-0.41972761 -1.42855749 15.02843164  0.         -0.03992817  0.1268875 ]
 [-0.5190065  -3.36411837 -3.7065409   0.          0.6292557  -0.15493581]
 [-0.08455765  5.82846112 -2.89637087  0.         -0.40691638  0.54717716]
 [-0.70264343  6.03804921 -2.67373498  0.         -0.29964084 -0.18893187]
 [-0.49650007 -3.16282624 -4.01081497  0.         -0.25363562  0.30476707]
 [-0.35516571 -3.07487396 -4.19892215  0.          1.06711565 -0.166446  ]
 [-0.39534475 -1.56153577 14.81982824  0.         -0.22161055  0.05719781]
 [-0.5249554   6.29265121 -3.07358946  0.         -0.11683972 -0.24552076]]
[03/28/2022, 13:40:29] computing sampling shap 1089:1099 within 73.3496 sec, 7.4141 on average
[03/28/2022, 13:40:29] instances left: 699
[03/28/2022, 13:40:29] estimating time left: 1:26:22.455900

[[-0.33079037 -2.93883268  5.75996994  0.         -0.41269941 -0.15913021]
 [ 4.11721765  2.42136049 -2.59241101  0.         -1.18790831 -0.19363574]
 [-0.36313257 -2.90114046 -4.50773982  0.         -0.56132518 -0.21513615]
 [-0.43628448 -3.02006039 -4.20971443  0.         -0.22944579  0.34392964]
 [-0.58047096 -3.02974207 -4.04679248  0.          0.34039215 -0.14057678]
 [-0.70929179 -3.29587459 -3.80167298  0.         -0.75446966 -0.26245999]
 [-0.1643007   5.57990922 -2.73820268  0.          1.08718749 -0.10529197]
 [ 2.33164927  2.07757267  9.78244906  0.         -0.16040776  0.10949256]
 [-0.71629186 -2.80144792 -4.07636724  0.         -0.0282025  -0.26487859]
 [-0.53696519 -3.32823174 -3.77621962  0.          0.28126291 -0.24591121]]
[03/28/2022, 13:41:41] computing sampling shap 1099:1109 within 71.8556 sec, 7.4032 on average
[03/28/2022, 13:41:41] instances left: 689
[03/28/2022, 13:41:41] estimating time left: 1:25:00.804800

[[-4.90059361e-01 -3.03365674e+00 -4.12957554e+00  0.00000000e+00
  -1.04382980e+00 -2.85672307e-01]
 [-3.25321781e-01 -3.16189287e+00 -4.22184646e+00  0.00000000e+00
  -2.40590842e-01  4.31201433e-01]
 [-7.47564202e-01 -2.88272433e+00 -3.88357151e+00  0.00000000e+00
  -3.02733257e-01  2.50221998e-01]
 [-5.19544532e-01 -3.31975488e+00 -3.75262830e+00  0.00000000e+00
   2.66916542e-01 -2.81053495e-01]
 [-1.58631270e-01 -1.38863422e+00  1.44006145e+01  0.00000000e+00
  -1.76460878e-01  1.11467004e-01]
 [-6.35448927e-01 -3.29804571e+00 -3.86856560e+00  0.00000000e+00
   1.23149969e-03  1.37217935e-01]
 [-7.15771714e-02  5.58502499e+00 -2.70336652e+00  0.00000000e+00
   2.99713974e-01 -2.07012480e-01]
 [-5.00199893e-01 -3.22128133e+00 -4.00082207e+00  0.00000000e+00
  -3.82437262e-01  3.41854800e-02]
 [-8.36964089e-01 -2.90185059e+00 -3.85256818e+00  0.00000000e+00
   1.10015678e+00 -2.13953040e-01]
 [-4.00745576e-01 -2.91084592e+00 -4.46415151e+00  0.00000000e+00
  -2.90900340e-01 -1.19065966e-01]]
[03/28/2022, 13:42:58] computing sampling shap 1109:1119 within 77.515 sec, 7.419 on average
[03/28/2022, 13:42:58] instances left: 679
[03/28/2022, 13:42:58] estimating time left: 1:23:57.501000

[[-6.48510565e-02  2.87471346e+00  1.02515810e+01  0.00000000e+00
  -3.32753262e-01  3.19188127e-02]
 [-7.90503307e-02  5.92439118e+00 -3.23681297e+00  0.00000000e+00
   4.49421129e-01 -6.53237083e-02]
 [-1.99328744e-01 -1.32035780e+00  1.44108967e+01  0.00000000e+00
  -1.65150210e-01  6.78406843e-02]
 [-4.32840483e-01 -3.11612818e+00 -4.14521038e+00  0.00000000e+00
   1.11637350e+00 -1.50486618e-01]
 [-5.28763593e-01 -3.04965245e+00 -4.19055608e+00  0.00000000e+00
  -8.46029099e-01 -1.32174652e-01]
 [-5.50198544e-01 -3.50348015e+00 -3.76423234e+00  0.00000000e+00
  -2.90068839e-01 -2.74429667e-01]
 [-2.56116666e-02  2.69252922e+00  1.02372890e+01  0.00000000e+00
  -3.93649535e-01 -8.78321118e-03]
 [-4.83294859e-01 -3.33179956e+00 -3.81839193e+00  0.00000000e+00
  -2.16996603e-01 -2.55518537e-01]
 [-5.68875282e-01 -3.09611322e+00 -4.06935510e+00  0.00000000e+00
  -7.81661903e-01  3.84224881e-01]
 [-6.79710973e-02 -3.31989814e+00 -4.34818199e+00  0.00000000e+00
  -3.73017329e-01 -2.00882126e-01]]
[03/28/2022, 13:44:12] computing sampling shap 1119:1129 within 73.4911 sec, 7.416 on average
[03/28/2022, 13:44:12] instances left: 669
[03/28/2022, 13:44:12] estimating time left: 1:22:41.304000

[[-3.92302056e-02  5.46353347e+00 -2.83677525e+00  0.00000000e+00
   1.65364993e-03 -1.46457033e-01]
 [-2.24205973e-01 -1.30524367e+00  1.43277939e+01  0.00000000e+00
  -3.65069262e-01  4.63922460e-02]
 [-4.88696171e-01 -3.27239025e+00 -3.80868828e+00  0.00000000e+00
   6.23534627e-01 -2.10181374e-01]
 [-6.33793169e-01 -3.29980134e+00 -3.59997690e+00  0.00000000e+00
   9.88785285e-01 -7.44008829e-02]
 [-7.21102333e-01 -2.80692814e+00 -4.04542505e+00  0.00000000e+00
   1.06927042e+00 -2.24107018e-01]
 [-4.60607421e-02 -1.48789159e+00  1.45109545e+01  0.00000000e+00
   9.26715801e-02 -1.36368422e-02]
 [-4.06041250e-01 -3.43322672e+00 -3.82134471e+00  0.00000000e+00
  -2.58619083e-01  1.50459055e-01]
 [-7.13820732e-01 -3.03874472e+00 -3.87598045e+00  0.00000000e+00
   2.63868359e-01  8.21965610e-02]
 [-5.73671990e-01 -3.34462786e+00 -3.83509500e+00  0.00000000e+00
  -9.52501193e-02 -9.49539131e-02]
 [-3.67036487e-01 -1.12587591e+00  1.47258401e+01  0.00000000e+00
  -2.94268088e-01  3.03738194e-01]]
[03/28/2022, 13:45:26] computing sampling shap 1129:1139 within 74.0406 sec, 7.4155 on average
[03/28/2022, 13:45:26] instances left: 659
[03/28/2022, 13:45:26] estimating time left: 1:21:26.814500

[[-3.38840620e-01 -3.45460919e+00 -3.74387304e+00  0.00000000e+00
   1.02028730e+00 -1.88143228e-01]
 [-4.48538200e-01 -3.12062243e+00 -4.00612490e+00  0.00000000e+00
   1.02769919e+00 -9.40320646e-02]
 [-1.69258766e-01 -1.45978784e+00  1.48078599e+01  0.00000000e+00
   9.07519532e-02 -7.36379948e-02]
 [-1.49455940e-01  1.49821415e+01 -1.71691913e+00  0.00000000e+00
  -2.90223165e-01  3.62932348e-01]
 [-6.20213882e-01 -2.84708711e+00 -4.16676663e+00  0.00000000e+00
  -7.43521463e-02  4.93307388e-01]
 [-4.01087244e-02  2.13474136e+00  1.06525289e+01  0.00000000e+00
  -9.65411652e-02 -1.10559376e-01]
 [ 4.41978906e+00  2.36639306e+00 -2.87934851e+00  0.00000000e+00
   6.74168292e-01 -1.93608306e-01]
 [-1.04464856e-01 -1.17963540e+00  1.40916414e+01  0.00000000e+00
  -4.73311636e-01  1.53274197e-01]
 [-2.52677321e-01  5.80400543e+00 -2.80072310e+00  0.00000000e+00
   3.21784254e-01 -2.06726363e-03]
 [ 4.09868076e+00  2.75248918e+00 -2.96341193e+00  0.00000000e+00
   6.87703504e-01 -1.15765432e-01]]
[03/28/2022, 13:46:38] computing sampling shap 1139:1149 within 72.1028 sec, 7.4073 on average
[03/28/2022, 13:46:38] instances left: 649
[03/28/2022, 13:46:38] estimating time left: 1:20:07.337700

[[-2.44090287e-01 -3.18965784e+00 -4.17669532e+00  0.00000000e+00
  -6.41963266e-01 -1.03968805e-01]
 [-3.48801742e-01  5.96457362e+00 -2.73569823e+00  0.00000000e+00
  -5.50323558e-01  4.54621905e-01]
 [ 4.22284682e+00  2.61233628e+00 -2.90896498e+00  0.00000000e+00
  -2.44271547e-04  3.50329434e-02]
 [-4.69882876e-02 -1.26339690e+00  1.41233747e+01  0.00000000e+00
  -2.94922385e-01  1.27505415e-01]
 [-1.50904445e-01 -1.46114900e+00  1.49174939e+01  0.00000000e+00
   6.58816327e-01 -5.43298366e-02]
 [-1.81183463e-01  5.68642441e+00 -2.76888173e+00  0.00000000e+00
   6.69390965e-02 -8.06864189e-02]
 [-8.65750100e-02 -1.43669366e+00  1.46270564e+01  0.00000000e+00
   1.61729320e-01 -1.15302235e-01]
 [-2.80591937e-01 -3.49257420e+00 -3.91001510e+00  0.00000000e+00
  -2.35577258e-01  6.43986362e-01]
 [-6.34789631e-01 -2.93239050e+00 -3.83439162e+00  0.00000000e+00
  -7.96296853e-01  7.57979367e-01]
 [-5.25141780e-01 -3.15397218e+00 -4.01810385e+00  0.00000000e+00
   1.11294496e+00 -1.44019423e-01]]
[03/28/2022, 13:47:51] computing sampling shap 1149:1159 within 73.0289 sec, 7.4033 on average
[03/28/2022, 13:47:51] instances left: 639
[03/28/2022, 13:47:51] estimating time left: 1:18:50.708700

[[-5.92823902e-01 -2.73695201e+00 -4.11484405e+00  0.00000000e+00
   7.81846389e-01  1.40727142e-01]
 [-2.24346025e-01  5.58457586e+00 -2.68307160e+00  0.00000000e+00
   1.06039120e-01 -2.04756118e-01]
 [-3.17091636e-01 -1.58516777e+00  1.43939027e+01  0.00000000e+00
  -2.65337838e-01  3.59234986e-03]
 [-2.23783714e-01 -2.98603584e+00 -4.59395480e+00  0.00000000e+00
  -2.34142112e-01  2.56454008e-01]
 [-1.38854988e-01 -1.59456533e+00  1.50312733e+01  0.00000000e+00
   3.04500244e-01 -4.55958867e-02]
 [-6.01525574e-01 -3.11409633e+00 -3.97177293e+00  0.00000000e+00
  -7.01694692e-02  3.23431143e-01]
 [-6.84786852e-01 -3.03001609e+00 -3.89869429e+00  0.00000000e+00
  -5.73663916e-02  6.00664567e-01]
 [-3.24424455e-01 -3.35647034e+00 -4.03520672e+00  0.00000000e+00
  -2.89713177e-01  1.66058463e-02]
 [-8.88906185e-02  5.60066219e+00 -2.65178044e+00  0.00000000e+00
   2.25058457e-01  2.67262871e-01]
 [-4.48169545e-01 -2.84819350e+00  5.86456087e+00  0.00000000e+00
  -2.83202200e-01  5.99879650e-02]]
[03/28/2022, 13:49:05] computing sampling shap 1159:1169 within 74.0674 sec, 7.4034 on average
[03/28/2022, 13:49:05] instances left: 629
[03/28/2022, 13:49:05] estimating time left: 1:17:36.738600

[[ 1.50491832e+01  2.40812180e+00 -1.25478873e+00  0.00000000e+00
  -2.55828109e-01 -1.49961614e-01]
 [-5.17909581e-01 -3.08110396e+00 -4.07984329e+00  0.00000000e+00
   6.90769501e-01 -1.93049209e-01]
 [-9.35957190e-02  5.47956096e+00 -2.68991067e+00  0.00000000e+00
   6.68995821e-01  7.28110182e-02]
 [-1.37759261e-01  5.50542477e+00 -2.65890382e+00  0.00000000e+00
   1.05149226e+00 -1.76323540e-01]
 [-5.54066986e-01 -2.96725164e+00 -4.09410403e+00  0.00000000e+00
  -2.67819862e-02 -2.44983775e-01]
 [-5.41332136e-01 -3.15482881e+00 -4.03682817e+00  0.00000000e+00
  -3.65944042e-01 -2.97464625e-01]
 [ 2.36167755e+00  1.98869019e+00  1.01449186e+01  0.00000000e+00
  -5.62048960e-02  2.48589886e-01]
 [-5.58233241e-01 -3.29876790e+00 -3.76012815e+00  0.00000000e+00
  -4.24555658e-01 -1.08482621e-01]
 [-1.12372203e-02  2.89901236e+00  1.04316703e+01  0.00000000e+00
  -8.12636829e-02  1.28176029e-01]
 [-6.72621200e-01  5.94216939e+00 -2.54229301e+00  0.00000000e+00
  -8.19093684e-01  2.25151329e-01]]
[03/28/2022, 13:50:20] computing sampling shap 1169:1179 within 75.0727 sec, 7.4071 on average
[03/28/2022, 13:50:20] instances left: 619
[03/28/2022, 13:50:20] estimating time left: 1:16:24.994900

[[-3.14620587e-02  2.46648782e+00  1.09578902e+01  0.00000000e+00
   6.41937108e-01 -1.24731771e-01]
 [-4.64780925e-01 -3.35229385e+00 -3.85765898e+00  0.00000000e+00
  -3.98193582e-01  1.51763359e-01]
 [-4.99347982e-01 -3.34050363e+00 -3.75176571e+00  0.00000000e+00
   1.04469225e+00 -9.46932018e-02]
 [-2.25789306e-01 -1.48920525e+00  1.48176118e+01  0.00000000e+00
   1.60458328e-01 -2.31226048e-02]
 [-2.27982601e-01  5.74142698e+00 -2.76976195e+00  0.00000000e+00
  -1.65049307e-01  4.79969310e-01]
 [-6.36605761e-01 -3.41626552e+00 -3.56481934e+00  0.00000000e+00
   6.19212779e-01  2.67856343e-03]
 [-4.23551883e-01 -3.13103381e+00 -4.18236024e+00  0.00000000e+00
  -9.17271610e-02 -1.14925931e-01]
 [-4.24122523e-01  6.14774532e+00 -3.03978374e+00  0.00000000e+00
  -2.94320975e-01  3.07039808e-01]
 [-1.55846193e-01  5.84053796e+00 -2.95150861e+00  0.00000000e+00
  -1.64318986e-01 -2.44173622e-01]
 [ 3.99571651e+00  2.47399044e+00 -2.63225403e+00  0.00000000e+00
   1.39948414e-01  3.50197843e-01]]
[03/28/2022, 13:51:32] computing sampling shap 1179:1189 within 71.4791 sec, 7.3982 on average
[03/28/2022, 13:51:32] instances left: 609
[03/28/2022, 13:51:32] estimating time left: 1:15:05.503800

[[-5.57392221e-01  6.17841280e+00 -2.83189166e+00  0.00000000e+00
   9.87693896e-01 -1.91427820e-01]
 [-5.36354914e-01 -3.63217474e+00 -3.63387404e+00  0.00000000e+00
  -6.90479249e-01 -2.43422422e-01]
 [-2.95703300e-01  1.52080781e+01 -1.63530855e+00  0.00000000e+00
   3.77221867e-01 -1.33869555e-01]
 [-6.16798888e-01 -2.98592971e+00 -3.91563427e+00  0.00000000e+00
   9.51903998e-01 -1.61833228e-01]
 [-4.89505571e-01 -3.42903340e+00 -3.86201187e+00  0.00000000e+00
  -3.45628442e-01 -5.95298196e-02]
 [-4.83280749e-01 -1.68150848e+00  1.47024233e+01  0.00000000e+00
  -4.15200656e-01 -9.42435094e-02]
 [-5.97101279e-01 -3.24557059e+00 -3.78676899e+00  0.00000000e+00
   2.47884320e-01 -7.07795544e-02]
 [-6.65920413e-01 -3.17321770e+00 -3.88924707e+00  0.00000000e+00
  -5.38150546e-01  9.08543146e-01]
 [-6.31200703e-01 -3.23175673e+00 -3.75526453e+00  0.00000000e+00
   9.40459398e-01  1.75659310e-01]
 [-3.71858691e-01 -1.32900798e+00  1.43864137e+01  0.00000000e+00
  -6.30798873e-01  7.61833873e-03]]
[03/28/2022, 13:52:43] computing sampling shap 1189:1199 within 71.3546 sec, 7.3894 on average
[03/28/2022, 13:52:43] instances left: 599
[03/28/2022, 13:52:43] estimating time left: 1:13:46.250600

[[-2.14727526e-01  5.72016404e+00 -2.72702117e+00  0.00000000e+00
   5.60275105e-02 -1.46529847e-01]
 [-4.84873936e-01 -1.36824456e+00  1.48241877e+01  0.00000000e+00
   2.84057284e-02 -7.33543620e-02]
 [-1.27311206e-01  5.65645016e+00 -2.85623550e+00  0.00000000e+00
  -6.85447115e-02  5.58343909e-02]
 [-5.10219397e-01 -3.39933417e+00 -3.70476709e+00  0.00000000e+00
   1.83848534e-02  5.11131069e-01]
 [-1.24458368e-01 -3.39162465e+00 -4.07041278e+00  0.00000000e+00
   2.83011489e-01  8.65632176e-02]
 [-7.44656692e-01  6.28303627e+00 -2.80144925e+00  0.00000000e+00
  -3.15010671e-01 -2.68831549e-01]
 [-8.74711441e-03  5.72007977e+00 -2.93163148e+00  0.00000000e+00
   1.00739703e+00 -2.03167742e-01]
 [-5.00988655e-01 -3.15573423e+00 -3.91738946e+00  0.00000000e+00
  -3.96755728e-01  1.06220550e+00]
 [-3.85588471e-02 -3.25717939e+00 -4.35299207e+00  0.00000000e+00
   1.12621316e+00 -2.05774612e-01]
 [-7.20741030e-01 -3.12570524e+00 -3.76057823e+00  0.00000000e+00
  -9.24552159e-01  1.97046861e-01]]
[03/28/2022, 13:53:53] computing sampling shap 1199:1209 within 69.8239 sec, 7.3763 on average
[03/28/2022, 13:53:53] instances left: 589
[03/28/2022, 13:53:53] estimating time left: 1:12:24.640700

[[-0.06086307 15.02204243 -1.74909281  0.          0.40884547 -0.26184989]
 [-0.26572979 -1.27057514 14.24735722  0.         -0.09391537 -0.15349438]
 [-0.85003471 -2.73599848 -4.11411172  0.         -0.10088217 -0.08126947]
 [-0.59439958 -3.16288339 -3.95739911  0.         -0.0913504  -0.1833171 ]
 [-0.5766538  -3.19271156 -4.02780094  0.         -0.04425704  0.06465476]
 [ 3.13009338  0.97921077 -0.14238683  0.         -0.15532644  0.0475185 ]
 [-0.19593527 -1.57263874 14.29540029  0.         -0.31838311  0.0516056 ]
 [-0.56653756 -3.23132162 -3.8716883   0.          0.07053608  0.26360665]
 [-0.4854559  -3.04160435 -4.28887895  0.         -0.23310547 -0.29670844]
 [-0.23776026 -3.06717376 -4.5134283   0.          1.24232716 -0.15225643]]
[03/28/2022, 13:55:06] computing sampling shap 1209:1219 within 72.832 sec, 7.3734 on average
[03/28/2022, 13:55:06] instances left: 579
[03/28/2022, 13:55:06] estimating time left: 1:11:09.198600

[[-4.52007016e-01 -3.34119331e+00 -3.82480890e+00  0.00000000e+00
  -3.75283845e-02  5.81258679e-03]
 [-4.98445229e-01 -3.04601823e+00 -4.18970016e+00  0.00000000e+00
   4.97654431e-02 -1.89021470e-01]
 [-7.03987108e-01 -2.67454482e+00 -4.32709372e+00  0.00000000e+00
  -3.51111378e-01 -2.89015656e-01]
 [-5.34656079e-01 -2.66492057e+00  5.73473165e+00  0.00000000e+00
  -5.67890017e-01 -1.03928120e-01]
 [-4.97921905e-01 -2.93628476e+00 -4.25893112e+00  0.00000000e+00
  -2.80684868e-01  1.52550185e-02]
 [-1.61661780e-01 -1.57380840e+00  1.54256990e+01  0.00000000e+00
  -5.94936381e-02  3.01702113e-01]
 [-6.57480372e-01  6.17749947e+00 -2.78441240e+00  0.00000000e+00
  -3.38649542e-01 -1.70844316e-01]
 [-7.47436055e-02 -1.49459749e+00  1.47915038e+01  0.00000000e+00
  -1.53212476e-01  1.65850359e-01]
 [-1.26538707e-01  5.66899196e+00 -2.89115885e+00  0.00000000e+00
  -7.47763343e-01 -2.29108491e-01]
 [-9.17707136e-01 -2.85002269e+00 -3.77472795e+00  0.00000000e+00
   1.04862930e+00 -1.54145467e-01]]
[03/28/2022, 13:56:16] computing sampling shap 1219:1229 within 70.641 sec, 7.3641 on average
[03/28/2022, 13:56:16] instances left: 569
[03/28/2022, 13:56:16] estimating time left: 1:09:50.172900

[[-0.04758283  5.69282637 -3.03880756  0.         -0.04320823  0.1762097 ]
 [-0.63689734 -3.25372292 -3.79665737  0.         -0.45329867 -0.24183325]
 [-0.70035439 -3.51025721 -3.47769104  0.         -0.35498259 -0.22910561]
 [-0.69691301  6.02569613 -2.57596359  0.          1.05634586 -0.1931751 ]
 [-0.77644416 -3.14681891 -3.89531827  0.         -0.26329928 -0.30052894]
 [-0.17124061 14.97148246 -1.53989027  0.         -0.67812286 -0.17076157]
 [-0.19049272 -2.99384856 -4.44825979  0.          1.05516037 -0.07053272]
 [-0.05925551  2.38898633 10.85066781  0.         -0.21247649  0.16145404]
 [-0.13484441 -1.36776689 15.03052256  0.          0.45074264 -0.16239795]
 [-0.75748143 -3.04130301 -3.88680292  0.          1.14820415 -0.18422951]]
[03/28/2022, 13:57:24] computing sampling shap 1229:1239 within 67.8811 sec, 7.3471 on average
[03/28/2022, 13:57:24] instances left: 559
[03/28/2022, 13:57:24] estimating time left: 1:08:27.028900

[[-0.59584909 -3.2740349  -3.87094647  0.          0.70204532 -0.17409652]
 [-0.23158336  5.73904987 -2.71086122  0.          0.96722703 -0.14930712]
 [-0.43963503 -3.4110674  -3.84715629  0.          0.32906468 -0.23727087]
 [-0.60642285 -3.31493046 -3.83470536  0.          0.4264185   0.04510392]
 [-0.68740054 -3.16456966 -3.91592654  0.         -0.29295149  0.06993151]
 [-0.47078761 -2.99781289 -4.18189942  0.         -0.53567485  0.54354287]
 [-0.32416699 -3.7974357  -3.6380752   0.         -0.0451662   0.1412341 ]
 [-0.4654339   2.102072    1.17182925  0.          1.01457564 -0.23911326]
 [-0.45303704 -3.60693559 -3.72807825  0.         -0.13129651  0.23409666]
 [-0.31848358 -3.4345162  -3.88703511  0.         -0.45341803 -0.29167482]]
[03/28/2022, 13:58:42] computing sampling shap 1239:1249 within 78.2023 sec, 7.3606 on average
[03/28/2022, 13:58:42] instances left: 549
[03/28/2022, 13:58:42] estimating time left: 1:07:20.969400

[[-0.19223964 -1.93907779  4.81370608  0.         -0.88825594  0.27960411]
 [-0.61026985 -3.1617228  -3.94372595  0.         -0.21198495 -0.20179213]
 [-0.45726085  5.95113636 -2.76659571  0.         -0.36889085 -0.241562  ]
 [ 4.05252755  2.65513009 -2.65369819  0.         -0.28351721 -0.01958218]
 [-0.20246949 -1.48346845 14.5578229   0.         -0.1587371   0.06365381]
 [-0.34411656 -3.34842187 -3.82447998  0.          0.95298126 -0.16425513]
 [-0.39000309 -3.11018413 -4.21210941  0.         -0.76503846 -0.25897054]
 [-0.29239009 -1.19223517 14.6285305   0.          0.15846072 -0.09193648]
 [-0.45518956 -2.99571775 -4.2652536   0.         -0.73642867  0.24224645]
 [-0.24674517 -1.19386706 14.44704147  0.          0.09581377 -0.0813283 ]]
[03/28/2022, 13:59:52] computing sampling shap 1249:1259 within 70.0828 sec, 7.3509 on average
[03/28/2022, 13:59:52] instances left: 539
[03/28/2022, 13:59:52] estimating time left: 1:06:02.135100

[[-0.93950501 -3.01462837 -3.59421505  0.          0.23235758 -0.15849853]
 [-0.39934816 -2.05608484  4.80891739  0.         -0.77787628  0.11029963]
 [-0.48478448 -3.24388961 -4.03594882  0.         -0.37195214 -0.25858138]
 [-0.48650227 -3.04961816 -3.99555824  0.          0.52658274 -0.17604123]
 [-0.5787211  -3.3822675  -3.66967263  0.         -0.21990085  0.49766262]
 [ 4.30676123  2.3562331  -2.81171712  0.         -0.94313248 -0.18641768]
 [-0.50062108 -3.3691618  -3.81772664  0.          0.32118042 -0.2060099 ]
 [-0.62861539 -3.25533249 -3.86854775  0.         -0.54704549  0.1104409 ]
 [-0.15262947  5.74681731 -2.70514892  0.         -0.7592967  -0.24835365]
 [-0.72060563 -3.00378112 -3.89669229  0.         -0.28739516  0.37211188]]
[03/28/2022, 14:01:02] computing sampling shap 1259:1269 within 69.7347 sec, 7.3407 on average
[03/28/2022, 14:01:02] instances left: 529
[03/28/2022, 14:01:02] estimating time left: 1:04:43.230300

[[-7.83359259e-01 -3.20628253e+00 -3.74923343e+00  0.00000000e+00
  -1.02025427e-01 -4.13963088e-02]
 [-2.70404752e-01 -2.04551505e+00  4.89206915e+00  0.00000000e+00
   7.86843650e-04  1.25925783e-01]
 [-2.30153673e-01  5.65962050e+00 -2.80114801e+00  0.00000000e+00
  -2.93307134e-01 -2.64938782e-01]
 [-4.26901889e-01  5.98028479e+00 -2.75588678e+00  0.00000000e+00
  -3.61482651e-01 -1.58811979e-01]
 [ 3.88705434e+00  2.44797584e+00 -2.54007978e+00  0.00000000e+00
  -8.35831849e-01  5.08250984e-01]
 [-8.77977103e-01 -3.32319119e+00 -3.51410044e+00  0.00000000e+00
   7.44363508e-02  2.98400663e-01]
 [-7.16508793e-02  5.55785959e+00 -2.69149315e+00  0.00000000e+00
   6.29939188e-01 -1.41300874e-01]
 [-7.24682804e-01 -3.28010658e+00 -3.72456999e+00  0.00000000e+00
  -4.13854805e-01 -1.94322490e-01]
 [-1.63456368e-01  5.72272358e+00 -2.92232474e+00  0.00000000e+00
  -8.35918544e-01 -3.06182075e-01]
 [-2.90252296e-01  5.78798386e+00 -2.82220918e+00  0.00000000e+00
  -8.67786108e-02 -2.43430486e-01]]
[03/28/2022, 14:02:18] computing sampling shap 1269:1279 within 76.3254 sec, 7.3483 on average
[03/28/2022, 14:02:18] instances left: 519
[03/28/2022, 14:02:18] estimating time left: 1:03:33.767700

[[-0.23711325 -1.39198979 14.10484374  0.         -0.39914734  0.06352916]
 [-0.78536773 -2.96485581 -4.00432682  0.         -0.26246467  0.17339045]
 [ 4.25096746  2.30125298 -2.66132698  0.          0.66352354 -0.1670236 ]
 [-0.63295737 -3.21507851 -3.69490179  0.          1.01296132 -0.1983161 ]
 [-0.51178403 -3.1416149  -3.88199674  0.          0.99546519 -0.13097807]
 [-0.51044596 -3.26419865 -4.01893579  0.          0.13409204  0.11066156]
 [-0.49530589 -1.414862   14.88406464  0.         -0.2546242   0.03582759]
 [-0.50402563 -3.113605   -4.08003351  0.         -0.34036196 -0.26690716]
 [-0.55884452 -3.42642162 -3.64392105  0.         -0.2840141   0.14442887]
 [-0.36010069  5.84394096 -2.7196075   0.          0.02880975 -0.14790756]]
[03/28/2022, 14:03:37] computing sampling shap 1279:1289 within 78.415 sec, 7.361 on average
[03/28/2022, 14:03:37] instances left: 509
[03/28/2022, 14:03:37] estimating time left: 1:02:26.749000

[[-0.57539216 -3.3991238  -3.81711502  0.         -0.28276099 -0.10812481]
 [-0.30534687  5.86027444 -2.77798015  0.          1.00203462 -0.12957693]
 [-0.02287965  2.75697104 10.34907995  0.         -0.19500021  0.05421487]
 [-0.16938308  5.8803618  -3.0039733   0.         -0.31268196 -0.30422837]
 [-0.59285652 -3.08195793 -4.02249742  0.         -0.38325464  0.07566142]
 [-0.42695637  6.04665885 -2.93755081  0.          0.70284374 -0.14133051]
 [-0.63293653 -3.33117589 -3.63513066  0.          0.66064141  0.14422081]
 [-0.40984809 -3.08867493 -4.02336944  0.          0.56219101  0.12565598]
 [-0.49455524 -3.38444936 -3.75814094  0.         -0.12619057  0.31102935]
 [-0.05054828  5.59767703 -2.6615826   0.          0.51329166 -0.18129367]]
[03/28/2022, 14:04:56] computing sampling shap 1289:1299 within 78.8982 sec, 7.3742 on average
[03/28/2022, 14:04:56] instances left: 499
[03/28/2022, 14:04:56] estimating time left: 1:01:19.725800

[[ 4.10749623e+00 -8.24062883e-01  1.11665098e+01  0.00000000e+00
   5.70933007e-01 -1.05888450e-01]
 [-8.08604911e-01 -2.89959077e+00 -3.98786700e+00  0.00000000e+00
   4.04870207e-02 -1.89489041e-01]
 [-6.61181979e-01 -3.32421655e+00 -3.70034904e+00  0.00000000e+00
  -3.19775795e-01  7.70759536e-02]
 [-7.96264897e-01 -3.29794631e+00 -3.74184715e+00  0.00000000e+00
  -5.38152456e-01  6.84980498e-02]
 [-5.27596232e-01 -3.45687595e+00 -3.59594515e+00  0.00000000e+00
   6.61161228e-01 -5.08113875e-03]
 [-1.81692543e-01  5.94986224e+00 -3.13738961e+00  0.00000000e+00
  -9.58055050e-02 -2.10284032e-01]
 [-3.71711362e-01 -1.42833118e+00  1.44195715e+01  0.00000000e+00
  -1.96372374e-01 -5.89642316e-02]
 [-1.45687711e-01  1.52936186e+01 -1.81406596e+00  0.00000000e+00
  -5.25382625e-01  7.76135046e-01]
 [ 3.73069782e+00  2.99876491e+00  7.35094321e+00  0.00000000e+00
  -2.37016309e-01 -1.55952536e-01]
 [-3.74123509e-01 -3.32487123e+00 -4.16952333e+00  0.00000000e+00
  -7.91311946e-01  2.80697126e-01]]
[03/28/2022, 14:06:09] computing sampling shap 1299:1309 within 72.9162 sec, 7.3722 on average
[03/28/2022, 14:06:09] instances left: 489
[03/28/2022, 14:06:09] estimating time left: 1:00:05.005800

[[-0.47303938 -3.07683786 -4.1267332   0.          1.13793174 -0.18961362]
 [ 2.17422931  1.9387375   9.75970765  0.         -0.57221933  0.09647285]
 [-0.06367627  5.8051367  -2.96189016  0.         -0.30808997  0.05120833]
 [ 0.          2.78109401 10.30899935  0.         -0.47102567  0.22522153]
 [-0.77576372 -3.07309858 -3.86974729  0.         -0.86810944  0.16080332]
 [-0.16946245  5.67550699 -2.79255627  0.         -0.61464611  0.63022151]
 [-0.2304629  -3.48013501 -3.99390025  0.         -0.33846689  0.26150237]
 [-0.76119845 -3.18694987 -3.7851238   0.         -0.74524628  0.09703142]
 [ 4.73334357  1.63643851 -2.30418048  0.         -0.35603458 -0.23008635]
 [-0.49790825 -3.1882353  -3.93141805  0.          0.04613579  0.2289941 ]]
[03/28/2022, 14:07:22] computing sampling shap 1309:1319 within 73.3681 sec, 7.3714 on average
[03/28/2022, 14:07:22] instances left: 479
[03/28/2022, 14:07:22] estimating time left: 0:58:50.900600

[[ 4.04539291  2.29600796 -2.49123893  0.          0.59669215  0.36974267]
 [-0.50574223 -3.31839192 -3.91917555  0.         -0.25623797 -0.30538595]
 [-0.14696188  2.75365795 10.25136649  0.         -0.28052551 -0.09950754]
 [-0.69166861  6.06122209 -2.76805444  0.         -0.25001656 -0.25347647]
 [-0.45504067 -3.17769262 -4.04272097  0.         -0.41197378 -0.05983254]
 [-0.06572519  2.50200985 10.4180647   0.         -0.30578596  0.08499646]
 [-0.42662565 -3.11551757 -4.15265934  0.          0.34268847 -0.10022134]
 [-0.07461038  5.50693131 -2.69521626  0.         -0.04773005  0.90186776]
 [-0.73517388 -2.68381854 -4.22806426  0.         -0.10309324  0.29625874]
 [-0.26546092 -3.50582512 -3.86066573  0.         -0.19425033 -0.24511099]]
[03/28/2022, 14:08:36] computing sampling shap 1319:1329 within 73.5207 sec, 7.3709 on average
[03/28/2022, 14:08:36] instances left: 469
[03/28/2022, 14:08:36] estimating time left: 0:57:36.952100

[[-6.32091347e-01 -3.41540034e+00 -3.51073118e+00  0.00000000e+00
   1.00408759e+00 -1.51043818e-01]
 [-5.26689308e-01 -2.89345944e+00 -4.31203782e+00  0.00000000e+00
   3.67724349e-01 -2.41602500e-01]
 [-1.16725784e-01 -1.35345712e+00  1.44221022e+01  0.00000000e+00
  -7.07613498e-02  2.57080852e-02]
 [-4.17935577e-01 -3.33908711e+00 -3.98528008e+00  0.00000000e+00
  -3.11257450e-01  6.07966908e-01]
 [-7.76487962e-01 -3.12538248e+00 -3.77880232e+00  0.00000000e+00
  -3.66107805e-01 -5.32637199e-03]
 [-5.04708200e-02  1.49977809e+01 -1.89561895e+00  0.00000000e+00
   1.07670659e+00 -2.27904076e-01]
 [-2.33936743e-01 -3.37623827e+00 -4.10251908e+00  0.00000000e+00
  -2.79647789e-01 -1.57825480e-01]
 [-3.36824956e-01  2.65195241e+00  4.48330951e-01  0.00000000e+00
  -7.71189176e-01 -2.38425753e-01]
 [-4.70056165e-01 -3.04749339e+00 -4.23635907e+00  0.00000000e+00
  -8.74740528e-01  3.41950433e-01]
 [-1.68092114e-01  2.50443519e+00  1.09659664e+01  0.00000000e+00
   6.64337672e-01 -9.69561069e-02]]
[03/28/2022, 14:09:52] computing sampling shap 1329:1339 within 76.2676 sec, 7.3767 on average
[03/28/2022, 14:09:52] instances left: 459
[03/28/2022, 14:09:52] estimating time left: 0:56:25.905300

[[-2.38943201e-01  2.54337232e+00  1.06535522e+01  0.00000000e+00
  -1.13843319e-01 -1.45577429e-01]
 [-2.87651370e-01 -1.38398521e+00  1.42783623e+01  0.00000000e+00
  -1.77413730e-01 -6.51194534e-02]
 [-8.51352964e-01 -2.92199279e+00 -3.96232429e+00  0.00000000e+00
  -1.00996655e-01 -5.05091756e-03]
 [-7.28539554e-02  5.65117324e+00 -2.97092199e+00  0.00000000e+00
   8.02876137e-01 -2.30550813e-01]
 [-7.82137247e-01 -2.84739039e+00 -3.93318003e+00  0.00000000e+00
   1.02537923e+00 -1.67850998e-01]
 [ 2.20289724e+00  1.55521356e+00  9.80591502e+00  0.00000000e+00
  -3.74577733e-01 -7.80093817e-02]
 [-6.45159748e-01 -3.13060588e+00 -3.89850092e+00  0.00000000e+00
  -3.02767836e-01  6.73319334e-02]
 [-2.56982517e-01  5.60947239e+00 -2.57698111e+00  0.00000000e+00
   9.48437629e-01  6.99844137e-03]
 [ 2.42082019e+00  1.81418160e+00  1.03092136e+01  0.00000000e+00
   1.84536099e-01  9.20391651e-02]
 [-1.25420210e-01 -1.76307638e+00  4.37552494e+00  0.00000000e+00
  -2.68979297e-01  8.46818579e-02]]
[03/28/2022, 14:11:02] computing sampling shap 1339:1349 within 70.2666 sec, 7.369 on average
[03/28/2022, 14:11:02] instances left: 449
[03/28/2022, 14:11:02] estimating time left: 0:55:08.681000

[[-0.10240829  5.60725149 -2.80837717  0.          0.04872699 -0.02258075]
 [-0.56297022 -2.98313887 -4.09330596  0.         -0.27301313  0.34605691]
 [-0.28530557 -3.2093646  -4.38318466  0.          0.14502139 -0.19911555]
 [-0.53839573 -3.45295444 -3.78529497  0.         -0.35994089 -0.2458242 ]
 [-0.22537065  2.3586068   0.62457779  0.         -0.71338844  0.21975795]
 [-0.18421717 -1.39135638 14.37391119  0.         -0.0861709  -0.14112847]
 [-0.3652101   5.83002102 -2.77187353  0.         -0.35754048  0.10434987]
 [-0.64238399 -3.28231487 -3.75256103  0.          0.05903156 -0.31372135]
 [-0.69842336 -2.90660026 -4.10161899  0.         -0.70539736  0.03942968]
 [-0.32258044 -1.24772296 14.74734893  0.         -0.20988897  0.25259156]]
[03/28/2022, 14:12:26] computing sampling shap 1349:1359 within 83.6823 sec, 7.3907 on average
[03/28/2022, 14:12:26] instances left: 439
[03/28/2022, 14:12:26] estimating time left: 0:54:04.517300

[[ 2.69291393e+00  1.72790169e+00  9.89017895e+00  0.00000000e+00
  -4.18515829e-02  8.07037722e-02]
 [-5.19633743e-01 -3.23005766e+00 -3.99521145e+00  0.00000000e+00
  -1.44810735e-01 -2.62757877e-01]
 [ 3.17190002e+00  5.75978591e+00  5.28367675e+00  0.00000000e+00
   4.46862291e-01  1.31717111e-01]
 [-7.67335710e-01 -3.23198871e+00 -3.84709874e+00  0.00000000e+00
  -2.64786509e-01 -1.61181278e-01]
 [-1.39508512e-01  2.93287441e+00  1.06965574e+01  0.00000000e+00
  -3.10564784e-01  4.23037504e-01]
 [-5.68234224e-01 -2.79707121e+00 -4.37035878e+00  0.00000000e+00
  -4.08915488e-01 -2.40547611e-01]
 [-4.78234334e-02  2.60961250e+00  1.04655920e+01  0.00000000e+00
   1.18768632e-01 -3.51437519e-02]
 [-4.26633458e-01 -3.24697192e+00 -4.23152488e+00  0.00000000e+00
  -2.72106201e-01 -2.07890926e-01]
 [ 3.78952860e+00  2.70027282e+00 -2.62034745e+00  0.00000000e+00
  -6.21196161e-01 -7.92171312e-03]
 [ 3.71083308e+00  2.56700639e+00 -2.36179679e+00  0.00000000e+00
  -7.77356176e-01 -2.16579698e-01]]
[03/28/2022, 14:13:39] computing sampling shap 1359:1369 within 72.9505 sec, 7.3887 on average
[03/28/2022, 14:13:39] instances left: 429
[03/28/2022, 14:13:39] estimating time left: 0:52:49.752300

[[-2.20199761e-01  5.80665636e+00 -2.74016347e+00  0.00000000e+00
   5.62264238e-01 -1.11737079e-01]
 [-7.03902687e-01 -2.98883389e+00 -3.88182340e+00  0.00000000e+00
   1.05093276e+00 -1.37384537e-01]
 [-2.48908634e-01  5.71938343e+00 -2.70217890e+00  0.00000000e+00
  -3.29134112e-01  1.74126355e-01]
 [-4.41321962e-01 -3.38759829e+00 -3.90798674e+00  0.00000000e+00
  -7.80765903e-01 -1.56632030e-03]
 [-6.75470116e-01 -2.78001728e+00 -4.10800488e+00  0.00000000e+00
   2.70929232e-01  7.56419714e-02]
 [ 3.95294668e+00  2.51342478e+00 -2.52000538e+00  0.00000000e+00
   8.87188547e-01 -2.24530326e-01]
 [-3.16437488e-01  6.09984235e+00 -3.08065332e+00  0.00000000e+00
  -2.45950071e-01  3.89550773e-02]
 [-3.93450464e-01  5.70057633e+00 -2.67450381e+00  0.00000000e+00
  -9.07961229e-01 -2.29819062e-01]
 [-2.38259612e-01  5.93161725e+00 -2.97571250e+00  0.00000000e+00
  -2.17028927e-01  2.07287632e-01]
 [-5.73843289e-01 -3.14798048e+00 -3.76893137e+00  0.00000000e+00
   5.07489681e-01 -1.97871260e-01]]
[03/28/2022, 14:14:52] computing sampling shap 1369:1379 within 73.5782 sec, 7.388 on average
[03/28/2022, 14:14:52] instances left: 419
[03/28/2022, 14:14:52] estimating time left: 0:51:35.572000

[[-4.65185141e-01 -3.42710257e+00 -3.76988079e+00  0.00000000e+00
  -4.48979257e-01 -5.46801965e-02]
 [-1.45270076e-01  5.79236279e+00 -2.92965967e+00  0.00000000e+00
  -4.37193070e-01 -1.63544245e-01]
 [ 4.10399767e+00  1.16678126e+01 -1.44776530e+00  0.00000000e+00
   6.73068953e-04 -1.61192646e-01]
 [-2.23609750e-01  5.80339359e+00 -2.92025209e+00  0.00000000e+00
  -7.54303152e-02  1.09308651e-02]
 [-1.40190742e-01 -1.76661213e+00  1.46093168e+01  0.00000000e+00
  -3.76285041e-01  7.99347449e-02]
 [-7.03578323e-02  2.87822996e+00  1.03985793e+01  0.00000000e+00
  -2.09682250e-01  2.76837474e-01]
 [-7.15019271e-01 -2.87580934e+00 -4.11080561e+00  0.00000000e+00
  -2.63663204e-01  3.74891928e-01]
 [-2.19125223e-01 -1.36824853e+00  1.46233738e+01  0.00000000e+00
   1.98331391e-01 -8.41164848e-02]
 [-1.64255045e-01  5.71487514e+00 -2.67788990e+00  0.00000000e+00
   6.26340600e-01 -2.81526656e-01]
 [-6.10943745e-01 -3.39270950e+00 -3.75159125e+00  0.00000000e+00
  -4.02563719e-01 -2.37348182e-01]]
[03/28/2022, 14:16:04] computing sampling shap 1379:1389 within 72.125 sec, 7.3845 on average
[03/28/2022, 14:16:04] instances left: 409
[03/28/2022, 14:16:04] estimating time left: 0:50:20.260500

[[-3.40673172e-01 -2.87794233e+00  5.57699686e+00  0.00000000e+00
  -6.64431686e-01  1.88692109e-01]
 [-2.87097081e-01 -2.73707941e+00 -4.54253101e+00  0.00000000e+00
   1.03678748e+00 -1.40988224e-01]
 [-6.61579185e-01 -3.03000096e+00 -3.91741232e+00  0.00000000e+00
  -3.05563106e-01  5.37304108e-01]
 [-4.65262160e-01 -2.86634607e+00 -4.22577046e+00  0.00000000e+00
   1.02119503e+00 -1.92108617e-01]
 [-4.31138436e-01 -3.00706534e+00 -4.08676113e+00  0.00000000e+00
  -4.25337888e-01  4.06002053e-02]
 [-2.49582646e-01 -3.53730383e+00 -3.82696961e+00  0.00000000e+00
  -2.22215387e-01 -2.35241622e-01]
 [-8.12032159e-01 -2.98717436e+00 -3.81952012e+00  0.00000000e+00
   1.08215144e+00 -1.68603523e-01]
 [-6.82402169e-01 -3.17834402e+00 -3.76818674e+00  0.00000000e+00
   1.13178921e+00 -1.73764623e-01]
 [-3.54346303e-01  5.97328774e+00 -2.86744667e+00  0.00000000e+00
  -1.92701030e-01 -2.13480480e-01]
 [-1.07502790e-01 -1.64622282e+00  1.44885187e+01  0.00000000e+00
  -3.37273861e-01  1.11097732e-02]]
[03/28/2022, 14:17:20] computing sampling shap 1389:1399 within 75.5719 sec, 7.3879 on average
[03/28/2022, 14:17:20] instances left: 399
[03/28/2022, 14:17:20] estimating time left: 0:49:07.772100

[[-0.49361973 -3.22590178 -4.02046295  0.         -0.32300369 -0.28276535]
 [-0.35358982 -3.29503977 -4.11028597  0.         -0.71867728 -0.17495449]
 [-0.06071586  2.66236124 10.75143486  0.          0.3964892  -0.09642804]
 [-0.45700893 -3.15289839 -4.07833814  0.          0.33689649  0.42584907]
 [-0.30034825 -3.12927627 -4.21354547  0.         -0.34812004  0.18528161]
 [-0.26494228 -1.52222381 14.11407077  0.         -0.62485466 -0.09953171]
 [-0.28824912 -1.72283896 14.61898735  0.         -0.11058037 -0.09776626]
 [-0.79670935 -3.01163759 -3.99105755  0.         -0.21147097 -0.2188815 ]
 [-0.11138188  2.80661337 10.30837194  0.         -0.23339167 -0.03997134]
 [-0.07219147  5.64392327 -2.87344772  0.          0.66372453 -0.07254091]]
[03/28/2022, 14:18:34] computing sampling shap 1399:1409 within 74.2039 sec, 7.3886 on average
[03/28/2022, 14:18:34] instances left: 389
[03/28/2022, 14:18:34] estimating time left: 0:47:54.165400

[[-0.77987042 -3.23698708 -3.60018944  0.          0.07155325  0.23033758]
 [-0.055051    5.78532499 -2.9757849   0.         -0.38789131  0.34304134]
 [-0.31474621 -2.92245663 -4.26904985  0.          0.96346986 -0.16239561]
 [-0.59736775 -3.28114046 -3.71040114  0.         -0.21877444 -0.28377143]
 [-0.74264643 -3.23846992 -3.60563513  0.          1.04625289 -0.18779378]
 [-0.06670893  2.54591149 10.90394695  0.         -0.23076082  0.41745369]
 [-0.4001965  -3.07976721 -4.1135187   0.          0.31799552  0.2628648 ]
 [-0.44651074 -3.08552712 -4.17802122  0.          0.33640644 -0.05656994]
 [-0.06703922  2.46247084 10.08705113  0.         -0.60889389 -0.14652978]
 [-0.73403335 -3.00337614 -3.79950846  0.          1.02103839 -0.21241245]]
[03/28/2022, 14:19:55] computing sampling shap 1409:1419 within 80.4369 sec, 7.4012 on average
[03/28/2022, 14:19:55] instances left: 379
[03/28/2022, 14:19:55] estimating time left: 0:46:45.054800

[[-2.52846429e-01 -1.13021663e+00  1.43663529e+01  0.00000000e+00
   2.09720554e-01 -8.70687635e-02]
 [ 4.18593876e+00 -1.10270894e+00  1.10292257e+01  0.00000000e+00
  -2.51691476e-01 -1.07777425e-01]
 [-5.02198067e-01 -3.08974334e+00 -4.20065012e+00  0.00000000e+00
  -2.34533622e-01 -2.45265283e-01]
 [-6.98005273e-01 -3.27421120e+00 -3.79461996e+00  0.00000000e+00
  -2.51233813e-01 -1.14331697e-01]
 [ 2.63834518e+00  1.45444269e+00  9.62171842e+00  0.00000000e+00
  -4.15366562e-01  1.49030287e-01]
 [-8.19340200e-01 -2.82828839e+00 -4.02756436e+00  0.00000000e+00
  -3.42566596e-01 -2.68353241e-01]
 [-6.06342312e-02  5.88103561e+00 -3.09927082e+00  0.00000000e+00
   2.43200794e-02  3.86352597e-01]
 [ 4.31366455e+00  2.22643449e+00 -2.64403256e+00  0.00000000e+00
  -2.35801200e-01  5.42749572e-02]
 [-2.00077748e-01 -1.30012001e+00  1.48637103e+01  0.00000000e+00
   3.41572935e-01 -1.31780611e-02]
 [-2.06237360e-01 -1.32272738e+00  1.45403675e+01  0.00000000e+00
   2.61306274e-02  1.85040483e-02]]
[03/28/2022, 14:21:06] computing sampling shap 1419:1429 within 70.9133 sec, 7.3953 on average
[03/28/2022, 14:21:06] instances left: 369
[03/28/2022, 14:21:06] estimating time left: 0:45:28.865700

[[-0.52383438 -2.96726174 -4.05574007  0.         -0.33470009  0.63120166]
 [ 4.23543817  2.68196443 -2.80466504  0.         -0.19253838  0.12545455]
 [-0.1658229   5.7784072  -2.87675297  0.          0.11348857 -0.16009602]
 [ 4.04863378  2.59822032 -2.53338591  0.          0.26615437 -0.15570199]
 [-0.22476282 -3.4995896  -3.91482554  0.          1.10747096 -0.1734717 ]
 [-0.5158746  -3.27568078 -4.01335381  0.         -0.32234337  0.12234753]
 [-0.1792569   6.71089152  6.74519503  0.         -0.87971027 -0.00674655]
 [-0.40280854 -3.20053832 -4.02285494  0.          1.09234723 -0.17132434]
 [-0.45471871 -3.16458825 -4.01869031  0.         -0.43322705  0.15006024]
 [-0.64462292 -3.35099585 -3.77040309  0.         -0.10836912 -0.27808048]]
[03/28/2022, 14:22:16] computing sampling shap 1429:1439 within 70.0469 sec, 7.3881 on average
[03/28/2022, 14:22:16] instances left: 359
[03/28/2022, 14:22:16] estimating time left: 0:44:12.327900

[[-0.1456141  -1.49379062 13.81486233  0.         -0.42609297 -0.10598095]
 [-0.74596178 -2.99018752 -3.92854412  0.          0.03852516  0.07734134]
 [-0.18420673  5.61396874 -2.70534117  0.         -0.29479545  0.18366318]
 [-0.06591456  5.64529202 -2.77030562  0.          0.95578967 -0.18093148]
 [-0.52610679  6.09276696 -2.87427804  0.         -0.33710151  0.1905888 ]
 [-0.33661299 -3.21079639 -4.15494622  0.         -0.57785143  0.34387007]
 [-0.31409113 -1.49185731 14.2562673   0.         -0.45783926  0.02844018]
 [-0.58988464 -3.19675698 -3.91948087  0.         -0.15132886 -0.02484575]
 [-0.47383284 -3.1006213  -4.20116023  0.         -0.8047829  -0.22190388]
 [-0.2778762  -3.25421724 -3.98764668  0.          1.0097113  -0.21826347]]
[03/28/2022, 14:23:25] computing sampling shap 1439:1449 within 69.1948 sec, 7.3796 on average
[03/28/2022, 14:23:25] instances left: 349
[03/28/2022, 14:23:25] estimating time left: 0:42:55.480400

[[-0.30385559 -3.32115423 -4.02180774  0.          1.10552494 -0.18699956]
 [-0.43601114 -3.54385872 -3.68628584  0.         -0.37320831 -0.30638942]
 [-0.1581814   5.94676669 -2.94488429  0.         -0.69590608  0.10537655]
 [-0.47276416 -3.35549673 -3.97003119  0.          0.11042884 -0.1182711 ]
 [-0.93174059 -2.97917976 -3.96458781  0.         -0.21524449 -0.0594148 ]
 [ 4.19452777  2.6554277  -3.00163435  0.         -0.06438397  0.33992098]
 [-0.42040888 -3.38578484 -3.90411953  0.         -0.33322563 -0.10372214]
 [ 4.04471022  2.46825495 -2.59916741  0.         -0.22373708  0.494417  ]
 [-0.29793763 -3.46764231 -3.91956069  0.         -0.42801786 -0.18277915]
 [-0.72184103 -2.87636521 -4.15322774  0.         -0.96388403 -0.25293866]]
[03/28/2022, 14:24:37] computing sampling shap 1449:1459 within 72.2458 sec, 7.3768 on average
[03/28/2022, 14:24:37] instances left: 339
[03/28/2022, 14:24:37] estimating time left: 0:41:40.735200

[[-0.64882102 -3.13210102 -3.89627569  0.         -0.26552175 -0.36221454]
 [-0.51306327 -3.31858023 -3.9598189   0.          1.23112854 -0.14484513]
 [-0.33259969 -3.30420013 -3.91671907  0.          0.2398068   0.0312312 ]
 [-0.79117595 -3.27657735 -3.689723    0.         -0.35047173 -0.27593899]
 [-0.78327708 -3.17660454 -3.67027733  0.         -0.33169489  0.38375264]
 [-0.5398493  -2.86417929 -4.42499295  0.         -0.35550916 -0.16183429]
 [-0.29377941 -3.25429907 -4.12934067  0.         -0.39723445  0.13260177]
 [-0.98330419 -2.91694525 -3.74932298  0.         -0.41223227  0.02848302]
 [-0.75854267 -2.76922561 -4.14505757  0.          0.75966809  0.08821448]
 [-0.75751254 -2.66609591 -4.23485149  0.          1.11358636 -0.18341846]]
[03/28/2022, 14:25:48] computing sampling shap 1459:1469 within 70.5816 sec, 7.3712 on average
[03/28/2022, 14:25:48] instances left: 329
[03/28/2022, 14:25:48] estimating time left: 0:40:25.124800

[[-0.58295531 -3.19630202 -3.79226767  0.         -0.0631976  -0.29722768]
 [-0.21035736  5.73436622 -2.737976    0.         -0.38687781 -0.11710851]
 [-0.66489757  6.21391296 -2.72287815  0.         -0.21272182  0.20424924]
 [-0.34549726 -3.22585163 -4.0675277   0.          0.66871401 -0.21097406]
 [-0.85111757 -3.28277944 -3.51142121  0.          1.0916785  -0.17465253]
 [-0.37806956  5.76005694 -2.72589034  0.         -0.27622751  0.10851373]
 [-0.62970881 -3.40817818 -3.64665739  0.          0.32304015 -0.0956861 ]
 [-0.04994238  2.60556682 10.72428732  0.         -0.27273743  0.27944212]
 [-0.87529597 -2.99341089 -3.83533309  0.          0.29741791 -0.02360042]
 [-0.67962592 -2.83598351 -4.10732747  0.          0.62252638 -0.21247104]]
[03/28/2022, 14:26:59] computing sampling shap 1469:1479 within 71.4874 sec, 7.3674 on average
[03/28/2022, 14:26:59] instances left: 319
[03/28/2022, 14:26:59] estimating time left: 0:39:10.200600

[[-0.30749873  6.36933712 -3.38108201  0.         -0.29099679 -0.11375497]
 [-0.43747768 -3.12424548 -4.25379727  0.         -0.30903026 -0.20238219]
 [-0.67778336 -2.97538732 -3.86310531  0.          1.0030386  -0.21505468]
 [-0.32622329  5.82300773 -2.81484034  0.         -0.28986656 -0.09256263]
 [-0.48973012  6.18936872 -2.84673732  0.         -0.47250614 -0.15428221]
 [-0.57864593 -3.12579238 -3.96830981  0.          1.14540679 -0.2009505 ]
 [-0.04035175 15.28927182 -1.83905482  0.         -0.99806072 -0.21523132]
 [-0.19881707 15.20300586 -1.9409251   0.          1.0545903  -0.14655878]
 [-0.48272049 -3.31781633 -3.80951338  0.          0.66460728 -0.23569357]
 [-0.50802938 -3.05417301 -4.03801847  0.          0.32688176  0.09632308]]
[03/28/2022, 14:28:16] computing sampling shap 1479:1489 within 76.5349 sec, 7.3722 on average
[03/28/2022, 14:28:16] instances left: 309
[03/28/2022, 14:28:16] estimating time left: 0:37:58.009800

[[-2.91904833e-01 -3.21511821e+00  6.15208164e+00  0.00000000e+00
  -8.55013060e-03  4.59016941e-01]
 [-1.10654289e-01  5.75984055e+00 -2.89239307e+00  0.00000000e+00
   6.51806238e-01  8.10021917e-02]
 [-1.88962909e-01  5.63249626e+00 -2.62279632e+00  0.00000000e+00
   2.37528030e-01  1.92149665e-01]
 [-2.73369072e-01  2.87230579e+00  1.05322057e+01  0.00000000e+00
   5.20253177e-02  1.62908697e-02]
 [-2.16370060e-01  5.79822241e+00 -2.81861642e+00  0.00000000e+00
   6.54022142e-01 -9.65310311e-02]
 [-4.86142177e-01 -3.33076978e+00 -3.72447520e+00  0.00000000e+00
  -3.47127001e-01  9.92818562e-01]
 [-6.99692623e-01 -3.01775320e+00 -3.98722144e+00  0.00000000e+00
   2.94550176e-02  2.54871788e-02]
 [-2.96727069e-01 -3.37967245e+00 -3.95934597e+00  0.00000000e+00
   1.10540256e+00 -1.97948833e-01]
 [-3.39479074e-02 -3.22026420e+00  5.75619346e+00  0.00000000e+00
   3.80011906e-01 -1.77190748e-02]
 [-1.76972676e-01 -1.33744517e+00  1.45585045e+01  0.00000000e+00
   1.96655266e-01 -9.05269403e-02]]
[03/28/2022, 14:29:30] computing sampling shap 1489:1499 within 74.39 sec, 7.3734 on average
[03/28/2022, 14:29:30] instances left: 299
[03/28/2022, 14:29:30] estimating time left: 0:36:44.646600

[[-0.17608432 -1.08863856 14.30782796  0.         -0.17007042  0.21406772]
 [ 8.74334299 -1.81208451 -3.16551251  0.         -0.81863604 -0.18961291]
 [ 0.          2.25546304 11.00714363  0.          0.18514206 -0.0974725 ]
 [-0.28659795 -3.03594454 -4.43095275  0.         -0.14231365 -0.25666259]
 [-0.41958588 -3.33469498 -3.83043248  0.         -0.6033036   0.59707499]
 [-0.08856178  2.20847625 10.68509994  0.         -0.27819725 -0.01845902]
 [-0.2391355  -3.32873784 -3.92451048  0.          0.96963776 -0.20554582]
 [-0.48211011 -3.1955418  -3.97273309  0.         -0.64601799 -0.31308957]
 [-0.83525858 -2.73245076 -4.01972815  0.          0.95262121  0.09236641]
 [-0.4169959   5.88863242 -2.82718398  0.         -0.31175421 -0.2358352 ]]
[03/28/2022, 14:30:46] computing sampling shap 1499:1509 within 75.4749 sec, 7.3762 on average
[03/28/2022, 14:30:46] instances left: 289
[03/28/2022, 14:30:46] estimating time left: 0:35:31.721800

[[-4.02985020e-01 -3.19151966e+00 -4.15381617e+00  0.00000000e+00
  -2.29978585e-01  1.99795141e-01]
 [-1.12618681e-01  2.60829280e+00  1.08389700e+01  0.00000000e+00
   6.77640953e-01 -1.02163549e-01]
 [-3.12697297e-01  5.70794813e+00 -2.68661325e+00  0.00000000e+00
  -6.43221814e-02  4.55490854e-03]
 [-7.66740682e-01 -3.04071023e+00 -4.02491725e+00  0.00000000e+00
  -6.66814634e-01 -1.39595837e-01]
 [-2.89156940e-01 -1.13775070e+00  1.43280859e+01  0.00000000e+00
  -1.51744751e-01  4.44668953e-02]
 [ 4.12212787e+00  2.64836972e+00 -2.73712741e+00  0.00000000e+00
  -3.92757122e-01 -1.15965075e-01]
 [-1.05016542e-01  5.81194541e+00 -2.95701755e+00  0.00000000e+00
  -3.40689728e-01  9.93063209e-02]
 [-4.92642075e-01 -3.21538066e+00 -3.72392912e+00  0.00000000e+00
   8.85934884e-01 -9.56016873e-02]
 [ 4.31382262e+00  1.17578006e+01 -1.62765614e+00  0.00000000e+00
  -3.29420345e-01 -2.57693733e-01]
 [-2.92405161e-01 -3.22893441e+00 -4.07632709e+00  0.00000000e+00
   1.07096277e+00 -2.01588107e-01]]
[03/28/2022, 14:31:53] computing sampling shap 1509:1519 within 67.5012 sec, 7.3661 on average
[03/28/2022, 14:31:53] instances left: 279
[03/28/2022, 14:31:53] estimating time left: 0:34:15.141900

[[-0.34209227  5.92111268 -2.80451634  0.         -0.45618904 -0.2693158 ]
 [-0.66185028 -3.36148147 -3.77593548  0.          0.12466852 -0.21258937]
 [13.8894265   2.62608291 -1.57200451  0.          0.86539097 -0.15268392]
 [-0.14345765 15.28116991 -1.82250822  0.         -0.94516893 -0.27690479]
 [-0.05479466  2.38886451 10.84520381  0.          0.23047697 -0.11683488]
 [-0.24698762 -3.05098738 -4.4078585   0.          0.06906543 -0.1693664 ]
 [-0.73383623 -3.22741842 -3.6591575   0.         -0.22152985  0.28026603]
 [-0.51446639 -3.29412599 -3.82012461  0.          0.29046998 -0.26781805]
 [-0.8671353  -2.93906621 -3.84864284  0.         -0.01937033  0.22032368]
 [-0.66157728 -3.14530486 -3.89975331  0.          0.02280911 -0.24812324]]
[03/28/2022, 14:33:05] computing sampling shap 1519:1529 within 71.9076 sec, 7.3633 on average
[03/28/2022, 14:33:05] instances left: 269
[03/28/2022, 14:33:05] estimating time left: 0:33:00.727700

[[-0.43767032 -3.16015182 -4.17191969  0.         -0.51807207 -0.32167849]
 [-0.52612869 -3.35167997 -3.77784041  0.         -0.14001354  0.15092492]
 [-0.31378332 -3.31195901 -3.9819669   0.          0.60970254 -0.21487496]
 [ 2.62479148  1.72272211 10.3199637   0.          0.22137015  0.14111091]
 [-0.40260833 -3.17113147 -4.13125579  0.         -0.4508883  -0.23927237]
 [-0.02504186  5.80823172 -2.99434913  0.         -0.4425033   0.09580323]
 [-0.44979015 -3.17434926 -4.14451614  0.         -0.33332509  0.04269549]
 [-1.08758864 -2.74366528 -3.82671515  0.          1.13007459 -0.20039774]
 [-0.9277495  -3.28579457 -3.67915201  0.          0.21027064 -0.12370925]
 [-0.7165621  -3.34149007 -3.71116528  0.         -0.30520474  0.11362602]]
[03/28/2022, 14:34:17] computing sampling shap 1529:1539 within 72.3477 sec, 7.3613 on average
[03/28/2022, 14:34:17] instances left: 259
[03/28/2022, 14:34:17] estimating time left: 0:31:46.576700

[[-0.67243088 -3.04547457 -3.95201578  0.          0.38612242 -0.18938036]
 [ 3.69735998  2.76926826 -2.42291624  0.         -0.4354877  -0.04857043]
 [-0.34630638  5.82217022 -2.82792541  0.          1.13537496 -0.1993831 ]
 [-0.18434171  6.68449227  6.91551154  0.          0.60569822 -0.20365456]
 [-0.6721748  -3.2675971  -3.60432947  0.          1.01053749 -0.1947285 ]
 [-0.651372   -2.90898766 -4.11853875  0.          0.69837881 -0.01528001]
 [-0.83243535 -3.0977094  -3.79381813  0.         -0.79356094 -0.30624501]
 [ 2.83625577  2.15100353  9.45822605  0.          0.14883572 -0.13230034]
 [-0.65457728 -2.84200567 -4.16048983  0.          1.13430509 -0.20552429]
 [-0.43794126  5.77757587 -2.66021726  0.         -0.23937519 -0.0767024 ]]
[03/28/2022, 14:35:37] computing sampling shap 1539:1549 within 79.5686 sec, 7.3705 on average
[03/28/2022, 14:35:37] instances left: 249
[03/28/2022, 14:35:37] estimating time left: 0:30:35.254500

[[-0.30369414 -3.3879434  -3.92186792  0.          1.09881032 -0.21359702]
 [-0.32134216 -1.35539946 15.14790295  0.          0.47553361 -0.13043983]
 [-0.7326162  -3.04222179 -3.84239911  0.          0.29875785  0.14146344]
 [-0.5712852  -3.24694262 -3.8772277   0.         -0.6159163  -0.16007177]
 [-0.25706418 -1.68503448 14.26114835  0.         -0.33569085 -0.04936466]
 [-0.48081971 -3.40104331 -3.89209913  0.         -0.24353383 -0.2874377 ]
 [-0.22610869 -1.40976085 14.67587434  0.         -0.05451788 -0.0593658 ]
 [-0.0780321   5.74363026 -2.88612298  0.         -0.16556984 -0.2685921 ]
 [-0.29333744 -1.5643793  15.22588004  0.          0.14153189  0.1541755 ]
 [-0.09065239  2.57990091 10.867541    0.          0.37168844 -0.0647542 ]]
[03/28/2022, 14:36:53] computing sampling shap 1549:1559 within 76.2691 sec, 7.3744 on average
[03/28/2022, 14:36:53] instances left: 239
[03/28/2022, 14:36:53] estimating time left: 0:29:22.481600

[[-0.78433547 -3.22739807 -3.68374694  0.          0.72853009 -0.11951649]
 [-0.90830009 -2.96152729 -3.7791817   0.         -0.14634281  0.13920696]
 [-0.33257743 -3.37747073 -4.03761988  0.         -0.3936633  -0.25506612]
 [-0.34155195  5.75149347 -2.65940494  0.          0.3023263  -0.18116045]
 [-0.63334127 -2.99002777 -4.0682841   0.          0.70060354 -0.16537201]
 [-0.73354118 -2.76583349 -4.23065146  0.         -0.34734128 -0.24956529]
 [-0.3316034   2.61026451 10.50302791  0.         -0.17946812 -0.18159968]
 [-0.05775452  5.70946431 -2.88798521  0.          0.96829547 -0.03788056]
 [ 4.00708054 11.6537744  -1.41325841  0.         -0.959201   -0.20107343]
 [-0.76234622 -3.45044292 -3.73469137  0.         -0.65906583 -0.16995757]]
[03/28/2022, 14:38:02] computing sampling shap 1559:1569 within 69.029 sec, 7.3673 on average
[03/28/2022, 14:38:02] instances left: 229
[03/28/2022, 14:38:02] estimating time left: 0:28:07.111700

[[-0.13481718  5.82137134 -2.81951202  0.          0.93594807 -0.21906011]
 [-0.18417048 -1.74582053 14.46092905  0.         -0.49738024  0.04092646]
 [-0.73226138 -3.23599776 -3.80425046  0.         -0.24106079 -0.11883196]
 [-0.53293224  6.36885878 -3.22735971  0.         -0.47613499  0.38309221]
 [-0.04334054  5.54881413 -2.78269506  0.         -0.28169184  0.52274176]
 [ 3.92568808  2.4726663  -2.390298    0.          0.24895382  0.22143535]
 [-0.26856926  5.79915054 -2.76467563  0.         -0.76983032 -0.24223179]
 [-0.18124839 -1.37170235 14.4048813   0.         -0.57834825  0.13423777]
 [-0.19115095 15.0272144  -1.59653482  0.         -0.28823265 -0.29707407]
 [-0.61678031  6.03171477 -2.72446693  0.         -0.24557662 -0.1934247 ]]
[03/28/2022, 14:39:21] computing sampling shap 1569:1579 within 78.4243 sec, 7.3743 on average
[03/28/2022, 14:39:21] instances left: 219
[03/28/2022, 14:39:21] estimating time left: 0:26:54.971700

[[-4.18266780e-01 -3.08119941e+00 -4.07211349e+00  0.00000000e+00
  -3.37749065e-01  3.49404190e-01]
 [-1.76345842e-01  5.64107136e+00 -2.92995479e+00  0.00000000e+00
   3.13334175e-02  2.50095806e-01]
 [-7.40670779e-02  6.87329943e+00  6.36494392e+00  0.00000000e+00
   1.51275647e-01  2.82846403e-01]
 [-1.69953863e-01 -1.57152681e+00  1.45384617e+01  0.00000000e+00
  -2.62716029e-01 -3.11525243e-03]
 [-2.94272875e-01  5.73803105e+00 -2.70074868e+00  0.00000000e+00
  -7.43233732e-01 -1.95951773e-01]
 [-1.30906136e-01  5.92623953e+00 -3.05958864e+00  0.00000000e+00
  -3.14979758e-01  3.82946497e-01]
 [ 4.64776074e+00 -1.30299907e+00  1.08267577e+01  0.00000000e+00
  -7.81613768e-02  1.55950523e-03]
 [-3.95094105e-01  5.87082207e+00 -2.77854629e+00  0.00000000e+00
  -2.22543396e-01  6.67943228e-02]
 [-1.97201392e-02  2.88981014e+00  1.07199863e+01  0.00000000e+00
   5.16598969e-01 -1.50991259e-01]
 [-2.01532370e-01  5.74637225e+00 -2.85983407e+00  0.00000000e+00
  -7.61374778e-01 -2.70675829e-01]]
[03/28/2022, 14:40:33] computing sampling shap 1579:1589 within 72.2962 sec, 7.3722 on average
[03/28/2022, 14:40:33] instances left: 209
[03/28/2022, 14:40:33] estimating time left: 0:25:40.789800

[[-8.15564183e-02 -1.15367050e+00  1.43732446e+01  0.00000000e+00
   4.02804803e-01 -1.38138487e-01]
 [-7.64382124e-01  6.43207968e+00 -2.81719428e+00  0.00000000e+00
  -4.37321070e-01  1.52708897e-01]
 [-6.29047075e-01  5.85108875e+00 -2.49305219e+00  0.00000000e+00
   1.06586025e+00 -1.78859760e-01]
 [-1.50523730e-01 -3.42834884e+00 -4.15039427e+00  0.00000000e+00
  -4.47369275e-01 -1.46399049e-01]
 [-1.34518810e-01  2.88483378e+00  1.00436531e+01  0.00000000e+00
  -1.72742401e-01 -8.71405297e-02]
 [-7.32607134e-01 -2.80706735e+00 -4.19244642e+00  0.00000000e+00
   7.01851022e-01  2.12562222e-02]
 [-7.10164998e-01 -3.40105838e+00 -3.60059937e+00  0.00000000e+00
  -1.00801070e+00 -1.84451551e-01]
 [-8.29136336e-02  1.51332072e+01 -1.86278274e+00  0.00000000e+00
  -6.72522843e-01 -1.20155311e-02]
 [-7.58051233e-01 -3.15902617e+00 -3.81366201e+00  0.00000000e+00
   9.01783781e-02 -2.91388612e-01]
 [-1.36842277e-01  5.81269137e+00 -2.94126186e+00  0.00000000e+00
  -1.62334572e-01 -2.47562048e-01]]
[03/28/2022, 14:41:50] computing sampling shap 1589:1599 within 76.7674 sec, 7.3766 on average
[03/28/2022, 14:41:50] instances left: 199
[03/28/2022, 14:41:50] estimating time left: 0:24:27.943400

[[-0.48177454 -3.48644281 -3.75013646  0.         -0.24145948  0.39988817]
 [-0.66436449 -3.0480107  -3.95397682  0.         -0.28074398  0.40600822]
 [-0.33755015  6.09823702 -2.8889652   0.          0.19696456 -0.23516606]
 [-0.66462314 -2.8370308  -4.12314866  0.         -0.26239406  0.53429718]
 [-0.37646977 -3.41560521 -3.85448134  0.         -0.22029945  0.73782385]
 [-0.22426647  5.74277325 -2.81901937  0.          0.71000548 -0.11267268]
 [-0.05609165 -1.45499308 14.54146135  0.          0.25370525 -0.08815393]
 [-0.19126372 -1.361143   14.69835216  0.         -0.23296148  0.27454717]
 [-0.08250446 -1.48572192 15.1218625   0.         -0.1970733   0.3731066 ]
 [-0.10459867 -1.73121081 14.48914995  0.         -0.25403082 -0.07028945]]
[03/28/2022, 14:43:04] computing sampling shap 1599:1609 within 74.0456 sec, 7.377 on average
[03/28/2022, 14:43:04] instances left: 189
[03/28/2022, 14:43:04] estimating time left: 0:23:14.253000

[[-2.02170470e-01  2.42745342e+00  1.08137322e+01  0.00000000e+00
   4.50232674e-02 -1.72831504e-01]
 [ 4.16172057e+00  2.17881065e+00 -2.30214416e+00  0.00000000e+00
  -1.38637173e-01  6.12569370e-02]
 [-1.85976484e-01 -1.34599731e+00  1.46060480e+01  0.00000000e+00
   1.27310338e-01 -1.39276956e-01]
 [-4.49682460e-01 -3.25094630e+00 -3.97461453e+00  0.00000000e+00
  -4.30624087e-01 -2.79260629e-01]
 [-3.39507329e-01 -1.34150050e+00  1.49378886e+01  0.00000000e+00
   3.20033838e-01 -1.27869443e-01]
 [-7.14446445e-01 -3.36450063e+00 -3.69245446e+00  0.00000000e+00
  -5.64023973e-01  4.16162015e-01]
 [-6.27497407e-01 -2.93429070e+00 -3.93502718e+00  0.00000000e+00
   5.60364983e-03  3.65495334e-01]
 [-5.85367810e-01 -3.14531154e+00 -3.86366164e+00  0.00000000e+00
   1.06314800e+00 -1.39715707e-01]
 [ 4.29444719e+00  2.42811728e+00 -2.64890255e+00  0.00000000e+00
  -2.91021284e-01 -1.82154823e-01]
 [-4.41588388e-01  5.68505531e+00 -2.45651741e+00  0.00000000e+00
   6.03777248e-01 -1.73182923e-01]]
[03/28/2022, 14:44:14] computing sampling shap 1609:1619 within 70.2085 sec, 7.3721 on average
[03/28/2022, 14:44:14] instances left: 179
[03/28/2022, 14:44:14] estimating time left: 0:21:59.605900

[[-0.56250361 -3.11950724 -4.14100572  0.         -0.26283553 -0.2410805 ]
 [-0.68918916 -3.16075734 -3.84161485  0.         -0.40829541  0.13634247]
 [-0.84282154 -2.91256053 -3.79996453  0.         -0.27263885  0.52175626]
 [-0.6551637  -3.47925144 -3.61247738  0.         -0.29056289  0.07649394]
 [-0.7326825  -2.96405898 -3.81921407  0.          0.97759467 -0.18993114]
 [-0.48228258 -3.31895801 -3.92844516  0.          0.07312733 -0.10609731]
 [-0.35639922 -3.40382081 -3.9350153   0.         -0.23178986  0.15825285]
 [-0.16431815 10.25759595  3.13287709  0.          1.04389667 -0.24567998]
 [-0.22776069  5.96559722 -3.08585445  0.         -0.2821358   0.08973283]
 [-0.41566942 -3.47715965 -3.89867053  0.         -0.29677186 -0.29413832]]
[03/28/2022, 14:45:31] computing sampling shap 1619:1629 within 77.318 sec, 7.377 on average
[03/28/2022, 14:45:31] instances left: 169
[03/28/2022, 14:45:31] estimating time left: 0:20:46.713000

[[-0.99454491 -2.66956932 -3.92846693  0.         -0.15295212  0.77140327]
 [-0.42192318 -1.13551385 15.18070714  0.          0.38935859  0.10609105]
 [-0.05507743 -1.112272   14.3969218   0.          0.34961384 -0.17650193]
 [-0.39821857 -3.22655691 -4.18029037  0.          0.42956196  0.09096743]
 [-0.66852779 -3.58037402 -3.49130773  0.         -0.83274297  0.07281767]
 [-0.68466649  6.11380551 -2.70800194  0.         -0.29957207  0.51416671]
 [-0.78565945 -3.18166779 -3.74501183  0.          0.06676949 -0.22785028]
 [-0.59353808 -3.24283158 -3.70524062  0.          0.57413861 -0.14176031]
 [-0.06679385  2.76013685 10.34085627  0.         -0.3725347   0.2640553 ]
 [-0.17850895 -1.60103756 14.36978353  0.         -0.26528196 -0.1086446 ]]
[03/28/2022, 14:46:43] computing sampling shap 1629:1639 within 71.2743 sec, 7.3736 on average
[03/28/2022, 14:46:43] instances left: 159
[03/28/2022, 14:46:43] estimating time left: 0:19:32.402400

[[-0.66086459 -3.22937101 -3.71782983  0.          0.01899479  0.11415442]
 [-0.13349068  2.81274985  9.99422871  0.         -0.49943199 -0.0189939 ]
 [-0.51983359 -1.76391327  4.91258688  0.         -0.79273786  0.60800948]
 [-0.05932127 -3.11176363 -4.50890035  0.         -0.32643144 -0.29851649]
 [-0.07796716  5.65400715 -2.88998905  0.         -0.36903459 -0.26801684]
 [-0.64646225 -3.43452352 -3.50630564  0.          0.59983274 -0.16896282]
 [-0.22222316 -1.19108183 14.59237843  0.         -0.16916064  0.12774698]
 [-0.28064185  5.74867904 -2.79171433  0.         -0.84517458 -0.23175892]
 [-0.78603434 -2.87721226 -4.11936223  0.         -0.72042712 -0.12444748]
 [-0.45733631 -3.30042638 -3.96000731  0.         -0.34869997  0.28228942]]
[03/28/2022, 14:47:56] computing sampling shap 1639:1649 within 73.0968 sec, 7.3728 on average
[03/28/2022, 14:47:56] instances left: 149
[03/28/2022, 14:47:56] estimating time left: 0:18:18.547200

[[-0.75351197 -3.06546605 -3.97200191  0.         -0.17746373 -0.08366265]
 [-0.27198311 -1.37541168 14.42374012  0.         -0.23906082 -0.0614069 ]
 [-0.63175159  6.29192166 -2.9083191   0.          0.08677932 -0.22337382]
 [-0.02103634  5.78182298 -2.99535511  0.          1.0347265  -0.21622762]
 [-0.07278958 14.93334426 -1.41180971  0.         -0.63281561 -0.06822611]
 [-0.32518688 -1.24840147 14.88456722  0.         -0.22321776  0.20188939]
 [-0.74834643 -2.91416349 -4.08895243  0.         -0.34578078  0.15939412]
 [-0.12556153  5.77585404 -2.91721929  0.          0.12289016  0.22696057]
 [-0.36736532 -1.45498288 14.39101178  0.         -0.14809763 -0.07171352]
 [-0.56148063 -3.1233208  -3.96671174  0.         -0.47588232  0.48476351]]
[03/28/2022, 14:49:15] computing sampling shap 1649:1659 within 79.2106 sec, 7.38 on average
[03/28/2022, 14:49:15] instances left: 139
[03/28/2022, 14:49:15] estimating time left: 0:17:05.820000

[[-1.92570159e-01  2.69116246e+00  1.06832096e+01  0.00000000e+00
  -3.19906550e-02 -4.86911139e-02]
 [-3.96587696e-01 -3.44164003e+00 -3.83502559e+00  0.00000000e+00
   3.85903050e-01  1.78899121e-01]
 [-5.14178877e-01 -3.44240783e+00 -3.85553762e+00  0.00000000e+00
  -5.51289913e-01 -1.85060717e-01]
 [-5.28095980e-02  5.75250722e+00 -2.93324116e+00  0.00000000e+00
  -3.19023955e-01  7.77841264e-02]
 [-8.23708499e-01 -2.89254917e+00 -3.82436504e+00  0.00000000e+00
   1.34084608e-02  1.80497201e-01]
 [-5.09575742e-01 -3.42276568e+00 -3.54326081e+00  0.00000000e+00
   4.61957710e-01 -1.67492181e-01]
 [-5.72817219e-01 -3.27589543e+00 -3.69253527e+00  0.00000000e+00
   9.21306108e-01  7.58833049e-02]
 [-7.31103194e-01 -3.28908335e+00 -3.53825328e+00  0.00000000e+00
   1.00745462e+00 -1.77307511e-01]
 [-9.86481315e-02 -1.52338851e+00  1.41920315e+01  0.00000000e+00
  -3.49704828e-01 -1.56209123e-01]
 [-5.83219523e-02 -1.58048785e+00  1.47006158e+01  0.00000000e+00
  -4.20460497e-03  1.00064486e-01]]
[03/28/2022, 14:50:31] computing sampling shap 1659:1669 within 76.0281 sec, 7.3829 on average
[03/28/2022, 14:50:31] instances left: 129
[03/28/2022, 14:50:31] estimating time left: 0:15:52.394100

[[-0.42435562  2.31622474  0.86283038  0.         -0.34732991  0.63761128]
 [-0.3687612  -3.58572896 -3.72202263  0.         -0.51212752  0.47859287]
 [-0.43409968 -3.36548703 -3.80844327  0.          0.62556014 -0.19866665]
 [-0.05580731 -3.39617904 -4.20108953  0.          1.00273386  0.067343  ]
 [-0.59288152 -3.33489932 -3.78424343  0.         -1.01285761  0.10634337]
 [-0.42571027 -3.35358022 -3.98076781  0.         -0.20363817  0.053994  ]
 [ 2.69828127  1.74025483  9.83133443  0.          0.05123005 -0.11695042]
 [-0.39714835 -3.27614352 -3.93239884  0.          0.6738703  -0.2810614 ]
 [-0.8839563  -3.35040793 -3.48130481  0.          1.05707568  0.10939436]
 [-0.22828892 -1.66014317 14.68165161  0.         -0.14111753  0.1200686 ]]
[03/28/2022, 14:51:45] computing sampling shap 1669:1679 within 74.508 sec, 7.3838 on average
[03/28/2022, 14:51:45] instances left: 119
[03/28/2022, 14:51:45] estimating time left: 0:14:38.672200

[[-0.37570787 -0.79869157 14.27733652  0.         -0.1687531   0.09833079]
 [-0.18265733 -1.21837234 14.35816603  0.         -0.28902703 -0.03549886]
 [-0.48964894 -3.26246651 -3.8862294   0.         -0.71816585 -0.02497642]
 [-0.13753828  5.63320201 -2.75643458  0.          1.03328659 -0.18858542]
 [-0.65517337 -3.32101669 -3.6776654   0.          0.31326957 -0.17055302]
 [-0.36756231 -2.7184489  -4.55304328  0.         -0.14878255  0.22523563]
 [-0.73185382 -3.22706088 -3.75460847  0.         -0.45670935 -0.13969306]
 [-0.6228713  -2.80361174 -4.29837459  0.         -0.12205694  0.71401484]
 [-0.38111099 -2.95056278  5.90388823  0.         -0.17381335 -0.28773957]
 [-0.16689082 -1.54805052 14.99599368  0.          0.32756535 -0.05186078]]
[03/28/2022, 14:52:53] computing sampling shap 1679:1689 within 67.9014 sec, 7.3762 on average
[03/28/2022, 14:52:53] instances left: 109
[03/28/2022, 14:52:53] estimating time left: 0:13:24.005800

[[-0.63393817 -3.09401256 -3.94277669  0.         -0.21649769  0.38947292]
 [-0.26367588 -3.1916171   5.93031531  0.         -0.66364244  0.86747932]
 [-0.29308301  5.82111699 -2.79903407  0.          1.07268106 -0.11202162]
 [-0.86350638 -3.00259789 -3.65300759  0.          1.00641637 -0.19248349]
 [-0.31409401 -3.62066489 -3.75554513  0.         -0.43701366 -0.19640216]
 [-0.73744036 -2.94870608 -4.05155618  0.         -0.95452955 -0.17075584]
 [-0.5690598  -3.29724883 -3.8805915   0.          0.07817375 -0.26322314]
 [-0.05723322 -3.353483   -4.13125377  0.          1.01378145 -0.20010329]
 [-0.49985662 -3.0864155  -4.16670375  0.         -0.32322348  0.00632704]
 [-0.07852907  5.79541942 -2.87011727  0.          0.96651392 -0.14465773]]
[03/28/2022, 14:54:02] computing sampling shap 1689:1699 within 68.2572 sec, 7.3694 on average
[03/28/2022, 14:54:02] instances left: 99
[03/28/2022, 14:54:02] estimating time left: 0:12:09.570600

[[-6.73677733e-01 -2.67857742e+00 -4.36545821e+00  0.00000000e+00
  -3.76995043e-01 -1.48209935e-01]
 [ 4.95628283e+00  1.05684343e+01 -1.26869241e+00  0.00000000e+00
   6.54788694e-01 -9.30559376e-02]
 [-5.78662789e-01 -2.85995256e+00 -4.10678142e+00  0.00000000e+00
  -4.33995290e-01  7.38925876e-02]
 [-5.80374299e-01  6.09180868e+00 -2.77749519e+00  0.00000000e+00
   3.86418572e-02 -7.63022077e-02]
 [-3.22267493e-01  5.80567538e+00 -2.77576867e+00  0.00000000e+00
  -8.51592969e-03  6.16450008e-01]
 [-1.03375218e+00 -2.82279860e+00 -3.95077135e+00  0.00000000e+00
  -3.05642919e-01  2.11241656e-01]
 [-4.89171613e-01 -3.23670903e+00 -3.98059754e+00  0.00000000e+00
   3.56346641e-02  2.11186118e-02]
 [-5.75471892e-01 -3.46723646e+00 -3.78533313e+00  0.00000000e+00
  -1.05057469e-01 -2.19372805e-01]
 [-6.29802997e-01 -3.33710435e+00 -3.68044463e+00  0.00000000e+00
  -2.70828123e-01  3.51809023e-01]
 [-4.50941567e-01 -3.34180223e+00 -3.87614901e+00  0.00000000e+00
  -2.19635627e-01 -2.17472719e-01]]
[03/28/2022, 14:55:14] computing sampling shap 1699:1709 within 72.6234 sec, 7.368 on average
[03/28/2022, 14:55:14] instances left: 89
[03/28/2022, 14:55:14] estimating time left: 0:10:55.752000

[[-0.25270028 -3.43395703 -3.87354262  0.         -0.03273736 -0.17102856]
 [-0.18232852  5.91371761 -3.01492569  0.         -0.77575571  0.42292658]
 [-0.5261262  -3.38670475 -3.67612768  0.         -0.92420521  0.37512713]
 [-0.49031143 -3.38390243 -3.72169575  0.          0.0545081   0.357905  ]
 [-0.51126186 -3.4261017  -3.64183904  0.         -0.41158755 -0.22623772]
 [-0.16487684 -1.36517363 14.85086239  0.          0.29186907 -0.12695643]
 [-0.89046498 -3.11329403 -3.66223929  0.         -0.1896983   0.11310985]
 [-0.79426754 -2.91558455 -3.91171534  0.          1.0637993  -0.17052402]
 [-0.34010509  5.91955275 -2.93196954  0.         -0.26116732  0.69584254]
 [ 2.61942638  1.62778506  9.89743769  0.         -0.11730477  0.0395079 ]]
[03/28/2022, 14:56:34] computing sampling shap 1709:1719 within 79.5365 sec, 7.3752 on average
[03/28/2022, 14:56:34] instances left: 79
[03/28/2022, 14:56:34] estimating time left: 0:09:42.640800

[[-0.28053943 -1.4807915  14.61796187  0.          0.03294897 -0.1318842 ]
 [-0.11252622 -1.47615763 14.26968226  0.         -0.16121736 -0.14415154]
 [-0.05872254  5.80044172 -2.90846382  0.          0.26029666 -0.15662915]
 [-0.19283042  5.7428663  -2.86004233  0.         -0.20118756  0.486331  ]
 [-0.44349198 -3.19600808 -3.98050308  0.          0.70211643  0.06095945]
 [-0.74693317 -3.05765531 -3.69015704  0.          1.05277568 -0.26320918]
 [-0.76716164 -3.19215591 -3.85645211  0.         -0.59426376 -0.11745619]
 [ 3.89661001  2.40173697 -2.45517168  0.         -0.73109456 -0.18997378]
 [-0.15063126 -1.53335853 14.26928799  0.         -0.35401917 -0.1085344 ]
 [-0.41026141 -1.29319875 14.45690794  0.         -0.09479189  0.03203095]]
[03/28/2022, 14:57:47] computing sampling shap 1719:1729 within 73.2318 sec, 7.3746 on average
[03/28/2022, 14:57:47] instances left: 69
[03/28/2022, 14:57:47] estimating time left: 0:08:28.847400

[[-0.13469028 -1.38696455 14.20154378  0.         -0.33018518  0.07724108]
 [-0.33919482 -1.88720535 15.13833281  0.         -0.10215894 -0.07960082]
 [-0.2534564   5.53104075 -2.61946269  0.         -0.28336792 -0.09270703]
 [-0.28147002 -1.23771231 14.66839656  0.          0.02302561  0.02086175]
 [-0.51851231 -3.074946   -4.00005354  0.          1.09162138 -0.14608331]
 [-0.74272222 -2.91171451 -3.95307225  0.         -0.25300385  0.29883631]
 [-0.76577502 -3.00038536 -3.97616958  0.          1.17864425 -0.16460673]
 [-0.60559676 -3.04889697 -4.04842997  0.         -0.43082917 -0.02645061]
 [-0.40049379 -3.47931496 -3.90802298  0.          0.11018952 -0.08501337]
 [-0.47788632 -3.26452065 -3.80730408  0.          0.93563618  0.02551042]]
[03/28/2022, 14:58:56] computing sampling shap 1729:1739 within 69.2291 sec, 7.3692 on average
[03/28/2022, 14:58:56] instances left: 59
[03/28/2022, 14:58:56] estimating time left: 0:07:14.782800

[[-3.82044467e-01  6.24739612e+00 -3.15338736e+00  0.00000000e+00
  -5.12281617e-01  1.60086422e-01]
 [-1.41414319e-01  5.69234435e+00 -2.91734178e+00  0.00000000e+00
  -2.78424027e-01 -2.58359656e-01]
 [-7.23300417e-01 -2.89589014e+00 -4.19487561e+00  0.00000000e+00
  -6.89942889e-01 -2.08138705e-01]
 [ 4.07324338e+00  2.41370652e+00 -2.56849893e+00  0.00000000e+00
   4.23654636e-01  9.46843592e-02]
 [-4.51061191e-01 -2.96358055e+00 -4.30035386e+00  0.00000000e+00
  -1.96114386e-01  2.25859058e-01]
 [-8.64495679e-02  1.52346626e+01 -1.84800536e+00  0.00000000e+00
  -3.52648710e-03  2.58505599e-01]
 [-5.73742938e-01 -3.28599172e+00 -3.85741541e+00  0.00000000e+00
  -4.53067733e-01  8.50333269e-02]
 [-2.80987068e-01 -3.39196365e+00 -3.92292096e+00  0.00000000e+00
   2.30392615e-02  6.69958723e-01]
 [-1.33137868e-01  1.49601870e+01 -1.74984714e+00  0.00000000e+00
  -3.03891272e-01 -2.97474356e-01]
 [-7.00489360e-01 -3.22842684e+00 -3.79744356e+00  0.00000000e+00
   8.24176432e-02  9.51152484e-02]]
[03/28/2022, 15:00:08] computing sampling shap 1739:1749 within 72.2641 sec, 7.3675 on average
[03/28/2022, 15:00:08] instances left: 49
[03/28/2022, 15:00:08] estimating time left: 0:06:01.007500

[[-8.67875144e-02 -1.51526363e+00  1.38122101e+01  0.00000000e+00
  -3.53818957e-01 -1.13213452e-01]
 [-3.23456364e-01 -3.07826899e+00 -4.22619474e+00  0.00000000e+00
   6.86282678e-01 -2.71244095e-01]
 [-1.41971060e-01  6.17745200e+00 -3.21605093e+00  0.00000000e+00
   2.45346096e-01  5.54578945e-03]
 [-6.74916549e-01 -3.10088043e+00 -3.76425533e+00  0.00000000e+00
  -4.58374656e-01 -3.06506402e-01]
 [-3.83442741e-01 -2.99143146e+00 -4.38716596e+00  0.00000000e+00
   1.96484044e-01  3.40924750e-01]
 [-6.26910926e-01 -3.23528716e+00 -3.78033443e+00  0.00000000e+00
  -2.27575440e-01 -2.21347369e-01]
 [ 9.46412218e+00 -2.68232022e+00 -2.96302277e+00  0.00000000e+00
  -3.70300412e-01 -6.52766064e-02]
 [-1.49049871e-01 -1.34274185e+00  1.47347294e+01  0.00000000e+00
   3.53348917e-01 -5.85974866e-02]
 [-6.79320924e-01 -2.94164203e+00 -4.04377686e+00  0.00000000e+00
  -3.95571816e-01  4.67187922e-01]
 [-9.88582214e-02  7.02170154e+00  6.39859587e+00  0.00000000e+00
  -2.74864720e-01  4.39917609e-01]]
[03/28/2022, 15:01:24] computing sampling shap 1749:1759 within 75.4376 sec, 7.3696 on average
[03/28/2022, 15:01:24] instances left: 39
[03/28/2022, 15:01:24] estimating time left: 0:04:47.414400

[[-0.48497238  6.15822956 -2.84848213  0.          0.59393326 -0.16798836]
 [ 2.75060669  2.32596481  9.31469587  0.         -0.04047812  0.06825908]
 [-0.35352358 -3.29169558 -4.06755546  0.         -0.77598531 -0.15001874]
 [-0.65356927 -3.23398505 -3.76904103  0.         -0.25619524  0.36121456]
 [-0.23616376  5.6204971  -2.75139705  0.          1.10353853 -0.1525447 ]
 [-0.48790788 -3.08752815 -4.11539449  0.          0.67125272 -0.19330384]
 [-0.76590286 -3.2919807  -3.63375344  0.          0.06384007 -0.02192791]
 [-0.08468906 14.80110157 -1.35473138  0.         -0.95317271  0.063016  ]
 [-0.50499607 -3.2273083  -3.97553027  0.         -0.41002355  0.19669412]
 [-0.33798378  6.16097379 -3.13205724  0.         -0.38298426  0.23981298]]
[03/28/2022, 15:02:39] computing sampling shap 1759:1769 within 74.7023 sec, 7.3707 on average
[03/28/2022, 15:02:39] instances left: 29
[03/28/2022, 15:02:39] estimating time left: 0:03:33.750300

[[-0.50714244 -2.78469715  5.85228168  0.          0.72514319 -0.19760189]
 [-0.05897683  2.74187871 10.25479833  0.         -0.13667485  0.04918054]
 [-0.71050298 -2.84586562 -3.98058525  0.          1.03951554 -0.20774069]
 [ 2.34382282  1.7538812  10.34792629  0.          0.13963369 -0.12324283]
 [-0.11500485 -1.55776841 14.68342908  0.          0.15423575 -0.10278434]
 [-0.20195796 -1.34225746 14.47077515  0.         -0.37977113  0.20872024]
 [-0.57974866 -3.15748662 -3.8880126   0.         -0.12107615  0.81553873]
 [ 9.42228165  7.20302895 -0.83891082  0.         -0.72457169  0.44476817]
 [-0.6062682  -2.64073741  5.80793519  0.         -0.36081258  0.02296308]
 [-0.53784344 -2.88636854 -4.25034908  0.          1.12075363 -0.17448498]]
[03/28/2022, 15:03:53] computing sampling shap 1769:1779 within 74.2895 sec, 7.3714 on average
[03/28/2022, 15:03:53] instances left: 19
[03/28/2022, 15:03:53] estimating time left: 0:02:20.056600

[[ 2.60535489  1.82131404 10.00003675  0.          0.1295072  -0.09419114]
 [-0.7602097  -3.06215061 -3.71382575  0.          1.00908539 -0.20119127]
 [-0.65207819 -3.2863131  -3.78536411  0.         -0.31122136 -0.26197753]
 [-0.62299822 -3.30980906 -3.68756628  0.         -0.12648195  0.29296444]
 [-0.6919781  -3.00983791 -3.93172164  0.         -0.51331356 -0.19951389]
 [-0.60268461 -3.03569011 -4.05225462  0.          0.3483703   0.20244486]
 [-0.02749531  3.09418127 10.60225433  0.         -0.31048521  0.63979809]
 [-0.39358629 -3.10409556 -4.19319298  0.         -0.17113138 -0.12734332]
 [-0.4611547  -3.21663147 -4.06753973  0.          0.07541203 -0.05935293]
 [-0.65647922 -3.05513413 -3.88372216  0.          0.26352437 -0.17932714]]
[03/28/2022, 15:05:04] computing sampling shap 1779:1789 within 70.7647 sec, 7.3681 on average
[03/28/2022, 15:05:04] instances left: 9
[03/28/2022, 15:05:04] estimating time left: 0:01:06.312900

[[-7.47131194e-01 -2.91826530e+00 -3.92556817e+00  0.00000000e+00
   1.02493391e+00 -1.62261384e-01]
 [-6.87751521e-01 -3.09407418e+00 -4.04375707e+00  0.00000000e+00
  -2.34615853e-01  2.68766575e-02]
 [-5.59456604e-01 -3.42626684e+00 -3.62969933e+00  0.00000000e+00
   1.08236817e+00 -1.95237485e-01]
 [-2.28880071e-01  6.08350783e+00 -2.99240130e+00  0.00000000e+00
  -8.52476011e-01  2.71964433e-02]
 [-4.73598862e-01 -3.66793182e+00 -3.39729457e+00  0.00000000e+00
   1.00761421e+00 -1.73967561e-01]
 [-8.11026178e-01 -3.01664774e+00 -3.94058463e+00  0.00000000e+00
  -2.43179080e-01 -1.38729960e-01]
 [-1.77588233e-01 -1.50883263e+00  1.40644028e+01  0.00000000e+00
  -3.95925956e-01 -1.64709634e-01]
 [-3.42951735e-01  6.11962837e+00 -3.05813477e+00  0.00000000e+00
  -3.78641482e-01 -2.03182587e-01]
 [-3.34849462e-01  5.96511597e+00 -2.73984132e+00  0.00000000e+00
   5.61732636e-01 -7.98108824e-02]
 [-3.91672177e-01 -1.20296055e+00  1.50065365e+01  0.00000000e+00
   2.79761982e-01  2.41533426e-04]]
[03/28/2022, 15:05:04] finish computing sampling shap for range: [2, 8] within 6557.600735 sec
