

[03/27/2022, 18:58:21] [exp-csit_csit_t1_origin]
============== start ==============
[03/27/2022, 18:58:21] [masking_exp-csit_csit_t1_origin]
get scores for 35936 papers
[03/27/2022, 18:58:41] [masking_exp-csit_csit_t1_origin]
task end within 19.912624 sec
[03/27/2022, 18:58:41] [exp-csit_csit_t1_origin]
============== end 35936 ==============


[03/27/2022, 18:58:41] [exp-csit_csit_t1_t]
============== start ==============
[03/27/2022, 18:58:42] [masking_exp-csit_csit_t1_t]
get scores for 35936 papers
[03/27/2022, 18:59:01] [masking_exp-csit_csit_t1_t]
task end within 18.410163 sec
[03/27/2022, 18:59:01] [exp-csit_csit_t1_t]
============== end 35936 ==============


[03/27/2022, 18:59:01] [exp-csit_csit_t1_abs]
============== start ==============
[03/27/2022, 18:59:01] [masking_exp-csit_csit_t1_abs]
get scores for 35936 papers
[03/27/2022, 18:59:14] [masking_exp-csit_csit_t1_abs]
task end within 12.956604 sec
[03/27/2022, 18:59:14] [exp-csit_csit_t1_abs]
============== end 35936 ==============


[03/27/2022, 18:59:15] [exp-csit_csit_t1_v]
============== start ==============
[03/27/2022, 18:59:15] [masking_exp-csit_csit_t1_v]
get scores for 35936 papers
[03/27/2022, 18:59:32] [masking_exp-csit_csit_t1_v]
task end within 16.221591 sec
[03/27/2022, 18:59:32] [exp-csit_csit_t1_v]
============== end 35936 ==============


[03/27/2022, 18:59:32] [exp-csit_csit_t1_au]
============== start ==============
[03/27/2022, 18:59:32] [masking_exp-csit_csit_t1_au]
get scores for 35936 papers
[03/27/2022, 18:59:49] [masking_exp-csit_csit_t1_au]
task end within 16.384455 sec
[03/27/2022, 18:59:49] [exp-csit_csit_t1_au]
============== end 35936 ==============


[03/27/2022, 18:59:49] [exp-csit_csit_t1_y]
============== start ==============
[03/27/2022, 18:59:50] [masking_exp-csit_csit_t1_y]
get scores for 35936 papers
[03/27/2022, 19:00:09] [masking_exp-csit_csit_t1_y]
task end within 19.618007 sec
[03/27/2022, 19:00:09] [exp-csit_csit_t1_y]
============== end 35936 ==============


[03/27/2022, 19:00:09] [exp-csit_csit_t1_c]
============== start ==============
[03/27/2022, 19:00:10] [masking_exp-csit_csit_t1_c]
get scores for 35936 papers
[03/27/2022, 19:00:30] [masking_exp-csit_csit_t1_c]
task end within 19.579845 sec
[03/27/2022, 19:00:30] [exp-csit_csit_t1_c]
============== end 35936 ==============


[03/27/2022, 19:00:30] [exp-csit_csit_t1_tabs]
============== start ==============
[03/27/2022, 19:00:31] [masking_exp-csit_csit_t1_tabs]
get scores for 35936 papers
[03/27/2022, 19:00:43] [masking_exp-csit_csit_t1_tabs]
task end within 12.103912 sec
[03/27/2022, 19:00:43] [exp-csit_csit_t1_tabs]
============== end 35936 ==============


[03/27/2022, 19:00:43] [exp-csit_csit_t1_tabsv]
============== start ==============
[03/27/2022, 19:00:44] [masking_exp-csit_csit_t1_tabsv]
get scores for 35936 papers
[03/27/2022, 19:00:52] [masking_exp-csit_csit_t1_tabsv]
task end within 8.337425 sec
[03/27/2022, 19:00:52] [exp-csit_csit_t1_tabsv]
============== end 35936 ==============


[03/27/2022, 19:00:52] [exp-csit_csit_t1_tabsvau]
============== start ==============
[03/27/2022, 19:00:53] [masking_exp-csit_csit_t1_tabsvau]
get scores for 35936 papers
[03/27/2022, 19:01:01] [masking_exp-csit_csit_t1_tabsvau]
task end within 8.40538 sec
[03/27/2022, 19:01:01] [exp-csit_csit_t1_tabsvau]
============== end 35936 ==============


[03/27/2022, 19:01:01] [exp-csit_csit_t1_tabsvauy]
============== start ==============
[03/27/2022, 19:01:02] [masking_exp-csit_csit_t1_tabsvauy]
get scores for 35936 papers
[03/27/2022, 19:01:13] [masking_exp-csit_csit_t1_tabsvauy]
task end within 10.544114 sec
[03/27/2022, 19:01:13] [exp-csit_csit_t1_tabsvauy]
============== end 35936 ==============


[03/27/2022, 19:01:13] [exp-csit_csit_t1_tabsvauyc]
============== start ==============
[03/27/2022, 19:01:14] [masking_exp-csit_csit_t1_tabsvauyc]
get scores for 35936 papers
[03/27/2022, 19:01:19] [masking_exp-csit_csit_t1_tabsvauyc]
task end within 5.424886 sec
[03/27/2022, 19:01:19] [exp-csit_csit_t1_tabsvauyc]
============== end 35936 ==============


[03/27/2022, 19:01:19] [exp-csit_csit_t1_tabsvauc]
============== start ==============
[03/27/2022, 19:01:20] [masking_exp-csit_csit_t1_tabsvauc]
get scores for 35936 papers
[03/27/2022, 19:01:25] [masking_exp-csit_csit_t1_tabsvauc]
task end within 5.300402 sec
[03/27/2022, 19:01:25] [exp-csit_csit_t1_tabsvauc]
============== end 35936 ==============


[03/27/2022, 19:01:25] [exp-csit_csit_t1_tabsvy]
============== start ==============
[03/27/2022, 19:01:26] [masking_exp-csit_csit_t1_tabsvy]
get scores for 35936 papers
[03/27/2022, 19:01:35] [masking_exp-csit_csit_t1_tabsvy]
task end within 8.437602 sec
[03/27/2022, 19:01:35] [exp-csit_csit_t1_tabsvy]
============== end 35936 ==============


[03/27/2022, 19:01:35] [exp-csit_csit_t1_tabsvyc]
============== start ==============
[03/27/2022, 19:01:35] [masking_exp-csit_csit_t1_tabsvyc]
get scores for 35936 papers
[03/27/2022, 19:01:44] [masking_exp-csit_csit_t1_tabsvyc]
task end within 8.432134 sec
[03/27/2022, 19:01:44] [exp-csit_csit_t1_tabsvyc]
============== end 35936 ==============


[03/27/2022, 19:01:44] [exp-csit_csit_t1_tabsvc]
============== start ==============
[03/27/2022, 19:01:45] [masking_exp-csit_csit_t1_tabsvc]
get scores for 35936 papers
[03/27/2022, 19:01:53] [masking_exp-csit_csit_t1_tabsvc]
task end within 8.406877 sec
[03/27/2022, 19:01:53] [exp-csit_csit_t1_tabsvc]
============== end 35936 ==============


[03/27/2022, 19:01:53] [exp-csit_csit_t1_tabsau]
============== start ==============
[03/27/2022, 19:01:54] [masking_exp-csit_csit_t1_tabsau]
get scores for 35936 papers
[03/27/2022, 19:02:03] [masking_exp-csit_csit_t1_tabsau]
task end within 9.029867 sec
[03/27/2022, 19:02:03] [exp-csit_csit_t1_tabsau]
============== end 35936 ==============


[03/27/2022, 19:02:03] [exp-csit_csit_t1_tabsauy]
============== start ==============
[03/27/2022, 19:02:04] [masking_exp-csit_csit_t1_tabsauy]
get scores for 35936 papers
[03/27/2022, 19:02:13] [masking_exp-csit_csit_t1_tabsauy]
task end within 8.926025 sec
[03/27/2022, 19:02:13] [exp-csit_csit_t1_tabsauy]
============== end 35936 ==============


[03/27/2022, 19:02:13] [exp-csit_csit_t1_tabsauyc]
============== start ==============
[03/27/2022, 19:02:14] [masking_exp-csit_csit_t1_tabsauyc]
get scores for 35936 papers
[03/27/2022, 19:02:23] [masking_exp-csit_csit_t1_tabsauyc]
task end within 9.161224 sec
[03/27/2022, 19:02:23] [exp-csit_csit_t1_tabsauyc]
============== end 35936 ==============


[03/27/2022, 19:02:23] [exp-csit_csit_t1_tabsauc]
============== start ==============
[03/27/2022, 19:02:24] [masking_exp-csit_csit_t1_tabsauc]
get scores for 35936 papers
[03/27/2022, 19:02:33] [masking_exp-csit_csit_t1_tabsauc]
task end within 8.951305 sec
[03/27/2022, 19:02:33] [exp-csit_csit_t1_tabsauc]
============== end 35936 ==============


[03/27/2022, 19:02:33] [exp-csit_csit_t1_tabsy]
============== start ==============
[03/27/2022, 19:02:34] [masking_exp-csit_csit_t1_tabsy]
get scores for 35936 papers
[03/27/2022, 19:02:46] [masking_exp-csit_csit_t1_tabsy]
task end within 12.079767 sec
[03/27/2022, 19:02:46] [exp-csit_csit_t1_tabsy]
============== end 35936 ==============


[03/27/2022, 19:02:46] [exp-csit_csit_t1_tabsyc]
============== start ==============
[03/27/2022, 19:02:47] [masking_exp-csit_csit_t1_tabsyc]
get scores for 35936 papers
[03/27/2022, 19:02:59] [masking_exp-csit_csit_t1_tabsyc]
task end within 12.081 sec
[03/27/2022, 19:02:59] [exp-csit_csit_t1_tabsyc]
============== end 35936 ==============


[03/27/2022, 19:02:59] [exp-csit_csit_t1_tabsc]
============== start ==============
[03/27/2022, 19:03:00] [masking_exp-csit_csit_t1_tabsc]
get scores for 35936 papers
[03/27/2022, 19:03:22] [masking_exp-csit_csit_t1_tabsc]
task end within 22.156693 sec
[03/27/2022, 19:03:22] [exp-csit_csit_t1_tabsc]
============== end 35936 ==============


[03/27/2022, 19:03:22] [exp-csit_csit_t1_tv]
============== start ==============
[03/27/2022, 19:03:23] [masking_exp-csit_csit_t1_tv]
get scores for 35936 papers
[03/27/2022, 19:03:53] [masking_exp-csit_csit_t1_tv]
task end within 29.883792 sec
[03/27/2022, 19:03:53] [exp-csit_csit_t1_tv]
============== end 35936 ==============


[03/27/2022, 19:03:53] [exp-csit_csit_t1_tvau]
============== start ==============
[03/27/2022, 19:03:54] [masking_exp-csit_csit_t1_tvau]
get scores for 35936 papers
[03/27/2022, 19:04:14] [masking_exp-csit_csit_t1_tvau]
task end within 20.857815 sec
[03/27/2022, 19:04:14] [exp-csit_csit_t1_tvau]
============== end 35936 ==============


[03/27/2022, 19:04:15] [exp-csit_csit_t1_tvauy]
============== start ==============
[03/27/2022, 19:04:15] [masking_exp-csit_csit_t1_tvauy]
get scores for 35936 papers
[03/27/2022, 19:04:27] [masking_exp-csit_csit_t1_tvauy]
task end within 12.012446 sec
[03/27/2022, 19:04:27] [exp-csit_csit_t1_tvauy]
============== end 35936 ==============


[03/27/2022, 19:04:27] [exp-csit_csit_t1_tvauyc]
============== start ==============
[03/27/2022, 19:04:28] [masking_exp-csit_csit_t1_tvauyc]
get scores for 35936 papers
[03/27/2022, 19:04:42] [masking_exp-csit_csit_t1_tvauyc]
task end within 14.119231 sec
[03/27/2022, 19:04:42] [exp-csit_csit_t1_tvauyc]
============== end 35936 ==============


[03/27/2022, 19:04:42] [exp-csit_csit_t1_tvauc]
============== start ==============
[03/27/2022, 19:04:43] [masking_exp-csit_csit_t1_tvauc]
get scores for 35936 papers
[03/27/2022, 19:05:07] [masking_exp-csit_csit_t1_tvauc]
task end within 23.886758 sec
[03/27/2022, 19:05:07] [exp-csit_csit_t1_tvauc]
============== end 35936 ==============


[03/27/2022, 19:05:07] [exp-csit_csit_t1_tvy]
============== start ==============
[03/27/2022, 19:05:08] [masking_exp-csit_csit_t1_tvy]
get scores for 35936 papers
[03/27/2022, 19:05:34] [masking_exp-csit_csit_t1_tvy]
task end within 25.812585 sec
[03/27/2022, 19:05:34] [exp-csit_csit_t1_tvy]
============== end 35936 ==============


[03/27/2022, 19:05:34] [exp-csit_csit_t1_tvyc]
============== start ==============
[03/27/2022, 19:05:35] [masking_exp-csit_csit_t1_tvyc]
get scores for 35936 papers
[03/27/2022, 19:05:49] [masking_exp-csit_csit_t1_tvyc]
task end within 14.844789 sec
[03/27/2022, 19:05:50] [exp-csit_csit_t1_tvyc]
============== end 35936 ==============


[03/27/2022, 19:05:50] [exp-csit_csit_t1_tvc]
============== start ==============
[03/27/2022, 19:05:50] [masking_exp-csit_csit_t1_tvc]
get scores for 35936 papers
[03/27/2022, 19:06:16] [masking_exp-csit_csit_t1_tvc]
task end within 26.143184 sec
[03/27/2022, 19:06:17] [exp-csit_csit_t1_tvc]
============== end 35936 ==============


[03/27/2022, 19:06:17] [exp-csit_csit_t1_tau]
============== start ==============
[03/27/2022, 19:06:17] [masking_exp-csit_csit_t1_tau]
get scores for 35936 papers
[03/27/2022, 19:06:47] [masking_exp-csit_csit_t1_tau]
task end within 29.887565 sec
[03/27/2022, 19:06:47] [exp-csit_csit_t1_tau]
============== end 35936 ==============


[03/27/2022, 19:06:47] [exp-csit_csit_t1_tauy]
============== start ==============
[03/27/2022, 19:06:48] [masking_exp-csit_csit_t1_tauy]
get scores for 35936 papers
[03/27/2022, 19:07:04] [masking_exp-csit_csit_t1_tauy]
task end within 15.504856 sec
[03/27/2022, 19:07:04] [exp-csit_csit_t1_tauy]
============== end 35936 ==============


[03/27/2022, 19:07:04] [exp-csit_csit_t1_tauyc]
============== start ==============
[03/27/2022, 19:07:05] [masking_exp-csit_csit_t1_tauyc]
get scores for 35936 papers
[03/27/2022, 19:07:35] [masking_exp-csit_csit_t1_tauyc]
task end within 30.372295 sec
[03/27/2022, 19:07:35] [exp-csit_csit_t1_tauyc]
============== end 35936 ==============


[03/27/2022, 19:07:35] [exp-csit_csit_t1_tauc]
============== start ==============
[03/27/2022, 19:07:36] [masking_exp-csit_csit_t1_tauc]
get scores for 35936 papers
[03/27/2022, 19:08:07] [masking_exp-csit_csit_t1_tauc]
task end within 30.734905 sec
[03/27/2022, 19:08:07] [exp-csit_csit_t1_tauc]
============== end 35936 ==============


[03/27/2022, 19:08:07] [exp-csit_csit_t1_ty]
============== start ==============
[03/27/2022, 19:08:08] [masking_exp-csit_csit_t1_ty]
get scores for 35936 papers
[03/27/2022, 19:08:29] [masking_exp-csit_csit_t1_ty]
task end within 20.98488 sec
[03/27/2022, 19:08:29] [exp-csit_csit_t1_ty]
============== end 35936 ==============


[03/27/2022, 19:08:29] [exp-csit_csit_t1_tyc]
============== start ==============
[03/27/2022, 19:08:30] [masking_exp-csit_csit_t1_tyc]
get scores for 35936 papers
[03/27/2022, 19:08:48] [masking_exp-csit_csit_t1_tyc]
task end within 18.169945 sec
[03/27/2022, 19:08:48] [exp-csit_csit_t1_tyc]
============== end 35936 ==============


[03/27/2022, 19:08:48] [exp-csit_csit_t1_tc]
============== start ==============
[03/27/2022, 19:08:49] [masking_exp-csit_csit_t1_tc]
get scores for 35936 papers
[03/27/2022, 19:09:07] [masking_exp-csit_csit_t1_tc]
task end within 18.559128 sec
[03/27/2022, 19:09:07] [exp-csit_csit_t1_tc]
============== end 35936 ==============


[03/27/2022, 19:09:07] [exp-csit_csit_t1_absv]
============== start ==============
[03/27/2022, 19:09:08] [masking_exp-csit_csit_t1_absv]
get scores for 35936 papers
[03/27/2022, 19:09:17] [masking_exp-csit_csit_t1_absv]
task end within 9.28619 sec
[03/27/2022, 19:09:17] [exp-csit_csit_t1_absv]
============== end 35936 ==============


[03/27/2022, 19:09:18] [exp-csit_csit_t1_absvau]
============== start ==============
[03/27/2022, 19:09:18] [masking_exp-csit_csit_t1_absvau]
get scores for 35936 papers
[03/27/2022, 19:09:25] [masking_exp-csit_csit_t1_absvau]
task end within 6.654909 sec
[03/27/2022, 19:09:25] [exp-csit_csit_t1_absvau]
============== end 35936 ==============


[03/27/2022, 19:09:25] [exp-csit_csit_t1_absvauy]
============== start ==============
[03/27/2022, 19:09:26] [masking_exp-csit_csit_t1_absvauy]
get scores for 35936 papers
[03/27/2022, 19:09:32] [masking_exp-csit_csit_t1_absvauy]
task end within 6.600961 sec
[03/27/2022, 19:09:32] [exp-csit_csit_t1_absvauy]
============== end 35936 ==============


[03/27/2022, 19:09:32] [exp-csit_csit_t1_absvauyc]
============== start ==============
[03/27/2022, 19:09:33] [masking_exp-csit_csit_t1_absvauyc]
get scores for 35936 papers
[03/27/2022, 19:09:40] [masking_exp-csit_csit_t1_absvauyc]
task end within 6.492903 sec
[03/27/2022, 19:09:40] [exp-csit_csit_t1_absvauyc]
============== end 35936 ==============


[03/27/2022, 19:09:40] [exp-csit_csit_t1_absvauc]
============== start ==============
[03/27/2022, 19:09:41] [masking_exp-csit_csit_t1_absvauc]
get scores for 35936 papers
[03/27/2022, 19:09:47] [masking_exp-csit_csit_t1_absvauc]
task end within 6.541051 sec
[03/27/2022, 19:09:47] [exp-csit_csit_t1_absvauc]
============== end 35936 ==============


[03/27/2022, 19:09:47] [exp-csit_csit_t1_absvy]
============== start ==============
[03/27/2022, 19:09:48] [masking_exp-csit_csit_t1_absvy]
get scores for 35936 papers
[03/27/2022, 19:09:57] [masking_exp-csit_csit_t1_absvy]
task end within 9.421896 sec
[03/27/2022, 19:09:58] [exp-csit_csit_t1_absvy]
============== end 35936 ==============


[03/27/2022, 19:09:58] [exp-csit_csit_t1_absvyc]
============== start ==============
[03/27/2022, 19:09:58] [masking_exp-csit_csit_t1_absvyc]
get scores for 35936 papers
[03/27/2022, 19:10:08] [masking_exp-csit_csit_t1_absvyc]
task end within 9.589695 sec
[03/27/2022, 19:10:08] [exp-csit_csit_t1_absvyc]
============== end 35936 ==============


[03/27/2022, 19:10:08] [exp-csit_csit_t1_absvc]
============== start ==============
[03/27/2022, 19:10:09] [masking_exp-csit_csit_t1_absvc]
get scores for 35936 papers
[03/27/2022, 19:10:18] [masking_exp-csit_csit_t1_absvc]
task end within 9.534565 sec
[03/27/2022, 19:10:18] [exp-csit_csit_t1_absvc]
============== end 35936 ==============


[03/27/2022, 19:10:18] [exp-csit_csit_t1_absau]
============== start ==============
[03/27/2022, 19:10:19] [masking_exp-csit_csit_t1_absau]
get scores for 35936 papers
[03/27/2022, 19:10:29] [masking_exp-csit_csit_t1_absau]
task end within 10.178542 sec
[03/27/2022, 19:10:29] [exp-csit_csit_t1_absau]
============== end 35936 ==============


[03/27/2022, 19:10:29] [exp-csit_csit_t1_absauy]
============== start ==============
[03/27/2022, 19:10:30] [masking_exp-csit_csit_t1_absauy]
get scores for 35936 papers
[03/27/2022, 19:10:40] [masking_exp-csit_csit_t1_absauy]
task end within 10.079704 sec
[03/27/2022, 19:10:40] [exp-csit_csit_t1_absauy]
============== end 35936 ==============


[03/27/2022, 19:10:40] [exp-csit_csit_t1_absauyc]
============== start ==============
[03/27/2022, 19:10:41] [masking_exp-csit_csit_t1_absauyc]
get scores for 35936 papers
[03/27/2022, 19:11:00] [masking_exp-csit_csit_t1_absauyc]
task end within 18.825708 sec
[03/27/2022, 19:11:00] [exp-csit_csit_t1_absauyc]
============== end 35936 ==============


[03/27/2022, 19:11:00] [exp-csit_csit_t1_absauc]
============== start ==============
[03/27/2022, 19:11:01] [masking_exp-csit_csit_t1_absauc]
get scores for 35936 papers
[03/27/2022, 19:11:20] [masking_exp-csit_csit_t1_absauc]
task end within 19.355329 sec
[03/27/2022, 19:11:20] [exp-csit_csit_t1_absauc]
============== end 35936 ==============


[03/27/2022, 19:11:20] [exp-csit_csit_t1_absy]
============== start ==============
[03/27/2022, 19:11:21] [masking_exp-csit_csit_t1_absy]
get scores for 35936 papers
[03/27/2022, 19:11:42] [masking_exp-csit_csit_t1_absy]
task end within 20.28735 sec
[03/27/2022, 19:11:42] [exp-csit_csit_t1_absy]
============== end 35936 ==============


[03/27/2022, 19:11:42] [exp-csit_csit_t1_absyc]
============== start ==============
[03/27/2022, 19:11:43] [masking_exp-csit_csit_t1_absyc]
get scores for 35936 papers
[03/27/2022, 19:11:56] [masking_exp-csit_csit_t1_absyc]
task end within 13.130433 sec
[03/27/2022, 19:11:56] [exp-csit_csit_t1_absyc]
============== end 35936 ==============


[03/27/2022, 19:11:56] [exp-csit_csit_t1_absc]
============== start ==============
[03/27/2022, 19:11:57] [masking_exp-csit_csit_t1_absc]
get scores for 35936 papers
[03/27/2022, 19:12:10] [masking_exp-csit_csit_t1_absc]
task end within 13.078099 sec
[03/27/2022, 19:12:10] [exp-csit_csit_t1_absc]
============== end 35936 ==============


[03/27/2022, 19:12:10] [exp-csit_csit_t1_vau]
============== start ==============
[03/27/2022, 19:12:11] [masking_exp-csit_csit_t1_vau]
get scores for 35936 papers
[03/27/2022, 19:12:24] [masking_exp-csit_csit_t1_vau]
task end within 13.218414 sec
[03/27/2022, 19:12:24] [exp-csit_csit_t1_vau]
============== end 35936 ==============


[03/27/2022, 19:12:24] [exp-csit_csit_t1_vauy]
============== start ==============
[03/27/2022, 19:12:25] [masking_exp-csit_csit_t1_vauy]
get scores for 35936 papers
[03/27/2022, 19:12:38] [masking_exp-csit_csit_t1_vauy]
task end within 13.280436 sec
[03/27/2022, 19:12:38] [exp-csit_csit_t1_vauy]
============== end 35936 ==============


[03/27/2022, 19:12:38] [exp-csit_csit_t1_vauyc]
============== start ==============
[03/27/2022, 19:12:39] [masking_exp-csit_csit_t1_vauyc]
get scores for 35936 papers
[03/27/2022, 19:12:52] [masking_exp-csit_csit_t1_vauyc]
task end within 13.025867 sec
[03/27/2022, 19:12:52] [exp-csit_csit_t1_vauyc]
============== end 35936 ==============


[03/27/2022, 19:12:52] [exp-csit_csit_t1_vauc]
============== start ==============
[03/27/2022, 19:12:53] [masking_exp-csit_csit_t1_vauc]
get scores for 35936 papers
[03/27/2022, 19:13:06] [masking_exp-csit_csit_t1_vauc]
task end within 13.06668 sec
[03/27/2022, 19:13:06] [exp-csit_csit_t1_vauc]
============== end 35936 ==============


[03/27/2022, 19:13:06] [exp-csit_csit_t1_vy]
============== start ==============
[03/27/2022, 19:13:07] [masking_exp-csit_csit_t1_vy]
get scores for 35936 papers
[03/27/2022, 19:13:23] [masking_exp-csit_csit_t1_vy]
task end within 16.367941 sec
[03/27/2022, 19:13:23] [exp-csit_csit_t1_vy]
============== end 35936 ==============


[03/27/2022, 19:13:23] [exp-csit_csit_t1_vyc]
============== start ==============
[03/27/2022, 19:13:24] [masking_exp-csit_csit_t1_vyc]
get scores for 35936 papers
[03/27/2022, 19:13:40] [masking_exp-csit_csit_t1_vyc]
task end within 16.310549 sec
[03/27/2022, 19:13:40] [exp-csit_csit_t1_vyc]
============== end 35936 ==============


[03/27/2022, 19:13:40] [exp-csit_csit_t1_vc]
============== start ==============
[03/27/2022, 19:13:41] [masking_exp-csit_csit_t1_vc]
get scores for 35936 papers
[03/27/2022, 19:14:03] [masking_exp-csit_csit_t1_vc]
task end within 21.984425 sec
[03/27/2022, 19:14:03] [exp-csit_csit_t1_vc]
============== end 35936 ==============


[03/27/2022, 19:14:03] [exp-csit_csit_t1_auy]
============== start ==============
[03/27/2022, 19:14:04] [masking_exp-csit_csit_t1_auy]
get scores for 35936 papers
[03/27/2022, 19:14:37] [masking_exp-csit_csit_t1_auy]
task end within 33.155943 sec
[03/27/2022, 19:14:37] [exp-csit_csit_t1_auy]
============== end 35936 ==============


[03/27/2022, 19:14:37] [exp-csit_csit_t1_auyc]
============== start ==============
[03/27/2022, 19:14:38] [masking_exp-csit_csit_t1_auyc]
get scores for 35936 papers
[03/27/2022, 19:15:09] [masking_exp-csit_csit_t1_auyc]
task end within 31.005434 sec
[03/27/2022, 19:15:09] [exp-csit_csit_t1_auyc]
============== end 35936 ==============


[03/27/2022, 19:15:09] [exp-csit_csit_t1_auc]
============== start ==============
[03/27/2022, 19:15:10] [masking_exp-csit_csit_t1_auc]
get scores for 35936 papers
[03/27/2022, 19:15:26] [masking_exp-csit_csit_t1_auc]
task end within 16.503767 sec
[03/27/2022, 19:15:26] [exp-csit_csit_t1_auc]
============== end 35936 ==============


[03/27/2022, 19:15:26] [exp-csit_csit_t1_yc]
============== start ==============
[03/27/2022, 19:15:27] [masking_exp-csit_csit_t1_yc]
get scores for 35936 papers
[03/27/2022, 19:15:47] [masking_exp-csit_csit_t1_yc]
task end within 19.436867 sec
[03/27/2022, 19:15:47] [exp-csit_csit_t1_yc]
============== end 35936 ==============
