Child #[12, 13]: psutil.Process(pid=5164, name='python', status='running', started='03:07:51'), affinity [0, 1, 2, 3, 4, 5, 6, 7, 8, 9, 10, 11, 12, 13, 14, 15]
Child #[12, 13]: Set my affinity to [12, 13], affinity now [12, 13]

[04/02/2022, 23:09:19] start computing sampling shap for range: [7, 8]
[04/02/2022, 23:10:29] computing sampling shap 5904:5914 within 70.0801 sec, 7.008 on average
[04/02/2022, 23:10:29] instances left: 974
[04/02/2022, 23:10:29] estimating time left: 1:53:45.792000

[[-0.31772402 -1.44780025 -0.07631404  0.         -0.26674488  0.01578765]
 [-0.39692551 -1.48838512  0.          0.          0.85349099 -0.17812329]
 [-0.2434387  -1.48514577 -0.11842807  0.          0.31769822 -0.0494797 ]
 [-0.4300641  -1.34239969  0.          0.         -0.40229438 -0.15452506]
 [-0.10390649 -1.44637324 -0.31861619  0.          0.38067291 -0.14682091]
 [-0.34344362 -1.44443357  0.          0.         -0.4599607   0.94874879]
 [-0.01243199 -1.81685862  0.          0.          0.01941077 -0.121078  ]
 [-0.23814168 -1.37857394 -0.20017621  0.          0.00247736  0.33810409]
 [-0.32044951 -1.3075436  -0.19944208  0.          0.02860622  0.17509539]
 [-0.50135611 -1.32824431  0.          0.         -1.18687882  0.24495187]]
[04/02/2022, 23:11:45] computing sampling shap 5914:5924 within 76.0087 sec, 7.3046 on average
[04/02/2022, 23:11:45] instances left: 964
[04/02/2022, 23:11:45] estimating time left: 1:57:21.634400

[[-0.31479084 -1.32121321 -0.25071341  0.          0.04363284 -0.1087168 ]
 [-0.31373727 -1.34757921 -0.14022603  0.         -1.5111807   0.24303339]
 [-0.28392835 -1.623624    0.          0.         -0.43566521  0.90356185]
 [-0.30683603 -1.38627566 -0.15783547  0.         -1.22560102  0.3943876 ]
 [-0.36218481 -1.21828341 -0.18874219  0.         -1.24828433  0.02333154]
 [-0.09406739 -1.57296857 -0.16611715  0.          0.79045559 -0.05760453]
 [-0.05629095 -0.76698975 19.96091426  0.          0.4211773  -0.0811922 ]
 [-0.28017136 -1.27628708 -0.12911884  0.         -0.30397251  0.30059304]
 [-0.03809132 -1.64413884 -0.13817866  0.         -0.5597818   0.64233458]
 [-0.24944159 -1.40622997 -0.14753907  0.          0.29423961 -0.18253346]]
[04/02/2022, 23:12:58] computing sampling shap 5924:5934 within 73.678 sec, 7.3257 on average
[04/02/2022, 23:12:58] instances left: 954
[04/02/2022, 23:12:58] estimating time left: 1:56:28.717800

[[-0.35663843 -1.24087603 -0.17668635  0.         -0.34476811 -0.09955061]
 [-0.43420658 -1.11710139 -0.18538428  0.         -0.64609172  0.18315884]
 [-0.31917571 -1.50689173  0.          0.          0.7695154  -0.15339068]
 [-0.0801818  -1.65583072 -0.20865556  0.          0.06370975 -0.20372886]
 [-0.39020915 -1.30061514 -0.15884165  0.          0.01096372 -0.11309967]
 [-0.21459926 -1.47502514  0.          0.         -0.42696795 -0.21269083]
 [-0.20256436 -1.31852983 -0.32563025  0.         -0.86470307  1.17012498]
 [-0.26063604 -1.17278225 -0.33363387  0.         -0.32153497  0.09341763]
 [-0.29069031 -1.51631612  0.          0.          0.34724439  0.15589416]
 [-0.39224103 -1.25223737 -0.14762959  0.         -0.70661399 -0.16215831]]
[04/02/2022, 23:14:09] computing sampling shap 5934:5944 within 70.8135 sec, 7.2647 on average
[04/02/2022, 23:14:09] instances left: 944
[04/02/2022, 23:14:09] estimating time left: 1:54:17.876800

[[ 0.         19.0251339   0.          0.          0.71277506 -0.05273246]
 [-0.43057595 -1.32911447 -0.06813303  0.         -0.45238774  0.37071409]
 [-0.44120585 -1.4039935   0.          0.         -0.82603814 -0.11897967]
 [-0.31512887 -1.17664501 -0.25428709  0.          0.68725946 -0.08386123]
 [-0.0774821  -1.70524486  0.          0.         -0.05672769 -0.21150667]
 [-0.37957597 -1.48734132  0.          0.          0.36408525 -0.18867202]
 [-0.36114933 -1.20820711 -0.29526994  0.         -0.30452821  0.35201773]
 [-0.1279227   8.91030644  0.          0.          0.26321771  0.16479554]
 [-0.32228619 -1.42436094  0.          0.          0.70535386 -0.16864982]
 [-0.3381879  -1.43936499 -0.0784189   0.         -0.44341366 -0.0355852 ]]
[04/02/2022, 23:15:21] computing sampling shap 5944:5954 within 71.5061 sec, 7.2419 on average
[04/02/2022, 23:15:21] instances left: 934
[04/02/2022, 23:15:21] estimating time left: 1:52:43.934600

[[-0.36842805 -1.24560993 -0.19154712  0.          0.32136174 -0.15082082]
 [-0.05775217 -1.78302124  0.          0.         -1.45883391  0.40255758]
 [-0.31595815 -1.37571407  0.          0.          0.22498256 -0.19306983]
 [-0.32067746 -1.51275847  0.          0.         -0.31421069 -0.03748437]
 [ 0.         -1.74530048  0.          0.          0.29426093 -0.20871943]
 [-0.50294423 -1.05479947 -0.22674659  0.          0.76323219 -0.18868509]
 [-0.32707239 -1.50229203  0.          0.         -0.74238254 -0.25451511]
 [-0.51190272 -1.25155393  0.          0.         -0.84715692  0.3880508 ]
 [-0.37356876 -1.37024653 -0.19643138  0.          0.45664235 -0.20789999]
 [-0.45671648 -1.21159004 -0.08124884  0.         -0.60835895 -0.24723102]]
[04/02/2022, 23:16:37] computing sampling shap 5954:5964 within 75.9873 sec, 7.3014 on average
[04/02/2022, 23:16:37] instances left: 924
[04/02/2022, 23:16:37] estimating time left: 1:52:26.493600

[[-0.44391104 -1.21127847 -0.17521141  0.         -0.06508975 -0.18919669]
 [-0.06500432 -1.66683914 -0.06165208  0.          0.72663974 -0.01464021]
 [-0.23848107 -1.3420307  -0.15876175  0.         -1.57984914  0.3076983 ]
 [-0.3872522  -1.38698871  0.          0.          0.21383932  0.4584971 ]
 [-0.40056651 -1.38663355 -0.12822809  0.          0.87098209 -0.14238363]
 [-0.36609702 -1.31200099 -0.07084796  0.          0.74572372 -0.20672104]
 [ 5.9916491   4.29351967 -0.08388765  0.         -0.67963228  0.19022356]
 [-0.57992889 -1.26780795  0.          0.          0.38104524 -0.08355674]
 [-0.41925729 -1.41697     0.          0.          0.78427852 -0.15799412]
 [-0.11737713 -1.7374286   0.          0.          0.79485457 -0.12687838]]
[04/02/2022, 23:17:50] computing sampling shap 5964:5974 within 73.101 sec, 7.3026 on average
[04/02/2022, 23:17:50] instances left: 914
[04/02/2022, 23:17:50] estimating time left: 1:51:14.576400

[[ 0.         -1.75199274  0.          0.          0.60177648  0.13461563]
 [-0.19433299 -1.32455927 -0.28666813  0.         -0.44225179  0.33268916]
 [-0.39198632 -1.3361541   0.          0.         -0.74724396 -0.0383399 ]
 [-0.19601849 -1.60940855  0.          0.         -0.41405571  0.30998571]
 [-0.32736549 -1.31664718 -0.23795693  0.          0.3776058   0.20049584]
 [-0.02416832 -1.6244313  -0.05221211  0.          0.22515209 -0.18409939]
 [-0.30391145 -1.53340813  0.          0.          0.33222206 -0.05999201]
 [ 0.         19.43377904 -0.21685889  0.         -0.03430849 -0.12077522]
 [-0.45589399 -1.3374263   0.          0.          0.7740011  -0.190624  ]
 [-0.53356235 -1.36598086  0.          0.          0.86818169 -0.17858141]]
[04/02/2022, 23:19:00] computing sampling shap 5974:5984 within 69.8137 sec, 7.2625 on average
[04/02/2022, 23:19:00] instances left: 904
[04/02/2022, 23:19:00] estimating time left: 1:49:25.300000

[[-0.28670703 -1.3028805  -0.17631461  0.         -0.80448339 -0.19468783]
 [-0.02505065 -1.45923054 -0.19586269  0.          0.67346124 -0.13597988]
 [-0.50711248 -1.19099768 -0.20691181  0.         -0.30037193  0.09980521]
 [-0.03797087 19.14881449  0.          0.          0.37070214 -0.21067076]
 [-0.35759955 -1.5640288   0.          0.          0.8980936  -0.18640798]
 [-0.23043898 -1.43017229 -0.07126581  0.          0.28890521  0.037686  ]
 [-0.0619953   9.01098953 -0.19321959  0.         -0.64282613  0.15321641]
 [-0.09733411 19.60159081 -0.16094836  0.         -0.52693671 -0.19021153]
 [-0.35893452 -1.22438457 -0.17466294  0.         -1.08029764  0.02138938]
 [-0.08633978 -1.46081355 -0.24522615  0.         -0.38729502 -0.03884468]]
[04/02/2022, 23:20:13] computing sampling shap 5984:5994 within 73.6769 sec, 7.2742 on average
[04/02/2022, 23:20:13] instances left: 894
[04/02/2022, 23:20:13] estimating time left: 1:48:23.134800

[[-0.27484545 -1.27406061 -0.20674343  0.          0.7058634  -0.16015715]
 [-0.02638398 -1.91431284  0.          0.         -1.56359784 -0.1249818 ]
 [-0.2825121  -1.61594033  0.          0.          0.02423359 -0.0346264 ]
 [-0.22703352  9.15199501  0.          0.         -0.16283766 -0.19984629]
 [-0.02993327 -1.67327184  0.          0.         -1.4647047  -0.15347842]
 [-0.44857338 -1.27492448 -0.10689095  0.         -0.44321865  0.24977345]
 [-0.35751231 -1.14328086 -0.20550634  0.         -0.16393331  0.02894092]
 [-0.34476277 -1.31124289 -0.19873103  0.         -0.47476446 -0.05900848]
 [ 0.         -1.77579444 -0.07662488  0.          0.79798275 -0.15550593]
 [-0.17246784 -1.4121491  -0.12629462  0.          0.25014227 -0.13319885]]
[04/02/2022, 23:21:21] computing sampling shap 5994:6004 within 67.3879 sec, 7.2207 on average
[04/02/2022, 23:21:21] instances left: 884
[04/02/2022, 23:21:21] estimating time left: 1:46:23.098800

[[-0.02514114 -1.59163494 -0.1915618   0.         -0.24735473  0.40683927]
 [-0.10527357 -1.52427804 -0.20419392  0.          0.7317254  -0.05053905]
 [-0.38924708 -1.31398257  0.          0.         -1.29972277  0.41832139]
 [-0.38136115 -1.42936711  0.          0.          0.28836015 -0.06548658]
 [-0.37060216 -1.47411413  0.          0.         -1.45256749  0.38291916]
 [-0.42120631 -1.238089   -0.06516268  0.         -0.8126914  -0.28787173]
 [-0.34328693 -1.35453451 -0.06236179  0.         -0.03870765  0.326232  ]
 [-0.22033617 -1.48463222  0.          0.         -0.39776835 -0.1592617 ]
 [-0.24418472 -1.37283207  0.          0.         -0.93745177 -0.24090863]
 [-0.15405205 -1.21828834 -0.35456514  0.         -0.36754814  0.41989747]]
[04/02/2022, 23:22:34] computing sampling shap 6004:6014 within 73.7845 sec, 7.235 on average
[04/02/2022, 23:22:34] instances left: 874
[04/02/2022, 23:22:34] estimating time left: 1:45:23.390000

[[-0.46698103 -1.37495294  0.          0.         -0.75005739 -0.14779894]
 [-0.14236812 -1.38926094 -0.24409047  0.          0.65060331  0.05257547]
 [-0.28195561 -1.52716895 -0.14045164  0.         -0.55320135 -0.22718761]
 [-0.03123659 19.36402876 -0.12529834  0.         -0.04753166  0.0227067 ]
 [-0.54472334 -0.96886014 -0.21131069  0.         -0.59559481  0.68461954]
 [-0.02534486 -1.40592212 -0.32683282  0.          0.70820857 -0.16005135]
 [-0.08484375 19.12826382  0.          0.          0.7211354  -0.07937869]
 [-0.27999015 -1.21927318 -0.2122239   0.          0.6659921  -0.16444799]
 [-0.33655926 -1.40881653 -0.16298398  0.         -1.29698205  0.67506924]
 [-0.17149264 19.38363621  0.          0.          0.23582099 -0.17708944]]
[04/02/2022, 23:23:47] computing sampling shap 6014:6024 within 72.1752 sec, 7.2336 on average
[04/02/2022, 23:23:47] instances left: 864
[04/02/2022, 23:23:47] estimating time left: 1:44:09.830400

[[-7.45891535e-02  1.93262388e+01 -1.58903605e-01  0.00000000e+00
   6.39938178e-01 -1.63283493e-01]
 [-3.87912417e-01 -1.30169057e+00 -1.27199696e-01  0.00000000e+00
  -3.73420451e-04  2.38902010e-01]
 [ 0.00000000e+00 -1.69210840e+00 -7.12331154e-02  0.00000000e+00
  -3.16719017e-01  2.93405573e-01]
 [-2.44805672e-01  1.95533232e+01 -1.31705967e-01  0.00000000e+00
  -2.24594721e-01  3.85771810e-01]
 [-3.13284578e-01 -1.28934104e+00 -3.22222906e-01  0.00000000e+00
   4.30489667e-01 -7.07307020e-02]
 [-1.25692680e-01  1.94349238e+01 -7.43407390e-02  0.00000000e+00
  -1.36608019e+00  5.17220941e-01]
 [-4.32986345e-01 -1.32264149e+00 -6.96955120e-02  0.00000000e+00
   7.41789864e-01 -1.03295778e-01]
 [-3.05143844e-01 -1.46174897e+00  0.00000000e+00  0.00000000e+00
   2.82508298e-01 -1.75374897e-01]
 [ 1.22315653e+01  1.00314056e+01 -3.32473394e-01  0.00000000e+00
   7.55465175e-02 -8.57455309e-02]
 [-3.69867706e-01 -1.31314714e+00 -1.48443873e-01  0.00000000e+00
  -2.81003374e-02 -7.13995215e-02]]
[04/02/2022, 23:24:58] computing sampling shap 6024:6034 within 71.8054 sec, 7.2295 on average
[04/02/2022, 23:24:58] instances left: 854
[04/02/2022, 23:24:58] estimating time left: 1:42:53.993000

[[-0.2619586  -1.16448445 -0.32703713  0.         -0.58949453  0.01745552]
 [-0.43551858 -1.18175272 -0.1667095   0.          0.31610943 -0.11998333]
 [-0.21817731 -1.2841479  -0.32973066  0.          0.79088442 -0.14565839]
 [-0.25452119 -1.63921935  0.          0.          0.41817218  0.225382  ]
 [ 0.         -1.78245308 -0.07062487  0.          0.8351239  -0.12470837]
 [-0.43803289 -1.41305112  0.          0.          0.80746716 -0.16632634]
 [-0.35414653 -1.40000008 -0.13147525  0.         -1.54429656 -0.23309265]
 [-0.28416142 -1.56967611  0.          0.          0.81519499 -0.17130053]
 [-0.31678355 -1.23242332 -0.27215293  0.         -1.54696285 -0.24017548]
 [-0.04935203 -1.54607312 -0.29687226  0.          0.4394505   0.04756143]]
[04/02/2022, 23:26:12] computing sampling shap 6034:6044 within 73.3989 sec, 7.2374 on average
[04/02/2022, 23:26:12] instances left: 844
[04/02/2022, 23:26:12] estimating time left: 1:41:48.365600

[[-0.31765684 -1.41978442  0.          0.          0.21811431  0.28857776]
 [-0.37990907 -1.4433656  -0.07608541  0.         -0.18848233  0.72488266]
 [-0.01358503 -1.52367725 -0.21220905  0.          0.2830493   0.1534521 ]
 [-0.27080279 -1.24662438 -0.2348176   0.          0.33979745  0.07457143]
 [-0.01350807 -1.60334528 -0.30184347  0.          0.87492237 -0.14305511]
 [-0.50441075 -1.31382117 -0.07320923  0.          0.07172247  0.05655975]
 [-0.39095506 -1.41919029  0.          0.          0.79801876 -0.1747032 ]
 [-0.23624097 -1.66584367  0.          0.          0.83921319 -0.14707105]
 [-0.30072676 -1.27385382 -0.20433779  0.          0.28959845 -0.14572409]
 [-0.47580141 -1.30915955 -0.08000808  0.         -1.31836868  0.35852719]]
[04/02/2022, 23:27:25] computing sampling shap 6044:6054 within 72.8586 sec, 7.2407 on average
[04/02/2022, 23:27:25] instances left: 834
[04/02/2022, 23:27:25] estimating time left: 1:40:38.743800

[[-0.2295094  -1.37480229 -0.18872714  0.          0.72569101 -0.11948205]
 [-0.43708278 -1.29748977 -0.11946676  0.         -1.33291348  0.66695033]
 [-0.31225456 -1.29268073 -0.25480598  0.         -0.28697287  0.06747492]
 [-0.03036314 -1.70457441 -0.06729276  0.         -0.33126041 -0.16743728]
 [-0.4529135  -1.33019354  0.          0.         -1.54871718 -0.31040757]
 [-0.16229653 -1.51736428 -0.12551099  0.         -1.13666394  0.04324563]
 [-0.09203425 -1.4991427  -0.21344213  0.          0.74859877 -0.08664228]
 [-0.38891062 -1.41771163 -0.06867277  0.         -0.17781608  0.24197282]
 [-0.35755831 -1.17560348 -0.18251159  0.          0.73673126 -0.16372084]
 [-0.02338272 -1.49925699 -0.18292397  0.         -0.52898338  0.32504978]]
[04/02/2022, 23:28:36] computing sampling shap 6054:6064 within 71.7608 sec, 7.2366 on average
[04/02/2022, 23:28:36] instances left: 824
[04/02/2022, 23:28:36] estimating time left: 1:39:22.958400

[[-0.4869021  -1.35851211  0.          0.         -1.27613347  0.99363368]
 [-0.01568288 -1.38770633 -0.34800007  0.          0.71222436 -0.17077785]
 [-0.06956413 -1.63585304  0.          0.         -1.12841236 -0.13207307]
 [-0.28936691 -1.41423561 -0.22208718  0.          0.85242071 -0.13667367]
 [ 0.         -1.57192586 -0.30638093  0.          0.42241808  0.20176624]
 [-0.09167795 -1.42871465 -0.31221258  0.          0.37613689  0.05118253]
 [-0.26274583 -1.25405767 -0.21709636  0.          0.66850638 -0.14454945]
 [-0.04150287 -1.43117762 -0.34182486  0.          0.30906855 -0.08853139]
 [ 6.21347709 14.36447704  0.          0.          0.44874146 -0.1617235 ]
 [-0.23031564 -1.06538042  9.7004302   0.         -0.70616414 -0.06623443]]
[04/02/2022, 23:29:51] computing sampling shap 6064:6074 within 74.6563 sec, 7.2501 on average
[04/02/2022, 23:29:51] instances left: 814
[04/02/2022, 23:29:51] estimating time left: 1:38:21.581400

[[-0.24857242 -1.28987501 -0.19778053  0.          0.66854085 -0.14225579]
 [-0.36184665 -1.30644523 -0.11469465  0.         -0.12970775 -0.13826776]
 [-0.25037969 -1.42924034 -0.06880718  0.          0.75206082 -0.19046325]
 [-0.18970621 -1.32054136 -0.31007032  0.         -0.40930994 -0.21239585]
 [-0.26658052 -1.40684643  0.          0.         -0.93521434 -0.2316087 ]
 [-0.2085749  -1.32094511 -0.19979002  0.          0.2850392   0.11043599]
 [-0.31529329 -1.46809012  0.          0.          0.75310533 -0.17966478]
 [-0.4549917  -1.31848298 -0.07266082  0.         -0.75860884  0.25632392]
 [-0.32460081 -1.53844399  0.          0.         -1.23976288 -0.14862027]
 [-0.41674472 -1.51969465  0.          0.          0.44894485  0.17452452]]
[04/02/2022, 23:31:05] computing sampling shap 6074:6084 within 74.3309 sec, 7.2603 on average
[04/02/2022, 23:31:05] instances left: 804
[04/02/2022, 23:31:05] estimating time left: 1:37:17.281200

[[-0.1441254  -1.36106775 -0.22963971  0.         -0.12924391 -0.18688509]
 [-0.01552829 -1.45515461 -0.22478966  0.          0.20928057 -0.20531251]
 [-0.33870265 -1.28165565 -0.30000748  0.         -0.47364388  0.76607396]
 [-0.05516696 -1.49367082 -0.06579532  0.          0.60719135 -0.17938788]
 [-0.21717221 -1.40181413 -0.18857116  0.          0.3137921  -0.16599387]
 [-0.2914467  -1.52718324  0.          0.          0.79372975 -0.1850427 ]
 [-0.30141607 -1.32468009 -0.2176276   0.          0.31834036 -0.16612125]
 [-0.05136109 -1.34887277 -0.360232    0.          0.71206832 -0.16154559]
 [-0.27896585 -1.40324582  0.          0.          0.62719462 -0.07460754]
 [-0.2225095  -1.24773105 -0.33175381  0.         -1.44800862  0.49478892]]
[04/02/2022, 23:32:21] computing sampling shap 6084:6094 within 75.2512 sec, 7.2742 on average
[04/02/2022, 23:32:21] instances left: 794
[04/02/2022, 23:32:21] estimating time left: 1:36:15.714800

[[-0.3143749  -1.45172078  0.          0.         -0.2978491   0.38927834]
 [-0.26928212 -1.24667882 -0.22569879  0.          0.71319394 -0.18147746]
 [-0.33108708 -1.12137878 -0.39191801  0.         -0.70373582 -0.15501427]
 [-0.05445301 -1.62863413  0.          0.          0.1972334  -0.07923564]
 [-0.31826822 -1.31259483 -0.13065719  0.         -0.54187881  0.63833148]
 [ 0.         -1.51643759 -0.2335744   0.         -0.34501222  0.52666961]
 [12.06715017  9.9650674  -0.09655841  0.          0.27058703 -0.11807959]
 [-0.14752147  9.07858061 -0.15820473  0.          0.61576469 -0.11517426]
 [-0.25086489 -1.37726198 -0.21919444  0.          0.78994079 -0.09517855]
 [ 6.52063903 14.23815248  0.          0.         -0.22065429 -0.13869655]]
[04/02/2022, 23:33:33] computing sampling shap 6094:6104 within 72.6396 sec, 7.2737 on average
[04/02/2022, 23:33:33] instances left: 784
[04/02/2022, 23:33:33] estimating time left: 1:35:02.580800

[[ 0.00000000e+00  8.80211139e+00  0.00000000e+00  0.00000000e+00
   2.36264918e-01 -4.51004336e-02]
 [-3.91619625e-01 -1.36268766e+00 -6.71100525e-02  0.00000000e+00
   7.77220657e-01 -1.42632818e-01]
 [-3.54251599e-01 -1.11487261e+00 -2.78849951e-01  0.00000000e+00
   6.90376892e-01 -1.09028381e-02]
 [-3.95782197e-01 -1.38507259e+00 -7.39569669e-02  0.00000000e+00
  -3.17927925e-02 -6.51970166e-02]
 [-5.10364699e-01 -1.29852320e+00  0.00000000e+00  0.00000000e+00
   7.10099213e-01 -1.11154246e-01]
 [ 2.23826388e+01 -5.05685371e-01 -1.16032576e-01  0.00000000e+00
   2.88113462e-01  7.46638406e-03]
 [-2.48823813e-01 -1.35755896e+00 -2.06474929e-01  0.00000000e+00
   7.84348544e-01 -1.81434185e-01]
 [-8.11291035e-02 -1.60356903e+00  0.00000000e+00  0.00000000e+00
  -6.91784269e-01 -1.67646378e-01]
 [-3.78223302e-01 -1.31238159e+00 -1.13097688e-01  0.00000000e+00
  -3.22028678e-01 -9.27881014e-02]
 [-2.69125740e-02 -1.59400527e+00 -2.31584464e-01  0.00000000e+00
   8.30855173e-01 -1.88295537e-01]]
[04/02/2022, 23:34:47] computing sampling shap 6104:6114 within 73.8481 sec, 7.279 on average
[04/02/2022, 23:34:47] instances left: 774
[04/02/2022, 23:34:47] estimating time left: 1:33:53.946000

[[-2.78228885e-01 -1.17231499e+00 -2.87608930e-01  0.00000000e+00
   7.16170648e-01 -1.87960893e-01]
 [-3.77169467e-01 -1.37609028e+00 -6.29411573e-02  0.00000000e+00
  -5.04431657e-02 -8.51575677e-02]
 [-3.30182186e-01 -1.26944730e+00 -1.78540337e-01  0.00000000e+00
   6.97130868e-01 -1.05791008e-01]
 [-6.58621286e-02 -1.53112741e+00 -1.88230726e-01  0.00000000e+00
  -1.09270917e-01 -1.56470321e-01]
 [ 5.99627297e+00  1.44860975e+01  0.00000000e+00  0.00000000e+00
   6.88547374e-01 -1.65079322e-01]
 [-4.10092748e-01 -1.31479945e+00 -1.32403277e-01  0.00000000e+00
  -6.17069355e-01 -3.15241047e-01]
 [-4.82716483e-01 -1.34353243e+00  0.00000000e+00  0.00000000e+00
  -7.89612840e-01 -2.11877744e-01]
 [-1.49861893e-01  1.92960038e+01  0.00000000e+00  0.00000000e+00
  -5.68433430e-01  4.62576352e-03]
 [-2.84777318e-01 -1.44454258e+00 -2.03482199e-01  0.00000000e+00
  -1.52892790e-01  1.50411648e-01]
 [-4.41521808e-01 -1.31750512e+00  0.00000000e+00  0.00000000e+00
   2.91033941e-01 -1.25975133e-01]]
[04/02/2022, 23:35:59] computing sampling shap 6114:6124 within 71.3742 sec, 7.2726 on average
[04/02/2022, 23:35:59] instances left: 764
[04/02/2022, 23:35:59] estimating time left: 1:32:36.266400

[[-0.33187979 -1.42937525  0.          0.          0.71372171 -0.13929665]
 [-0.02658505 -1.62089292 -0.22415179  0.          0.37273398 -0.19260829]
 [-0.18881636 -1.3966819  -0.2842813   0.          0.81786167 -0.15802514]
 [-0.2176929  -1.35932987 -0.13454831  0.         -0.7128507  -0.21601161]
 [-0.07582171 -1.42483062 -0.22917695  0.          0.67937166 -0.15948484]
 [-0.34823683 -1.36854685 -0.05991221  0.          0.76857992 -0.14444326]
 [-0.41349309 -1.24360806 -0.19051894  0.         -0.27451075  0.68795288]
 [-0.36268833 -1.12893498 -0.21261978  0.         -0.39162178 -0.06594313]
 [-0.26734472 -1.25666102 -0.22832088  0.          0.68381685 -0.14143328]
 [-0.27473965 -1.48555934  0.          0.          0.27431815 -0.06426743]]
[04/02/2022, 23:37:09] computing sampling shap 6124:6134 within 70.8045 sec, 7.2642 on average
[04/02/2022, 23:37:09] instances left: 754
[04/02/2022, 23:37:09] estimating time left: 1:31:17.206800

[[ 0.         -1.58768844 -0.32320597  0.          0.85749857 -0.09916353]
 [ 0.         -1.63366345 -0.1851637   0.          0.30342663 -0.17610352]
 [-0.47766384 -1.29396153  0.          0.         -0.05039533  0.11651698]
 [-0.59039933 -1.12666937 -0.22146239  0.         -0.58527165 -0.20616254]
 [-0.2705165  -1.34588838 -0.12637551  0.         -0.37824298  0.31821111]
 [-0.17722699 -1.62862243  0.          0.         -0.26344744  0.25815861]
 [-0.34852266 -1.456477    0.          0.          0.75227234 -0.15721544]
 [ 0.         -1.61995244 -0.1463761   0.         -0.25853185  0.45650603]
 [-0.33885787 -1.17455576 -0.23611674  0.         -0.34532708 -0.23442588]
 [-0.16169833 -1.37593053 -0.32080666  0.         -0.92382608  0.11166082]]
[04/02/2022, 23:38:27] computing sampling shap 6134:6144 within 77.2183 sec, 7.2833 on average
[04/02/2022, 23:38:27] instances left: 744
[04/02/2022, 23:38:27] estimating time left: 1:30:18.775200

[[-0.37955154 -1.3260539  -0.17091459  0.          0.79339148 -0.10370111]
 [-0.38975951 -1.17676335 -0.23474867  0.          0.71646548 -0.12513707]
 [-0.39095697 -1.33028635 -0.18264803  0.         -0.45291325  0.0312855 ]
 [-0.28555576 -1.40330038 -0.06472386  0.          0.71283505 -0.16919789]
 [-0.41345715 -1.25934429 -0.10888404  0.          0.71649071 -0.03564302]
 [-0.29533427 -1.52932687  0.          0.         -1.64265834 -0.19445762]
 [-0.31111734 19.34044707  0.          0.          0.6658688  -0.12579769]
 [-0.24570206 -1.29969452 -0.24938875  0.         -0.68095447 -0.05185794]
 [-0.25288974 -1.43816434 -0.19734664  0.          0.05525944  0.25486737]
 [-0.07197542 -1.52717275 -0.20648631  0.          0.74602038 -0.15032877]]
[04/02/2022, 23:39:40] computing sampling shap 6144:6154 within 73.8125 sec, 7.2872 on average
[04/02/2022, 23:39:40] instances left: 734
[04/02/2022, 23:39:40] estimating time left: 1:29:08.804800

[[-0.2268962   8.97411637  0.          0.         -0.41825117  0.51201611]
 [-0.22470396 19.36293221  0.          0.          0.0749212   0.1642427 ]
 [ 0.         -1.68917723 -0.06031434  0.         -0.39176522  0.04846134]
 [-0.21039884 -1.39908683 -0.146249    0.          0.27404824  0.23149959]
 [ 0.         -1.50235964 -0.34806629  0.          0.38131384 -0.22239203]
 [-0.39246224 -1.44471146  0.          0.          0.70096308  0.07283561]
 [-0.32584487 -1.53992449  0.          0.          0.36852972 -0.13780414]
 [ 6.08120691  4.0653916   0.          0.          0.66957838 -0.12063431]
 [12.12449679  9.7354556   0.          0.          0.46073922 -0.13062781]
 [ 0.         -1.78724215  0.          0.         -0.71123315 -0.2911299 ]]
[04/02/2022, 23:40:54] computing sampling shap 6154:6164 within 73.8279 sec, 7.2909 on average
[04/02/2022, 23:40:54] instances left: 724
[04/02/2022, 23:40:54] estimating time left: 1:27:58.611600

[[-0.28386997 -1.38092981 -0.12749217  0.          0.29575164 -0.19496399]
 [-0.01551209 -1.82900617  0.          0.          0.7609724  -0.12639666]
 [11.53769723 10.21802059 -0.29014983  0.          0.60062946 -0.12113906]
 [-0.3401515  -1.17898923 -0.37780309  0.         -0.64525451 -0.22858705]
 [-0.21077847 -1.28168848 -0.33786594  0.         -0.04415986  0.44758255]
 [-0.2816447  -1.16953234 -0.24708019  0.          0.69923568 -0.18780831]
 [-0.025606   -1.42829276 -0.33729281  0.          0.75690622 -0.17565749]
 [-0.44859126 -1.42547415  0.          0.          0.35071985 -0.07062262]
 [-0.01517396 -1.78393395 -0.08676438  0.          0.82874256 -0.04370774]
 [-0.3477173  -1.20608863 -0.20301054  0.         -0.54168438 -0.14352269]]
[04/02/2022, 23:42:06] computing sampling shap 6164:6174 within 72.0146 sec, 7.2876 on average
[04/02/2022, 23:42:06] instances left: 714
[04/02/2022, 23:42:06] estimating time left: 1:26:43.346400

[[-0.24979247 -1.25011024 -0.28153225  0.         -1.44424437  0.33314676]
 [-0.25240514 -1.3615017  -0.14211948  0.         -0.46089247  0.58721243]
 [-0.01154885 -1.75823296  0.          0.         -0.58291799  0.51280599]
 [-0.35888407 -1.45948813  0.          0.          0.75502632 -0.14659711]
 [-0.45732842 -1.17339304 -0.23996733  0.         -0.24386845  0.11938785]
 [-0.20601367 -1.36638158 -0.18220538  0.         -0.36346332  0.02526781]
 [-0.29779335 -1.41881674 -0.11515041  0.          0.33888267 -0.09497675]
 [-0.33258695 -1.49456649  0.          0.         -0.02574368 -0.17300058]
 [-0.34065256 -1.14304858 -0.16770513  0.         -0.87459507 -0.24478361]
 [-0.22376722 -1.52484362  0.          0.         -0.74173175  0.29253171]]
[04/02/2022, 23:43:16] computing sampling shap 6174:6184 within 69.5207 sec, 7.2756 on average
[04/02/2022, 23:43:16] instances left: 704
[04/02/2022, 23:43:16] estimating time left: 1:25:22.022400

[[-0.2411607  -1.37459895 -0.18092082  0.          0.28155125 -0.14463028]
 [ 0.         -1.8947795   0.          0.         -0.60296742  0.0236275 ]
 [-0.19297562 -1.48476487 -0.10743485  0.         -0.05574203  0.36747741]
 [-0.11657779 -1.39343919 -0.28877485  0.          0.76757814 -0.05042501]
 [-0.12408249 -1.79262501  0.          0.         -0.62047318 -0.10325249]
 [-0.43036286 -1.46686368  0.          0.          0.82091504 -0.13363148]
 [-0.61793013 -1.20808793  0.          0.          0.32341756 -0.18890386]
 [-0.37134815 -1.38411042 -0.10741444  0.         -0.56942416  0.36087674]
 [-0.14209298  9.02288139 -0.12284197  0.          0.67080126 -0.12289753]
 [-0.18760792 -1.34223341 -0.22805437  0.          0.29631893 -0.22992752]]
[04/02/2022, 23:44:27] computing sampling shap 6184:6194 within 71.5662 sec, 7.2715 on average
[04/02/2022, 23:44:27] instances left: 694
[04/02/2022, 23:44:27] estimating time left: 1:24:06.421000

[[-0.08202262 -1.80640949  0.          0.         -0.65034056 -0.0907887 ]
 [-0.24457518 -1.28766424  0.          0.          0.55654149 -0.2342453 ]
 [-0.03984758 -1.49355184 -0.21856047  0.          0.27469265 -0.15777674]
 [-0.44887331 -1.34010168 -0.06548443  0.         -1.29619948  0.05330577]
 [ 0.         -1.51431834 -0.35657382  0.          0.82596247 -0.1650133 ]
 [-0.01581878 -1.49654621 -0.34600974  0.          0.79774787 -0.14931604]
 [-0.23965969 -1.19402625 -0.3210558   0.          0.2810967  -0.01399124]
 [-0.31018516 -1.3469387  -0.07182434  0.         -1.54345365  0.42184683]
 [-0.32493561 -1.26882523 -0.18785076  0.          0.72851621 -0.15684782]
 [-0.30611449 -1.39124194 -0.0823617   0.         -0.72031391 -0.09398794]]
[04/02/2022, 23:45:40] computing sampling shap 6194:6204 within 72.4266 sec, 7.2706 on average
[04/02/2022, 23:45:40] instances left: 684
[04/02/2022, 23:45:40] estimating time left: 1:22:53.090400

[[-0.07048695 -1.6358327   0.          0.          0.66734731 -0.10369028]
 [-0.19754602 -1.50810221 -0.06421132  0.         -0.0892372  -0.19186474]
 [-0.2220319  -1.3936415  -0.14392895  0.         -0.06506229 -0.16509676]
 [-0.02877159 -1.34325777 -0.39372012  0.         -1.71264219 -0.1846191 ]
 [-0.01433703 -1.53745552 -0.32454788  0.         -0.48232824 -0.18546026]
 [-0.02770753 -1.883799    0.          0.         -0.53833065  0.25021254]
 [-0.59182983 -1.11253577 -0.07568591  0.         -0.5165016   0.06711071]
 [ 0.          8.73970636  0.          0.          0.68288358 -0.11514587]
 [-0.02399416 -1.79165458  0.          0.         -0.65715862  0.51707587]
 [-0.3475144  -1.09929129 -0.27120796  0.          0.62538991 -0.01269447]]
[04/02/2022, 23:46:52] computing sampling shap 6204:6214 within 71.8368 sec, 7.2678 on average
[04/02/2022, 23:46:52] instances left: 674
[04/02/2022, 23:46:52] estimating time left: 1:21:38.497200

[[-0.20647396 -1.17515185 -0.32784867  0.         -1.67311131 -0.19896264]
 [12.86848849  9.02847311  0.          0.         -0.44988615  0.14692635]
 [-0.28135935 -1.17900871 -0.25670934  0.         -0.32576589  0.58312454]
 [-0.26310474 -1.2190536  -0.23659568  0.         -0.63435955 -0.19101553]
 [-0.13395833 -1.62972477  0.          0.          0.70937473 -0.15563451]
 [-0.49594237 -1.12536345 -0.20264743  0.         -0.06445326  0.5023275 ]
 [-0.45058858 -1.31544844  0.          0.          0.32154824 -0.24701547]
 [-0.3717814  -1.2074365  -0.12818361  0.          0.63453252 -0.13707432]
 [-0.20191589 -1.39932862 -0.2379992   0.          0.81349819 -0.1268137 ]
 [-0.30642219 -1.23890562 -0.21926033  0.         -1.08887874 -0.21334779]]
[04/02/2022, 23:48:03] computing sampling shap 6214:6224 within 70.9778 sec, 7.2625 on average
[04/02/2022, 23:48:03] instances left: 664
[04/02/2022, 23:48:03] estimating time left: 1:20:22.300000

[[-9.31885814e-02 -1.71895703e+00 -1.23931723e-01  0.00000000e+00
   8.70769921e-01 -1.44635296e-01]
 [-1.56335204e-01 -1.42504364e+00 -2.29388096e-01  0.00000000e+00
  -3.62094338e-02  5.22067318e-01]
 [ 1.20806128e+01  1.00763226e+01 -1.62184803e-01  0.00000000e+00
  -5.85867751e-01 -1.12405608e-01]
 [-3.79059583e-01 -1.23757030e+00 -2.14769958e-01  0.00000000e+00
  -6.53674558e-01  8.02604871e-02]
 [-4.44257889e-01 -1.20072291e+00 -1.96833302e-01  0.00000000e+00
  -3.38690741e-01 -8.14938293e-02]
 [-3.60512636e-01 -1.36835816e+00 -1.57232835e-01  0.00000000e+00
  -2.58033036e-01 -2.43676707e-01]
 [-3.66418486e-01 -1.24583769e+00 -2.28283021e-01  0.00000000e+00
  -7.12474037e-01 -5.29204896e-03]
 [-1.97205899e-01 -1.47868178e+00 -7.82026843e-02  0.00000000e+00
   6.97483072e-01 -1.53335920e-01]
 [-2.53257547e-01 -1.62690581e+00  0.00000000e+00  0.00000000e+00
   7.88679405e-01  9.98794582e-03]
 [-3.04322322e-01 -1.36785182e+00 -6.52547925e-02  0.00000000e+00
   7.05783722e-01 -1.78297822e-01]]
[04/02/2022, 23:49:14] computing sampling shap 6224:6234 within 71.4936 sec, 7.2591 on average
[04/02/2022, 23:49:14] instances left: 654
[04/02/2022, 23:49:14] estimating time left: 1:19:07.451400

[[-0.30841017 -1.41956224  0.          0.          0.21635166 -0.08234725]
 [-0.47748489 -1.37508822  0.          0.         -0.65647243 -0.17956565]
 [-0.46455253 -1.34510846  0.          0.          0.75696913 -0.08997058]
 [-0.37953661 -1.26553388 -0.1865179   0.          0.78255624 -0.13779769]
 [-0.45778295 -1.21061167 -0.11757869  0.         -0.01596458 -0.2239602 ]
 [-0.22348257 -1.62717819  0.          0.         -0.02639178 -0.17390884]
 [ 0.         -1.62848845 -0.18827542  0.          0.32286382 -0.14114368]
 [-0.48974291 -1.09433346 -0.12639872  0.         -0.89147756 -0.22702794]
 [-0.06373589 -1.70391158  0.          0.         -0.71539079  0.23317739]
 [-0.14086871  9.06844403 -0.07703666  0.         -0.34787275 -0.20514447]]
[04/02/2022, 23:50:32] computing sampling shap 6234:6244 within 77.389 sec, 7.2732 on average
[04/02/2022, 23:50:32] instances left: 644
[04/02/2022, 23:50:32] estimating time left: 1:18:03.940800

[[-0.52153305 -1.10840088 -0.06697396  0.          0.65787478 -0.17090994]
 [-0.0164066  -1.80869822  0.          0.         -0.52339509  0.79450624]
 [-0.38019141 -1.46814143  0.          0.         -0.68108743 -0.22927836]
 [-0.4384074  -1.07922035 -0.25540573  0.          0.34889916 -0.2673699 ]
 [ 5.87968603  4.55586369 -0.15955281  0.         -0.77262658  0.14937488]
 [-0.42477387 -1.34775624  0.          0.         -1.6037226   0.02188546]
 [-0.31773593 -1.22910805 -0.21495296  0.          0.70238143 -0.15052758]
 [-0.03089495 -1.46942469 -0.25640019  0.          0.71179285 -0.10763229]
 [-0.43458513 -1.17431897 -0.14561014  0.          0.74295437 -0.19838327]
 [-0.01388714 -1.56806235 -0.19880853  0.          0.75887907 -0.18806389]]
[04/02/2022, 23:51:41] computing sampling shap 6244:6254 within 69.7537 sec, 7.2647 on average
[04/02/2022, 23:51:41] instances left: 634
[04/02/2022, 23:51:41] estimating time left: 1:16:45.819800

[[-0.3610801  -1.38035827 -0.15090503  0.         -1.53066154  0.04972885]
 [-0.25216115 -1.28280985 -0.18201175  0.          0.21831526 -0.06642193]
 [ 0.         -1.79566698 -0.06786492  0.          0.38054265 -0.10486492]
 [-0.4083434  -1.28259372 -0.14342338  0.         -1.07928097  0.12770302]
 [-0.21830725 -1.17701271 -0.34297764  0.         -0.1453496  -0.2010401 ]
 [-0.24450902 -1.38942465 -0.11610653  0.         -0.73341236  0.32415596]
 [-0.34300579 -1.39392108  0.          0.          0.687919   -0.16093486]
 [-0.30427545 -1.3917645   0.          0.         -0.79538378 -0.29818221]
 [-0.22329943 -1.30761554 -0.20204416  0.          0.70236948 -0.17935358]
 [-0.3069476  -1.6077024   0.          0.         -0.45501154  0.42163368]]
[04/02/2022, 23:52:50] computing sampling shap 6254:6264 within 69.0276 sec, 7.2546 on average
[04/02/2022, 23:52:50] instances left: 624
[04/02/2022, 23:52:50] estimating time left: 1:15:26.870400

[[-0.36459283 -1.20399432 -0.20608224  0.         -0.55283518 -0.21662447]
 [-0.17181868 -1.1134659   9.61825114  0.         -1.3802386   0.52290384]
 [-0.01660153 -1.38530655 -0.37341357  0.         -1.55768233 -0.20789296]
 [-0.21636704 -1.26742917 -0.23697489  0.          0.65037219 -0.07226414]
 [-0.19738991 -1.13841563 -0.39616564  0.          0.7133218  -0.19129398]
 [-0.29152991 -1.20951344 -0.35183632  0.         -0.64672395 -0.02635258]
 [-0.29156124 -1.44659264  0.          0.         -0.38506702 -0.0952983 ]
 [ 0.         -1.40423915 -0.31775203  0.         -0.06786656  0.29638263]
 [-0.29105343 -1.52188246  0.          0.          0.70112941  0.04685456]
 [-0.05067061 -1.81425477  0.          0.          0.79919216 -0.12109614]]
[04/02/2022, 23:54:05] computing sampling shap 6264:6274 within 74.3092 sec, 7.2594 on average
[04/02/2022, 23:54:05] instances left: 614
[04/02/2022, 23:54:05] estimating time left: 1:14:17.271600

[[-0.38603446 -1.37281809  0.          0.          0.68625574 -0.13734631]
 [-0.07854255 -1.62027055 -0.10652947  0.          0.76739997 -0.17200018]
 [-0.0159865  -1.84308657  0.          0.         -0.73489508  0.14281773]
 [-0.34761512 -1.45276358  0.          0.          0.75171228 -0.1612764 ]
 [-0.09043222 -1.3930985  -0.21076275  0.          0.24155019 -0.23876077]
 [-0.32137362 -1.49237563  0.          0.          0.30897527 -0.18673058]
 [-0.25249561 -1.3087698  -0.19576484  0.         -0.71275981  0.24447495]
 [-0.19337943 -1.33473561 -0.23832627  0.         -0.36177079  0.00483167]
 [-0.19577522 -1.44015082 -0.23191     0.         -0.4989454   0.60669979]
 [-0.02368121 -1.84632791  0.          0.          0.03371552  0.31426437]]
[04/02/2022, 23:55:13] computing sampling shap 6274:6284 within 68.4487 sec, 7.2485 on average
[04/02/2022, 23:55:13] instances left: 604
[04/02/2022, 23:55:13] estimating time left: 1:12:58.094000

[[-0.20721453 -1.42411148 -0.11931854  0.          0.69305567 -0.15235436]
 [-0.17340908 -1.47023294 -0.20401794  0.          0.81720219 -0.17948509]
 [-0.42057387 -1.2827391  -0.12155327  0.         -1.34508028 -0.05989571]
 [-0.16472747 -1.33067466 -0.23042112  0.          0.68871098 -0.17283083]
 [-0.04209229 -1.81034281  0.          0.          0.83212552 -0.18963284]
 [-0.41548991 -1.28511341  0.          0.         -0.06852969  0.26655434]
 [-0.07464043 -1.8001348   0.          0.         -0.36083831  0.73356118]
 [-0.45931843 -1.16148474 -0.21712611  0.          0.82221719 -0.19423111]
 [-0.34748283 -1.43559807  0.          0.          0.30246874  0.0214848 ]
 [-0.12767079 19.38075967 -0.07442353  0.          0.03943464 -0.2379676 ]]
[04/02/2022, 23:56:25] computing sampling shap 6284:6294 within 72.2235 sec, 7.2478 on average
[04/02/2022, 23:56:25] instances left: 594
[04/02/2022, 23:56:25] estimating time left: 1:11:45.193200

[[ 0.00000000e+00 -1.62482167e+00 -1.88502164e-01  0.00000000e+00
   6.67502682e-01  1.08805431e-01]
 [-4.29931603e-01 -1.34254461e+00  0.00000000e+00  0.00000000e+00
   2.98513033e-01 -1.61080793e-01]
 [-3.75325321e-01 -1.43162850e+00  0.00000000e+00  0.00000000e+00
   7.84859595e-01 -1.20568313e-01]
 [-3.81133441e-01 -1.11236480e+00 -2.08513988e-01  0.00000000e+00
  -4.49792687e-01  4.62161869e-02]
 [-3.19818280e-01 -1.40629867e+00 -6.40627912e-02  0.00000000e+00
   3.08418188e-01  1.47926471e-01]
 [-2.85918786e-01 -1.39528443e+00 -1.91764209e-01  0.00000000e+00
   3.55572601e-01 -6.13990346e-02]
 [-2.29988274e-01 -1.43564669e+00 -9.75492183e-02  0.00000000e+00
  -4.20623141e-01 -7.81916340e-02]
 [-1.09766192e-01 -1.40650559e+00 -2.33022093e-01  0.00000000e+00
  -6.44941911e-01  3.96630337e-02]
 [-2.87880043e-02 -7.41631673e-01  1.95304750e+01  0.00000000e+00
  -5.20531826e-02 -1.09953691e-01]
 [-2.44333595e-01 -1.39198116e+00 -1.89890650e-01  0.00000000e+00
  -9.31141892e-03 -1.54244459e-01]]
[04/02/2022, 23:57:38] computing sampling shap 6294:6304 within 72.7536 sec, 7.2485 on average
[04/02/2022, 23:57:38] instances left: 584
[04/02/2022, 23:57:38] estimating time left: 1:10:33.124000

[[-2.25994708e-01 -1.49564614e+00  0.00000000e+00  0.00000000e+00
  -3.88246300e-01  1.74604307e-01]
 [-1.78893693e-01 -1.37244479e+00 -2.35485711e-01  0.00000000e+00
   7.51488031e-01 -1.74606947e-01]
 [-1.37201193e-02 -1.79677739e+00 -5.95709853e-02  0.00000000e+00
  -8.22395324e-01  5.18648969e-01]
 [-7.98543115e-02 -1.52337427e+00 -2.37517985e-01  0.00000000e+00
   7.72493078e-01 -1.41689435e-01]
 [-4.63127430e-01 -1.23995173e+00 -7.70178695e-02  0.00000000e+00
   7.23939795e-01 -1.30672496e-01]
 [-3.67813251e-01 -1.29616938e+00 -1.92180081e-01  0.00000000e+00
  -1.12414374e+00  3.56326289e-02]
 [-2.62532283e-01  1.94901658e+01 -7.29899331e-02  0.00000000e+00
   6.62089445e-02  1.56539370e-01]
 [-3.41747526e-01 -1.49402959e+00  0.00000000e+00  0.00000000e+00
   7.60729373e-01 -1.34895201e-01]
 [-3.56396832e-01 -1.26211786e+00 -7.31846067e-02  0.00000000e+00
  -3.39885320e-01  2.54031380e-01]
 [-1.64125425e-01 -1.47099553e+00 -2.30418138e-01  0.00000000e+00
   3.79159660e-02  2.40247293e-01]]
[04/02/2022, 23:58:48] computing sampling shap 6304:6314 within 70.2883 sec, 7.2432 on average
[04/02/2022, 23:58:48] instances left: 574
[04/02/2022, 23:58:48] estimating time left: 1:09:17.596800

[[-0.32613873 -1.25620286 -0.30531475  0.         -0.73328718 -0.13014187]
 [-0.05588239 -1.52163031 -0.17241254  0.         -0.05858404  0.23023543]
 [-0.32171241 -1.26818828 -0.07545287  0.          0.67401398 -0.21860344]
 [-0.42118932 -1.3520087   0.          0.          0.75259705 -0.13195839]
 [-0.02824847 -1.767343    0.          0.         -0.04926302 -0.09095797]
 [-0.29724266 -1.24405692 -0.14202992  0.         -0.17222928 -0.07539976]
 [-0.08670449 19.36393944  0.          0.         -0.53909337  0.7457885 ]
 [-0.18913616 -1.32691522 -0.22847798  0.         -0.50294713  0.21958861]
 [ 0.         -1.56490702 -0.32351163  0.          0.84401913 -0.14242996]
 [-0.41973593 -1.267667    0.          0.         -0.61053685  0.41697124]]
[04/02/2022, 23:59:58] computing sampling shap 6314:6324 within 69.3359 sec, 7.2358 on average
[04/02/2022, 23:59:58] instances left: 564
[04/02/2022, 23:59:58] estimating time left: 1:08:00.991200

[[-4.04181902e-02 -1.82553390e+00  0.00000000e+00  0.00000000e+00
  -1.72502229e-01  3.49497922e-01]
 [ 1.21007998e+01  9.85627630e+00  0.00000000e+00  0.00000000e+00
   1.90723523e-01 -3.80312398e-02]
 [-1.90033720e-01 -1.33676191e+00 -2.64664821e-01  0.00000000e+00
  -3.28116989e-01 -2.23474451e-01]
 [-2.30729711e-01 -1.36169498e+00 -1.66358485e-01  0.00000000e+00
  -8.15885434e-01 -2.51593703e-01]
 [-1.65578861e-02 -1.54366449e+00 -3.49356934e-01  0.00000000e+00
  -4.56833723e-01 -1.92262120e-01]
 [-4.50612945e-01 -1.29095472e+00 -2.55865719e-01  0.00000000e+00
  -6.17554025e-01 -2.11274905e-01]
 [-2.67577241e-01 -1.23942055e+00 -3.08937832e-01  0.00000000e+00
   2.93086209e-01  2.90885734e-01]
 [-2.59752297e-02 -1.47374575e+00 -3.50656512e-01  0.00000000e+00
  -5.19052394e-01 -1.74699048e-01]
 [-3.78648451e-02  1.92348811e+01 -9.64230333e-02  0.00000000e+00
   3.24569027e-01  2.30325802e-01]
 [-5.64799846e-01 -1.05371101e+00 -1.28296086e-01  0.00000000e+00
   7.21886390e-01 -1.85022587e-01]]
[04/03/2022, 00:01:06] computing sampling shap 6324:6334 within 68.6612 sec, 7.2272 on average
[04/03/2022, 00:01:06] instances left: 554
[04/03/2022, 00:01:06] estimating time left: 1:06:43.868800

[[ 0.00000000e+00 -1.64656045e+00 -1.60600046e-01  0.00000000e+00
  -2.61162927e-01  5.69618924e-01]
 [-3.54993817e-01 -1.27904916e+00 -7.32640070e-02  0.00000000e+00
   6.81498974e-01 -1.84135191e-01]
 [-3.80109704e-01 -1.28973037e+00 -8.29927428e-02  0.00000000e+00
   7.20034643e-01 -1.54031520e-01]
 [-2.52537276e-02  1.90095965e+01  0.00000000e+00  0.00000000e+00
   7.44577169e-01 -1.59518914e-01]
 [-1.27567911e-01  1.94430886e+01 -1.09752193e-01  0.00000000e+00
   2.43628821e-01 -1.78522813e-01]
 [-9.50943249e-02 -1.29416728e+00 -3.75833395e-01  0.00000000e+00
  -8.30664905e-01 -2.22836379e-02]
 [-1.36751043e-02 -1.30607024e+00 -3.40897646e-01  0.00000000e+00
   6.27393971e-01 -1.53580675e-01]
 [-4.14673855e-01 -1.37538898e+00 -7.33494788e-02  0.00000000e+00
  -2.21233161e-01  3.95688619e-01]
 [ 0.00000000e+00 -1.83028674e+00  0.00000000e+00  0.00000000e+00
  -3.22036889e-01 -1.76959117e-01]
 [-3.90264056e-01 -1.27367949e+00 -6.70524955e-02  0.00000000e+00
  -3.98670492e-02  2.48833806e-01]]
[04/03/2022, 00:02:17] computing sampling shap 6334:6344 within 70.3739 sec, 7.2229 on average
[04/03/2022, 00:02:17] instances left: 544
[04/03/2022, 00:02:17] estimating time left: 1:05:29.257600

[[-4.33518677e-01 -1.38324123e+00 -8.88549713e-02  0.00000000e+00
  -5.82096153e-01  1.09849864e+00]
 [ 2.27787162e+01 -7.47541007e-01  0.00000000e+00  0.00000000e+00
  -2.83067239e-01 -4.16112820e-02]
 [-9.46899040e-02 -1.40058834e+00 -1.55090065e-01  0.00000000e+00
   6.06373629e-01 -1.65948297e-01]
 [-9.03676766e-02 -1.49939751e+00 -1.90498919e-01  0.00000000e+00
   2.94961498e-01 -2.06201729e-01]
 [-3.57389916e-01 -1.24734911e+00 -1.04859620e-01  0.00000000e+00
   6.71168257e-01 -1.48399571e-01]
 [-1.65530075e-02 -1.51985433e+00 -2.38749526e-01  0.00000000e+00
   7.29561551e-01 -9.70671456e-02]
 [-2.73430959e-01 -1.41197377e+00 -2.00713559e-01  0.00000000e+00
  -6.16129029e-01  3.04436054e-01]
 [-2.88995186e-01 -1.28683362e+00 -1.89671459e-01  0.00000000e+00
   2.72624779e-01 -1.66884071e-01]
 [-3.28211990e-01 -1.39998450e+00 -1.72797723e-01  0.00000000e+00
  -9.65057589e-01  1.20253892e+00]
 [-3.37017849e-01 -1.34391545e+00  0.00000000e+00  0.00000000e+00
   6.74306809e-01 -2.03316361e-01]]
[04/03/2022, 00:03:26] computing sampling shap 6344:6354 within 69.4469 sec, 7.2167 on average
[04/03/2022, 00:03:26] instances left: 534
[04/03/2022, 00:03:26] estimating time left: 1:04:13.717800

[[-0.24449813 -1.66340686  0.          0.         -0.4632449   0.74017226]
 [ 0.         -1.56331847 -0.29538666  0.         -1.2848981  -0.06188198]
 [-0.2796507  -1.39764006 -0.19167297  0.          0.36913559  0.01219193]
 [ 0.         -1.82443869 -0.09096694  0.         -1.33267411 -0.10060623]
 [-0.29992854 -1.2067938  -0.21503412  0.         -0.61445578  0.50664661]
 [-0.02362083 -1.79235058  0.          0.         -1.2295134   0.67082537]
 [-0.44333578 -1.03968727 -0.2921214   0.         -1.19019153  0.59674745]
 [-0.22347463  9.14108331 -0.19015525  0.         -1.05929862 -0.10098459]
 [-0.24275553 -1.21441636 -0.34557727  0.          0.77884857 -0.1629294 ]
 [-0.25890255 -1.55001246  0.          0.         -1.65064474 -0.17101216]]
[04/03/2022, 00:04:34] computing sampling shap 6354:6364 within 68.0308 sec, 7.2077 on average
[04/03/2022, 00:04:34] instances left: 524
[04/03/2022, 00:04:34] estimating time left: 1:02:56.834800

[[-2.05184618e-01 -1.47085732e+00 -2.01518474e-01  0.00000000e+00
  -7.12804558e-01  1.07964213e-02]
 [-1.89870997e-01 -1.42121951e+00 -1.53111812e-01  0.00000000e+00
  -1.21274679e+00  1.13053989e+00]
 [-3.32964256e-01 -1.36168823e+00 -7.68181401e-02  0.00000000e+00
  -5.32577936e-01 -1.44074350e-01]
 [-2.93980068e-01 -1.20331848e+00 -2.19790573e-01  0.00000000e+00
  -1.54027480e+00  2.50695268e-01]
 [-4.17563113e-01 -1.34771179e+00  0.00000000e+00 -9.65724933e-02
  -1.29108972e+00  7.88879607e-01]
 [-2.25318975e-01  8.86399719e+00  0.00000000e+00  0.00000000e+00
  -4.88169312e-01  2.26309670e-01]
 [-2.33196859e-01 -1.58809288e+00  0.00000000e+00  0.00000000e+00
   7.36435727e-01 -1.25088770e-01]
 [ 0.00000000e+00 -1.69878167e+00 -6.44551730e-02  0.00000000e+00
  -1.12671206e+00  1.11105899e+00]
 [-3.46639778e-02  1.95009969e+01 -2.76836103e-01  0.00000000e+00
  -1.03338304e+00  3.14333937e-01]
 [-1.97581794e-01 -1.47131520e+00 -1.69907554e-01  0.00000000e+00
  -2.94154575e-01 -2.54853823e-01]]
[04/03/2022, 00:05:51] computing sampling shap 6364:6374 within 76.894 sec, 7.218 on average
[04/03/2022, 00:05:51] instances left: 514
[04/03/2022, 00:05:51] estimating time left: 1:01:50.052000

[[22.28965604 -0.60457782  0.          0.          0.58175867 -0.14631653]
 [-0.41546948 -1.10595752 -0.22579323  0.          0.70544088 -0.14505048]
 [-0.07505218 -1.60744045 -0.25980707  0.         -0.18800828 -0.08952143]
 [-0.02832468 -1.76429285 -0.08939359  0.          0.82379928 -0.02328404]
 [-0.42284669 -1.15967614 -0.22138747  0.         -0.25875575  0.20392601]
 [-0.19184082 -1.29105767 -0.19173381  0.         -0.15882109 -0.25123417]
 [-0.46057318 -1.37444862  0.          0.         -0.62554706 -0.28821692]
 [-0.37373809 -1.51292378  0.          0.          0.03185168 -0.17108766]
 [-0.2672474  -1.43895926  0.          0.          0.64437649 -0.14811287]
 [-0.42075159 -1.43074252  0.          0.          0.34503608 -0.12858597]]
[04/03/2022, 00:07:02] computing sampling shap 6374:6384 within 70.5494 sec, 7.2146 on average
[04/03/2022, 00:07:02] instances left: 504
[04/03/2022, 00:07:02] estimating time left: 1:00:36.158400

[[-0.02449486 -1.42293246 -0.35570495  0.          0.37906878  0.08122064]
 [-0.02894722 -1.74149005  0.          0.         -0.56866269 -0.04940885]
 [-0.6188267  -1.14390153  0.          0.          0.26866795 -0.08473365]
 [ 5.97279482 14.79335874 -0.08604359  0.         -0.25173468  0.53096259]
 [-0.08194445 19.22545085  0.          0.          0.64403216 -0.15742285]
 [ 0.         -1.46808809 -0.39242854  0.         -0.02483496 -0.0234937 ]
 [-0.35922509 -1.27648829 -0.13392266  0.          0.26228558 -0.15240888]
 [ 0.         -1.80772191  0.          0.         -1.3437465  -0.17753334]
 [-0.3228251  -1.4154901  -0.11828759  0.         -0.02029622  0.11374007]
 [-0.53130691 -1.23558454  0.          0.         -1.23300578 -0.11380546]]
[04/03/2022, 00:08:10] computing sampling shap 6384:6394 within 68.7434 sec, 7.2076 on average
[04/03/2022, 00:08:10] instances left: 494
[04/03/2022, 00:08:10] estimating time left: 0:59:20.554400

[[-0.20627111 -1.52004754 -0.07772095  0.         -1.48416431  0.30262984]
 [ 0.         -1.84073443  0.          0.         -1.4956427   0.37024074]
 [-0.33949144 -1.56091316  0.          0.          0.43569125 -0.22679102]
 [-0.37070877 -1.613447    0.          0.         -0.55923431 -0.20539572]
 [-0.37858926 -1.19209831 -0.20713314  0.         -0.04628598 -0.20179167]
 [ 6.12946559  4.11439877  0.          0.          0.56633201 -0.17976248]
 [-0.19134498 -1.43563127 -0.17811136  0.          0.78104278 -0.12851449]
 [-0.38249105 -1.41702756  0.          0.          0.75730758 -0.16773182]
 [-0.27426366 -1.31201624 -0.15273667  0.         -1.44981791  0.42748682]
 [-0.43455284 -1.3491222   0.          0.         -0.55859106 -0.20186301]]
[04/03/2022, 00:09:19] computing sampling shap 6394:6404 within 68.6259 sec, 7.2007 on average
[04/03/2022, 00:09:19] instances left: 484
[04/03/2022, 00:09:19] estimating time left: 0:58:05.138800

[[-0.38852786 -1.60168741  0.          0.         -1.30666834  0.51439869]
 [-0.18106165 -1.50217398 -0.16371714  0.          0.65805989  0.23803577]
 [-0.31541377 -1.37388447  0.          0.         -0.84004902 -0.29963316]
 [-0.04190936 -1.95618021  0.          0.          0.50617109 -0.19958543]
 [-0.36981485 -1.17119906 -0.17396328  0.          0.64642911 -0.07411472]
 [-0.48926754 -1.22706717 -0.26672212  0.         -0.83406165 -0.24969586]
 [-0.2723798  -1.33578947 -0.13981913  0.          0.29477826 -0.23829422]
 [-0.3068671  -1.46500984  0.          0.          0.74029375 -0.17835966]
 [-0.3777243  -1.08214039 -0.33585939  0.          0.80819612 -0.22241533]
 [-0.3939058  -1.49376285  0.          0.          0.85907247 -0.18134677]]
[04/03/2022, 00:10:28] computing sampling shap 6404:6414 within 69.0715 sec, 7.195 on average
[04/03/2022, 00:10:28] instances left: 474
[04/03/2022, 00:10:28] estimating time left: 0:56:50.430000

[[-0.41256504 -1.36487569 -0.06014769  0.         -0.78317368  0.44694705]
 [-0.31073583 -1.37574577 -0.07112215  0.          0.26253288 -0.19643365]
 [-0.36559747 -1.42688924  0.          0.         -0.7449296  -0.17882689]
 [-0.42025793 -1.44009215  0.          0.         -1.06382853  0.79374016]
 [-0.01654571 -1.65477691 -0.18644117  0.          0.80455261 -0.15673186]
 [-0.35052199 -1.47405923  0.          0.          0.75113521 -0.0561786 ]
 [-0.16674345 -1.28210134 -0.38862914  0.          0.84884934 -0.16393475]
 [-0.15973953 -1.29859155 -0.221946    0.          0.66083211 -0.13311456]
 [-0.3905593  -1.15911138 -0.32854303  0.         -0.18422885  0.37348587]
 [-0.32391088 -1.29706216 -0.16111098  0.          0.71211016 -0.13996929]]
[04/03/2022, 00:11:38] computing sampling shap 6414:6424 within 69.6003 sec, 7.1905 on average
[04/03/2022, 00:11:38] instances left: 464
[04/03/2022, 00:11:38] estimating time left: 0:55:36.392000

[[-4.49783675e-02 -1.55605268e+00 -1.03735076e-01  0.00000000e+00
  -5.69473517e-01 -1.22033031e-01]
 [-1.92774393e-01 -1.36171722e+00 -1.61533327e-01  0.00000000e+00
   2.06596601e-01 -6.93655012e-02]
 [-2.45975975e-02  1.91577193e+01 -8.34951377e-02  0.00000000e+00
   4.26700958e-01 -8.99727541e-02]
 [-1.34647121e-02 -1.72645637e+00  0.00000000e+00  0.00000000e+00
   6.63430491e-01 -5.00541548e-03]
 [-2.22608426e-01 -1.39034243e+00 -2.32664636e-01  0.00000000e+00
  -5.06763127e-01 -8.96448459e-02]
 [-1.57057741e-02 -1.77210056e+00  0.00000000e+00  0.00000000e+00
   7.40263412e-01 -1.62399476e-01]
 [-2.78760844e-01 -1.29981397e+00 -2.45206416e-01  0.00000000e+00
   3.35225212e-01 -7.65337479e-02]
 [-2.04891482e-01 -1.36746946e+00 -1.38763338e-01  0.00000000e+00
   6.97666605e-01 -1.96485404e-01]
 [-2.37252453e-01 -1.01016497e+00  9.82624927e+00 -6.42505611e-02
  -3.67350760e-01 -9.38949806e-02]
 [-4.75832053e-01 -1.36034910e+00  0.00000000e+00  0.00000000e+00
   7.63319665e-01 -1.13968247e-01]]
[04/03/2022, 00:12:46] computing sampling shap 6424:6434 within 68.6514 sec, 7.1843 on average
[04/03/2022, 00:12:46] instances left: 454
[04/03/2022, 00:12:46] estimating time left: 0:54:21.672200

[[-0.54448917 -1.26485527 -0.06926248  0.          0.36395345 -0.176851  ]
 [-0.26932845 -1.20626755 -0.25508137  0.          0.60634645  0.10963942]
 [ 6.0955316   4.29696426 -0.08347068  0.          0.10985691 -0.12775175]
 [-0.48509659 -1.31394534  0.          0.          0.76080508 -0.17170602]
 [-0.2714229  -1.5091205   0.          0.          0.74136243 -0.1476487 ]
 [-0.33245538 -1.19372624 -0.18361617  0.          0.65176339 -0.00691774]
 [-0.24985836 -1.53462702  0.          0.          0.30206735 -0.17734118]
 [ 0.         -1.42622168 -0.35781501  0.          0.73272975 -0.15863574]
 [-0.38302442 -1.45174371  0.          0.         -0.03944862 -0.21047062]
 [-0.06358352 -1.55067391 -0.287815    0.         -0.01985409 -0.00903186]]
[04/03/2022, 00:13:59] computing sampling shap 6434:6444 within 72.1898 sec, 7.185 on average
[04/03/2022, 00:13:59] instances left: 444
[04/03/2022, 00:13:59] estimating time left: 0:53:10.140000

[[-0.36932136 -1.42541637  0.          0.         -1.48673565  0.10051875]
 [-0.25413221 -1.33591664 -0.16527802  0.         -0.78293553 -0.16487155]
 [ 0.         -1.75783602 -0.15828316  0.          0.8338739  -0.1276973 ]
 [-0.25877655 -1.22817612 -0.31418981  0.          0.77229063 -0.18109115]
 [ 0.         -1.81510734 -0.08550799  0.          0.3990164  -0.18990493]
 [-0.01380803 -1.54289303 -0.11540349  0.          0.66098997 -0.11851005]
 [-0.3305541  -1.53675539  0.          0.         -1.44598566  0.34364716]
 [-0.12846621 -1.42266248 -0.15725483  0.         -0.08463293 -0.19674462]
 [-0.36489301 -1.52455752  0.          0.         -0.64859357 -0.06601156]
 [-0.38344086 -1.34377976  0.          0.         -0.15683269 -0.04690517]]
[04/03/2022, 00:15:07] computing sampling shap 6444:6454 within 68.075 sec, 7.1781 on average
[04/03/2022, 00:15:07] instances left: 434
[04/03/2022, 00:15:07] estimating time left: 0:51:55.295400

[[-0.24236989 -1.37391921 -0.28962126  0.          0.02032138  0.01010316]
 [-0.02623601 -1.34250699 -0.32237295  0.         -0.36726546  0.24724308]
 [-0.37912187 -1.26184586 -0.18719822  0.          0.75740864 -0.13918599]
 [-0.298972   -1.1794074  -0.30045993  0.          0.27270235 -0.05895284]
 [ 0.         -1.61699877 -0.16883858  0.         -0.72287577 -0.08239995]
 [-0.07964923 -1.50475407 -0.16214077  0.          0.25305543 -0.16627057]
 [-0.46482948 -1.24891428 -0.11718917  0.         -0.52550468 -0.08558573]
 [-0.34241262 -1.31318547 -0.15008281  0.         -1.31136588  0.02377999]
 [-0.39782553 -1.39299139  0.          0.          0.74365864 -0.16278468]
 [-0.29333954 -1.42306086 -0.23748641  0.         -0.30810022  0.24578713]]
[04/03/2022, 00:16:12] computing sampling shap 6454:6464 within 65.5017 sec, 7.1669 on average
[04/03/2022, 00:16:12] instances left: 424
[04/03/2022, 00:16:12] estimating time left: 0:50:38.765600

[[-2.77012924e-02 -1.66120057e+00 -6.15685394e-02  0.00000000e+00
   7.14297233e-01 -1.73769413e-01]
 [-2.45096307e-01 -1.55097313e+00  0.00000000e+00  0.00000000e+00
  -7.81360945e-01 -1.73654878e-01]
 [-2.19435973e-01 -1.20735593e+00 -3.20992755e-01  0.00000000e+00
  -1.40243231e+00  7.17603967e-01]
 [-2.73689583e-01 -1.52570824e+00  0.00000000e+00  0.00000000e+00
   7.27505408e-01 -1.38050524e-01]
 [-1.39057018e-02 -1.14582859e+00  9.62897376e+00  0.00000000e+00
   8.02869062e-01 -1.90139144e-01]
 [-4.89748700e-01 -1.40606318e+00  0.00000000e+00  0.00000000e+00
   8.20194007e-01 -1.11211623e-01]
 [-5.05936832e-02 -1.55029954e+00 -1.75176487e-01  0.00000000e+00
   7.15420728e-01 -1.49293807e-01]
 [ 0.00000000e+00  1.91990676e+01  0.00000000e+00  0.00000000e+00
  -2.64573411e-01  3.65520790e-01]
 [-3.92201928e-01 -1.19018994e+00 -1.79770869e-01  0.00000000e+00
   7.18099014e-01 -1.08495768e-01]
 [-3.82818398e-02 -1.69194104e+00 -6.76481385e-02  0.00000000e+00
  -1.63717705e+00 -1.51801760e-01]]
[04/03/2022, 00:17:23] computing sampling shap 6464:6474 within 70.4539 sec, 7.1648 on average
[04/03/2022, 00:17:23] instances left: 414
[04/03/2022, 00:17:23] estimating time left: 0:49:26.227200

[[-0.27021082 -1.59824558  0.          0.          0.31667364 -0.02701107]
 [-0.39101777 -1.33945911 -0.0728004   0.          0.32891169 -0.11348903]
 [-0.34535678 -1.48301616  0.          0.         -0.31741098  0.02240383]
 [-0.02490542 -1.65086968 -0.0500411   0.         -0.41356237 -0.18990444]
 [-0.41745068 -1.3460335  -0.15438872  0.          0.44104773  0.14958515]
 [-0.46661205 -1.2985516   0.          0.          0.71711176 -0.10450729]
 [-0.13752195 -1.5117654  -0.09888786  0.          0.69981617 -0.16158398]
 [-0.09043822 -1.56145093 -0.25963321  0.          0.85137386 -0.0924107 ]
 [-0.03856462  8.9300474  -0.17047794  0.          0.71205699 -0.16443995]
 [-0.44143506 -1.41741302  0.          0.         -1.25814509  0.02372666]]
[04/03/2022, 00:18:31] computing sampling shap 6474:6484 within 68.7839 sec, 7.1599 on average
[04/03/2022, 00:18:31] instances left: 404
[04/03/2022, 00:18:31] estimating time left: 0:48:12.599600

[[-4.07431566e-01 -1.39645919e+00  0.00000000e+00  0.00000000e+00
   7.03767420e-01  1.84843763e-02]
 [-2.87759234e-01 -1.51480743e+00  0.00000000e+00  0.00000000e+00
   7.63964956e-01 -6.22358107e-02]
 [-2.30775855e-01 -1.43063718e+00 -6.71454565e-02  0.00000000e+00
  -1.19892959e+00  5.63836148e-01]
 [-3.50678641e-01 -1.26588244e+00 -1.43322934e-01  0.00000000e+00
   7.03014930e-01 -1.53073895e-01]
 [ 0.00000000e+00  8.96150880e+00 -2.38305790e-01  0.00000000e+00
  -4.67991104e-01  1.41851927e-01]
 [-1.20606215e-01  1.92775310e+01  0.00000000e+00  0.00000000e+00
  -1.40097592e+00 -2.85360590e-01]
 [-6.93001348e-02 -1.74726890e+00  0.00000000e+00  0.00000000e+00
  -4.22687448e-01  3.54432394e-01]
 [-5.74929845e-02 -1.54214939e+00 -2.48452504e-01  0.00000000e+00
   7.78026543e-01 -8.24908445e-02]
 [ 0.00000000e+00 -1.66523924e+00 -1.43077567e-01  0.00000000e+00
   7.36562779e-01 -8.08047710e-02]
 [-3.32404566e-01 -1.41649198e+00  0.00000000e+00  0.00000000e+00
   7.27682626e-01 -1.31345346e-01]]
[04/03/2022, 00:19:39] computing sampling shap 6484:6494 within 67.6978 sec, 7.1532 on average
[04/03/2022, 00:19:39] instances left: 394
[04/03/2022, 00:19:39] estimating time left: 0:46:58.360800

[[-0.32133424 -1.30263436 -0.19585406  0.          0.7429426  -0.13306296]
 [-0.42185555 -1.15014108 -0.26006326  0.          0.81869529 -0.19657848]
 [-0.26339526 -1.44913724 -0.0705089   0.         -0.84614598 -0.12459061]
 [-0.02488797 -1.40534519 -0.33488161  0.         -0.02665542  0.31545987]
 [ 0.         -1.45374987 -0.26379995  0.         -1.02197496  0.56036514]
 [-0.51358656 -1.36131581  0.          0.          0.37412994  0.09548693]
 [-0.08428971 -1.42962634 -0.40102387  0.          0.03988917  0.0337591 ]
 [-0.33994816 -1.23185785 -0.19836386  0.         -0.30274028  0.47401518]
 [-0.26185884 -1.54510657  0.          0.          0.77525516 -0.17823272]
 [-0.37045416 -1.1325051  -0.34613591  0.         -1.48910825  0.36855556]]
[04/03/2022, 00:20:46] computing sampling shap 6494:6504 within 66.5962 sec, 7.145 on average
[04/03/2022, 00:20:46] instances left: 384
[04/03/2022, 00:20:46] estimating time left: 0:45:43.680000

[[-2.70194118e-02 -1.62331195e+00 -2.05748096e-01  0.00000000e+00
  -1.06715487e-02 -8.63604776e-02]
 [-3.70195058e-01 -1.43208384e+00 -9.98781565e-02  0.00000000e+00
  -1.16176951e+00  4.71701443e-01]
 [-4.08679243e-01 -1.17600451e+00 -8.26384942e-02  0.00000000e+00
   5.96038549e-01  2.78373057e-03]
 [-4.00047850e-01 -1.10792151e+00 -1.90667800e-01  0.00000000e+00
   2.51421720e-01  1.19975590e-01]
 [-3.48305995e-01 -1.08377786e+00 -1.93025545e-01  0.00000000e+00
   6.26971723e-01 -2.11805550e-01]
 [-1.78580891e-01 -1.44801615e+00 -1.31579492e-01  0.00000000e+00
   2.84803547e-01 -9.17166109e-02]
 [ 1.19436668e+01  9.78099819e+00  0.00000000e+00  0.00000000e+00
   3.49950549e-01  7.44390211e-02]
 [-3.35096421e-01 -1.24474870e+00 -1.98339012e-01  0.00000000e+00
  -3.54672947e-01 -1.68071317e-01]
 [-3.88369381e-01 -1.32976720e+00 -7.01582341e-02  0.00000000e+00
  -4.22051408e-01  3.00848977e-01]
 [-2.66747112e-01 -1.55469301e+00  0.00000000e+00  0.00000000e+00
   7.52687557e-01 -1.41189975e-01]]
[04/03/2022, 00:21:56] computing sampling shap 6504:6514 within 70.2191 sec, 7.143 on average
[04/03/2022, 00:21:56] instances left: 374
[04/03/2022, 00:21:56] estimating time left: 0:44:31.482000

[[-0.37383521 -1.49127439  0.          0.          0.34167757 -0.13632712]
 [-0.37585643 -1.26029062 -0.24501494  0.          0.69532001  0.17330943]
 [-0.30323135 -1.33153126 -0.24404792  0.         -1.30841541  0.75302834]
 [-0.0169651  -1.6773554  -0.14120529  0.          0.79748117 -0.17189788]
 [-0.26747608 -1.36005574 -0.16972003  0.         -0.74619134 -0.24616278]
 [-0.08813542 -1.69085033  0.          0.         -0.2609618   0.37344375]
 [-0.46028995 -1.32689201  0.          0.         -0.43983715  0.4098824 ]
 [-0.27510214 -1.47791078  0.          0.          0.26622635 -0.20471785]
 [-0.16445069 -1.35958988 -0.22329146  0.          0.72766646 -0.16716416]
 [-0.18282796 -1.09848348 -0.45274123  0.          0.65178656 -0.12767699]]
[04/03/2022, 00:23:03] computing sampling shap 6514:6524 within 66.8857 sec, 7.1357 on average
[04/03/2022, 00:23:03] instances left: 364
[04/03/2022, 00:23:03] estimating time left: 0:43:17.394800

[[-2.98836200e-01 -1.22145928e+00 -1.73204169e-01  0.00000000e+00
   6.44108284e-01 -3.22477160e-02]
 [-2.78937484e-01 -1.34463522e+00 -1.50317271e-01  0.00000000e+00
  -4.03858880e-01 -7.38216977e-03]
 [-4.79769960e-02 -1.75593300e+00  0.00000000e+00  0.00000000e+00
  -3.42996610e-01 -1.96144834e-01]
 [-3.00939969e-01 -1.17004379e+00 -2.56109276e-01  0.00000000e+00
  -1.24433281e+00  7.57522022e-02]
 [-8.78684570e-02 -1.74667657e+00  0.00000000e+00  0.00000000e+00
  -6.26006909e-01  9.07809811e-02]
 [ 0.00000000e+00  1.94959349e+01 -3.20612885e-01  0.00000000e+00
   3.16446819e-01 -2.20893836e-01]
 [-3.57861580e-01 -1.34587617e+00 -5.51173537e-02  0.00000000e+00
  -1.36199995e-01 -1.37902594e-02]
 [-4.39803393e-01 -1.22983826e+00 -7.21097437e-02  0.00000000e+00
  -1.56107291e+00 -3.39407685e-01]
 [ 1.12743991e+01 -1.05038431e+00  0.00000000e+00  0.00000000e+00
  -5.44773346e-01 -1.64399395e-01]
 [-2.73442230e-02  8.69186708e+00  0.00000000e+00  0.00000000e+00
   7.51458158e-01 -1.76488338e-01]]
[04/03/2022, 00:24:14] computing sampling shap 6524:6534 within 71.502 sec, 7.1359 on average
[04/03/2022, 00:24:14] instances left: 354
[04/03/2022, 00:24:14] estimating time left: 0:42:06.108600

[[-2.47159192e-01 -1.28690215e+00 -2.73497294e-01  0.00000000e+00
  -1.77964225e-01  6.30666905e-01]
 [-3.98647104e-01 -1.25788791e+00 -7.67235135e-02  0.00000000e+00
  -7.26125424e-01 -1.47360296e-02]
 [-2.81063611e-01 -1.24076666e+00 -1.99522393e-01  0.00000000e+00
   5.88344761e-01  1.17406565e-01]
 [-3.39845386e-01 -1.37632786e+00 -1.43646170e-01  0.00000000e+00
   8.11514926e-01 -1.61638472e-01]
 [-3.90436079e-01 -1.41748748e+00  0.00000000e+00  0.00000000e+00
  -7.90341268e-01 -2.27997215e-01]
 [-2.76616491e-01 -1.39950093e+00 -1.09193322e-01  0.00000000e+00
   3.20306629e-01  2.14817418e-01]
 [-8.18131264e-02 -1.43177294e+00 -2.51504416e-01  0.00000000e+00
   2.57230379e-01 -1.83644303e-01]
 [-3.31821420e-01 -1.41567029e+00 -7.27268151e-02  0.00000000e+00
   7.45384067e-01 -1.11995171e-01]
 [ 6.18715144e+00  3.92956297e+00  0.00000000e+00  0.00000000e+00
   4.30090198e-01 -2.97481099e-03]
 [-1.55533250e-01 -1.28072972e+00 -3.12940512e-01  0.00000000e+00
   2.81797776e-01  2.36656380e-01]]
[04/03/2022, 00:25:23] computing sampling shap 6534:6544 within 68.8789 sec, 7.132 on average
[04/03/2022, 00:25:23] instances left: 344
[04/03/2022, 00:25:23] estimating time left: 0:40:53.408000

[[-1.09183236e-01 -1.33347680e+00 -4.10211394e-01  0.00000000e+00
  -2.19365816e-01  4.36499050e-01]
 [-1.62633213e-01 -1.59748480e+00  0.00000000e+00  0.00000000e+00
   6.81973333e-01 -1.31797990e-01]
 [-4.88533922e-01 -1.30683830e+00  0.00000000e+00  0.00000000e+00
   7.27084301e-01 -1.41655191e-01]
 [-2.68139299e-01 -1.26559463e+00 -2.37510039e-01  0.00000000e+00
   2.59514085e-01  3.73081605e-02]
 [-3.59291169e-01 -1.24518518e+00 -2.21176847e-01  0.00000000e+00
  -2.62878304e-01 -1.70572180e-02]
 [-2.34221016e-01 -1.51575937e+00 -7.57099300e-02  0.00000000e+00
   8.61683853e-03 -2.33888078e-01]
 [-3.66779139e-01 -1.47036367e+00 -4.14681139e-02  0.00000000e+00
   4.01544022e-01 -2.14437279e-01]
 [-3.84952138e-01 -1.51489203e+00  0.00000000e+00  0.00000000e+00
   3.99708218e-01  2.57442441e-01]
 [-3.74954676e-01 -1.38532762e+00 -7.70458276e-02  0.00000000e+00
   1.22716286e-02  2.21523452e-01]
 [-1.01581047e-01  1.92980449e+01 -1.83714075e-01  0.00000000e+00
   7.56793125e-01 -1.68038257e-01]]
[04/03/2022, 00:26:34] computing sampling shap 6544:6554 within 71.3001 sec, 7.132 on average
[04/03/2022, 00:26:34] instances left: 334
[04/03/2022, 00:26:34] estimating time left: 0:39:42.088000

[[-0.04043836 19.30476781 -0.16917665  0.          0.34843622  0.21393978]
 [ 6.19928145 14.47136013  0.          0.         -1.19146153 -0.17693225]
 [-0.3692011  -1.36738722 -0.11364757  0.         -0.98554748 -0.2310312 ]
 [-0.28774595 -1.63757382  0.          0.         -0.70265555 -0.20100459]
 [-0.33430392 -1.15391915 -0.17974662  0.          0.66636032 -0.14105339]
 [-0.24761625 -1.19182835 -0.40932729  0.         -1.20079708 -0.08221257]
 [-0.42657749 -1.32313811  0.          0.          0.72148105 -0.05340436]
 [-0.38643102 -1.40239372  0.          0.          0.6715148   0.03581363]
 [-0.02532699 -1.52716655 -0.25535898  0.          0.75761776 -0.13659458]
 [-0.22954649 -1.49313721  0.          0.          0.67151517 -0.15877428]]
[04/03/2022, 00:27:44] computing sampling shap 6554:6564 within 69.2605 sec, 7.1289 on average
[04/03/2022, 00:27:44] instances left: 324
[04/03/2022, 00:27:44] estimating time left: 0:38:29.763600

[[-0.26201819 -1.26453694 -0.28939112  0.          0.75864486 -0.0952579 ]
 [-0.40018268 -1.49418894  0.          0.          0.35871499 -0.12410273]
 [-0.05023188 -1.3769755  -0.33320476  0.          0.72293933 -0.17247017]
 [-0.33963757 -1.40012678  0.          0.         -0.06011333  0.17614417]
 [-0.1886927  -1.48714123 -0.08622783  0.         -0.07579822  0.3443848 ]
 [-0.03978827 -1.72102178 -0.14604288  0.          0.41715122  0.24700839]
 [-0.33367791 -1.45402509  0.          0.         -0.03425537  0.31937966]
 [-0.3695539  -1.28203047 -0.12765341  0.          0.73454472 -0.1652501 ]
 [-0.31850865 -1.46528626  0.          0.          0.27847076 -0.12971983]
 [-0.30400187 -1.31189845 -0.2374177   0.          0.36289139 -0.1446173 ]]
[04/03/2022, 00:28:55] computing sampling shap 6564:6574 within 70.9384 sec, 7.1284 on average
[04/03/2022, 00:28:55] instances left: 314
[04/03/2022, 00:28:55] estimating time left: 0:37:18.317600

[[-0.25094678 -1.16556912 -0.2930201   0.          0.65368015 -0.15408724]
 [-0.18999949 -1.18673568 -0.45938464  0.          0.80034229 -0.17416568]
 [-0.31774879 -1.35570802 -0.23392528  0.         -0.61622354  0.04186775]
 [-0.26034407 -1.35109907 -0.097977    0.         -0.63858098 -0.25714421]
 [-0.47110834 -1.26895262  0.          0.          0.54237393  0.30399945]
 [-0.22020411 -1.64774352  0.          0.         -0.67383004  0.15735822]
 [-0.32210739 -1.0598946  -0.33330679  0.          0.25795718 -0.1077379 ]
 [-0.392509   -1.4447687   0.          0.          0.33499165 -0.06280313]
 [-0.38497722 -1.31175871 -0.26816045  0.          0.89270997 -0.13775674]
 [ 0.         -1.58474005 -0.25746491  0.         -1.19370529  0.01812975]]
[04/03/2022, 00:30:05] computing sampling shap 6574:6584 within 69.871 sec, 7.1263 on average
[04/03/2022, 00:30:05] instances left: 304
[04/03/2022, 00:30:05] estimating time left: 0:36:06.395200

[[-0.29956683 -1.33796906  0.         -0.08437198  0.69075981 -0.15568181]
 [-0.18082614 -1.62561936 -0.10324395  0.          0.38537097  0.06519146]
 [-0.15301079 19.33611755 -0.07676643  0.          0.3426173  -0.17808278]
 [ 0.         -1.81688372  0.          0.          0.34104748 -0.11813154]
 [-0.03739051 -1.61795624 -0.18756589  0.         -1.42991151  0.67723282]
 [-0.37404986 -1.55792371  0.          0.          0.88210768 -0.16007695]
 [-0.35387018 -1.32080261  0.          0.         -1.46701639  0.11252745]
 [-0.27394484 -1.2747053  -0.18506708  0.          0.71836181 -0.19458788]
 [-0.39068575 -1.18082294 -0.19930095  0.         -1.1672434  -0.27317653]
 [-0.50721327 -1.14057871  0.          0.          0.17683378 -0.22054612]]
[04/03/2022, 00:31:16] computing sampling shap 6584:6594 within 71.0331 sec, 7.126 on average
[04/03/2022, 00:31:16] instances left: 294
[04/03/2022, 00:31:16] estimating time left: 0:34:55.044000

[[-0.28271469 -1.38325191 -0.10769055  0.          0.74524402 -0.0724248 ]
 [-0.35655273 -1.3801242   0.          0.         -0.05385444  0.20315524]
 [-0.26107603 -1.41160305 -0.16819946  0.          0.82155211 -0.19061655]
 [-0.19431523 -1.52202391 -0.12312315  0.         -0.05083358 -0.09946535]
 [-0.28857902 -1.65170823  0.          0.          0.08816265 -0.19883689]
 [-0.22367257 -1.30622936 -0.21153321  0.          0.71674532 -0.18525333]
 [-0.2416657  -1.55250797  0.          0.         -0.35885807 -0.06679786]
 [-0.18538216 -1.6094544   0.          0.         -0.65894195  0.24094291]
 [-0.4195529  -1.37697807 -0.07269945  0.         -0.33246631 -0.09923159]
 [-0.36654609 -1.38471024 -0.1069529   0.          0.82614136 -0.17787521]]
[04/03/2022, 00:32:23] computing sampling shap 6594:6604 within 67.1393 sec, 7.1201 on average
[04/03/2022, 00:32:23] instances left: 284
[04/03/2022, 00:32:23] estimating time left: 0:33:42.108400

[[-3.96496094e-01 -1.36247760e+00  0.00000000e+00  0.00000000e+00
  -4.27596719e-01 -3.19489502e-02]
 [-3.18351946e-01 -1.54187178e+00 -6.87852965e-02  0.00000000e+00
  -1.51346731e+00 -1.66021292e-01]
 [-2.58924996e-01 -1.23581142e+00 -4.04001053e-01  0.00000000e+00
   3.00560157e-02 -1.21079835e-01]
 [-2.86865118e-01 -1.32656665e+00 -1.00352066e-01  0.00000000e+00
  -1.03780593e-01  2.95534639e-01]
 [-1.07917158e-01 -1.76397083e+00  0.00000000e+00  0.00000000e+00
  -9.38109672e-01  1.69487065e-01]
 [-3.37239036e-01 -1.47218229e+00  0.00000000e+00  0.00000000e+00
   1.69539568e-02  3.16156989e-01]
 [-1.76959443e-01 -1.42751087e+00 -2.61071346e-01  0.00000000e+00
   8.58718208e-01 -2.03119736e-01]
 [-5.41135342e-01 -1.15449923e+00 -1.20276024e-01  0.00000000e+00
   1.12382798e-02 -1.85088880e-01]
 [-2.80618942e-01 -1.56605023e+00  0.00000000e+00  0.00000000e+00
  -3.66113659e-02 -1.67681045e-01]
 [-2.61214412e-01 -1.57856589e+00  0.00000000e+00  0.00000000e+00
  -6.76628653e-04 -2.44230272e-01]]
[04/03/2022, 00:33:37] computing sampling shap 6604:6614 within 74.5831 sec, 7.1249 on average
[04/03/2022, 00:33:37] instances left: 274
[04/03/2022, 00:33:37] estimating time left: 0:32:32.222600

[[-0.41101048 -1.09310927 -0.2436848   0.         -1.0083754   0.49320934]
 [-0.50036855 -1.1069297  -0.24138724  0.         -0.05990999 -0.11730223]
 [-0.45200201 -1.38639115  0.          0.         -0.20242306  0.32173837]
 [-0.12095901 19.19751438  0.          0.          0.41122296 -0.17247237]
 [ 0.         -1.64890722 -0.17195259  0.         -1.41874865  0.45142574]
 [-0.04405657 -1.7341459   0.          0.         -0.82255772 -0.22550182]
 [-0.36312291 -1.06109749 -0.37320043  0.          0.33603649 -0.19837514]
 [-0.02981491 -1.41885691 -0.26587293  0.         -0.47390478  0.92583565]
 [-0.43633477 -1.20101435 -0.18360158  0.         -0.43197334  0.37720171]
 [11.85334467 10.11451541 -0.16101317  0.          0.57191018 -0.1674567 ]]
[04/03/2022, 00:34:45] computing sampling shap 6614:6624 within 67.7294 sec, 7.12 on average
[04/03/2022, 00:34:45] instances left: 264
[04/03/2022, 00:34:45] estimating time left: 0:31:19.680000

[[-0.16415769 -1.58828571  0.          0.         -1.58092559 -0.20876896]
 [-0.46934436 -1.18973328 -0.06995725  0.          0.65624148 -0.07976591]
 [-0.3766149  -1.2482491  -0.21857616  0.          0.3563047  -0.20436945]
 [-0.40123158 -1.38740305  0.          0.         -0.33989669  0.13336218]
 [-0.38904731  9.16000099  0.          0.         -1.10208132 -0.02719284]
 [-0.27190718 -1.42543981 -0.07346703  0.         -0.0988514  -0.03918007]
 [-0.25193714 -1.50747668  0.          0.         -0.68134562  0.30491321]
 [-0.02521771 -1.67491756 -0.12968631  0.          0.79193548 -0.1489434 ]
 [-0.43395697 -1.31617611  0.          0.          0.25401318 -0.19538472]
 [-0.31486151 -1.36208832 -0.0810164   0.          0.71217027 -0.08382899]]
[04/03/2022, 00:35:57] computing sampling shap 6624:6634 within 71.671 sec, 7.1206 on average
[04/03/2022, 00:35:57] instances left: 254
[04/03/2022, 00:35:57] estimating time left: 0:30:08.632400

[[-0.09973397 19.16565974  0.          0.          0.37859717  0.02765596]
 [-0.58900116 -1.14516877 -0.12300609  0.          0.32651052  0.22679775]
 [-0.40012182 -1.01555772 -0.28368961  0.         -0.77442556  0.12023954]
 [-0.54129153 -1.13419731 -0.14605822  0.          0.80439462 -0.19279072]
 [-0.41066323 -1.41639861  0.          0.         -0.73890366 -0.18511987]
 [-0.26166115 -1.62891596  0.          0.         -1.44332348  0.35258603]
 [-0.51392467 -1.27899944  0.          0.          0.74033332 -0.13423885]
 [-0.36029956 -1.3335446   0.          0.         -1.37878156  0.42150107]
 [-0.35116037 -1.23525936 -0.18329592  0.         -0.8042896   0.56670115]
 [-0.33993123 -1.47792141  0.          0.          0.34462735  0.19799148]]
[04/03/2022, 00:37:09] computing sampling shap 6634:6644 within 72.2094 sec, 7.122 on average
[04/03/2022, 00:37:09] instances left: 244
[04/03/2022, 00:37:09] estimating time left: 0:28:57.768000

[[-0.09353738 -1.40685027 -0.3242503   0.         -0.62509938  0.25011233]
 [-0.35019563 -1.30800928 -0.13738169  0.          0.73039672 -0.08736955]
 [-0.46434478 -1.25158398 -0.0639172   0.         -0.64478547  0.55670626]
 [-0.01394495 -1.5814031  -0.15050789  0.          0.28805829  0.2355407 ]
 [-0.26894718 -1.42657247 -0.08319374  0.         -0.30878232 -0.09763527]
 [-0.4782354  -1.28971639 -0.12928187  0.          0.86688162 -0.17959107]
 [ 0.         -1.5721183  -0.24841103  0.          0.75516863 -0.03995691]
 [-0.37051169 -1.23912396 -0.16639434  0.          0.73632487 -0.17023804]
 [-0.34460862 -1.40543204 -0.11372458  0.          0.01800881  0.00446433]
 [-0.3653508  -1.28412784 -0.13813488  0.         -0.98570175 -0.23248147]]
[04/03/2022, 00:38:18] computing sampling shap 6644:6654 within 69.1864 sec, 7.1193 on average
[04/03/2022, 00:38:18] instances left: 234
[04/03/2022, 00:38:18] estimating time left: 0:27:45.916200

[[-2.39825043e-01 -1.25055398e+00 -2.20873707e-01  0.00000000e+00
   6.36078979e-01 -1.11656257e-01]
 [-1.15663372e-01 -1.01252179e+00  9.72894106e+00  0.00000000e+00
  -6.64896875e-02 -1.80813193e-01]
 [ 0.00000000e+00 -1.53033797e+00 -2.11047895e-01  0.00000000e+00
   7.31335259e-01 -1.76779019e-01]
 [-5.50010065e-01 -1.29832941e+00  0.00000000e+00  0.00000000e+00
   7.79918584e-01 -8.41383616e-02]
 [-1.01407589e-01 -1.30881865e+00 -3.69489092e-01  0.00000000e+00
   6.72728949e-01  7.39061219e-02]
 [-3.43495413e-01 -1.33244756e+00 -1.35880727e-01  0.00000000e+00
   7.38742245e-01 -1.13748409e-01]
 [-3.83699512e-01 -1.35990205e+00 -6.16070896e-02  0.00000000e+00
   7.84568824e-01 -1.31919498e-01]
 [-4.03621401e-01 -1.46054392e+00 -7.26552691e-02  0.00000000e+00
  -6.65925902e-01 -1.30924481e-03]
 [-2.70072842e-02 -1.65582028e+00 -1.38758973e-01  0.00000000e+00
  -4.69184315e-02 -2.16182204e-01]
 [-4.35883156e-01 -1.40227482e+00  0.00000000e+00  0.00000000e+00
   7.92972586e-01 -1.41644260e-01]]
[04/03/2022, 00:39:27] computing sampling shap 6654:6664 within 68.6097 sec, 7.1159 on average
[04/03/2022, 00:39:27] instances left: 224
[04/03/2022, 00:39:27] estimating time left: 0:26:33.961600

[[-0.07610861 -1.57987435 -0.20525564  0.          0.35627717 -0.15479788]
 [ 0.         -1.50482343 -0.25321133  0.          0.27393552 -0.08099003]
 [-0.05380257 19.23304007  0.          0.         -0.40190896 -0.03694604]
 [-0.11483508 -1.64909464 -0.12599202  0.          0.81884743 -0.13886836]
 [-0.07904718 19.36130567  0.          0.          0.17868107 -0.05758848]
 [-0.36212984 -1.25856785 -0.19317534  0.          0.31331958 -0.13449073]
 [-0.36923379 -1.25965137 -0.23396786  0.          0.83910829 -0.18619834]
 [-0.09802123 -1.71529497  0.          0.         -0.24717072 -0.13772682]
 [-0.17481114 -1.58671293  0.          0.          0.28541161 -0.1836467 ]
 [-0.30553401 -1.25897733 -0.28729218  0.          0.83799873 -0.19613821]]
[04/03/2022, 00:40:37] computing sampling shap 6664:6674 within 70.0703 sec, 7.1145 on average
[04/03/2022, 00:40:37] instances left: 214
[04/03/2022, 00:40:37] estimating time left: 0:25:22.503000

[[ 0.         -1.56973717 -0.31691947  0.          0.8541001  -0.17738612]
 [-0.38444341 -1.44543028  0.          0.          0.74251836 -0.09947443]
 [-0.43297586 -1.29863822 -0.18707741  0.         -0.25308578 -0.09022154]
 [-0.35585429 -1.11580642 -0.26248749  0.         -0.37456102 -0.23434271]
 [-0.34601642 -1.44780798 -0.07072652  0.         -0.24194934 -0.05530778]
 [-0.3064211  -1.45484167 -0.06919271  0.          0.77214147 -0.15162905]
 [-0.22112254 -1.37635897 -0.06975156  0.         -1.19639536  1.05985027]
 [ 0.         -1.68103119  0.          0.          0.18181486  0.26846746]
 [ 0.         -1.75708848  0.          0.         -0.26849326  0.5632504 ]
 [-0.26758238 -1.47219052  0.          0.         -0.61257338 -0.20632891]]
[04/03/2022, 00:41:46] computing sampling shap 6674:6684 within 68.9829 sec, 7.1117 on average
[04/03/2022, 00:41:46] instances left: 204
[04/03/2022, 00:41:46] estimating time left: 0:24:10.786800

[[-0.3535989  -1.29289989 -0.17247834  0.         -0.40720013  0.51252182]
 [-0.13532005 -1.70865819  0.          0.          0.02869322  0.23701107]
 [-0.37829979 -1.38453914  0.          0.          0.695137   -0.01379431]
 [-0.33982075 -1.23851696 -0.20689513  0.          0.74901842 -0.15061564]
 [-0.31349949 -0.87726503  9.67951494  0.          0.64624407  0.15400188]
 [-0.07199097 -1.57311075 -0.21512829  0.         -1.49551468 -0.18639326]
 [-0.0485629  -1.85159259  0.          0.          0.82371334 -0.13350036]
 [-0.30960271 -1.51756744  0.          0.          0.29705055 -0.05773484]
 [-0.48114208 -0.99534079 -0.25527974  0.          0.66942814 -0.09022519]
 [-0.45534362 -1.18228903 -0.1881353   0.         -0.51539494  0.70355319]]
[04/03/2022, 00:42:53] computing sampling shap 6684:6694 within 67.0261 sec, 7.1065 on average
[04/03/2022, 00:42:53] instances left: 194
[04/03/2022, 00:42:53] estimating time left: 0:22:58.661000

[[-0.25666534 -1.47571688 -0.16774426  0.         -0.42635054  0.09703457]
 [-0.39339977 -1.39570177  0.          0.          0.25816828 -0.16057124]
 [-0.11963727 -1.59995664 -0.06730884  0.          0.67729178  0.07259514]
 [-0.32353749 -1.36473976 -0.07810756  0.          0.26824466 -0.16161919]
 [-0.11298188 -1.42310138 -0.13703743  0.         -1.36501424  0.34672108]
 [-0.46115278 -1.29777646 -0.11203525  0.          0.01753318  0.33140165]
 [-0.04171896 -1.6937731  -0.10736233  0.          0.79912364 -0.16621194]
 [-0.38870348 -1.51551548  0.          0.          0.86520121 -0.17092516]
 [-0.09332825 -1.50524948 -0.13956496  0.          0.26764977 -0.22101146]
 [-0.02528318 -1.63196035 -0.1316756   0.          0.71376764  0.00665173]]
[04/03/2022, 00:44:02] computing sampling shap 6694:6704 within 69.6275 sec, 7.1047 on average
[04/03/2022, 00:44:02] instances left: 184
[04/03/2022, 00:44:02] estimating time left: 0:21:47.264800

[[-0.48682377 -1.00231314 -0.23889968  0.          0.69576277 -0.17766943]
 [-0.37355811 -1.15386078 -0.2429881   0.         -0.08288832 -0.13646615]
 [-0.36351206 -1.49639109  0.          0.         -0.68087034  0.10328621]
 [-0.43161495 -1.24492086 -0.18022766  0.         -0.03635483  0.78822019]
 [-0.0400638  -1.33428849 -0.34236515  0.          0.2332984  -0.2080853 ]
 [-0.29421398 -1.38645572 -0.15655183  0.         -0.0495877  -0.19787828]
 [ 0.         -1.40903955 -0.3445148   0.         -0.42312888  0.67463056]
 [-0.40720314 -1.20800931 -0.21286471  0.          0.78118365 -0.0957692 ]
 [-0.36095678 -1.44522249  0.          0.          0.78004601 -0.18380952]
 [-0.28190198 -1.34939964 -0.22233201  0.          0.7867805  -0.01478587]]
[04/03/2022, 00:45:09] computing sampling shap 6704:6714 within 66.9324 sec, 7.0997 on average
[04/03/2022, 00:45:09] instances left: 174
[04/03/2022, 00:45:09] estimating time left: 0:20:35.347800

[[-0.15578171 19.53823993 -0.11202496  0.         -1.03251393  0.41376414]
 [-0.24631861 -1.33041155 -0.14768657  0.          0.6911023  -0.17662847]
 [-0.25832468 -1.53130314 -0.07645195  0.         -0.41513333 -0.10729645]
 [-0.28460607 -1.29673988 -0.26648227  0.         -0.02750385 -0.20935561]
 [-0.48560568 -1.20702289 -0.12005592  0.         -0.386603    0.29480068]
 [-0.33581931 -1.12212849 -0.22051866  0.          0.69711393 -0.22859047]
 [-0.31932129 -1.57885322  0.          0.         -1.28811766 -0.13509618]
 [-0.20162871 -1.3585789  -0.15638953  0.          0.21691462  0.02526077]
 [-0.44492892 -1.36875271  0.          0.         -0.27626875  0.28713825]
 [-0.20813945 -1.32539819 -0.32630395  0.          0.03585627  0.23660934]]
[04/03/2022, 00:46:16] computing sampling shap 6714:6724 within 66.2894 sec, 7.0939 on average
[04/03/2022, 00:46:16] instances left: 164
[04/03/2022, 00:46:16] estimating time left: 0:19:23.399600

[[-0.19246209 -1.4130414  -0.30546778  0.          0.0289039  -0.14383047]
 [-0.12547643 -1.69591163 -0.09246084  0.         -0.60058883 -0.23434788]
 [-0.33939027 -1.22247816 -0.2444479   0.          0.61055378  0.2009252 ]
 [-0.02478532 -1.35218435 -0.41475438  0.         -1.38573274 -0.23907497]
 [-0.43765308 -1.26166803  0.          0.          0.66867167 -0.17929356]
 [-0.36423224 -1.34358732  0.          0.          0.64830778 -0.15043126]
 [-0.35052602 -1.30370235 -0.0554205   0.         -1.43864155  0.05455927]
 [-0.02959653 -1.65932026 -0.1139456   0.          0.76597216 -0.17305241]
 [-0.32513918 -1.2266991  -0.17207221  0.          0.64894469 -0.11186406]
 [-0.24560979 -1.34055184 -0.23150597  0.          0.74366771 -0.00749651]]
[04/03/2022, 00:47:27] computing sampling shap 6724:6734 within 70.9176 sec, 7.0939 on average
[04/03/2022, 00:47:27] instances left: 154
[04/03/2022, 00:47:27] estimating time left: 0:18:12.460600

[[-2.90608836e-01 -1.39485988e+00 -2.17509470e-01  0.00000000e+00
   8.72577973e-02  2.12186903e-01]
 [-1.22074096e-02 -1.83151085e+00  0.00000000e+00  0.00000000e+00
  -2.82267802e-01  1.21295901e-01]
 [-4.33293601e-01 -1.12634446e+00 -2.24297435e-01  0.00000000e+00
   6.65655581e-01  8.12638331e-02]
 [-2.36338830e-01 -1.35306050e+00 -1.39723946e-01  0.00000000e+00
   7.16778073e-01 -1.97598071e-01]
 [ 1.24425861e+01  9.52552962e+00 -1.61868507e-01  0.00000000e+00
  -2.12614380e-01  3.01725513e-01]
 [-2.57905372e-01 -1.45018678e+00  0.00000000e+00  0.00000000e+00
   2.53004773e-01 -1.79956340e-01]
 [-5.36514822e-02  8.72836214e+00 -6.75148393e-02  0.00000000e+00
   7.37865020e-01 -1.10745749e-02]
 [-3.44554298e-01 -1.09457734e+00 -3.13564274e-01 -6.31703030e-02
   7.75151850e-01 -1.69228631e-01]
 [-4.68765133e-01 -1.25720486e+00 -8.61333340e-02  0.00000000e+00
  -6.14712431e-01  4.71083653e-01]
 [-1.09733210e-01  1.92996024e+01 -7.48766965e-02  0.00000000e+00
   6.09557141e-01 -1.55148781e-01]]
[04/03/2022, 00:48:35] computing sampling shap 6734:6744 within 68.7997 sec, 7.0913 on average
[04/03/2022, 00:48:35] instances left: 144
[04/03/2022, 00:48:35] estimating time left: 0:17:01.147200

[[-4.54423996e-01 -9.93494646e-01 -2.74541882e-01  0.00000000e+00
  -4.56824156e-01 -2.08528471e-01]
 [-2.42407634e-01 -1.28490266e+00 -2.22704296e-01  0.00000000e+00
   6.76104671e-01 -1.36033116e-01]
 [-1.19364862e-01 -1.67364521e+00  0.00000000e+00  0.00000000e+00
  -7.90552459e-01 -2.41458273e-01]
 [-4.12686079e-01 -1.51927617e+00  0.00000000e+00  0.00000000e+00
  -5.24217524e-01  7.16341154e-01]
 [ 0.00000000e+00 -1.65257411e+00 -1.45483138e-01  0.00000000e+00
   3.23386687e-01 -2.16833267e-01]
 [-4.28078389e-01 -1.33785716e+00 -6.83611753e-02  0.00000000e+00
  -5.36526094e-02  4.72743175e-01]
 [-3.50804339e-01 -1.15990106e+00 -2.68839381e-01  0.00000000e+00
   7.72099133e-01 -2.02497447e-01]
 [-3.95238937e-01 -1.28579185e+00 -1.12721405e-01  0.00000000e+00
  -2.73422155e-01  4.12353600e-01]
 [-7.52520760e-02  8.95807319e+00 -6.49331809e-02  0.00000000e+00
  -4.21029717e-02  1.31180292e-03]
 [-3.27962534e-01 -1.24932746e+00 -2.02177408e-01  0.00000000e+00
   7.31610161e-01 -1.62085855e-01]]
[04/03/2022, 00:49:44] computing sampling shap 6744:6754 within 68.8693 sec, 7.0889 on average
[04/03/2022, 00:49:44] instances left: 134
[04/03/2022, 00:49:44] estimating time left: 0:15:49.912600

[[-1.07802589e-01  1.93601273e+01  0.00000000e+00  0.00000000e+00
  -1.04384460e+00 -1.17174095e-01]
 [-1.63167566e-01 -1.50971241e+00 -2.36412256e-01  0.00000000e+00
   2.40860872e-02  9.72037236e-03]
 [-4.01158899e-01 -1.41702505e+00  0.00000000e+00  0.00000000e+00
  -7.60754036e-01 -2.48801306e-01]
 [-1.68768695e-02 -1.53975696e+00 -2.19454272e-01  0.00000000e+00
  -2.87334840e-01  2.85870015e-01]
 [-2.39334167e-01 -1.49542895e+00  0.00000000e+00  0.00000000e+00
   7.05196848e-01 -1.80376644e-01]
 [-9.91762127e-02  1.92607214e+01 -1.59193057e-01  0.00000000e+00
   7.36688680e-01 -9.16091557e-02]
 [-2.67892655e-01 -1.65832458e+00  0.00000000e+00  0.00000000e+00
   8.61543769e-01 -1.22155994e-01]
 [-4.97740861e-02 -1.71478207e+00  0.00000000e+00  0.00000000e+00
  -1.08726692e-01 -1.52614757e-01]
 [-3.59667486e-01 -1.30192472e+00 -8.31467574e-02  0.00000000e+00
   2.61047119e-01 -1.10276316e-01]
 [-1.07540106e-01 -1.62824200e+00  0.00000000e+00  0.00000000e+00
   2.71170915e-01 -2.26893174e-01]]
[04/03/2022, 00:51:00] computing sampling shap 6754:6764 within 76.1751 sec, 7.0951 on average
[04/03/2022, 00:51:00] instances left: 124
[04/03/2022, 00:51:00] estimating time left: 0:14:39.792400

[[-0.16780461  9.01724666 -0.06819266  0.         -1.32441107  0.17454771]
 [-0.33396725 -0.54017227 20.0918107   0.          0.30167373 -0.08505995]
 [-0.38817781 -1.22215158 -0.2387462   0.          0.34863482  0.25774688]
 [-0.31471926 -1.15340792 -0.21331407  0.          0.19415074  0.26581403]
 [-0.11014846 -1.68737233  0.          0.         -0.03920042 -0.15303985]
 [12.47338233  9.36461522  0.          0.          0.20822045  0.15602165]
 [-0.44638712 -1.19576138 -0.18075384  0.         -0.03197188 -0.05397153]
 [-0.25523385 -1.35169144 -0.20387624  0.         -0.72082879 -0.23915491]
 [-0.18356694 -1.43413207 -0.16822442  0.          0.30898559  0.24618872]
 [-0.27172551 -1.46205932 -0.13442167  0.         -0.03451917  0.13210059]]
[04/03/2022, 00:52:09] computing sampling shap 6764:6774 within 68.5144 sec, 7.0923 on average
[04/03/2022, 00:52:09] instances left: 114
[04/03/2022, 00:52:09] estimating time left: 0:13:28.522200

[[-0.26546301 -1.05034551 -0.45238363  0.         -0.56942486 -0.22105838]
 [-0.2488679  -1.39276842 -0.13106533  0.          0.73992302 -0.15405106]
 [ 0.         -1.38467129 -0.4364334   0.          0.37900122  0.12913358]
 [-0.45167866 -1.28355474 -0.10322731  0.         -1.25383442  0.79436775]
 [-0.40224745 -1.45880635  0.          0.         -0.22972181  0.42427147]
 [-0.33002735 -1.26864453 -0.2028613   0.          0.2866992  -0.05025577]
 [-0.24268939 -1.27979468 -0.23754948  0.          0.2714699  -0.17119593]
 [-0.39515338 -1.44852133  0.          0.          0.79084832 -0.13400327]
 [-0.18316116  8.87035216 -0.07080467  0.          0.44200675 -0.16871067]
 [-0.32686826 -1.36644566 -0.16934929  0.         -0.28753442  0.91752119]]
[04/03/2022, 00:53:17] computing sampling shap 6774:6784 within 67.6393 sec, 7.0886 on average
[04/03/2022, 00:53:17] instances left: 104
[04/03/2022, 00:53:17] estimating time left: 0:12:17.214400

[[-0.21469161 -1.60259102  0.          0.         -0.01415511 -0.2195239 ]
 [-0.07718374 -1.53293839 -0.1386866   0.          0.74161195 -0.20274615]
 [-0.2047848  -1.36413429 -0.22107917  0.         -0.33546291 -0.26235192]
 [-0.25028394 -1.25637999 -0.24431988  0.          0.71392109 -0.14976718]
 [-0.5981552  -1.26360607 -0.0675718   0.          0.87771868 -0.15832849]
 [-0.03879058 -1.7376132   0.          0.         -0.29064742  0.6073328 ]
 [-0.46554949 -1.21824554 -0.11660643  0.          0.73480949 -0.1443512 ]
 [-0.34392472 -1.29615676 -0.06717271  0.          0.25511541 -0.23936568]
 [-0.35788318 -1.1857012  -0.20978347  0.          0.70518508 -0.13864709]
 [-0.23834018 -1.52892943  0.          0.         -0.06318484  0.06935118]]
[04/03/2022, 00:54:28] computing sampling shap 6784:6794 within 71.9074 sec, 7.0897 on average
[04/03/2022, 00:54:28] instances left: 94
[04/03/2022, 00:54:28] estimating time left: 0:11:06.431800

[[-0.16287807 -1.49584037  0.          0.          0.59863966 -0.14986408]
 [-0.54301724 -1.11098807 -0.14056262  0.         -1.53214974 -0.15109739]
 [-0.05213628 -1.58975042 -0.19230263  0.          0.34049645 -0.19781125]
 [ 0.         -1.81906881 -0.06648371  0.          0.81156577 -0.13595578]
 [12.27845989  9.7962328   0.          0.         -0.31939498 -0.08508281]
 [-0.35461263 -1.38870293 -0.12176856  0.          0.34939894 -0.11935865]
 [-0.48312847 -1.20008743 -0.23613189  0.         -1.2725939  -0.22086182]
 [-0.31450157 -1.3733572   0.          0.          0.67910033 -0.20118481]
 [-0.38367532 -1.31799892 -0.06493347  0.          0.70113077 -0.12135239]
 [-0.30293323 -1.30142109 -0.27188999  0.          0.38428862 -0.14308844]]
[04/03/2022, 00:55:42] computing sampling shap 6794:6804 within 73.1987 sec, 7.0923 on average
[04/03/2022, 00:55:42] instances left: 84
[04/03/2022, 00:55:42] estimating time left: 0:09:55.753200

[[-3.78188689e-01 -1.17726542e+00 -2.86278011e-01  0.00000000e+00
   7.95620652e-01 -9.65512977e-02]
 [-3.05389557e-01 -1.54297402e+00  0.00000000e+00  0.00000000e+00
  -3.83568849e-02 -4.90923639e-02]
 [-2.53536451e-01 -1.38105713e+00 -1.86822940e-01  0.00000000e+00
  -3.66951120e-01 -1.99445445e-01]
 [-4.74480467e-02 -1.51949060e+00 -2.32485846e-01  0.00000000e+00
   7.63277506e-01 -6.46904686e-02]
 [-1.51500355e-02  1.91711483e+01  0.00000000e+00  0.00000000e+00
   3.23695830e-01  1.32993400e-01]
 [ 0.00000000e+00 -1.45093738e+00 -3.32800303e-01  0.00000000e+00
  -1.28452157e+00 -1.83168521e-01]
 [-3.06608600e-01 -1.39234656e+00  0.00000000e+00  0.00000000e+00
   6.43820357e-01 -1.54808035e-01]
 [-9.36384654e-02 -1.71432865e+00  0.00000000e+00  0.00000000e+00
   3.10862050e-01  1.93237469e-01]
 [-1.90807108e-01 -4.01686084e-01  1.93214541e+01  0.00000000e+00
  -1.37540768e-01  4.17502761e-02]
 [-6.28007119e-02  1.92309052e+01  0.00000000e+00  0.00000000e+00
   2.78256089e-01  2.67580635e-01]]
[04/03/2022, 00:56:49] computing sampling shap 6804:6814 within 67.3154 sec, 7.0883 on average
[04/03/2022, 00:56:49] instances left: 74
[04/03/2022, 00:56:49] estimating time left: 0:08:44.534200

[[ 0.         -1.76461733  0.          0.          0.52437333  0.39877573]
 [-0.36263083 -1.18246911 -0.23295837  0.          0.74206541 -0.17395021]
 [-0.01374895 -1.75021342  0.          0.          0.70659685 -0.15257699]
 [ 0.         -1.77167779 -0.05427774  0.          0.77233774 -0.1332115 ]
 [ 0.         -1.67268839 -0.05537117  0.         -0.77220494  0.27195395]
 [12.47937815  9.4724073  -0.1618757   0.          0.33550405 -0.01718744]
 [-0.12068205  9.04938548 -0.0846617   0.         -0.5696057  -0.08786152]
 [-0.36929215  9.1279475   0.          0.          0.35525737 -0.18787475]
 [ 0.         -1.6226179  -0.21054542  0.          0.34825972 -0.20660072]
 [-0.01308113 -1.5325164  -0.29479796  0.          0.33925128 -0.19035977]]
[04/03/2022, 00:57:59] computing sampling shap 6814:6824 within 69.9096 sec, 7.0873 on average
[04/03/2022, 00:57:59] instances left: 64
[04/03/2022, 00:57:59] estimating time left: 0:07:33.587200

[[-3.35650874e-01 -1.41719399e+00 -1.46490460e-01  0.00000000e+00
   8.19614796e-01 -1.07109327e-01]
 [-3.72852692e-01 -7.29128991e-01  9.68736163e+00  0.00000000e+00
   6.58707710e-01 -1.62118431e-01]
 [ 0.00000000e+00 -1.46023309e+00 -3.71621005e-01  0.00000000e+00
   7.78114763e-01 -1.56203634e-01]
 [-1.41816806e-01  1.94141662e+01 -2.02129802e-01  0.00000000e+00
   7.18260316e-01 -2.19079131e-01]
 [-6.73430848e-02 -1.31836208e+00 -4.08360125e-01  0.00000000e+00
   8.19116134e-01 -2.34993836e-01]
 [-3.87782270e-01 -1.23734480e+00 -2.18577533e-01  0.00000000e+00
  -3.02275133e-01  5.76004474e-01]
 [-4.44449486e-01 -1.45816809e+00  0.00000000e+00  0.00000000e+00
   8.21493537e-01 -1.28818727e-01]
 [-1.78283424e-01 -1.28769006e+00 -3.49479388e-01  0.00000000e+00
   7.90288793e-01 -1.84778669e-01]
 [-2.75266128e-01 -1.61216239e+00  0.00000000e+00  0.00000000e+00
  -1.38592406e+00  5.88915212e-01]
 [ 0.00000000e+00 -1.59411371e+00 -2.06539031e-01  0.00000000e+00
  -1.81965220e-02  5.56904032e-02]]
[04/03/2022, 00:59:10] computing sampling shap 6824:6834 within 71.3655 sec, 7.0878 on average
[04/03/2022, 00:59:10] instances left: 54
[04/03/2022, 00:59:10] estimating time left: 0:06:22.741200

[[ 0.         -1.57043135 -0.13670508  0.          0.70786362 -0.18755678]
 [-0.43523366 -1.32336909  0.          0.         -0.12799693  0.39312462]
 [-0.20874922 -1.39660218 -0.21935433  0.         -0.76728888  0.42462566]
 [-0.08535138 -1.45851425 -0.13588546  0.          0.22800769 -0.14222451]
 [-0.40456585 -1.11333253 -0.26278612  0.          0.71928092 -0.14853951]
 [ 0.         -1.84664959  0.          0.          0.28491824  0.44657933]
 [-0.23948073 -1.56451917  0.          0.         -0.36875178 -0.04576722]
 [-0.04224234  9.83863648  9.29568965  0.          0.3528119  -0.12958997]
 [-0.38991928 -1.48472296  0.          0.         -0.62928915 -0.24485426]
 [-0.41976747 -1.37665913  0.          0.         -0.82772476  0.75301439]]
[04/03/2022, 01:00:18] computing sampling shap 6834:6844 within 67.345 sec, 7.084 on average
[04/03/2022, 01:00:18] instances left: 44
[04/03/2022, 01:00:18] estimating time left: 0:05:11.696000

[[-0.48689053 -1.19716649 -0.07864671  0.         -0.25672783  0.3529271 ]
 [-0.32580995 -1.45554019  0.          0.          0.67910044 -0.08458002]
 [-0.31920335 -1.3110093   0.          0.          0.61679726 -0.19652765]
 [-0.19345174 -1.52140909  0.          0.          0.64456976 -0.07237146]
 [-0.26400204 -1.37597194 -0.29964736  0.         -1.15490123 -0.12757754]
 [-0.30441628 -1.48176496  0.          0.         -0.97271252 -0.26304779]
 [-0.1793276  -1.40583953 -0.15445181  0.         -0.33578508  0.38644724]
 [ 0.         -1.39248079 -0.33136974  0.         -0.28428301  0.58143941]
 [-0.30028506 -1.43671027 -0.07620554  0.          0.81293561 -0.20967774]
 [-0.48415036 -1.29034404 -0.08022551  0.         -0.48991995 -0.21403534]]
[04/03/2022, 01:01:31] computing sampling shap 6844:6854 within 73.0315 sec, 7.0863 on average
[04/03/2022, 01:01:31] instances left: 34
[04/03/2022, 01:01:31] estimating time left: 0:04:00.934200

[[-0.22265093 -1.44018897 -0.06313205  0.          0.68175689 -0.16572792]
 [-0.29969736 -1.356619   -0.16911628  0.          0.30371786 -0.16978979]
 [-0.03496    -1.52548077 -0.23669304  0.          0.28147895 -0.14410425]
 [-0.381349   -1.21195778 -0.26398912  0.         -0.49561709 -0.09520997]
 [ 0.         -1.7828282   0.          0.         -0.09066112 -0.07962234]
 [-0.45908339 -1.4007233  -0.05898766  0.          0.11977978  0.09351112]
 [-0.31032342 -1.33777683 -0.18639629  0.         -0.62262187  0.05640631]
 [-0.20928449 -1.22502668 -0.3664521   0.          0.78669853 -0.19587841]
 [12.07113899  9.67884557  0.          0.          0.56813128 -0.10681522]
 [-0.1958493   9.01590339  0.          0.         -0.7156047  -0.14931704]]
[04/03/2022, 01:02:38] computing sampling shap 6854:6864 within 67.7054 sec, 7.0831 on average
[04/03/2022, 01:02:38] instances left: 24
[04/03/2022, 01:02:38] estimating time left: 0:02:49.994400

[[-0.27179485 -1.48926816 -0.12917937  0.         -0.24860506 -0.04628325]
 [ 0.         -1.80893673  0.          0.         -0.73166352 -0.12027934]
 [-0.26928888 -1.37545708 -0.07538378  0.          0.24374434 -0.21511915]
 [-0.22246655 -1.23310645 -0.24758225  0.         -0.64757054 -0.25441981]
 [-0.27992344 -1.18542488 -0.2955764   0.         -0.28989874  0.45192848]
 [-0.13532622 -1.53906068  0.         -0.05981511 -1.12462584  0.65555721]
 [ 6.19938902 14.48125021  0.          0.         -0.6210903   0.18717764]
 [-0.49190536 -1.16767677 -0.18989231  0.         -0.19873011  0.37364838]
 [ 0.         -1.66390489 -0.14434293  0.         -0.05711993 -0.16052991]
 [-0.55465707 -1.25676031  0.          0.          0.29745948 -0.1458013 ]]
[04/03/2022, 01:03:46] computing sampling shap 6864:6874 within 67.4332 sec, 7.0796 on average
[04/03/2022, 01:03:46] instances left: 14
[04/03/2022, 01:03:46] estimating time left: 0:01:39.114400

[[-0.04840953 -1.38695457 -0.29590435  0.          0.27180149  0.20534445]
 [-0.25487938  9.2400807  -0.21154664  0.          0.26313418  0.02173656]
 [-0.39538843 -1.40739512  0.          0.          0.73875772 -0.06559878]
 [-0.13387909  9.02884296 -0.19375056  0.          0.30994446 -0.00984133]
 [-0.47743175 -1.25320626  0.          0.          0.70699895 -0.18630389]
 [-0.07334945 -1.70548629  0.          0.          0.72879997 -0.13679382]
 [-0.01292832 -1.82772571  0.          0.          0.36076845 -0.08520348]
 [-0.30056494 -1.23045471 -0.20566187  0.         -0.0774035  -0.21181306]
 [-0.0857773  -1.42067589 -0.28033457  0.         -0.01764026  0.18770618]
 [-0.24481209 -1.20087168 -0.27576025  0.          0.27105404  0.11813966]]
[04/03/2022, 01:04:53] computing sampling shap 6874:6884 within 67.0818 sec, 7.0758 on average
[04/03/2022, 01:04:53] instances left: 4
[04/03/2022, 01:04:53] estimating time left: 0:00:28.303200

[[-0.28126728 -1.50509307 -0.07599586  0.          0.39490053 -0.12651244]
 [-0.31846392 -1.4965955   0.          0.         -0.25468654  0.25860773]
 [-0.22407726 -1.44492634 -0.25671563  0.          0.85576661 -0.13999014]
 [-0.01555794 -1.50742876 -0.28901702  0.          0.31679398 -0.0987584 ]
 [-0.37389254 -1.43014213  0.          0.         -0.51021078  0.084803  ]
 [-0.01358359 -1.59496758 -0.15833091  0.          0.72678014 -0.11245702]
 [-0.26431638 -1.44957966 -0.18428686  0.         -0.49861397  0.8938091 ]
 [-0.47317751 -1.42053184  0.          0.          0.36556405 -0.0506485 ]
 [-0.25741811 -1.2747165  -0.16449346  0.          0.62982263 -0.1200245 ]
 [-0.13807177 -1.58770396 -0.10373981  0.         -0.66567047 -0.23477895]]
[04/03/2022, 01:04:53] finish computing sampling shap for range: [7, 8] within 6934.262411 sec
