Child #[4, 5]: psutil.Process(pid=5016, name='python', status='running', started='03:07:38'), affinity [4, 5]
Child #[4, 5]: Set my affinity to [4, 5], affinity now [4, 5]

[04/03/2022, 06:36:03] start computing sampling shap for range: [3, 8]
[04/03/2022, 06:36:40] computing sampling shap 130:140 within 36.3648 sec, 3.6365 on average
[04/03/2022, 06:36:40] instances left: 55
[04/03/2022, 06:36:40] estimating time left: 0:03:20.007500

[[-1.49610428 -5.64342491 -0.18785445  0.          0.81121687 -0.11418737]
 [-1.40670464 -5.86492259  0.          0.          0.74263375 -0.10136042]
 [-1.10988138  4.1415793   0.          0.          0.8107524  -0.105715  ]
 [-0.95055647  4.50313556 -0.2577056   0.          0.68266171 -0.10323736]
 [-1.52929775 -5.67454551 -0.2436262   0.         -0.40565437 -0.17546075]
 [-1.28157546 -5.81690986 -0.21882619  0.          0.77531281 -0.08835522]
 [-1.26089728 -6.0176962   0.          0.          0.7852679  -0.13702779]
 [-0.99592224 -5.98947872 -0.40225314  0.         -1.21107035  0.33018414]
 [-1.25034315 -6.01007488 -0.13534607  0.          0.04671665 -0.02750346]
 [-0.75256875  4.10443652 -0.07808838  0.          0.38307992 -0.14892476]]
[04/03/2022, 06:37:14] computing sampling shap 140:150 within 34.5079 sec, 3.5437 on average
[04/03/2022, 06:37:14] instances left: 45
[04/03/2022, 06:37:14] estimating time left: 0:02:39.466500

[[-0.30033547 14.29668458 -0.44517607  0.          0.65221762 -0.11357501]
 [-0.77279245  4.20081386 -0.17718394  0.         -1.19031654  0.66569908]
 [-1.36690701 -5.38654692 -0.50780184  0.         -0.3707465  -0.1792499 ]
 [-1.55795154 -5.64732934 -0.21119578  0.         -0.43598212 -0.09496685]
 [-0.83365945  4.30192573 -0.18985343  0.         -0.72032161 -0.06187089]
 [-1.42366851 -5.71180628 -0.2139258   0.         -0.68367905 -0.15793152]
 [-1.33228084 -5.98685321 -0.08552072  0.         -1.23801845  0.46248057]
 [-0.64147919 10.47164333  3.66858959  0.          0.41824936  0.20174085]
 [ 4.2239403   0.14162651  0.          0.         -0.80683811 -0.12874885]
 [-0.78064461  4.16206886 -0.25942799  0.          0.03920209  0.2531354 ]]
[04/03/2022, 06:37:53] computing sampling shap 150:160 within 38.9557 sec, 3.661 on average
[04/03/2022, 06:37:53] instances left: 35
[04/03/2022, 06:37:53] estimating time left: 0:02:08.135000

[[-0.62085199  3.87474094  0.          0.         -1.24031094  0.18596505]
 [-1.31361101 -5.68873837 -0.35182301  0.          0.40002865  0.07157759]
 [-1.36451872 -5.80504703 -0.16419478  0.         -0.69873481  0.22735529]
 [-0.81712851  4.09532943  0.          0.         -0.21523301 -0.17778807]
 [-0.86630331  4.42460135 -0.22216955  0.          0.30962    -0.02056807]
 [-1.28214357 -6.01203165 -0.21545079  0.         -0.46869116  0.15416649]
 [-1.00381304  4.19733129  0.          0.         -1.32465767 -0.16380364]
 [-0.86026673 -4.51706059  8.37171202  0.          0.37693818  0.25134295]
 [-1.22061862 -5.81113195 -0.28006439  0.          0.78704263 -0.10558137]
 [-0.95177509  4.3287498  -0.13870075  0.          0.63553128 -0.1370697 ]]
[04/03/2022, 06:38:32] computing sampling shap 160:170 within 38.9623 sec, 3.7199 on average
[04/03/2022, 06:38:32] instances left: 25
[04/03/2022, 06:38:32] estimating time left: 0:01:32.997500

[[-1.42441217e+00 -5.78500321e+00 -2.16807349e-01  0.00000000e+00
   9.28750702e-01 -1.32881495e-01]
 [-9.95660961e-01  4.23989596e+00 -8.42931639e-02  0.00000000e+00
   3.27825422e-01 -3.05089228e-03]
 [-1.18721117e+00 -5.90440890e+00 -2.94175974e-01  0.00000000e+00
   1.35318834e-01  2.03305110e-01]
 [-1.44337191e+00 -5.65121117e+00 -3.25673275e-01  0.00000000e+00
  -3.93388655e-01 -6.06660234e-03]
 [-2.56232357e-01  1.39840710e+01 -1.40815752e-01  0.00000000e+00
   6.54883229e-01 -1.52090450e-01]
 [-8.32844214e-01  3.99417759e+00 -7.94154708e-02  0.00000000e+00
   4.27411356e-01 -2.46127325e-02]
 [-4.83690366e-01  1.40588541e+01 -8.06881307e-02  0.00000000e+00
  -1.16505443e+00  1.64158687e-01]
 [-7.50301206e-01  4.07755546e+00 -1.26527878e-01  0.00000000e+00
   7.65525446e-01 -1.22548545e-01]
 [ 4.76609570e+00 -1.14218488e-01 -1.59171618e-01  0.00000000e+00
  -6.40672872e-01  2.57438744e-01]
 [-5.35005604e-01  3.95254112e+00 -1.39314655e-01  0.00000000e+00
  -6.73065918e-01 -8.92841092e-02]]
[04/03/2022, 06:39:12] computing sampling shap 170:180 within 39.9867 sec, 3.7757 on average
[04/03/2022, 06:39:12] instances left: 15
[04/03/2022, 06:39:12] estimating time left: 0:00:56.635500

[[-1.14428489 -5.96475488 -0.34015656  0.         -0.51985081  0.0714885 ]
 [-1.17614368 -4.37442853  8.42977167  0.         -0.24281633  0.081036  ]
 [-0.5123518  14.20231696 -0.08146601  0.          0.67243961 -0.06979432]
 [-1.60848873 -5.34102934 -0.28014288  0.         -1.16225685  0.77435498]
 [ 4.01518142  0.40256303 -0.08877899  0.          0.78780519 -0.11535261]
 [ 3.80575467  1.02877902 -0.17806486  0.          0.7196329  -0.11071842]
 [-0.61923221  4.23347432 -0.33408013  0.          0.64765321  0.0302644 ]
 [ 3.89563761  0.86933618  0.          0.         -0.12622928  0.23034547]
 [-1.36319925 -5.8637375  -0.21050075  0.         -1.14792049 -0.06018109]
 [-1.16823009 -5.89862665 -0.27264233  0.         -0.77870097 -0.05904234]]
[04/03/2022, 06:39:52] computing sampling shap 180:190 within 40.292 sec, 3.8179 on average
[04/03/2022, 06:39:52] instances left: 5
[04/03/2022, 06:39:52] estimating time left: 0:00:19.089500

[[-1.34383259 -5.52862874 -0.44308082  0.          0.79075594 -0.1055674 ]
 [-0.94936804 -4.57081956  8.24036377  0.         -0.35713031  0.60995357]
 [-1.38336995 -5.6773276  -0.28265176  0.          0.80905587 -0.00938642]
 [ 3.9749221   0.83418472  0.          0.          0.41099294 -0.05905343]
 [-1.03663111  4.21115609  0.          0.         -0.69825306  0.14564078]
 [-1.36739554 -5.87408598 -0.08552888  0.         -1.49475928 -0.14784811]
 [-1.26336845 -6.21035839 -0.13402713  0.         -0.57806169  0.59918254]
 [-0.79376834  4.04188167 -0.08111801  0.          0.6847393  -0.11499936]
 [-0.69161104  4.14217195 -0.28681214  0.          0.77241115 -0.09245647]
 [-1.33777686 -5.91077551 -0.08318108  0.          0.81279539 -0.08830214]]
[04/03/2022, 06:39:52] finish computing sampling shap for range: [3, 8] within 229.077572 sec
