Child #[8, 9]: psutil.Process(pid=5089, name='python', status='running', started='03:07:45'), affinity [8, 9]
Child #[8, 9]: Set my affinity to [8, 9], affinity now [8, 9]

[04/03/2022, 06:35:57] start computing sampling shap for range: [5, 8]
[04/03/2022, 06:36:33] computing sampling shap 260:270 within 36.81 sec, 3.681 on average
[04/03/2022, 06:36:33] instances left: 55
[04/03/2022, 06:36:33] estimating time left: 0:03:22.455000

[[-1.51683256 -5.93344347  0.          0.          0.49438325 -0.12730505]
 [-0.39861707  3.80579367 -0.21000663  0.          0.76866251 -0.09153424]
 [-1.40710885 -5.71260602 -0.33567243  0.         -0.59268687  0.18714762]
 [ 4.4866771  10.55993376  0.          0.          0.68484134 -0.15291821]
 [ 3.80008448  0.59071632  0.          0.         -0.42945619 -0.12244181]
 [-1.13716078 -6.00146513 -0.19357003  0.         -0.26697527 -0.21208076]
 [-1.31022327 -5.86976529 -0.25286938  0.          0.88228569 -0.07978135]
 [-1.35209876 -5.87136705 -0.33177178  0.         -0.57453711 -0.07777178]
 [ 3.82170538  0.80229966  0.          0.          0.77699824 -0.13561996]
 [-1.53092166 -5.64591244 -0.22375679  0.         -1.24446931  0.3548707 ]]
[04/03/2022, 06:37:13] computing sampling shap 270:280 within 39.5546 sec, 3.8183 on average
[04/03/2022, 06:37:13] instances left: 45
[04/03/2022, 06:37:13] estimating time left: 0:02:51.823500

[[-1.07394012e+00 -5.79594735e+00 -3.94103877e-01  0.00000000e+00
   7.73557241e-01 -1.39919303e-01]
 [-5.01280392e-01  1.39555912e+01  0.00000000e+00  0.00000000e+00
   7.23335171e-01  8.26267511e-02]
 [-1.29332548e+00 -5.85216269e+00 -1.52780973e-01  0.00000000e+00
   7.88327721e-01 -1.20412458e-01]
 [-1.61869891e+00 -5.84548661e+00 -8.87520470e-02  0.00000000e+00
  -3.46624883e-01 -8.25511981e-02]
 [-8.06091767e-01  4.17258323e+00 -7.76002874e-02  0.00000000e+00
   1.95786338e-03 -1.00009248e-01]
 [-8.84567658e-01  4.58380177e+00 -3.74215118e-01  0.00000000e+00
  -7.44412265e-01  1.25883062e-01]
 [-1.37781024e+00 -5.88210766e+00 -1.80300124e-01  0.00000000e+00
   8.97405536e-01 -8.75408832e-02]
 [-2.20657657e-01  1.37665782e+01  0.00000000e+00  0.00000000e+00
  -2.39528192e-01 -1.68594066e-01]
 [-1.08083392e+00 -5.56436127e+00 -7.11180132e-01  0.00000000e+00
   8.37467740e-01 -1.11446220e-01]
 [ 3.91067840e+00  8.30547148e-01 -8.58660679e-02  0.00000000e+00
   5.96437060e-01 -1.28449246e-01]]
[04/03/2022, 06:37:51] computing sampling shap 280:290 within 38.4075 sec, 3.8258 on average
[04/03/2022, 06:37:51] instances left: 35
[04/03/2022, 06:37:51] estimating time left: 0:02:13.903000

[[-0.75392978  4.21034329 -0.25042804  0.         -0.85976395  0.68841693]
 [-0.95807369  4.02374364 -0.08326015  0.         -0.37609488 -0.09347016]
 [-1.3726147  -5.6042828  -0.46956312  0.         -0.63181275 -0.06140876]
 [-1.22918967 -5.95915903 -0.1410409   0.          0.81654749 -0.11751152]
 [ 8.96708414 -4.35392938 -0.16418599  0.          0.15329067 -0.11599938]
 [ 4.63821516 10.63228477 -0.08487069  0.          0.55121738 -0.12272698]
 [-0.27147664 13.91886341  0.          0.         -0.54232076 -0.11527231]
 [-0.47553251 14.16926346 -0.14795781  0.         -0.61602191 -0.05389268]
 [-0.91967214  3.9368568   0.          0.          0.82549616 -0.10594548]
 [-0.99823086  4.44068543 -0.22206501  0.         -0.20700314  0.39843495]]
[04/03/2022, 06:38:29] computing sampling shap 290:300 within 37.7088 sec, 3.8121 on average
[04/03/2022, 06:38:29] instances left: 25
[04/03/2022, 06:38:29] estimating time left: 0:01:35.302500

[[ 9.49230335  5.66655633 -0.25922127  0.         -0.16927139  0.3634093 ]
 [-1.35921798 -5.8071202  -0.28401972  0.          0.8639233   0.12496707]
 [-1.30110873 -6.00505879 -0.14135745  0.         -0.16620735 -0.11063454]
 [-1.35126538 -5.85746457 -0.08448237  0.          0.77524549 -0.11238671]
 [-1.4496065  -5.66987174 -0.25876742  0.          0.0723853   0.47298375]
 [ 4.40844855  0.21197696 -0.08974488  0.         -1.28858341 -0.09789678]
 [-1.09387662 -6.01018132 -0.18528761  0.         -0.70998304 -0.17289587]
 [-1.28654839 -5.73712421 -0.33505794  0.         -1.29595429 -0.16785959]
 [-1.58343671 -5.6449183  -0.08597591  0.          0.79112447 -0.08403377]
 [-1.32041047 -5.92684957 -0.23389856  0.         -1.17948077  0.34241883]]
[04/03/2022, 06:39:10] computing sampling shap 300:310 within 41.0743 sec, 3.8712 on average
[04/03/2022, 06:39:10] instances left: 15
[04/03/2022, 06:39:10] estimating time left: 0:00:58.068000

[[-1.25869048 -5.77334045 -0.34056521  0.          0.86386801 -0.04130707]
 [-0.66414807  0.22441057  3.48298879  0.         -1.09796485  0.10111583]
 [-0.21567704  5.39407807  8.70880998  0.         -0.13524829  0.35680681]
 [-0.76809323  4.00805837  0.          0.          0.72790122 -0.12416266]
 [-1.35462886 -5.86337505 -0.18867527  0.          0.88261417 -0.04890488]
 [-1.23096315 -6.12998915  0.          0.         -0.48782252 -0.17980936]
 [ 4.55418512 10.37661366 -0.08732125  0.          0.15059339 -0.03056972]
 [-1.42057572 -5.57410767 -0.4147746   0.         -0.53712941 -0.22563747]
 [ 9.00917246 -4.44896086 -0.21043941  0.          0.45342852 -0.09986274]
 [-0.9053704   4.50820344 -0.28250269  0.         -0.6435684  -0.08292022]]
[04/03/2022, 06:39:47] computing sampling shap 310:320 within 37.417 sec, 3.8496 on average
[04/03/2022, 06:39:47] instances left: 5
[04/03/2022, 06:39:47] estimating time left: 0:00:19.248000

[[-1.21516340e+00 -5.68346624e+00 -3.65552916e-01  0.00000000e+00
   3.36283165e-01 -8.95080129e-02]
 [-1.34975127e+00 -5.91046357e+00 -1.38574354e-01  0.00000000e+00
  -5.37613252e-01  1.74607048e-01]
 [-1.01159018e+00  4.17028709e+00 -8.07469251e-02  0.00000000e+00
   7.71829966e-01 -1.13044521e-01]
 [-1.07365857e+00 -6.15204576e+00 -2.38756554e-01  0.00000000e+00
  -1.69074115e-01 -8.42329233e-03]
 [ 4.28663111e+00  8.81053788e-01 -3.28796661e-01  0.00000000e+00
  -4.23645676e-01 -2.55505284e-02]
 [-7.00706678e-01  4.17502156e+00 -1.78049646e-01  0.00000000e+00
   3.41161056e-01 -1.29491896e-01]
 [ 9.22570524e+00  5.67611976e+00  0.00000000e+00  0.00000000e+00
   2.93911213e-01 -9.56890473e-02]
 [-1.28479827e+00 -5.67626894e+00 -3.03006887e-01  0.00000000e+00
  -1.24713507e-01  5.65031471e-02]
 [ 3.97897765e+00  1.38079597e+00 -4.86001144e-01  0.00000000e+00
   7.12008004e-02  1.53424633e-01]
 [ 4.43020115e+00  2.39403694e-01 -1.56271891e-01  0.00000000e+00
   3.60455919e-01  3.49810935e-02]]
[04/03/2022, 06:39:47] finish computing sampling shap for range: [5, 8] within 230.979795 sec
