Child #[8, 9]: psutil.Process(pid=5089, name='python', status='running', started='03:07:45'), affinity [8, 9]
Child #[8, 9]: Set my affinity to [8, 9], affinity now [8, 9]

[04/03/2022, 06:17:10] start computing sampling shap for range: [5, 8]
[04/03/2022, 06:17:42] computing sampling shap 556:566 within 32.5657 sec, 3.2566 on average
[04/03/2022, 06:17:42] instances left: 129
[04/03/2022, 06:17:42] estimating time left: 0:07:00.101400

[[-3.59898339e-01 -2.04961203e+00  0.00000000e+00  0.00000000e+00
  -4.82978646e-01 -1.17665407e-01]
 [-2.88677641e-01 -2.08225504e+00  0.00000000e+00  0.00000000e+00
  -1.78232900e-01  2.78695485e-01]
 [-2.13234191e-01  8.25108698e+00  0.00000000e+00  0.00000000e+00
   1.09969574e+00 -6.94774560e-02]
 [-6.68874752e-01 -1.81324136e+00  0.00000000e+00  0.00000000e+00
  -6.21500881e-01 -1.44761365e-01]
 [-1.41142343e-02 -2.29994909e+00 -7.17006591e-02  0.00000000e+00
  -5.74674801e-03 -6.95901783e-02]
 [-4.40927501e-01 -1.85033689e+00 -6.64570043e-02  0.00000000e+00
  -2.17409034e-01 -1.15574450e-01]
 [-2.16079612e-01  8.33775839e+00  0.00000000e+00  0.00000000e+00
   1.03657199e+00 -6.20439208e-02]
 [-1.61196704e-01  1.87876807e+01 -7.50938792e-02  0.00000000e+00
  -3.23954607e-01 -2.42703044e-01]
 [-3.54120325e-01 -2.06841861e+00  0.00000000e+00  0.00000000e+00
  -8.63928352e-01 -1.67344278e-01]
 [-2.22785839e-01 -2.09863350e+00  0.00000000e+00  0.00000000e+00
  -1.13239269e+00 -2.09342579e-01]]
[04/03/2022, 06:18:18] computing sampling shap 566:576 within 35.3716 sec, 3.3969 on average
[04/03/2022, 06:18:18] instances left: 119
[04/03/2022, 06:18:18] estimating time left: 0:06:44.231100

[[-3.99464916e-01 -2.02464549e+00  0.00000000e+00  0.00000000e+00
   1.12167967e+00 -1.23952796e-01]
 [-5.07313474e-01 -2.10329190e+00  0.00000000e+00  0.00000000e+00
   8.19373034e-01 -1.42853701e-01]
 [-6.39383764e-01 -1.82925470e+00  0.00000000e+00  0.00000000e+00
  -2.81992245e-01  3.39289087e-02]
 [-3.60322957e-01 -2.14652582e+00  0.00000000e+00  0.00000000e+00
  -1.44270069e-01  1.79094630e-01]
 [-4.34556984e-01  8.48584452e+00  0.00000000e+00  0.00000000e+00
  -3.53427912e-01 -7.30692724e-02]
 [-3.64626898e-01  8.52809305e+00  0.00000000e+00  0.00000000e+00
  -8.06382066e-01 -7.49899575e-02]
 [-2.69783110e-01  8.52218962e+00 -7.21663106e-02  0.00000000e+00
   3.21476501e-01 -1.09967144e-02]
 [ 1.21726837e+01  9.28599109e+00  0.00000000e+00  0.00000000e+00
  -1.12095006e+00 -1.07791341e-01]
 [-4.80136889e-01 -2.07523930e+00  0.00000000e+00  0.00000000e+00
   3.97256818e-01 -1.10360507e-01]
 [-4.07818993e-01  8.59060910e+00  0.00000000e+00  0.00000000e+00
   3.19329810e-01 -1.25573255e-01]]
[04/03/2022, 06:18:51] computing sampling shap 576:586 within 32.7242 sec, 3.3555 on average
[04/03/2022, 06:18:51] instances left: 109
[04/03/2022, 06:18:51] estimating time left: 0:06:05.749500

[[-4.78645684e-01 -1.87575585e+00 -7.64464351e-02  0.00000000e+00
  -4.65171295e-01  2.99690319e-01]
 [-5.63510541e-01 -1.89198507e+00  0.00000000e+00  0.00000000e+00
   6.87297710e-01 -1.65888616e-01]
 [-1.49956385e-01 -2.28483548e+00  0.00000000e+00  0.00000000e+00
  -8.53228904e-01 -1.65790597e-01]
 [-5.51192891e-01 -1.97750607e+00  0.00000000e+00  0.00000000e+00
   7.47456875e-01 -1.15883223e-02]
 [-6.35782905e-01 -1.94831531e+00 -2.01480996e-05  0.00000000e+00
   1.25470031e+00 -9.69654624e-02]
 [-4.43974233e-02  1.85614875e+01  0.00000000e+00  0.00000000e+00
  -2.76994477e-01 -1.74735185e-01]
 [-6.60311862e-01 -1.81586682e+00  0.00000000e+00  0.00000000e+00
  -4.06550299e-01  1.88995985e-01]
 [-4.88460457e-01 -1.93367817e+00  0.00000000e+00  0.00000000e+00
  -9.64166506e-01  8.37241814e-01]
 [-5.10915497e-01 -1.79724340e+00 -1.80560940e-01  0.00000000e+00
   3.76237392e-01 -8.19012560e-02]
 [-1.57277015e-02 -2.30215122e+00  0.00000000e+00  0.00000000e+00
  -9.64302318e-02 -1.57555651e-01]]
[04/03/2022, 06:19:23] computing sampling shap 586:596 within 32.5777 sec, 3.3311 on average
[04/03/2022, 06:19:23] instances left: 99
[04/03/2022, 06:19:23] estimating time left: 0:05:29.778900

[[-0.61562064 -1.92670573  0.          0.         -0.33916346  0.1877568 ]
 [-0.38840873 -2.03688019  0.          0.         -0.49004959 -0.16749352]
 [-0.42540926 -1.95186718 -0.11310907  0.         -0.12472206 -0.18614969]
 [-0.60646144 -1.93037707  0.          0.         -0.6898609  -0.20295404]
 [-0.01657219 -2.35884939 -0.07259311  0.         -0.49038026 -0.08829421]
 [-0.34495447 -2.11196342  0.          0.          0.69697719 -0.17414548]
 [-0.54870313 -1.90133735  0.          0.         -1.09872483  0.55373045]
 [-0.31865575 -2.04006013  0.          0.         -0.16402975  0.36082456]
 [-0.50637456 -2.05034922  0.          0.         -0.85547586  0.324516  ]
 [-0.01374716 -2.56517517  0.          0.         -0.04984482 -0.17248959]]
[04/03/2022, 06:20:00] computing sampling shap 596:606 within 37.1238 sec, 3.4074 on average
[04/03/2022, 06:20:00] instances left: 89
[04/03/2022, 06:20:00] estimating time left: 0:05:03.258600

[[-5.47556656e-01 -1.90395911e+00 -7.56322926e-02  0.00000000e+00
   3.34581298e-01 -1.34702647e-01]
 [ 5.80558086e+00  3.76276646e+00  0.00000000e+00  0.00000000e+00
   9.37888229e-01 -1.06829454e-01]
 [-5.83470085e-01 -1.83490538e+00  0.00000000e+00  0.00000000e+00
  -3.40832022e-01  1.67273184e-01]
 [-4.28591517e-01 -1.87355745e+00 -1.27833050e-01  0.00000000e+00
  -4.38951826e-01 -1.32347150e-01]
 [-1.61771977e-01  1.86732004e+01  0.00000000e+00  0.00000000e+00
   7.09354834e-01 -7.25667067e-02]
 [-5.54317013e-01 -2.02891078e+00  0.00000000e+00  0.00000000e+00
  -2.31445642e-01 -1.90217548e-02]
 [-3.19009735e-01 -2.10582639e+00  0.00000000e+00  0.00000000e+00
   6.46891536e-01 -1.56141799e-01]
 [-3.25032827e-01 -2.16534433e+00  0.00000000e+00  0.00000000e+00
  -3.63006959e-01  3.73248003e-01]
 [-6.96658980e-01 -1.84077833e+00  0.00000000e+00  0.00000000e+00
   1.14759905e-01  1.82875707e-02]
 [-4.28287421e-01 -1.94463503e+00  0.00000000e+00  0.00000000e+00
  -1.84729403e-01  5.40581736e-01]]
[04/03/2022, 06:20:34] computing sampling shap 606:616 within 33.9571 sec, 3.4054 on average
[04/03/2022, 06:20:34] instances left: 79
[04/03/2022, 06:20:34] estimating time left: 0:04:29.026600

[[-0.52849143 -2.01169969  0.          0.         -0.30546628  0.07403891]
 [-0.44765208 -1.98856231  0.          0.         -1.03287292 -0.13439548]
 [-0.6567175  -1.80218133  0.          0.         -0.41498187  0.1087841 ]
 [-0.58407693 -1.86468311  0.          0.          1.14390461 -0.14464143]
 [-0.49666208 -1.96180455  0.          0.         -0.78235103 -0.1154669 ]
 [-0.48520253 -1.89966324  0.          0.         -1.0453065   0.15421488]
 [-0.43187991 -1.85574702 -0.11980006  0.          0.64477875 -0.17143805]
 [-0.01346473 -2.47648457  0.          0.         -0.27728604  0.0505339 ]
 [-0.50182303 -2.00946041 -0.13271241  0.         -0.2206677  -0.16752431]
 [-0.49334955 -1.88422594 -0.07993439  0.          0.01505551 -0.18794093]]
[04/03/2022, 06:21:11] computing sampling shap 616:626 within 36.4402 sec, 3.4395 on average
[04/03/2022, 06:21:11] instances left: 69
[04/03/2022, 06:21:11] estimating time left: 0:03:57.325500

[[-0.20251713 -2.33827453  0.          0.          1.2525751  -0.16127961]
 [-0.30915299  8.46499406  0.          0.         -0.37253647 -0.17498947]
 [-0.46193923  8.52779116  0.          0.          1.04707725 -0.11266618]
 [-0.44273507  8.48618749  0.          0.         -0.12323664  0.37586062]
 [-0.34611369 -2.19325992  0.          0.         -0.81760151  0.09661254]
 [ 0.          7.99455367  0.          0.         -0.25350033 -0.13077672]
 [-0.40402197 -2.14622382  0.          0.         -0.36633548  0.35160478]
 [-0.43845648  8.54579307  0.          0.         -0.38380724  0.23305267]
 [-0.23986412  8.40168217 -0.07239181  0.          1.09942127 -0.18377689]
 [-0.56037775 -1.81968343  0.          0.          0.62894155 -0.18296659]]
[04/03/2022, 06:21:46] computing sampling shap 626:636 within 35.7592 sec, 3.4566 on average
[04/03/2022, 06:21:46] instances left: 59
[04/03/2022, 06:21:46] estimating time left: 0:03:23.939400

[[-3.23154025e-01  8.50725130e+00  0.00000000e+00  0.00000000e+00
   3.16092940e-02 -8.91931726e-02]
 [-3.92977755e-01 -2.00509589e+00  0.00000000e+00  0.00000000e+00
  -4.10417044e-01  5.73135647e-01]
 [-2.50903105e-01  8.38398331e+00 -2.01480780e-05  0.00000000e+00
   6.07088575e-01 -2.44788205e-02]
 [-3.32071527e-01 -1.99156296e+00  0.00000000e+00  0.00000000e+00
  -7.86828761e-02  1.64566114e-01]
 [-4.46213510e-01 -1.76569633e+00 -7.89484314e-02  0.00000000e+00
   5.63835885e-01 -1.03414349e-01]
 [-5.46415228e-01 -1.85357494e+00  0.00000000e+00  0.00000000e+00
  -4.26119608e-01  1.01790210e-01]
 [-4.11573510e-01 -2.07789799e+00  0.00000000e+00  0.00000000e+00
   3.50407085e-01 -1.54479316e-01]
 [-4.73168723e-01 -2.02219193e+00  0.00000000e+00  0.00000000e+00
  -7.69836083e-01 -1.64457019e-01]
 [-4.73673598e-01 -1.93232581e+00 -7.54152265e-02  0.00000000e+00
  -8.06482762e-01  5.23917125e-01]
 [-4.04843962e-01 -2.06817306e+00 -6.82641768e-02  0.00000000e+00
  -2.73446266e-01  5.35776049e-01]]
[04/03/2022, 06:22:21] computing sampling shap 636:646 within 34.1554 sec, 3.4521 on average
[04/03/2022, 06:22:21] instances left: 49
[04/03/2022, 06:22:21] estimating time left: 0:02:49.152900

[[-0.36683813 -2.07550579  0.          0.         -0.63476732  0.47495727]
 [ 0.         -2.66815376  0.          0.          0.87470183 -0.14063371]
 [-0.41424221  8.45588141  0.          0.         -0.34061297  0.18963041]
 [-0.52886754 -2.07303907  0.          0.          0.04940442  0.73734194]
 [-0.55623152 -1.94798472  0.          0.         -0.39437743  0.03796811]
 [-0.40095476 -2.00518124  0.          0.         -0.47431909 -0.15234418]
 [-0.42733768 -2.02594413  0.          0.         -0.35796086  0.34062737]
 [-0.29861976 -2.33065624  0.          0.         -0.2753294   0.06173793]
 [-0.61681344 -1.71599122  0.          0.         -0.39744268  0.47533001]
 [-0.57872856 -1.92728456  0.          0.         -0.2320589  -0.03210771]]
[04/03/2022, 06:22:55] computing sampling shap 646:656 within 34.8305 sec, 3.4552 on average
[04/03/2022, 06:22:55] instances left: 39
[04/03/2022, 06:22:55] estimating time left: 0:02:14.752800

[[-5.20340504e-01 -1.80073046e+00 -7.86790434e-02  0.00000000e+00
  -4.94896098e-01 -1.06634762e-01]
 [-6.01996094e-01 -1.89396264e+00  0.00000000e+00  0.00000000e+00
  -3.62859307e-01  6.55559562e-03]
 [-2.41923233e-01 -2.05514740e+00 -1.27296558e-01  0.00000000e+00
   1.16805266e+00 -1.93182193e-01]
 [-3.45696241e-01  8.48951908e+00 -6.98898423e-02  0.00000000e+00
   6.82756925e-01  2.12325954e-01]
 [-3.38966065e-01  8.39510167e+00  0.00000000e+00  0.00000000e+00
   7.20371021e-01 -1.10511642e-01]
 [-4.52277344e-01 -1.93972439e+00 -7.76707255e-02  0.00000000e+00
  -3.47936031e-01  9.32887141e-02]
 [-2.36069432e-01  8.22527962e+00  0.00000000e+00  0.00000000e+00
  -8.14848462e-02 -1.25516875e-01]
 [-3.56723656e-01  8.54501989e+00  0.00000000e+00  0.00000000e+00
  -1.15101693e+00  5.32435348e-01]
 [-3.03006818e-01 -2.08909891e+00  0.00000000e+00  0.00000000e+00
   6.78737757e-01 -1.23181994e-01]
 [ 0.00000000e+00 -2.39486814e+00  0.00000000e+00  0.00000000e+00
  -4.26360755e-01 -1.51317673e-01]]
[04/03/2022, 06:23:34] computing sampling shap 656:666 within 38.1099 sec, 3.4875 on average
[04/03/2022, 06:23:34] instances left: 29
[04/03/2022, 06:23:34] estimating time left: 0:01:41.137500

[[-0.35963797 -2.04847031 -0.11911035  0.          1.20839957 -0.13067748]
 [-0.45359178 -2.00653063  0.          0.          0.69805873 -0.14027765]
 [-0.54805428 -1.91787209  0.          0.          1.14292876 -0.10338598]
 [-0.60006319 -1.73737523  0.          0.         -0.21021175  0.05688096]
 [-0.09101977 -2.30167566  0.          0.          0.61960959 -0.12925523]
 [-0.30189875  8.53539106  0.          0.         -0.59560378  0.0284799 ]
 [-0.63302696 -1.82979036 -0.07404217  0.         -0.06847628 -0.08536918]
 [-0.34350749 -2.18816716  0.          0.          0.79682153 -0.19923304]
 [-0.1103029   8.10856956  0.          0.         -0.53869208 -0.17179883]
 [-0.54733801 -1.93477825  0.          0.          0.72237394 -0.1178836 ]]
[04/03/2022, 06:24:07] computing sampling shap 666:676 within 33.0847 sec, 3.4726 on average
[04/03/2022, 06:24:07] instances left: 19
[04/03/2022, 06:24:07] estimating time left: 0:01:05.979400

[[-4.41562496e-01 -1.95953038e+00  0.00000000e+00  0.00000000e+00
   6.51826769e-01 -1.53075462e-01]
 [-5.90257368e-01 -1.77406075e+00  0.00000000e+00  0.00000000e+00
  -3.93952529e-01 -1.19090893e-02]
 [-5.16441851e-01 -1.91216133e+00  0.00000000e+00  0.00000000e+00
   6.64114057e-01 -1.69597310e-01]
 [-3.57692344e-01 -2.04657738e+00  0.00000000e+00  0.00000000e+00
  -3.45963569e-01  1.16921869e-02]
 [-2.63098575e-01  8.45684602e+00 -9.30094172e-02  0.00000000e+00
   9.93388473e-01 -3.44295936e-04]
 [-4.74182431e-01 -2.03446556e+00  0.00000000e+00  0.00000000e+00
  -3.81853595e-01  3.10768671e-01]
 [-5.63648653e-01 -1.88243308e+00  0.00000000e+00  0.00000000e+00
  -1.06111824e+00  5.30157775e-01]
 [-4.41031401e-01 -2.06449076e+00  0.00000000e+00  0.00000000e+00
   7.63792934e-01 -6.59421304e-02]
 [-4.49615172e-01  8.58822224e+00  0.00000000e+00  0.00000000e+00
  -4.41087048e-01 -9.15523444e-02]
 [-5.08981714e-01 -1.95577314e+00  0.00000000e+00  0.00000000e+00
  -7.87174791e-01  9.15207156e-01]]
[04/03/2022, 06:24:40] computing sampling shap 676:686 within 33.6657 sec, 3.4645 on average
[04/03/2022, 06:24:40] instances left: 9
[04/03/2022, 06:24:40] estimating time left: 0:00:31.180500

[[-4.57115173e-01 -1.98039730e+00  0.00000000e+00  0.00000000e+00
  -4.24775676e-01  3.91395218e-01]
 [-4.35738022e-01 -2.02210247e+00  0.00000000e+00  0.00000000e+00
   1.12270893e+00 -9.73987813e-03]
 [-3.86151665e-01 -2.03218872e+00 -8.09634674e-02  0.00000000e+00
  -4.11071821e-01 -1.27583590e-01]
 [-2.89438198e-01 -2.18174211e+00  0.00000000e+00  0.00000000e+00
  -5.76385428e-01  7.03013680e-01]
 [-5.51811868e-01 -1.99190107e+00 -2.01480979e-05  0.00000000e+00
   7.98346858e-01 -1.88700186e-01]
 [-5.07806588e-01 -1.92899564e+00 -6.75856177e-02  0.00000000e+00
   3.99753023e-01 -1.27708413e-01]
 [-5.03547542e-01 -2.01273206e+00  0.00000000e+00  0.00000000e+00
   1.20970571e+00 -1.42923142e-01]
 [-5.03003447e-01 -1.99665819e+00  0.00000000e+00  0.00000000e+00
   1.16481920e+00 -4.73737792e-02]
 [-1.46163321e-01 -2.36126380e+00  0.00000000e+00  0.00000000e+00
  -3.02088684e-01 -1.21676893e-01]
 [-3.35472981e-01  1.87805081e+01  0.00000000e+00  0.00000000e+00
   4.47523729e-01 -7.73450987e-02]]
[04/03/2022, 06:24:40] finish computing sampling shap for range: [5, 8] within 450.383559 sec
