Child #[2, 3]: psutil.Process(pid=4982, name='python', status='running', started='03:07:35'), affinity [2, 3]
Child #[2, 3]: Set my affinity to [2, 3], affinity now [2, 3]

[04/03/2022, 06:17:27] start computing sampling shap for range: [2, 8]
[04/03/2022, 06:18:03] computing sampling shap 139:149 within 35.8808 sec, 3.5881 on average
[04/03/2022, 06:18:03] instances left: 129
[04/03/2022, 06:18:03] estimating time left: 0:07:42.864900

[[-7.73138894e-01 -1.74088194e+00  0.00000000e+00  0.00000000e+00
  -9.56243716e-01  1.30374946e-01]
 [-3.59973868e-01 -1.45688337e+00  9.58838057e+00  0.00000000e+00
  -4.54535425e-01  8.23926170e-01]
 [-3.18444130e-01 -2.17061802e+00  0.00000000e+00  0.00000000e+00
   3.40246461e-01 -4.55675636e-02]
 [-4.56435745e-01 -1.92187073e+00 -7.98560993e-02  0.00000000e+00
  -8.23559436e-01 -8.83315663e-02]
 [-5.10950350e-01 -1.93913189e+00  0.00000000e+00  0.00000000e+00
   1.13447360e+00 -1.33888039e-01]
 [-3.39345460e-01 -2.05079001e+00  0.00000000e+00  0.00000000e+00
  -1.86169377e-01 -1.24793545e-03]
 [-5.11672067e-01 -1.85024701e+00 -7.41703279e-02  0.00000000e+00
  -1.03821370e-01  3.77990511e-01]
 [-4.28062172e-01 -1.84731953e+00 -9.49262735e-02  0.00000000e+00
  -4.69503623e-01  2.31281859e-01]
 [-7.33006193e-02  1.86831172e+01 -7.56038736e-02  0.00000000e+00
   8.04938086e-02 -1.31106978e-01]
 [-5.60945125e-01 -1.89257727e+00  0.00000000e+00  0.00000000e+00
  -7.95808773e-04  2.66052220e-02]]
[04/03/2022, 06:18:37] computing sampling shap 149:159 within 33.7793 sec, 3.4831 on average
[04/03/2022, 06:18:37] instances left: 119
[04/03/2022, 06:18:37] estimating time left: 0:06:54.488900

[[-5.39369507e-01 -1.94177738e+00  0.00000000e+00  0.00000000e+00
   3.96683011e-01 -1.11229920e-01]
 [ 6.03552374e+00  3.67386759e+00  0.00000000e+00  0.00000000e+00
  -3.78748217e-01 -8.98614362e-02]
 [-4.37082115e-01 -1.92464258e+00  0.00000000e+00  0.00000000e+00
  -2.11581590e-01  3.63331501e-02]
 [-4.33643775e-01 -1.98798125e+00  0.00000000e+00  0.00000000e+00
   1.11639341e+00 -1.21151839e-01]
 [ 0.00000000e+00  1.85734870e+01  0.00000000e+00  0.00000000e+00
   8.65069992e-02 -8.51933986e-02]
 [-3.49282017e-01 -2.04094941e+00  0.00000000e+00  0.00000000e+00
  -4.94087146e-01  1.42723179e-01]
 [ 0.00000000e+00  1.85878506e+01 -6.96382595e-02  0.00000000e+00
  -3.80429530e-01 -1.85448072e-01]
 [-4.78983057e-01 -1.93085552e+00  0.00000000e+00  0.00000000e+00
  -1.84049037e-01  1.63348697e-02]
 [-4.15466585e-01 -2.04358703e+00 -1.38547266e-01  0.00000000e+00
  -2.77647601e-01  3.23807868e-02]
 [-6.12337721e-01 -1.98548316e+00  0.00000000e+00  0.00000000e+00
   7.16558360e-03  4.34535176e-01]]
[04/03/2022, 06:19:13] computing sampling shap 159:169 within 35.5052 sec, 3.5056 on average
[04/03/2022, 06:19:13] instances left: 109
[04/03/2022, 06:19:13] estimating time left: 0:06:22.110400

[[-0.45469447 -2.00623953  0.          0.          1.14447094 -0.10992027]
 [-0.31475446 -2.07815481 -0.06107983  0.          1.15654783 -0.15205533]
 [-0.41435107 -2.06766779 -0.12206248  0.         -0.32021246 -0.14330929]
 [-0.52721458 -1.82081515  0.          0.         -0.46154922 -0.14924631]
 [-0.53116454 -1.78334411 -0.13627044  0.         -0.38344866  0.50376587]
 [-0.41813437 -1.98011216 -0.06558658  0.          0.01934355 -0.06009107]
 [-0.7225787  -1.70321753  0.          0.         -0.32548259 -0.17991467]
 [-0.52636436 -2.01304183  0.          0.         -0.28481524  0.23228738]
 [-0.59746587 -1.98193027  0.          0.          0.15709284  0.18455196]
 [-0.63888152  8.64600886  0.          0.          0.44434335 -0.04371886]]
[04/03/2022, 06:19:48] computing sampling shap 169:179 within 35.9515 sec, 3.528 on average
[04/03/2022, 06:19:48] instances left: 99
[04/03/2022, 06:19:48] estimating time left: 0:05:49.272000

[[-0.59367973 -1.97530525  0.          0.         -0.30090155  0.1925353 ]
 [-0.60936752 -1.76362196  0.          0.         -0.84516474  0.36972509]
 [-0.3758804  -2.14282463  0.          0.         -0.1644968  -0.16452517]
 [-0.43144912  8.53261805  0.          0.          0.36494761 -0.16250402]
 [-0.33394499 -2.09318694  0.          0.          0.67495082 -0.12544465]
 [-0.32717479 -1.54531219  9.76584658  0.          1.11582648 -0.16716028]
 [-0.64518122 -1.88005437  0.          0.          0.76842019 -0.17727106]
 [-0.44789249 -1.9985403   0.          0.          1.14017293 -0.14323688]
 [-0.15239526  8.18842807 -0.0680371   0.          0.75091543  0.25233568]
 [-0.4034333   8.62359752 -0.11920839  0.          1.04398025 -0.07686529]]
[04/03/2022, 06:20:22] computing sampling shap 179:189 within 33.8465 sec, 3.4994 on average
[04/03/2022, 06:20:22] instances left: 89
[04/03/2022, 06:20:22] estimating time left: 0:05:11.446600

[[-0.36891534 -1.96255071  0.          0.         -0.45605519 -0.20384654]
 [10.86573864 -1.51689398  0.          0.         -0.84801201  0.10501868]
 [-0.46528259 -1.80788871 -0.06856868  0.         -1.1245262   0.19030867]
 [-0.50808801 -2.03006061  0.          0.         -0.30705817 -0.02374413]
 [ 0.         -2.36571532 -0.07591361  0.         -0.40257477  0.07258535]
 [-0.40587577 -2.05959307  0.          0.         -0.39531486  0.14102758]
 [-0.62465317 -1.95047311  0.          0.          0.81155034 -0.13876536]
 [-0.5408338  -1.92236602  0.          0.          1.14458549 -0.13088237]
 [-0.55948023 -1.83407446 -0.0830841   0.          0.70152424 -0.10251145]
 [ 0.         -2.46642167  0.          0.         -0.30374716 -0.16102431]]
[04/03/2022, 06:20:57] computing sampling shap 189:199 within 35.0418 sec, 3.5002 on average
[04/03/2022, 06:20:57] instances left: 79
[04/03/2022, 06:20:57] estimating time left: 0:04:36.515800

[[-0.54672849 -1.86178353 -0.06562839  0.          0.3083548  -0.02990862]
 [-0.5847186  -1.8932141   0.          0.          1.196813   -0.1452638 ]
 [-0.38738902 -1.9799369   0.          0.         -0.47132844  0.0778611 ]
 [-0.5333226  -1.85461083 -0.07068527  0.         -0.46212434 -0.16084813]
 [-0.52169407 -1.93176012  0.          0.          0.33547356 -0.17556303]
 [-0.3597441  -1.96584226 -0.1458554   0.         -1.09105703  0.20415999]
 [-0.51549764 -2.03712698  0.          0.         -0.07816485  0.06268869]
 [-0.01664931 -2.33105698 -0.06805011  0.         -0.21624449 -0.21572626]
 [-0.54782625 -2.05125345  0.          0.         -0.17563148 -0.06189051]
 [-0.64121805 -1.86593853  0.          0.         -0.25244524  0.39843802]]
[04/03/2022, 06:21:31] computing sampling shap 199:209 within 33.1897 sec, 3.4743 on average
[04/03/2022, 06:21:31] instances left: 69
[04/03/2022, 06:21:31] estimating time left: 0:03:59.726700

[[-0.37136511 -2.17750068  0.          0.         -0.22028624 -0.04968454]
 [-0.57487192 -1.83529516  0.          0.         -1.03087146  0.10989477]
 [-0.52510182 -1.89220346 -0.07562775  0.         -0.6587351  -0.15772825]
 [-0.32057366 -2.10347288  0.          0.          1.09769316 -0.01403824]
 [-0.4059341  -2.01382052  0.          0.          1.10532041 -0.13506264]
 [-0.4880651  -1.81975751 -0.07442323  0.         -0.47148271 -0.21783394]
 [-0.11046054 -2.30992107  0.          0.          0.6351069  -0.14881138]
 [-0.52139392 -2.05759016  0.          0.         -0.03574965  0.04663281]
 [-0.6062185   8.6486213   0.          0.         -0.61089277  0.3458263 ]
 [10.90794891 -1.41085676  0.          0.         -0.65940007 -0.09370514]]
[04/03/2022, 06:22:04] computing sampling shap 209:219 within 33.7895 sec, 3.4624 on average
[04/03/2022, 06:22:04] instances left: 59
[04/03/2022, 06:22:04] estimating time left: 0:03:24.281600

[[-0.57601849 -1.98138408  0.          0.          0.78512593 -0.16180973]
 [-0.57827731 -1.80411482 -0.11509432  0.         -0.20448755  0.58345007]
 [-0.53583091  8.76528346 -0.06757563  0.         -0.4849932   0.3189558 ]
 [-0.4901322   8.50392181  0.          0.          0.81856464 -0.08076024]
 [-0.30515672 -1.96672907 -0.07589268  0.         -0.401215    0.16805457]
 [-0.35473114 -2.132558    0.          0.          0.3499797  -0.18995962]
 [ 0.         -2.50298939  0.          0.          0.73596816 -0.13531963]
 [ 0.         -2.44912522  0.          0.         -0.3727004   0.06551972]
 [ 0.         -2.45071099  0.          0.         -0.33896077 -0.20169537]
 [-0.65870787 -1.83079074  0.          0.         -0.35729241  0.14526106]]
[04/03/2022, 06:22:39] computing sampling shap 219:229 within 34.9817 sec, 3.4664 on average
[04/03/2022, 06:22:39] instances left: 49
[04/03/2022, 06:22:39] estimating time left: 0:02:49.853600

[[-0.53644187 -1.93637818  0.          0.          1.15730368 -0.13398045]
 [-0.59070603 -1.9561624   0.          0.          0.4166326  -0.06545814]
 [22.31782312 -1.06129292  0.          0.         -1.13903658  0.14150707]
 [-0.39166393 -2.00696722  0.          0.         -0.74496407  0.23041198]
 [-0.61005267 -1.71863443 -0.1449761   0.          1.15916111 -0.13499476]
 [ 5.79725857  3.76547751 -0.08568425  0.         -0.18523082  0.38184223]
 [-0.32652176 -2.11443356  0.          0.          0.67464538  0.11844219]
 [-0.56193154 -1.83697653 -0.13532685  0.         -0.30388174 -0.17525062]
 [11.12197658  8.92979607  0.          0.          0.13419285 -0.08785095]
 [-0.18014204 -2.35997037  0.          0.          0.77509931 -0.16907288]]
[04/03/2022, 06:23:12] computing sampling shap 229:239 within 32.3838 sec, 3.4436 on average
[04/03/2022, 06:23:12] instances left: 39
[04/03/2022, 06:23:12] estimating time left: 0:02:14.300400

[[-0.45484254 -1.75867236 -0.19716037  0.         -1.18392106  0.12239022]
 [-0.41068361 -1.90000638 -0.08436824  0.          0.30238356 -0.17580537]
 [-0.29198063 -2.08018237  0.          0.         -0.5128168  -0.10011078]
 [-0.55295188 -1.95150371  0.          0.         -0.20908317 -0.10239154]
 [-0.18594978 18.81823133  0.          0.         -0.32781939  0.10397838]
 [-0.36731626  8.59590177  0.          0.         -1.0674735  -0.16062879]
 [-0.16317237 -2.26133531  0.          0.          1.11259514 -0.1375841 ]
 [-0.38878296 -2.09787414  0.          0.          0.33814225 -0.02502549]
 [-0.4093006  -2.14485076  0.          0.          0.0911127  -0.1088265 ]
 [-0.27621129 -2.24779084  0.          0.          0.364942   -0.13448358]]
[04/03/2022, 06:23:46] computing sampling shap 239:249 within 34.1779 sec, 3.4413 on average
[04/03/2022, 06:23:46] instances left: 29
[04/03/2022, 06:23:46] estimating time left: 0:01:39.797700

[[-6.04666508e-01 -1.84189207e+00  0.00000000e+00  0.00000000e+00
  -4.73733777e-01 -8.91769852e-02]
 [-6.35937016e-01 -1.85342637e+00  0.00000000e+00  0.00000000e+00
  -1.31586888e-01  4.33977000e-02]
 [-3.82547681e-01  8.39633773e+00  0.00000000e+00  0.00000000e+00
  -7.69826337e-01  7.95638831e-01]
 [-1.41970943e-01  1.87576026e+01 -2.01481010e-05  0.00000000e+00
  -5.11917850e-01 -9.62626047e-02]
 [-5.71882803e-01 -1.89870665e+00  0.00000000e+00  0.00000000e+00
  -1.52363681e-01 -1.63757911e-01]
 [-5.55057927e-01 -1.97992360e+00  0.00000000e+00  0.00000000e+00
  -2.50473291e-01 -1.18007193e-01]
 [-2.43702230e-01 -2.09286063e+00 -7.23069420e-02  0.00000000e+00
  -2.01861678e-01 -7.99733072e-02]
 [-5.12077022e-01 -1.99337800e+00 -7.99859574e-02  0.00000000e+00
   4.33447709e-01 -1.75276383e-01]
 [-6.77174020e-01 -1.80273828e+00  0.00000000e+00  0.00000000e+00
   3.14360796e-01 -1.61717777e-01]
 [ 2.25114892e+01 -9.18801621e-01  0.00000000e+00  0.00000000e+00
  -2.17917445e-01 -1.05222555e-01]]
[04/03/2022, 06:24:19] computing sampling shap 249:259 within 33.0532 sec, 3.43 on average
[04/03/2022, 06:24:19] instances left: 19
[04/03/2022, 06:24:19] estimating time left: 0:01:05.170000

[[-0.4213165  -2.04187136  0.          0.         -0.37911899 -0.02664423]
 [-0.45378448 -2.01146509  0.          0.          0.70868284 -0.14577443]
 [-0.56417263 -1.87777577 -0.0804307   0.          0.79062713 -0.07591954]
 [-0.37983228 -2.073027   -0.07879418  0.         -0.22863116 -0.2310832 ]
 [-0.31313547  8.38609942  0.          0.          0.06902719  0.43648531]
 [-0.55268029 -1.91875888  0.          0.          0.29746203 -0.15329226]
 [ 6.01053684 14.03095957 -0.15104982  0.         -0.18443644  0.3240633 ]
 [-0.03254662 18.64403668 -0.06770606  0.          0.70953062 -0.15481324]
 [-0.40163427 -2.04064936  0.          0.         -0.6483813  -0.21873111]
 [-0.59432274 -1.80783534  0.          0.          1.08562919 -0.13296789]]
[04/03/2022, 06:24:52] computing sampling shap 259:269 within 32.6561 sec, 3.4173 on average
[04/03/2022, 06:24:52] instances left: 9
[04/03/2022, 06:24:52] estimating time left: 0:00:30.755700

[[-0.18019199 -2.11122554 -0.21739564  0.          0.05216237 -0.12898333]
 [-0.45026565 -1.97294487 -0.0730261   0.         -0.02036951  0.35468541]
 [-0.44537586 -1.90814406 -0.07767185  0.         -0.01801256 -0.18119098]
 [-0.28329211 -2.01558239 -0.17850854  0.          0.34559164 -0.06259217]
 [-0.2538603   8.44587513  0.          0.         -0.41545589  0.15168578]
 [-0.58536767 -1.87403992  0.          0.         -0.41643565  0.24735697]
 [-0.36926887 -2.05137292 -0.07257894  0.         -0.13817434 -0.13517346]
 [-0.30776642 -2.18187547  0.          0.          0.76174346 -0.17444307]
 [-0.55931531 -1.92639349  0.          0.         -1.1951653  -0.20798036]
 [-0.36090613 -2.12201597  0.          0.          0.73890698 -0.19007083]]
[04/03/2022, 06:24:52] finish computing sampling shap for range: [2, 8] within 444.25511 sec
