Child #[8, 9]: psutil.Process(pid=5089, name='python', status='running', started='03:07:45'), affinity [8, 9]
Child #[8, 9]: Set my affinity to [8, 9], affinity now [8, 9]

[04/03/2022, 01:04:22] start computing sampling shap for range: [5, 8]
[04/03/2022, 01:05:24] computing sampling shap 3076:3086 within 61.6979 sec, 6.1698 on average
[04/03/2022, 01:05:24] instances left: 759
[04/03/2022, 01:05:24] estimating time left: 1:18:02.878200

[[-0.33874657  5.73895229  0.          0.          0.64455664  0.03030654]
 [-0.13192205  5.58534166  0.          0.         -0.5036747   0.0271357 ]
 [-0.97711546 -3.65853926 -0.25764838  0.         -0.14822734  0.2090274 ]
 [-0.94415881 -4.03052855  0.          0.          0.67844149 -0.11749482]
 [-1.04645402 -3.92255818  0.          0.          0.68399682 -0.15183812]
 [-0.93838747 -4.04621171 -0.07248739  0.          0.36547948  0.14465699]
 [-1.04278686 -3.8510842  -0.13799509  0.         -0.75486311 -0.27219051]
 [-0.80756537 -4.0368776  -0.07316563  0.          0.21441199 -0.18650165]
 [-0.16551184  5.66171684  0.          0.          0.62233039 -0.1591706 ]
 [-1.18706968 -3.74792821  0.          0.          0.31764917 -0.01787601]]
[04/03/2022, 01:06:28] computing sampling shap 3086:3096 within 63.4807 sec, 6.259 on average
[04/03/2022, 01:06:28] instances left: 749
[04/03/2022, 01:06:28] estimating time left: 1:18:07.991000

[[-8.35127380e-01 -4.09040683e+00  0.00000000e+00  0.00000000e+00
  -7.97815739e-01  1.56260079e-01]
 [-1.81654917e-01  5.66618070e+00  0.00000000e+00  0.00000000e+00
  -4.77406487e-03  4.78002875e-01]
 [-3.00436733e-01  5.78063379e+00  0.00000000e+00  0.00000000e+00
  -3.17433934e-01 -1.47768903e-03]
 [-8.90017639e-01 -3.99251836e+00  0.00000000e+00  0.00000000e+00
   1.83542051e-01  2.10891397e-01]
 [-1.62442751e-01  5.63159956e+00  0.00000000e+00  0.00000000e+00
   2.62314071e-01  9.97252090e-03]
 [-3.26612341e-01  5.83962930e+00  0.00000000e+00  0.00000000e+00
  -5.09313291e-01  5.04608034e-02]
 [-1.02608328e+00 -3.88620128e+00 -7.43313651e-02  0.00000000e+00
   7.59208534e-01 -1.86333374e-01]
 [-1.03724469e+00 -3.93118476e+00  0.00000000e+00  0.00000000e+00
  -6.31384928e-01 -2.06379221e-01]
 [-1.04921037e+00 -3.91829741e+00 -7.38617130e-02  0.00000000e+00
   7.71589106e-01 -1.67073368e-01]
 [-1.13020923e+00 -3.84198823e+00 -7.31731221e-02  0.00000000e+00
  -5.97447354e-01  5.47150872e-03]]
[04/03/2022, 01:07:30] computing sampling shap 3096:3106 within 62.0301 sec, 6.2404 on average
[04/03/2022, 01:07:30] instances left: 739
[04/03/2022, 01:07:30] estimating time left: 1:16:51.655600

[[-0.1046679   5.65484908  0.          0.          0.19010057 -0.06206537]
 [-0.85550359 -3.99178522 -0.07563033  0.          0.68024112 -0.19417591]
 [-0.90552756 -4.11418617 -0.07584136  0.         -0.73745    -0.22319595]
 [-1.19448987 -3.76649003  0.          0.         -0.56210305 -0.15497901]
 [ 4.35302056  2.60505741  0.          0.         -0.01455725 -0.08871957]
 [-0.85831013 -3.97777077 -0.11786915  0.         -0.13255352 -0.2281231 ]
 [-0.89094875 -4.05481333  0.          0.          0.25636166 -0.20029785]
 [-0.82124669 -4.02198349 -0.19290238  0.         -0.31671652 -0.07530397]
 [ 4.82606392  2.80424166  0.          0.          0.04589561  0.18543966]
 [-0.21402014  5.71826801  0.          0.          0.63985866 -0.1847417 ]]
[04/03/2022, 01:08:34] computing sampling shap 3106:3116 within 64.1941 sec, 6.2852 on average
[04/03/2022, 01:08:34] instances left: 729
[04/03/2022, 01:08:34] estimating time left: 1:16:21.910800

[[-0.85807893 -3.95814866 -0.07358859  0.          0.63092984 -0.17796754]
 [-0.12371075  5.68013345  0.          0.          0.53544339 -0.16163078]
 [-0.15455873  2.79804519  2.84639436  0.          0.47956542  0.32355167]
 [ 4.21229276  2.74182068 -0.07976816  0.          0.48595641 -0.1695306 ]
 [-0.80430136 -3.97693073 -0.07637999  0.          0.59824574 -0.17748729]
 [-1.04492487 -3.8975522   0.          0.          0.72378783 -0.21816461]
 [-0.81279993 -4.11991285 -0.11253309  0.         -0.27734691 -0.06915428]
 [-1.00408806 -3.74188422 -0.12993169  0.         -1.49278139  0.6341689 ]
 [ 4.19474482  2.61133811  0.          0.          0.59827705 -0.1673457 ]
 [-0.20506153  2.62623657  3.0234419   0.         -0.0222603   0.57070154]]
[04/03/2022, 01:09:35] computing sampling shap 3116:3126 within 60.795 sec, 6.2441 on average
[04/03/2022, 01:09:35] instances left: 719
[04/03/2022, 01:09:35] estimating time left: 1:14:49.507900

[[-0.54153751 -4.2474426  -0.07254354  0.          0.19863026 -0.22680475]
 [-0.40001532  6.10048663 -0.12714553  0.         -0.13651709 -0.22339297]
 [-0.66371793 -4.10997091 -0.13114402  0.          0.27047406 -0.23062453]
 [-0.72404175 -4.18998773  0.          0.          0.18529724 -0.19271119]
 [ 9.57278712 -1.97884079  0.          0.          0.54475124 -0.16525198]
 [-0.84044449 -4.16742838  0.          0.         -0.25143663  0.50684327]
 [-1.02232671 -3.73541009 -0.13005363  0.         -0.49232093  0.38667268]
 [-0.18327625  5.72302589  0.          0.         -0.53759844 -0.06391706]
 [ 4.12345077  2.95048731 -0.12884464  0.         -0.60480879 -0.11509073]
 [-0.94802972 -3.9236438  -0.14581727  0.          0.32089118  0.13036935]]
[04/03/2022, 01:10:43] computing sampling shap 3126:3136 within 68.3338 sec, 6.3423 on average
[04/03/2022, 01:10:43] instances left: 709
[04/03/2022, 01:10:43] estimating time left: 1:14:56.690700

[[-0.18584799  5.74703074 -0.06859107  0.         -0.6176982   0.13119337]
 [-0.78179741 -3.92906347 -0.1126      0.          0.18384647  0.15544771]
 [-0.91811569 -3.98914945  0.          0.         -0.4792201   0.24142303]
 [-0.20794716  5.61098605  0.          0.          0.70324228 -0.17604603]
 [-0.20872342  5.94235606 -0.15656714  0.          0.21293532 -0.13596288]
 [-1.07936557 -3.80337334 -0.15005098  0.         -0.34035432  0.21265265]
 [-0.16743049  5.5736136   0.          0.          0.6993717  -0.1753195 ]
 [ 4.25244666  2.71511907  0.          0.         -0.48464234 -0.07313614]
 [-1.12301048 -3.66841981 -0.19956155  0.         -0.06635258 -0.198493  ]
 [-0.87655876 -3.93328277  0.          0.         -0.39595671  0.37436108]]
[04/03/2022, 01:11:48] computing sampling shap 3136:3146 within 65.2808 sec, 6.3689 on average
[04/03/2022, 01:11:48] instances left: 699
[04/03/2022, 01:11:48] estimating time left: 1:14:11.861100

[[-0.81278274 -4.05982624  0.          0.         -0.78672511 -0.24421424]
 [-0.94899917 -3.88996575 -0.07553766  0.          0.20471851  0.13700173]
 [-0.92587467 -3.84308445 -0.18110975  0.          0.7055623  -0.11202907]
 [ 4.12016088  2.80478936  0.          0.          0.19663232  0.40105111]
 [-0.23375303  5.69362045  0.          0.          0.62945848 -0.09508136]
 [-0.34938253  5.88573083  0.          0.         -0.11316211 -0.20977046]
 [-0.18758629  5.67893717  0.          0.          0.645735   -0.13294473]
 [-1.04966873 -3.92182885 -0.13305322  0.         -0.70155044 -0.20522731]
 [-0.81490858 -3.8014119  -0.16583889 -0.07356094 -0.61862417  0.12812065]
 [-0.91848133 -3.96711868 -0.07312987  0.          0.27094199 -0.13611953]]
[04/03/2022, 01:12:49] computing sampling shap 3146:3156 within 61.1114 sec, 6.3367 on average
[04/03/2022, 01:12:49] instances left: 689
[04/03/2022, 01:12:49] estimating time left: 1:12:45.986300

[[ 3.98148941  2.8639454   0.          0.          0.52651652 -0.18118045]
 [ 4.18124961  2.8684499  -0.0774674   0.          0.18026721 -0.13966914]
 [-0.30907456  5.97698251 -0.22153932  0.         -0.27745331  0.22679859]
 [-0.9101589  -3.7551204  -0.19495267  0.         -0.15107106  0.07586012]
 [-0.83980297 -4.1535029  -0.07103668  0.          0.38477744  0.19146222]
 [-0.81551203 -4.2302444   0.          0.         -1.46393078  0.09168248]
 [-1.01091632 -3.94101541  0.          0.         -1.43664745  0.25515511]
 [-0.81951711 -4.08273095 -0.07193419  0.         -0.60955176  0.52018874]
 [-0.93011981 -3.87371084 -0.15861047  0.         -1.10724212  0.20138838]
 [-0.19040087  5.69593957  0.          0.         -0.35413354 -0.06002761]]
[04/03/2022, 01:13:48] computing sampling shap 3156:3166 within 58.5524 sec, 6.2832 on average
[04/03/2022, 01:13:48] instances left: 679
[04/03/2022, 01:13:48] estimating time left: 1:11:06.292800

[[-0.97701823 -3.95074208 -0.07242059  0.         -0.34179928 -0.21724223]
 [-0.89623005 -4.14813118  0.          0.          0.32993812 -0.08060556]
 [-0.35099399  5.81819749  0.          0.         -0.03701845  0.05901429]
 [-0.11788384  5.59522971  0.          0.         -1.35491361  0.55252455]
 [-0.29215377  5.74898347  0.          0.          0.31499119 -0.21994859]
 [-1.06078469 -3.94315329 -0.07042919  0.         -1.59010558 -0.22721601]
 [ 4.11963665  2.58713743  0.          0.          0.68332891 -0.19933193]
 [-0.13709433  5.6066483   0.          0.         -0.4098512   0.57840532]
 [-0.90483813 -4.13969457  0.          0.         -0.31975958 -0.19493046]
 [-0.86902863 -3.89090177 -0.15397671  0.          0.66054588 -0.18349265]]
[04/03/2022, 01:14:47] computing sampling shap 3166:3176 within 59.0811 sec, 6.2457 on average
[04/03/2022, 01:14:47] instances left: 669
[04/03/2022, 01:14:47] estimating time left: 1:09:38.373300

[[ 4.21859109  2.71396672 -0.07647057  0.          0.08414977 -0.07800278]
 [-0.21928829  5.69665113  0.          0.          0.63922079 -0.15721902]
 [-0.93912038 -3.81268017 -0.20292871  0.          0.22764956 -0.16261877]
 [ 8.49601343 -1.81642263  0.          0.         -0.57892825  0.60613426]
 [-0.76752076 -4.14648035 -0.07511532  0.          0.71973648 -0.16747372]
 [-0.7452274  -4.26952712  0.          0.          0.73546837 -0.15756743]
 [-0.20742374  2.91375889  2.92112139  0.         -0.1801079   0.27678391]
 [-1.19517882 -3.72890595 -0.07648818  0.         -0.02960688 -0.28444689]
 [-1.04221537 -3.94942564  0.          0.          0.31630547 -0.04223982]
 [-0.74478567 -4.01057005 -0.15231357  0.         -0.07237333  0.25258755]]
[04/03/2022, 01:15:52] computing sampling shap 3176:3186 within 64.7678 sec, 6.2667 on average
[04/03/2022, 01:15:52] instances left: 659
[04/03/2022, 01:15:52] estimating time left: 1:08:49.755300

[[-0.70595589 -4.1748647  -0.06862161  0.         -0.03346497  0.26713555]
 [-0.81391029 -4.10013983  0.          0.          0.65398555 -0.17678888]
 [-0.14196134  5.53126449  0.          0.          0.71399501 -0.17306318]
 [-0.87400774 -3.96322605 -0.07451439  0.          0.27571727 -0.22895229]
 [-0.92377498 -4.09036754 -0.07571036  0.          0.02217502 -0.1153729 ]
 [ 8.50106998 -1.81893123  0.          0.          0.61987216 -0.11463089]
 [-1.14298156 -3.72436057 -0.07505873  0.         -1.66016684 -0.10304289]
 [-0.30052552  5.80837474  0.          0.          0.626111   -0.10273666]
 [-0.71262219 -4.21189823  0.          0.          0.21563619 -0.18081415]
 [-0.24756346  5.6474781   0.          0.         -0.25189758  0.30081736]]
[04/03/2022, 01:16:50] computing sampling shap 3186:3196 within 57.9913 sec, 6.2278 on average
[04/03/2022, 01:16:50] instances left: 649
[04/03/2022, 01:16:50] estimating time left: 1:07:21.842200

[[-0.21834053  5.69395603  0.          0.          0.65354491 -0.19892515]
 [-0.63422193 -4.0613655  -0.19349067  0.         -0.7884392  -0.28238707]
 [-0.91690498 -3.99368172 -0.07425261  0.          0.31766788 -0.14156184]
 [-0.73182024 -4.20437359 -0.07480342  0.         -0.34862987 -0.06852571]
 [-0.20806904  5.6828475   0.          0.          0.65165626 -0.19619965]
 [-0.19495062  5.74680906  0.          0.         -0.11259689  0.16857168]
 [-0.99072721 -3.89038087  0.          0.         -0.62175905 -0.33221741]
 [-0.8999408  -3.85724488 -0.07314345 -0.07272339 -0.64803763  0.49480314]
 [-0.1517673   5.60804355  0.          0.          0.00652686 -0.24938678]
 [-0.16577609  5.65167763 -0.10150402  0.          0.01409131  0.68579025]]
[04/03/2022, 01:17:52] computing sampling shap 3196:3206 within 61.9514 sec, 6.2253 on average
[04/03/2022, 01:17:52] instances left: 639
[04/03/2022, 01:17:52] estimating time left: 1:06:17.966700

[[ 4.26025645e+00  2.76682414e+00  0.00000000e+00  0.00000000e+00
  -1.17075580e-01 -6.96388091e-02]
 [-3.44966808e-01  5.87923645e+00 -6.81459039e-02  0.00000000e+00
  -2.95082476e-02 -6.20662594e-02]
 [-7.58351657e-01 -4.00320430e+00 -1.93393005e-01  0.00000000e+00
   7.19453118e-01 -2.01357905e-01]
 [-1.06697521e+00 -3.88512412e+00  0.00000000e+00  0.00000000e+00
   6.73561173e-01 -7.16418391e-02]
 [-1.12675326e+00 -3.79905415e+00 -1.71925343e-01  0.00000000e+00
  -2.76247102e-01 -2.43772275e-01]
 [ 3.21027526e+00  1.19947842e+01  2.02525363e+00 -7.70612721e-02
   4.68835008e-01 -1.60809861e-02]
 [-1.78150922e-01  5.59818099e+00  0.00000000e+00  0.00000000e+00
   3.10879372e-01  1.18528553e-01]
 [ 4.12680382e+00  2.74025786e+00 -3.91263210e-04  0.00000000e+00
   5.11427779e-01 -1.41084176e-01]
 [-6.67257452e-01 -4.10896590e+00 -1.78471085e-01  0.00000000e+00
   2.61651584e-01 -1.24751296e-01]
 [-2.55414052e-01  3.01653331e+00  2.73941191e+00  0.00000000e+00
  -3.97032541e-02  3.07962452e-02]]
[04/03/2022, 01:18:54] computing sampling shap 3206:3216 within 62.0821 sec, 6.2241 on average
[04/03/2022, 01:18:54] instances left: 629
[04/03/2022, 01:18:54] estimating time left: 1:05:14.958900

[[-8.27894130e-01 -3.86514084e+00 -1.61359585e-01  0.00000000e+00
   5.77591050e-01 -1.36937270e-01]
 [-1.09314848e+00 -3.65043894e+00 -1.46506081e-01  0.00000000e+00
  -4.17597279e-01  2.66613143e-01]
 [-1.06168825e+00 -3.79875198e+00  0.00000000e+00  0.00000000e+00
   2.04402986e-01  2.08121087e-02]
 [ 6.09426776e+00  1.72001015e+00 -9.03827375e-02  0.00000000e+00
   5.03507383e-01  3.18139785e-01]
 [-1.14508737e+00 -3.79784367e+00  0.00000000e+00  0.00000000e+00
   6.03559031e-01  7.64269222e-02]
 [ 1.12250623e+01 -4.16540226e+00 -2.01481188e-05  0.00000000e+00
  -1.70382701e+00 -2.77766255e-02]
 [-1.43662836e-01  5.72728377e+00 -7.32856774e-02  0.00000000e+00
   2.65086214e-01 -1.87193341e-01]
 [ 4.04016344e+00  2.73349473e+00 -3.91278472e-04  0.00000000e+00
   5.67873571e-01 -1.04126106e-01]
 [-3.00443491e-01  5.78856535e+00  0.00000000e+00  0.00000000e+00
   6.28539503e-01 -1.57296623e-01]
 [-2.41890471e-01  5.68296630e+00  0.00000000e+00  0.00000000e+00
   6.65875744e-01 -1.76716493e-01]]
[04/03/2022, 01:19:58] computing sampling shap 3216:3226 within 64.0704 sec, 6.2363 on average
[04/03/2022, 01:19:58] instances left: 619
[04/03/2022, 01:19:58] estimating time left: 1:04:20.269700

[[-0.9161788  -3.85743575 -0.19844396  0.         -1.23625312  0.33235959]
 [-1.05260459 -3.80706084 -0.07403255  0.          0.66809486 -0.11386727]
 [-0.89983233 -3.98660439  0.          0.          0.21579395  0.19396906]
 [-0.18239095  5.68998514 -0.06887286  0.         -0.45817181  0.80701527]
 [-1.07767314 -3.81883676  0.          0.          0.64812094 -0.18846512]
 [ 3.78294079  2.93436384  0.          0.          0.69597487 -0.19070037]
 [-0.39193914  5.95313208  0.          0.         -0.64360941 -0.0889073 ]
 [-0.14613032  5.62148929  0.          0.         -1.37466522 -0.2021367 ]
 [-1.06833204 -3.84917033 -0.07808262  0.          0.2805623  -0.06516506]
 [-0.35190989  5.88408097  0.          0.          0.15469032  0.23659717]]
[04/03/2022, 01:20:58] computing sampling shap 3226:3236 within 60.1475 sec, 6.2224 on average
[04/03/2022, 01:20:58] instances left: 609
[04/03/2022, 01:20:58] estimating time left: 1:03:09.441600

[[ 4.85500171e+00  2.81458671e+00  0.00000000e+00  0.00000000e+00
   2.79034067e-01 -6.79324909e-02]
 [-7.93970893e-01 -4.08858951e+00 -1.45306220e-01  0.00000000e+00
   3.05187243e-01 -1.98764181e-01]
 [-6.73441524e-01 -4.27251033e+00 -7.19088405e-02  0.00000000e+00
   3.34385234e-01 -2.06222903e-01]
 [ 3.96365434e+00  3.08166885e+00 -4.04642126e-04  0.00000000e+00
   1.34039065e-01 -1.79545075e-01]
 [-2.45802373e-01  5.72574658e+00  0.00000000e+00  0.00000000e+00
   6.17094343e-01 -1.37673865e-01]
 [-9.83337659e-01 -3.99640760e+00  0.00000000e+00  0.00000000e+00
  -3.41999532e-01 -1.28023940e-01]
 [-3.41634289e-01  5.83766319e+00  0.00000000e+00  0.00000000e+00
   6.15336834e-01 -1.52001164e-01]
 [-9.05570077e-01 -3.98278556e+00 -7.30091025e-02  0.00000000e+00
   7.10830504e-01 -1.06001722e-01]
 [-9.05700402e-01 -3.86936723e+00 -2.70495106e-01  0.00000000e+00
  -3.22849216e-01 -2.49340576e-01]
 [-9.63268919e-01 -3.92857986e+00 -7.33016844e-02  0.00000000e+00
  -8.75188743e-02 -2.28231631e-01]]
[04/03/2022, 01:22:02] computing sampling shap 3236:3246 within 64.1793 sec, 6.2339 on average
[04/03/2022, 01:22:02] instances left: 599
[04/03/2022, 01:22:02] estimating time left: 1:02:14.106100

[[-8.69231342e-01 -4.03878791e+00 -1.15466032e-01  0.00000000e+00
   2.95549826e-01 -1.37047771e-01]
 [ 4.04081657e+00  2.85035227e+00  0.00000000e+00  0.00000000e+00
   4.61265003e-01  1.58116961e-01]
 [-8.65574165e-01 -4.00513354e+00 -7.21779874e-02  0.00000000e+00
   6.48153017e-01 -1.42121356e-01]
 [-8.59174321e-01 -3.83806659e+00 -1.59480577e-01  0.00000000e+00
  -4.77527487e-01 -2.24973306e-01]
 [ 4.05400629e+00  2.90088654e+00 -7.95527180e-02  0.00000000e+00
   2.84731419e-01 -7.57855994e-02]
 [-1.33773215e-01  5.69875457e+00  0.00000000e+00  0.00000000e+00
   5.67749519e-01 -2.02495684e-01]
 [-1.84329514e-01  5.65506642e+00  0.00000000e+00  0.00000000e+00
   6.89873968e-01 -2.01245755e-01]
 [-1.07000693e+00 -3.96534983e+00  0.00000000e+00  0.00000000e+00
  -3.32148650e-03  4.11531669e-01]
 [-1.37651149e-01  5.62165765e+00  0.00000000e+00  0.00000000e+00
   6.50803307e-01 -2.04574614e-01]
 [-1.77356677e-01  5.78741759e+00 -7.21200733e-02  0.00000000e+00
  -9.89852695e-02 -1.01488646e-02]]
[04/03/2022, 01:23:09] computing sampling shap 3246:3256 within 67.1365 sec, 6.2606 on average
[04/03/2022, 01:23:09] instances left: 589
[04/03/2022, 01:23:09] estimating time left: 1:01:27.493400

[[-1.82306797e-01  5.81857677e+00  0.00000000e+00  0.00000000e+00
   6.12833739e-03  3.59471877e-02]
 [-8.93237148e-01 -3.94772510e+00 -1.42147029e-01  0.00000000e+00
   7.24458671e-01 -1.78203469e-01]
 [ 4.17123966e+00  2.74149872e+00 -4.04639913e-04  0.00000000e+00
   2.52611309e-01 -1.52114664e-01]
 [-1.10075281e+00 -3.52804095e+00 -2.02462079e-01  0.00000000e+00
   1.49243580e-01 -7.05442690e-03]
 [-2.87858933e-01  5.80977036e+00 -7.15632215e-02  0.00000000e+00
   7.65644334e-03  7.85057487e-02]
 [-1.09901056e+00 -3.90467935e+00 -7.42520191e-02  0.00000000e+00
   2.27427663e-03 -2.05233394e-01]
 [-1.91384745e-01  5.83233971e+00 -6.69998337e-02  0.00000000e+00
  -8.27968870e-01 -7.14891366e-02]
 [-2.42550912e-01  5.75534755e+00  0.00000000e+00  0.00000000e+00
   5.90968649e-01 -9.12865682e-02]
 [-1.57809381e-01  5.74070261e+00  0.00000000e+00  0.00000000e+00
  -4.35907782e-01 -2.56321784e-01]
 [ 5.99722403e+00  1.39526248e+00 -1.56572104e-01  0.00000000e+00
  -3.25230651e-01  1.57913544e-01]]
[04/03/2022, 01:24:12] computing sampling shap 3256:3266 within 62.8123 sec, 6.2617 on average
[04/03/2022, 01:24:12] instances left: 579
[04/03/2022, 01:24:12] estimating time left: 1:00:25.524300

[[-0.99066942 -3.75195091 -0.11435888  0.          0.64374152 -0.22361621]
 [-0.25347557  5.77176011  0.          0.          0.6151988  -0.2032482 ]
 [-1.09825638 -3.72421699 -0.13453711  0.         -0.60299234  0.12938215]
 [-0.29603232  5.79769936  0.          0.         -1.37181715  0.26798154]
 [-0.36077406  5.81349175  0.          0.         -0.68458928  0.14373648]
 [ 4.07624823  2.73504304  0.          0.          0.55195046 -0.17247073]
 [-0.99667197 -3.94297883  0.          0.         -0.44843648 -0.18490396]
 [-0.27745186  5.7073568   0.          0.         -0.60623484 -0.11478145]
 [-0.86649064 -3.91982551 -0.16302977  0.         -0.75945055 -0.09449077]
 [-0.79017905 -4.08985283 -0.13448674  0.         -0.05024098 -0.07402508]]
[04/03/2022, 01:25:14] computing sampling shap 3266:3276 within 61.5829 sec, 6.2565 on average
[04/03/2022, 01:25:14] instances left: 569
[04/03/2022, 01:25:14] estimating time left: 0:59:19.948500

[[-0.18403167  2.87871602  2.80939672  0.         -0.10675257 -0.07848147]
 [-0.66452128 -4.33176295  0.          0.         -0.3039791  -0.12788949]
 [-0.88626501 -4.02317967  0.          0.          0.62538008 -0.12967605]
 [-0.96341441 -4.02657195 -0.07698596  0.         -0.28961531 -0.09187066]
 [-0.96557722 -3.8527622  -0.18266666  0.         -0.52980426 -0.24325813]
 [-0.27573378  5.85669881 -0.06842815  0.         -0.61854976  0.30864926]
 [-0.7067661  -4.25172786 -0.07272919  0.         -0.86709268  1.16413553]
 [-0.89055294 -3.99724625  0.          0.          0.19369088 -0.17087488]
 [-0.89360683 -3.97955591  0.          0.          0.61634975 -0.07093535]
 [-0.91053592 -4.08749     0.          0.          0.72209327 -0.13780785]]
[04/03/2022, 01:26:16] computing sampling shap 3276:3286 within 62.1617 sec, 6.2546 on average
[04/03/2022, 01:26:16] instances left: 559
[04/03/2022, 01:26:16] estimating time left: 0:58:16.321400

[[-0.17657305  5.71642751  0.          0.          0.24990827 -0.23789067]
 [-0.14655546  5.62783494  0.          0.          0.61478719 -0.13670204]
 [-0.98035339 -4.04224566  0.          0.         -1.19063497 -0.13040771]
 [-0.92473507 -3.92892342 -0.14110458  0.          0.27802555 -0.10105637]
 [-0.75385169 -4.12856595 -0.07391608  0.          0.69520535 -0.17572542]
 [-0.1188486   5.75397809 -0.13474526  0.          0.27523409 -0.10811428]
 [-0.12224601  5.53108182  0.          0.          0.68696853 -0.07696993]
 [-1.06999872 -3.84949318 -0.07380714  0.          0.28197289 -0.1536569 ]
 [ 4.06591619  2.81988444  0.          0.          0.00902667 -0.01030558]
 [-0.77538624 -4.1190952  -0.15456582  0.          0.79815553 -0.18596211]]
[04/03/2022, 01:27:18] computing sampling shap 3286:3296 within 62.6005 sec, 6.2549 on average
[04/03/2022, 01:27:18] instances left: 549
[04/03/2022, 01:27:18] estimating time left: 0:57:13.940100

[[-0.32392513  5.66234537  0.          0.          0.35148008  0.22932647]
 [-0.23516953  5.77929544 -0.07035247  0.         -0.75832532 -0.27366249]
 [-0.95380802 -4.00636206 -0.07381127  0.          0.78620739 -0.13169619]
 [-0.21947526  5.82907818 -0.06877258  0.         -0.13427559 -0.15458852]
 [-0.78819964 -4.16762925 -0.11220747  0.          0.03229785  0.10029587]
 [-0.18866147  5.80076657 -0.06604689  0.         -0.06249778  0.17771552]
 [-0.91200239 -3.89879705 -0.11694312  0.         -0.44419341 -0.01981135]
 [ 3.71896661  3.06958707  0.          0.          0.57394554 -0.12139456]
 [-0.25521132  5.66494062  0.          0.          0.35748895 -0.15286941]
 [-0.97157649 -3.76142221 -0.1457523   0.         -0.3952415   0.23291501]]
[04/03/2022, 01:28:20] computing sampling shap 3296:3306 within 61.9356 sec, 6.2522 on average
[04/03/2022, 01:28:20] instances left: 539
[04/03/2022, 01:28:20] estimating time left: 0:56:09.935800

[[-0.89089957 -3.88574723 -0.18109114  0.          0.67119092 -0.06998873]
 [-0.30123178  5.82410364  0.          0.         -0.0741223  -0.23533358]
 [-1.02453575 -3.74933174 -0.14362725  0.          0.66944988 -0.16569597]
 [ 4.1616946   2.76361146  0.          0.          0.24848976 -0.17438369]
 [-1.09821765 -3.78224249 -0.11437679  0.         -0.12630086 -0.13469935]
 [-0.74369771 -4.25102035 -0.07191924  0.          0.76922048 -0.13943684]
 [-0.91702679 -4.01786706 -0.11204513  0.         -0.38243222  0.46022549]
 [-0.93269867 -4.05366426  0.          0.         -1.42405764  0.3630361 ]
 [-0.22108855  5.746504    0.          0.          0.59191553 -0.18709582]
 [-1.04265866 -3.89708439  0.          0.         -0.12907965 -0.21207819]]
[04/03/2022, 01:29:23] computing sampling shap 3306:3316 within 62.6195 sec, 6.2526 on average
[04/03/2022, 01:29:23] instances left: 529
[04/03/2022, 01:29:23] estimating time left: 0:55:07.625400

[[ 4.06500289e+00  2.79025958e+00  0.00000000e+00  0.00000000e+00
  -3.01867561e-01  4.49283446e-01]
 [-1.01311477e+00 -3.97997813e+00 -3.91273322e-04  0.00000000e+00
   7.28689967e-01 -1.72059773e-01]
 [-9.10698842e-01 -3.98520929e+00 -1.37994446e-01  0.00000000e+00
   3.29084718e-01  3.05361142e-01]
 [-8.70062592e-01 -3.85852173e+00 -2.03444176e-01  0.00000000e+00
  -2.79823550e-01  3.29018391e-01]
 [-9.88432475e-01 -3.87681754e+00 -7.34081553e-02  0.00000000e+00
   6.60369923e-01 -1.58565726e-01]
 [-6.74677969e-01 -4.12062609e+00 -1.94865589e-01  0.00000000e+00
  -2.24681915e-03  3.53039574e-01]
 [-7.94807505e-01 -4.08228840e+00 -7.41873490e-02  0.00000000e+00
  -1.14778602e-01 -2.14839189e-01]
 [-7.96977290e-01 -3.97351045e+00 -2.63823342e-01  0.00000000e+00
   3.29028568e-01 -2.16161099e-01]
 [-6.34290122e-01 -4.39006609e+00  0.00000000e+00  0.00000000e+00
  -4.12082821e-01  3.85212266e-01]
 [-1.00837746e+00 -3.82117940e+00 -7.32164398e-02  0.00000000e+00
   2.52846604e-01 -1.73980784e-01]]
[04/03/2022, 01:30:27] computing sampling shap 3316:3326 within 63.5855 sec, 6.2569 on average
[04/03/2022, 01:30:27] instances left: 519
[04/03/2022, 01:30:27] estimating time left: 0:54:07.331100

[[-0.91377698 -3.78364515 -0.07246514  0.          0.54740124 -0.21436831]
 [-0.23910181  5.80654287 -0.07045614  0.          0.61602121 -0.18277091]
 [-0.9663233  -3.80838293 -0.19093193  0.         -1.33943187  0.62970069]
 [-0.33677559  5.79884649 -0.06902903  0.          0.30892551  0.08651896]
 [-0.14086098  5.86713235  0.          0.         -0.52171988  0.3740544 ]
 [ 3.03877528  2.22256881  1.57990581  0.         -0.16820051 -0.15805645]
 [-0.1617498   5.7437442  -0.06990011  0.          0.26375116 -0.08542428]
 [-0.88170858 -3.99969299 -0.07572115  0.          0.71567498 -0.19540617]
 [-0.32227674  5.79052174  0.          0.         -0.65767669  0.07094071]
 [-0.96447501 -4.04370511  0.          0.         -0.05936241 -0.15215763]]
[04/03/2022, 01:31:31] computing sampling shap 3326:3336 within 64.2439 sec, 6.2633 on average
[04/03/2022, 01:31:31] instances left: 509
[04/03/2022, 01:31:31] estimating time left: 0:53:08.019700

[[ 3.94471157  2.84493932  0.          0.          0.59986617 -0.19874609]
 [-0.73811352 -4.08592527 -0.14951038  0.         -0.28246198  0.56113716]
 [-0.33605237  5.88156719 -0.06812023  0.         -0.32119679 -0.0517376 ]
 [-0.86683312 -4.09053094  0.          0.         -1.33284867  0.21687974]
 [ 3.73825824  3.12097125  0.          0.          0.24807621 -0.03160172]
 [-0.79919145 -3.97015941 -0.21736498  0.          0.31429769 -0.24902562]
 [-1.02637729 -3.90424471  0.          0.         -0.29601789  0.2060047 ]
 [-0.82706943 -4.1277593   0.          0.         -0.33098763  0.24473891]
 [ 8.44382966 -1.73424752  0.          0.          0.63245417 -0.15874685]
 [-0.97171811 -3.96539684  0.          0.          0.22906914 -0.07214173]]
[04/03/2022, 01:32:32] computing sampling shap 3336:3346 within 61.6235 sec, 6.2596 on average
[04/03/2022, 01:32:32] instances left: 499
[04/03/2022, 01:32:32] estimating time left: 0:52:03.540400

[[-1.02616452  6.655992    0.          0.          0.56842374 -0.16104818]
 [ 4.78630118  2.85855845  0.          0.         -0.07221912  0.41747653]
 [ 4.07301382  2.77113426  0.          0.          0.01821179  0.65417642]
 [ 4.09477094  2.77261317  0.          0.          0.29108575 -0.09138545]
 [-0.23333663  5.72802738  0.          0.         -0.08924377  0.1310635 ]
 [-0.09535204  5.62801465  0.          0.          0.60257769 -0.13109885]
 [-0.797417   -3.89757522 -0.26703282  0.          0.72866515 -0.14611053]
 [-0.77221613 -4.01495959 -0.2317905   0.         -0.63587195  0.45282496]
 [-0.7584746  -4.24798676  0.          0.          0.29554795 -0.17878476]
 [-0.66866591 -4.13533057 -0.15420135  0.         -0.46720513  0.45625717]]
[04/03/2022, 01:33:34] computing sampling shap 3346:3356 within 61.9209 sec, 6.2572 on average
[04/03/2022, 01:33:34] instances left: 489
[04/03/2022, 01:33:34] estimating time left: 0:50:59.770800

[[-0.91759343 -4.07973801 -0.19533754  0.          0.07677991 -0.10381146]
 [ 3.88927214  2.84748948 -0.07880477  0.          0.67841991 -0.09527214]
 [-0.31704319  6.02752731 -0.06971993  0.          0.62577612 -0.17636736]
 [-0.30906648  5.90038003 -0.07241251  0.         -0.05846094  0.41941663]
 [-0.23634577  5.79137315  0.          0.         -0.11654274  0.05519497]
 [ 4.05274355  2.97692888 -0.07771561  0.         -0.47150542 -0.21039739]
 [-0.22295164  5.72858267  0.          0.          0.22515674  0.10954814]
 [-0.17196505  5.73644568 -0.06687893  0.         -0.35064524 -0.04249637]
 [-1.07042994 -3.80054359  0.          0.          0.63919909 -0.11840589]
 [ 4.26694206  2.63965504 -0.07821728  0.          0.57172062 -0.17752148]]
[04/03/2022, 01:34:34] computing sampling shap 3356:3366 within 59.4561 sec, 6.2464 on average
[04/03/2022, 01:34:34] instances left: 479
[04/03/2022, 01:34:34] estimating time left: 0:49:52.025600

[[ 4.31372465e+00  2.68032872e+00  0.00000000e+00  0.00000000e+00
  -5.23581683e-01 -2.00417605e-01]
 [-8.85523752e-01 -3.85881903e+00 -1.42345666e-01  0.00000000e+00
   1.79755037e-01 -1.16973961e-01]
 [-2.14685745e-01  5.70294348e+00 -4.04634306e-04  0.00000000e+00
   2.70146880e-01 -9.04959151e-02]
 [-9.13227770e-01 -4.04543989e+00  0.00000000e+00  0.00000000e+00
  -3.52797252e-01  7.68350013e-02]
 [-8.75366557e-01 -3.90199290e+00 -7.25404671e-02  0.00000000e+00
   1.85678597e-01  9.64063328e-02]
 [ 3.86958090e+00  2.90194569e+00  0.00000000e+00  0.00000000e+00
   5.74273064e-01 -1.55028587e-01]
 [-1.12572450e+00  6.96570721e+00 -7.47379771e-02  0.00000000e+00
  -6.60611283e-01 -1.63373348e-01]
 [-9.29185499e-01 -4.03958959e+00  0.00000000e+00  0.00000000e+00
  -4.47755322e-01  8.64937291e-01]
 [-9.61161463e-01 -3.72293045e+00 -1.49370305e-01  0.00000000e+00
   6.30053362e-01 -2.10331939e-01]
 [-1.07750345e+00 -3.93259101e+00  0.00000000e+00  0.00000000e+00
   2.86840269e-01 -1.41728877e-01]]
[04/03/2022, 01:35:37] computing sampling shap 3366:3376 within 62.9452 sec, 6.248 on average
[04/03/2022, 01:35:37] instances left: 469
[04/03/2022, 01:35:37] estimating time left: 0:48:50.312000

[[-0.9648933  -3.86389667 -0.11606683  0.         -0.36985772 -0.2582767 ]
 [-0.76469066 -4.06755862 -0.07103852  0.         -0.34805999 -0.19842077]
 [-1.12601887 -3.70291511 -0.07559784  0.          0.66943372 -0.20175584]
 [-0.7788853  -4.16581489 -0.07408094  0.         -0.71780151 -0.13378994]
 [-0.18753355  5.59635622  0.          0.         -0.73782075 -0.20938342]
 [-0.32032543  5.95588177 -0.10649294  0.          0.58519634 -0.1840248 ]
 [ 3.94981394  2.86284823 -0.08083054  0.          0.64722966 -0.1882901 ]
 [-1.00084774 -3.80379218 -0.14678637  0.          0.7177541  -0.1359014 ]
 [-0.86016137 -3.99816692 -0.14732986  0.          0.71541556 -0.123498  ]
 [-0.1441623   5.74011359  0.          0.          0.50510215 -0.17081802]]
[04/03/2022, 01:36:41] computing sampling shap 3376:3386 within 64.2683 sec, 6.2538 on average
[04/03/2022, 01:36:41] instances left: 459
[04/03/2022, 01:36:41] estimating time left: 0:47:50.494200

[[ 8.28423902e+00 -1.55785770e+00  0.00000000e+00  0.00000000e+00
   5.93162658e-01 -6.93254911e-03]
 [-1.04764834e+00 -3.82251436e+00  0.00000000e+00  0.00000000e+00
   1.92973937e-01 -1.40605010e-01]
 [-8.52344211e-01 -3.97103510e+00 -2.53340445e-01  0.00000000e+00
   3.70330179e-01 -1.58593421e-01]
 [-6.41121307e-01 -4.35570478e+00 -7.47283112e-02  0.00000000e+00
   7.91523555e-01 -1.56822630e-01]
 [-2.38596131e-01  5.85115670e+00 -7.00107597e-02  0.00000000e+00
   2.43515530e-01 -9.56444303e-02]
 [-8.59072151e-01 -4.07319220e+00 -7.34353422e-02  0.00000000e+00
   7.41290328e-01 -1.72444619e-01]
 [-8.83684680e-01 -3.90244781e+00 -1.35776685e-01  0.00000000e+00
  -1.69510049e+00 -9.04151340e-02]
 [-9.27912899e-01 -4.08751289e+00  0.00000000e+00  0.00000000e+00
  -7.24321592e-01  1.91797357e-01]
 [-8.47440799e-01 -3.91380287e+00 -2.24622951e-01  0.00000000e+00
  -1.37217439e+00  7.12131722e-01]
 [-6.38673230e-01 -4.11437549e+00 -1.72168660e-01  0.00000000e+00
   2.59159111e-01  2.09821368e-01]]
[04/03/2022, 01:37:46] computing sampling shap 3386:3396 within 64.8641 sec, 6.2611 on average
[04/03/2022, 01:37:46] instances left: 449
[04/03/2022, 01:37:46] estimating time left: 0:46:51.233900

[[-0.818241   -4.22662126  0.          0.         -0.65877404 -0.25626784]
 [-0.75986657 -4.25351808  0.          0.         -0.03650305  0.23763396]
 [-1.09265353 -3.79656355 -0.07878333  0.         -0.37944162 -0.10232693]
 [-0.191112    5.62366471  0.          0.          0.29438228  0.17063251]
 [-0.7684766  -4.16783563  0.          0.          0.67237125 -0.14979983]
 [-0.93861663 -4.01633879 -0.07287449  0.         -1.45598121  0.1420322 ]
 [-0.63952176 -4.2787284   0.          0.         -0.46363654  0.38844835]
 [-0.31970945  6.05273448 -0.07239365  0.          0.57066974 -0.14112808]
 [-0.1806208   5.64498383  0.          0.          0.64459231 -0.17872024]
 [-0.32218802  5.93709951 -0.07037772  0.          0.5700651  -0.18436382]]
[04/03/2022, 01:38:49] computing sampling shap 3396:3406 within 63.3416 sec, 6.2633 on average
[04/03/2022, 01:38:49] instances left: 439
[04/03/2022, 01:38:49] estimating time left: 0:45:49.588700

[[-0.76653868 -3.88022317 -0.27238915  0.         -0.10653299  0.31826374]
 [-1.04495277 -3.8055397  -0.17494439  0.          0.32138885 -0.11985944]
 [-0.81536365 -3.96232086 -0.1131689   0.          0.6509696  -0.17385681]
 [-0.57644855 -1.99402092  7.88981319  0.          0.73931637 -0.14327351]
 [-0.9494797  -3.95042683 -0.07318919  0.         -0.10335349 -0.06233529]
 [-0.98364212 -3.89234169  0.          0.          0.60477941 -0.16564959]
 [-0.97321496 -3.77384812 -0.23718826  0.          0.31375978  0.10267655]
 [-0.26983139  5.69420646  0.          0.          0.32054732 -0.1930501 ]
 [-0.94933053 -4.01770256  0.          0.          0.70596764 -0.17578846]
 [-0.28917071  5.77179075  0.          0.         -0.29438085  0.102645  ]]
[04/03/2022, 01:39:52] computing sampling shap 3406:3416 within 62.3652 sec, 6.2625 on average
[04/03/2022, 01:39:52] instances left: 429
[04/03/2022, 01:39:52] estimating time left: 0:44:46.612500

[[-0.97414985 -3.84515269 -0.12550645  0.          0.66860593 -0.16065086]
 [-0.20308841  5.69888383  0.          0.         -0.06140547  0.33575687]
 [-0.76012464 -4.07147774 -0.11594535  0.          0.71210526 -0.17829801]
 [ 4.19303336  2.81468522 -0.0794701   0.         -0.02265595  0.08594063]
 [-0.83346042 -3.95850131 -0.16073877  0.         -0.32271955  0.40852794]
 [-0.27664436  2.64345868  3.01136011  0.         -0.22997889 -0.15980599]
 [-0.21176571  5.53649902  0.          0.          0.08315037  0.30219606]
 [-0.87444555 -3.76803566 -0.21311994  0.         -1.70882997 -0.01399075]
 [-0.15351961  2.69017203  2.96892629  0.          0.60068226 -0.10211966]
 [-0.77575061 -3.97539138 -0.12816745  0.          0.61433852 -0.08520941]]
[04/03/2022, 01:40:54] computing sampling shap 3416:3426 within 61.9282 sec, 6.2605 on average
[04/03/2022, 01:40:54] instances left: 419
[04/03/2022, 01:40:54] estimating time left: 0:43:43.149500

[[-1.15787012 -3.67803736  0.          0.         -0.69050173  0.57481777]
 [-0.98365067 -3.93355705  0.          0.          0.66486575 -0.11723163]
 [-0.20159312  5.73689979  0.          0.         -0.07831617  0.14113527]
 [ 8.40761611 -1.55775363  0.          0.         -0.51220722 -0.13738079]
 [-0.24863846  5.72276085  0.          0.          0.61623436 -0.16012174]
 [-0.83892846 -4.13998814  0.          0.          0.26090549 -0.10589631]
 [-0.23559404  5.7349467   0.          0.         -0.04747172  0.08462957]
 [-1.10196742 -3.82705716  0.          0.          0.23605294  0.30004033]
 [-0.77128131 -4.17113542  0.          0.         -0.13137123 -0.09196429]
 [-0.82979182 -3.93489716 -0.17353297  0.         -0.26310951  0.16025365]]
[04/03/2022, 01:41:58] computing sampling shap 3426:3436 within 64.6752 sec, 6.2663 on average
[04/03/2022, 01:41:58] instances left: 409
[04/03/2022, 01:41:58] estimating time left: 0:42:42.916700

[[-0.1919039  16.23160297  0.          0.         -0.33128734  0.30879803]
 [-0.951609   -4.0128016   0.          0.         -0.7790652  -0.22897171]
 [-1.00213558 -3.81418374 -0.16309679  0.         -0.34172863 -0.12862435]
 [-0.18124079  5.59560858  0.          0.          0.73040605 -0.150529  ]
 [-0.77562722 -4.09789666  0.          0.          0.64122964 -0.12424136]
 [-0.1155461   5.7036737   0.          0.          0.53349315 -0.19138563]
 [-0.85859997 -4.03011069 -0.07069656  0.          0.68030841 -0.0486497 ]
 [ 3.94772022  2.83465487 -0.07926879  0.          0.6144772  -0.12681246]
 [-0.17087137  5.66323023 -0.07097024  0.         -0.56347203  0.1481701 ]
 [-0.80338292 -4.06131621 -0.11547495  0.         -0.67638091 -0.32217007]]
[04/03/2022, 01:43:00] computing sampling shap 3436:3446 within 61.2944 sec, 6.2626 on average
[04/03/2022, 01:43:00] instances left: 399
[04/03/2022, 01:43:00] estimating time left: 0:41:38.777400

[[-8.99827761e-01 -4.01942761e+00  0.00000000e+00  0.00000000e+00
   2.67427605e-01  7.90454069e-02]
 [-8.26705141e-01 -4.09677070e+00  0.00000000e+00  0.00000000e+00
   6.66948669e-01 -1.80326668e-01]
 [-1.01096508e+00 -3.88441575e+00 -7.38863439e-02  0.00000000e+00
   7.73158971e-01 -1.60427593e-01]
 [-9.07705678e-01 -3.96338076e+00  0.00000000e+00  0.00000000e+00
   6.55130215e-01 -2.20897679e-01]
 [ 4.01679561e+00  2.90381570e+00 -7.64544174e-02  0.00000000e+00
  -3.93041525e-01  1.33042821e-01]
 [-7.98278623e-01 -4.05265918e+00 -7.65700139e-02  0.00000000e+00
  -9.25394457e-02  8.46042710e-02]
 [-9.08447082e-01 -3.95107528e+00 -7.40695067e-02  0.00000000e+00
  -4.30657867e-01 -2.53502799e-01]
 [-1.95908230e-01  5.68114414e+00 -6.59051034e-04  0.00000000e+00
   6.23310403e-01 -1.77652130e-01]
 [-9.23852905e-01 -3.88572944e+00 -1.22013806e-01  0.00000000e+00
  -1.60378192e+00 -3.09519969e-01]
 [-9.48681745e-02  5.67118228e+00  0.00000000e+00  0.00000000e+00
  -1.44393724e+00  4.05151303e-01]]
[04/03/2022, 01:44:02] computing sampling shap 3446:3456 within 62.7505 sec, 6.2629 on average
[04/03/2022, 01:44:02] instances left: 389
[04/03/2022, 01:44:02] estimating time left: 0:40:36.268100

[[-2.22179021e-01  5.65502937e+00  0.00000000e+00  0.00000000e+00
  -4.59028532e-01 -2.61361215e-02]
 [-7.91807381e-01 -3.89122265e+00 -1.47751104e-01  0.00000000e+00
   5.69095963e-01 -1.75168721e-01]
 [-2.13148021e-01  5.80132479e+00 -4.04640757e-04 -6.90931225e-02
   2.41976181e-01 -8.24389683e-02]
 [-8.95966200e-01 -3.86232613e+00 -1.20663920e-01  0.00000000e+00
  -3.73667120e-01  3.76864780e-01]
 [ 4.23561039e+00  2.71788547e+00  0.00000000e+00  0.00000000e+00
  -6.79558606e-01 -4.87433146e-02]
 [-1.60319842e-01  5.69891919e+00 -6.96255301e-02  0.00000000e+00
   2.00342038e-01  3.12101526e-01]
 [-1.11220001e+00 -3.79067951e+00 -7.45485999e-02  0.00000000e+00
   7.25312369e-01 -1.84738165e-01]
 [-8.64418273e-01 -4.02403095e+00  0.00000000e+00  0.00000000e+00
  -1.03554006e-01  2.84583207e-01]
 [-7.98995203e-01 -4.02514836e+00 -7.40546242e-02  0.00000000e+00
   5.74496657e-01  5.96694947e-02]
 [-1.21536879e-01  5.57374225e+00  0.00000000e+00  0.00000000e+00
   6.91668857e-01 -2.13638784e-01]]
[04/03/2022, 01:45:03] computing sampling shap 3456:3466 within 61.0324 sec, 6.2588 on average
[04/03/2022, 01:45:03] instances left: 379
[04/03/2022, 01:45:03] estimating time left: 0:39:32.085200

[[ 3.95050370e+00  2.82867021e+00 -5.79384354e-04  0.00000000e+00
  -5.31479634e-01  1.66088818e-01]
 [-8.52547093e-01 -4.06583685e+00 -7.44309156e-02  0.00000000e+00
  -7.15338195e-01 -2.51751294e-01]
 [-3.32767786e-01  5.68850161e+00  0.00000000e+00  0.00000000e+00
   6.25612225e-01  1.18211778e-01]
 [-8.91829148e-01 -3.98550982e+00 -7.36005794e-02  0.00000000e+00
   2.83485183e-01 -2.53989092e-01]
 [-8.82275173e-01 -4.03923653e+00 -1.16291898e-01  0.00000000e+00
   2.97200409e-01  3.92908011e-01]
 [-9.90118481e-01 -3.74507512e+00 -2.30349685e-01  0.00000000e+00
   6.95348959e-01 -1.66659560e-01]
 [-1.00084135e+00 -3.89269319e+00 -7.56038442e-02  0.00000000e+00
  -3.23248072e-01 -1.35766507e-01]
 [-1.06461044e+00 -3.54058601e+00 -2.66637787e-01  0.00000000e+00
  -5.16664336e-01 -5.99601157e-02]
 [-2.08464551e-01  5.69504283e+00  0.00000000e+00  0.00000000e+00
   2.85154143e-01 -1.11581061e-01]
 [-8.04729241e-01 -4.10033675e+00  0.00000000e+00  0.00000000e+00
   6.33498116e-01 -8.49677773e-02]]
[04/03/2022, 01:46:06] computing sampling shap 3466:3476 within 62.931 sec, 6.2597 on average
[04/03/2022, 01:46:06] instances left: 369
[04/03/2022, 01:46:06] estimating time left: 0:38:29.829300

[[-0.06941064  5.54717018  0.          0.         -0.31658398  0.42477383]
 [ 4.06585281  2.85133375 -0.07803525  0.          0.28636251 -0.05842925]
 [-0.96567107 -3.99751434 -0.07465899  0.          0.34203535 -0.22563441]
 [-1.00249195 -3.82267363 -0.07567886  0.          0.63789439 -0.11652023]
 [ 4.18612829  2.74367267  0.          0.         -0.67215971 -0.00851794]
 [-0.07193531  5.74779652 -0.15307424  0.         -0.8332156  -0.06116974]
 [-0.76592377 -4.15401224 -0.07415666  0.         -0.02276409  0.31285281]
 [-0.90431728 -4.04455703  0.          0.         -0.41766374  0.03101038]
 [-0.22600028  5.72844536  0.          0.          0.58607365 -0.15828331]
 [-1.04599153 -3.9711758  -0.07431043  0.         -0.63181133 -0.18025901]]
[04/03/2022, 01:47:07] computing sampling shap 3476:3486 within 61.2373 sec, 6.2564 on average
[04/03/2022, 01:47:07] instances left: 359
[04/03/2022, 01:47:07] estimating time left: 0:37:26.047600

[[-0.28827784  5.76896098  0.          0.          0.25846137  0.14813514]
 [-0.95313973 -3.99863154  0.          0.          0.2289738  -0.09499624]
 [-0.16355777  5.56919135  0.          0.          0.03056845  0.17163162]
 [-0.61258799 -4.15213661 -0.10619216  0.          0.63970537 -0.14825876]
 [-0.2132512   5.81405391 -0.21485471  0.         -0.43380913  0.75732777]
 [-0.18043271  5.63632268  0.          0.         -0.64278543  0.14302243]
 [-0.77570648 -4.00699862 -0.18459489  0.          0.69859575 -0.11076595]
 [-0.82238982  6.70313394 -0.07214523  0.          0.10407173 -0.21123684]
 [-0.74536427 -4.10662892 -0.13101319  0.         -0.39077707 -0.18543913]
 [-0.28239324  5.82118806  0.          0.          0.59307297 -0.20163293]]
[04/03/2022, 01:48:17] computing sampling shap 3486:3496 within 69.069 sec, 6.2719 on average
[04/03/2022, 01:48:17] instances left: 349
[04/03/2022, 01:48:17] estimating time left: 0:36:28.893100

[[-0.23702602  5.71719526  0.          0.          0.20472109  0.21267702]
 [-1.08356889 -3.96261591  0.          0.         -0.03711325  0.24578519]
 [ 3.81976144  2.96247478  0.          0.          0.63608772 -0.19574506]
 [-1.11026069 -3.94270693 -0.07383904  0.          0.00911515 -0.10200878]
 [-0.20669233  5.66300566  0.          0.          0.63265898 -0.15873722]
 [ 3.88239379  2.89748503  0.          0.          0.60985846 -0.16715838]
 [-0.22395353  5.75293957 -0.06994333  0.          0.64613516 -0.09269946]
 [ 4.17403946  2.60326699  0.          0.          0.56643459 -0.10263646]
 [-0.20416468  5.7497887  -0.06896688  0.          0.27004414  0.09134029]
 [-0.72739315 -4.31195874  0.          0.         -0.24041845  0.37123488]]
[04/03/2022, 01:49:19] computing sampling shap 3496:3506 within 62.1139 sec, 6.2705 on average
[04/03/2022, 01:49:19] instances left: 339
[04/03/2022, 01:49:19] estimating time left: 0:35:25.699500

[[ 4.45778132  3.18567372  0.          0.         -0.57640238  0.31203909]
 [-0.90860232 -4.05551857  0.          0.         -0.29811831  0.60300273]
 [-1.12016371 -3.66100434 -0.22463853  0.         -1.61496567  0.04235046]
 [-0.70473867 -3.96768143 -0.29660803  0.         -1.70776269 -0.22020009]
 [-0.81781407 -4.01863008 -0.13640519  0.          0.24236354 -0.19095784]
 [-0.84208282 -4.06846982 -0.1748524   0.          0.0640969   0.27623375]
 [ 4.07623945  2.8558039  -0.07933389  0.          0.2378926   0.06225795]
 [-0.92215398 -4.00114657  0.          0.         -0.03136577  0.24437555]
 [-0.82007506 -3.80395803 -0.18650156  0.          0.58135354 -0.20767292]
 [-1.10000626 -3.75194445  0.          0.         -0.39299454  0.32200866]]
[04/03/2022, 01:50:22] computing sampling shap 3506:3516 within 63.625 sec, 6.2726 on average
[04/03/2022, 01:50:22] instances left: 329
[04/03/2022, 01:50:22] estimating time left: 0:34:23.685400

[[-0.18502999  5.63513887  0.          0.          0.69486162 -0.21473555]
 [-0.86037054 -4.03234716 -0.07453939  0.          0.27544985 -0.19789115]
 [-1.19478544 -3.75635585  0.          0.          0.67033883 -0.09866756]
 [-0.76915766 -3.93143825 -0.17657049  0.         -0.39716501  0.25369618]
 [-0.30874643  5.89122162  0.          0.          0.19558235  0.06227797]
 [-0.76169787 -4.23164718  0.          0.          0.70155256 -0.14506108]
 [-0.22777496  5.81865885 -0.06733783  0.          0.27060181 -0.14010985]
 [-0.18554033  5.69848626  0.          0.         -0.35716408  0.08070828]
 [ 4.29554705  2.57916935  0.          0.          0.32604831 -0.20135217]
 [-1.11245025 -3.78066772  0.          0.          0.62850578 -0.17224188]]
[04/03/2022, 01:51:23] computing sampling shap 3516:3526 within 61.0815 sec, 6.2689 on average
[04/03/2022, 01:51:23] instances left: 319
[04/03/2022, 01:51:23] estimating time left: 0:33:19.779100

[[-0.82439147 -4.24269996  0.          0.         -1.54001203  0.00746118]
 [-0.2033502   5.70535608  0.          0.          0.61703298 -0.12479445]
 [-1.13342592 -3.75420073 -0.07327574  0.          0.68633254 -0.16228415]
 [-0.86482458 -3.95956744 -0.10976814  0.          0.6691848  -0.11449484]
 [-0.09021103  5.64853315 -0.07006982  0.         -1.33921367  0.6170903 ]
 [-0.91539983 -3.92079708 -0.21490667  0.          0.75274975 -0.11538697]
 [-0.87638398 -4.11409308  0.          0.          0.29579748 -0.22676388]
 [-0.90464527 -4.09945906  0.          0.         -0.06489229 -0.21190389]
 [-1.01730918 -3.87456254  0.          0.          0.23263975  0.02400706]
 [-0.23527114  5.89497386 -0.15816269  0.          0.22869602  0.18899073]]
[04/03/2022, 01:52:32] computing sampling shap 3526:3536 within 68.8178 sec, 6.2823 on average
[04/03/2022, 01:52:32] instances left: 309
[04/03/2022, 01:52:32] estimating time left: 0:32:21.230700

[[ 3.89216055e+00  2.96071307e+00  0.00000000e+00  0.00000000e+00
   2.30577380e-01  4.58984868e-01]
 [-1.67210066e-01  5.70196370e+00  0.00000000e+00  0.00000000e+00
  -3.58660892e-01 -1.05020707e-01]
 [-2.33443762e-01  5.89403217e+00  0.00000000e+00  0.00000000e+00
  -2.15084425e-01 -2.32088060e-01]
 [-1.02118981e+00 -3.98099466e+00  0.00000000e+00  0.00000000e+00
  -7.30835091e-02  4.03704409e-03]
 [-9.65812838e-01 -3.92600896e+00 -7.45799550e-02  0.00000000e+00
   2.62384500e-01 -2.17426263e-01]
 [-1.57293637e-01  5.61510234e+00  0.00000000e+00  0.00000000e+00
  -2.30866288e-01  7.07128780e-01]
 [ 4.11946441e+00  2.72877831e+00 -3.91277523e-04  0.00000000e+00
   5.19114463e-01 -1.44386954e-01]
 [-2.22447620e-01  5.73131928e+00  0.00000000e+00  0.00000000e+00
   2.10913524e-01  1.77781985e-01]
 [-6.69806558e-01 -4.22023429e+00  0.00000000e+00  0.00000000e+00
   5.90878938e-01 -2.89664631e-04]
 [-8.50995314e-01 -4.06444274e+00  0.00000000e+00  0.00000000e+00
   6.48979516e-01 -1.47281937e-01]]
[04/03/2022, 01:53:33] computing sampling shap 3536:3546 within 60.707 sec, 6.2778 on average
[04/03/2022, 01:53:33] instances left: 299
[04/03/2022, 01:53:33] estimating time left: 0:31:17.062200

[[-0.77739622 -4.14847231  0.          0.         -0.39322419 -0.13067611]
 [-0.17562746  5.63581557  0.          0.         -0.00976887  0.04326032]
 [-0.8414146  -3.92937215 -0.15377639  0.          0.67261143 -0.12751849]
 [ 3.90994614  2.85005269  0.          0.         -0.48655864  0.49301245]
 [-0.87519512 -3.80327381 -0.29867714  0.         -1.53570385  0.21208685]
 [ 4.08614914  2.61973812  0.          0.         -1.55152872  0.36581047]
 [-1.00614733 -3.93064723  0.          0.          0.21726298  0.01517082]
 [-0.93431674 -3.9302145  -0.11991505  0.         -0.09601167 -0.20044281]
 [-0.94263536 -3.90647546 -0.07670909  0.          0.24110546 -0.12401871]
 [-0.31993872  5.85710548  0.          0.          0.19852889  0.17579144]]
[04/03/2022, 01:54:34] computing sampling shap 3546:3556 within 60.8654 sec, 6.2738 on average
[04/03/2022, 01:54:34] instances left: 289
[04/03/2022, 01:54:34] estimating time left: 0:30:13.128200

[[-0.70568874 -4.15702617  0.          0.         -0.62307115  0.06058643]
 [ 8.54533936 -1.74757821  0.          0.          0.18754683  0.68248284]
 [-1.00512921 -3.89165179  0.          0.          0.22656024 -0.15368656]
 [-0.95192851 -3.97490622  0.          0.          0.65545508 -0.16547421]
 [-0.16694458  5.59422407  0.          0.         -0.55754726 -0.14423044]
 [-0.9779103  -3.75036323 -0.15751806  0.         -0.71715584 -0.23213745]
 [-1.13187877 -3.94860998 -0.07456702  0.          0.41371537 -0.08256696]
 [-1.01004702 -3.8967739  -0.07647565  0.          0.73797095 -0.19152836]
 [-0.81922951 -4.17169912  0.          0.         -0.56199616  0.40017349]
 [ 4.24168097  2.56419701 -0.07832257  0.          0.60398434 -0.14076855]]
[04/03/2022, 01:55:34] computing sampling shap 3556:3566 within 60.6788 sec, 6.2696 on average
[04/03/2022, 01:55:34] instances left: 279
[04/03/2022, 01:55:34] estimating time left: 0:29:09.218400

[[-0.86875135 -4.09961034  0.          0.         -0.11126057 -0.14007805]
 [-0.13512775  5.55238153  0.          0.          0.05209239 -0.18629933]
 [-0.84124844 -4.06269287  0.          0.          0.66740471 -0.20031709]
 [-0.88815415 -3.8476437  -0.25662751  0.         -0.68974059 -0.29655935]
 [-0.34964896  5.8694654   0.          0.          0.58209599 -0.0830781 ]
 [-0.3330414   3.03412449  2.8091455   0.         -0.06002451 -0.07565515]
 [-0.36714586 -2.11343457  7.77987306  0.         -0.65112318  0.14526058]
 [-0.94662662 -3.82335609 -0.14818697  0.         -1.49397646 -0.19457054]
 [-0.81678737 -4.08675319 -0.07288305  0.         -0.69449833  0.05376108]
 [ 3.89082612  3.04021798  0.          0.         -0.1800205   0.05181569]]
[04/03/2022, 01:56:38] computing sampling shap 3566:3576 within 63.1759 sec, 6.2705 on average
[04/03/2022, 01:56:38] instances left: 269
[04/03/2022, 01:56:38] estimating time left: 0:28:06.764500

[[-0.17001483  5.55883344  0.          0.          0.38694016 -0.09754242]
 [-0.72592652 -3.95276421 -0.11188667  0.         -0.76098213  0.30928542]
 [ 4.26508799  2.62961255  0.          0.          0.0325755  -0.07247446]
 [-0.88929674 -3.91533177 -0.16550409  0.          0.23428987 -0.18560061]
 [ 3.96804376 13.23753533  0.          0.          0.27834671 -0.12025977]
 [-0.81140607 -4.08940556 -0.07310254  0.          0.72796658 -0.19090611]
 [-0.93264942 -3.93128385 -0.13284219  0.         -0.28383596  0.19193203]
 [-0.67974847 -4.11718107 -0.11986643  0.         -0.08841122  0.30120257]
 [-0.56521048 -4.47384108  0.          0.         -0.57601491  0.03055465]
 [ 8.52097254 -1.76840838  0.          0.          0.57712844 -0.07926801]]
[04/03/2022, 01:57:38] computing sampling shap 3576:3586 within 60.3551 sec, 6.2659 on average
[04/03/2022, 01:57:38] instances left: 259
[04/03/2022, 01:57:38] estimating time left: 0:27:02.868100

[[ 3.95953316e+00  2.85061853e+00 -6.07942232e-04  0.00000000e+00
   9.60195321e-02 -5.07617344e-02]
 [-2.27902308e-01  5.76514620e+00  0.00000000e+00  0.00000000e+00
   5.51575216e-01 -7.63404860e-02]
 [-1.17269579e+00 -3.66544376e+00  0.00000000e+00  0.00000000e+00
   1.82835762e-01 -1.62490426e-01]
 [-1.28614731e+00 -3.82465434e+00  0.00000000e+00  0.00000000e+00
  -5.17849428e-01  1.99086670e-01]
 [ 4.10102616e+00  1.30538032e+01 -8.02766355e-02  0.00000000e+00
   6.17994069e-01 -1.58860727e-01]
 [-1.43183067e-01  5.63242271e+00  0.00000000e+00  0.00000000e+00
   5.99844978e-01 -1.29719867e-01]
 [-7.56525395e-01 -4.19550778e+00 -7.34338049e-02  0.00000000e+00
  -2.65841300e-02  2.01349652e-01]
 [-3.50931138e-01  5.93793599e+00  0.00000000e+00  0.00000000e+00
  -9.05784687e-01 -2.39434620e-01]
 [-8.77336980e-01 -4.08266154e+00 -7.12166457e-02  0.00000000e+00
  -3.02684067e-01 -5.78477078e-02]
 [-6.50352639e-01 -4.27018450e+00  0.00000000e+00  0.00000000e+00
   2.47803413e-01 -1.63323494e-02]]
[04/03/2022, 01:58:40] computing sampling shap 3586:3596 within 62.1605 sec, 6.265 on average
[04/03/2022, 01:58:40] instances left: 249
[04/03/2022, 01:58:40] estimating time left: 0:25:59.985000

[[-1.04128284e+00 -3.92425949e+00  0.00000000e+00  0.00000000e+00
  -3.12249222e-01  4.46354242e-01]
 [-1.43759397e-01  5.69708043e+00 -6.84547712e-02  0.00000000e+00
  -5.04025001e-01 -4.26070696e-02]
 [-9.47237171e-01 -4.07658064e+00  0.00000000e+00  0.00000000e+00
   7.17631393e-01  6.73442579e-03]
 [-2.92541290e-01  5.79977969e+00 -6.72287239e-02  0.00000000e+00
   2.65199432e-01  2.86057037e-01]
 [-4.69328670e-01 -1.89261052e+00  7.63621857e+00  0.00000000e+00
  -5.53886676e-01 -9.88371844e-02]
 [-2.01279150e-01  5.99674941e+00 -6.98894606e-02  0.00000000e+00
  -3.25888238e-01  4.94158702e-01]
 [-1.18244592e+00 -3.84555269e+00  0.00000000e+00  0.00000000e+00
  -1.41906672e+00 -1.23646693e-01]
 [-2.66260621e-01  5.86818822e+00 -7.22333767e-02  0.00000000e+00
   6.19459463e-01 -2.18918667e-01]
 [-1.85886579e-01  5.69284634e+00  0.00000000e+00  0.00000000e+00
  -3.66391648e-01 -2.00318141e-01]
 [-1.24039175e-01  5.63172223e+00  0.00000000e+00  0.00000000e+00
   2.41228396e-01 -1.34562710e-01]]
[04/03/2022, 01:59:40] computing sampling shap 3596:3606 within 60.0009 sec, 6.26 on average
[04/03/2022, 01:59:40] instances left: 239
[04/03/2022, 01:59:40] estimating time left: 0:24:56.140000

[[-0.27838729  5.92134767 -0.11137482  0.          0.20306569 -0.18277966]
 [-0.0669962  16.14117297 -0.11158199  0.         -0.03706896 -0.13093064]
 [-0.7750485  -4.05049121 -0.1540401   0.         -0.63712146  0.51279149]
 [-0.1723407   5.64675876  0.          0.         -0.48723761  0.27794248]
 [ 3.97198324  2.92783542  0.          0.          0.18122453  0.06248019]
 [-0.3195167   5.8302384  -0.07322238  0.         -0.25760338 -0.0754356 ]
 [-0.83524498 -4.1300309   0.          0.         -0.02728701  0.6392543 ]
 [-0.13675737  5.66321289 -0.06950265  0.         -0.30216564 -0.1663977 ]
 [-0.82641267 -3.98458396 -0.07194378  0.          0.208037   -0.13382952]
 [-1.01037892 -3.93308609  0.          0.         -0.7583003  -0.1322297 ]]
[04/03/2022, 02:00:42] computing sampling shap 3606:3616 within 62.3496 sec, 6.2595 on average
[04/03/2022, 02:00:42] instances left: 229
[04/03/2022, 02:00:42] estimating time left: 0:23:53.425500

[[-8.35742192e-01 -4.11029313e+00  0.00000000e+00  0.00000000e+00
  -2.94816356e-01  1.52172536e-01]
 [-1.12041430e+00 -3.97872652e+00  0.00000000e+00  0.00000000e+00
  -4.89443430e-03 -5.68622645e-02]
 [-1.01586678e+00 -3.92622882e+00  0.00000000e+00  0.00000000e+00
   2.65818156e-01 -1.18751117e-01]
 [-1.11487127e+00 -3.82240057e+00 -7.77963306e-02  0.00000000e+00
  -1.19082778e+00 -1.37746027e-01]
 [-7.15026411e-01 -4.24859100e+00 -7.12847977e-02  0.00000000e+00
   3.43881035e-01 -1.04007088e-01]
 [-9.83987326e-01 -3.85086757e+00 -1.18081704e-01  0.00000000e+00
   7.14024022e-01 -1.40557726e-01]
 [-8.53954445e-01 -3.95805382e+00 -1.66574673e-01  0.00000000e+00
   3.33989329e-01 -2.76849873e-01]
 [-2.24206765e-01  5.60201308e+00  0.00000000e+00  0.00000000e+00
  -2.05288269e-01  2.12120248e-01]
 [-1.09040487e+00 -3.78827933e+00 -7.25849728e-02  0.00000000e+00
   7.06421391e-01 -1.92006133e-01]
 [-3.04496161e-01  5.89175317e+00 -1.10924104e-01  0.00000000e+00
   5.99898510e-01 -1.16866997e-01]]
[04/03/2022, 02:01:45] computing sampling shap 3616:3626 within 62.7416 sec, 6.2598 on average
[04/03/2022, 02:01:45] instances left: 219
[04/03/2022, 02:01:45] estimating time left: 0:22:50.896200

[[-0.91842559 -4.01820164  0.          0.          0.65928167 -0.1021249 ]
 [-0.27653561  5.83449254  0.          0.          0.58725116 -0.18584343]
 [-1.04983968 -3.93569244  0.          0.          0.76168843 -0.18989697]
 [-0.21073679  5.68104131  0.          0.          0.56627359  0.05675381]
 [-0.90128546 -3.91395867 -0.14509993  0.          0.69440965 -0.17091965]
 [ 4.18687608  2.78633092 -0.08035445  0.          0.53705948 -0.23914102]
 [-0.87434164 -4.07402649  0.          0.         -1.60915495 -0.09154992]
 [-0.68578213 -4.13397809 -0.07154578  0.         -0.34683659  0.42283943]
 [-0.68440164 -4.31140365  0.          0.          0.72754593 -0.0639693 ]
 [-1.04629365 -3.65866729 -0.21722311  0.          0.23488476 -0.09288829]]
[04/03/2022, 02:02:48] computing sampling shap 3626:3636 within 63.1708 sec, 6.2608 on average
[04/03/2022, 02:02:48] instances left: 209
[04/03/2022, 02:02:48] estimating time left: 0:21:48.507200

[[ 3.90217549e+00  2.78983264e+00 -6.07930872e-04  0.00000000e+00
   6.68515061e-01 -1.69144203e-01]
 [-2.31881444e-01  5.79926010e+00 -6.64315103e-02  0.00000000e+00
  -3.50666706e-02 -7.02083857e-02]
 [-2.04426442e-01  5.62738628e+00  0.00000000e+00  0.00000000e+00
   6.53264068e-01 -7.42710691e-03]
 [-1.60564190e-01  5.67012492e+00  0.00000000e+00  0.00000000e+00
   2.47893936e-01 -1.60110209e-02]
 [-2.33512856e-01  5.75285883e+00  0.00000000e+00  0.00000000e+00
  -3.75781637e-01 -1.55174909e-01]
 [-1.22894026e+00 -3.69340865e+00  0.00000000e+00  0.00000000e+00
   6.46786903e-01 -1.61291880e-01]
 [ 4.04138302e+00  2.82853699e+00  0.00000000e+00  0.00000000e+00
   5.29947810e-01 -2.09096770e-01]
 [-8.28428211e-01 -3.92256517e+00 -1.50605359e-01  0.00000000e+00
  -5.87979521e-01 -3.45506240e-01]
 [-9.44463579e-01 -3.83042413e+00 -2.33815096e-01  0.00000000e+00
  -3.71046312e-02 -2.68819082e-01]
 [-1.15193615e-01  5.78346695e+00  0.00000000e+00  0.00000000e+00
  -1.38037130e+00  2.28158483e-01]]
[04/03/2022, 02:03:47] computing sampling shap 3636:3646 within 58.8486 sec, 6.2542 on average
[04/03/2022, 02:03:47] instances left: 199
[04/03/2022, 02:03:47] estimating time left: 0:20:44.585800

[[-1.02360757e+00 -3.91539137e+00  0.00000000e+00  0.00000000e+00
  -1.03897946e+00  1.07528304e-01]
 [-9.40721808e-01 -3.80254969e+00 -1.42089972e-01  0.00000000e+00
   6.11569602e-01 -1.39948845e-01]
 [-1.11982511e+00 -3.79164181e+00 -7.26652260e-02  0.00000000e+00
  -7.98981849e-01 -1.49019197e-01]
 [-8.49080177e-01 -4.09768618e+00  0.00000000e+00  0.00000000e+00
   2.31870199e-01 -6.52910306e-02]
 [-8.25671508e-01 -4.11724057e+00 -7.10201631e-02  0.00000000e+00
   3.05587629e-01 -2.13098988e-01]
 [-6.70524774e-01 -4.26474586e+00  0.00000000e+00  0.00000000e+00
  -4.17285054e-01  4.70565359e-01]
 [-9.82675464e-01 -3.97798238e+00 -6.80645220e-04  0.00000000e+00
   6.64971112e-01 -3.08474845e-03]
 [-8.26063751e-01 -4.04760829e+00  0.00000000e+00  0.00000000e+00
   6.01987809e-01 -9.78893375e-02]
 [-6.87239668e-01 -4.35153646e+00  0.00000000e+00  0.00000000e+00
   7.56901689e-01 -9.75953253e-02]
 [-6.81751098e-01 -4.05135120e+00 -2.64314024e-01  0.00000000e+00
  -6.62235095e-01  2.28031912e-01]]
[04/03/2022, 02:04:48] computing sampling shap 3646:3656 within 61.2284 sec, 6.252 on average
[04/03/2022, 02:04:48] instances left: 189
[04/03/2022, 02:04:48] estimating time left: 0:19:41.628000

[[-0.28785943  5.80310116 -0.10795225  0.          0.01695409 -0.1053965 ]
 [-0.9592123  -3.93466629 -0.07190521  0.          0.25492996 -0.08417461]
 [-0.81094475 -4.05081003 -0.11835716  0.          0.25654999  0.33954275]
 [-0.93105609 -4.01630372  0.          0.         -0.11021018 -0.25705653]
 [-0.81560739 -4.04534898 -0.07753313  0.         -0.28160103  0.42956448]
 [-0.72912662 -4.08816449 -0.07677388  0.         -0.58880751  0.61067485]
 [-1.00355211 -3.962131   -0.0731264   0.         -0.06531261 -0.15171507]
 [-0.99341563 -3.84909185  0.          0.         -0.79404121 -0.0893497 ]
 [ 3.99636009  2.81969213  0.          0.          0.35454729 -0.17118708]
 [-0.18143318  5.60196133  0.          0.         -1.22245102  0.67339067]]
[04/03/2022, 02:05:51] computing sampling shap 3656:3666 within 62.295 sec, 6.2516 on average
[04/03/2022, 02:05:51] instances left: 179
[04/03/2022, 02:05:51] estimating time left: 0:18:39.036400

[[ 4.18440327  2.69170248  0.          0.         -0.25594304  0.28776458]
 [-0.9695764  -3.91976882 -0.07471395  0.          0.25040641 -0.1760457 ]
 [-0.30480095  5.80692277  0.          0.         -0.09512036  0.45423167]
 [-1.05472963 -3.81136383 -0.07630577  0.         -1.45841756  0.40548899]
 [-0.99479595 -3.98136011  0.          0.          0.69425143 -0.15494933]
 [-0.95815495 -3.83071718 -0.14711037  0.         -0.44766238  0.4144991 ]
 [-0.41415003  6.00286518 -0.10757295  0.         -0.02270748  0.13082253]
 [-0.93079702 -3.92060612 -0.13190769  0.         -0.10104865 -0.17147785]
 [-1.00404224 -3.92221086 -0.13636014  0.         -0.01962591 -0.19866189]
 [-0.97372395 -3.90947417 -0.07494439  0.          0.22594689 -0.08559802]]
[04/03/2022, 02:06:55] computing sampling shap 3666:3676 within 64.686 sec, 6.2552 on average
[04/03/2022, 02:06:55] instances left: 169
[04/03/2022, 02:06:55] estimating time left: 0:17:37.128800

[[-0.73078264 -4.06934751 -0.07194224  0.         -0.57409343  0.61338264]
 [-0.69627664  6.45249685 -0.16942198  0.          0.50781555  0.12142068]
 [-0.43697953  6.17651698 -0.18015699  0.          0.21545286  0.01365298]
 [-1.05388876 -3.84859766 -0.07466864  0.          0.29800585 -0.14475806]
 [-1.13455225 -3.8431242  -0.07568652  0.         -0.47888565 -0.24181973]
 [-0.62482345 -4.29784076  0.          0.          0.20594324 -0.0783072 ]
 [-1.05487771 -3.79181066 -0.07447018  0.          0.24227805 -0.18610271]
 [-0.31362315  5.83875433  0.          0.          0.24579325 -0.110773  ]
 [-0.35557358  5.84000086  0.          0.         -1.58747081 -0.18606227]
 [-0.19259993  5.76604299 -0.06764747  0.          0.60607489 -0.18163527]]
[04/03/2022, 02:07:59] computing sampling shap 3676:3686 within 63.0494 sec, 6.256 on average
[04/03/2022, 02:07:59] instances left: 159
[04/03/2022, 02:07:59] estimating time left: 0:16:34.704000

[[-9.80197845e-02  5.47571465e+00  0.00000000e+00  0.00000000e+00
   7.36945019e-01 -1.84404633e-01]
 [-5.19139932e-01 -2.14836190e+00  7.86902969e+00  0.00000000e+00
   3.54101345e-01 -4.51394900e-02]
 [-9.92676899e-01 -3.79117068e+00 -1.21113934e-01  0.00000000e+00
  -4.44013399e-01  5.46457529e-01]
 [-1.03749071e+00 -3.94435641e+00  0.00000000e+00  0.00000000e+00
   1.66979775e-03  2.52722279e-01]
 [-8.16996513e-01 -4.10774885e+00  0.00000000e+00  0.00000000e+00
   2.33873412e-01 -1.74111133e-01]
 [-3.79986262e-01  5.85533870e+00  0.00000000e+00  0.00000000e+00
  -7.17552599e-01 -8.09382073e-02]
 [-1.57535019e-01  5.67046267e+00  0.00000000e+00  0.00000000e+00
   5.88336645e-01 -1.71029042e-01]
 [-1.02688483e+00 -4.04707970e+00  0.00000000e+00  0.00000000e+00
  -1.62533441e+00 -1.97692028e-01]
 [-1.12155753e+00 -3.62215377e+00 -1.19165922e-01  0.00000000e+00
  -1.19699550e-01  3.23124242e-01]
 [-6.18176834e-01 -4.12641300e+00 -1.33777930e-01  0.00000000e+00
   5.90418727e-01 -1.48905055e-01]]
[04/03/2022, 02:09:03] computing sampling shap 3686:3696 within 64.6729 sec, 6.2594 on average
[04/03/2022, 02:09:03] instances left: 149
[04/03/2022, 02:09:03] estimating time left: 0:15:32.650600

[[-0.15469237  5.730749    0.          0.          0.19333439 -0.18116306]
 [ 4.84452494  2.86548362  0.          0.          0.45826981  0.12924632]
 [-0.58509151 -1.90336138  7.87743674  0.          0.64428648 -0.09665732]
 [-0.86100844 -4.04453564 -0.16017533  0.         -1.13954911 -0.13837318]
 [ 4.33061918  2.75919651 -0.0791202   0.         -0.13731338  0.12403383]
 [-0.28332717  5.80919247 -0.0704669   0.          0.64215138 -0.13818502]
 [-0.78171678 -4.15128115  0.          0.          0.26062401  0.18427149]
 [-0.70388858 -4.05077659 -0.14344849  0.          0.63600915 -0.15163605]
 [-0.97045326 -3.85529229 -0.07527291  0.          0.22054436  0.11925416]
 [-0.13426696  5.72143811 -0.06949153  0.          0.57487293 -0.16231735]]
[04/03/2022, 02:10:05] computing sampling shap 3696:3706 within 61.6283 sec, 6.2579 on average
[04/03/2022, 02:10:05] instances left: 139
[04/03/2022, 02:10:05] estimating time left: 0:14:29.848100

[[-0.18582163  5.65972171 -0.06800488  0.          0.34365712 -0.16132409]
 [ 4.19217896  2.80234425  0.          0.         -0.49586502 -0.19096945]
 [-0.21025309  5.57121206  0.          0.          0.75031368 -0.15190784]
 [-0.99857974 -3.91007077 -0.07690068  0.         -0.05910283  0.04408996]
 [-0.2815352   5.79286244  0.          0.         -0.40188228 -0.21878135]
 [-0.81045297 -4.00127495 -0.1821518   0.          0.74020945 -0.18318323]
 [-0.7001454  -4.0579701  -0.20742266  0.         -0.34779514 -0.21753443]
 [-0.83275373 -4.05428444 -0.14652184  0.         -0.64728472  0.11254877]
 [-0.24546256  5.77288021 -0.07003926  0.         -0.52722237 -0.0454608 ]
 [-0.17100605  5.62949138  0.          0.          0.33218341 -0.13663045]]
[04/03/2022, 02:11:07] computing sampling shap 3706:3716 within 62.189 sec, 6.2573 on average
[04/03/2022, 02:11:07] instances left: 129
[04/03/2022, 02:11:07] estimating time left: 0:13:27.191700

[[-9.45129711e-01 -4.02287313e+00  0.00000000e+00  0.00000000e+00
  -3.85656618e-01  1.81315441e-02]
 [-7.53793740e-01 -4.23151082e+00  0.00000000e+00  0.00000000e+00
   7.54077857e-01 -2.05627057e-01]
 [ 3.92644183e+00  2.89869526e+00 -7.93467952e-02  0.00000000e+00
   6.31554054e-01 -1.86573214e-01]
 [-8.03288937e-01 -3.88480940e+00 -1.49662519e-01  0.00000000e+00
  -1.55228477e+00  2.56621680e-01]
 [-2.57565898e-01  5.63514539e+00  0.00000000e+00  0.00000000e+00
   1.14005117e-02  6.69196649e-03]
 [-2.53285142e-01  5.76895718e+00  0.00000000e+00  0.00000000e+00
   2.03869349e-01  6.89449376e-02]
 [-1.11510199e+00 -3.72174141e+00 -1.37936195e-01  0.00000000e+00
   7.01655100e-01 -1.40616183e-01]
 [-8.39993947e-01 -3.94674265e+00 -2.28257178e-01  0.00000000e+00
  -6.09162659e-01  4.03427812e-01]
 [-1.08063328e-01  5.51751380e+00  0.00000000e+00  0.00000000e+00
   6.70415880e-01 -1.49631075e-01]
 [ 4.02772420e+00  2.81611425e+00 -3.91273504e-04  0.00000000e+00
   5.51022032e-01 -2.03698237e-01]]
[04/03/2022, 02:12:09] computing sampling shap 3716:3726 within 62.2952 sec, 6.2569 on average
[04/03/2022, 02:12:09] instances left: 119
[04/03/2022, 02:12:09] estimating time left: 0:12:24.571100

[[-8.50202588e-01 -3.98805679e+00 -7.28880559e-02  0.00000000e+00
  -7.82941385e-01  5.20159812e-03]
 [-9.07588548e-01 -3.84914000e+00 -1.23327906e-01  0.00000000e+00
   1.76413246e-01 -1.14150828e-01]
 [-8.03540194e-01 -3.97618458e+00 -2.02578331e-01  0.00000000e+00
  -3.44114023e-02  1.74138149e-01]
 [-1.41373637e-01  5.58710631e+00  0.00000000e+00  0.00000000e+00
  -6.23838037e-03  2.47228313e-01]
 [-9.87074869e-01 -3.90960731e+00  0.00000000e+00  0.00000000e+00
  -7.39010829e-02  2.14573668e-01]
 [-5.17722105e-01 -4.08991313e+00 -2.02443983e-01  0.00000000e+00
  -1.40288933e+00  7.80473052e-01]
 [ 4.14727143e+00  2.71691543e+00  0.00000000e+00  0.00000000e+00
   3.23203722e-01 -1.87977963e-01]
 [-8.82391239e-01 -4.05251205e+00  0.00000000e+00  0.00000000e+00
  -6.34933428e-01 -2.65247780e-01]
 [ 4.12583399e+00  2.72961947e+00 -8.13057429e-02  0.00000000e+00
   3.72734207e-01 -1.34051576e-01]
 [-6.07595121e-01 -4.25231748e+00  0.00000000e+00  0.00000000e+00
  -1.07974108e-01  2.60466883e-01]]
[04/03/2022, 02:13:11] computing sampling shap 3726:3736 within 61.5489 sec, 6.2553 on average
[04/03/2022, 02:13:11] instances left: 109
[04/03/2022, 02:13:11] estimating time left: 0:11:21.827700

[[-0.40683938  5.9012951   0.          0.          0.66903456 -0.20412571]
 [-0.88139796 -4.09344076  0.          0.          0.30216059 -0.19230501]
 [-0.29538929  5.8832624  -0.0688241   0.          0.59132759 -0.09789827]
 [-0.99648707 -3.66312316 -0.2086383   0.          0.65389756 -0.19938979]
 [-1.04975103 -3.86916047 -0.07648296  0.         -0.36333956 -0.21425706]
 [-0.34206344  5.8726788   0.          0.         -0.51883633  0.16394866]
 [-0.21348172  5.78241986 -0.10709735  0.          0.6546179  -0.18622392]
 [-0.86728284 -4.0125538  -0.07139791  0.         -0.74066802  0.08966388]
 [-1.00645723 -3.77612063 -0.0761547   0.         -0.36000819  0.17766298]
 [-1.22232599 -3.70643337  0.          0.         -0.48096377  0.30002063]]
[04/03/2022, 02:14:14] computing sampling shap 3736:3746 within 63.3269 sec, 6.2565 on average
[04/03/2022, 02:14:14] instances left: 99
[04/03/2022, 02:14:14] estimating time left: 0:10:19.393500

[[-0.8404576  -3.93497045 -0.0720655   0.         -0.71806924 -0.20850544]
 [-0.24245415  5.75518629  0.          0.          0.23077852  0.08679664]
 [-1.02287314 -3.88300212  0.          0.         -0.51274529 -0.25944156]
 [-0.74100303 -4.13504309  0.          0.         -0.18361644 -0.25496393]
 [-0.26570695  5.7263879   0.          0.          0.64241599 -0.10885242]
 [-0.94270688 -3.87585976 -0.07411435  0.         -0.40882342 -0.19043342]
 [-1.10338541 -3.89500585  0.          0.          0.69853765 -0.05668208]
 [-0.14777031  5.63882804  0.          0.          0.61522243 -0.14691528]
 [-1.03886345 -3.99373801 -0.07223315  0.         -0.50500886 -0.14408232]
 [-1.1717533  -3.66459621 -0.19946216  0.          0.34300276 -0.10221988]]
[04/03/2022, 02:15:16] computing sampling shap 3746:3756 within 61.7182 sec, 6.2553 on average
[04/03/2022, 02:15:16] instances left: 89
[04/03/2022, 02:15:16] estimating time left: 0:09:16.721700

[[-7.97375637e-01 -4.14037277e+00 -7.42381176e-02  0.00000000e+00
   2.89950549e-01  3.07441560e-01]
 [-1.16098175e+00 -3.86241684e+00  0.00000000e+00  0.00000000e+00
   7.25088308e-01 -3.39182518e-02]
 [-2.42742800e-01  5.79952042e+00  0.00000000e+00  0.00000000e+00
   5.33509324e-01 -1.60051813e-01]
 [-9.86651641e-01 -4.09872965e+00  0.00000000e+00  0.00000000e+00
  -1.50962819e+00 -1.33399958e-01]
 [-8.55668058e-01 -4.08118117e+00  0.00000000e+00  0.00000000e+00
   2.70193585e-01 -1.51137919e-01]
 [-4.02574331e-01  5.75979397e+00  0.00000000e+00  0.00000000e+00
   7.64735008e-01 -1.17813123e-01]
 [-8.73495656e-01 -3.84559722e+00 -1.77973506e-01  0.00000000e+00
   6.63626551e-01 -2.03414090e-01]
 [-9.37643451e-01 -3.90679178e+00 -7.51644988e-02  0.00000000e+00
  -7.03263965e-01  1.70567430e-01]
 [-4.13987845e-01  5.92193111e+00 -3.91284133e-04  0.00000000e+00
  -3.53275504e-01  1.40035000e-02]
 [-2.89466018e-01  5.77628944e+00  0.00000000e+00  0.00000000e+00
  -4.28247546e-02 -1.51920586e-02]]
[04/03/2022, 02:16:17] computing sampling shap 3756:3766 within 61.5047 sec, 6.2537 on average
[04/03/2022, 02:16:17] instances left: 79
[04/03/2022, 02:16:17] estimating time left: 0:08:14.042300

[[-0.92097172 -3.98581304 -0.06949079  0.         -0.39378688 -0.24768981]
 [-0.53613985 -4.24001382 -0.18635169  0.          0.74149008 -0.21583807]
 [-0.82972936 -4.04690367  0.          0.          0.63698074 -0.1740884 ]
 [-0.20310024  5.57788942  0.          0.         -0.54009852  0.35245069]
 [-0.20613295  5.81375385 -0.07245914  0.          0.2300581  -0.08700373]
 [-0.16879524  5.66519163  0.          0.         -0.80243722 -0.08619252]
 [-0.86765688 -3.98990989  0.         -0.07361151  0.64605688 -0.15173253]
 [-0.17567517  5.63831034  0.          0.          0.3140814  -0.16236769]
 [-0.8629696  -3.96489978 -0.19338339  0.          0.35203806 -0.14857917]
 [-0.92211802 -4.05293639  0.          0.          0.23629507 -0.08514806]]
[04/03/2022, 02:17:21] computing sampling shap 3766:3776 within 63.1811 sec, 6.2547 on average
[04/03/2022, 02:17:21] instances left: 69
[04/03/2022, 02:17:21] estimating time left: 0:07:11.574300

[[-0.33076362  5.71212097  0.          0.          0.75560123 -0.20672333]
 [ 4.20592083  2.73897116  0.          0.         -0.3108002   0.09888159]
 [ 3.70828878  3.04264664  0.          0.          0.59734114 -0.10717183]
 [-0.88467286 -3.91056643 -0.1171826   0.         -0.40880616 -0.01430008]
 [-0.86043689 -4.00302713 -0.14781718  0.         -0.37291716 -0.06426023]
 [-0.93982199 -3.80626338 -0.1631542   0.          0.67593777 -0.20355235]
 [-0.97298033 -4.09083591  0.          0.          0.02346841  0.10490514]
 [-0.95621475 -4.02944836  0.          0.         -0.09179396 -0.17837991]
 [-0.13437254  2.51272991  3.17536522  0.         -0.10684034  0.21439404]
 [-0.68497828 -4.07819758 -0.07293163  0.         -0.10818845  0.09359427]]
[04/03/2022, 02:18:22] computing sampling shap 3776:3786 within 61.7361 sec, 6.2535 on average
[04/03/2022, 02:18:22] instances left: 59
[04/03/2022, 02:18:22] estimating time left: 0:06:08.956500

[[-3.07562573e-01  5.88167884e+00 -7.02587581e-02  0.00000000e+00
   6.27434684e-01 -2.01057166e-01]
 [ 3.94091718e+00  2.85008097e+00  0.00000000e+00  0.00000000e+00
   5.68828216e-01 -1.69055194e-01]
 [-8.03161843e-01 -4.00077672e+00 -1.98895841e-01  0.00000000e+00
  -4.12520389e-01  4.69721136e-01]
 [ 3.99747807e+00  2.92988151e+00 -7.90380794e-02  0.00000000e+00
  -5.29798434e-01  3.26211271e-01]
 [-1.50424632e-01  5.58983253e+00 -6.86455367e-02  0.00000000e+00
  -4.47499509e-01  7.30155163e-01]
 [-9.35691901e-01 -3.74461475e+00 -1.57560841e-01  0.00000000e+00
   6.12791584e-01 -2.11778427e-01]
 [-1.58088931e-01  5.64788937e+00  0.00000000e+00  0.00000000e+00
   6.04412800e-01 -1.63977917e-01]
 [-1.92605951e-01  5.73201116e+00  0.00000000e+00  0.00000000e+00
   5.53183678e-01 -7.37547182e-02]
 [-6.31880922e-01 -3.91345161e+00 -1.15262510e-01 -7.50256798e-02
  -7.36679485e-01  4.99811202e-01]
 [-1.06803295e-01  5.66434194e+00 -3.91294592e-04  0.00000000e+00
  -6.26515121e-01 -1.83582832e-01]]
[04/03/2022, 02:19:24] computing sampling shap 3786:3796 within 61.9809 sec, 6.2528 on average
[04/03/2022, 02:19:24] instances left: 49
[04/03/2022, 02:19:24] estimating time left: 0:05:06.387200

[[-1.01190441 -3.81548172  0.          0.         -0.76938978  0.34805537]
 [-0.75651493 -4.13811431  0.          0.         -0.57055409  0.13783254]
 [-0.2133709   5.70836714 -0.10683947  0.          0.71711857 -0.17503997]
 [-1.01202698 -3.85264968 -0.13277878  0.         -0.10229607 -0.21487519]
 [-0.82927576 -4.04556158  0.          0.          0.68089218 -0.18552517]
 [-0.2358341   6.10159978 -0.14867577  0.          0.52372062 -0.15063765]
 [-0.75292192 -4.1104428  -0.06939922  0.          0.67924852 -0.18333821]
 [-0.91740539 -3.92802604 -0.23876682  0.         -0.03443377  0.01320703]
 [-0.83500127 -3.94976465 -0.19024987  0.         -0.06719099 -0.06321821]
 [-1.04225869 -3.89319475  0.          0.          0.24859293  0.13991046]]
[04/03/2022, 02:20:27] computing sampling shap 3796:3806 within 62.2829 sec, 6.2524 on average
[04/03/2022, 02:20:27] instances left: 39
[04/03/2022, 02:20:27] estimating time left: 0:04:03.843600

[[-0.89299725 -3.99190861 -0.11999775  0.          0.03106061  0.24638798]
 [-0.90764163 -3.83440947 -0.19414575  0.         -1.60291899 -0.06052662]
 [-0.91047396 -3.85811878 -0.07342262  0.          0.56366615 -0.1011211 ]
 [-0.9966894  -3.98419644  0.          0.         -0.07491778 -0.10509405]
 [-0.99210575 -3.88850702  0.          0.          0.15936537 -0.05893998]
 [-0.48567882 -1.94470935  7.78148535  0.         -0.06154737  0.27098303]
 [-0.96891376 -3.73365553 -0.11963579  0.          0.15965321  0.17444911]
 [ 4.0923365   2.77407466  0.          0.          0.22832128  0.12430636]
 [-0.34107547  5.93450935  0.          0.          0.15961784 -0.06263092]
 [-0.18162221  5.96397544  0.          0.         -0.41467143 -0.0443765 ]]
[04/03/2022, 02:21:29] computing sampling shap 3806:3816 within 61.8851 sec, 6.2516 on average
[04/03/2022, 02:21:29] instances left: 29
[04/03/2022, 02:21:29] estimating time left: 0:03:01.296400

[[-0.87742062 -4.21082001  0.          0.          0.0199673  -0.2463529 ]
 [-1.02386438 -3.88426329  0.          0.          0.23009411 -0.18694963]
 [-0.9608908  -3.84342919 -0.1165602   0.          0.67478509 -0.19075894]
 [-0.97963834 -3.96329227 -0.07211118  0.          0.32739957 -0.13626529]
 [-0.2868422   5.76190421  0.          0.         -0.51857628 -0.25014139]
 [-0.13696466  5.65175573  0.          0.          0.61085475 -0.12150444]
 [-0.8628119  -3.97687425  0.          0.          0.18139334  0.09707285]
 [ 4.18508887  2.82055014  0.          0.         -0.31274962 -0.17789623]
 [-0.34627895  5.85143194  0.          0.          0.61652295 -0.16231114]
 [-0.79457872 -4.29917275  0.          0.          0.01630427  0.14200485]]
[04/03/2022, 02:22:30] computing sampling shap 3816:3826 within 61.3655 sec, 6.25 on average
[04/03/2022, 02:22:30] instances left: 19
[04/03/2022, 02:22:30] estimating time left: 0:01:58.750000

[[-0.8649705  -4.14563106  0.          0.          0.3116648  -0.16604632]
 [-0.24783248  5.88186666 -0.15449878  0.          0.25675377  0.15099042]
 [-0.89512234 -4.01855951 -0.07521869  0.         -0.50826647 -0.05829123]
 [-0.87157072 -3.91808773 -0.15101623  0.          0.19155552 -0.14057946]
 [-0.80742819 -4.09597086 -0.0708295   0.          0.25890637 -0.17437626]
 [ 4.07109836  2.88806266  0.          0.         -0.6776201  -0.23681759]
 [-1.02764437 -3.87277563 -0.07317523  0.         -0.03980414  0.28594404]
 [ 4.06502894  2.7884978  -0.07938716  0.         -0.35526066  0.48914982]
 [-1.20617352 -3.68044172 -0.10808407  0.         -0.46146553  0.14025462]
 [ 8.78086403 -1.88687748 -0.12033833  0.          0.01614705  0.1536509 ]]
[04/03/2022, 02:23:32] computing sampling shap 3826:3836 within 62.0617 sec, 6.2495 on average
[04/03/2022, 02:23:32] instances left: 9
[04/03/2022, 02:23:32] estimating time left: 0:00:56.245500

[[ 3.94672988  2.96816845 -0.07903883  0.          0.31447174 -0.13750102]
 [ 3.93710928  2.90174535 -0.07862002  0.          0.60412465 -0.17358823]
 [-0.94924693 -3.95471972  0.          0.          0.63873755 -0.14851148]
 [-0.98591844 -4.06003228  0.          0.          0.3322223  -0.17597   ]
 [-0.96741114 -3.73626015 -0.21247064  0.         -0.3968753   0.07838714]
 [-0.96593022 -3.95034899 -0.0716434   0.         -0.53825788  0.06679866]
 [-0.99827269 -3.75068506 -0.12188886  0.          0.698818   -0.26482549]
 [-0.88859762 -3.96851471 -0.07138912  0.          0.71099444 -0.21934662]
 [-0.89316815 -3.94514917 -0.13658101  0.          0.66120273  0.00514567]
 [-1.01539009 -3.85068132 -0.07661382  0.          0.23454644 -0.10965508]]
[04/03/2022, 02:23:32] finish computing sampling shap for range: [5, 8] within 4749.591805 sec
