Child #[10, 11]: psutil.Process(pid=5126, name='python', status='running', started='03:07:48'), affinity [10, 11]
Child #[10, 11]: Set my affinity to [10, 11], affinity now [10, 11]

[04/03/2022, 01:04:50] start computing sampling shap for range: [6, 8]
[04/03/2022, 01:05:54] computing sampling shap 3845:3855 within 63.5347 sec, 6.3535 on average
[04/03/2022, 01:05:54] instances left: 759
[04/03/2022, 01:05:54] estimating time left: 1:20:22.306500

[[-0.97090711 -3.85137549 -0.18348943  0.          0.33144235 -0.21536876]
 [-0.35695441  5.84286996  0.          0.          0.2634084  -0.1974516 ]
 [-1.01108767 -3.85985619 -0.07496039  0.         -0.12714747 -0.20784949]
 [-0.37558039  5.85368889  0.          0.         -0.33354234  0.32078025]
 [-0.24383968  5.67861055  0.          0.          0.03565225  0.02120096]
 [-0.23353169  5.73750947  0.          0.          0.20564503  0.20307908]
 [-0.87876996 -4.0616371  -0.07389266  0.         -0.05382597 -0.24650071]
 [-0.77447907 -4.01014795 -0.11441341  0.         -0.15315474  0.49474385]
 [-0.84394306 -3.88565646 -0.17174846  0.         -0.13511101  0.10865007]
 [-0.67382504 -4.16070569 -0.16325431  0.          0.72373373 -0.13968911]]
[04/03/2022, 01:06:57] computing sampling shap 3855:3865 within 63.1906 sec, 6.3363 on average
[04/03/2022, 01:06:57] instances left: 749
[04/03/2022, 01:06:57] estimating time left: 1:19:05.888700

[[-7.09978138e-01 -4.07772251e+00  0.00000000e+00  0.00000000e+00
  -4.44957738e-01  6.07027960e-01]
 [-1.06835681e+00 -3.77663883e+00 -1.67324520e-01  0.00000000e+00
  -3.81608590e-02 -2.64145365e-01]
 [-8.01228402e-01 -4.07076573e+00 -1.51159890e-01  0.00000000e+00
  -6.39135152e-01  2.09993029e-01]
 [-1.16334869e+00 -3.70126866e+00 -7.35849990e-02  0.00000000e+00
  -3.87964023e-01  6.62545592e-01]
 [-8.60606150e-01 -4.22732982e+00  0.00000000e+00  0.00000000e+00
   2.48074131e-02  1.27685804e-01]
 [-7.52689200e-01 -4.12282089e+00  0.00000000e+00  0.00000000e+00
   6.76860471e-01 -1.80820439e-01]
 [-2.53228992e-01  5.78550696e+00  0.00000000e+00  0.00000000e+00
  -1.27113744e-01  8.85153703e-02]
 [-1.92374055e-01  5.68683563e+00 -6.90262507e-02  0.00000000e+00
   3.04195307e-01  4.82741380e-03]
 [-2.69693171e-01  5.76585785e+00  0.00000000e+00  0.00000000e+00
  -5.52048182e-01  8.39227537e-02]
 [-9.73416168e-01 -3.88590833e+00 -7.46057763e-02  0.00000000e+00
   6.77231382e-01 -1.80155045e-01]]
[04/03/2022, 01:08:02] computing sampling shap 3865:3875 within 64.7095 sec, 6.3812 on average
[04/03/2022, 01:08:02] instances left: 739
[04/03/2022, 01:08:02] estimating time left: 1:18:35.706800

[[ 4.27078492e+00  2.66212662e+00  0.00000000e+00  0.00000000e+00
  -6.58258937e-01 -1.94804269e-01]
 [-1.05280673e+00  6.85172421e+00  0.00000000e+00  0.00000000e+00
   4.47061223e-01 -1.55805735e-01]
 [ 4.04728819e+00  2.76759674e+00  0.00000000e+00  0.00000000e+00
  -5.41996684e-01  2.93011595e-01]
 [-8.45082538e-01 -3.92022219e+00 -2.64826537e-01  0.00000000e+00
   2.71984329e-01  4.57761812e-01]
 [-1.07697531e+00 -3.88362923e+00  0.00000000e+00  0.00000000e+00
   2.72412485e-01  1.50344119e-01]
 [-1.81647502e-01  5.73325154e+00 -6.95598744e-02  0.00000000e+00
   1.98352438e-01  2.96497630e-01]
 [ 4.11467316e+00  2.84073511e+00 -8.06636781e-02  0.00000000e+00
  -1.94250527e-03  1.24614113e-01]
 [-9.10297993e-01 -4.05708301e+00 -7.17483093e-02  0.00000000e+00
   7.64187911e-01 -1.61912222e-01]
 [-7.29672463e-01 -3.93440207e+00 -1.79064538e-01  0.00000000e+00
   5.94654664e-01 -8.37443992e-02]
 [-8.16244933e-01 -3.88916153e+00 -1.73255366e-01  0.00000000e+00
  -3.43124444e-01  3.13249999e-01]]
[04/03/2022, 01:09:03] computing sampling shap 3875:3885 within 61.4117 sec, 6.3213 on average
[04/03/2022, 01:09:03] instances left: 729
[04/03/2022, 01:09:03] estimating time left: 1:16:48.227700

[[-3.53649483e-01  5.88606350e+00  0.00000000e+00  0.00000000e+00
  -1.61566584e+00 -1.48837208e-01]
 [-2.65419153e-01  5.81082822e+00 -1.20929677e-01  0.00000000e+00
   2.65408850e-03  1.78725909e-01]
 [-8.10059650e-01 -4.20708858e+00  0.00000000e+00  0.00000000e+00
  -3.18826130e-01  8.63023509e-01]
 [-8.01824311e-01 -4.15899044e+00 -7.35524227e-02  0.00000000e+00
  -5.51420808e-02  9.84663123e-02]
 [-7.28441816e-01 -4.26973334e+00  0.00000000e+00  0.00000000e+00
   7.59754197e-01 -1.98432808e-01]
 [-9.81501844e-01 -3.89849199e+00 -2.36376288e-01  0.00000000e+00
  -1.55965050e+00 -1.44809653e-01]
 [-3.05595830e-01  5.82039333e+00 -6.81136709e-02  0.00000000e+00
  -8.03299257e-01 -2.00358075e-01]
 [-1.03017338e+00 -3.90052412e+00  0.00000000e+00  0.00000000e+00
   2.09678109e-01 -9.67743683e-02]
 [ 4.25930065e+00  2.58360409e+00  0.00000000e+00  0.00000000e+00
   2.82389734e-01 -5.38717782e-02]
 [-1.07745434e+00 -3.81277867e+00 -1.08442566e-01  0.00000000e+00
   7.24546869e-01 -1.39611608e-01]]
[04/03/2022, 01:10:04] computing sampling shap 3885:3895 within 60.3877 sec, 6.2648 on average
[04/03/2022, 01:10:04] instances left: 719
[04/03/2022, 01:10:04] estimating time left: 1:15:04.391200

[[-0.49192724 -1.91209444  7.6674872   0.          0.33218958 -0.10000667]
 [-0.31266325  5.69466161  0.          0.          0.74738164 -0.13513527]
 [-0.86413465 -3.97773215  0.          0.          0.16063474  0.28629878]
 [-0.23322795  5.80233656 -0.07057977  0.         -0.04680034  0.16520691]
 [-0.99981913 -3.89219466  0.          0.         -0.4182577   0.14099489]
 [-1.10116819 -3.64334981 -0.19264576  0.          0.25986327 -0.24414302]
 [-0.72891176 -4.24861981  0.          0.          0.29346675  0.19596255]
 [-0.23073103 16.17391044  0.          0.          0.21877476 -0.06023631]
 [-0.26246074  5.65743838  0.          0.          0.70566469 -0.1704071 ]
 [-0.8612861  -3.84783555 -0.16514276  0.         -0.50786709  0.33090441]]
[04/03/2022, 01:11:06] computing sampling shap 3895:3905 within 62.0362 sec, 6.2546 on average
[04/03/2022, 01:11:06] instances left: 709
[04/03/2022, 01:11:06] estimating time left: 1:13:54.511400

[[-0.97471695 -4.00867305  0.          0.          0.30728026 -0.04146557]
 [-0.18270876  5.80331386 -0.06883454  0.         -0.51591196  0.36436544]
 [-0.88065227 -4.12647369 -0.14953689  0.         -0.64523455 -0.25430386]
 [-1.06759631 -3.94277296 -0.07056864  0.         -0.45947954 -0.02449226]
 [-0.24510252  5.76787377  0.          0.         -0.35873764 -0.09427215]
 [ 4.13447105  2.70965383  0.          0.          0.20581859  0.21115225]
 [-0.7694045  -4.10021773 -0.2183999   0.          0.82322926 -0.14894759]
 [-0.9472125  -3.67178387 -0.20288231  0.         -0.341137    0.46814141]
 [-0.6908473  -4.29512805 10.249624    0.         -0.03636342 -0.17686368]
 [-1.01468921 -3.94836376  0.          0.         -0.71120737  0.41979701]]
[04/03/2022, 01:12:06] computing sampling shap 3905:3915 within 60.0522 sec, 6.219 on average
[04/03/2022, 01:12:06] instances left: 699
[04/03/2022, 01:12:06] estimating time left: 1:12:27.081000

[[-9.10556506e-01 -3.93964357e+00 -1.64210746e-01  0.00000000e+00
  -4.90211313e-01  3.85817768e-01]
 [ 4.09280014e+00  2.83718578e+00  0.00000000e+00  0.00000000e+00
  -4.00983672e-01  4.05761478e-02]
 [-1.03558975e+00 -3.92642233e+00 -6.59081333e-04  0.00000000e+00
  -4.80401684e-01  9.26464740e-02]
 [-3.67934856e-01  1.64074450e+01  0.00000000e+00  0.00000000e+00
  -5.74931820e-01  3.99518627e-02]
 [-9.21901767e-01 -3.85750988e+00 -1.48099139e-01  0.00000000e+00
  -9.56675023e-02  2.01822203e-01]
 [-2.26552770e-01  3.09931119e+00  2.70145711e+00  0.00000000e+00
  -1.00295343e-01  1.31939494e-01]
 [-1.68887522e-01  5.56686444e+00  0.00000000e+00  0.00000000e+00
   7.44491114e-01 -2.12232972e-01]
 [-8.29423041e-01  6.38356706e+00  0.00000000e+00  0.00000000e+00
   6.75866198e-01 -1.92807286e-01]
 [-5.01405420e-01 -2.00448256e+00  7.89116890e+00  0.00000000e+00
  -1.69998954e+00  3.57288997e-02]
 [ 4.28186243e+00  2.77607059e+00  0.00000000e+00  0.00000000e+00
   4.01265419e-01 -1.81816021e-01]]
[04/03/2022, 01:13:06] computing sampling shap 3915:3925 within 60.1121 sec, 6.1931 on average
[04/03/2022, 01:13:06] instances left: 689
[04/03/2022, 01:13:06] estimating time left: 1:11:07.045900

[[-9.25281518e-01 -4.03677825e+00 -7.31244912e-02  0.00000000e+00
   7.33979119e-01 -2.65431431e-02]
 [-2.83130027e-01  5.78663971e+00  0.00000000e+00  0.00000000e+00
   2.80104533e-01 -1.69265540e-01]
 [-1.68159295e-01  5.55499625e+00  0.00000000e+00  0.00000000e+00
   4.12815770e-03 -1.77549312e-01]
 [-1.17090754e+00 -3.71138195e+00  0.00000000e+00  0.00000000e+00
  -5.04258875e-01  8.34954882e-01]
 [-7.66106740e-01 -4.04790844e+00 -6.76779211e-02  0.00000000e+00
  -8.91915284e-01  1.29235649e-01]
 [-1.11800249e+00 -3.69885520e+00 -7.17782668e-02  0.00000000e+00
   6.92948981e-01 -2.41166839e-01]
 [-7.99950455e-01 -3.94635909e+00 -2.15146248e-01  0.00000000e+00
  -6.87336917e-02  3.70912010e-02]
 [-1.54753872e-01  5.58961876e+00  0.00000000e+00  0.00000000e+00
   2.62884794e-01  2.79144334e-01]
 [-2.78483577e-01  5.99535389e+00  0.00000000e+00  0.00000000e+00
  -5.89687987e-02  1.17665477e-01]
 [-1.00028569e+00 -4.00862528e+00  0.00000000e+00  0.00000000e+00
  -3.76897705e-01 -6.39601257e-02]]
[04/03/2022, 01:14:11] computing sampling shap 3925:3935 within 65.3568 sec, 6.2311 on average
[04/03/2022, 01:14:11] instances left: 679
[04/03/2022, 01:14:11] estimating time left: 1:10:30.916900

[[-2.02208047e-01  5.73073090e+00  0.00000000e+00  0.00000000e+00
   2.12152670e-01  7.68104533e-04]
 [ 4.10471786e+00  2.66832832e+00 -3.91280407e-04  0.00000000e+00
   5.48993786e-01 -1.30877555e-01]
 [-8.17795962e-01 -4.23177563e+00  0.00000000e+00  0.00000000e+00
   3.36796638e-01 -8.22535032e-02]
 [-2.56504122e-01  5.69290013e+00  0.00000000e+00  0.00000000e+00
   5.97604836e-01  5.71003379e-02]
 [-8.63108942e-01 -4.03875687e+00  0.00000000e+00  0.00000000e+00
   2.13247805e-01  2.11944336e-01]
 [-1.05382362e+00 -3.76169630e+00 -1.18956632e-01  0.00000000e+00
  -4.10937048e-01  1.20304987e-01]
 [-1.55885168e-01  5.57074805e+00  0.00000000e+00  0.00000000e+00
   6.95153057e-01 -1.50651027e-01]
 [-2.02573322e-01  5.63641467e+00  0.00000000e+00  0.00000000e+00
   3.10978519e-01  7.89353074e-02]
 [-1.01098357e+00 -3.99278366e+00  0.00000000e+00  0.00000000e+00
   7.17960329e-01 -1.51046838e-01]
 [-1.01984546e+00 -3.75620457e+00 -1.19748949e-01  0.00000000e+00
   6.00818164e-01 -1.34266909e-02]]
[04/03/2022, 01:15:14] computing sampling shap 3935:3945 within 62.952 sec, 6.2376 on average
[04/03/2022, 01:15:14] instances left: 669
[04/03/2022, 01:15:14] estimating time left: 1:09:32.954400

[[-0.19257576  5.73268311 -0.06952403  0.          0.63048853 -0.17083681]
 [ 8.3404625  -1.68735223 -0.07487373  0.          0.75161345 -0.1961914 ]
 [-0.14530784  5.61385902  0.          0.          0.65895034 -0.19726638]
 [-0.91170323 -4.05632775  0.          0.          0.6814899  -0.15031291]
 [-0.19690269  5.72864387 -0.07069485  0.         -1.0027002  -0.23030696]
 [-0.97939571 -3.90961041  0.          0.         -0.13287752 -0.04934738]
 [-0.99860566 -3.83939802  0.          0.          0.63483395 -0.23368411]
 [-0.81143306 -4.0315122  -0.15433283  0.          0.26558967 -0.18975509]
 [ 4.02775385  2.80851136  0.          0.          0.25449405  0.12828   ]
 [-0.91713994 -3.96023139 -0.07577242  0.          0.71909988 -0.14542671]]
[04/03/2022, 01:16:17] computing sampling shap 3945:3955 within 63.4173 sec, 6.247 on average
[04/03/2022, 01:16:17] instances left: 659
[04/03/2022, 01:16:17] estimating time left: 1:08:36.773000

[[-0.19774671 16.25134914  0.          0.         -0.04741488  0.29604182]
 [-0.95827042 -4.00718476 -0.0770404   0.         -0.33233434 -0.07362832]
 [-0.94050004 -4.03051608  0.          0.         -0.79193219 -0.12787114]
 [-0.25132764  5.88380293 -0.06700509  0.         -1.64763094 -0.04650201]
 [-0.86443981 -3.89786486 -0.21995423  0.         -0.71894146 -0.20234826]
 [-0.37592064  5.89631882  0.          0.          0.5595943  -0.07585119]
 [-0.92501082 -4.09820885  0.          0.          0.32081028 -0.16257398]
 [-0.91652053 -3.90312658 -0.14587996  0.         -0.38709992  0.0298922 ]
 [-0.81824886 -4.05939324 -0.11468538  0.          0.72872061 -0.17324694]
 [-1.07158499 -3.72834895 -0.15678338  0.         -0.44403684  0.53671005]]
[04/03/2022, 01:17:21] computing sampling shap 3955:3965 within 63.6962 sec, 6.2573 on average
[04/03/2022, 01:17:21] instances left: 649
[04/03/2022, 01:17:21] estimating time left: 1:07:40.987700

[[-7.93582633e-01 -4.14838344e+00  0.00000000e+00  0.00000000e+00
  -6.14647467e-01 -8.07325780e-02]
 [-2.25119987e-01  5.77205786e+00 -6.65465010e-02  0.00000000e+00
  -3.05820413e-02  1.23394653e-01]
 [ 3.83605744e+00  2.76733507e+00  0.00000000e+00  0.00000000e+00
  -1.57017695e+00  5.36568272e-01]
 [-8.71127432e-01 -4.03706984e+00 -1.38053636e-01  0.00000000e+00
  -3.47075943e-02 -1.38742082e-01]
 [-7.97308773e-01 -4.11282313e+00  0.00000000e+00  0.00000000e+00
  -6.67038196e-01  4.77698784e-01]
 [-5.78596896e-01 -4.21080086e+00 -9.93480142e-02  0.00000000e+00
   6.15214902e-01 -1.63322898e-01]
 [ 4.04782908e+00  2.72094045e+00 -4.04630595e-04  0.00000000e+00
   3.40585475e-01  1.10088175e-01]
 [-9.33207250e-01 -3.96706745e+00 -7.33082820e-02  0.00000000e+00
   7.17003879e-01 -1.12994605e-01]
 [-1.04183155e+00 -3.61362339e+00 -3.12797169e-01  0.00000000e+00
   3.00421466e-01 -1.49963313e-01]
 [-9.41570322e-01 -3.98645355e+00  0.00000000e+00  0.00000000e+00
  -6.75650735e-01  2.37889097e-01]]
[04/03/2022, 01:18:30] computing sampling shap 3965:3975 within 68.3798 sec, 6.3019 on average
[04/03/2022, 01:18:30] instances left: 639
[04/03/2022, 01:18:30] estimating time left: 1:07:06.914100

[[-0.91599378 -4.04693864 -0.14235495  0.          0.36893269 -0.12862829]
 [-0.80489613 -4.02111049 -0.11344792  0.          0.22612708 -0.11057978]
 [-0.76164688 -4.15627995  0.          0.         -0.91175154  0.51208242]
 [-1.03087136 -3.9298291   0.          0.          0.6998923  -0.10876529]
 [ 4.11491716  2.80840154  0.          0.          0.24805803 -0.08709112]
 [-0.1848768   5.75186184 -0.12936182  0.         -0.31798444  0.11685102]
 [-0.25089621  5.74202505 -0.0691018   0.          0.33439203 -0.06599779]
 [-0.94924157 -3.85838389 -0.16909935  0.         -0.78919933 -0.09038427]
 [-0.2526243   5.62997061  0.          0.         -0.24877926  0.04986966]
 [-0.29943751  5.73057477  0.          0.         -0.25358443  0.51282859]]
[04/03/2022, 01:19:31] computing sampling shap 3975:3985 within 61.5756 sec, 6.2916 on average
[04/03/2022, 01:19:31] instances left: 629
[04/03/2022, 01:19:31] estimating time left: 1:05:57.416400

[[-0.34333294  5.76475662  0.          0.          0.32948294 -0.16267847]
 [-0.96110179 -3.83833921 -0.23373431  0.          0.00937935  0.13589223]
 [-0.87061024 -3.90282627 -0.1345899   0.          0.18934498 -0.07634745]
 [-0.19213575  5.7694439  -0.0643506   0.          0.57585134 -0.08466767]
 [-0.75211552 -3.96312501 -0.10522161  0.         -0.55530245  0.3967701 ]
 [-0.15162284  5.73683374 -0.07084294  0.          0.50732784  0.05337331]
 [-0.25818068  5.69786276  0.          0.         -0.28598948  0.21892632]
 [-0.15405643  5.64896159  0.          0.          0.24752592 -0.19055921]
 [-0.87080186 -4.06806832 -0.07495298  0.         -0.49406819  0.04851004]
 [-0.09547428  5.5181248   0.          0.         -0.00971714 -0.03952827]]
[04/03/2022, 01:20:34] computing sampling shap 3985:3995 within 63.1875 sec, 6.2935 on average
[04/03/2022, 01:20:34] instances left: 619
[04/03/2022, 01:20:34] estimating time left: 1:04:55.676500

[[-9.27617012e-01 -4.06878386e+00 -3.91260305e-04  0.00000000e+00
   2.71816014e-01 -8.37572707e-02]
 [-9.79934210e-01 -3.89036595e+00  0.00000000e+00  0.00000000e+00
  -8.15606858e-01 -2.47166201e-01]
 [-1.09280319e+00 -3.94020109e+00  0.00000000e+00  0.00000000e+00
   8.16720184e-01 -2.20569854e-01]
 [-1.83739617e-01  5.60717492e+00  0.00000000e+00  0.00000000e+00
  -4.87267824e-01  5.55962254e-01]
 [-1.10122784e+00 -3.83149534e+00  0.00000000e+00  0.00000000e+00
  -6.49731709e-01 -9.56070338e-02]
 [ 3.94693939e+00  2.83536331e+00  0.00000000e+00  0.00000000e+00
   5.58628649e-01 -1.50160270e-01]
 [-9.15341447e-01 -4.10576644e+00  0.00000000e+00  0.00000000e+00
   7.87854190e-01 -2.03600254e-01]
 [-1.39566638e-01  5.58336694e+00  0.00000000e+00  0.00000000e+00
   6.45054809e-01 -7.63763031e-02]
 [-1.02515562e+00 -3.99917954e+00  0.00000000e+00  0.00000000e+00
  -4.96784920e-01  6.86642487e-01]
 [ 4.13756452e+00  2.70405646e+00  0.00000000e+00  0.00000000e+00
   5.28294349e-01 -1.79144350e-01]]
[04/03/2022, 01:21:37] computing sampling shap 3995:4005 within 62.3967 sec, 6.2901 on average
[04/03/2022, 01:21:37] instances left: 609
[04/03/2022, 01:21:37] estimating time left: 1:03:50.670900

[[-0.3110732   5.79396193  0.          0.         -0.70157379  0.27985514]
 [-0.82016638 -4.13372041  0.          0.          0.23651014 -0.06281066]
 [-0.24955887  5.69373155  0.          0.         -0.54506909  0.26482113]
 [-0.2085025   5.77948445  0.          0.         -0.37016921  0.09007139]
 [-0.2280817   5.70377985  0.          0.         -0.51724988  0.05183685]
 [-0.23197827  5.7475988   0.          0.          0.2220876   0.05077817]
 [-0.9293368  -3.94693637 -0.14428782  0.         -0.00692061  0.47003025]
 [-0.89627139 -4.10487878  0.          0.         -0.01653416  0.16698257]
 [-0.88420446 -3.99948617  0.          0.          0.60681312 -0.03152971]
 [-0.15641355  5.7232738   0.          0.         -0.85780282 -0.21757373]]
[04/03/2022, 01:22:41] computing sampling shap 4005:4015 within 64.0064 sec, 6.2966 on average
[04/03/2022, 01:22:41] instances left: 599
[04/03/2022, 01:22:41] estimating time left: 1:02:51.663400

[[-1.0249667  -3.9766027   0.          0.         -0.68797081 -0.18083249]
 [ 4.21867105  2.85679867  0.          0.         -0.60065233  0.12842734]
 [ 8.4753664  -1.64451399  0.          0.          0.50501108 -0.20220514]
 [-0.83311277 -3.95299129 -0.18005299  0.         -0.38276277 -0.10084894]
 [-0.09970011  5.54053887 -0.06710505  0.          0.70858192 -0.07817412]
 [-0.85670005 -4.07370513  0.          0.          0.68468215 -0.11081275]
 [ 4.18070403  2.74699184  0.          0.          0.03951202 -0.12684197]
 [-0.91493917 -3.95461071  0.          0.          0.63749641 -0.13752011]
 [-1.04449679 -3.82430857 -0.11361937  0.          0.68456288 -0.1158787 ]
 [-0.17182288  5.61890861  0.          0.          0.65072528 -0.13844614]]
[04/03/2022, 01:23:41] computing sampling shap 4015:4025 within 60.1303 sec, 6.2809 on average
[04/03/2022, 01:23:41] instances left: 589
[04/03/2022, 01:23:41] estimating time left: 1:01:39.450100

[[-7.21244725e-01 -4.29537110e+00  0.00000000e+00  0.00000000e+00
  -3.11475029e-01 -2.52281118e-02]
 [ 4.03256026e+00  2.66897753e+00 -3.91269301e-04  0.00000000e+00
   6.91746601e-01 -1.70314359e-01]
 [-9.68414650e-01 -3.88365642e+00 -7.64775768e-02  0.00000000e+00
  -7.46450661e-01  7.89685985e-03]
 [-1.43279527e-01  5.73667221e+00 -6.78239415e-02  0.00000000e+00
  -6.24713586e-01 -1.75353574e-01]
 [-9.23110995e-01 -3.93887306e+00 -7.54652328e-02  0.00000000e+00
   6.94373217e-01 -1.70664661e-01]
 [-3.02129986e-01  5.87051402e+00  0.00000000e+00  0.00000000e+00
   2.11581806e-01 -8.95450783e-02]
 [-9.32857476e-01 -3.95037606e+00  0.00000000e+00  0.00000000e+00
   6.31226085e-01 -1.84846389e-01]
 [-8.67599551e-01 -4.09319141e+00  0.00000000e+00  0.00000000e+00
  -8.23435737e-02 -2.80966539e-02]
 [-2.70294170e-01  5.68419456e+00  0.00000000e+00  0.00000000e+00
   7.18297750e-01 -1.37953610e-01]
 [ 3.99665691e+00  2.83752344e+00  0.00000000e+00  0.00000000e+00
   5.52573135e-01 -1.95982292e-01]]
[04/03/2022, 01:24:45] computing sampling shap 4025:4035 within 63.8157 sec, 6.2862 on average
[04/03/2022, 01:24:45] instances left: 579
[04/03/2022, 01:24:45] estimating time left: 1:00:39.709800

[[ 3.88422951  2.89586486  0.          0.          0.28927842  0.19172311]
 [-0.13681588  5.78023469 -0.12351367  0.          0.56981541 -0.13035601]
 [-0.17337346  5.66143679  0.          0.          0.60284728 -0.16067526]
 [-0.15406143  5.61757257  0.          0.         -0.04954276  0.29254673]
 [-0.8073586  -4.07676617  0.          0.         -1.52938918  0.44091593]
 [-0.86753437 -4.0368995  -0.07270041  0.         -0.33385186  0.15049429]
 [-0.86175828 -4.13292028  0.          0.         -0.55116726  0.31192091]
 [-0.9247461  -4.01712632  0.          0.         -0.03484404  0.22070706]
 [-0.20255667  5.72833604  0.          0.          0.56804191 -0.1635861 ]
 [-0.96350185 -3.96227307  0.          0.          0.64237432 -0.15345341]]
[04/03/2022, 01:25:50] computing sampling shap 4035:4045 within 64.8809 sec, 6.2963 on average
[04/03/2022, 01:25:50] instances left: 569
[04/03/2022, 01:25:50] estimating time left: 0:59:42.594700

[[ 4.11756302e+00  2.76029593e+00 -5.70631054e-04  0.00000000e+00
   1.96613287e-01  6.96218970e-02]
 [-6.12738447e-01 -4.21886937e+00 -1.09067842e-01  0.00000000e+00
  -1.23025347e+00  1.42017822e-01]
 [-9.17786239e-01 -3.98327827e+00  0.00000000e+00  0.00000000e+00
   2.08442125e-01 -1.16110749e-01]
 [-6.86432858e-01 -4.33221537e+00  0.00000000e+00  0.00000000e+00
  -1.57821054e+00 -2.23971051e-01]
 [-2.71580181e-01  5.97476159e+00 -1.04542599e-01  0.00000000e+00
  -8.50071913e-01 -2.77796473e-01]
 [-9.18289049e-01 -4.01777663e+00  0.00000000e+00  0.00000000e+00
  -1.18461001e-01  6.14288590e-02]
 [-1.84202711e-01  5.59743617e+00  0.00000000e+00  0.00000000e+00
   3.70789356e-01 -1.95794436e-01]
 [ 4.00485927e+00  2.83859234e+00  0.00000000e+00  0.00000000e+00
  -1.19111843e+00  3.85432988e-01]
 [-1.34479691e-01  5.69886908e+00  0.00000000e+00  0.00000000e+00
  -8.32995610e-01 -1.85162364e-01]
 [-1.36146204e-01  5.76825821e+00  0.00000000e+00  0.00000000e+00
  -7.57352913e-01 -9.41268361e-02]]
[04/03/2022, 01:26:49] computing sampling shap 4045:4055 within 59.6105 sec, 6.2803 on average
[04/03/2022, 01:26:49] instances left: 559
[04/03/2022, 01:26:49] estimating time left: 0:58:30.687700

[[ 4.76463281e+00  2.91366849e+00  0.00000000e+00  0.00000000e+00
   5.37421253e-01  7.60692996e-02]
 [-2.42696755e-01  5.72255217e+00  0.00000000e+00  0.00000000e+00
   2.40422974e-01  2.70987513e-01]
 [-1.65561489e-01  5.73751711e+00  0.00000000e+00  0.00000000e+00
  -6.27446750e-01  5.76134280e-01]
 [-9.56127508e-01 -3.98563839e+00  0.00000000e+00  0.00000000e+00
   2.27052907e-01 -1.50269975e-01]
 [-1.02960813e+00 -3.80087085e+00 -1.57353830e-01  0.00000000e+00
  -6.67203685e-04  2.43425289e-01]
 [-9.50496115e-01 -3.99536905e+00 -1.85905037e-01  0.00000000e+00
  -2.62516455e-01 -9.76511546e-02]
 [-3.31852980e-01  5.86360842e+00 -7.22469779e-02  0.00000000e+00
  -5.57205268e-02 -1.51821520e-01]
 [-9.95090458e-01 -3.83922742e+00 -1.78423195e-01  0.00000000e+00
  -5.11181731e-01  6.45412495e-02]
 [-1.04716651e+00 -3.76751536e+00 -7.08917129e-02  0.00000000e+00
  -4.95525675e-01  8.84631722e-01]
 [-3.39241220e-01  5.76551761e+00  0.00000000e+00  0.00000000e+00
  -2.59651090e-01  2.97123862e-01]]
[04/03/2022, 01:27:49] computing sampling shap 4055:4065 within 60.3322 sec, 6.2691 on average
[04/03/2022, 01:27:49] instances left: 549
[04/03/2022, 01:27:49] estimating time left: 0:57:21.735900

[[-0.91792041 -3.92351198 -0.13533792  0.         -0.05812244  0.3610343 ]
 [-0.9654316  -3.91235098  0.          0.         -0.15321687  0.03043532]
 [ 4.01501445  2.91130766  0.          0.          0.22633524 -0.06244366]
 [ 8.45727416 -1.7548291   0.          0.          0.58083636 -0.14962286]
 [-0.15298551  5.56624694  0.          0.          0.68837685 -0.17140301]
 [-1.06524997 -3.71886385 -0.16683306  0.          0.72083449 -0.10211633]
 [-1.20938626 -3.76538875 -0.07439486  0.         -0.51022269 -0.11257019]
 [-0.90573097 -3.97681313  0.          0.          0.60754414 -0.07518031]
 [-0.73993375 -3.97638578 -0.2329049   0.         -0.08399075  0.18251344]
 [-0.87493768 -4.03146902 -0.12913109  0.         -0.73561    -0.21749036]]
[04/03/2022, 01:28:55] computing sampling shap 4065:4075 within 65.5812 sec, 6.2817 on average
[04/03/2022, 01:28:55] instances left: 539
[04/03/2022, 01:28:55] estimating time left: 0:56:25.836300

[[-0.15671882  5.5739033   0.          0.         -0.26343001  0.32925503]
 [-0.17876461  5.5835276   0.          0.          0.72669946 -0.20122712]
 [-0.88998346 -3.98294161 -0.07525551  0.         -1.26354704 -0.21240205]
 [-0.90936309 -4.05292103 -0.07240496  0.         -0.03232898 -0.11603321]
 [-0.18631797  5.7608747  -0.10545089  0.         -0.50959376  0.07985006]
 [-0.78024449 -4.19480346  0.          0.         -0.13105636 -0.17479665]
 [-1.05348922 -3.96277576  0.          0.         -0.0608058  -0.14262967]
 [-1.12709756 -3.7448676  -0.07269442  0.         -0.78152208 -0.00689554]
 [-1.0957325  -3.92281592  0.          0.         -0.23844717  0.46184058]
 [-1.00071356 -3.84200788  0.          0.          0.55349908 -0.04300648]]
[04/03/2022, 01:29:55] computing sampling shap 4075:4085 within 60.0405 sec, 6.2701 on average
[04/03/2022, 01:29:55] instances left: 529
[04/03/2022, 01:29:55] estimating time left: 0:55:16.882900

[[-0.08687709  5.67426469 -0.13293067  0.          0.66859754 -0.12880997]
 [-0.33385668  5.84164809  0.          0.          0.60261701 -0.18017346]
 [-1.10865926 -3.84705804 -0.07175126  0.          0.77429695 -0.16056891]
 [-0.81378231 -3.97574624 -0.0731087   0.         -0.63299441 -0.17633097]
 [-0.18176102  5.65356007  0.          0.         -0.04740044  0.17372726]
 [-1.09933947 -3.864616    0.          0.         -0.10624896 -0.06858027]
 [-0.22662651  5.73603339  0.          0.         -0.54286326 -0.09150732]
 [-0.90631829 -3.91855507 -0.18854439  0.          0.26780556 -0.07218208]
 [-0.12827081  5.67683806 -0.10772156  0.          0.28509852 -0.17407232]
 [-0.73163633 -4.11360953 -0.07097075  0.         -0.36073042 -0.21499053]]
[04/03/2022, 01:30:54] computing sampling shap 4085:4095 within 59.3429 sec, 6.2567 on average
[04/03/2022, 01:30:54] instances left: 519
[04/03/2022, 01:30:54] estimating time left: 0:54:07.227300

[[-1.10325888e+00 -3.67597870e+00 -1.44653760e-01  0.00000000e+00
  -1.42398096e-01 -4.94165312e-03]
 [-8.31295368e-01 -3.87366744e+00 -1.73021735e-01  0.00000000e+00
   2.63604555e-01 -3.07063475e-01]
 [-9.14398227e-01 -4.02703776e+00 -1.24379306e-01  0.00000000e+00
  -7.35878835e-01 -5.46143249e-02]
 [-8.91495497e-01 -3.80152816e+00 -1.86981611e-01  0.00000000e+00
   6.55683252e-01 -1.89418518e-01]
 [-8.35573939e-01 -3.91117557e+00 -7.66939598e-02  0.00000000e+00
   5.96301663e-01 -1.42431851e-01]
 [ 4.92565914e+00  3.00560336e+00 -7.62400373e-02  0.00000000e+00
  -2.48203154e-01 -7.81627537e-02]
 [-8.93775694e-01 -4.08408354e+00 -7.35649754e-02  0.00000000e+00
   7.79440453e-01 -1.07486529e-01]
 [-8.72970405e-01 -3.88981299e+00 -1.97159935e-01  0.00000000e+00
   2.48904423e-01  2.19722209e-02]
 [-3.24697117e-01  5.78846047e+00  0.00000000e+00  0.00000000e+00
  -1.74631117e-02  2.97068692e-01]
 [-1.27822665e-01  5.57839102e+00  0.00000000e+00  0.00000000e+00
  -1.59410663e-02 -1.82660374e-01]]
[04/03/2022, 01:32:04] computing sampling shap 4095:4105 within 69.2223 sec, 6.2823 on average
[04/03/2022, 01:32:04] instances left: 509
[04/03/2022, 01:32:04] estimating time left: 0:53:17.690700

[[-0.80718912 -3.96209169 -0.07421759  0.         -0.82334272  0.03448164]
 [-1.06804299 -3.83795276 -0.07455087  0.         -0.57218124  0.33876366]
 [-0.88877682 -4.0505965   0.          0.          0.70922244 -0.20670304]
 [-1.07419088 -3.73428486 -0.1247662   0.          0.22190619 -0.17836302]
 [-0.23330249  2.77854829  2.9259301   0.         -0.0357422  -0.07801725]
 [-1.2334459  -3.65870712  0.          0.         -0.34804506  0.40876065]
 [-0.94302263 -4.01034639  0.          0.         -0.0720907   0.09765134]
 [-0.96120609 -3.86944234 -0.17492035  0.          0.30674849 -0.12508713]
 [-0.95097558 -3.89260408  0.          0.          0.61482114 -0.20809555]
 [-0.21988284  5.72450761  0.          0.          0.59212779 -0.16651724]]
[04/03/2022, 01:33:04] computing sampling shap 4105:4115 within 60.3627 sec, 6.2732 on average
[04/03/2022, 01:33:04] instances left: 499
[04/03/2022, 01:33:04] estimating time left: 0:52:10.326800

[[-0.19536593  5.80117121 -0.10694268  0.          0.57299876 -0.0677201 ]
 [-0.21340973  5.7744619   0.          0.         -1.55252608  0.11565308]
 [-0.99337577 -3.78864213 -0.18052912  0.         -0.65402893  0.31521666]
 [-0.7596415  -3.96824638 -0.17124641  0.          0.69152913 -0.22924906]
 [ 4.00684924  3.01350045 -0.07959001  0.          0.05118947 -0.20624791]
 [-0.68747668 -4.15761697 -0.11495191  0.         -0.03538279  0.06761934]
 [-0.26668827  5.69888879  0.          0.         -0.31313616 -0.22840094]
 [-0.95461809 -3.85698132 -0.18850764  0.          0.2824066   0.20848646]
 [-0.83354888 -4.09235022  0.          0.         -1.65374846  0.0895038 ]
 [-0.24553368  5.74949584  0.          0.         -0.63781717  0.31742563]]
[04/03/2022, 01:34:05] computing sampling shap 4115:4125 within 61.2769 sec, 6.268 on average
[04/03/2022, 01:34:05] instances left: 489
[04/03/2022, 01:34:05] estimating time left: 0:51:05.052000

[[-0.94451415 -4.00961636 -0.12162524  0.         -1.55391586 -0.01940132]
 [-0.20613354  5.72299871  0.          0.          0.59790642 -0.09593739]
 [-1.17512824 -3.78129473  0.          0.          0.62790433  0.02906654]
 [-0.99862562 -3.94456891  0.          0.         -0.12386728 -0.09383581]
 [-0.56523243 -2.07203813  7.9344882   0.         -0.2937676   0.18508578]
 [-0.86359214 -4.06459679 -0.07417703  0.         -0.51799732  0.54740105]
 [-0.1919758   5.86742658  0.          0.         -1.59319269 -0.18921565]
 [ 4.17193831  2.77558457 -0.07794958  0.         -0.1940319   0.07346613]
 [-0.75209469 -4.08749204  0.          0.          0.61129651 -0.12189011]
 [-0.23700838  5.79845448 -0.07059696  0.         -0.70697167  0.2086474 ]]
[04/03/2022, 01:35:06] computing sampling shap 4125:4135 within 60.8874 sec, 6.2618 on average
[04/03/2022, 01:35:06] instances left: 479
[04/03/2022, 01:35:06] estimating time left: 0:49:59.402200

[[-1.09736770e+00 -3.79435218e+00  0.00000000e+00  0.00000000e+00
   2.11544162e-01 -1.84807292e-01]
 [-7.55436728e-01 -4.16105453e+00 -1.18885554e-01  0.00000000e+00
   3.32577799e-01 -1.47761634e-02]
 [-8.73193927e-01 -4.11713701e+00 -7.42106659e-02  0.00000000e+00
  -3.16688849e-01 -2.36521917e-01]
 [-1.57487599e-01  5.61730803e+00  0.00000000e+00  0.00000000e+00
  -3.78943800e-03 -1.72984304e-01]
 [-1.09848619e+00 -3.88662590e+00  0.00000000e+00  0.00000000e+00
   2.56336225e-01 -1.60922596e-01]
 [-8.84407563e-01 -4.02442717e+00  0.00000000e+00  0.00000000e+00
  -1.15593770e-01  3.20424251e-01]
 [-1.20196163e-01  5.76746587e+00 -6.70498729e-02  0.00000000e+00
   5.37855822e-01 -1.87840773e-01]
 [-1.07845767e+00 -3.89861319e+00  0.00000000e+00  0.00000000e+00
  -8.09154100e-02 -1.32448229e-02]
 [-8.85698380e-01 -3.97849176e+00 -7.05513600e-02  0.00000000e+00
   6.68184769e-01 -1.70297472e-01]
 [-8.59356017e-01 -3.93220235e+00 -1.75028563e-01  0.00000000e+00
  -1.16959473e-01 -1.72290993e-01]]
[04/03/2022, 01:36:10] computing sampling shap 4135:4145 within 64.2875 sec, 6.2674 on average
[04/03/2022, 01:36:10] instances left: 469
[04/03/2022, 01:36:10] estimating time left: 0:48:59.410600

[[-1.25270226e+00 -3.64115536e+00 -7.29455677e-02  0.00000000e+00
   2.21793697e-01 -1.44689284e-01]
 [ 3.91012208e+00  2.84039644e+00 -7.82549116e-04  0.00000000e+00
   5.84407247e-01 -2.51649417e-02]
 [-1.13807736e-01  5.65837972e+00  0.00000000e+00  0.00000000e+00
  -7.99670075e-02  3.05541506e-01]
 [-9.90662417e-01 -3.90829075e+00  0.00000000e+00  0.00000000e+00
  -8.44415722e-01  1.71347173e-02]
 [ 4.05022206e+00  2.85732432e+00  0.00000000e+00  0.00000000e+00
   4.99807144e-01 -1.70339192e-01]
 [-9.20320891e-01 -4.01033625e+00  0.00000000e+00  0.00000000e+00
  -7.20008220e-01 -1.55528311e-01]
 [-7.55653081e-01 -4.14595912e+00  0.00000000e+00  0.00000000e+00
  -1.52423334e+00  3.71077691e-01]
 [ 4.29699249e+00  2.67126696e+00  0.00000000e+00  0.00000000e+00
  -2.68170880e-01 -7.49712791e-02]
 [-4.04894706e-01  6.00684957e+00 -1.14681909e-01  0.00000000e+00
   6.16073407e-01 -8.45125046e-02]
 [-9.73860574e-01 -3.90671041e+00 -7.21578845e-02  0.00000000e+00
   6.86653015e-01 -1.70777825e-01]]
[04/03/2022, 01:37:12] computing sampling shap 4145:4155 within 62.0097 sec, 6.2653 on average
[04/03/2022, 01:37:12] instances left: 459
[04/03/2022, 01:37:12] estimating time left: 0:47:55.772700

[[-2.62881938e-01  5.73161505e+00  0.00000000e+00  0.00000000e+00
  -1.75793290e-02  4.25258674e-02]
 [-9.84156762e-01 -3.91704785e+00 -7.57864307e-02  0.00000000e+00
   7.15727787e-01 -4.72865988e-02]
 [-1.08554793e+00 -3.74789369e+00 -7.44344245e-02  0.00000000e+00
  -1.06313319e+00  4.00846705e-01]
 [-9.65581104e-01 -4.02408703e+00  0.00000000e+00  0.00000000e+00
   1.09936054e-03  2.61113826e-01]
 [-8.93136156e-01 -3.84558275e+00 -2.22180554e-01  0.00000000e+00
  -1.48115656e+00  2.93710979e-01]
 [-8.00492631e-01 -3.98483011e+00 -1.37603944e-01  0.00000000e+00
   6.61532717e-01 -1.52346786e-01]
 [-5.34557021e-01 -1.87118288e+00  7.74120024e+00  0.00000000e+00
   6.78112823e-01 -9.81868075e-02]
 [-8.69640293e-01 -4.10563392e+00 -3.91286576e-04  0.00000000e+00
   7.19615354e-01 -1.80803600e-01]
 [-2.78990020e-01  5.77639120e+00  0.00000000e+00  0.00000000e+00
   2.70968770e-01 -1.14332202e-01]
 [-1.16971353e+00 -3.70483901e+00  0.00000000e+00  0.00000000e+00
   6.47216431e-01 -2.09517619e-01]]
[04/03/2022, 01:38:15] computing sampling shap 4155:4165 within 62.9191 sec, 6.2661 on average
[04/03/2022, 01:38:15] instances left: 449
[04/03/2022, 01:38:15] estimating time left: 0:46:53.478900

[[-8.16236625e-01 -4.02582183e+00 -1.78591814e-01  0.00000000e+00
   7.25587055e-01 -8.44069686e-02]
 [-7.66049080e-01 -4.06540022e+00 -7.20812638e-02  0.00000000e+00
  -1.18239962e-01  8.22737375e-02]
 [-2.85346871e-01  5.81424031e+00  0.00000000e+00  0.00000000e+00
  -5.03566161e-02 -1.95490203e-01]
 [-8.59350283e-01 -3.94286231e+00 -6.90482742e-02  0.00000000e+00
   6.67760813e-01 -2.33353862e-01]
 [-9.15271922e-01 -4.02952324e+00  0.00000000e+00  0.00000000e+00
   6.57640694e-01 -1.49699229e-01]
 [-1.05070806e+00 -3.81795039e+00 -1.10488117e-01  0.00000000e+00
  -6.08357879e-01  5.88601375e-01]
 [-7.58148647e-01 -3.92595779e+00 -2.09269883e-01  0.00000000e+00
   6.47950052e-01 -1.91427881e-01]
 [ 4.16645285e+00  2.83329072e+00  0.00000000e+00  0.00000000e+00
  -4.53862699e-03 -2.09503811e-01]
 [ 4.09343349e+00  2.77128424e+00 -8.05973137e-04  0.00000000e+00
  -3.59202721e-01  1.51393575e-01]
 [ 4.07667535e+00  2.72686862e+00  0.00000000e+00  0.00000000e+00
   5.80253611e-01 -1.93026490e-01]]
[04/03/2022, 01:39:17] computing sampling shap 4165:4175 within 61.8195 sec, 6.2635 on average
[04/03/2022, 01:39:17] instances left: 439
[04/03/2022, 01:39:17] estimating time left: 0:45:49.676500

[[-0.97325431 -3.94440928  0.          0.         -0.64600056 -0.27142014]
 [-0.90162679 -4.10933258  0.          0.         -0.7996435  -0.24435742]
 [-1.06157367 -3.84943217 -0.07268085  0.         -0.03146862  0.25914572]
 [-1.09639222 -3.97793209  0.          0.         -1.15480038 -0.18788602]
 [-1.2171706  -3.64316318 -0.15463961  0.          0.2752021  -0.08413599]
 [-0.82806377 -3.99879226 -0.06950431  0.          0.61977247 -0.16026607]
 [-0.28402578  5.79389088 -0.06922233  0.          0.66659807 -0.17700587]
 [-0.24921681  5.74901551 -0.06881616  0.         -0.426866    0.42812281]
 [-0.80057697 -4.194518    0.          0.         -0.04105916 -0.10263011]
 [-0.88701223 -4.14147068  0.          0.         -0.54806366 -0.2585376 ]]
[04/03/2022, 01:40:18] computing sampling shap 4175:4185 within 61.1215 sec, 6.2591 on average
[04/03/2022, 01:40:18] instances left: 429
[04/03/2022, 01:40:18] estimating time left: 0:44:45.153900

[[-1.49152880e-01  5.61874864e+00  0.00000000e+00  0.00000000e+00
   2.78120993e-01 -2.30551425e-02]
 [-1.70163732e-01  5.63671085e+00  0.00000000e+00  0.00000000e+00
   5.95072693e-01  7.17677026e-03]
 [-8.60751277e-01 -4.04219249e+00  0.00000000e+00  0.00000000e+00
  -4.60762229e-01 -2.54046371e-01]
 [-2.64093664e-01  5.73344439e+00  0.00000000e+00  0.00000000e+00
   6.49370091e-01 -1.59355989e-01]
 [-6.95549302e-01 -4.11359656e+00 -7.01870344e-02  0.00000000e+00
  -1.60430785e+00  1.79971103e-01]
 [-5.43291709e-01 -1.88208589e+00  7.78826875e+00  0.00000000e+00
   7.08949914e-01 -1.56454548e-01]
 [-1.02571373e+00 -4.03019662e+00  0.00000000e+00  0.00000000e+00
   3.48219866e-01  1.86239787e-02]
 [-9.97578109e-01 -3.81934613e+00 -4.04634429e-04  0.00000000e+00
   5.95398351e-01 -2.14923419e-01]
 [-7.43603143e-01 -3.84584720e+00 -2.42275062e-01  0.00000000e+00
   6.41484449e-01 -1.79332590e-01]
 [-8.43190622e-01 -3.96464706e+00 -1.65354054e-01  0.00000000e+00
   2.38767238e-01  4.21392354e-01]]
[04/03/2022, 01:41:18] computing sampling shap 4185:4195 within 59.9942 sec, 6.2517 on average
[04/03/2022, 01:41:18] instances left: 419
[04/03/2022, 01:41:18] estimating time left: 0:43:39.462300

[[-0.32119491  5.75071843  0.          0.         -0.70263732 -0.21557012]
 [-0.69219213 -4.18085933 -0.07287933  0.          0.7135444  -0.14708361]
 [-0.83871504 -3.74005758 -0.36309486  0.         -0.38221703  0.01490613]
 [-1.03493761 -3.63152889 -0.22110418  0.         -0.54333511  0.30358552]
 [ 4.15809688  2.89751077  0.          0.         -0.63381979  0.03287431]
 [-0.25322395  5.73717448  0.          0.          0.62923504 -0.15382073]
 [-0.87755598 -4.01817596  0.          0.          0.67863345 -0.21975538]
 [ 5.12210531  2.78929846  0.          0.         -1.36799278 -0.14996988]
 [-1.0657715  -4.10776749  0.          0.         -0.46584969 -0.19569559]
 [-0.96962631 -3.97715145 -0.11415792  0.         -0.37193825  0.38164659]]
[04/03/2022, 01:42:24] computing sampling shap 4195:4205 within 65.2288 sec, 6.2592 on average
[04/03/2022, 01:42:24] instances left: 409
[04/03/2022, 01:42:24] estimating time left: 0:42:40.012800

[[ 4.10608249e+00  2.86048417e+00  0.00000000e+00  0.00000000e+00
  -3.91382603e-02  1.77807741e-01]
 [-9.25469567e-02  5.61901345e+00 -6.97529417e-02  0.00000000e+00
   3.07226129e-01 -8.57234560e-02]
 [-1.91672482e-01  5.69886858e+00 -6.96617123e-02  0.00000000e+00
  -2.55908136e-02  2.96730542e-01]
 [-1.00721556e+00 -3.85193532e+00  0.00000000e+00  0.00000000e+00
  -1.70803882e-01 -2.84671951e-01]
 [-8.92733847e-01 -3.85217081e+00 -1.67890797e-01  0.00000000e+00
  -6.81787909e-01  1.66832975e-01]
 [-7.22761631e-01 -4.24155518e+00 -1.06864466e-01  0.00000000e+00
  -2.63732189e-01 -6.14065928e-04]
 [-9.37205174e-02  5.59141876e+00  0.00000000e+00  0.00000000e+00
  -4.98339561e-02  2.60809660e-01]
 [-1.79318897e-01  5.53619313e+00  0.00000000e+00  0.00000000e+00
  -6.75833409e-01 -1.89615229e-01]
 [-1.07931709e+00 -3.99016433e+00  0.00000000e+00  0.00000000e+00
   3.74956445e-01 -1.70457885e-01]
 [-9.46118659e-01 -4.01399722e+00 -1.19123022e-01  0.00000000e+00
  -2.74483395e-01 -2.05500195e-01]]
[04/03/2022, 01:43:24] computing sampling shap 4205:4215 within 60.1805 sec, 6.2527 on average
[04/03/2022, 01:43:24] instances left: 399
[04/03/2022, 01:43:24] estimating time left: 0:41:34.827300

[[-9.32561120e-01 -3.97610820e+00  0.00000000e+00  0.00000000e+00
   2.37196208e-01  1.03657876e-01]
 [-2.93032154e-01  5.82693419e+00 -7.17189986e-02  0.00000000e+00
  -3.16253902e-01 -1.57539514e-01]
 [ 8.73841037e+00  8.75819570e+00 -1.17849895e-01  0.00000000e+00
  -2.81045171e-01 -1.68274896e-01]
 [-3.15789958e-01  5.81412035e+00  0.00000000e+00  0.00000000e+00
   2.76366103e-01 -1.07192522e-01]
 [-1.06359495e+00 -3.95016341e+00  0.00000000e+00  0.00000000e+00
   6.08371421e-03  7.22319050e-02]
 [ 4.15370936e+00  2.87839875e+00 -1.24644021e-01  0.00000000e+00
   2.34649360e-01 -1.42701289e-01]
 [-8.64571236e-01 -3.97090280e+00 -1.50544453e-01  0.00000000e+00
  -9.12828073e-02 -2.81236945e-02]
 [-9.81668966e-01 -3.71357533e+00 -1.10140010e-01  0.00000000e+00
   6.00051060e-01 -2.08407548e-01]
 [-2.08110326e-01  5.76462124e+00  0.00000000e+00  0.00000000e+00
  -1.10147731e-01 -2.32947439e-01]
 [ 4.31484947e+00  2.77776374e+00 -7.91723621e-02  0.00000000e+00
  -7.10694965e-01  1.44770466e-01]]
[04/03/2022, 01:44:28] computing sampling shap 4215:4225 within 63.8071 sec, 6.2561 on average
[04/03/2022, 01:44:28] instances left: 389
[04/03/2022, 01:44:28] estimating time left: 0:40:33.622900

[[-0.8702794  -3.96318645 -0.07261781  0.          0.67449467 -0.14788123]
 [-0.90630202 -4.10255719  0.          0.         -0.01331086  0.16849747]
 [ 4.15257487  2.98283292 -0.19248115  0.          0.01867561 -0.12123634]
 [-0.95745937 -3.77070961 -0.13166344  0.          0.6044642  -0.18148579]
 [-0.32426293 -1.94542402  7.45365408  0.          0.03810282 -0.08215152]
 [-0.14710775  5.74259778 -0.06830807  0.         -1.20761215 -0.26563541]
 [-0.21683992  5.79468911  0.          0.          0.22418498 -0.1479962 ]
 [-0.20499693  5.71879533  0.          0.         -0.09841499  0.38571267]
 [-0.82255252 -4.01584005 -0.17445389  0.         -0.24357251  0.50395263]
 [-0.76920046 -4.10055449 -0.07372984  0.         -1.19121123  1.05122114]]
[04/03/2022, 01:45:29] computing sampling shap 4225:4235 within 61.1037 sec, 6.2523 on average
[04/03/2022, 01:45:29] instances left: 379
[04/03/2022, 01:45:29] estimating time left: 0:39:29.621700

[[-0.95563033 -4.04679702  0.          0.          0.26165938  0.39307319]
 [-0.15501595  5.71733998  0.          0.         -0.74975544 -0.01899556]
 [-0.71404891 -4.23069552 -0.11258769  0.         -0.21311129  0.25891053]
 [-0.96504518 -3.8628168  -0.18915973  0.          0.31867491 -0.12556053]
 [-1.01672208 -3.88631398 -0.07408845  0.          0.308948    0.18007362]
 [-0.18961664  5.64596857  0.          0.          0.65178541 -0.17790192]
 [ 4.72391382  2.94011244  0.          0.          0.51998628 -0.12770041]
 [-0.93310119 -3.98218968 -0.07528079  0.         -0.61160038  0.52829753]
 [-0.81403747 -3.99490951 -0.15658547  0.         -0.083421    0.0558554 ]
 [ 4.05611952  2.85788007  0.          0.         -0.54154548  0.59207684]]
[04/03/2022, 01:46:30] computing sampling shap 4235:4245 within 60.8905 sec, 6.2483 on average
[04/03/2022, 01:46:30] instances left: 369
[04/03/2022, 01:46:30] estimating time left: 0:38:25.622700

[[-9.41536572e-01 -4.03274953e+00 -7.21292692e-02  0.00000000e+00
  -1.49682173e+00 -2.51909934e-01]
 [-2.02374444e-01  5.66636903e+00 -7.14239865e-02  0.00000000e+00
   6.99654738e-01 -8.80839760e-02]
 [-2.79499122e-01  5.75632872e+00  0.00000000e+00  0.00000000e+00
  -2.81360612e-02  1.24510317e-01]
 [-8.73295955e-01 -3.84177972e+00 -2.66374441e-01  0.00000000e+00
  -8.37663562e-01 -2.37087619e-01]
 [-1.01910821e+00 -3.98141197e+00  0.00000000e+00  0.00000000e+00
   7.43670077e-01 -1.22619855e-01]
 [-8.46442656e-01 -4.04701726e+00 -7.70144770e-02  0.00000000e+00
  -7.02687531e-01  2.45412033e-01]
 [-8.95140506e-01 -4.09672342e+00  0.00000000e+00  0.00000000e+00
   3.06762979e-01 -3.96539885e-03]
 [-8.46209026e-02  5.58522740e+00 -7.14439237e-02  0.00000000e+00
   6.75819756e-01 -1.74747050e-01]
 [ 4.01093431e+00  3.06579658e+00  0.00000000e+00  0.00000000e+00
  -6.27400377e-02 -9.28232990e-02]
 [ 4.21299611e+00  2.84466139e+00 -1.54619319e-01  0.00000000e+00
   4.60680757e-01 -5.47406499e-02]]
[04/03/2022, 01:47:32] computing sampling shap 4245:4255 within 62.3898 sec, 6.248 on average
[04/03/2022, 01:47:32] instances left: 359
[04/03/2022, 01:47:32] estimating time left: 0:37:23.032000

[[-0.13973742  5.61277824  0.          0.          0.65126311 -0.16493917]
 [-0.16413609  5.78390969 -0.07079824  0.         -0.35026143  0.28159703]
 [-0.22921702  6.01658453 -0.07008297  0.         -1.39095929  0.45507188]
 [-0.96837972 -3.91046989 -0.19108929  0.         -0.28151263 -0.26630069]
 [-0.11188359  5.59474976 -0.06869621  0.         -0.29522591 -0.09196077]
 [-0.98727243 -3.87141196 -0.07473812  0.         -0.68377506  0.38062065]
 [-0.19973036  5.79503485 -0.06993356  0.         -0.7945025  -0.19225085]
 [-1.07460296 -3.85914149 -0.0750963   0.          0.74945014 -0.17746357]
 [-0.19390869  5.67482933  0.          0.          0.30464293 -0.13152561]
 [-0.78491089 -4.03164535 -0.07041727  0.         -1.64722998  0.01149056]]
[04/03/2022, 01:48:33] computing sampling shap 4255:4265 within 61.3697 sec, 6.2454 on average
[04/03/2022, 01:48:33] instances left: 349
[04/03/2022, 01:48:33] estimating time left: 0:36:19.644600

[[-0.16709351  5.56299755  0.          0.          0.57230384  0.20569681]
 [-1.14853226 -3.81721171  0.          0.         -0.43488343 -0.21712517]
 [-0.77150448 -4.14078216 -0.07195442  0.          0.72477425 -0.17738689]
 [-1.18649796 -3.73370189 -0.07333818  0.         -0.5496484  -0.291898  ]
 [ 4.01224934  3.04574551 -0.12996615  0.          0.18114905 -0.02489217]
 [-0.2521593   5.65545796  0.          0.          0.03636368  0.22161386]
 [ 4.1850474   2.75746378  0.          0.         -0.27638212  0.05638629]
 [-0.98057078 -3.93840827 -0.07571602  0.         -0.09020349 -0.08085372]
 [-0.98996051 -3.85667403  0.          0.         -1.81437225 -0.23350982]
 [-0.67810776 -4.09225449 -0.11153645  0.          0.62041051 -0.1753655 ]]
[04/03/2022, 01:49:36] computing sampling shap 4265:4275 within 62.7587 sec, 6.2461 on average
[04/03/2022, 01:49:36] instances left: 339
[04/03/2022, 01:49:36] estimating time left: 0:35:17.427900

[[-2.01568610e-01  5.69080168e+00  0.00000000e+00  0.00000000e+00
   2.77192043e-01 -1.52076192e-01]
 [-7.63855176e-01 -3.92874411e+00 -2.26041022e-01  0.00000000e+00
  -4.72269453e-01  6.68968396e-01]
 [-9.87326851e-01 -3.81041749e+00 -1.63919362e-01  0.00000000e+00
   7.05481134e-01 -1.57557780e-01]
 [-1.03909002e+00 -3.96739165e+00  0.00000000e+00  0.00000000e+00
   7.54281921e-01 -1.61540622e-01]
 [ 4.17442834e+00  2.67874638e+00 -4.04635160e-04  0.00000000e+00
  -1.50034570e-02  2.23864331e-01]
 [-8.54795499e-01 -3.89621747e+00 -2.50094558e-01  0.00000000e+00
  -6.31114014e-01  4.77094314e-02]
 [ 3.72488690e+00  3.05225941e+00  0.00000000e+00  0.00000000e+00
  -1.55448095e+00  2.73563176e-01]
 [-1.16279772e+00 -3.78541837e+00  0.00000000e+00  0.00000000e+00
  -4.31402250e-01 -3.54518364e-02]
 [-1.02261663e+00 -3.98630043e+00  0.00000000e+00  0.00000000e+00
   7.68720652e-01 -1.73544218e-01]
 [ 4.14188534e+00  2.75229201e+00  0.00000000e+00  0.00000000e+00
  -5.28300702e-01  1.71974574e-01]]
[04/03/2022, 01:50:40] computing sampling shap 4275:4285 within 63.5223 sec, 6.2485 on average
[04/03/2022, 01:50:40] instances left: 329
[04/03/2022, 01:50:40] estimating time left: 0:34:15.756500

[[-0.19530561  5.71959198  0.          0.         -0.32495598  0.24950359]
 [-0.09170095  5.5555934   0.          0.          0.24127529  0.20631987]
 [-1.03628129 -3.8521696  -0.07489468  0.         -0.40082234 -0.25358468]
 [ 3.77642665 13.34867813  0.          0.          0.05401664  0.21807695]
 [-0.31065515 -2.21721583  7.66614666  0.          0.04919275 -0.05069666]
 [-0.32499314  6.03612573  0.          0.         -0.34344149  0.20336541]
 [-0.28610693  5.74082244  0.          0.         -0.74582124 -0.24727608]
 [ 4.32954189  2.6361183   0.          0.         -0.01687565 -0.09398305]
 [-0.96444071 -3.9649368   0.          0.         -0.13524953  0.07358456]
 [-0.34962211  5.95482624 -0.06939582  0.         -0.75112108 -0.23818037]]
[04/03/2022, 01:51:42] computing sampling shap 4285:4295 within 62.5264 sec, 6.2486 on average
[04/03/2022, 01:51:42] instances left: 319
[04/03/2022, 01:51:42] estimating time left: 0:33:13.303400

[[-1.0762728  -3.92931932  0.          0.          0.71528384 -0.08916203]
 [-0.91962339 -3.94904652 -0.11657878  0.          0.72582263 -0.11014767]
 [-0.80978792 -3.98175865  0.          0.          0.56339835 -0.18559207]
 [-1.02123524 -3.79753568 -0.14757793  0.          0.26698738 -0.22208203]
 [-1.03410835 -3.90607771  0.          0.          0.69545169 -0.13473601]
 [-0.26722871  5.95253933  0.          0.         -0.01566775  0.00870257]
 [-0.50964041 -4.42695012  0.          0.          0.25313523 -0.18152753]
 [-0.2768589   5.75918894  0.          0.          0.3009585  -0.09286749]
 [-0.9030415  -4.05725653 -0.07200545  0.         -0.27858012 -0.13888497]
 [-1.02796239 -3.97366882  0.          0.          0.29020533 -0.10636794]]
[04/03/2022, 01:52:44] computing sampling shap 4295:4305 within 62.3386 sec, 6.2483 on average
[04/03/2022, 01:52:44] instances left: 309
[04/03/2022, 01:52:44] estimating time left: 0:32:10.724700

[[-1.04210580e+00 -3.86714985e+00 -1.12920844e-01  0.00000000e+00
  -6.63369898e-01  1.68129861e-01]
 [-4.41703427e-01 -2.03565571e+00  7.73155462e+00  0.00000000e+00
  -3.86043274e-01 -2.33164892e-01]
 [-6.70839201e-01 -4.18453208e+00 -7.12367446e-02  0.00000000e+00
   1.95726019e-01 -7.78512489e-02]
 [-8.48726013e-01 -4.03918684e+00  0.00000000e+00  0.00000000e+00
  -3.69654978e-01  3.13025571e-01]
 [ 4.12103750e+00  2.71533455e+00 -7.93080162e-02  0.00000000e+00
   3.97593979e-01 -1.41827634e-01]
 [ 4.02428306e+00  2.79698635e+00 -6.80706573e-04  0.00000000e+00
  -2.15918282e-01  5.14311957e-01]
 [-1.12127291e+00 -3.89794074e+00  0.00000000e+00  0.00000000e+00
  -5.39896426e-01 -2.29504367e-01]
 [-9.65523015e-01 -4.03509375e+00  0.00000000e+00  0.00000000e+00
   3.17885251e-01 -1.26001433e-01]
 [-1.85169633e-01  5.72058927e+00  0.00000000e+00  0.00000000e+00
  -3.37814797e-01  2.51229609e-01]
 [-2.33284726e-01  5.82441644e+00  0.00000000e+00  0.00000000e+00
  -1.45674198e+00  4.57022383e-01]]
[04/03/2022, 01:53:46] computing sampling shap 4305:4315 within 61.7939 sec, 6.2469 on average
[04/03/2022, 01:53:46] instances left: 299
[04/03/2022, 01:53:46] estimating time left: 0:31:07.823100

[[-1.05952067 -4.0536336   0.          0.          0.08512816  0.17732424]
 [-0.77116608 -4.0526196  -0.07406725  0.         -1.55773217  0.21018071]
 [ 4.01235756  2.80755378  0.          0.          0.52426747 -0.15340776]
 [-0.31515526  5.881943    0.          0.         -0.08734261 -0.10489607]
 [-0.96587672 -3.96047731  0.          0.          0.24510098 -0.2084456 ]
 [-0.6365445  -4.22050064 -0.06992868  0.          0.22259312 -0.18531768]
 [-0.30122065  5.8461937   0.          0.         -0.34511706  0.24897819]
 [ 3.99763272  2.85585344  0.          0.          0.52442601 -0.14089775]
 [-0.15822686  5.64000164  0.          0.          0.64708367 -0.11637977]
 [-1.22314197 -3.67828601 -0.11637375  0.         -0.32899544  0.01126922]]
[04/03/2022, 01:54:48] computing sampling shap 4315:4325 within 61.7061 sec, 6.2453 on average
[04/03/2022, 01:54:48] instances left: 289
[04/03/2022, 01:54:48] estimating time left: 0:30:04.891700

[[-0.49252458 -1.73189049  7.62751812  0.          0.60511133 -0.06524581]
 [-0.85734219 -3.96128912 -0.11537235  0.         -0.62285749  0.63788655]
 [-1.0413916  -3.59571221 -0.22771221  0.          0.55161221  0.01729977]
 [-0.94275795 -3.85519141 -0.07610762  0.          0.634533   -0.17421697]
 [-0.84422671 -3.90847982 -0.17765403  0.         -0.29576031  0.39468357]
 [-1.02023271 -3.860253   -0.07288402  0.         -0.05203973 -0.21429124]
 [-0.17356351  5.69193403  0.          0.         -1.60392893 -0.24210627]
 [ 4.09663219  2.82180135  0.          0.         -0.42199385  0.00812671]
 [-0.22984726  5.76175079  0.          0.          0.22790691  0.06394469]
 [-0.35109079  6.05747051  0.          0.         -0.03013497 -0.10992846]]
[04/03/2022, 01:55:54] computing sampling shap 4325:4335 within 65.8474 sec, 6.2522 on average
[04/03/2022, 01:55:54] instances left: 279
[04/03/2022, 01:55:54] estimating time left: 0:29:04.363800

[[-0.88410085 -3.96832467 -0.11442594  0.         -0.1189593  -0.17002638]
 [-0.86960907 -4.13316009  0.          0.          0.70750494 -0.1415896 ]
 [-0.95135606 -3.96935521  0.          0.          0.66017496 -0.17631741]
 [ 3.9132534   2.84677398  0.          0.          0.55789723 -0.03165008]
 [ 4.64127671 -1.20094554  3.39048139  0.          0.47971939 -0.04699633]
 [-1.06804535 -3.83668714  0.          0.         -0.11748979 -0.0832029 ]
 [-0.80866412 -4.15993107  0.          0.          0.73699449 -0.18213967]
 [-0.98418771 -3.90727685  0.          0.          0.18768473  0.51412419]
 [-0.95587953 -3.9397532  -0.16944926  0.          0.33494439 -0.08765639]
 [-0.12684848  5.7248624  -0.0695118   0.          0.5930452  -0.19131214]]
[04/03/2022, 01:56:58] computing sampling shap 4335:4345 within 63.689 sec, 6.2545 on average
[04/03/2022, 01:56:58] instances left: 269
[04/03/2022, 01:56:58] estimating time left: 0:28:02.460500

[[-0.27876174  5.68909511 -0.07097941  0.         -0.21237484  0.26873499]
 [-1.00216558 -4.01925959  0.          0.          0.33926999  0.11434027]
 [-0.11791473  5.60474809  0.          0.          0.28341725 -0.21837823]
 [-0.39215113  5.90670707  0.          0.          0.61935381 -0.20367489]
 [-0.92131281 -4.05739884 -0.07429906  0.          0.76824094 -0.15208408]
 [-1.05941851 -3.85400692  0.          0.         -0.45412237 -0.12438977]
 [-1.04148316 -3.74975724 -0.11437951  0.          0.65668076 -0.07880943]
 [-0.20046957  5.58563923  0.          0.          0.37975491 -0.21305237]
 [-0.97358714 -4.09333179 -0.07709176  0.          0.41655798  0.00987743]
 [ 4.20030161  2.77325304  0.          0.         -0.53515237  0.40716873]]
[04/03/2022, 01:58:00] computing sampling shap 4345:4355 within 62.3309 sec, 6.2541 on average
[04/03/2022, 01:58:00] instances left: 259
[04/03/2022, 01:58:00] estimating time left: 0:26:59.811900

[[-8.32256509e-01 -4.07940884e+00 -7.38699221e-02  0.00000000e+00
  -9.40355661e-01  2.08698733e-01]
 [-9.24537069e-01 -3.98855565e+00  0.00000000e+00  0.00000000e+00
  -1.33245074e+00  8.04513568e-01]
 [-8.07867084e-01 -4.12014911e+00 -7.32876543e-02  0.00000000e+00
  -7.36919152e-01 -2.81322271e-01]
 [-9.03206491e-01 -3.72739715e+00 -1.98396505e-01  0.00000000e+00
   6.06536329e-01 -1.47110141e-01]
 [-9.00850673e-01 -3.96916865e+00 -1.23639870e-01  0.00000000e+00
  -1.57226312e+00 -5.77635673e-02]
 [-3.51349539e-01  5.95773027e+00 -1.05627268e-01  0.00000000e+00
  -4.73655227e-02 -3.82092450e-03]
 [ 4.13876617e+00  2.79433253e+00 -7.69839048e-02  0.00000000e+00
   4.94910929e-01 -1.60254646e-01]
 [-1.82348328e-01  5.70264013e+00  0.00000000e+00  0.00000000e+00
   5.71682495e-01 -7.94957034e-02]
 [ 3.99737815e+00  2.86876631e+00  0.00000000e+00  0.00000000e+00
   4.96536164e-01  1.47870092e-01]
 [-8.68076954e-01 -4.19395735e+00  0.00000000e+00  0.00000000e+00
   3.16256961e-01 -1.75665849e-01]]
[04/03/2022, 01:59:04] computing sampling shap 4355:4365 within 64.4788 sec, 6.2578 on average
[04/03/2022, 01:59:04] instances left: 249
[04/03/2022, 01:59:04] estimating time left: 0:25:58.192200

[[-9.41338092e-01 -3.86565814e+00 -2.22936814e-01  0.00000000e+00
   3.07096536e-01 -1.98607116e-01]
 [-1.80244188e-01  5.63915843e+00  0.00000000e+00  0.00000000e+00
   6.35709001e-01 -8.21448329e-02]
 [-2.98742172e-01  5.84504573e+00 -7.05438511e-02  0.00000000e+00
   2.81357333e-01 -3.24558729e-02]
 [-1.01073409e+00 -3.98026307e+00  0.00000000e+00  0.00000000e+00
  -3.37440945e-01 -1.21330640e-01]
 [-3.68574233e-01  5.87399815e+00 -6.90247028e-02  0.00000000e+00
   3.72018408e-04 -6.33666475e-02]
 [-9.88196029e-01 -3.75051129e+00 -1.65119543e-01  0.00000000e+00
  -5.66444689e-01  6.06751322e-01]
 [-9.76568408e-01 -4.01115702e+00  0.00000000e+00  0.00000000e+00
   3.05101084e-01  1.98457424e-01]
 [-2.79974154e-01  1.62134636e+01  0.00000000e+00  0.00000000e+00
   5.77205508e-01 -1.55506253e-01]
 [ 8.48889042e+00 -1.80114705e+00 -4.04637854e-04  0.00000000e+00
   6.44768337e-01 -1.67752416e-01]
 [-8.44873302e-01 -4.07523438e+00 -1.13629262e-01  0.00000000e+00
  -5.60292016e-02 -4.90183149e-02]]
[04/03/2022, 02:00:05] computing sampling shap 4365:4375 within 60.8713 sec, 6.2546 on average
[04/03/2022, 02:00:05] instances left: 239
[04/03/2022, 02:00:05] estimating time left: 0:24:54.849400

[[-0.88396276 -3.80242422 -0.1124485   0.         -1.61494023  0.16411217]
 [-0.89607646 -4.03248647  0.          0.          0.25576315  0.18863273]
 [ 4.06036219  2.85093272 -0.07781772  0.          0.55086271 -0.19356911]
 [-0.2422098   5.73549226  0.          0.         -0.53804508  0.53689192]
 [-1.01330879 -4.03157718  0.          0.         -0.01829672 -0.15651765]
 [-0.18682038  5.76361764 -0.12385624  0.          0.27195834  0.18780228]
 [-0.77606981 -4.12746377 -0.07609129  0.         -1.63929076 -0.03015717]
 [ 3.97629861  2.86583801  0.          0.          0.54130428 -0.19266997]
 [-0.35619337  5.82818671  0.          0.          0.50597125  0.28174348]
 [-0.26372792  5.79474864  0.          0.          0.22828598 -0.09915534]]
[04/03/2022, 02:01:07] computing sampling shap 4375:4385 within 62.2489 sec, 6.2541 on average
[04/03/2022, 02:01:07] instances left: 229
[04/03/2022, 02:01:07] estimating time left: 0:23:52.188900

[[-0.37391904  5.88476821  0.          0.          0.61040051 -0.1910149 ]
 [-0.94592489 -3.78884745 -0.25153006  0.          0.73738439 -0.18793598]
 [-0.80597957 -3.9093948  -0.14659916  0.          0.19827624 -0.13133132]
 [-1.04932039 -3.80875009 -0.12038529  0.         -0.09293108 -0.06739799]
 [ 4.03128744  2.83516656  0.          0.          0.28372562 -0.08309506]
 [ 4.85842527  2.92951927 -0.08052351  0.          0.48211113 -0.1413979 ]
 [-0.81689118 -4.07563459 -0.16332007  0.          0.37259449  0.14540353]
 [-0.24200419  5.90742653  0.          0.          0.3179191  -0.1842442 ]
 [-0.81890109 -4.1564018   0.          0.         -0.06341249  0.21735931]
 [ 3.95504224  2.84253995  0.          0.          0.55239977 -0.11296768]]
[04/03/2022, 02:02:07] computing sampling shap 4385:4395 within 59.8709 sec, 6.2492 on average
[04/03/2022, 02:02:07] instances left: 219
[04/03/2022, 02:02:07] estimating time left: 0:22:48.574800

[[-8.60796429e-01 -4.12156270e+00  0.00000000e+00  0.00000000e+00
   2.73686660e-01  7.34476326e-02]
 [-9.15498046e-01 -4.02354513e+00  0.00000000e+00  0.00000000e+00
  -8.49983774e-01  2.25692360e-01]
 [ 4.02443640e+00  2.78538776e+00  0.00000000e+00  0.00000000e+00
   5.70320384e-01 -1.89373431e-01]
 [-9.88079520e-01 -3.96191954e+00  0.00000000e+00  0.00000000e+00
   6.72942050e-01 -1.36683707e-01]
 [ 4.10814003e+00  2.72766710e+00  0.00000000e+00  0.00000000e+00
   5.70562079e-01 -2.15598123e-01]
 [ 8.68592042e+00 -1.96553937e+00  0.00000000e+00  0.00000000e+00
  -5.11286046e-01 -2.43431037e-01]
 [ 4.08200117e+00  2.79925288e+00  0.00000000e+00  0.00000000e+00
   5.05292941e-01 -1.49532606e-01]
 [-1.65387306e-01  5.72710483e+00 -1.38696318e-01  0.00000000e+00
  -2.03299691e-02  2.85628218e-01]
 [-9.66558605e-01 -3.81738681e+00  0.00000000e+00  0.00000000e+00
  -1.29750531e+00  1.00249906e+00]
 [-8.76389638e-01 -4.10948754e+00  0.00000000e+00  0.00000000e+00
   1.41788771e-03  1.33757554e-01]]
[04/03/2022, 02:03:09] computing sampling shap 4395:4405 within 61.168 sec, 6.2469 on average
[04/03/2022, 02:03:09] instances left: 209
[04/03/2022, 02:03:09] estimating time left: 0:21:45.602100

[[-0.85406888 -4.0982834   0.          0.         -0.56154011  0.59611148]
 [-1.17444742 -3.82735697  0.          0.         -0.30516454 -0.14148966]
 [-0.96829739 -3.99938996 -0.07473791  0.         -0.06005148 -0.05842082]
 [-0.71106644 -4.13894817 -0.07712916  0.          0.26439181 -0.22694645]
 [-0.89161509  6.59628981 -0.11954809  0.          0.29755368 -0.0752864 ]
 [-0.28285396  5.83069121 -0.0720597   0.         -0.0308545  -0.01611669]
 [ 3.82638305  3.08456147 -0.16562592  0.          0.60786028 -0.05731127]
 [-0.73730686 -4.09290966 -0.11366138  0.         -0.08496765  0.61547772]
 [-0.17773815  5.62868986  0.          0.          0.6811019  -0.20181838]
 [-0.89922878 -3.90386776 -0.11458336  0.         -0.09601436  0.45624331]]
[04/03/2022, 02:04:11] computing sampling shap 4405:4415 within 62.6244 sec, 6.2471 on average
[04/03/2022, 02:04:11] instances left: 199
[04/03/2022, 02:04:11] estimating time left: 0:20:43.172900

[[-9.54749547e-01 -3.85725968e+00  0.00000000e+00  0.00000000e+00
  -6.18548221e-01  2.92090528e-01]
 [-3.33460423e-01  5.77451077e+00  0.00000000e+00  0.00000000e+00
   2.81607329e-01 -1.34429520e-01]
 [-7.95351874e-01 -4.09116635e+00 -1.17132676e-01  0.00000000e+00
  -6.71480479e-02 -2.10101797e-01]
 [-8.86143060e-01 -3.94228537e+00 -7.19190995e-02  0.00000000e+00
   2.34144249e-01 -1.51590169e-01]
 [ 4.00269716e+00  2.90814128e+00 -6.07924081e-04  0.00000000e+00
  -2.02569369e-01 -1.16540213e-01]
 [-1.62365268e-01  5.64119087e+00 -6.95614141e-02  0.00000000e+00
   3.28665964e-01  3.51330529e-03]
 [-1.81311880e-01  5.91949825e+00  0.00000000e+00  0.00000000e+00
  -5.45998650e-02 -1.84444883e-01]
 [ 4.10748526e+00  2.80009772e+00 -6.07915695e-04  0.00000000e+00
   4.53086885e-02 -9.74824360e-02]
 [ 4.05179451e+00  2.82067787e+00  0.00000000e+00  0.00000000e+00
   4.87948054e-01 -1.05477223e-01]
 [-8.12955441e-01 -4.05234250e+00 -1.46982134e-01  0.00000000e+00
   7.88692172e-01 -2.13265943e-01]]
[04/03/2022, 02:05:15] computing sampling shap 4415:4425 within 63.4269 sec, 6.2488 on average
[04/03/2022, 02:05:15] instances left: 189
[04/03/2022, 02:05:15] estimating time left: 0:19:41.023200

[[-0.33298811  5.99014364 -0.07071185  0.         -0.08546639 -0.05141036]
 [-0.21162935  5.61611547  0.          0.         -0.19026518  0.57892589]
 [-1.07759946 -3.79570927 -0.07536997  0.          0.6818212  -0.14688327]
 [-0.20716072  5.70331002  0.          0.         -0.81940076  0.26915246]
 [-0.94987032 -4.09814675 -0.06867242  0.         -0.23590924 -0.20662353]
 [-0.86304799 -4.06647066  0.          0.          0.55734175  0.14782531]
 [-1.04547423 -3.92781521  0.          0.         -0.02341981  0.43925797]
 [-0.95327946 -3.88822654 -0.14924094  0.         -0.28220756  0.23187695]
 [-0.97096974  6.67924039 -0.07533285  0.         -0.01315305 -0.09376468]
 [ 4.19049079  2.75232324 -0.07907422  0.          0.49650769  0.17551686]]
[04/03/2022, 02:06:17] computing sampling shap 4425:4435 within 62.5979 sec, 6.249 on average
[04/03/2022, 02:06:17] instances left: 179
[04/03/2022, 02:06:17] estimating time left: 0:18:38.571000

[[-0.15375748  2.92138809  2.65433134  0.          0.64864486 -0.01203207]
 [ 3.73370283  2.93374666  0.          0.         -1.49723459  0.28318902]
 [ 5.00839101  2.8487444   0.          0.         -1.53751583 -0.08523835]
 [-0.16790134  5.63730641  0.          0.          0.01121354 -0.08494642]
 [-0.85300096 -3.9844816  -0.16043572  0.          0.26081886 -0.05792952]
 [ 4.06350963  2.82875044  0.          0.         -1.63637919 -0.19768462]
 [-1.04124434 -3.72889372 -0.07336489  0.         -1.41074833  0.62988777]
 [-0.84997925 -3.98489895 -0.07715366  0.          0.65092161 -0.15263051]
 [-0.76995873 -4.14347186 -0.07284358  0.          0.71065971 -0.05661403]
 [-0.1475377   5.61315249  0.          0.          0.64671196 -0.18209134]]
[04/03/2022, 02:07:20] computing sampling shap 4435:4445 within 63.147 sec, 6.2501 on average
[04/03/2022, 02:07:20] instances left: 169
[04/03/2022, 02:07:20] estimating time left: 0:17:36.266900

[[-0.23665422  5.76581759  0.          0.          0.2085275  -0.12334227]
 [-0.93511003 -3.89886345 -0.12338482  0.         -0.40323135  0.02506154]
 [ 4.07525241  2.73656284  0.          0.          0.05500794  0.12587846]
 [-0.14583687  5.68876617 -0.06763692  0.          0.61965822 -0.13558592]
 [-0.29254497  5.75851834  0.          0.          0.25976411  0.16377273]
 [-0.38446311  5.92016564  0.          0.          0.57620969 -0.15254766]
 [-0.94365206 -4.14340975  0.          0.         -0.03198711 -0.13678799]
 [-0.84276581 -4.10291453  0.          0.          0.72680121 -0.21797474]
 [-0.12852058  5.59707403  0.          0.          0.62164214 -0.15996026]
 [-1.14232219 -3.62574565 -0.1170797   0.         -0.16638519  0.41215569]]
[04/03/2022, 02:08:22] computing sampling shap 4445:4455 within 62.1019 sec, 6.2494 on average
[04/03/2022, 02:08:22] instances left: 159
[04/03/2022, 02:08:22] estimating time left: 0:16:33.654600

[[-0.88473223 -4.08938242  0.          0.         -0.37453038 -0.21057719]
 [-0.73124464 -4.16817051 -0.07209701  0.          0.29695426  0.20861452]
 [-0.09001981  5.55057884  0.          0.          0.65333552 -0.18365907]
 [-0.86307639 -3.95396682 -0.07418954  0.         -0.76569034 -0.04713591]
 [-0.81746007 -4.12724456 -0.07361666  0.          0.73836987 -0.13378916]
 [-0.99831399 -3.84381663 -0.1126866   0.          0.25931564 -0.16948173]
 [-0.8979908  -3.80692128 -0.22550857  0.          0.25068394 -0.24170698]
 [-0.96420423 -3.92712801 -0.21526179  0.         -0.32216908 -0.18898931]
 [-0.87809687 -3.98559797 -0.0709388   0.         -0.52943797  0.12531383]
 [-0.76890222 -3.9862323  -0.17033474  0.          0.64906304 -0.13733459]]
[04/03/2022, 02:09:24] computing sampling shap 4455:4465 within 61.8659 sec, 6.2484 on average
[04/03/2022, 02:09:24] instances left: 149
[04/03/2022, 02:09:24] estimating time left: 0:15:31.011600

[[-0.76519297 -4.00703008 -0.11916382  0.         -0.79549221 -0.11931448]
 [-0.93551909 -4.0173961   0.          0.         -0.30061693  0.38663972]
 [-0.26538471  5.66283543 -0.073311    0.          0.10787418 -0.11316643]
 [-0.2582391   5.67317975  0.          0.          0.68955276 -0.1742581 ]
 [ 4.62810574  2.93053397  0.          0.          0.58780543 -0.09013289]
 [-0.22852488  5.74026292  0.          0.          0.56579802 -0.1473008 ]
 [-1.11989974 -3.98692668  0.          0.          0.03447688 -0.1473507 ]
 [-0.93805893 -4.04758001 -0.07465863  0.          0.32626628 -0.18741223]
 [-0.80399325 -4.16468427  0.          0.          0.26678615  0.01282499]
 [-1.06094113 -3.88967061 -0.07223956  0.          0.31729125  0.22888611]]
[04/03/2022, 02:10:29] computing sampling shap 4465:4475 within 64.5708 sec, 6.2517 on average
[04/03/2022, 02:10:29] instances left: 139
[04/03/2022, 02:10:29] estimating time left: 0:14:28.986300

[[-0.89332467 -3.89036612 -0.14871082  0.          0.68666542 -0.16800441]
 [-0.21345501  5.74375881  0.          0.         -0.70214327 -0.23730858]
 [-1.02946456 -3.8033558  -0.11756264  0.          0.65956488 -0.12292233]
 [-0.23269064  5.67190251  0.          0.          0.65453006 -0.16350666]
 [-0.34508671  5.84809807  0.          0.         -0.69470186 -0.05015429]
 [ 4.13144996  2.73678782 -0.07913946  0.          0.09123087  0.1047294 ]
 [-0.24913826  5.66050281  0.          0.          0.34441086 -0.20390312]
 [-0.23199535  5.80770569 -0.07305197  0.         -0.03358176  0.12018031]
 [-0.20212283  5.68006183  0.          0.         -0.75824797 -0.25807256]
 [-0.84706965 -4.08849182  0.          0.          0.24734835 -0.13569392]]
[04/03/2022, 02:11:30] computing sampling shap 4475:4485 within 61.3074 sec, 6.2499 on average
[04/03/2022, 02:11:30] instances left: 129
[04/03/2022, 02:11:30] estimating time left: 0:13:26.237100

[[-0.89173031 -3.83851925 -0.17546449  0.         -0.37409572  0.05470136]
 [-0.22846138  5.74956313  0.          0.          0.55843182 -0.06705487]
 [-0.20001863  5.70312907 -0.06797988  0.         -0.50641772 -0.22236861]
 [ 3.54769347  2.9500243  10.67412385  0.         -0.21418658  0.22028049]
 [-0.92976265 -3.84382919 -0.17461825  0.          0.69057492 -0.0925451 ]
 [-0.15177866  5.49012715  0.          0.         -0.41983089 -0.2634683 ]
 [-0.87659419 -3.99594865 -0.15533003  0.         -1.6448626  -0.14809471]
 [-0.24849885  5.79245138 -0.06839882  0.          0.64898942 -0.19430807]
 [-0.90796294 -3.81286094 -0.20711188  0.         -0.36952622 -0.15099639]
 [-0.34581722  5.77010162  0.          0.          0.66718517 -0.16123434]]
[04/03/2022, 02:12:32] computing sampling shap 4485:4495 within 62.263 sec, 6.2495 on average
[04/03/2022, 02:12:32] instances left: 119
[04/03/2022, 02:12:32] estimating time left: 0:12:23.690500

[[-1.73703715e-01  5.53488819e+00  0.00000000e+00  0.00000000e+00
   7.06764717e-01 -1.37713842e-01]
 [-9.40615222e-01 -3.88252691e+00 -1.20245763e-01  0.00000000e+00
  -1.23659372e-01 -4.18386443e-03]
 [-2.06474804e-01  5.96715181e+00 -1.61837891e-01  0.00000000e+00
   2.62536972e-01 -2.01224584e-01]
 [-1.04713012e+00 -3.87597382e+00  0.00000000e+00  0.00000000e+00
   2.24856495e-01  1.37027564e-01]
 [ 4.05634059e+00  2.88458080e+00  0.00000000e+00  0.00000000e+00
   2.01638445e-01 -8.93138591e-02]
 [-1.14006695e+00 -3.84374159e+00  0.00000000e+00  0.00000000e+00
   3.14904283e-01  1.07684569e-01]
 [-2.55773629e-01  5.82380361e+00 -7.00336461e-02  0.00000000e+00
   2.54088150e-01 -1.37735891e-01]
 [-1.84419651e-01  5.62325629e+00  0.00000000e+00  0.00000000e+00
   6.72295053e-01 -1.16886879e-01]
 [-1.04913235e+00 -3.95422070e+00  0.00000000e+00  0.00000000e+00
  -3.08241934e-02  4.76725920e-01]
 [-8.53616203e-01 -4.00426027e+00 -1.39266110e-01  0.00000000e+00
  -3.49494612e-01  1.21528594e-01]]
[04/03/2022, 02:13:35] computing sampling shap 4495:4505 within 62.8129 sec, 6.25 on average
[04/03/2022, 02:13:35] instances left: 109
[04/03/2022, 02:13:35] estimating time left: 0:11:21.250000

[[-9.17135639e-01 -3.98286924e+00 -1.47821892e-01  0.00000000e+00
   7.82702754e-01 -1.48616638e-01]
 [ 4.04483117e+00  2.77993947e+00  0.00000000e+00  0.00000000e+00
   2.42783210e-01  1.51485049e-01]
 [-8.84042630e-01 -3.94650901e+00 -1.70675442e-01 -7.47065430e-02
  -1.46500866e-02 -2.24043022e-01]
 [-2.63736520e-01  5.72058815e+00  0.00000000e+00  0.00000000e+00
   2.61826762e-03  3.42094575e-02]
 [-1.59903935e-01  5.73709544e+00  0.00000000e+00  0.00000000e+00
  -1.24858115e+00 -1.59332088e-01]
 [-9.66099683e-01 -3.95554940e+00  0.00000000e+00  0.00000000e+00
  -3.77916606e-01  2.88032427e-01]
 [-2.11730705e-01  5.76913354e+00  0.00000000e+00  0.00000000e+00
   2.08371956e-01 -2.13902763e-01]
 [-2.73047004e-01  5.65138257e+00  0.00000000e+00  0.00000000e+00
   3.48925253e-01 -3.68393192e-02]
 [-1.09221237e-01  5.50492041e+00  0.00000000e+00  0.00000000e+00
   6.85901568e-01 -1.51365217e-01]
 [-9.04383028e-01 -3.99896861e+00 -1.05999972e-01  0.00000000e+00
  -4.98782405e-01 -4.73241053e-02]]
[04/03/2022, 02:14:37] computing sampling shap 4505:4515 within 61.3575 sec, 6.2483 on average
[04/03/2022, 02:14:37] instances left: 99
[04/03/2022, 02:14:37] estimating time left: 0:10:18.581700

[[-3.64541603e-01  6.00986741e+00 -4.04624502e-04  0.00000000e+00
  -6.68368713e-01 -2.70208309e-01]
 [-1.02166217e+00 -3.94158322e+00  0.00000000e+00  0.00000000e+00
   2.33081056e-01 -9.37430115e-02]
 [-1.34853060e-01  5.55012970e+00  0.00000000e+00  0.00000000e+00
   7.03914210e-01 -1.88955556e-01]
 [-9.48758255e-01 -3.93906289e+00 -6.94059216e-02  0.00000000e+00
  -4.70380947e-01  4.34170138e-01]
 [-2.29074345e-01  5.80144852e+00 -6.74069770e-02  0.00000000e+00
   2.08786298e-01  1.97733719e-01]
 [-8.26836452e-01 -3.89336092e+00 -2.80106889e-01  0.00000000e+00
   7.49286879e-01 -1.28452828e-01]
 [-2.41019844e-01  5.78074930e+00 -6.78669563e-02  0.00000000e+00
  -2.18431442e-02 -1.66972743e-01]
 [-1.38839245e-01  5.53971328e+00  0.00000000e+00  0.00000000e+00
   3.49819962e-01 -1.98821713e-01]
 [-2.16922367e-01  5.70211856e+00 -6.88829117e-02  0.00000000e+00
  -2.88613733e-01 -5.79378351e-02]
 [ 4.08916574e+00  2.87566685e+00 -4.04632696e-04  0.00000000e+00
   2.10810710e-01 -1.75826344e-01]]
[04/03/2022, 02:15:42] computing sampling shap 4515:4525 within 65.1658 sec, 6.2522 on average
[04/03/2022, 02:15:42] instances left: 89
[04/03/2022, 02:15:42] estimating time left: 0:09:16.445800

[[-1.02507736e+00 -3.71490003e+00 -1.84228040e-01  0.00000000e+00
  -4.37193946e-01 -1.30538205e-01]
 [ 3.99481095e+00  2.81205074e+00  0.00000000e+00  0.00000000e+00
  -2.03947255e-01  2.73164249e-01]
 [ 3.93247378e+00  3.07154942e+00  0.00000000e+00  0.00000000e+00
   1.58233458e-01 -1.09011056e-01]
 [-2.83563804e-01  5.70655927e+00  0.00000000e+00  0.00000000e+00
   6.87553324e-01 -1.80313577e-01]
 [-9.50285487e-01 -3.96734120e+00  0.00000000e+00  0.00000000e+00
   7.20854675e-01 -2.16968644e-01]
 [ 4.07379685e+00  2.99226639e+00 -9.61880425e-04  0.00000000e+00
  -7.10835881e-01 -1.25608405e-01]
 [-8.62984130e-01 -4.01055085e+00 -1.49051564e-01  0.00000000e+00
  -1.69798206e-02  1.00069305e-01]
 [ 4.27426687e+00  2.72663337e+00  0.00000000e+00  0.00000000e+00
  -3.39286883e-02 -1.81270324e-01]
 [ 4.11861537e+00  2.83576197e+00 -7.74966292e-02  0.00000000e+00
  -4.19459996e-01  1.98681771e-01]
 [-1.62478347e-01  5.55107748e+00  0.00000000e+00  0.00000000e+00
   3.52504308e-01 -6.28870834e-02]]
[04/03/2022, 02:16:41] computing sampling shap 4525:4535 within 59.4836 sec, 6.2478 on average
[04/03/2022, 02:16:41] instances left: 79
[04/03/2022, 02:16:41] estimating time left: 0:08:13.576200

[[-1.02138396 -3.82631121 -0.0746153   0.          0.68755843 -0.17898869]
 [-0.35040088  5.86225061  0.          0.         -0.34356062 -0.14130581]
 [-0.87853447 -4.09249746  0.          0.          0.7031105  -0.08861402]
 [-0.32289817  5.76154885  0.          0.         -0.29272999 -0.15753112]
 [-0.16409631  5.68950989  0.          0.          0.59754872 -0.16359773]
 [ 4.17053417  2.65502702  0.          0.         -0.21966546  0.32382673]
 [-1.10274951 -3.79314449  0.          0.         -0.14389374  0.10029091]
 [-0.9510254  -4.01575229 -0.07364675  0.         -0.02059466 -0.07776543]
 [-0.32083979  5.91970428  0.          0.          0.50012899 -0.16875863]
 [-0.74122747 -4.00979817 -0.20776251  0.         -1.65102516 -0.10341083]]
[04/03/2022, 02:17:46] computing sampling shap 4535:4545 within 65.0796 sec, 6.2515 on average
[04/03/2022, 02:17:46] instances left: 69
[04/03/2022, 02:17:46] estimating time left: 0:07:11.353500

[[-7.61848112e-01 -4.16935459e+00 -7.50177429e-02  0.00000000e+00
   2.83942361e-01 -1.67420256e-01]
 [-8.87928277e-01 -3.90009316e+00 -7.20133691e-02  0.00000000e+00
   2.18160992e-01  7.40585662e-02]
 [-2.45844415e-01  5.70171533e+00  0.00000000e+00  0.00000000e+00
  -1.38533469e-03 -1.35638148e-01]
 [ 3.94548872e+00  2.89792579e+00  0.00000000e+00  0.00000000e+00
   5.08372252e-01 -1.10682098e-01]
 [-8.48830404e-01 -4.13641572e+00 -7.05168172e-02  0.00000000e+00
  -6.07327751e-01  1.28212412e-01]
 [-9.31122789e-01 -3.75494295e+00 -2.83427462e-01  0.00000000e+00
  -2.94304285e-01  3.78804786e-01]
 [-7.37204817e-02  5.87844867e+00 -7.13897006e-02  0.00000000e+00
   2.24465968e-01 -3.60332890e-02]
 [-1.99152759e-01  5.60817459e+00  0.00000000e+00  0.00000000e+00
   6.74722702e-01 -1.53509222e-01]
 [-1.07864875e+00 -3.72836961e+00 -1.54993818e-01  0.00000000e+00
   2.97866987e-01 -1.30883884e-01]
 [ 4.05126057e+00  2.85516021e+00  0.00000000e+00  0.00000000e+00
  -4.64543218e-03  7.13265461e-02]]
[04/03/2022, 02:18:50] computing sampling shap 4545:4555 within 63.3551 sec, 6.2527 on average
[04/03/2022, 02:18:50] instances left: 59
[04/03/2022, 02:18:50] estimating time left: 0:06:08.909300

[[-0.73492431 -4.17610074 -0.18506791  0.          0.38158282 -0.06567692]
 [-0.90722212 -4.10926946  0.          0.         -0.4995683   0.26992084]
 [-0.93331111 -3.94533195 -0.07749689  0.         -1.44583168  0.39985576]
 [ 3.97345588  2.95124572 -0.0793668   0.          0.27802441 -0.0562746 ]
 [-0.92130439 -4.07785553 -0.07324844  0.         -1.58981582 -0.14931765]
 [-0.93296055 -3.88062392 -0.07466617  0.          0.57063994  0.05357867]
 [-0.17345845  5.66830437  0.          0.         -0.05712011  0.17920973]
 [-1.018227   -3.91075324  0.          0.         -0.8178535  -0.24180417]
 [-1.16527212 -3.82808532  0.          0.         -1.6396644  -0.26396905]
 [-0.99128022 -3.91369301 -0.07708627  0.         -0.38963232 -0.05646157]]
[04/03/2022, 02:19:50] computing sampling shap 4555:4565 within 59.8502 sec, 6.249 on average
[04/03/2022, 02:19:50] instances left: 49
[04/03/2022, 02:19:50] estimating time left: 0:05:06.201000

[[-2.85355146e-01  5.79285206e+00  0.00000000e+00  0.00000000e+00
  -1.51339465e-02 -2.40396604e-01]
 [-1.51037152e-01  5.62345275e+00  0.00000000e+00  0.00000000e+00
   3.05979224e-01 -1.90166594e-01]
 [-1.98771742e-01  5.61283995e+00 -7.07038535e-02  0.00000000e+00
   4.11584634e-01 -1.40600130e-01]
 [-1.19604746e-01  5.65108826e+00  0.00000000e+00  0.00000000e+00
  -7.24679334e-02  1.48817898e-01]
 [-8.97750412e-01 -4.11812385e+00 -7.40234388e-02  0.00000000e+00
  -1.27275105e-02 -7.91153880e-02]
 [ 4.12900497e+00  2.65748833e+00 -3.91278942e-04  0.00000000e+00
   5.47137150e-01 -1.10660192e-01]
 [-9.00763121e-01 -4.10923638e+00  0.00000000e+00  0.00000000e+00
  -1.68831878e+00 -1.64938800e-01]
 [-1.05023876e+00 -3.77459157e+00 -1.39710327e-01  0.00000000e+00
  -5.55167855e-01  8.90879481e-02]
 [-2.08715812e-01  5.75872895e+00 -6.95847899e-02  0.00000000e+00
   6.43055608e-01 -1.93248800e-01]
 [-8.42879820e-01 -3.93000474e+00 -1.93790435e-01  0.00000000e+00
   2.39136991e-01 -1.93905677e-01]]
[04/03/2022, 02:20:51] computing sampling shap 4565:4575 within 61.7478 sec, 6.248 on average
[04/03/2022, 02:20:51] instances left: 39
[04/03/2022, 02:20:51] estimating time left: 0:04:03.672000

[[ 3.88610485  2.89112644  0.          0.          0.56379465 -0.11844694]
 [-1.00059585 -3.93193981  0.          0.          0.26599378 -0.12848666]
 [-0.69178771 -4.07210608 -0.14464802  0.         -0.12235945 -0.2499996 ]
 [-1.06582763 -3.71819203 -0.12331913  0.          0.20096288 -0.21506781]
 [-0.88690058 -3.86156282 -0.20693029  0.          0.68228042 -0.16374086]
 [-0.91629236 -3.97500514  0.          0.          0.63964624 -0.18520267]
 [-0.92752811 -3.9086053  -0.15832417  0.          0.73681099 -0.17920729]
 [-0.85684565 -3.89812192 -0.07323719  0.          0.17070814 -0.23220194]
 [-0.89882056 -3.95574703 -0.07135706  0.         -0.38691078 -0.13562308]
 [-0.87201172 -3.97534166 -0.15783881  0.          0.74517236 -0.1768339 ]]
[04/03/2022, 02:21:56] computing sampling shap 4575:4585 within 64.187 sec, 6.2503 on average
[04/03/2022, 02:21:56] instances left: 29
[04/03/2022, 02:21:56] estimating time left: 0:03:01.258700

[[-0.87710921 -3.98108937  0.          0.          0.64059932 -0.19614121]
 [-0.19388204  5.60413838  0.          0.         -0.25424432  0.22089205]
 [-0.80872303 -4.10321633  0.          0.         -0.40831721 -0.03306266]
 [-0.66098341 -4.187436   -0.17243329  0.          0.75641311 -0.14930107]
 [-0.9666472  -3.911105   -0.07095149  0.         -0.39135659  0.56414024]
 [-1.07788325 -3.93309898 -0.07113557  0.         -0.28342309 -0.08422768]
 [ 4.01465959  2.98550155 -0.07896989  0.          0.47399334  0.10435667]
 [-0.93004887 -4.00395145  0.          0.          0.21681532 -0.20425852]
 [-0.91034232 -4.02746827  0.          0.          0.2688016  -0.22068962]
 [-0.22649332  5.66138353  0.          0.          0.01859399 -0.09737821]]
[04/03/2022, 02:22:56] computing sampling shap 4585:4595 within 60.5041 sec, 6.2477 on average
[04/03/2022, 02:22:56] instances left: 19
[04/03/2022, 02:22:56] estimating time left: 0:01:58.706300

[[-0.89142411 -4.0815515   0.          0.         -0.62870676  0.15911841]
 [-0.86695587 -4.07667154  0.          0.          0.68653918 -0.11248534]
 [-0.75925658 -4.08841867  0.          0.          0.55380583 -0.14298434]
 [ 4.15410625  2.78714719  0.          0.          0.50797713 -0.1317855 ]
 [-0.91305177 -4.14826293  0.          0.         -0.18632776  0.32470595]
 [-0.23176924  5.75710937  0.          0.          0.55672355 -0.15182866]
 [ 4.06743634  3.01826623 -0.07824436  0.         -0.06505113 -0.10204097]
 [-1.0101609  -3.99398651  0.          0.         -0.35232575  0.20719553]
 [-0.96316298 -3.94406966 -0.07378801  0.         -0.6378047  -0.3598998 ]
 [ 3.78498535  2.99066807  0.          0.          0.03390934  0.28126809]]
[04/03/2022, 02:23:58] computing sampling shap 4595:4605 within 62.2041 sec, 6.2473 on average
[04/03/2022, 02:23:58] instances left: 9
[04/03/2022, 02:23:58] estimating time left: 0:00:56.225700

[[-0.73979325 -4.05514105 -0.1394005   0.         -0.12012597  0.05389662]
 [-0.29263786  5.73133131  0.          0.         -0.72417473  0.08106121]
 [-0.94842518 -3.98120679  0.          0.          0.67607238 -0.1832945 ]
 [-0.78107498 -4.05103177  0.          0.          0.61146413 -0.14893099]
 [-0.6356672  -4.30887821  0.          0.          0.68764532 -0.17995378]
 [-0.90337625 -3.93200887 -0.07463935  0.          0.64313114 -0.14684728]
 [-1.1544246  -3.8878828   0.          0.         -0.4817255   0.47363743]
 [-0.28657214  5.83215788 -0.06844693  0.          0.61800299 -0.07630755]
 [-0.82434143 -4.1113774  -0.07695201  0.          0.29723767 -0.14954991]
 [-0.85119547 -3.92370228 -0.13673078  0.          0.68204878 -0.20727427]]
[04/03/2022, 02:23:58] finish computing sampling shap for range: [6, 8] within 4747.946313 sec
