Child #[14, 15]: psutil.Process(pid=5201, name='python', status='running', started='03:07:54'), affinity [14, 15]
Child #[14, 15]: Set my affinity to [14, 15], affinity now [14, 15]

[04/03/2022, 02:22:39] start computing sampling shap for range: [8, 8]
[04/03/2022, 02:23:29] computing sampling shap 3395:3405 within 49.8988 sec, 4.9899 on average
[04/03/2022, 02:23:29] instances left: 470
[04/03/2022, 02:23:29] estimating time left: 0:39:05.253000

[[-0.37480148  5.83357403  0.          0.          0.83858177 -0.02777857]
 [ 4.35339729  2.92907017 -0.17971683  0.         -0.64377109 -0.06215322]
 [-0.48620394  6.09506773 -0.07094818  0.         -0.88223547  0.25169313]
 [-0.86624552 -3.52565063 -0.58531604  0.          0.85450546 -0.05193103]
 [-0.88267279 -3.82429409 -0.3237485   0.          0.46253003 -0.06697155]
 [-0.38428548  6.13263992 -0.19417011  0.         -0.60145098  0.22396843]
 [-0.44731439  6.17337544 -0.16065033  0.          0.75955646 -0.153216  ]
 [-0.88805136 -3.76326094 -0.27008051  0.         -0.30583195 -0.05135425]
 [-0.8800303  -3.45654446 -0.61183829  0.         -0.16801526  0.46373368]
 [-0.85011756 -3.56781827 -0.56255211  0.         -0.13566633  0.4287787 ]]
[04/03/2022, 02:24:20] computing sampling shap 3405:3415 within 50.7846 sec, 5.0342 on average
[04/03/2022, 02:24:20] instances left: 460
[04/03/2022, 02:24:20] estimating time left: 0:38:35.732000

[[-0.74624067 -3.75890559 -0.55670297  0.         -0.59744576 -0.17535281]
 [-0.35186683  6.1701857  -0.28863963  0.          0.43767099 -0.04930294]
 [11.63878847  6.00591263 -0.07607772  0.         -0.24889415  0.02960483]
 [-0.83767468 -3.82489025 -0.37810407  0.          0.14942929  0.07227157]
 [-0.18062189  5.99838695 -0.18106428  0.          0.67732518 -0.14227493]
 [-1.05289739 -3.61587887 -0.3332368   0.          0.92152609 -0.18218349]
 [-0.29132349  6.34723869 -0.29682458  0.          0.05066386 -0.08079062]
 [-0.64613095 -3.58658179 -0.74027062  0.          0.86099301 -0.06900291]
 [-0.93528752 -3.72006472 -0.329075    0.         -0.69129812 -0.06699217]
 [-0.8928398  -3.62139965 -0.46631545  0.          0.83191994 -0.04539631]]
[04/03/2022, 02:25:14] computing sampling shap 3415:3425 within 54.0429 sec, 5.1576 on average
[04/03/2022, 02:25:14] instances left: 450
[04/03/2022, 02:25:14] estimating time left: 0:38:40.920000

[[ 4.39534347  2.77638555 -0.21503716  0.          0.71218738 -0.12175374]
 [ 4.31006787  2.70283138 -0.08111018  0.          0.72743224 -0.14390371]
 [-0.84157613 -3.75699709 -0.39130514  0.         -1.14132498  0.48005375]
 [-0.66654723 -3.88575788 -0.3072785   0.         -1.04065441  0.71640901]
 [ 4.23250225  2.87545309 -0.13446009  0.          0.71336976 -0.17154714]
 [-0.94824226 -3.7196374  -0.37906637  0.         -1.17243878 -0.14813979]
 [-0.19025874  6.25743916 -0.26460554  0.          0.32062032 -0.13133465]
 [-0.53009768  6.43884889 -0.34107558  0.          0.74877056 -0.14469559]
 [-0.61127179 -3.6770323  -0.61004166  0.         -1.06360481 -0.03650697]
 [-0.88622409 -3.50843776 -0.58838032  0.          0.35824108  0.01818966]]
[04/03/2022, 02:26:05] computing sampling shap 3425:3435 within 50.9597 sec, 5.1422 on average
[04/03/2022, 02:26:05] instances left: 440
[04/03/2022, 02:26:05] estimating time left: 0:37:42.568000

[[-0.94811039 -3.52680991 -0.44691204  0.          0.38242288 -0.20981678]
 [-0.22288053  5.88079119 -0.16067877  0.          0.79080835 -0.08715952]
 [-0.38907281  6.18455378 -0.35622504  0.          0.51426823  0.02358651]
 [-0.90395468 -3.89978112 -0.19189865  0.         -1.3766665   0.47674771]
 [-0.44380007  6.09898141 -0.15336604  0.          0.38955824  0.2402853 ]
 [-0.84190072 -3.63341225 -0.44669916  0.         -0.51872258  0.25510599]
 [-0.81258557 -3.61541638 -0.5657405   0.          0.09864181  0.3728333 ]
 [-0.94073663 -3.62914914 -0.43020679  0.          0.90042716 -0.1398919 ]
 [-0.51108098 -4.26008645 -0.21863494  0.         -0.36745572  0.69689324]
 [-0.41856449  6.25807796 -0.23824026  0.         -0.46185835 -0.24105478]]
[04/03/2022, 02:26:57] computing sampling shap 3435:3445 within 51.8196 sec, 5.1502 on average
[04/03/2022, 02:26:57] instances left: 430
[04/03/2022, 02:26:57] estimating time left: 0:36:54.586000

[[-0.82954066 -3.54160593 -0.60493519  0.          0.41412877 -0.18727313]
 [-0.7808143  -3.69886901 -0.42638435  0.          0.80103278 -0.15763518]
 [-0.95187127 -3.56473951 -0.52027552  0.         -0.96768784  0.29277745]
 [-0.72440632 -3.87025779 -0.37298852  0.         -0.60983599 -0.07436018]
 [ 4.22853563  2.68664776 -0.14111566  0.         -1.07263567  0.92387458]
 [-0.28859081  6.14606548 -0.38710286  0.         -0.29425993  0.42766665]
 [-0.07187257  6.32606582 -0.56593026  0.         -1.23532195 -0.15046095]
 [-0.80750699 -3.77033998 -0.3635179   0.          0.84981825 -0.17112335]
 [-0.27548325  6.01034942 -0.13919639  0.         -0.61522201  0.43203526]
 [-0.4452959   6.19156087 -0.26715636  0.          0.50608634 -0.19001145]]
[04/03/2022, 02:27:47] computing sampling shap 3445:3455 within 50.559 sec, 5.1345 on average
[04/03/2022, 02:27:47] instances left: 420
[04/03/2022, 02:27:47] estimating time left: 0:35:56.490000

[[-3.33959718e-01  1.65504486e+01 -1.91029106e-01  0.00000000e+00
  -3.96449054e-01 -2.58136648e-01]
 [-8.56727490e-01 -3.52227984e+00 -4.91492587e-01  0.00000000e+00
   7.30667799e-01 -6.40957294e-02]
 [ 4.30803184e+00  2.80838433e+00 -7.96012954e-02  0.00000000e+00
  -9.01330457e-01 -1.98001305e-01]
 [ 5.55322977e+00  2.18136217e+00 -4.69419245e-01  0.00000000e+00
  -1.41318968e+00 -8.82139079e-02]
 [-7.53289181e-01 -3.85608678e+00 -4.70816036e-01  0.00000000e+00
   1.56593382e-01  2.35580069e-02]
 [-3.96152127e-01  6.17459349e+00 -2.22687794e-01  0.00000000e+00
  -1.98699529e-01  6.84987452e-03]
 [-9.44251041e-01 -3.49252499e+00 -3.93995424e-01  0.00000000e+00
   7.26578826e-01 -1.35364699e-01]
 [ 4.64387790e+00  2.69967914e+00 -1.65861655e-01  0.00000000e+00
  -1.22620526e+00 -1.05923295e-01]
 [-3.29475850e-01  6.07681048e+00 -2.55139714e-01  0.00000000e+00
   4.71102260e-01 -1.68113682e-01]
 [-4.23687893e-01  6.10569872e+00 -2.24209293e-01  0.00000000e+00
  -5.07175302e-01  4.61856771e-01]]
[04/03/2022, 02:28:37] computing sampling shap 3455:3465 within 50.1811 sec, 5.1179 on average
[04/03/2022, 02:28:37] instances left: 410
[04/03/2022, 02:28:37] estimating time left: 0:34:58.339000

[[-8.26568600e-01 -3.53307643e+00 -5.57092675e-01  0.00000000e+00
  -6.89258757e-01 -5.58884285e-02]
 [-1.07110105e+00 -3.61965812e+00 -2.58879515e-01  0.00000000e+00
   4.31783790e-01 -1.32476086e-01]
 [-2.49828603e-01  5.87903516e+00  0.00000000e+00  0.00000000e+00
   7.29535242e-01 -1.86990643e-01]
 [-3.05457073e-01  5.96702842e+00 -1.39492340e-01  0.00000000e+00
   8.05601943e-01 -1.55929863e-01]
 [ 4.55968612e+00  2.59418786e+00  0.00000000e+00  0.00000000e+00
  -1.17730693e-01 -1.37988809e-01]
 [ 1.60592469e+01  3.13416449e+00  0.00000000e+00  0.00000000e+00
  -1.31359391e-01 -9.31858779e-02]
 [-6.43359324e-01 -3.92842084e+00 -4.15347883e-01  0.00000000e+00
   4.41962296e-01 -1.05165557e-01]
 [-6.75151064e-01 -4.03372071e+00 -2.36500243e-01  0.00000000e+00
   4.30712798e-02 -1.09560094e-01]
 [-1.83311970e-01  5.89410079e+00 -1.98774580e-01  0.00000000e+00
   4.07761031e-01  1.43039029e-01]
 [-8.49263396e-01  6.84512801e+00 -2.89769892e-01  0.00000000e+00
  -1.26009081e+00 -5.21448261e-03]]
[04/03/2022, 02:29:26] computing sampling shap 3465:3475 within 48.741 sec, 5.0874 on average
[04/03/2022, 02:29:26] instances left: 400
[04/03/2022, 02:29:26] estimating time left: 0:33:54.960000

[[-0.41549283  6.35305947 -0.39022119  0.         -0.59539826  0.29126969]
 [ 4.51279011  2.68245857 -0.08360146  0.         -0.5526182   0.13709308]
 [-0.65146913 -3.64574724 -0.55883497  0.          0.76336046 -0.14686639]
 [-0.24552459  6.03811473 -0.27511039  0.          0.83183256 -0.14843194]
 [-0.97748856 -3.79712211 -0.31777364  0.          0.15471302  0.18311445]
 [-0.96594099 -3.54162869 -0.40433781  0.          0.73913455  0.08425958]
 [-0.78151559 -3.73134789 -0.46016073  0.         -0.34722537  0.45150494]
 [-0.96715313 -3.51487746 -0.5966617   0.         -1.08396844 -0.19584895]
 [-0.94202043 -3.59719661 -0.38208241  0.          0.42850462  0.19860364]
 [-0.90892708 -3.34254901 -0.78595778  0.          0.4681035   0.27513913]]
[04/03/2022, 02:30:19] computing sampling shap 3475:3485 within 52.405 sec, 5.1045 on average
[04/03/2022, 02:30:19] instances left: 390
[04/03/2022, 02:30:19] estimating time left: 0:33:10.755000

[[-0.76099426 -3.69811724 -0.45080476  0.          0.80839679 -0.16115102]
 [-0.57582832 -1.80963191  7.64087109  0.         -0.55384913  0.18035985]
 [-0.96297709 -3.60363505 -0.46775887  0.          0.49115614 -0.20601154]
 [-0.14364361  5.92168872 -0.23054849  0.          0.06001899  0.3886767 ]
 [-0.3514223   5.89553771  0.          0.          0.80149284 -0.10984767]
 [-0.53252453  6.49266769 -0.24407516  0.         -0.53895669 -0.05003209]
 [-0.68200334 -3.60850649 -0.61597513  0.          0.34336025 -0.1861015 ]
 [-0.86552429 -3.66996531 -0.5314644   0.          0.07473822 -0.15861329]
 [-0.63185663 -3.61665698 -0.72918029  0.          0.85645529 -0.14143144]
 [-1.02641859 -3.485888   -0.52356321  0.          0.08021741 -0.19517671]]
[04/03/2022, 02:31:12] computing sampling shap 3485:3495 within 53.0538 sec, 5.1246 on average
[04/03/2022, 02:31:12] instances left: 380
[04/03/2022, 02:31:12] estimating time left: 0:32:27.348000

[[-9.18572336e-01 -3.47824180e+00 -5.84632951e-01  0.00000000e+00
   4.33196794e-01 -1.02081118e-01]
 [-6.92637305e-01 -3.73760289e+00 -4.64796447e-01  0.00000000e+00
   7.40968086e-01  4.80212305e-03]
 [-7.66494259e-01 -3.73793614e+00 -4.60458920e-01  0.00000000e+00
   2.52694131e-02 -1.52419640e-01]
 [-3.53704023e-01  5.89653355e+00 -7.09013796e-02  0.00000000e+00
   1.36991587e-01  1.20427029e-01]
 [-9.34616190e-01 -3.69944138e+00 -3.60170466e-01  0.00000000e+00
   4.05953353e-01 -4.68823354e-02]
 [ 4.52278221e+00  1.30285185e+01 -1.31260768e-03  0.00000000e+00
  -3.64639143e-01 -1.26637645e-01]
 [-1.66659590e-01  5.98999425e+00 -2.74782817e-01  0.00000000e+00
   3.88423315e-01 -1.41791350e-01]
 [-7.86990659e-01  7.05127803e+00 -5.72277750e-01  0.00000000e+00
   3.63536652e-01 -8.94742394e-02]
 [-3.12754591e-01  6.12050960e+00 -2.51011452e-01  0.00000000e+00
   7.86979496e-01 -1.71971937e-01]
 [-4.85185591e-01  2.80887651e+00  3.16329747e+00  0.00000000e+00
   8.12214592e-01 -6.34428447e-02]]
[04/03/2022, 02:32:03] computing sampling shap 3495:3505 within 50.953 sec, 5.1219 on average
[04/03/2022, 02:32:03] instances left: 370
[04/03/2022, 02:32:03] estimating time left: 0:31:35.103000

[[-3.72638605e-01  6.09978480e+00 -1.80413316e-01  0.00000000e+00
  -8.69428033e-01 -5.40340660e-02]
 [-5.10222088e-01  6.40895075e+00 -7.55657049e-02  0.00000000e+00
  -1.48230943e+00 -1.88528604e-01]
 [-2.34462293e-01  6.10572069e+00 -1.61947578e-01  0.00000000e+00
  -9.69033099e-01 -2.00054903e-01]
 [-4.72161517e-01  6.11640598e+00 -6.83773433e-02  0.00000000e+00
  -6.75237366e-01 -1.42972380e-01]
 [ 6.01342415e+00  1.75950366e+00 -4.78021659e-01  0.00000000e+00
  -3.51525421e-01  1.86306751e-03]
 [-3.56068087e-01  6.02818765e+00 -2.52332855e-01  0.00000000e+00
  -2.57260536e-01  4.23655736e-01]
 [-8.06346431e-01 -3.66360367e+00 -4.46267551e-01  0.00000000e+00
  -1.07707763e+00  7.58112039e-01]
 [-9.91613149e-02  5.83522966e+00 -6.83529544e-02  0.00000000e+00
  -9.50913534e-01  4.56137294e-01]
 [-9.20141824e-01 -3.56198130e+00 -4.20532004e-01  0.00000000e+00
   3.75428403e-01 -2.21999880e-01]
 [-4.32259747e-01  6.30515661e+00 -2.67775133e-01  0.00000000e+00
  -2.24146919e-01 -1.97413744e-01]]
[04/03/2022, 02:32:51] computing sampling shap 3505:3515 within 48.6442 sec, 5.1005 on average
[04/03/2022, 02:32:51] instances left: 360
[04/03/2022, 02:32:51] estimating time left: 0:30:36.180000

[[-2.68506760e-01  6.03393906e+00 -2.77738886e-01  0.00000000e+00
  -4.37525391e-01  4.67021681e-01]
 [-8.64039599e-01 -3.81698028e+00 -3.42966334e-01  0.00000000e+00
  -2.03661330e-01 -1.39422261e-01]
 [-8.01375313e-01 -3.68078926e+00 -4.75246695e-01  0.00000000e+00
  -1.16838822e+00 -2.32710518e-01]
 [-9.56463639e-01 -3.64139754e+00 -4.57906426e-01  0.00000000e+00
   5.05966914e-01 -1.00530179e-01]
 [-9.34274997e-01 -3.34159219e+00 -6.34378931e-01  0.00000000e+00
   6.49524081e-01  2.24456272e-01]
 [-3.12843248e-01  5.98905449e+00 -1.46638707e-01  0.00000000e+00
   4.57976336e-01 -1.56009178e-01]
 [-7.40072703e-01 -3.80564365e+00 -4.51920498e-01  0.00000000e+00
  -6.67496133e-01  7.01799405e-03]
 [-1.36527678e-01  5.78683793e+00 -7.17227603e-02  0.00000000e+00
  -6.11839751e-01 -2.52665058e-01]
 [-8.54866976e-01 -3.64490541e+00 -3.78505037e-01  0.00000000e+00
  -1.14855876e+00 -2.20052586e-01]
 [-1.85128344e-01  5.98783882e+00 -2.09761469e-01  0.00000000e+00
  -6.69259461e-01 -5.33184124e-03]]
[04/03/2022, 02:33:41] computing sampling shap 3515:3525 within 49.7047 sec, 5.0905 on average
[04/03/2022, 02:33:41] instances left: 350
[04/03/2022, 02:33:41] estimating time left: 0:29:41.675000

[[-0.44336497 -3.85465143 -0.60086531  0.         -0.59462514  0.03222282]
 [-0.44186808  6.15426088 -0.18105844  0.         -0.63208448 -0.16142519]
 [-0.38719386  6.13485123 -0.17138151  0.         -0.52819555  0.37989735]
 [-0.93425486 -3.63923494 -0.37362207  0.          0.3496869   0.34857583]
 [ 4.28998567  2.84090562  0.          0.         -1.18269226 -0.20975658]
 [ 5.36891575  2.67139522 -0.08313139  0.         -0.4340109  -0.14144967]
 [-0.45912354  6.04256731 -0.07209282  0.         -0.13834327 -0.00910375]
 [-0.15332728  6.06503231 -0.23323014  0.          0.6507145  -0.12830865]
 [-0.69699782 -3.78313968 -0.54650019  0.         -0.19349386 -0.02374838]
 [-0.33825882  6.14549655 -0.19469329  0.          0.06354645 -0.06171035]]
[04/03/2022, 02:34:30] computing sampling shap 3525:3535 within 49.0101 sec, 5.077 on average
[04/03/2022, 02:34:30] instances left: 340
[04/03/2022, 02:34:30] estimating time left: 0:28:46.180000

[[-0.16376255  5.80376345  0.          0.         -0.43150471  0.33003242]
 [-0.9415376  -3.4070741  -0.59060769  0.          0.84100512 -0.16445609]
 [ 4.17586982  2.92882201 -0.08158576  0.         -0.27785649  0.21639355]
 [-0.94842384 -3.73141778 -0.22046211  0.          0.35012219 -0.19904472]
 [-0.3943075  -1.88324672  7.65546986  0.          0.85780338 -0.16694874]
 [-0.24892439  2.86532582  3.02455877  0.          0.68453081 -0.08973048]
 [-0.91578992 -3.58767437 -0.60425338  0.         -0.55544396 -0.17148638]
 [-0.79203941 -3.64181659 -0.64710055  0.         -0.136392   -0.19184476]
 [-0.90947716 -3.72018252 -0.34195698  0.          0.43039684 -0.15154599]
 [-0.80766112 -3.69246427 -0.4406816   0.         -0.22194296  0.11177112]]
[04/03/2022, 02:35:21] computing sampling shap 3535:3545 within 51.01 sec, 5.0786 on average
[04/03/2022, 02:35:21] instances left: 330
[04/03/2022, 02:35:21] estimating time left: 0:27:55.938000

[[-6.57270697e-01 -3.84446415e+00 -4.83872476e-01  0.00000000e+00
   8.77155382e-01 -1.54218213e-01]
 [-8.33013054e-01 -3.41217210e+00 -7.56236580e-01  0.00000000e+00
   4.45111423e-01 -1.61170753e-01]
 [-2.54936536e-01  5.89313497e+00 -1.16362270e-01  0.00000000e+00
  -6.15881456e-01 -1.96754068e-01]
 [ 4.30406032e+00  2.79977942e+00 -5.29958771e-04  0.00000000e+00
   3.80085018e-01 -7.99003713e-02]
 [ 4.36494610e+00  2.93318209e+00 -1.88173148e-01  0.00000000e+00
  -4.48627413e-01 -1.17619071e-01]
 [-9.55956770e-01 -3.69163469e+00 -2.53909611e-01  0.00000000e+00
  -8.02527485e-01 -1.88814718e-01]
 [-3.82229768e-01  6.10107185e+00 -1.92075102e-01  0.00000000e+00
   7.55781505e-01 -1.10797631e-01]
 [ 3.10830590e+00  1.80358315e+00  2.07102889e+00  0.00000000e+00
   6.61583087e-01 -7.88497085e-02]
 [-3.48974040e-01  6.13565124e+00 -2.05648576e-01  0.00000000e+00
  -1.00673220e+00 -1.71297996e-01]
 [-8.59219791e-01 -3.84012936e+00 -2.61004734e-01  0.00000000e+00
   8.58261914e-01 -1.60578202e-01]]
[04/03/2022, 02:36:13] computing sampling shap 3545:3555 within 52.3213 sec, 5.0882 on average
[04/03/2022, 02:36:13] instances left: 320
[04/03/2022, 02:36:13] estimating time left: 0:27:08.224000

[[-0.47017184  6.23717368 -0.21084231  0.          0.75727344 -0.14168208]
 [-0.91658243 -3.58238285 -0.4402773   0.         -0.17071721  0.2486821 ]
 [-0.63137603 -3.85228855 -0.57629517  0.          0.08182994 -0.11390954]
 [-0.79193842 -3.70205665 -0.53376287  0.          0.96389871 -0.19881086]
 [-0.73133392 -3.77294471 -0.41626522  0.          0.33324621 -0.1619285 ]
 [-0.64398481 -3.73111983 -0.58539354  0.         -1.1032097  -0.12358093]
 [-0.8518714  -3.77902718 -0.44446933  0.          0.93238182 -0.11968422]
 [-0.61617872 -3.7145773  -0.68461471  0.         -1.30108853 -0.21124718]
 [-0.83391169 -3.58293923 -0.40988544  0.         -0.57616894  0.47934915]
 [-0.45364407  6.22236987 -0.24887548  0.          0.47017392 -0.19484094]]
[04/03/2022, 02:37:03] computing sampling shap 3555:3565 within 49.7932 sec, 5.0818 on average
[04/03/2022, 02:37:03] instances left: 310
[04/03/2022, 02:37:03] estimating time left: 0:26:15.358000

[[-0.76867939 -3.84400074 -0.34208289  0.          0.37909537 -0.17355852]
 [-0.14382396  2.90742379  2.75324545  0.         -0.40644522  0.69614188]
 [ 7.02647853 11.58009986 -0.18112547  0.         -0.51628406 -0.12549232]
 [-0.19625081 16.59211412 -0.28210144  0.         -1.32188234 -0.27744119]
 [-0.32793759  6.29760843 -0.4250289   0.          0.77242754 -0.14531868]
 [ 4.35465868  3.13578734 -0.17296736  0.         -0.26686496 -0.18965287]
 [-0.77682053 -3.74224973 -0.53158958  0.         -0.55870697  0.20593064]
 [-0.82896719 -3.99339861 -0.11935837  0.          0.80869847 -0.06100501]
 [ 4.27990075  2.93762628 -0.08219832  0.         -1.16444788 -0.15992147]
 [-0.90244077 -3.6415126  -0.48065913  0.         -0.57352419  0.256575  ]]
[04/03/2022, 02:37:56] computing sampling shap 3565:3575 within 52.866 sec, 5.0932 on average
[04/03/2022, 02:37:56] instances left: 300
[04/03/2022, 02:37:56] estimating time left: 0:25:27.960000

[[-0.93781555 -3.58214965 -0.44328336  0.         -0.23634921 -0.04428234]
 [-0.85914416 -3.76748624 -0.31211099  0.          0.83640277 -0.10158905]
 [-0.86234244 -3.69709408 -0.46929165  0.         -0.11211137  0.51882888]
 [ 4.31775722  2.89876187 -0.20866687  0.         -0.03731538  0.04949404]
 [-0.43887147 -1.92650061  7.81165054  0.          0.37624989  0.13352403]
 [-0.29287999  6.0365909  -0.22731462  0.          0.78460055 -0.10011606]
 [-0.92780252 -3.48074595 -0.5838182   0.          0.86330696 -0.07486809]
 [-0.33437907 16.62387252 -0.25281668  0.         -0.37384766  0.44214531]
 [-0.95207809 -3.57201976 -0.43382337  0.         -1.43797666 -0.15743872]
 [-0.90599268 -3.65196332 -0.40696218  0.         -0.69037702  0.15894356]]
[04/03/2022, 02:38:48] computing sampling shap 3575:3585 within 52.1518 sec, 5.0996 on average
[04/03/2022, 02:38:48] instances left: 290
[04/03/2022, 02:38:48] estimating time left: 0:24:38.884000

[[-0.46143862 -2.12443448  8.00445324  0.          0.76843996 -0.14626768]
 [-0.90235296 -3.65731132 -0.39005696  0.         -0.19889943  0.47055627]
 [-0.35588492  6.30413458 -0.41673092  0.         -0.17716094 -0.08406328]
 [-0.7654696  -3.61557354 -0.70649325  0.         -1.40614364 -0.21166099]
 [-0.89288543 -3.52107926 -0.55073369  0.          0.03405512  0.1137302 ]
 [ 4.33494251  2.85770545 -0.08208835  0.         -0.65145463 -0.1880725 ]
 [-0.3365691  -2.22532133 17.84549988  0.         -0.65556147 -0.06394042]
 [-0.62707822 -1.96402107  7.94405391  0.          0.86438801 -0.09929621]
 [-0.47309705  5.97282654 -0.07043061  0.         -0.31654366 -0.21439447]
 [-0.04543703  5.71553188  0.          0.         -0.6135251   0.11683105]]
[04/03/2022, 02:39:41] computing sampling shap 3585:3595 within 52.9877 sec, 5.1096 on average
[04/03/2022, 02:39:41] instances left: 280
[04/03/2022, 02:39:41] estimating time left: 0:23:50.688000

[[ 4.27883024  3.01042137 -0.18042641  0.          0.36990224 -0.06139425]
 [-0.38774278  6.01712277 -0.19254133  0.          0.21733956  0.15311743]
 [-0.65616896 -3.86981203 -0.40515612  0.          0.82220894 -0.15374174]
 [-0.91898232 -3.56480489 -0.50932061  0.          0.88638825 -0.15595116]
 [-1.0746299  -3.35056007 -0.6623472   0.         -0.36005726  0.65572538]
 [-0.31208533  6.15347584 -0.23580832  0.          0.73396859 -0.13867005]
 [-0.83328193 -3.8282466  -0.40534267  0.          0.13442159 -0.07941164]
 [-0.8097158  -3.60324715 -0.53994293  0.          0.85900281 -0.10012817]
 [-0.33972629  5.98316691 -0.07466997  0.         -0.99074696 -0.17502495]
 [-0.29307633  6.02294897 -0.21018695  0.          0.08668641  0.33491302]]
[04/03/2022, 02:40:33] computing sampling shap 3595:3605 within 52.0928 sec, 5.1143 on average
[04/03/2022, 02:40:33] instances left: 270
[04/03/2022, 02:40:33] estimating time left: 0:23:00.861000

[[-4.30094623e-01  6.14859123e+00 -2.97971454e-01  0.00000000e+00
  -8.80771281e-02  2.97356998e-01]
 [-4.71770965e-01 -1.76961472e+00  7.58273615e+00  0.00000000e+00
  -3.34527367e-01  4.89604283e-01]
 [-2.06566451e-01  2.79913903e+00  2.95419840e+00  0.00000000e+00
   6.47223630e-01  1.78606100e-01]
 [ 4.50192530e+00  2.86737977e+00 -1.96501379e-01  0.00000000e+00
   2.54403301e-02  1.29111065e-01]
 [ 9.00299255e+00 -1.89483584e+00 -2.55538048e-01  0.00000000e+00
  -9.06302676e-01 -2.06910889e-02]
 [-6.43636840e-01 -3.81621013e+00 -4.99968096e-01  0.00000000e+00
   4.04861238e-01 -1.62527548e-01]
 [-8.95225841e-01 -3.61122312e+00 -3.53731967e-01  0.00000000e+00
  -4.56330657e-01  1.46803854e-01]
 [-1.02624086e+00 -3.77805464e+00 -2.25470309e-01  0.00000000e+00
  -5.33647172e-01 -1.89061133e-01]
 [ 4.34389582e+00  2.76619638e+00 -7.86679510e-02  0.00000000e+00
   3.86196816e-01 -2.88098778e-04]
 [-2.09516752e-01  5.71535385e+00 -1.69083845e-01  0.00000000e+00
   5.75017904e-01  2.09600171e-01]]
[04/03/2022, 02:41:27] computing sampling shap 3605:3615 within 53.8412 sec, 5.1266 on average
[04/03/2022, 02:41:27] instances left: 260
[04/03/2022, 02:41:27] estimating time left: 0:22:12.916000

[[ 4.37599924 12.90293836  0.          0.         -0.92409068 -0.17191656]
 [-0.5865801  -3.85269668 -0.3466773   0.          0.70031828 -0.17703445]
 [ 4.03680194  2.9555792   0.          0.         -1.39883038  0.08439123]
 [-0.42585481  6.0355665  -0.07505992  0.         -0.21452711 -0.13656327]
 [-0.79860738  7.07692359 -0.57344256  0.         -0.81965888  0.14601966]
 [ 4.25826495  2.8810628  -0.07935218  0.         -0.9761518  -0.14634073]
 [-0.23356709  6.14575036 -0.28114897  0.          0.28868803  0.24868468]
 [-0.81669988  6.89718977 -0.37336421  0.         -1.17119543  0.10740948]
 [-0.9228397  -3.77002531 -0.28207169  0.          0.43688613 -0.17943052]
 [-0.79521856 -3.87127531 -0.36279615  0.          0.10857325 -0.12915239]]
[04/03/2022, 02:42:23] computing sampling shap 3615:3625 within 55.7089 sec, 5.1459 on average
[04/03/2022, 02:42:23] instances left: 250
[04/03/2022, 02:42:23] estimating time left: 0:21:26.475000

[[-1.21406938 -3.2930466  -0.46027325  0.          0.0741333   0.26484268]
 [-0.29425468  6.0142717  -0.16954305  0.         -0.49333143  0.11625767]
 [ 4.37334496  2.89425209 -0.27387751  0.         -1.2320172  -0.15767452]
 [-0.88708859 -3.59441703 -0.57461214  0.         -0.24714439  0.34362595]
 [-0.21612968  6.17225001 -0.3864167   0.          0.77271715 -0.17066993]
 [-0.9836404  -3.47436871 -0.47315106  0.         -0.18743387  0.53063909]
 [ 4.68642152  2.55552756 -0.08190457  0.         -0.15524178  0.01522834]
 [-0.96413472 -3.89877899  0.          0.          0.77013368 -0.14677668]
 [-0.97022609 -3.42110102 -0.47394787  0.         -0.64536835  0.11581627]
 [-0.05900622  5.80439549 -0.31092561  0.          0.81416128  0.05246787]]
[04/03/2022, 02:43:13] computing sampling shap 3625:3635 within 50.0131 sec, 5.1399 on average
[04/03/2022, 02:43:13] instances left: 240
[04/03/2022, 02:43:13] estimating time left: 0:20:33.576000

[[-0.96979817 -3.45110498 -0.53687028  0.         -0.49946865 -0.15302868]
 [-0.77056904 -3.70146962 -0.48334765  0.          0.39429018  0.02003667]
 [-0.9422793  -3.53557359 -0.38317438  0.         -0.77555051  0.14022596]
 [-0.69771074 -3.60226484 -0.57190182  0.         -0.02982856  0.44770351]
 [-0.31829704  6.07196519 -0.17376214  0.         -0.60429663  0.16791582]
 [-0.47959799  6.08305522 -0.07084794  0.          0.14032369 -0.14657481]
 [-0.84335307 -3.63820871 -0.53456991  0.         -0.15781526  0.18909346]
 [-1.0367296  -3.79864345 -0.15025813  0.          0.07689702 -0.1018167 ]
 [-0.87544286 -3.66963235 -0.33250451  0.          0.35518258 -0.19508415]
 [-0.31540817  6.21110053 -0.32665513  0.          0.40443839 -0.11581553]]
[04/03/2022, 02:44:05] computing sampling shap 3635:3645 within 52.8055 sec, 5.1455 on average
[04/03/2022, 02:44:05] instances left: 230
[04/03/2022, 02:44:05] estimating time left: 0:19:43.465000

[[-6.91410896e-01 -3.98951434e+00 -3.30829016e-01  0.00000000e+00
  -1.12481128e+00  3.49556795e-01]
 [-4.22801903e-01  2.78811780e+00  3.23547513e+00  0.00000000e+00
  -2.43904783e-01  4.42303329e-02]
 [-9.49216114e-01 -3.50158668e+00 -5.63649912e-01  0.00000000e+00
   4.63861397e-01 -9.36261059e-02]
 [-3.81263989e-01  6.28166160e+00 -2.82920578e-01  0.00000000e+00
   4.94985868e-02 -2.10248466e-01]
 [-8.93451108e-01 -3.64264785e+00 -4.33605358e-01  0.00000000e+00
  -7.28220334e-01 -1.94918387e-01]
 [-1.14820542e+00 -3.46084977e+00 -3.89559839e-01  0.00000000e+00
   3.35752046e-02 -1.52063187e-01]
 [-7.88003963e-01 -3.67203862e+00 -3.61287435e-01  0.00000000e+00
  -7.10471159e-01 -2.05670664e-01]
 [-1.16436021e+00 -3.55704426e+00 -3.24550315e-01  0.00000000e+00
   8.32383309e-02 -4.87797211e-03]
 [ 4.13071990e+00  3.13511232e+00 -3.08673837e-01  0.00000000e+00
  -1.31840748e+00  3.64175302e-01]
 [-6.43963012e-01 -3.82709356e+00 -5.69410837e-01  0.00000000e+00
  -1.95499987e-01 -1.31102505e-01]]
[04/03/2022, 02:44:57] computing sampling shap 3645:3655 within 51.7038 sec, 5.1465 on average
[04/03/2022, 02:44:57] instances left: 220
[04/03/2022, 02:44:57] estimating time left: 0:18:52.230000

[[ 4.14112372e+00  2.81795512e+00 -8.20115998e-02  0.00000000e+00
  -3.83172766e-01  5.54378606e-01]
 [-4.01169276e-01  6.19798645e+00 -2.34695544e-01  0.00000000e+00
   7.72379117e-01 -9.87402954e-02]
 [-9.86642185e-01 -3.60186929e+00 -4.52232484e-01  0.00000000e+00
   7.76005734e-02  5.17666631e-01]
 [-5.86493143e-01 -3.81504025e+00 -5.04615545e-01  0.00000000e+00
   7.79526928e-01 -4.18054185e-03]
 [-9.57782989e-01 -3.52482113e+00 -4.42144564e-01  0.00000000e+00
  -1.30878301e+00 -2.40431527e-01]
 [-8.48926336e-01 -3.37207639e+00 -6.42380247e-01  0.00000000e+00
  -8.31492903e-01  9.50153377e-01]
 [-1.02565141e+00 -3.85527692e+00 -7.34920592e-02  0.00000000e+00
   4.76357730e-02 -1.05076188e-01]
 [-3.70262844e-01  6.06760620e+00 -1.06321787e-01  0.00000000e+00
   8.13114738e-02 -1.10174226e-01]
 [-8.73250061e-01 -3.68582202e+00 -4.20806273e-01  0.00000000e+00
   2.86164345e-02  5.12209484e-02]
 [ 4.55414822e+00  2.82603546e+00 -3.79061374e-01  0.00000000e+00
  -5.36427417e-01  3.64605824e-01]]
[04/03/2022, 02:45:48] computing sampling shap 3655:3665 within 50.8312 sec, 5.1442 on average
[04/03/2022, 02:45:48] instances left: 210
[04/03/2022, 02:45:48] estimating time left: 0:18:00.282000

[[-0.94421409 -3.67371971 -0.48978456  0.         -0.43715247 -0.08630662]
 [-0.94609699 -3.66314521 -0.28581571  0.         -0.42840694  0.73962662]
 [11.08514    -3.35145373 -0.52215656  0.         -0.45811764 -0.18836093]
 [-0.7926587  -3.83591802 -0.36296801  0.          0.08262217  0.42261489]
 [-0.85209416 -3.40752421 -0.67390271  0.          0.38877606 -0.06186658]
 [-0.95422195 -3.77644878 -0.39472686  0.          0.1781517  -0.20358309]
 [-0.70690218 -3.62629717 -0.56021748  0.          0.32789943 -0.12724836]
 [-0.24827579  6.05452487 -0.23580448  0.         -0.20173689 -0.0244161 ]
 [-0.21786105  6.13592842 -0.17006314  0.         -0.07080471 -0.1819214 ]
 [-0.15607999  5.98582797 -0.25485537  0.          0.39750081 -0.11473268]]
[04/03/2022, 02:46:40] computing sampling shap 3665:3675 within 52.2147 sec, 5.1469 on average
[04/03/2022, 02:46:40] instances left: 200
[04/03/2022, 02:46:40] estimating time left: 0:17:09.380000

[[-0.1803647   6.11471679 -0.22965752  0.         -0.73209493 -0.2633991 ]
 [-0.76042032 -3.78790628 -0.3855735   0.         -0.63645288 -0.07858959]
 [-0.78049962 -3.50922422 -0.63302521  0.         -0.55325411 -0.14881371]
 [-1.05006936 -3.77524724 -0.12911384  0.          0.83146413 -0.05167129]
 [-0.42836456  6.29316199 -0.18677849  0.          0.34522349  0.25519157]
 [-0.84513127 -3.60747789 -0.64929977  0.          0.52421081 -0.1150677 ]
 [-0.58532232  6.30332153 -0.12490221  0.         -0.5200425   0.10034564]
 [-0.75476411 -3.79442485 -0.40271329  0.          0.38603851 -0.18336222]
 [-0.52161132 -3.64344281 -0.63946801  0.          0.66262817  0.05338035]
 [-0.11440724  5.99667083 -0.23576321  0.         -0.02819584  0.50939816]]
[04/03/2022, 02:47:31] computing sampling shap 3675:3685 within 51.1986 sec, 5.146 on average
[04/03/2022, 02:47:31] instances left: 190
[04/03/2022, 02:47:31] estimating time left: 0:16:17.740000

[[-3.08452367e-01  5.93494483e+00 -1.83815899e-01  0.00000000e+00
   1.71372515e-01  1.62523330e-01]
 [-3.97121069e-01  6.19059103e+00 -2.63317956e-01  0.00000000e+00
  -1.93333703e-01  3.80282432e-01]
 [-1.14891589e-01  6.04114078e+00 -3.10408792e-01  0.00000000e+00
  -5.64558220e-01  3.19261462e-01]
 [-8.64190435e-01 -3.69844578e+00 -3.90827859e-01  0.00000000e+00
  -3.06049587e-01  2.55065323e-03]
 [-5.76518990e-02  2.55561959e+00  3.05903844e+00  0.00000000e+00
  -1.56282669e-01  5.13908011e-01]
 [-8.71936971e-01 -3.71711960e+00 -3.68814596e-01  0.00000000e+00
   4.17191042e-01 -2.08546144e-01]
 [-7.93548499e-01 -3.58916091e+00 -6.21405197e-01  0.00000000e+00
   4.50287590e-01 -9.65043249e-02]
 [-1.05865923e+00 -3.84880387e+00  0.00000000e+00  0.00000000e+00
  -1.03332547e+00  2.99934510e-01]
 [-8.72793270e-01 -3.74989349e+00 -4.16422694e-01  0.00000000e+00
  -3.75419082e-01 -2.10288190e-01]
 [-6.75942956e-01 -3.83387867e+00 -5.40605572e-01  0.00000000e+00
  -1.88176162e-01 -1.83597991e-02]]
[04/03/2022, 02:48:24] computing sampling shap 3685:3695 within 52.4578 sec, 5.1493 on average
[04/03/2022, 02:48:24] instances left: 180
[04/03/2022, 02:48:24] estimating time left: 0:15:26.874000

[[-8.20249764e-01 -3.67842903e+00 -3.48671696e-01  0.00000000e+00
   7.68956095e-01 -1.84275784e-01]
 [-4.04848414e-01  6.18350822e+00 -1.50832931e-01  0.00000000e+00
   7.91976698e-01 -8.68621341e-02]
 [-9.62389320e-01 -3.60353327e+00 -3.81873724e-01  0.00000000e+00
  -4.59974418e-01 -4.72513554e-02]
 [-9.99272477e-01 -3.72354462e+00 -1.72309142e-01  0.00000000e+00
   3.23264527e-01 -4.95904753e-02]
 [-6.54486953e-01 -3.72744169e+00 -6.35306008e-01  0.00000000e+00
   4.21624334e-01 -1.21871041e-01]
 [-3.35966371e-01  5.90991504e+00 -6.59053911e-04  0.00000000e+00
  -5.16282344e-01  4.62263424e-01]
 [ 5.16765172e+00  2.84216017e+00 -1.52848625e-01  0.00000000e+00
  -5.24959792e-01 -8.92193659e-02]
 [-8.88584628e-01 -3.68437314e+00 -4.57032052e-01  0.00000000e+00
   1.64667536e-01  2.91795223e-01]
 [-4.58195851e-01  6.13918502e+00 -7.34661720e-02  0.00000000e+00
  -2.62761533e-01  1.27395672e-01]
 [-9.09088811e-01 -3.57265345e+00 -4.57000476e-01  0.00000000e+00
  -1.02552345e+00  5.54303876e-02]]
[04/03/2022, 02:49:16] computing sampling shap 3695:3705 within 52.2349 sec, 5.1517 on average
[04/03/2022, 02:49:16] instances left: 170
[04/03/2022, 02:49:16] estimating time left: 0:14:35.789000

[[-0.20390493  5.80233272  0.          0.          0.83930808 -0.1047938 ]
 [-0.94386393 -3.37446322 -0.62983856  0.         -0.25373561 -0.19352341]
 [-0.74098251 -3.78402699 -0.43338197  0.          0.39446397 -0.15355364]
 [ 4.64266689  2.79231018 -0.29204505  0.         -0.10872174 -0.13605584]
 [-0.68145892 -3.65096937 -0.62879881  0.          0.41321265  0.24633034]
 [-0.80021949 -3.40625933 -0.78831691  0.          0.88602    -0.13078122]
 [-0.9157879  -3.55557085 -0.36062388  0.         -0.67850248  0.31259754]
 [-0.76335124 -3.71817943 -0.54956117  0.         -0.20511174 -0.15922131]
 [-0.77122863 -3.66286681 -0.42145407  0.          0.77614879 -0.18326954]
 [-0.17235841  5.93590228 -0.20539127  0.         -0.8927509  -0.1251787 ]]
[04/03/2022, 02:50:08] computing sampling shap 3705:3715 within 52.2268 sec, 5.1539 on average
[04/03/2022, 02:50:08] instances left: 160
[04/03/2022, 02:50:08] estimating time left: 0:13:44.624000

[[-1.01812793 -3.54995291 -0.45107739  0.          0.08988381  0.56290006]
 [-0.70360904 -3.78765029 -0.34113914  0.          0.77466352 -0.2049353 ]
 [ 4.54809313  2.76865497 -0.13591829  0.         -0.38372891 -0.13330562]
 [-0.42387344  6.2843905  -0.27329254  0.          0.70175703 -0.11723083]
 [-1.00902765 -3.72142911 -0.3157669   0.         -0.17752509 -0.02013116]
 [-0.69887871 -3.98763037 -0.29612412  0.          0.42797415  0.25297498]
 [-0.81195238 -3.77207095 -0.35742294  0.          0.3992077  -0.20698788]
 [-0.93268107 -3.51924353 -0.48961302  0.          0.8121801  -0.05163556]
 [-0.20111314  6.00312227 -0.29148947  0.          0.13541934  0.25865858]
 [-0.12061977  6.09508168 -0.26938523  0.         -0.69977975  0.41100375]]
[04/03/2022, 02:51:00] computing sampling shap 3715:3725 within 52.1064 sec, 5.1557 on average
[04/03/2022, 02:51:00] instances left: 150
[04/03/2022, 02:51:00] estimating time left: 0:12:53.355000

[[-0.68331093 -3.88352373 -0.51548278  0.         -0.50834681 -0.22198426]
 [-0.88092604 -3.50009843 -0.63124307  0.         -0.67346558 -0.14570214]
 [-0.19294294  5.75131085 -0.07147385  0.          0.44292704 -0.13463716]
 [-0.84336791 -3.56397128 -0.57723189  0.         -0.39564815  0.09202785]
 [-0.48574065 -1.98166906  7.81936647  0.         -0.31319753  0.36187686]
 [-0.4952217  -1.86778611  7.86277045  0.          0.27515175  0.07690227]
 [-0.46829249  6.10211419 -0.0685853   0.          0.74345795 -0.13694343]
 [-0.95362077 -3.56516804 -0.53568826  0.         -1.02829604  0.35057396]
 [-0.28487301  6.03184205 -0.14098634  0.          0.42099635 -0.1954393 ]
 [-0.87919463 -3.58502224 -0.5610806   0.          0.45748205 -0.08251595]]
[04/03/2022, 02:51:52] computing sampling shap 3725:3735 within 51.3233 sec, 5.155 on average
[04/03/2022, 02:51:52] instances left: 140
[04/03/2022, 02:51:52] estimating time left: 0:12:01.700000

[[-0.6676555  -3.78974736 -0.45556767  0.          0.82415023 -0.17385013]
 [-0.89923428 -3.64909021 -0.39495134  0.         -0.5088737   0.60542663]
 [-0.96581772 -3.42059899 -0.51567795  0.          0.35606491 -0.14673604]
 [-0.50472245 -3.65987237  9.46692358  0.          0.19191152  0.25336263]
 [-0.42910495  6.2158449  -0.24915529  0.          0.09168721  0.05596228]
 [-1.07161442 -3.39089272 -0.54139174  0.          0.45684812 -0.10328023]
 [ 4.51302998  2.55658186  0.          0.         -1.48751808 -0.09886891]
 [-0.74320543 -3.7967382  -0.48501988  0.          0.44807015 -0.1723327 ]
 [-0.86255439 -3.76699507 -0.50710227  0.         -0.09318878 -0.16558421]
 [-1.11299657 -3.63834198 -0.21942009  0.          0.38015717 -0.04455549]]
[04/03/2022, 02:52:49] computing sampling shap 3735:3745 within 57.1973 sec, 5.1711 on average
[04/03/2022, 02:52:49] instances left: 130
[04/03/2022, 02:52:49] estimating time left: 0:11:12.243000

[[-0.9415454  -4.0846247   0.          0.          0.07140054 -0.09509917]
 [-0.42373347  6.13590171 -0.24191227  0.         -0.46017755  0.63444909]
 [-1.02241452 -3.39538275 -0.64189755  0.          0.55460231 -0.13006463]
 [-0.82029926 -3.60975465 -0.62720254  0.         -0.65323447 -0.17963407]
 [-0.99501884 -3.96281071 -0.18165813  0.          0.5628141  -0.11609187]
 [-0.77077459 -3.61796987 -0.55602631  0.         -0.61579639  0.28410757]
 [-0.42899418  6.14912757 -0.15354587  0.         -0.22739813  0.13296769]
 [-0.66820567 -3.61683126 -0.69804427  0.          0.42776775 -0.16216752]
 [-0.11573359  5.71685208 -0.07216869  0.         -0.52692355  0.5071225 ]
 [-0.8414564  -3.80085687 -0.38199557  0.         -0.18317328 -0.20171096]]
[04/03/2022, 02:53:39] computing sampling shap 3745:3755 within 50.4618 sec, 5.1677 on average
[04/03/2022, 02:53:39] instances left: 120
[04/03/2022, 02:53:39] estimating time left: 0:10:20.124000

[[-0.04456211  5.85721693 -0.33841679  0.         -0.11041845  0.10385772]
 [-0.44281963  6.03972173 -0.07156249  0.         -0.16131193  0.44796691]
 [-0.2397388   5.97726387 -0.18297562  0.          0.09924084 -0.05306231]
 [-0.76121222 -3.58915377 -0.57147359  0.         -1.2392365   0.2609731 ]
 [-1.0065989  -3.59533228 -0.42582665  0.          0.46326061 -0.18472932]
 [-0.8140988  -3.81446415 -0.39772592  0.          0.06041534 -0.18495535]
 [-0.50369256  6.27463658 -0.18784801  0.          0.41305821 -0.09880451]
 [-0.57864609 -3.64200598 -0.66422743  0.          0.77466552 -0.09371377]
 [-0.65681838 -3.85143314 -0.49135712  0.          0.44044815 -0.19006562]
 [-0.69477202 -3.72197482 -0.56685258  0.         -0.60174211  0.01514711]]
[04/03/2022, 02:54:32] computing sampling shap 3755:3765 within 52.6292 sec, 5.1702 on average
[04/03/2022, 02:54:32] instances left: 110
[04/03/2022, 02:54:32] estimating time left: 0:09:28.722000

[[-0.08098111  5.70342913  0.          0.          0.31898934  0.18216481]
 [-0.3874015  -4.10282094 -0.41483387  0.          0.80436173 -0.16197535]
 [-1.03566924 -3.59899769 -0.45653357  0.          0.49416171 -0.12044259]
 [-0.87008221 -3.61241285 -0.41206982  0.         -0.05021674  0.0447408 ]
 [-0.46072975 -3.96468203 -0.48902514  0.          0.0333611   0.33610359]
 [-0.90816417 -4.03637418 -0.07372803  0.         -1.21508737  0.15890936]
 [-1.02635088 -3.53418596 -0.51924377  0.         -0.35782759  0.05334013]
 [-0.44916605  6.2709328  -0.2643316   0.          0.42548896 -0.1513846 ]
 [-1.04043605 -3.49918239 -0.46272503  0.          0.06537017  0.45066554]
 [-0.33605026  6.05097904 -0.11114831  0.          0.71861454 -0.12151433]]
[04/03/2022, 02:55:28] computing sampling shap 3765:3775 within 56.2742 sec, 5.1823 on average
[04/03/2022, 02:55:28] instances left: 100
[04/03/2022, 02:55:28] estimating time left: 0:08:38.230000

[[-1.00184863e+00 -3.62126658e+00 -4.18479847e-01  0.00000000e+00
   9.26729094e-01 -1.24691181e-01]
 [-1.21018617e-01  5.74804347e+00 -7.14982711e-02  0.00000000e+00
   7.52277071e-01 -1.36052187e-01]
 [-8.56648792e-01 -3.70198514e+00 -3.59206396e-01  0.00000000e+00
   7.90732803e-01 -1.12449379e-01]
 [-1.07670447e+00 -3.41465243e+00 -3.95067072e-01  0.00000000e+00
  -6.72131080e-02  1.94020682e-02]
 [ 4.41959753e+00  2.73199258e+00 -1.28860402e-03  0.00000000e+00
   1.27578450e-01 -7.95991308e-02]
 [-6.71378789e-01 -4.03721439e+00 -4.11680034e-01  0.00000000e+00
  -9.04700989e-02  5.82990828e-01]
 [-5.05143640e-01 -2.01838545e+00  7.89094696e+00  0.00000000e+00
   4.00486415e-01  2.65062078e-01]
 [-2.30371353e-01  6.00218284e+00 -2.11128887e-01  0.00000000e+00
  -2.57584550e-01 -2.09697612e-01]
 [-3.92359569e-01  6.22435995e+00 -3.33241990e-01  0.00000000e+00
   4.82651770e-01 -1.23749929e-01]
 [-9.42427894e-01 -3.53949167e+00 -4.28547445e-01  0.00000000e+00
   8.20066864e-01 -1.72270282e-01]]
[04/03/2022, 02:56:21] computing sampling shap 3775:3785 within 52.3727 sec, 5.1837 on average
[04/03/2022, 02:56:21] instances left: 90
[04/03/2022, 02:56:21] estimating time left: 0:07:46.533000

[[-0.84455133 -3.68398686 -0.45323166  0.          0.87899254 -0.13677959]
 [-0.88155214 -3.66534612 -0.42641164  0.          0.45613381  0.0575893 ]
 [ 6.02941331  1.92149666 -0.43521139  0.         -0.80633819  0.01534577]
 [ 4.20162012  3.12920394 -0.23680471  0.          0.48559422 -0.13061638]
 [-0.42302642  6.00419539  0.          0.          0.39905626 -0.05413702]
 [-0.61445631 -3.68646802 -0.68865804  0.         -0.39761228 -0.22307564]
 [-0.78290526 -3.86634901 -0.30845866  0.          0.84950216 -0.1544596 ]
 [-0.85347728 -3.77956048 -0.2843893   0.          0.40884246 -0.20889674]
 [-0.33059925  6.20372515 -0.37402344  0.          0.14689836 -0.18927309]
 [-0.30004923  5.94974685 -0.11637349  0.         -0.18202989  0.38112644]]
[04/03/2022, 02:57:13] computing sampling shap 3785:3795 within 51.781 sec, 5.1836 on average
[04/03/2022, 02:57:13] instances left: 80
[04/03/2022, 02:57:13] estimating time left: 0:06:54.688000

[[-0.29866134  6.05700698 -0.11077595  0.          0.77628674 -0.14091969]
 [-0.94402806 -4.05049332  0.          0.         -0.15868027 -0.12537673]
 [-0.9457531  -3.47816644 -0.5639921   0.         -0.2021418  -0.08852553]
 [-0.24048545  5.96035371 -0.07194107  0.         -0.02509759  0.10203694]
 [-0.11578406  5.88413474 -0.24739237  0.         -0.30161467  0.27213681]
 [-0.72000146 -3.7496848  -0.49540424  0.         -0.24360988 -0.04826301]
 [-0.74231252 -3.63856189 -0.57965143  0.          0.4422531  -0.19920861]
 [-0.81932488 -3.68333067 -0.44896049  0.          0.88185327 -0.19290742]
 [-1.05969947 -3.60194989 -0.3515118   0.          0.48798294 -0.09627422]
 [ 4.26658074  3.09936893 -0.17579744  0.         -0.65567964 -0.1900113 ]]
[04/03/2022, 02:58:03] computing sampling shap 3795:3805 within 50.7113 sec, 5.1808 on average
[04/03/2022, 02:58:03] instances left: 70
[04/03/2022, 02:58:03] estimating time left: 0:06:02.656000

[[-0.81439992 -3.5944512  -0.57038609  0.         -1.05985134  0.2175224 ]
 [-0.8681349  -4.03129127  0.          0.         -0.41302562  0.34297441]
 [-0.77037041 -3.62253117 -0.62016267  0.          0.0773086  -0.18134785]
 [ 4.34595492  2.93764788 -0.34437346  0.         -1.26248601  0.22581095]
 [-0.47757474  6.21797301 -0.11036109  0.         -0.45155464  0.03822941]
 [-0.24353267  6.08863772 -0.19655332  0.          0.65582733 -0.0538649 ]
 [-0.80253209 -3.75161526 -0.48486548  0.         -0.61891909 -0.2349112 ]
 [ 4.12535684  3.01118928  0.          0.          0.3419383  -0.12565918]
 [ 4.44308937  2.91314115 -0.20859471  0.         -0.65970407  0.07011002]
 [-0.47200157  6.00444175  0.          0.         -0.18532606 -0.21313915]]
[04/03/2022, 02:58:57] computing sampling shap 3805:3815 within 54.1222 sec, 5.1863 on average
[04/03/2022, 02:58:57] instances left: 60
[04/03/2022, 02:58:57] estimating time left: 0:05:11.178000

[[-0.87803561 -3.59623359 -0.62577343  0.         -1.26495675 -0.1164741 ]
 [-0.69559085 -3.70417106 -0.60518475  0.         -0.49489522  0.31602726]
 [-0.74165903 -3.72992991 -0.52299686  0.         -0.24077501 -0.00851909]
 [-0.9926066  -3.4064053  -0.47994199  0.          0.37738701  0.11759285]
 [-0.88570469 -3.76292868 -0.33398885  0.          0.10379053  0.06191888]
 [-0.98499978 -3.62513516 -0.40175815  0.          0.89311341 -0.12077748]
 [ 4.49366809  2.60414654 -0.14547836  0.         -1.11488319  0.11356981]
 [-0.69771641 -4.12722785 -0.1640215   0.          0.03776587 -0.16590309]
 [-0.90662832 -3.98136626 -0.07179305  0.         -0.78981035 -0.07927006]
 [-0.76046338 -3.61055594 -0.61589556  0.         -0.67597682 -0.00461806]]
[04/03/2022, 02:59:48] computing sampling shap 3815:3825 within 50.2277 sec, 5.1825 on average
[04/03/2022, 02:59:48] instances left: 50
[04/03/2022, 02:59:48] estimating time left: 0:04:19.125000

[[-4.76736589e-01  6.05725218e+00 -7.16691281e-02  0.00000000e+00
  -5.63904623e-01 -1.77235373e-01]
 [-3.08588626e-01  6.03556566e+00 -1.37376813e-01  0.00000000e+00
  -5.50711487e-01 -2.49070279e-01]
 [-7.27834147e-01 -3.74113868e+00 -4.45160993e-01  0.00000000e+00
  -1.33025679e-02  5.01969040e-01]
 [-9.77602087e-02  5.83289383e+00 -2.49919280e-01  0.00000000e+00
   8.44138208e-01 -1.57601574e-01]
 [-7.05321063e-01 -3.59904143e+00 -5.09966928e-01  0.00000000e+00
   2.27962042e-01 -2.02440738e-02]
 [-3.92885384e-01  6.28773868e+00 -2.48463449e-01  0.00000000e+00
  -1.15417892e+00 -1.39846071e-01]
 [-7.08287284e-01 -3.67481543e+00 -6.23938040e-01  0.00000000e+00
   9.16926180e-01 -8.45230128e-02]
 [-2.84858855e-01  6.16474335e+00 -3.06935965e-01  0.00000000e+00
  -2.32122825e-01 -2.06850865e-01]
 [-8.36959554e-01 -3.69920300e+00 -3.41632024e-01  0.00000000e+00
  -7.61918694e-01 -2.53130225e-01]
 [-2.90041007e-01  6.10267991e+00 -2.68074888e-01  0.00000000e+00
  -5.39458813e-01 -2.13125457e-03]]
[04/03/2022, 03:00:39] computing sampling shap 3825:3835 within 51.7633 sec, 5.1824 on average
[04/03/2022, 03:00:39] instances left: 40
[04/03/2022, 03:00:39] estimating time left: 0:03:27.296000

[[-0.90155338 -3.66175375 -0.41289661  0.          0.88061307 -0.16707957]
 [-0.6622392  -3.55714586 -0.6283033   0.         -0.81139105 -0.10791738]
 [ 4.04091777  2.90805869 -0.08345102  0.         -1.3168178   0.4149771 ]
 [-0.91160972 -3.67585971 -0.31020012  0.         -0.52061039  0.66268332]
 [ 4.40357167  2.74323741 -0.08398923  0.         -0.2829332   0.02134301]
 [-0.27873678  5.95495656 -0.13605309  0.          0.77193504 -0.14035075]
 [-0.92463533 -3.75234382 -0.31898526  0.         -0.22294328 -0.23504684]
 [ 4.41194305  2.83182885 -0.23698368  0.         -0.48799083  0.0533488 ]
 [-0.68311952 -3.74527754 -0.60907199  0.          0.08708651 -0.20044658]
 [-0.87419905 -3.73428712 -0.3523253   0.          0.83249597 -0.13435454]]
[04/03/2022, 03:01:33] computing sampling shap 3835:3845 within 53.367 sec, 5.1858 on average
[04/03/2022, 03:01:33] instances left: 30
[04/03/2022, 03:01:33] estimating time left: 0:02:35.574000

[[-9.91750457e-01 -3.63764451e+00 -4.08846756e-01  0.00000000e+00
  -1.26347088e-01  3.03311209e-01]
 [-6.82235276e-01 -3.92799409e+00 -3.69471734e-01  0.00000000e+00
  -5.95824582e-01  6.97865420e-02]
 [-2.09186066e-01  5.98251754e+00 -3.08658460e-01  0.00000000e+00
  -3.38158677e-01 -5.45264738e-02]
 [ 4.44052808e+00  2.68031285e+00 -8.32044161e-02  0.00000000e+00
   2.05672247e-01 -1.27323094e-03]
 [-1.03449040e+00 -3.58119043e+00 -3.30271913e-01  0.00000000e+00
   8.16080401e-01 -4.47653439e-02]
 [-7.88983610e-01 -3.65111412e+00 -5.61265129e-01  0.00000000e+00
  -1.27693992e+00 -1.35988159e-01]
 [-7.70330528e-01 -3.87725590e+00 -3.90290330e-01  0.00000000e+00
  -1.27391140e+00 -2.15918209e-01]
 [-8.19948718e-01 -3.73728304e+00 -4.11937633e-01  0.00000000e+00
  -2.53172524e-01 -3.46210834e-02]
 [-8.66621422e-01 -3.46983124e+00 -5.84165341e-01  0.00000000e+00
   8.17367387e-01 -1.59420137e-01]
 [-2.16190324e-01  6.21728484e+00 -2.74764612e-01  0.00000000e+00
   8.07508572e-02 -1.85715972e-02]]
[04/03/2022, 03:02:23] computing sampling shap 3845:3855 within 50.1943 sec, 5.1822 on average
[04/03/2022, 03:02:23] instances left: 20
[04/03/2022, 03:02:23] estimating time left: 0:01:43.644000

[[ 4.28083626e+00  2.95643142e+00 -4.20319538e-04  0.00000000e+00
  -5.44990369e-01  7.94116474e-02]
 [-7.40756940e-01 -3.59485224e+00 -7.29007029e-01  0.00000000e+00
   1.45680952e-01  3.94032731e-01]
 [-7.69821490e-02  5.76327151e+00 -2.00973790e-01  0.00000000e+00
   8.22911226e-01 -1.36475364e-01]
 [-5.15024196e-01 -1.73088355e+00  7.72763808e+00  0.00000000e+00
   7.40255795e-01 -1.03939603e-01]
 [-5.44131293e-01 -3.90093478e+00 -5.27679066e-01  0.00000000e+00
  -4.15190044e-01 -6.70866105e-02]
 [-9.95853819e-01 -3.66225056e+00 -3.79093300e-01  0.00000000e+00
   9.51380573e-01 -1.76852988e-01]
 [-1.73071862e-01  1.64569619e+01 -2.38656755e-01  0.00000000e+00
  -8.82322358e-01 -5.63982811e-02]
 [-9.70270309e-01 -3.69671784e+00 -2.97363338e-01  0.00000000e+00
  -3.50444671e-01  2.36661149e-01]
 [-8.22194911e-01 -3.81301075e+00 -3.95972241e-01  0.00000000e+00
  -6.15032546e-01  2.60612834e-01]
 [-7.75146879e-01 -3.67177957e+00 -5.52845042e-01  0.00000000e+00
   3.41088632e-02 -1.85166576e-01]]
[04/03/2022, 03:03:14] computing sampling shap 3855:3865 within 51.4969 sec, 5.1815 on average
[04/03/2022, 03:03:14] instances left: 10
[04/03/2022, 03:03:14] estimating time left: 0:00:51.815000

[[-0.42356823  6.23075274 -0.28238157  0.         -0.15808369  0.24427601]
 [-0.74031265 -3.63353175 -0.67529239  0.          0.49962496 -0.19971443]
 [-0.92442955 -3.66138319 -0.56512878  0.         -0.33869028 -0.12063865]
 [-0.28930884  5.89563634  0.          0.         -0.62331265 -0.19319602]
 [-0.77771642 -3.75991787 -0.44520072  0.          0.86481327 -0.14464837]
 [ 5.9568233   1.56948417 -0.28182321  0.          0.65891635 -0.1499031 ]
 [-0.11151509  5.61926586  0.          0.         -0.92690386 -0.17784771]
 [-0.91987295 -3.44103192 -0.53204385  0.         -0.06517946 -0.19270081]
 [-0.81359778  6.50934512  0.          0.         -0.57037434 -0.12840809]
 [-0.71575428 -3.92533694 -0.45050794  0.         -0.46630508  0.147879  ]]
[04/03/2022, 03:03:14] finish computing sampling shap for range: [8, 8] within 2435.31978 sec
