Child #[0, 1]: psutil.Process(pid=4870, name='python', status='running', started='03:06:23'), affinity [0, 1]
Child #[0, 1]: Set my affinity to [0, 1], affinity now [0, 1]

[04/03/2022, 02:22:11] start computing sampling shap for range: [1, 8]
[04/03/2022, 02:23:03] computing sampling shap 0:10 within 52.2056 sec, 5.2206 on average
[04/03/2022, 02:23:03] instances left: 475
[04/03/2022, 02:23:03] estimating time left: 0:41:19.785000

[[-0.94049042 -3.68446067 -0.48191636  0.          0.14077687 -0.15101263]
 [-0.28586228  6.03412804 -0.17819004  0.          0.07368905 -0.18703735]
 [-0.79641073 -3.88623257 -0.42951585  0.          0.1852444  -0.12295438]
 [ 4.30661773  2.6435578  -0.08409881  0.          0.80290899 -0.15366772]
 [-0.13772228  6.02267657 -0.24157819  0.         -1.49413574 -0.22526204]
 [-0.75099157 -3.51275135 -0.61942594  0.          0.76792282 -0.08868191]
 [-0.62273425 -3.80993841 -0.48927559  0.          0.80151474 -0.05420415]
 [-0.83548864 -4.03287838 -0.11709681  0.          0.08321202  0.45677521]
 [-1.0064756  -3.46887602 -0.5551855   0.          0.92494856 -0.13396835]
 [-0.4280958   2.83710584  3.08497063  0.         -0.17021582  0.42254467]]
[04/03/2022, 02:23:54] computing sampling shap 10:20 within 51.6092 sec, 5.1908 on average
[04/03/2022, 02:23:54] instances left: 465
[04/03/2022, 02:23:54] estimating time left: 0:40:13.722000

[[-0.95804278 -3.45393813 -0.6083095   0.          0.91075465 -0.15313428]
 [-0.68788883 -4.00243342 -0.3623848   0.         -0.56080408 -0.23995732]
 [-0.28502887  6.11354334 -0.29223784  0.         -0.40389325  0.36683097]
 [-0.73439589 -3.8894501  -0.26977797  0.          0.76987938 -0.080183  ]
 [-0.98322275 -3.48681385 -0.52493758  0.          0.08087857  0.38337806]
 [-0.99785494 -3.53674609 -0.4321385   0.         -0.15871679  0.28866215]
 [-0.93447231 -3.85228916 -0.19049692  0.          0.86751536 -0.09418441]
 [-0.43305995  5.95573373  0.          0.         -0.16706861  0.32732034]
 [ 4.23518618  2.84729167 -0.08337417  0.          0.499298   -0.09490735]
 [-0.92784303 -3.54467769 -0.55481035  0.         -0.3195455   0.38161461]]
[04/03/2022, 02:24:48] computing sampling shap 20:30 within 53.5354 sec, 5.2451 on average
[04/03/2022, 02:24:48] instances left: 455
[04/03/2022, 02:24:48] estimating time left: 0:39:46.520500

[[ 4.48168051e+00  2.66773262e+00 -8.06009611e-04  0.00000000e+00
  -3.56048441e-01 -5.73987616e-02]
 [-3.62500583e-01  6.33397358e+00 -3.57300464e-01  0.00000000e+00
  -6.43917608e-01  2.17447974e-01]
 [-9.53211691e-01 -3.60260103e+00 -4.52959935e-01  0.00000000e+00
   7.20131491e-02 -5.78026628e-02]
 [-9.33122126e-01 -4.03429857e+00  0.00000000e+00  0.00000000e+00
  -1.71003753e-01  3.97970387e-01]
 [-1.17218862e-01  5.83368632e+00 -1.88939174e-01  0.00000000e+00
  -1.06346620e+00  4.02034583e-01]
 [-1.07699041e+00 -3.46152649e+00 -3.83343220e-01  0.00000000e+00
  -1.37744040e+00  4.03549493e-01]
 [-2.93952095e-01  5.79233042e+00  0.00000000e+00  0.00000000e+00
   8.09373529e-01 -5.72373966e-02]
 [-8.58461602e-01 -3.58791742e+00 -6.12543349e-01  0.00000000e+00
  -3.64977368e-01  4.07202013e-01]
 [-1.33565865e-01  5.86092925e+00 -1.61043854e-01  0.00000000e+00
  -2.15970348e-01  1.17327510e-01]
 [-8.00530749e-01 -3.63239475e+00 -4.38442653e-01  0.00000000e+00
  -5.02441644e-01 -1.34421249e-01]]
[04/03/2022, 02:25:42] computing sampling shap 30:40 within 53.9626 sec, 5.2829 on average
[04/03/2022, 02:25:42] instances left: 445
[04/03/2022, 02:25:42] estimating time left: 0:39:10.890500

[[-3.14384227e-01 -2.08333639e+00  7.73557862e+00  0.00000000e+00
   8.29310100e-01 -3.77917914e-02]
 [-4.36756026e-01  6.00101690e+00 -1.62250188e-01  0.00000000e+00
   9.30652624e-01 -1.60912183e-01]
 [-3.56208898e-01  6.02261242e+00 -6.99461772e-02  0.00000000e+00
   7.52897748e-01 -1.77604345e-01]
 [-8.55345117e-01 -3.73341902e+00 -3.82425509e-01  0.00000000e+00
  -2.46164925e-01  7.93663474e-02]
 [ 4.44275407e+00  2.58062673e+00 -4.13296588e-04  0.00000000e+00
  -9.34178099e-01 -1.51306329e-01]
 [ 4.62209666e+00  2.62465673e+00 -8.25967940e-02  0.00000000e+00
  -4.65064876e-01 -1.98847912e-01]
 [-8.07953661e-01 -3.62148092e+00 -4.78580371e-01  0.00000000e+00
  -3.74240172e-01  3.16993326e-01]
 [-7.79957960e-01 -3.75334821e+00 -3.94102344e-01  0.00000000e+00
  -9.24746891e-03 -7.52056101e-02]
 [-2.33028369e-01  6.08063872e+00 -2.44707078e-01  0.00000000e+00
   5.49466421e-02 -2.01122398e-01]
 [-7.92708424e-01 -3.69701125e+00 -3.60423271e-01  0.00000000e+00
  -3.31073073e-01  1.20716029e-01]]
[04/03/2022, 02:26:32] computing sampling shap 40:50 within 49.8728 sec, 5.2238 on average
[04/03/2022, 02:26:32] instances left: 435
[04/03/2022, 02:26:32] estimating time left: 0:37:52.353000

[[-0.79501642 -3.73892066 -0.46348542  0.          0.42509448 -0.12043777]
 [-0.8824719  -3.66462462 -0.40131291  0.         -0.91577278  0.33854446]
 [-0.40896633  6.36166434 -0.29137101  0.         -0.74975324 -0.20361457]
 [-1.0371223  -3.48032363 -0.52537739  0.         -0.5283608   0.01875454]
 [-0.36139594  6.03816549 -0.12333173  0.         -0.7911146   0.23417047]
 [-0.58060944 -3.83423783 -0.50824134  0.          0.41043942 -0.13768174]
 [ 4.32849199  2.82066166 -0.19241428  0.          0.46235736  0.04748176]
 [ 4.51852871  2.54289247 -0.08256285  0.          0.68489906 -0.11663153]
 [ 8.96056901 -1.81752322 -0.12946796  0.          0.36625528 -0.07096365]
 [-0.67693101 -3.55018023 -0.78506888  0.         -1.16374182  0.09654861]]
[04/03/2022, 02:27:25] computing sampling shap 50:60 within 53.6618 sec, 5.2476 on average
[04/03/2022, 02:27:25] instances left: 425
[04/03/2022, 02:27:25] estimating time left: 0:37:10.230000

[[-0.12888231  5.78992359 -0.07335542  0.         -0.90613269 -0.15747508]
 [-0.41913643  6.1984369  -0.14710361  0.          0.05663471  0.040515  ]
 [ 4.48020269  2.52367587 -0.08078985  0.          0.69814828 -0.10591912]
 [ 4.68902982  2.57750843 -0.15893328  0.          0.55831342 -0.15060059]
 [-0.74188089 -3.61505683 -0.54901633  0.          0.81873384 -0.17545035]
 [-0.37434415  6.1675914  -0.24077801  0.         -0.31851942  0.45343933]
 [-1.02559803 -3.45905154 -0.62977108  0.         -0.15005284 -0.10259643]
 [-0.54272817 -3.83564073 -0.53864034  0.         -0.95608919  0.56039061]
 [11.30274411  6.41646254 -0.26073341  0.         -1.03096235  0.12150822]
 [-0.73864336 -3.72058595 -0.44392349  0.          0.77357701 -0.13309463]]
[04/03/2022, 02:28:17] computing sampling shap 60:70 within 51.0322 sec, 5.227 on average
[04/03/2022, 02:28:17] instances left: 415
[04/03/2022, 02:28:17] estimating time left: 0:36:09.205000

[[-0.3891105   6.391265   -0.39361606  0.          0.33805966  0.17477276]
 [-0.23804481  5.85248109 -0.11561824  0.         -1.26478043  0.39623286]
 [-0.3105405   5.95092963 -0.11628138  0.          0.78060178 -0.13295842]
 [-0.96787384  7.07137063 -0.50797162  0.         -0.52599027 -0.19877436]
 [-0.59493102 -3.63247721 -0.55724399  0.          0.72020224 -0.1751074 ]
 [ 3.40070593  1.72604942  1.84494881  0.          0.69434445 -0.10039707]
 [-0.9710234  -3.84807867 -0.18772307  0.         -0.63162492  0.05294293]
 [-0.44413307 -1.84189753  7.70190498  0.         -0.32828851 -0.2150738 ]
 [-0.66274793 -3.82917401 -0.51669292  0.          0.88111962 -0.13517495]
 [-0.65532815 -3.71053939 -0.58214703  0.         -0.4737399  -0.20306235]]
[04/03/2022, 02:29:11] computing sampling shap 70:80 within 54.0997 sec, 5.2499 on average
[04/03/2022, 02:29:11] instances left: 405
[04/03/2022, 02:29:11] estimating time left: 0:35:26.209500

[[-9.97058794e-01 -3.61869176e+00 -3.51953408e-01  0.00000000e+00
   8.53420584e-01 -6.03543344e-02]
 [-5.27578990e-01 -4.02069972e+00 -3.48476136e-01  0.00000000e+00
   3.80441011e-01 -2.32912246e-01]
 [-6.34860746e-01 -1.62212966e+00  7.64400955e+00  0.00000000e+00
  -3.67167536e-03  7.99976616e-03]
 [-3.56068605e-01  6.12132606e+00 -2.40348592e-01  0.00000000e+00
   5.84215365e-02  4.99539743e-01]
 [-7.78803614e-01 -3.78151238e+00 -4.50987568e-01  0.00000000e+00
   6.58112200e-02 -1.71610729e-01]
 [-1.03836687e+00 -3.50867827e+00 -3.76291059e-01  0.00000000e+00
  -4.95461253e-01 -8.33340885e-02]
 [ 6.06608720e+00  1.66925187e+00 -2.99420814e-01  0.00000000e+00
  -1.50249483e-01 -4.66734916e-02]
 [ 4.57116900e+00  2.83655158e+00 -3.06868719e-01  0.00000000e+00
  -1.67901287e-01  1.30632064e-01]
 [-6.01384395e-01 -3.59789609e+00 -6.87223525e-01  0.00000000e+00
   9.64019780e-03  5.78953984e-02]
 [-9.15300067e-01 -3.61627148e+00 -4.97917180e-01  0.00000000e+00
  -5.19009611e-01 -2.45329500e-01]]
[04/03/2022, 02:30:02] computing sampling shap 80:90 within 51.0796 sec, 5.2341 on average
[04/03/2022, 02:30:02] instances left: 395
[04/03/2022, 02:30:02] estimating time left: 0:34:27.469500

[[ 4.32249667  2.84232934 -0.08125877  0.          0.34706879 -0.02714173]
 [-0.70208174 -3.74924146 -0.35880207  0.          0.71761826 -0.14704991]
 [-0.74301959 -3.85595226 -0.34035563  0.          0.35527799 -0.05110738]
 [-0.92367573 -3.51893461 -0.48892923  0.          0.42187865  0.12727175]
 [-0.7419771  -3.8257161  -0.43393507  0.          0.44363113 -0.08622013]
 [-0.85776302 -3.57815157 -0.67050162  0.         -1.35072135 -0.04722921]
 [-0.96461604 -3.40022051 -0.48182732  0.         -0.5292106   0.06893818]
 [-0.40188647  6.1505086  -0.29106866  0.         -0.3109982   0.0349902 ]
 [-0.6392721  -3.76682777 -0.4966973   0.          0.79313598 -0.09426665]
 [-0.57487088 -3.72461211 -0.61387949  0.          0.76131179  0.02124807]]
[04/03/2022, 02:30:55] computing sampling shap 90:100 within 53.7177 sec, 5.2479 on average
[04/03/2022, 02:30:55] instances left: 385
[04/03/2022, 02:30:55] estimating time left: 0:33:40.441500

[[-0.78737853 -3.90056298 -0.32635098  0.          0.89759243 -0.0642932 ]
 [-0.40773974 -2.26417427  8.04318598  0.          0.36448382  0.26511628]
 [-0.97229001 -3.42074507 -0.46858889  0.         -0.81106571 -0.22830039]
 [-0.92901232 -3.46841086 -0.63220254  0.          0.48760552 -0.20720611]
 [-0.71033604 -3.74020079 -0.51216334  0.          0.85469589 -0.09592346]
 [-0.44706696 -2.19999311  7.93035381  0.          0.19296474  0.17353502]
 [-0.33910553  6.08638065 -0.1755075   0.          0.42421644 -0.16444427]
 [-0.91598327 -3.56842137 -0.4249018   0.         -0.59973081  0.24526771]
 [-0.71305505 -3.8126928  -0.39260889  0.          0.79998543 -0.14429868]
 [-0.44229527  6.36909385 -0.38992492  0.          0.78608854 -0.15121162]]
[04/03/2022, 02:31:46] computing sampling shap 100:110 within 50.8075 sec, 5.2327 on average
[04/03/2022, 02:31:46] instances left: 375
[04/03/2022, 02:31:46] estimating time left: 0:32:42.262500

[[-8.28581592e-01 -3.62117521e+00 -5.09772259e-01  0.00000000e+00
  -6.25954334e-01  1.52887312e-02]
 [ 4.25288996e+00  2.85097834e+00  0.00000000e+00  0.00000000e+00
   4.39635865e-01 -5.41089819e-02]
 [-6.78446817e-01 -3.62195936e+00 -7.16051011e-01  0.00000000e+00
   9.07860190e-01 -1.54073325e-01]
 [-9.30724124e-01 -3.91702035e+00 -2.40263557e-01  0.00000000e+00
  -5.97111642e-01 -2.06482381e-01]
 [-9.93809943e-01 -3.60323559e+00 -4.18893445e-01  0.00000000e+00
   8.92915452e-01 -1.39646654e-01]
 [-9.28223686e-01 -3.65146399e+00 -4.33228685e-01  0.00000000e+00
  -1.21690937e+00  8.17902816e-02]
 [-7.55275578e-01 -3.83471730e+00 -3.23319765e-01  0.00000000e+00
   2.88534318e-01  3.32603361e-03]
 [-1.55636099e-01  5.85942778e+00 -1.90595316e-01  0.00000000e+00
   7.85819771e-01 -1.27264908e-01]
 [-7.19623935e-01 -3.92666007e+00 -4.07919256e-01  0.00000000e+00
  -8.84578228e-01 -4.98008483e-02]
 [-4.27398269e-01  6.33133698e+00 -2.26808359e-01  0.00000000e+00
   4.97295005e-01 -1.20825186e-01]]
[04/03/2022, 02:32:36] computing sampling shap 110:120 within 49.6314 sec, 5.2103 on average
[04/03/2022, 02:32:36] instances left: 365
[04/03/2022, 02:32:36] estimating time left: 0:31:41.759500

[[-0.72535209 -3.64060717 -0.67185266  0.         -0.53981463  0.51086789]
 [-0.93784533 -3.51874119 -0.49148315  0.          0.42338145 -0.19279301]
 [-0.76235248 -3.57682006 -0.59485907  0.         -0.16633535  0.3971066 ]
 [-0.74643814 -3.53312694 -0.57319371  0.         -0.80968387 -0.16899247]
 [-0.70218777 -3.5499016  -0.59859773  0.         -0.57193529 -0.18764835]
 [-0.51671264 -3.80868674 -0.49892612  0.         -0.57173844  0.36821986]
 [-0.77500984 -3.76643233 -0.50555632  0.         -0.54495345  0.31343745]
 [-0.53488294 -1.77342251  7.64945394  0.         -0.21082882  0.48713251]
 [-0.21636524  5.93545976 -0.11338665  0.          0.06474507 -0.1082938 ]
 [-1.00346765 -3.49414715 -0.48885606  0.          0.86239701 -0.13859651]]
[04/03/2022, 02:33:26] computing sampling shap 120:130 within 50.5536 sec, 5.1984 on average
[04/03/2022, 02:33:26] instances left: 355
[04/03/2022, 02:33:26] estimating time left: 0:30:45.432000

[[-0.57032515 -3.85873472 -0.53653148  0.          0.07122689 -0.11749652]
 [-0.90453875 -3.53135084 -0.5614825   0.          0.45225051 -0.07633085]
 [-0.89036576 -3.63163997 -0.49698988  0.          0.89031652 -0.02058713]
 [-0.17513731  5.63581695  0.          0.         -0.2371935   0.74465249]
 [-0.70090465 -3.5516634  -0.66412466  0.         -0.19710478  0.48604487]
 [-0.8044148  -3.76795871 -0.49913245  0.         -0.51563207  0.15836824]
 [-0.98830705 -3.58721493 -0.41368887  0.          0.85202079 -0.04380316]
 [-0.85921358 -3.7772865  -0.31246016  0.         -0.45171835 -0.10755214]
 [-0.94253423 -3.56375285 -0.46531797  0.          0.06464469  0.15240335]
 [-0.96232206 -3.4681638  -0.58201693  0.          0.47317934  0.15693417]]
[04/03/2022, 02:34:21] computing sampling shap 130:140 within 54.3171 sec, 5.215 on average
[04/03/2022, 02:34:21] instances left: 345
[04/03/2022, 02:34:21] estimating time left: 0:29:59.175000

[[-2.02466026e-01  6.06372835e+00 -2.80394980e-01  0.00000000e+00
   7.82898855e-01 -1.21589403e-01]
 [-1.24009102e-01  1.60324045e+01 -2.01481727e-05  0.00000000e+00
   8.17544746e-01 -2.02862992e-01]
 [-5.26038136e-01 -3.84735554e+00 -5.97183828e-01  0.00000000e+00
  -2.62977597e-01  6.71203072e-01]
 [-1.01818681e+00 -3.46189639e+00 -4.44008179e-01  0.00000000e+00
  -5.70792265e-01  4.04207461e-01]
 [ 4.47032441e+00  2.67825163e+00 -4.04634145e-04  0.00000000e+00
   3.88259679e-01 -1.83605821e-01]
 [-6.41508947e-01 -3.93617640e+00 -4.66849269e-01  0.00000000e+00
  -4.87053576e-01  7.13261796e-01]
 [-3.39997936e-01  6.15780234e+00 -2.57926466e-01  0.00000000e+00
   7.86153323e-02 -2.41131012e-02]
 [-9.33234374e-01 -3.59564236e+00 -4.26465675e-01  0.00000000e+00
   8.18812197e-01 -4.44632717e-02]
 [ 5.86521480e+00  2.14614582e+00 -5.28995221e-01  0.00000000e+00
  -5.23183766e-01 -1.25630816e-01]
 [-7.44501192e-01 -3.62082867e+00 -4.29977045e-01  0.00000000e+00
   7.19460048e-01 -1.86823531e-01]]
[04/03/2022, 02:35:14] computing sampling shap 140:150 within 53.7387 sec, 5.2256 on average
[04/03/2022, 02:35:14] instances left: 335
[04/03/2022, 02:35:14] estimating time left: 0:29:10.576000

[[-0.8501434  -3.55256251 -0.44260141  0.          0.71291746 -0.10716733]
 [-0.93640715 -3.64358537 -0.48653967  0.         -0.49966485 -0.24645183]
 [-0.36842257  6.27350905 -0.17767955  0.         -0.21288214  0.11486785]
 [-0.6902612  -3.76107296 -0.52780977  0.         -1.11744305 -0.1243106 ]
 [ 4.53337395  2.6818759  -0.08423215  0.          0.34911637 -0.12730878]
 [-0.5489976   6.07804872 -0.0734032   0.          0.20979204 -0.13908173]
 [-0.74598134 -3.79387127 -0.49837792  0.         -0.97473999  0.45763702]
 [-1.28206968 -3.161154   -0.63974875  0.          0.11682949 -0.18468602]
 [ 4.63981428  2.5820278   0.          0.         -0.16481761 -0.15886989]
 [-1.01158338 -3.64904883 -0.21905389  0.         -0.61671645 -0.15254024]]
[04/03/2022, 02:36:05] computing sampling shap 150:160 within 50.8984 sec, 5.2172 on average
[04/03/2022, 02:36:05] instances left: 325
[04/03/2022, 02:36:05] estimating time left: 0:28:15.590000

[[-0.95690087 -3.5420125  -0.52894576  0.         -0.62440703  0.24367473]
 [-1.15710744 -3.45715283 -0.36600324  0.          0.87839864 -0.16080539]
 [ 4.04936201  2.94834311 -0.0801568   0.          0.73522548 -0.10564838]
 [-0.42758005  6.20339817 -0.2276163   0.         -0.7904241   0.92531511]
 [-0.68358488 -3.83317097 -0.38049028  0.          0.76422927 -0.06101402]
 [-0.78265341 -3.84525104 -0.40504063  0.         -0.39402201 -0.24431965]
 [-0.87736342 -3.67781364 -0.27445457  0.          0.75619369 -0.1892325 ]
 [-0.24671407  5.91244439 -0.14490032  0.         -0.15512239  0.24100238]
 [-0.6980038  -1.9434704   7.91763338  0.          0.93476122 -0.14214983]
 [-0.54208945 -1.87940238  7.70651324  0.         -0.43710098  0.71301936]]
[04/03/2022, 02:36:56] computing sampling shap 160:170 within 50.35 sec, 5.2064 on average
[04/03/2022, 02:36:56] instances left: 315
[04/03/2022, 02:36:56] estimating time left: 0:27:20.016000

[[-8.71408207e-01 -3.35222836e+00 -7.47852966e-01  0.00000000e+00
   8.62851114e-01 -1.54031933e-01]
 [-4.94826912e-01  6.02492226e+00  0.00000000e+00  0.00000000e+00
   7.55451196e-01 -1.13795343e-01]
 [-4.05104327e-01  5.94751102e+00 -6.43364173e-04  0.00000000e+00
   1.00355848e-01 -1.46841052e-01]
 [-8.31883636e-01 -3.67919830e+00 -5.00209767e-01  0.00000000e+00
   5.70077754e-02 -1.96545313e-01]
 [-8.44393678e-01 -3.88919106e+00 -3.15078036e-01  0.00000000e+00
  -4.70488389e-01 -3.32779950e-02]
 [-8.43056912e-01 -3.66214717e+00 -4.04046620e-01  0.00000000e+00
   7.55223301e-01 -1.08643022e-01]
 [-9.82815956e-01 -3.65797089e+00 -3.40584988e-01  0.00000000e+00
   4.00218593e-01 -4.02993356e-02]
 [-5.26816131e-01  6.03733134e+00 -7.48060788e-02  0.00000000e+00
   4.92942512e-01 -1.33467996e-01]
 [-8.42719194e-01 -3.51106506e+00 -5.50663348e-01  0.00000000e+00
  -2.94806143e-01 -1.96170942e-01]
 [-2.47666164e-01  5.80152549e+00  0.00000000e+00  0.00000000e+00
  -5.28165479e-01 -7.05869403e-02]]
[04/03/2022, 02:37:51] computing sampling shap 170:180 within 55.5398 sec, 5.2258 on average
[04/03/2022, 02:37:51] instances left: 305
[04/03/2022, 02:37:51] estimating time left: 0:26:33.869000

[[ 4.45691493  2.76242437 -0.14201629  0.          0.22352743 -0.15166086]
 [-1.04357997 -3.65423728 -0.28586882  0.         -0.58573541 -0.28404702]
 [-0.88223752 -3.69626219 -0.35963709  0.         -0.6713667   0.03482199]
 [-0.14954554  5.7952087  -0.14660587  0.         -0.31881142  0.30964963]
 [-0.75825169 -3.5846218  -0.66189163  0.         -1.08667787 -0.12945477]
 [-0.50776549  6.01707613  0.          0.          0.13421262  0.16377227]
 [-0.26386057  5.867298   -0.16211622  0.         -0.25210101  0.56503545]
 [-0.6874069  -3.78437523 -0.46357795  0.          0.8242539  -0.12845096]
 [-0.64843822 -4.09750853 -0.1833641   0.          0.84624046 -0.12085695]
 [-1.03120415 -3.4679036  -0.42950602  0.          0.3730621  -0.19367465]]
[04/03/2022, 02:38:42] computing sampling shap 180:190 within 50.2776 sec, 5.2153 on average
[04/03/2022, 02:38:42] instances left: 295
[04/03/2022, 02:38:42] estimating time left: 0:25:38.513500

[[-0.83817754 -3.38083756 -0.71520391  0.          0.84212674 -0.10193876]
 [-0.8376485  -3.89697592 -0.24925485  0.         -0.55323964 -0.27552936]
 [-0.2773712   5.9327015  -0.07342995  0.         -0.53298841  0.12448836]
 [-0.9531457  -3.33094855 -0.79293451  0.         -0.25513661  0.46353108]
 [-0.51304464  6.15725563 -0.14932747  0.          0.14795491  0.08650782]
 [-0.16602064  5.69180271  0.          0.         -0.3680742   0.13212423]
 [-0.78875308 -3.51043908 -0.67044969  0.         -0.16956727  0.39875461]
 [ 4.47172679  2.80522756 -0.23971827  0.         -0.39947554 -0.01645891]
 [-0.5342494  -3.59260031  9.43313143  0.          0.42135599 -0.12985877]
 [-0.87882028 -3.99454335 -0.25224643  0.         -0.54824793 -0.21898508]]
[04/03/2022, 02:39:31] computing sampling shap 190:200 within 49.3004 sec, 5.2011 on average
[04/03/2022, 02:39:31] instances left: 285
[04/03/2022, 02:39:31] estimating time left: 0:24:42.313500

[[-0.2558153   6.07101329 -0.29533609  0.         -0.88551463 -0.01107676]
 [-0.66914481 -1.82620909  7.82988588  0.          0.47533272  0.12281585]
 [-0.40569181  5.92191127  0.          0.         -0.86719266 -0.07559412]
 [-0.55219775  6.17984575  0.          0.         -0.27085108 -0.04241311]
 [-0.74092538 -3.88233885 -0.30551886  0.          0.34938551 -0.16982857]
 [-0.61751165 -3.81722547 -0.4915444   0.          0.79676782 -0.13315636]
 [-0.842841   -3.60774755 -0.57637803  0.         -0.64122058 -0.17978322]
 [-0.77535257 -3.81522775 -0.52208656  0.         -0.59625875 -0.10874052]
 [-0.92434165  6.89175636 -0.34007824  0.          0.16742984 -0.16783374]
 [-0.26115321  6.08514736 -0.27811948  0.         -1.15916256 -0.15033733]]
[04/03/2022, 02:40:26] computing sampling shap 200:210 within 55.2137 sec, 5.2163 on average
[04/03/2022, 02:40:26] instances left: 275
[04/03/2022, 02:40:26] estimating time left: 0:23:54.482500

[[-1.09176814 -3.42030085 -0.38754407  0.          0.7626492  -0.12570656]
 [-0.70566027 -3.58729483 -0.61856586  0.          0.80748449 -0.13552074]
 [-1.05297018 -3.57221112 -0.5198137   0.          0.1740681  -0.01878077]
 [-0.87472665 -3.63793589 -0.55619172  0.         -0.75104121  0.23973998]
 [-0.15277252  5.77246291 -0.06912163  0.          0.41690497 -0.17228998]
 [ 4.52147906  2.79342383 -0.14261554  0.         -0.64040447 -0.10100592]
 [ 4.52645641  2.74576843 -0.16619355  0.          0.16270317 -0.11954511]
 [-0.87828579 -3.52289058 -0.54012967  0.          0.8289234  -0.06861078]
 [-0.64536327 -3.90592516 -0.40561161  0.          0.92066218 -0.22643231]
 [-0.27649679  5.76050639  0.          0.          0.46950058  0.01661517]]
[04/03/2022, 02:41:21] computing sampling shap 210:220 within 54.6108 sec, 5.2275 on average
[04/03/2022, 02:41:21] instances left: 265
[04/03/2022, 02:41:21] estimating time left: 0:23:05.287500

[[-0.23663909  5.90968573 -0.22078973  0.          0.52088391 -0.14160057]
 [-0.21005715  6.05356787 -0.25057442  0.          0.37218325 -0.13358004]
 [ 4.24774753  2.80684861 -0.08122606  0.          0.71908045 -0.14532489]
 [-0.8823852  -3.36717216 -0.70002004  0.         -0.22038978  0.11898823]
 [-0.42314604 -2.01390383  7.80349011  0.          0.39412428 -0.14550833]
 [-0.34860798  6.19054245 -0.23856419  0.          0.42442761 -0.1962586 ]
 [-0.2583806   5.97816066 -0.20668469  0.          0.79733893 -0.13868349]
 [-0.90599738 -3.82891963 -0.25675162  0.         -0.48194854  0.06257407]
 [-0.76925593  6.96726337 -0.52927046  0.         -1.36325791 -0.11894304]
 [-0.27755494  6.00946816 -0.22403101  0.         -1.03365354  0.32947864]]
[04/03/2022, 02:42:13] computing sampling shap 220:230 within 52.1856 sec, 5.2271 on average
[04/03/2022, 02:42:13] instances left: 255
[04/03/2022, 02:42:13] estimating time left: 0:22:12.910500

[[-9.28306022e-01 -3.44244697e+00 -6.81173453e-01  0.00000000e+00
  -4.33494564e-01  5.99077561e-01]
 [-7.60556267e-01 -3.32972512e+00 -7.95706281e-01  0.00000000e+00
   5.94079319e-03  2.06174136e-01]
 [-8.31620835e-01 -3.86892793e+00 -3.11212676e-01  0.00000000e+00
   8.87034467e-01 -1.37943064e-01]
 [-4.45091624e-01  6.26709831e+00 -2.53886217e-01  0.00000000e+00
   4.97667446e-02 -1.71593064e-02]
 [-8.69664942e-01 -3.71333135e+00 -3.72623637e-01  0.00000000e+00
   3.13702716e-02 -8.76115394e-02]
 [ 6.06084188e+00  1.78532310e+00 -5.26500218e-01  0.00000000e+00
   4.02762769e-01 -3.73324822e-02]
 [-7.79497750e-01 -3.84839677e+00 -2.95802272e-01  0.00000000e+00
  -3.31381909e-02 -1.07595734e-02]
 [-7.16324982e-01 -3.65773545e+00 -5.64687432e-01  0.00000000e+00
   3.43892998e-01 -1.17562161e-02]
 [-9.80363851e-01 -3.91789172e+00  0.00000000e+00  0.00000000e+00
  -1.08267120e+00  8.01985022e-02]
 [-3.59058715e-01  6.36452921e+00 -3.76316159e-01  0.00000000e+00
  -5.06067538e-01 -2.24726362e-01]]
[04/03/2022, 02:43:02] computing sampling shap 230:240 within 49.6102 sec, 5.216 on average
[04/03/2022, 02:43:02] instances left: 245
[04/03/2022, 02:43:02] estimating time left: 0:21:17.920000

[[-0.67274335 -4.13452921 -0.21514729  0.          0.93120527 -0.14834198]
 [-0.93057816 -3.51530189 -0.45383869  0.         -0.26433053 -0.15805752]
 [-0.98762792 -3.62369649 -0.4043897   0.         -0.20081706 -0.06073739]
 [-0.34153913  6.27881957 -0.26205333  0.          0.76410715 -0.15639817]
 [-0.91281818 -3.52580916 -0.64906192  0.          0.52637582 -0.18791282]
 [-0.86168671 -3.64208097 -0.4954358   0.          0.90364779 -0.16711483]
 [-0.16746726  2.63625968  3.05595428  0.          0.12168125  0.13777838]
 [-0.9003894  -3.50286078 -0.6989384   0.          0.51453235 -0.1615701 ]
 [-0.50065121 -3.81724098 -0.71866842  0.          0.4710019  -0.12720718]
 [-0.78059219 -3.66875823 -0.58873286  0.          0.96033205 -0.18491945]]
[04/03/2022, 02:43:51] computing sampling shap 240:250 within 48.3981 sec, 5.201 on average
[04/03/2022, 02:43:51] instances left: 235
[04/03/2022, 02:43:51] estimating time left: 0:20:22.235000

[[-8.34857827e-01 -3.68418716e+00 -4.86911752e-01  0.00000000e+00
  -4.37721892e-01 -3.57964580e-03]
 [-7.37762880e-01 -3.65681427e+00 -5.01908171e-01  0.00000000e+00
  -6.38001796e-01  4.67728443e-01]
 [-3.77541993e-01 -4.08265303e+00 -5.95376242e-01  0.00000000e+00
  -3.64058662e-01  2.59102057e-02]
 [-8.09278991e-01 -3.58547220e+00 -4.15340234e-01  0.00000000e+00
   2.89124680e-01 -1.96514616e-01]
 [-8.84505840e-01 -3.70230740e+00 -4.49114051e-01  0.00000000e+00
  -6.48993261e-01  2.68054806e-02]
 [-6.78944967e-01 -3.81080834e+00 -4.59528122e-01  0.00000000e+00
  -4.08445503e-01  2.06892252e-01]
 [-1.96826362e-01  5.96436717e+00 -2.23531041e-01  0.00000000e+00
   7.68088039e-01 -1.40346673e-01]
 [-7.18181349e-01 -3.66819699e+00 -5.70300201e-01  0.00000000e+00
   4.15397992e-01 -1.76200680e-01]
 [-9.60826062e-01 -3.59216314e+00 -4.69784503e-01  0.00000000e+00
   4.15394685e-01  7.67668979e-04]
 [-4.19290577e-01 -4.06225234e+00 -4.60242978e-01  0.00000000e+00
   7.03507355e-03 -1.57288470e-01]]
[04/03/2022, 02:44:42] computing sampling shap 250:260 within 51.2336 sec, 5.198 on average
[04/03/2022, 02:44:42] instances left: 225
[04/03/2022, 02:44:42] estimating time left: 0:19:29.550000

[[-0.22051706  5.97691825 -0.22374143  0.         -1.32587685 -0.06739905]
 [-0.76197915 -3.76104456 -0.40111055  0.          0.40912787 -0.10644597]
 [-0.77044991 -3.86481295 -0.4500071   0.          0.52625121 -0.0913123 ]
 [-0.4831984   6.18080588 -0.21708507  0.          0.85715991 -0.1659316 ]
 [-0.68380801 -3.50539354 -0.58964384  0.          0.2314541  -0.20183531]
 [-0.4753234  -3.92170285 -0.61976272  0.          0.46532353 -0.06998694]
 [-0.84129075 -3.84433178 -0.31784554  0.          0.8124197   0.06836838]
 [-0.94441211 -3.73840294 -0.34067272  0.          0.47159032  0.22652479]
 [-0.68259549 -3.81439941 -0.48739912  0.         -0.4496162  -0.15611789]
 [-0.33249438  6.04669949 -0.23247506  0.          0.88368812 -0.1296577 ]]
[04/03/2022, 02:45:35] computing sampling shap 260:270 within 52.8822 sec, 5.2013 on average
[04/03/2022, 02:45:35] instances left: 215
[04/03/2022, 02:45:35] estimating time left: 0:18:38.279500

[[-1.00426543 -3.7250515  -0.28595985  0.          0.91220139 -0.10085221]
 [ 5.70067139  1.97440327 -0.42372384  0.         -1.08232654  0.18022721]
 [-0.36404599  2.78935327  3.06546143  0.         -0.29003742  0.4594261 ]
 [-0.83032342 -3.52350166 -0.6423241   0.         -0.17997673  0.4799408 ]
 [-0.65517764 -1.86106591  7.77443727  0.          0.16383942  0.34747949]
 [-0.4917412  -4.00393112 -0.46489292  0.          0.84726811 -0.14937297]
 [-0.4715158   6.09763691 -0.18376724  0.          0.89308202 -0.16368523]
 [-0.87247541 -3.57210505 -0.57069339  0.          0.09138289 -0.19321227]
 [-0.5689762  -3.9964883  -0.4791859   0.         -0.63325619 -0.16734521]
 [-0.91201809 -3.59209161 -0.35858099  0.          0.33872299 -0.12025002]]
[04/03/2022, 02:46:26] computing sampling shap 270:280 within 50.9376 sec, 5.1975 on average
[04/03/2022, 02:46:26] instances left: 205
[04/03/2022, 02:46:26] estimating time left: 0:17:45.487500

[[-0.6511098  -3.83784394 -0.56883286  0.          0.49959028 -0.07696076]
 [-0.48137022 -1.71364129  7.47120244  0.          0.88826852  0.01664656]
 [ 5.91481035  1.85798324 -0.30590669  0.         -0.15853418 -0.08847574]
 [-0.78643729 -3.82807268 -0.3840549   0.         -0.64753703  0.15246831]
 [-0.90590065 -3.712817   -0.37247441  0.         -1.00038512  0.33143351]
 [-0.67564047 -3.96142577 -0.33879506  0.          0.07860876 -0.11460867]
 [-0.24836987  6.0123797  -0.16449518  0.          0.75387839 -0.15251258]
 [-0.93170722 -3.63085909 -0.44598029  0.          0.03012319 -0.13868002]
 [-0.44345641  6.25594168 -0.2250542   0.          0.34435302  0.19987448]
 [-0.69870636 -4.12203748 -0.22995972  0.         -1.21060347 -0.23039464]]
[04/03/2022, 02:47:19] computing sampling shap 280:290 within 53.3616 sec, 5.2023 on average
[04/03/2022, 02:47:19] instances left: 195
[04/03/2022, 02:47:19] estimating time left: 0:16:54.448500

[[-8.25328375e-01 -3.52154342e+00 -6.46647746e-01  0.00000000e+00
  -1.31662385e+00  3.57376477e-01]
 [-9.78620417e-01 -3.66993124e+00 -2.73006898e-01  0.00000000e+00
  -6.32550876e-01 -2.58539028e-01]
 [-1.07380355e+00 -3.60937597e+00 -3.85956715e-01  0.00000000e+00
   9.60669510e-01 -1.31090573e-01]
 [-4.51839399e-01 -1.82637672e+00  7.59306323e+00  0.00000000e+00
   8.65564495e-01 -7.22616693e-02]
 [-6.11003959e-01 -3.62827223e+00 -7.30872896e-01  0.00000000e+00
   8.75468935e-01 -1.44876728e-01]
 [-2.63338218e-01  6.09786261e+00 -3.02300820e-01  0.00000000e+00
  -4.68001899e-01  6.36074797e-01]
 [-8.78927757e-01 -3.69553536e+00 -4.41520975e-01  0.00000000e+00
   6.66393338e-02 -1.42694996e-01]
 [-2.97402504e-01  5.99918562e+00 -1.66283244e-01  0.00000000e+00
   4.33691918e-01 -7.18423170e-02]
 [ 4.44702266e+00  2.73528292e+00 -8.22123677e-02  0.00000000e+00
  -4.49763830e-01 -9.05829731e-02]
 [-8.10850425e-01 -3.65930793e+00 -5.88724049e-01  0.00000000e+00
  -9.78911810e-01 -2.45952175e-03]]
[04/03/2022, 02:48:10] computing sampling shap 290:300 within 51.045 sec, 5.199 on average
[04/03/2022, 02:48:10] instances left: 185
[04/03/2022, 02:48:10] estimating time left: 0:16:01.815000

[[-0.57104068 -3.91349594 -0.60421393  0.          0.55837162  0.17637239]
 [-0.34095111  6.11325729 -0.2673843   0.         -0.08946915  0.29894973]
 [-1.03891891 -3.6398077  -0.39812316  0.          0.51238074 -0.1282969 ]
 [-0.16946252  5.81886661 -0.14566359  0.          0.15893709 -0.16739948]
 [-0.88587237 -3.70436968 -0.29019093  0.          0.76067318 -0.14291058]
 [-0.66412587 -3.92223362 -0.4863566   0.          0.46875734 -0.01749383]
 [-0.97947451 -3.64733674 -0.38333417  0.          0.90716793 -0.15969278]
 [-0.80459696 -3.66458183 -0.402909    0.          0.79885488 -0.1894375 ]
 [-0.8238103  -3.58277626 -0.54174064  0.         -0.18068289  0.38855595]
 [-0.86580929 -3.66815075 -0.42958987  0.          0.01976834  0.56594703]]
[04/03/2022, 02:49:01] computing sampling shap 300:310 within 51.1339 sec, 5.1963 on average
[04/03/2022, 02:49:01] instances left: 175
[04/03/2022, 02:49:01] estimating time left: 0:15:09.352500

[[ 4.31854111  2.73916865 -0.13324066  0.          0.75209018 -0.16124164]
 [-0.89648966 -3.73572276 -0.36002449  0.          0.87686411 -0.12418416]
 [-0.89570518 -3.69090464 -0.42293573  0.         -1.06391615 -0.10005835]
 [-0.92487604 -3.77075421 -0.22227911  0.         -0.5589601  -0.14794743]
 [-0.85348338 -3.54248605 -0.63358773  0.         -0.18770242 -0.23669526]
 [-0.22830044 16.46728636 -0.11539939  0.         -0.92141069  0.30608253]
 [ 4.29451799  3.00683959 -0.13483505  0.         -0.1838173   0.09858295]
 [ 4.45882508  2.87796448 -0.13422638  0.         -0.6908572  -0.24067353]
 [-0.86539789 -3.48059341 -0.60847183  0.         -0.36723644  0.45306539]
 [-0.90739789 -3.72070392 -0.37343815  0.         -0.41198848 -0.25775839]]
[04/03/2022, 02:49:54] computing sampling shap 310:320 within 52.5588 sec, 5.1982 on average
[04/03/2022, 02:49:54] instances left: 165
[04/03/2022, 02:49:54] estimating time left: 0:14:17.703000

[[-0.73035139 -3.53901103 -0.5830794   0.         -0.59187769 -0.18049722]
 [-0.87862937 -3.48974566 -0.62081773  0.          0.82847068  0.01145564]
 [-0.08523683  5.76205746 -0.15457427  0.          0.4246677   0.075664  ]
 [-1.03385956 -3.35464618 -0.56364231  0.         -0.20222574  0.29309603]
 [-0.89386811 -3.78980805 -0.17716917  0.         -0.76431136 -0.14090001]
 [-0.81169646 -3.83498785 -0.38507737  0.          0.07462336 -0.03256944]
 [-0.35250649  6.1055406  -0.2026502   0.          0.11510202 -0.13912747]
 [-0.85095899 -3.78115668 -0.44432035  0.          0.1182365  -0.03636264]
 [-0.77350521 -3.70461548 -0.34781575  0.          0.7470327  -0.12502411]
 [-1.02083364 -3.81529278 -0.31394682  0.         -0.93095317 -0.19002033]]
[04/03/2022, 02:50:45] computing sampling shap 320:330 within 50.802 sec, 5.1946 on average
[04/03/2022, 02:50:45] instances left: 155
[04/03/2022, 02:50:45] estimating time left: 0:13:25.163000

[[-0.12489427  5.88209372  0.          0.         -0.60738949  0.33463682]
 [-0.11437845  6.02889372 -0.36295796  0.          0.42297369 -0.17934722]
 [-0.70256554 -3.70629276 -0.55730269  0.         -0.9291555  -0.18644226]
 [-0.83368378 -3.80745196 -0.37198444  0.         -0.56940376 -0.16995   ]
 [-0.78616045 -3.69197475 -0.53412985  0.         -0.2874073   0.53437991]
 [-0.30310571 -2.04037493  7.69334703  0.          0.69019468  0.38748886]
 [-0.3988037   6.16578362 -0.17155893  0.          0.04391571 -0.18260933]
 [ 4.64956472 13.04860584 -0.22964709  0.         -0.63310976 -0.14668343]
 [-0.97897834 -3.31453968 -0.61845629  0.          0.81941526 -0.17011147]
 [-0.21559754  5.98969463 -0.17934241  0.          0.37852652 -0.06981798]]
[04/03/2022, 02:51:34] computing sampling shap 330:340 within 48.978 sec, 5.1859 on average
[04/03/2022, 02:51:34] instances left: 145
[04/03/2022, 02:51:34] estimating time left: 0:12:31.955500

[[-1.00224625e+00 -3.56858680e+00 -4.39356445e-01  0.00000000e+00
  -5.93911703e-01 -2.49367542e-01]
 [-1.67540405e-01  1.62404633e+01 -4.02963132e-05  0.00000000e+00
  -5.91417502e-01 -2.43603778e-01]
 [-8.96391853e-01 -3.52901121e+00 -5.72257210e-01  0.00000000e+00
  -1.50703873e+00 -2.16119139e-01]
 [-2.58378828e-01  6.24581779e+00 -2.76989122e-01  0.00000000e+00
  -8.18810327e-01 -1.82439471e-01]
 [-8.85995174e-01 -3.93083023e+00 -1.59917744e-01  0.00000000e+00
  -1.31156695e+00 -1.93163481e-01]
 [-1.13930227e+00 -3.40118916e+00 -4.44299597e-01  0.00000000e+00
  -6.90842688e-01 -2.17209595e-01]
 [ 8.86666752e+00 -1.86950559e+00 -7.65011342e-02  0.00000000e+00
   6.90725877e-01 -1.47713078e-01]
 [-8.52478169e-01 -3.56197264e+00 -4.71951771e-01  0.00000000e+00
  -2.75681609e-02  2.60298731e-01]
 [-5.67073421e-01 -1.90410129e+00  7.77086951e+00  0.00000000e+00
   4.44996609e-01 -1.91000104e-01]
 [-8.72314162e-01 -3.48333347e+00 -5.73159041e-01  0.00000000e+00
   7.97890215e-01 -1.31754146e-01]]
[04/03/2022, 02:52:30] computing sampling shap 340:350 within 56.0176 sec, 5.1977 on average
[04/03/2022, 02:52:30] instances left: 135
[04/03/2022, 02:52:30] estimating time left: 0:11:41.689500

[[-0.911217   -3.58989071 -0.51542803  0.          0.09524425  0.16673466]
 [-0.80227063 -3.57419261 -0.48223128  0.         -0.04231245 -0.21609641]
 [-0.97897916 -3.62455155 -0.39266861  0.          0.43058168 -0.1836086 ]
 [-0.65341777 -3.75853339 -0.61856266  0.         -0.4231874  -0.13642689]
 [-0.69227305 -3.72805251 -0.61605868  0.         -0.21238456  0.18826872]
 [-0.66494643 -3.57020196 -0.76166794  0.          0.89381136 -0.15966537]
 [-1.01291769 -3.6318631  -0.26434766  0.          0.79915733 -0.15269931]
 [-0.63822227 -3.85827634 -0.54998326  0.          0.91613891 -0.07358467]
 [-0.19764645  6.06782188 -0.23475017  0.         -0.93868131 -0.12331127]
 [ 4.53577247  2.85859649 -0.21049461  0.          0.10973145 -0.14441648]]
[04/03/2022, 02:53:22] computing sampling shap 350:360 within 52.4282 sec, 5.199 on average
[04/03/2022, 02:53:22] instances left: 125
[04/03/2022, 02:53:22] estimating time left: 0:10:49.875000

[[-0.25378585  5.81171301 -0.07243303  0.          0.8230319  -0.05801144]
 [-0.62527319 -3.90687565 -0.59156342  0.         -1.05583671 -0.15749315]
 [-0.84126491 -3.68837881 -0.72192931  0.         -0.22724854  0.54863455]
 [ 3.31327272  1.78943596  2.04702632  0.          0.09137642  0.03240824]
 [-0.41454539  5.98023322  0.          0.         -0.64132507 -0.12748179]
 [-0.80100408 -3.72564702 -0.34698508  0.          0.7710888  -0.09148381]
 [-0.85340613 -3.71959817 -0.51551782  0.          0.9507752  -0.06618066]
 [-0.9241992  -3.60456619 -0.37332926  0.          0.77471256 -0.11217467]
 [-0.83876287 -3.75500745 -0.36279869  0.          0.38151578 -0.06916426]
 [-0.67659079 -3.69146742 -0.42845481  0.          0.24253696  0.29571503]]
[04/03/2022, 02:54:11] computing sampling shap 360:370 within 48.2585 sec, 5.1889 on average
[04/03/2022, 02:54:11] instances left: 115
[04/03/2022, 02:54:11] estimating time left: 0:09:56.723500

[[-0.98951066 -3.5783856  -0.31409239  0.          0.78839673 -0.14596503]
 [-0.66604826 -3.66877635 -0.69764802  0.         -0.9683101   0.76559948]
 [-0.28421158  5.96434371 -0.2552944   0.          0.8977566  -0.15084325]
 [-0.84707889 -3.47291278 -0.70733085  0.         -0.60691691 -0.1595886 ]
 [-0.95837512 -3.57747531 -0.498669    0.          0.0710372  -0.18734672]
 [-0.94803569 -3.77297559 -0.32616948  0.          0.1066034  -0.04913037]
 [-0.79336221 -3.85631893 -0.39448874  0.          0.47670078 -0.07674844]
 [-0.11977673  5.95256131 -0.32173565  0.         -0.48252683 -0.1943585 ]
 [ 3.38145162  1.48958339  2.17093507  0.          0.44322962 -0.09614088]
 [-0.62686829 -3.50341512 -0.71889615  0.         -0.03516082 -0.11022222]]
[04/03/2022, 02:54:59] computing sampling shap 370:380 within 48.257 sec, 5.1794 on average
[04/03/2022, 02:54:59] instances left: 105
[04/03/2022, 02:54:59] estimating time left: 0:09:03.837000

[[ 4.40724248e+00  2.80239899e+00 -8.19983553e-02  0.00000000e+00
  -8.41060731e-02 -1.82576070e-01]
 [-8.70733472e-01 -3.70299510e+00 -4.74068064e-01  0.00000000e+00
  -4.09374246e-01 -1.53100081e-01]
 [-1.00500071e+00 -3.60697093e+00 -4.13133611e-01  0.00000000e+00
  -5.41214857e-01 -2.46328571e-01]
 [-6.79364044e-01 -3.95073342e+00 -4.35179269e-01  0.00000000e+00
  -2.11284556e-01 -1.77393513e-01]
 [-7.31696174e-01 -3.54825676e+00 -6.55187023e-01  0.00000000e+00
   8.36807748e-01 -1.64338006e-01]
 [-7.81006036e-01 -3.70219242e+00 -4.54625616e-01  0.00000000e+00
   7.42028629e-04 -1.54957414e-01]
 [-9.60978376e-01 -3.66494242e+00 -3.33016495e-01  0.00000000e+00
  -4.49105760e-01  1.01107137e-01]
 [ 4.75338066e+00  2.60184734e+00 -2.03659385e-01  0.00000000e+00
   1.72147068e-01 -1.10999510e-01]
 [-8.44373411e-01 -3.52929442e+00 -5.00762550e-01  0.00000000e+00
  -3.44158225e-01 -1.76836213e-01]
 [-9.35231977e-01 -3.82840964e+00 -3.02094523e-01  0.00000000e+00
   1.09845834e-01 -5.59706277e-02]]
[04/03/2022, 02:55:52] computing sampling shap 380:390 within 53.2859 sec, 5.1832 on average
[04/03/2022, 02:55:52] instances left: 95
[04/03/2022, 02:55:52] estimating time left: 0:08:12.404000

[[-2.94437548e-01  1.67628186e+01 -3.23576834e-01  0.00000000e+00
  -7.14470539e-01  2.76579602e-01]
 [-8.25450634e-01 -3.63308462e+00 -4.61462896e-01  0.00000000e+00
  -7.77541066e-01 -2.04691926e-01]
 [-4.45636375e-01  6.17605292e+00 -7.39346249e-02  0.00000000e+00
  -3.24577698e-01 -6.38140042e-02]
 [-9.62725471e-01 -3.36153150e+00 -6.71488191e-01  0.00000000e+00
  -1.02453995e+00 -2.50761655e-01]
 [-8.24682753e-01 -3.80841845e+00 -3.77223656e-01  0.00000000e+00
  -5.57030260e-01 -1.70116519e-01]
 [-6.29000554e-01 -3.82266782e+00 -5.06041879e-01  0.00000000e+00
   8.65810856e-01 -1.70771127e-01]
 [ 4.27547021e+00  2.77999772e+00  0.00000000e+00  0.00000000e+00
   4.16267765e-01 -5.00644469e-02]
 [-6.77108815e-01 -3.72173215e+00 -5.32387351e-01  0.00000000e+00
  -9.86640725e-03 -6.94562481e-02]
 [-8.11971928e-01 -3.79293344e+00 -4.02304959e-01  0.00000000e+00
   8.93135728e-02 -2.32932062e-01]
 [-8.88908611e-01 -3.84891191e+00 -2.18753928e-01  0.00000000e+00
   8.28339315e-01 -7.56927387e-02]]
[04/03/2022, 02:56:42] computing sampling shap 390:400 within 50.0983 sec, 5.1789 on average
[04/03/2022, 02:56:42] instances left: 85
[04/03/2022, 02:56:42] estimating time left: 0:07:20.206500

[[-0.41687041  6.55004041 -0.40904445  0.         -0.54900179  0.31075213]
 [-0.97657331 -3.79170398 -0.4327511   0.         -1.18696121  0.15563749]
 [-0.18943926  5.9907418  -0.23689573  0.         -0.20518863 -0.17565691]
 [-0.69575835 -4.09761356 -0.19162475  0.          0.87874853 -0.13330839]
 [-0.79003256 -3.71969946 -0.43491175  0.          0.06004678  0.32200501]
 [-0.56366236  6.28867102 -0.14909801  0.          0.76425147 -0.10440169]
 [-0.64608646  6.94928414 -0.56558433  0.         -0.68810483 -0.20502326]
 [ 4.5182147   2.83159136 -0.26278549  0.          0.19423096 -0.08421659]
 [-0.85710937 -3.68164113 -0.45469219  0.          0.42685651  0.24121341]
 [-0.30774821 16.45692317 -0.14610118  0.         -0.56023426 -0.2082367 ]]
[04/03/2022, 02:57:35] computing sampling shap 400:410 within 52.6526 sec, 5.181 on average
[04/03/2022, 02:57:35] instances left: 75
[04/03/2022, 02:57:35] estimating time left: 0:06:28.575000

[[ 8.94272547e+00 -1.77104629e+00 -3.02335780e-01  0.00000000e+00
  -1.06849846e+00  2.96195661e-01]
 [-8.09942942e-01 -3.82199428e+00 -2.61275185e-01  0.00000000e+00
  -6.85017095e-01 -2.15598372e-01]
 [-7.07217857e-01 -3.78799835e+00 -4.54452145e-01  0.00000000e+00
   8.57358851e-01 -6.14370457e-02]
 [-3.13174605e-01  6.12371185e+00 -2.15089879e-01  0.00000000e+00
  -9.97395401e-01  7.16404745e-01]
 [-8.13102566e-01 -3.59872209e+00 -5.83827323e-01  0.00000000e+00
   6.71965056e-02  1.02021029e-01]
 [-2.83970586e-01  6.03135937e+00 -2.27012275e-01  0.00000000e+00
  -1.60649586e-01  4.17733911e-03]
 [-8.06401632e-01 -3.59700659e+00 -5.79333440e-01  0.00000000e+00
   4.38607196e-01 -9.10227625e-02]
 [-1.03919787e+00 -3.53444610e+00 -4.43749418e-01  0.00000000e+00
   7.55730127e-02 -2.57741666e-02]
 [-8.25912717e-01 -3.73359844e+00 -4.33812227e-01  0.00000000e+00
   4.14678493e-01 -6.55729589e-02]
 [-7.35851860e-01 -3.75596713e+00 -5.59681205e-01  0.00000000e+00
   4.90066224e-01 -1.31331971e-01]]
[04/03/2022, 02:58:28] computing sampling shap 410:420 within 53.269 sec, 5.1845 on average
[04/03/2022, 02:58:28] instances left: 65
[04/03/2022, 02:58:28] estimating time left: 0:05:36.992500

[[ 4.18445106e+00  2.86035146e+00 -8.09402453e-02  0.00000000e+00
  -1.17035349e+00  2.70006527e-01]
 [-9.31973359e-01 -3.45579336e+00 -5.67107489e-01  0.00000000e+00
  -2.55486413e-01 -1.56709527e-01]
 [-3.16436107e-01  2.82988012e+00  3.06890027e+00  0.00000000e+00
   3.71078563e-01  1.09390881e-01]
 [ 9.59982005e+00 -1.61468082e+00 -2.99135874e-01  0.00000000e+00
  -1.04361810e+00  8.18584009e-02]
 [ 5.10080335e+00  2.91929781e+00 -1.35696364e-01  0.00000000e+00
  -4.78618032e-01 -1.35264076e-01]
 [-9.13679567e-01 -3.80393875e+00 -2.85791840e-01  0.00000000e+00
  -4.81142642e-01  7.16557335e-01]
 [-2.17598818e-01  5.95294248e+00 -2.12109082e-01  0.00000000e+00
   1.18699022e-01 -6.43023385e-03]
 [-7.64898296e-01 -3.58691026e+00 -6.31312525e-01  0.00000000e+00
  -7.09492727e-01 -2.09617100e-01]
 [-6.07951391e-01 -3.78125616e+00 -5.77106039e-01  0.00000000e+00
  -6.35074734e-01 -2.11260125e-01]
 [-6.55380652e-01 -3.83101948e+00 -3.81365723e-01  0.00000000e+00
  -7.51165014e-01 -1.93717799e-01]]
[04/03/2022, 02:59:17] computing sampling shap 420:430 within 49.3224 sec, 5.1786 on average
[04/03/2022, 02:59:17] instances left: 55
[04/03/2022, 02:59:17] estimating time left: 0:04:44.823000

[[-0.83814014 -3.59119235 -0.42481983  0.          0.73611354 -0.14463177]
 [-0.76594333 -3.55156117 -0.57758388  0.          0.78527949 -0.15286159]
 [-0.50234381  2.94530499  3.06134287  0.          0.14048559 -0.00928629]
 [-0.74918532 -3.81614745 -0.45814683  0.         -0.20937681 -0.2210981 ]
 [-0.6741577  -3.77285015 -0.47702901  0.          0.79728961 -0.13592313]
 [-0.3460574   6.03149462 -0.07311774  0.          0.35318812 -0.05817227]
 [-0.98491477 -3.38173788 -0.55579065  0.         -0.6605758   0.37749791]
 [-0.63403301 -3.88507007 -0.48778217  0.         -0.11626322  0.26187122]
 [-0.61563161 -3.87576747 -0.44721317  0.          0.01670179 -0.08864037]
 [ 4.32001933  2.83520266 -0.08221143  0.          0.42413587 -0.07547542]]
[04/03/2022, 03:00:11] computing sampling shap 430:440 within 53.1896 sec, 5.1818 on average
[04/03/2022, 03:00:11] instances left: 45
[04/03/2022, 03:00:11] estimating time left: 0:03:53.181000

[[-6.37301909e-01 -3.70438624e+00 -6.13969412e-01  0.00000000e+00
  -5.85030117e-01 -2.11786752e-01]
 [-1.72894546e-01  2.74484825e+00  2.96399638e+00  0.00000000e+00
  -4.19098611e-01 -6.00114728e-02]
 [-8.39734695e-01 -3.83897004e+00 -2.73983658e-01  0.00000000e+00
  -3.45972933e-01  3.39025212e-01]
 [-7.51997787e-01 -3.66199655e+00 -4.61999228e-01  0.00000000e+00
   7.60752883e-01 -1.47429445e-01]
 [-1.58350747e-01  5.70687596e+00 -7.14689774e-02  0.00000000e+00
   4.72285593e-01 -1.54157635e-01]
 [-7.10300891e-02  5.94524829e+00 -3.25118501e-01  0.00000000e+00
   4.03817620e-01  1.21510121e-01]
 [-7.53389442e-01 -3.73578977e+00 -5.34726035e-01  0.00000000e+00
   4.50297109e-01 -1.19157545e-01]
 [-9.49167434e-01 -3.55366901e+00 -4.54052099e-01  0.00000000e+00
   3.79234889e-01 -2.89575898e-02]
 [-3.50445019e-01  2.99923241e+00  2.88989869e+00  0.00000000e+00
  -3.48160844e-01 -3.00840695e-03]
 [-3.17373023e-01  6.23739708e+00 -2.89046813e-01  0.00000000e+00
  -9.30159893e-02 -8.27744427e-02]]
[04/03/2022, 03:01:05] computing sampling shap 440:450 within 54.1223 sec, 5.1869 on average
[04/03/2022, 03:01:05] instances left: 35
[04/03/2022, 03:01:05] estimating time left: 0:03:01.541500

[[-0.29683966  6.06882735 -0.26260482  0.          0.81057682 -0.14820885]
 [-0.71837786 -3.85188419 -0.48772804  0.         -0.56159526 -0.16052047]
 [-0.26196775  6.16414554 -0.32269087  0.         -0.78878449  0.3798628 ]
 [-0.93595242 -3.71796675 -0.25769308  0.          0.37996357 -0.18583249]
 [-0.87660726 -3.57989895 -0.50281944  0.          0.01221736  0.41926124]
 [-0.50149304  6.24835252 -0.19259399  0.          0.43752926 -0.16025499]
 [-1.09700269 -3.64824942 -0.33280488  0.         -0.53624578  0.15318366]
 [-0.24697947  6.13686411 -0.24683598  0.         -1.14385827 -0.19891456]
 [-0.38573102  2.82316488  3.04569561  0.          0.83851275 -0.08588154]
 [-0.16692877  5.81892105 -0.16061004  0.          0.85061353 -0.17024458]]
[04/03/2022, 03:01:56] computing sampling shap 450:460 within 51.5999 sec, 5.1863 on average
[04/03/2022, 03:01:56] instances left: 25
[04/03/2022, 03:01:56] estimating time left: 0:02:09.657500

[[-5.34979840e-01  6.28048822e+00 -1.56665669e-01  0.00000000e+00
  -2.24949992e-01  3.62560216e-01]
 [-8.86375780e-01 -3.69416341e+00 -3.87328567e-01  0.00000000e+00
   8.86763570e-01 -1.81566043e-01]
 [-9.91674977e-01 -3.45962223e+00 -4.29969820e-01  0.00000000e+00
  -5.47592985e-01  4.98539156e-01]
 [-2.95775645e-01  6.07153529e+00 -2.13446642e-01  0.00000000e+00
  -5.00449592e-01  3.74864210e-01]
 [ 4.40003920e+00  2.73023957e+00 -2.04255697e-01  0.00000000e+00
  -4.89504061e-01  6.50413758e-03]
 [-8.68194834e-01 -3.64447426e+00 -4.65731812e-01  0.00000000e+00
   8.95345611e-01 -1.56501618e-01]
 [-1.43510279e-01  1.64920182e+01 -3.67149600e-01  0.00000000e+00
   7.26918163e-01 -1.85220001e-01]
 [-8.42224814e-01 -3.48918972e+00 -6.16906499e-01  0.00000000e+00
   4.00887268e-01 -1.45332224e-01]
 [-6.68830328e-01 -3.88733743e+00 -3.28939681e-01  0.00000000e+00
   8.05957326e-01 -1.83520016e-01]
 [-4.59631393e-01  6.76002880e+00 -6.08336580e-01  0.00000000e+00
   6.75220330e-01 -1.27916344e-01]]
[04/03/2022, 03:02:46] computing sampling shap 460:470 within 49.7075 sec, 5.1818 on average
[04/03/2022, 03:02:46] instances left: 15
[04/03/2022, 03:02:46] estimating time left: 0:01:17.727000

[[ 4.81732617e+00  2.54927846e+00 -2.33358827e-01  0.00000000e+00
  -6.09212852e-01 -1.79571885e-01]
 [ 4.78797093e+00  2.66737552e+00 -2.97422877e-01  0.00000000e+00
  -3.69360402e-01  9.95085297e-02]
 [-1.97410135e-01  6.14104835e+00 -3.51775051e-01  0.00000000e+00
   5.81088581e-02 -1.54693939e-01]
 [ 4.56350283e+00  2.64110893e+00 -2.71871245e-01  0.00000000e+00
   7.25414296e-01 -1.42837190e-01]
 [-7.16221980e-01 -3.72854534e+00 -5.37172403e-01  0.00000000e+00
   7.67854369e-02 -8.45534224e-02]
 [-1.16358664e+00 -3.29897725e+00 -5.02760506e-01  0.00000000e+00
  -6.21841768e-01  2.98467104e-01]
 [ 1.12990418e+01  6.55501305e+00 -3.04757810e-01  0.00000000e+00
  -1.27886795e+00 -1.85957773e-01]
 [-3.61202016e-01  5.98783519e+00 -7.08544140e-02  0.00000000e+00
   4.21167114e-01 -1.81762257e-01]
 [-1.11636289e+00 -3.24957009e+00 -5.24664288e-01  0.00000000e+00
  -5.32870312e-03 -1.53943391e-01]
 [ 5.98325158e+00  1.95209619e+00 -4.50962766e-01  0.00000000e+00
  -1.84193000e-01 -1.13787756e-01]]
[04/03/2022, 03:03:40] computing sampling shap 470:480 within 54.1218 sec, 5.1866 on average
[04/03/2022, 03:03:40] instances left: 5
[04/03/2022, 03:03:40] estimating time left: 0:00:25.933000

[[-0.80781397 -3.54914343 -0.48091883  0.          0.73427293 -0.15906686]
 [ 4.37216722  2.79181525 -0.08364321  0.         -0.30113503 -0.17529768]
 [-1.02878949 -3.56672492 -0.36072988  0.         -0.41375715 -0.08502071]
 [-0.5309082  -3.81424401 -0.57280454  0.         -0.58110857  0.40567087]
 [-0.78662247 -3.814724   -0.41690649  0.         -0.24387343 -0.10494346]
 [-1.0501374  -3.59857166 -0.37848469  0.         -0.82708515 -0.01320219]
 [-0.71922983 -3.67143747 -0.43340617  0.          0.70539721 -0.06231716]
 [-0.86762224 -3.58171657 -0.52496393  0.          0.42606307 -0.16924206]
 [-0.9150228  -3.57011869 -0.48559999  0.          0.04297266 -0.03982572]
 [-0.8615129  -3.56984912 -0.51083178  0.          0.83769464 -0.09942845]]
[04/03/2022, 03:03:40] finish computing sampling shap for range: [1, 8] within 2489.551437 sec
