Child #[2, 3]: psutil.Process(pid=4982, name='python', status='running', started='03:07:35'), affinity [2, 3]
Child #[2, 3]: Set my affinity to [2, 3], affinity now [2, 3]

[04/03/2022, 02:24:16] start computing sampling shap for range: [2, 8]
[04/03/2022, 02:25:07] computing sampling shap 485:495 within 51.2258 sec, 5.1226 on average
[04/03/2022, 02:25:07] instances left: 475
[04/03/2022, 02:25:07] estimating time left: 0:40:33.235000

[[10.72806733 -3.06178081 -0.58305547  0.          0.77428201 -0.14315947]
 [ 4.53157849  2.79750716 -0.20441185  0.         -0.49917974 -0.05161283]
 [-0.68812539 -4.11446621 -0.07763856  0.          0.7357201   0.02941926]
 [-0.17547532  5.84404449 -0.07274336  0.          0.35005994 -0.03855027]
 [-0.08000647  5.56056243  0.          0.          0.86322817 -0.17203269]
 [-0.77333384 -3.60282198 -0.5547702   0.         -1.05741943  0.15896499]
 [-0.55884747  6.10855616  0.          0.          0.44230202 -0.16047089]
 [-0.84703743 -3.6860265  -0.37536421  0.          0.36676335 -0.0934923 ]
 [-0.81001361 -3.58962762 -0.44495088  0.          0.63957323  0.13807924]
 [-0.88604243 -3.60149167 -0.54968709  0.          0.90429294 -0.07099939]]
[04/03/2022, 02:25:57] computing sampling shap 495:505 within 49.2604 sec, 5.0244 on average
[04/03/2022, 02:25:57] instances left: 465
[04/03/2022, 02:25:57] estimating time left: 0:38:56.346000

[[-1.13137704 -3.48209399 -0.3541222   0.          0.83650697 -0.13158413]
 [-0.29068831  5.95981219 -0.16871855  0.         -0.56438045 -0.17836719]
 [-0.2108357   6.26326493 -0.42149748  0.         -0.24063907 -0.02638883]
 [-0.58082749 -3.88203828 -0.44190927  0.         -0.39172954  0.47456037]
 [-0.71982989 -3.61637182 -0.64947279  0.         -1.09571262 -0.18965991]
 [-0.87923359 -3.72690467 -0.44757312  0.          0.43488001  0.37461151]
 [-1.09432418 -3.65817736 -0.26513702  0.         -0.16734857 -0.22420615]
 [-1.05072878 -3.56960146 -0.37426683  0.         -0.25180704  0.08206638]
 [-0.15601305  5.74197474  0.          0.         -0.87054071  0.02258207]
 [-0.85384028 -3.54497816 -0.66871784  0.         -0.60240027 -0.17531534]]
[04/03/2022, 02:26:49] computing sampling shap 505:515 within 52.1507 sec, 5.088 on average
[04/03/2022, 02:26:49] instances left: 455
[04/03/2022, 02:26:49] estimating time left: 0:38:35.040000

[[-0.91948167 -3.56795074 -0.46104591  0.          0.83316509 -0.14735741]
 [-0.89404709 -3.700099   -0.52439374  0.          0.18970416 -0.22199326]
 [-0.15492499  5.74227769  0.          0.          0.74747032 -0.16307179]
 [-0.9293705  -3.67057349 -0.60548121  0.         -0.22189897 -0.19749274]
 [-0.74786108 -3.60885544 -0.60029826  0.          0.86561329 -0.10262958]
 [-0.51797158  6.76579877 -0.4992067   0.         -0.99331039  0.17472271]
 [-0.84090022 -3.46183702 -0.67663695  0.         -0.68388748 -0.02412945]
 [-0.81102427 -3.47967819 -0.59396064  0.          0.7744719  -0.15247908]
 [-0.46276894 -2.13097632  7.79935663  0.          0.1572477  -0.04931237]
 [-0.83461364 -3.79259925 -0.38847109  0.         -0.60654269  0.41090828]]
[04/03/2022, 02:27:41] computing sampling shap 515:525 within 51.8617 sec, 5.1126 on average
[04/03/2022, 02:27:41] instances left: 445
[04/03/2022, 02:27:41] estimating time left: 0:37:55.107000

[[-0.43989465  6.2443204  -0.25419979  0.         -0.4171148  -0.23475047]
 [-0.87233028 -3.74949515 -0.47800812  0.         -0.44042591  0.14543245]
 [-0.37527292  6.06520976 -0.26240703  0.         -0.08184161  0.27304141]
 [-0.80872994 -3.73980348 -0.45850634  0.          0.49901181 -0.14230322]
 [-1.00791945 -3.61352967 -0.44685697  0.          0.98605972 -0.09239156]
 [ 3.11393619  1.86351748  2.04091882  0.          0.43823584 -0.05311429]
 [-0.75258887 -3.81039167 -0.51811131  0.         -1.01595622 -0.09024037]
 [-0.14541928  6.22319173 -0.36827084  0.          0.35803368  0.20729849]
 [-0.32227879  6.32174274 -0.43582163  0.          0.4397541  -0.14573619]
 [-0.25351381 16.5231065  -0.2267567   0.         -0.14320425  0.01663289]]
[04/03/2022, 02:28:35] computing sampling shap 525:535 within 54.3411 sec, 5.1769 on average
[04/03/2022, 02:28:35] instances left: 435
[04/03/2022, 02:28:35] estimating time left: 0:37:31.951500

[[-4.59440696e-01 -4.21351973e+00 -2.65573962e-01  0.00000000e+00
  -5.76151783e-01  1.04661180e-01]
 [-9.32441651e-01 -3.57132026e+00 -4.41084962e-01  0.00000000e+00
   8.22134092e-01 -1.39957607e-01]
 [-7.35073524e-01 -3.72724770e+00 -4.77472607e-01  0.00000000e+00
   8.48907904e-03 -2.19523992e-01]
 [-7.51216272e-01 -3.57436927e+00 -5.50819614e-01  0.00000000e+00
   7.88347582e-01 -1.51499532e-01]
 [-9.16320059e-01 -3.61153684e+00 -4.29689509e-01  0.00000000e+00
   8.34543091e-01 -1.39666973e-01]
 [-7.30089900e-01 -3.84187087e+00 -4.01932996e-01  0.00000000e+00
   8.02693680e-02 -7.39702226e-02]
 [-4.06469856e-01  3.07871044e+00  3.04353062e+00  0.00000000e+00
   1.00110199e-01 -5.68019128e-02]
 [-8.17997392e-01 -3.43714078e+00 -6.10311624e-01  0.00000000e+00
  -2.19025269e-01  6.58658419e-01]
 [ 4.37379282e+00  1.29885664e+01  0.00000000e+00  0.00000000e+00
   7.34742772e-01  1.25516637e-01]
 [-2.25566425e-01 -3.96023004e+00 -7.98754293e-01  0.00000000e+00
   8.60997175e-03  8.34669458e-03]]
[04/03/2022, 02:29:25] computing sampling shap 535:545 within 50.0941 sec, 5.149 on average
[04/03/2022, 02:29:25] instances left: 425
[04/03/2022, 02:29:25] estimating time left: 0:36:28.325000

[[-7.27544093e-01 -3.70202224e+00 -5.98909629e-01  0.00000000e+00
   4.50927704e-01  2.92392197e-01]
 [-4.82249752e-01 -1.94733273e+00  7.64387598e+00  0.00000000e+00
  -8.61829742e-01  8.10297909e-02]
 [-2.03370709e-01  6.18010147e+00 -3.97099669e-01  0.00000000e+00
   3.97706563e-01 -1.82154156e-01]
 [ 3.32706630e+00  1.70923793e+00  2.04916584e+00  0.00000000e+00
   4.36224406e-01 -1.68869331e-01]
 [-4.83411055e-01  6.24328271e+00 -2.35041451e-01  0.00000000e+00
   4.65542126e-01 -1.32711985e-01]
 [-7.38934406e-01 -3.83068373e+00 -4.67948506e-01  0.00000000e+00
   1.14784886e-01 -1.27087361e-01]
 [-1.04347678e+00 -3.75724922e+00 -2.81795352e-01  0.00000000e+00
   5.34149719e-01 -9.58456260e-02]
 [-2.59842254e-01  1.63620917e+01 -2.01481142e-05  0.00000000e+00
   4.49235180e-02 -2.60936332e-01]
 [-8.53127127e-01 -3.70040010e+00 -5.27696325e-01  0.00000000e+00
  -4.11869038e-01 -1.17177965e-01]
 [-1.08450481e+00 -3.56894907e+00 -4.28451018e-01  0.00000000e+00
   1.18592555e-01 -4.28215214e-03]]
[04/03/2022, 02:30:16] computing sampling shap 545:555 within 50.9696 sec, 5.1416 on average
[04/03/2022, 02:30:16] instances left: 415
[04/03/2022, 02:30:16] estimating time left: 0:35:33.764000

[[-9.18711865e-01 -3.89914462e+00 -2.44359929e-01  0.00000000e+00
   9.17073591e-01 -1.17527432e-01]
 [-9.93720722e-01 -3.69551553e+00 -2.24095631e-01  0.00000000e+00
  -4.35458111e-01  5.75184384e-01]
 [-1.09960970e-01  5.81115443e+00 -1.42500477e-01  0.00000000e+00
  -2.23194319e-01  6.78807651e-01]
 [-9.20890890e-01 -3.41894116e+00 -6.01867673e-01  0.00000000e+00
   6.02085620e-03  1.81121735e-01]
 [-8.74689686e-01 -3.73695817e+00 -3.89420990e-01  0.00000000e+00
   8.74159617e-01 -6.71219511e-02]
 [ 4.40451738e+00  2.87164410e+00 -1.37344665e-01  0.00000000e+00
   3.47247553e-01 -1.22584971e-01]
 [-2.38249870e-01  6.02297755e+00 -2.61714032e-01  0.00000000e+00
   7.75538889e-01 -1.26801265e-01]
 [-1.33642668e-01  5.70299726e+00  0.00000000e+00  0.00000000e+00
   7.80687952e-02 -3.41868460e-02]
 [-3.28115206e-01  6.07111883e+00 -2.15533658e-01  0.00000000e+00
  -6.10342987e-01 -2.03044833e-01]
 [ 8.98756038e+00 -1.91971271e+00 -1.81227742e-01  0.00000000e+00
  -9.31627563e-01 -8.55249228e-02]]
[04/03/2022, 02:31:07] computing sampling shap 555:565 within 50.5805 sec, 5.1312 on average
[04/03/2022, 02:31:07] instances left: 405
[04/03/2022, 02:31:07] estimating time left: 0:34:38.136000

[[-0.29378817 13.45080382  2.97075156  0.         -0.8408912   0.36105153]
 [ 4.27546907  2.75950742 -0.07996215  0.         -0.46407268  0.18695208]
 [-0.13636751  5.83585202 -0.17497119  0.         -0.50265811 -0.25269094]
 [-0.63458086 -3.72778019 -0.57076851  0.         -0.49279337 -0.24536386]
 [ 5.63907888  1.7819592  -0.21489247  0.         -0.91432434  0.1022522 ]
 [-0.71442003 -3.53921504 -0.66737025  0.          0.81661318 -0.15827813]
 [ 4.21564667  2.90516318 -0.0803846   0.          0.6397681  -0.11863253]
 [-0.66453375 -3.69189814 -0.45122954  0.          0.74149443 -0.1377608 ]
 [-0.87364366 -3.7126199  -0.44853611  0.         -0.34487911 -0.1224527 ]
 [-0.87232211 -3.73453981 -0.33966879  0.          0.82552152 -0.14166114]]
[04/03/2022, 02:31:59] computing sampling shap 565:575 within 51.8464 sec, 5.1371 on average
[04/03/2022, 02:31:59] instances left: 395
[04/03/2022, 02:31:59] estimating time left: 0:33:49.154500

[[-7.91138529e-01 -3.53818587e+00 -6.34097008e-01  0.00000000e+00
   4.12919354e-01 -1.98724163e-01]
 [-9.27268444e-01  7.05276592e+00 -5.23701939e-01  0.00000000e+00
  -4.49167164e-01 -2.20663223e-01]
 [-3.36112829e-01  6.22439992e+00 -2.76734920e-01  0.00000000e+00
  -6.31750076e-01  1.64137562e-01]
 [-3.51069800e-01  6.15447027e+00 -1.54278898e-01  0.00000000e+00
   4.67938526e-01 -1.61555649e-01]
 [-8.73728425e-01 -3.48072292e+00 -5.68852326e-01  0.00000000e+00
   5.42905456e-03 -9.26763335e-02]
 [-2.88998293e-01  6.06263080e+00 -1.78938351e-01  0.00000000e+00
   3.95758400e-01 -9.31033479e-02]
 [-5.61726707e-01 -4.06917352e+00 -3.52320573e-01  0.00000000e+00
   4.12345589e-01 -7.94559111e-02]
 [ 4.43690583e+00  2.72922768e+00 -1.38046982e-01  0.00000000e+00
   6.47868439e-01 -1.28829075e-01]
 [-9.49772827e-01 -3.77380725e+00 -2.29462851e-01  0.00000000e+00
  -4.19920114e-01 -2.37307257e-01]
 [-7.36127555e-01 -3.63695277e+00 -5.97231222e-01  0.00000000e+00
   6.31337865e-02 -1.04683379e-01]]
[04/03/2022, 02:32:51] computing sampling shap 575:585 within 52.5026 sec, 5.1484 on average
[04/03/2022, 02:32:51] instances left: 385
[04/03/2022, 02:32:51] estimating time left: 0:33:02.134000

[[-0.97091671 -3.75607488 -0.22356732  0.          0.4173416  -0.18426392]
 [-0.99421408 -3.53921452 -0.44472275  0.          0.43696437 -0.17629428]
 [-0.99106744 -3.42254558 -0.44916346  0.          0.75199422 -0.15188814]
 [-0.66348876 -3.65193606 -0.59215843  0.          0.03536138  0.42274295]
 [-0.93220775 -3.63229443 -0.49806593  0.         -0.67376479 -0.09253534]
 [-0.88373557 -3.72503933 -0.37898259  0.          0.8550352  -0.1299482 ]
 [-0.78145288 -3.62932661 -0.49798903  0.          0.77508577 -0.12898761]
 [ 4.17911828  2.92848162 -0.08247773  0.          0.61278664 -0.07225756]
 [-0.29595806  6.10223521 -0.18286489  0.         -0.67471358 -0.14342603]
 [-0.29920036  5.86137183  0.          0.         -0.60277068 -0.24531839]]
[04/03/2022, 02:33:46] computing sampling shap 585:595 within 54.7208 sec, 5.1779 on average
[04/03/2022, 02:33:46] instances left: 375
[04/03/2022, 02:33:46] estimating time left: 0:32:21.712500

[[-9.73547249e-01 -3.40514988e+00 -5.27978699e-01  0.00000000e+00
  -5.39223365e-01  2.20688755e-03]
 [-6.86630030e-01 -3.63470085e+00 -6.37636175e-01  0.00000000e+00
   7.32486928e-02  2.57305265e-01]
 [-8.94322007e-01 -3.83843878e+00 -2.57220814e-01  0.00000000e+00
   8.94091219e-01 -1.66779880e-01]
 [-9.19895887e-01 -3.45172289e+00 -4.86032018e-01  0.00000000e+00
   8.11602984e-01 -1.34945536e-01]
 [-8.61117445e-01 -3.62183249e+00 -4.53314398e-01  0.00000000e+00
   8.21899190e-01 -1.65802452e-02]
 [-9.23621828e-01 -3.64724767e+00 -4.06008076e-01  0.00000000e+00
  -1.32550049e-01  3.83263687e-01]
 [-1.64043396e-01  5.95568753e+00 -1.75244288e-01  0.00000000e+00
   3.94187247e-01 -1.07123876e-01]
 [-6.67257755e-01 -3.78072876e+00 -5.39591402e-01  0.00000000e+00
   8.74129273e-01 -1.49221605e-01]
 [-2.05071292e-01  6.05193274e+00 -2.50329508e-01  0.00000000e+00
   7.17230665e-02 -1.72976743e-01]
 [-2.79541997e-01  6.06378966e+00 -1.82140462e-01  0.00000000e+00
   2.96787163e-01  2.53134948e-01]]
[04/03/2022, 02:34:37] computing sampling shap 595:605 within 51.2556 sec, 5.1735 on average
[04/03/2022, 02:34:37] instances left: 365
[04/03/2022, 02:34:37] estimating time left: 0:31:28.327500

[[-0.70868197 -3.82458271 -0.58523849  0.         -1.19114405 -0.07678609]
 [-0.76672452 -3.99347529 -0.28766113  0.          0.49935152 -0.16897202]
 [-0.455106    6.34309513 -0.25905507  0.          0.80840512 -0.15440299]
 [-0.91734573 -3.6521538  -0.43023964  0.          0.06355317 -0.21464289]
 [-0.97973781 -3.72573246 -0.42090064  0.         -0.43249077 -0.17861013]
 [-0.26050617  5.99092739 -0.116774    0.          0.34261069 -0.03821061]
 [-0.25400229  6.03352373 -0.27647761  0.          0.81554737 -0.14684018]
 [-0.87462987 -3.83372162 -0.26605041  0.          0.88376816 -0.17203614]
 [-0.6086749  -3.76035623 -0.4923771   0.          0.74715576 -0.14841792]
 [-0.91172535 -3.4072783  -0.60685485  0.          0.42849044 -0.1953981 ]]
[04/03/2022, 02:35:28] computing sampling shap 605:615 within 50.7674 sec, 5.1661 on average
[04/03/2022, 02:35:28] instances left: 355
[04/03/2022, 02:35:28] estimating time left: 0:30:33.965500

[[-1.12198257e+00 -3.70047185e+00 -1.93009489e-01  0.00000000e+00
   8.89801836e-02 -2.24345111e-01]
 [-3.55022350e-01  5.96539518e+00 -7.15725092e-02  0.00000000e+00
   4.51528716e-01 -1.95145460e-01]
 [-8.22215018e-01 -3.55017727e+00 -5.88579790e-01  0.00000000e+00
   8.31887878e-01 -1.33586222e-01]
 [-7.16739426e-01 -3.53731397e+00 -7.02311369e-01  0.00000000e+00
  -5.10438827e-01  2.78934912e-01]
 [-4.10508337e-01  6.19323332e+00 -1.99293068e-01  0.00000000e+00
   7.68080855e-01 -1.50632227e-01]
 [-4.33929929e-01 -3.93160334e+00 -5.26531244e-01  0.00000000e+00
   3.46181824e-03  2.21742299e-01]
 [-8.92429830e-01 -3.74518986e+00 -3.59653156e-01  0.00000000e+00
   8.76792221e-01 -1.42189853e-01]
 [-7.81102803e-01 -3.87869167e+00 -3.29158881e-01  0.00000000e+00
   8.92086835e-01 -1.07061168e-01]
 [-7.88306148e-01 -3.95470783e+00 -2.53595708e-01  0.00000000e+00
   4.58328978e-02 -1.66326315e-01]
 [-8.24857234e-01 -3.45507207e+00 -5.66282969e-01  0.00000000e+00
  -8.20383148e-01 -2.35635514e-01]]
[04/03/2022, 02:36:18] computing sampling shap 615:625 within 50.5646 sec, 5.1583 on average
[04/03/2022, 02:36:18] instances left: 345
[04/03/2022, 02:36:18] estimating time left: 0:29:39.613500

[[-7.96268844e-01 -3.69424828e+00 -4.31223652e-01  0.00000000e+00
  -4.76007690e-03 -2.24328102e-01]
 [-3.84364199e-01  5.96714734e+00 -1.02766021e-01  0.00000000e+00
   8.18443544e-01 -1.26709458e-01]
 [-8.72372245e-01 -3.49659828e+00 -5.37504005e-01  0.00000000e+00
  -9.42041718e-01  2.16097090e-01]
 [-4.64688270e-01  6.32862880e+00 -3.77242556e-01  0.00000000e+00
  -1.70604302e-01  5.32682260e-01]
 [-8.59027776e-01 -3.75852976e+00 -4.41365912e-01  0.00000000e+00
   1.19319405e-01 -2.11224786e-01]
 [-8.39921580e-01 -3.65776727e+00 -4.26402853e-01  0.00000000e+00
  -4.09508559e-01  2.66640087e-02]
 [-5.43604219e-01 -1.93431975e+00  7.81439104e+00  0.00000000e+00
   8.19562233e-01  2.50769847e-02]
 [-6.91071439e-01 -3.68770601e+00 -6.20758960e-01  0.00000000e+00
  -6.90565393e-01  2.25921310e-02]
 [-9.40432485e-01 -3.47093190e+00 -5.30961362e-01  0.00000000e+00
  -9.70630435e-01  1.23825665e+00]
 [-6.53164573e-01 -3.71008543e+00 -5.38150409e-01  0.00000000e+00
  -1.34007935e-02 -2.36028046e-01]]
[04/03/2022, 02:37:07] computing sampling shap 625:635 within 48.4936 sec, 5.1377 on average
[04/03/2022, 02:37:07] instances left: 335
[04/03/2022, 02:37:07] estimating time left: 0:28:41.129500

[[-0.72977729 -3.82539463 -0.41637573  0.         -0.34312577  0.53767711]
 [-0.91301919 -3.4652893  -0.57872766  0.         -0.291428   -0.16072915]
 [-0.92883157 -3.36485383 -0.64349622  0.         -0.28775869 -0.18425329]
 [11.09559476 -3.27804182 -0.40242703  0.          0.29343054 -0.1764239 ]
 [-0.86842786 -3.66723848 -0.46772298  0.         -0.57819749 -0.07026219]
 [-0.44698191  5.99584118  0.          0.          0.39509382 -0.01786471]
 [-0.9489739  -3.48536842 -0.42157644  0.         -0.81380549 -0.22187802]
 [-0.73813442 -3.89046261 -0.24479889  0.          0.33022672 -0.17431226]
 [-0.36223281  6.30134845 -0.37456105  0.          0.75810415 -0.12177863]
 [-0.84697966 -3.80904964 -0.4773946   0.          0.55751698 -0.1415743 ]]
[04/03/2022, 02:38:04] computing sampling shap 635:645 within 57.3441 sec, 5.175 on average
[04/03/2022, 02:38:04] instances left: 325
[04/03/2022, 02:38:04] estimating time left: 0:28:01.875000

[[-3.77352248e-01  1.66580822e+01 -2.24099070e-01  0.00000000e+00
  -2.34601337e-01 -2.19686339e-01]
 [ 4.54763009e+00  2.52673424e+00 -8.16665125e-02  0.00000000e+00
   3.99086333e-01  1.46041693e-01]
 [-9.35135051e-01 -3.55811860e+00 -4.52311081e-01  0.00000000e+00
   8.19739469e-01 -7.81025233e-02]
 [ 4.28777680e+00  2.57737014e+00 -7.82558934e-04  0.00000000e+00
   7.82470983e-01 -1.31517430e-01]
 [-8.43768725e-01 -3.65959724e+00 -4.42851870e-01  0.00000000e+00
   8.44970032e-01 -1.38309196e-01]
 [ 3.72913532e+00  1.57680009e+00  1.89491466e+00  0.00000000e+00
  -2.17775930e-01  1.76079052e-03]
 [-7.47306676e-01 -4.07544823e+00 -1.73388919e-01  0.00000000e+00
   8.95234878e-01 -1.61761174e-01]
 [-8.92269354e-01 -4.01122467e+00 -1.56681266e-01  0.00000000e+00
   5.04718316e-01 -1.37308781e-01]
 [-1.02408936e+00 -3.45736189e+00 -4.80419516e-01  0.00000000e+00
  -1.38352112e-01  4.04037540e-01]
 [ 4.52239156e+00  2.81427016e+00 -2.28699502e-01  0.00000000e+00
  -1.08784953e+00 -1.14966085e-01]]
[04/03/2022, 02:38:59] computing sampling shap 645:655 within 55.0608 sec, 5.1945 on average
[04/03/2022, 02:38:59] instances left: 315
[04/03/2022, 02:38:59] estimating time left: 0:27:16.267500

[[-0.45476343  6.1434105  -0.11886282  0.          0.10493746 -0.2179946 ]
 [-0.93308923 -3.79550766 -0.25458539  0.          0.42582637 -0.19187009]
 [ 4.40293664  2.8750055  -0.20501523  0.         -1.06430069 -0.16741328]
 [-0.76568181 -3.72133263 -0.52712297  0.         -0.42615758 -0.18452185]
 [-0.65802703 -3.84689033 -0.46544262  0.          0.85974472 -0.09331221]
 [-0.67042641 -3.79168403 -0.58103701  0.          0.11231376 -0.03676068]
 [-0.7983396  -3.64401839 -0.53676868  0.          0.439827   -0.15346645]
 [-1.1335616  -3.45966396 -0.35651695  0.          0.36623061 -0.0379407 ]
 [ 4.32586604  2.98223592 -0.29322736  0.          0.6732756  -0.1728324 ]
 [-0.99916818 -3.33343848 -0.68999958  0.          0.90589021 -0.14595443]]
[04/03/2022, 02:39:50] computing sampling shap 655:665 within 50.3745 sec, 5.1858 on average
[04/03/2022, 02:39:50] instances left: 305
[04/03/2022, 02:39:50] estimating time left: 0:26:21.669000

[[-0.62534222 -3.85227725 -0.56992287  0.         -0.81719693  0.28458402]
 [-1.02299507 -3.54456265 -0.31645628  0.         -0.64322437  0.13241129]
 [-0.8611048  -3.88013314 -0.35796493  0.         -0.60453536 -0.18910483]
 [-0.09329004  5.87115207 -0.2715255   0.          0.83528612 -0.16987152]
 [-0.91821161 -3.70968686 -0.41695624  0.         -0.61275492  0.15187   ]
 [-0.94684149 -3.91281896 -0.17646055  0.          0.13816082 -0.15190882]
 [-0.76586056 -3.62822897 -0.51343202  0.         -0.55631684  0.53663141]
 [-0.8729436  -3.74513677 -0.36598738  0.         -0.98688083  0.71811949]
 [-0.91133898 -3.44437209 -0.52903798  0.          0.79936344 -0.17728474]
 [-0.33070558 -2.13475275  7.72075027  0.         -0.47556918  0.28623708]]
[04/03/2022, 02:40:44] computing sampling shap 665:675 within 53.9305 sec, 5.1967 on average
[04/03/2022, 02:40:44] instances left: 295
[04/03/2022, 02:40:44] estimating time left: 0:25:33.026500

[[-0.70200582 -3.78667186 -0.44095613  0.         -0.01489675 -0.0660202 ]
 [-0.77583977 -3.89848408 -0.30535647  0.         -0.38437391  0.08718569]
 [-0.66690294 -1.76755511  7.78202431  0.          0.83410673 -0.14092033]
 [-0.82300946 -3.7223466  -0.54122809  0.          0.94465525 -0.06199897]
 [-0.6999672  -3.57022259 -0.78006417  0.          0.12967409 -0.07398255]
 [ 4.39414082  2.80144612 -0.2809017   0.          0.73085676 -0.0798905 ]
 [-0.71018923 -3.57197095 -0.56427359  0.          0.5853479   0.24806147]
 [-0.85005326 -3.70662562 -0.40272424  0.          0.3768004   0.25722974]
 [-0.9988725  -3.64554444 -0.39017514  0.          0.11562538  0.10205399]
 [-0.92636637 -3.42608869 -0.57235103  0.          0.02190863 -0.18914212]]
[04/03/2022, 02:41:37] computing sampling shap 675:685 within 53.8789 sec, 5.2063 on average
[04/03/2022, 02:41:37] instances left: 285
[04/03/2022, 02:41:37] estimating time left: 0:24:43.795500

[[ 9.01859393 -1.84999452 -0.31482757  0.          0.78998406 -0.18008259]
 [-1.03508893 -3.66099517 -0.39304859  0.         -0.15339606  0.02197159]
 [-0.75438609 -3.78517922 -0.40650968  0.          0.05773501  0.12614908]
 [-0.86720677 -3.7439535  -0.44420778  0.          0.12325301  0.39591657]
 [-0.1364945   5.8488874  -0.17381403  0.         -1.14191392  0.39246192]
 [-0.68641057  7.08411984 -0.61465002  0.         -1.31855858 -0.16202112]
 [-0.71054645 -3.61586488 -0.55763425  0.          0.75940205 -0.11491354]
 [-0.84577407 -3.7475542  -0.45937105  0.          0.93313476 -0.14310585]
 [-0.23432756  6.12424581 -0.36452522  0.          0.77577657 -0.06540906]
 [-0.31475832  6.21507014 -0.25654077  0.          0.34424444 -0.15647605]]
[04/03/2022, 02:42:29] computing sampling shap 685:695 within 51.0588 sec, 5.2015 on average
[04/03/2022, 02:42:29] instances left: 275
[04/03/2022, 02:42:29] estimating time left: 0:23:50.412500

[[ 4.34905512e+00  2.83813999e+00 -2.47863257e-01  0.00000000e+00
   7.12454624e-01 -9.02252392e-02]
 [-1.40307180e-01  5.82461578e+00  0.00000000e+00  0.00000000e+00
   6.60232287e-01 -1.72789650e-01]
 [-5.13027080e-01 -1.84542740e+00  7.73738114e+00  0.00000000e+00
   8.23626988e-01 -1.61801228e-01]
 [-4.20197767e-01  6.13390980e+00 -1.46192022e-01  0.00000000e+00
  -6.47421070e-01  7.39518681e-04]
 [-2.90182011e-01  6.34499151e+00 -3.39723723e-01  0.00000000e+00
   7.27279938e-01 -1.37160347e-01]
 [-1.00075907e+00 -3.47365674e+00 -4.51158031e-01  0.00000000e+00
   3.97825741e-01 -1.65017751e-01]
 [-7.33994598e-01 -3.68093146e+00 -4.47274802e-01  0.00000000e+00
  -5.80526153e-01 -2.28559695e-01]
 [-1.00319937e+00 -3.63863456e+00 -3.13887807e-01  0.00000000e+00
  -1.33954632e+00  1.78115330e-01]
 [-3.72186418e-01 -2.22877316e+00  7.94687885e+00  0.00000000e+00
  -5.41230467e-01  3.93410603e-01]
 [-9.03465213e-01  7.06947744e+00 -4.56397339e-01  0.00000000e+00
   3.43809289e-01 -4.88790024e-02]]
[04/03/2022, 02:43:21] computing sampling shap 695:705 within 52.8784 sec, 5.2054 on average
[04/03/2022, 02:43:21] instances left: 265
[04/03/2022, 02:43:21] estimating time left: 0:22:59.431000

[[-8.60431670e-01 -3.62240559e+00 -4.93757733e-01  0.00000000e+00
   8.62002234e-01 -1.48077392e-01]
 [-1.00624393e+00 -3.82739926e+00 -2.96590484e-01  0.00000000e+00
   1.71941960e-01 -9.30266195e-03]
 [-7.90337060e-01  6.90268894e+00 -4.53852152e-01  0.00000000e+00
   3.39600877e-01  2.58807393e-01]
 [-8.88945427e-01 -3.62967233e+00 -5.38738961e-01  0.00000000e+00
   4.84046475e-01 -1.44170977e-01]
 [ 4.20820647e+00  2.67328025e+00  0.00000000e+00  0.00000000e+00
   7.38947367e-01 -5.47824063e-02]
 [ 4.43482683e+00  2.63197582e+00 -8.20412713e-02  0.00000000e+00
  -6.11054820e-02  2.98517204e-01]
 [-1.57295772e-01  6.06442430e+00 -2.56094552e-01  0.00000000e+00
  -6.40238570e-01 -7.82156031e-03]
 [-2.67266861e-01  6.09873859e+00 -1.14575422e-01  0.00000000e+00
  -5.71110426e-01  2.60255710e-01]
 [ 4.75058179e+00  9.31332712e+00  3.21989594e+00  0.00000000e+00
   8.31502821e-03  1.54809558e-01]
 [-8.74246676e-01 -3.47232392e+00 -6.92222304e-01  0.00000000e+00
   4.65107255e-01 -4.77669007e-02]]
[04/03/2022, 02:44:12] computing sampling shap 705:715 within 50.6935 sec, 5.1995 on average
[04/03/2022, 02:44:12] instances left: 255
[04/03/2022, 02:44:12] estimating time left: 0:22:05.872500

[[-0.20501629 16.33462675 -0.15154121  0.         -0.18405576 -0.19167029]
 [ 4.18265772  3.03237527 -0.08140393  0.         -1.09720275 -0.19521323]
 [-0.75398516  6.99443382 -0.46443644  0.         -0.5258886   0.06791271]
 [-0.33895549  5.93567162 -0.14715709  0.          0.19206076 -0.18489234]
 [ 4.48961195  2.77579106 -0.16563959  0.          0.65030475  0.08204098]
 [-0.97196951 -3.45391514 -0.50552514  0.         -0.71915892 -0.19740196]
 [-0.93506655 -3.64984764 -0.49415067  0.         -0.19777086 -0.17711915]
 [-0.2283395  16.26866439 -0.07294498  0.         -0.5709237  -0.21509981]
 [-0.91437683 -3.54672097 -0.56441851  0.         -0.61788752 -0.21006489]
 [-0.67382057  6.83786926 -0.45013449  0.         -0.92079461  1.17255294]]
[04/03/2022, 02:45:07] computing sampling shap 715:725 within 54.4839 sec, 5.2099 on average
[04/03/2022, 02:45:07] instances left: 245
[04/03/2022, 02:45:07] estimating time left: 0:21:16.425500

[[-0.359874   -2.07592762  7.77635777  0.          0.09152221  0.26290012]
 [-0.41148914  5.90976702 -0.11430304  0.          0.91183958 -0.12406315]
 [-0.18329746  5.91606769 -0.11284203  0.         -0.9926738  -0.25323852]
 [-0.53120367 -3.94905459 -0.58765821  0.         -0.87509264  0.41144258]
 [-0.80591593 -3.78113518 -0.44961408  0.          0.92233427 -0.12522617]
 [-0.1950813   6.00848922 -0.22514369  0.         -0.66153755  0.31795635]
 [ 4.15843859  2.94416218 -0.0783932   0.         -0.44127156  0.01885078]
 [-0.75159439 -3.74857607 -0.54507738  0.         -0.19850734 -0.16543806]
 [-0.38467299  6.1715248  -0.15493187  0.         -0.55691279 -0.16745796]
 [-0.18252884  5.89841566 -0.20810481  0.         -0.50263704  0.23660881]]
[04/03/2022, 02:45:58] computing sampling shap 725:735 within 50.9235 sec, 5.2052 on average
[04/03/2022, 02:45:58] instances left: 235
[04/03/2022, 02:45:58] estimating time left: 0:20:23.222000

[[-0.85936888 -3.56903306 -0.61401814  0.          0.49098432 -0.09889556]
 [-0.90296016 -3.62217459 -0.3488175   0.          0.7820753  -0.17079336]
 [-0.65194312 -2.00569303  7.9634464   0.          0.44466609  0.04325694]
 [-0.36005903  6.06656738 -0.21897943  0.         -0.58909485 -0.0528468 ]
 [-0.86083461 -3.49607164 -0.50118105  0.          0.74765808 -0.15224109]
 [ 4.54257289  2.65897983 -0.15894898  0.          0.4388533  -0.11797734]
 [-0.9037513  -3.648874   -0.47957672  0.         -1.25445678 -0.06040267]
 [-0.71127978 -3.78951782 -0.5943964   0.         -0.43533948  0.34671906]
 [-0.78801992 -4.0000032  -0.07780426  0.          0.35227865 -0.20393213]
 [-0.75599399 -3.45713733 -0.70244677  0.         -0.28594697  0.14102493]]
[04/03/2022, 02:46:50] computing sampling shap 735:745 within 52.6078 sec, 5.2073 on average
[04/03/2022, 02:46:50] instances left: 225
[04/03/2022, 02:46:50] estimating time left: 0:19:31.642500

[[ 4.09373523e+00  2.89896126e+00 -1.32349661e-01  0.00000000e+00
  -8.45245153e-01  3.60589154e-01]
 [-2.93715205e-01  6.02391131e+00 -1.98233298e-01  0.00000000e+00
   8.19028086e-01 -1.79239905e-01]
 [-9.66339270e-01 -3.45933350e+00 -5.03686734e-01  0.00000000e+00
   3.88627477e-01 -1.76749094e-01]
 [-4.92526356e-01 -1.99066020e+00  7.85921659e+00  0.00000000e+00
   8.02329930e-01 -2.53174136e-02]
 [ 4.50358864e+00  2.72475410e+00 -2.05049191e-01  0.00000000e+00
  -9.07096536e-01 -1.78714054e-01]
 [ 4.35486528e+00  2.88572723e+00 -8.19161128e-02  0.00000000e+00
  -6.86638720e-01  3.32428688e-01]
 [-4.87237529e-01 -1.95708135e+00  7.78960736e+00  0.00000000e+00
   8.64696373e-01 -1.69232508e-01]
 [-7.43338721e-01 -3.52367637e+00 -7.46466166e-01  0.00000000e+00
  -1.19310250e+00  6.34038077e-01]
 [-7.23400843e-01 -3.90419502e+00 -3.27737998e-01  0.00000000e+00
   8.69205277e-01 -1.76541477e-01]
 [-9.75481188e-01 -3.94461697e+00  0.00000000e+00  0.00000000e+00
   6.53499724e-03 -1.78475944e-01]]
[04/03/2022, 02:47:41] computing sampling shap 745:755 within 50.9097 sec, 5.203 on average
[04/03/2022, 02:47:41] instances left: 215
[04/03/2022, 02:47:41] estimating time left: 0:18:38.645000

[[-0.39759935  6.28354746 -0.29472943  0.         -0.93830778  0.08525756]
 [ 3.28477262 11.72649862  2.13182833  0.         -1.325004    0.18569103]
 [-0.30172446  2.9256212   2.99057118  0.          0.05147904 -0.17066899]
 [-0.71731055 -3.82823582 -0.46408237  0.          0.47177096 -0.21136829]
 [-0.97322794 -3.77987091 -0.28998361  0.         -1.0103669   0.3573981 ]
 [-0.41567808  6.07622331  0.          0.         -1.15387935 -0.20638998]
 [-0.71325023 -3.87605406 -0.24947249  0.          0.58957738  0.24554933]
 [-0.29387325  5.87852431  0.          0.         -0.40652963  0.22572764]
 [-1.03733541 -3.39822247 -0.59032532  0.          0.09823407 -0.1894541 ]
 [-0.62738524 -3.88941289 -0.57367966  0.         -0.59361095 -0.05862874]]
[04/03/2022, 02:48:35] computing sampling shap 755:765 within 53.9484 sec, 5.2099 on average
[04/03/2022, 02:48:35] instances left: 205
[04/03/2022, 02:48:35] estimating time left: 0:17:48.029500

[[-0.89262968 -3.86596546 -0.16186565  0.          0.7862725  -0.12848192]
 [-0.85359191 -3.54224532 -0.48400134  0.          0.75153892 -0.13437075]
 [-0.11914935  5.75945626 -0.1732141   0.         -0.49726874  0.06491167]
 [-1.03063034 -3.73562587 -0.15636088  0.         -0.74034765  0.02744898]
 [-0.86845134 -3.51756279 -0.571105    0.         -0.19363379  0.38869335]
 [-1.01684482 -3.85410223  0.          0.          0.33549402 -0.08599918]
 [-0.90914113 -3.69065945 -0.34535726  0.          0.82235879 -0.13987121]
 [-0.37910924  5.86387147  0.          0.         -0.14918437  0.65066672]
 [-0.86424336 -3.9747141  -0.17308153  0.          0.12461162  0.35671019]
 [ 4.74616544  2.82837102 -0.28090244  0.         -0.24074432 -0.10837186]]
[04/03/2022, 02:49:29] computing sampling shap 765:775 within 53.5334 sec, 5.2148 on average
[04/03/2022, 02:49:29] instances left: 195
[04/03/2022, 02:49:29] estimating time left: 0:16:56.886000

[[-0.67501866 -3.84101674 -0.52773346  0.         -0.1023166   0.73276007]
 [-0.78646986 -3.60905509 -0.67451764  0.          0.54242073 -0.22160436]
 [-0.81895347 -3.76031727 -0.4369277   0.          0.05172964 -0.15263464]
 [-0.96632999 -3.50435135 -0.44432153  0.         -0.67565525 -0.22199079]
 [-0.26921084  6.00982814 -0.22833128  0.         -0.56061218 -0.02859407]
 [-0.77621621 -3.58954346 -0.68763215  0.         -0.27730232  0.48782853]
 [ 4.42123455  3.01194506 -0.2075428   0.         -0.54074934 -0.0549513 ]
 [-0.42570896  6.21525262 -0.07166184  0.         -1.02100461  0.21049616]
 [-0.89418055 -3.88399053 -0.30076227  0.         -0.6019816   0.1254316 ]
 [-0.76058901 -3.56950679 -0.63109626  0.          0.86942878 -0.17090711]]
[04/03/2022, 02:50:20] computing sampling shap 775:785 within 51.439 sec, 5.2125 on average
[04/03/2022, 02:50:20] instances left: 185
[04/03/2022, 02:50:20] estimating time left: 0:16:04.312500

[[-0.1229708   5.77535333 -0.20438485  0.          0.21815485 -0.20942455]
 [-0.83012266 -3.65672947 -0.53179705  0.          0.44758196 -0.07315027]
 [-0.88661613  6.96463882 -0.38011902  0.         -0.93146475 -0.24380771]
 [ 8.93104629 -1.88446114 -0.08116079  0.          0.39305762  0.02930578]
 [ 6.55448461 11.29440344 -0.25746187  0.         -0.94477783 -0.18499068]
 [ 4.03603237  2.95545586 -0.08344454  0.          0.74797502 -0.09445752]
 [ 6.25220034 11.84948678 -0.35201338  0.          0.3597823  -0.14325693]
 [-0.28438374  6.09235238 -0.21985158  0.         -0.40693958  0.33566136]
 [-0.93872421 -3.80544186 -0.2447766   0.          0.86278908 -0.1365167 ]
 [-0.1381586   5.95029452 -0.31017843  0.         -0.1773679  -0.19061468]]
[04/03/2022, 02:51:16] computing sampling shap 785:795 within 55.9264 sec, 5.2247 on average
[04/03/2022, 02:51:16] instances left: 175
[04/03/2022, 02:51:16] estimating time left: 0:15:14.322500

[[-0.86323147 -3.47569821 -0.47510025  0.          0.69584158 -0.1444823 ]
 [-0.93857761 -3.83090688 -0.21852444  0.          0.87635304 -0.12790116]
 [ 4.51198307  2.73595605 -0.25958794  0.         -0.52738369  0.31459757]
 [-0.66500418 -3.82280825 -0.54784757  0.         -0.58762634  0.04085995]
 [-0.73633477 -4.01845319 -0.42022148  0.          0.18957589 -0.16539494]
 [-0.76593141 -3.73513693 -0.53326907  0.          0.14447202  0.32727344]
 [-0.27039849  5.89650036  0.          0.         -0.28399914  0.13005457]
 [-0.7337593  -3.87439831 -0.5808906   0.         -0.47464957  0.25238825]
 [-0.48848173  6.22199418  0.          0.          0.37225828 -0.0560425 ]
 [-0.73186489 -3.86741615 -0.32642785  0.         -0.75714382 -0.16934502]]
[04/03/2022, 02:52:09] computing sampling shap 795:805 within 53.2923 sec, 5.228 on average
[04/03/2022, 02:52:09] instances left: 165
[04/03/2022, 02:52:09] estimating time left: 0:14:22.620000

[[-5.24507202e-01 -3.75176092e+00 -5.87429384e-01  0.00000000e+00
   3.01005860e-01 -1.54789364e-01]
 [-2.62544253e-01  2.65254559e+00  3.22732380e+00  0.00000000e+00
  -4.36791650e-01  1.09298003e-01]
 [-6.68937420e-02  5.90299442e+00 -3.30410473e-01  0.00000000e+00
   3.46464038e-01  3.65157217e-01]
 [-3.50386690e-01  6.14354628e+00 -1.79437216e-01  0.00000000e+00
  -3.96639103e-01  1.92735932e-01]
 [-5.57648720e-01 -3.94569412e+00 -5.56271851e-01  0.00000000e+00
   8.77839507e-01  6.66843581e-02]
 [-7.44095171e-01 -3.83202960e+00 -4.12564210e-01  0.00000000e+00
   4.57698205e-01  2.25370764e-01]
 [-9.91850817e-01 -3.60717024e+00 -5.67380877e-01  0.00000000e+00
  -2.86349751e-01 -1.72065014e-01]
 [-9.23597101e-01 -3.58358300e+00 -5.32911807e-01  0.00000000e+00
  -6.29035635e-01 -1.76124621e-01]
 [-1.93173409e-01  5.90568338e+00 -1.62530543e-01  0.00000000e+00
   9.10480539e-02 -5.52384274e-03]
 [-8.38337555e-01 -3.72586476e+00 -4.64386273e-01  0.00000000e+00
  -9.32602395e-01  4.29624055e-01]]
[04/03/2022, 02:52:58] computing sampling shap 805:815 within 48.3833 sec, 5.2162 on average
[04/03/2022, 02:52:58] instances left: 155
[04/03/2022, 02:52:58] estimating time left: 0:13:28.511000

[[-8.32878214e-01 -3.62455138e+00 -5.19829473e-01  0.00000000e+00
   3.73188080e-01 -1.45155252e-01]
 [ 4.64797048e+00  2.64682623e+00 -1.97377636e-01  0.00000000e+00
  -4.51380010e-01 -8.62928956e-02]
 [-3.50088738e-01  6.29343709e+00 -1.17584995e-01  0.00000000e+00
  -6.24299299e-01 -2.84830032e-03]
 [-7.48284995e-01 -3.70351365e+00 -5.41082371e-01  0.00000000e+00
  -1.28730157e+00 -1.06250866e-01]
 [-2.42588821e-01  6.04673369e+00 -2.28025684e-01  0.00000000e+00
   3.97341299e-01 -1.41920435e-01]
 [-3.41293838e-01  6.15007425e+00 -3.58617852e-01  0.00000000e+00
   4.98067731e-01 -1.53046991e-01]
 [-7.17133883e-01 -1.85854804e+00  7.81780226e+00  0.00000000e+00
  -1.68450423e-01 -4.63062533e-02]
 [-7.21309515e-01 -3.70021268e+00 -5.91971470e-01  0.00000000e+00
  -3.73342075e-01  9.86436972e-02]
 [-3.86618809e-01  6.23983181e+00 -1.44286559e-01  0.00000000e+00
   7.07287170e-01 -7.69073010e-02]
 [-6.54017903e-01 -3.76902883e+00 -6.03687671e-01  0.00000000e+00
  -8.49724569e-01  1.53433122e-01]]
[04/03/2022, 02:53:51] computing sampling shap 815:825 within 53.374 sec, 5.2198 on average
[04/03/2022, 02:53:51] instances left: 145
[04/03/2022, 02:53:51] estimating time left: 0:12:36.871000

[[-7.87302297e-01 -3.51086782e+00 -6.18312823e-01  0.00000000e+00
  -1.10683583e+00  7.61792728e-01]
 [-5.46586307e-01  6.18516252e+00 -1.80675691e-01  0.00000000e+00
  -7.03066600e-02  1.34453753e-01]
 [-1.68957092e-01  6.01420278e+00 -2.76409857e-01  0.00000000e+00
   3.84429251e-01 -1.58081553e-01]
 [-8.14185999e-01 -3.84987159e+00 -3.30674438e-01  0.00000000e+00
   6.58087176e-02 -1.63115933e-01]
 [-1.49137351e-01  1.63751331e+01 -2.22654207e-01  0.00000000e+00
  -6.30452955e-01 -1.01534459e-01]
 [-1.57654900e-01  5.68042651e+00  0.00000000e+00  0.00000000e+00
   4.50460048e-01 -1.78047709e-01]
 [-9.51781158e-01 -3.58251310e+00 -5.34620082e-01  0.00000000e+00
  -9.56822731e-01  2.93052448e-01]
 [-9.25293421e-01 -3.40734093e+00 -6.20003833e-01  0.00000000e+00
  -1.33182228e+00 -1.68035323e-01]
 [ 8.86041960e+00 -1.78791860e+00 -1.08536519e-03  0.00000000e+00
   1.13843703e-01 -6.61730349e-02]
 [-4.87827497e-01  1.65273141e+01 -8.05923740e-05  0.00000000e+00
   6.70344397e-01 -1.86693952e-01]]
[04/03/2022, 02:54:43] computing sampling shap 825:835 within 52.4159 sec, 5.2204 on average
[04/03/2022, 02:54:43] instances left: 135
[04/03/2022, 02:54:43] estimating time left: 0:11:44.754000

[[-0.37934354 -2.03988283  7.78940472  0.          0.370903   -0.05266955]
 [-0.4909269  -1.86709673  7.73097592  0.          0.36372161  0.02855028]
 [-0.42333086  6.17502737 -0.27362203  0.          0.16947774 -0.08539345]
 [-0.39490308  6.1633244  -0.27410279  0.          0.14670946 -0.18430073]
 [-0.92128058 -3.5105989  -0.5152382   0.         -0.45421045  0.1244593 ]
 [-0.51609211  6.13911094 -0.06963009  0.         -0.18285755  0.03758006]
 [-0.18671913  5.85647395 -0.16647788  0.          0.80035482 -0.03853635]
 [-0.14402271  5.94284662 -0.25322014  0.          0.1088492   0.2409149 ]
 [-0.85708413 -3.71276937 -0.40168075  0.          0.82432304 -0.11545928]
 [-0.81332385 -3.7338775  -0.44754397  0.          0.89387469 -0.16179974]]
[04/03/2022, 02:55:34] computing sampling shap 835:845 within 51.1062 sec, 5.2174 on average
[04/03/2022, 02:55:34] instances left: 125
[04/03/2022, 02:55:34] estimating time left: 0:10:52.175000

[[-0.96835053 -3.49583762 -0.42525665  0.          0.83116068 -0.20438623]
 [-0.83375913 -3.71992159 -0.38234201  0.         -0.92488419  0.28075151]
 [-0.1184546  16.14232366  0.          0.         -0.14722     0.49238172]
 [-0.13296158  5.81864725 -0.10857543  0.         -0.62131192 -0.10202149]
 [-0.61806467 -3.92565357 -0.4493443   0.         -1.18302186  0.31602928]
 [-0.77894571 -3.89055974 -0.24458635  0.          0.85254627 -0.20112481]
 [-0.65201906  6.68647144 -0.41003653  0.          0.76225921 -0.08577552]
 [-0.79600263 -3.54952486 -0.58908608  0.         -1.40122458  0.4919388 ]
 [-0.20388475  6.00315367 -0.3109959   0.         -0.40013347  0.98228875]
 [ 4.45398643  2.84481696 -0.20140402  0.         -0.58177404 -0.1312642 ]]
[04/03/2022, 02:56:26] computing sampling shap 845:855 within 51.301 sec, 5.215 on average
[04/03/2022, 02:56:26] instances left: 115
[04/03/2022, 02:56:26] estimating time left: 0:09:59.725000

[[-0.82526618 -3.65121178 -0.43785068  0.         -0.40779581  0.38716081]
 [-0.37911656  6.26590035 -0.27439293  0.         -0.27761298  0.08746189]
 [-0.59681826 -3.43630873 -0.86236536  0.          0.04007545  0.31044434]
 [-0.78531739 -3.77951883 -0.38702591  0.         -0.30501792 -0.13854489]
 [-0.39842865  6.1713166  -0.27537701  0.          0.83355072 -0.06596613]
 [-0.92866531 -3.68014878 -0.26082449  0.          0.76774919 -0.16078112]
 [-0.84427627 -3.74469046 -0.40077622  0.         -1.01078927 -0.27051463]
 [-0.7494817  -3.72016956 -0.40413708  0.         -0.51188373 -0.11645938]
 [ 4.25939998  3.0067371  -0.17353134  0.          0.65937035 -0.14955321]
 [-0.17417159  6.13544139 -0.18539788  0.         -0.39621581 -0.22951937]]
[04/03/2022, 02:57:19] computing sampling shap 855:865 within 52.7339 sec, 5.2166 on average
[04/03/2022, 02:57:19] instances left: 105
[04/03/2022, 02:57:19] estimating time left: 0:09:07.743000

[[-0.15754356  5.97724338 -0.17326991  0.          0.69236759  0.07810287]
 [-0.37481987  5.92139704  0.          0.         -0.48250398  0.41834852]
 [-0.29256804  6.11935756  0.          0.         -0.04552951  0.04923196]
 [-0.90471049 -3.4836125  -0.52023502  0.          0.80586135 -0.15997376]
 [-0.45713412  6.25760851 -0.26746516  0.         -0.1752795  -0.15578905]
 [ 4.5428291   2.66693686 -0.1513556   0.         -0.53194841 -0.10400487]
 [-0.71767326 -3.71647609 -0.59561827  0.          0.11468444 -0.20202013]
 [-0.22597473 -1.94367662  7.52018204  0.          0.3587602   0.14252602]
 [ 4.59514027 12.92550146  0.          0.         -1.17736318 -0.16034836]
 [-0.87843365 -3.72380032 -0.36799011  0.          0.40767482 -0.18667686]]
[04/03/2022, 02:58:13] computing sampling shap 865:875 within 54.5963 sec, 5.2228 on average
[04/03/2022, 02:58:13] instances left: 95
[04/03/2022, 02:58:13] estimating time left: 0:08:16.166000

[[ 4.23577701e+00  2.72488121e+00 -5.79391920e-04  0.00000000e+00
   5.13682025e-01 -1.20935324e-01]
 [-8.44843264e-01 -3.58280319e+00 -6.27643934e-01  0.00000000e+00
   4.48682204e-01 -1.42617983e-01]
 [-2.85236543e-01  5.97894433e+00 -1.68195717e-01  0.00000000e+00
   4.72669827e-01 -2.02998260e-01]
 [-2.80957609e-01  2.83233014e+00  3.07502705e+00  0.00000000e+00
  -2.69941915e-01 -2.52488761e-02]
 [-9.04098220e-01 -3.65642500e+00 -3.18827906e-01  0.00000000e+00
   7.81215337e-01 -1.64534419e-01]
 [-7.00079826e-01 -3.75981886e+00 -4.82048345e-01  0.00000000e+00
   3.54581511e-01  3.43145491e-01]
 [ 4.50913152e+00  2.58406920e+00 -1.73371459e-01  0.00000000e+00
  -8.77839956e-01  3.42847184e-01]
 [-8.87730909e-01 -3.54801955e+00 -4.63888771e-01  0.00000000e+00
  -2.19455750e-01  4.22909691e-01]
 [-7.08993221e-01 -3.62359743e+00 -6.11278449e-01  0.00000000e+00
   8.23935428e-01 -1.42736484e-01]
 [-7.38208748e-01 -3.71405796e+00 -3.98956686e-01  0.00000000e+00
   2.85505584e-01 -1.51763408e-01]]
[04/03/2022, 02:59:09] computing sampling shap 875:885 within 55.5411 sec, 5.2311 on average
[04/03/2022, 02:59:09] instances left: 85
[04/03/2022, 02:59:09] estimating time left: 0:07:24.643500

[[-1.06093871e+00 -3.53514124e+00 -5.04767147e-01  0.00000000e+00
  -2.86148038e-01  4.21733240e-01]
 [ 4.22492785e+00  3.14594846e+00 -3.46459468e-01  0.00000000e+00
   7.05839432e-01 -1.27833466e-01]
 [-3.64181046e-01  6.09952943e+00 -1.18167672e-01  0.00000000e+00
  -1.12470643e+00 -7.68550103e-02]
 [-1.99115689e-01  1.62544635e+01 -2.01481453e-05  0.00000000e+00
   6.88859792e-02  2.39267411e-01]
 [-9.31991025e-01 -3.34745845e+00 -6.90536563e-01  0.00000000e+00
   9.06011085e-01 -1.98695492e-01]
 [-2.44221848e-01  5.84294433e+00 -7.50139334e-02  0.00000000e+00
   8.31977179e-02  5.96554406e-02]
 [-4.71498723e-01  6.33163776e+00 -3.28912706e-01  0.00000000e+00
   7.62372759e-01 -9.27187565e-02]
 [-3.94944169e-01  6.04597618e+00 -2.02516973e-01  0.00000000e+00
   7.81835453e-01  7.85907550e-02]
 [-4.42387644e-01  6.09627796e+00 -7.04511639e-02  0.00000000e+00
  -1.20358303e+00  1.19219467e-01]
 [-2.41107804e-01  2.92778309e+00  2.90284029e+00  0.00000000e+00
   7.18907704e-01 -6.62463321e-02]]
[04/03/2022, 03:00:01] computing sampling shap 885:895 within 51.989 sec, 5.2303 on average
[04/03/2022, 03:00:01] instances left: 75
[04/03/2022, 03:00:01] estimating time left: 0:06:32.272500

[[-0.8230143  -3.61851619 -0.51265971  0.         -0.41473394  0.59963964]
 [-0.82423597 -3.89264499 -0.1599868   0.          0.32509553 -0.19745379]
 [ 4.20277485  2.83785365  0.          0.          0.5999557  -0.07902308]
 [-0.828797   -3.7550348  -0.34784835  0.         -0.28176934  0.74791213]
 [-0.18274874 -2.37593047  7.76934483  0.         -0.39009737  0.50733592]
 [-0.84925263 -3.75662121 -0.38440933  0.          0.87465538 -0.14704238]
 [-0.85366251 -3.64195141 -0.53432112  0.          0.09848013 -0.08040616]
 [-0.79340095 -3.72437846 -0.41771841  0.         -0.59044608  0.11591843]
 [-0.46099788  6.32887261 -0.25872249  0.         -0.27019286 -0.20498481]
 [-0.48142157  6.22815179 -0.11111316  0.         -0.59745642 -0.26899686]]
[04/03/2022, 03:00:54] computing sampling shap 895:905 within 53.1479 sec, 5.2323 on average
[04/03/2022, 03:00:54] instances left: 65
[04/03/2022, 03:00:54] estimating time left: 0:05:40.099500

[[-2.04396968e-01  6.13015902e+00 -2.36338677e-01  0.00000000e+00
  -3.14260104e-01 -6.07795889e-02]
 [-9.32800440e-01 -3.56262129e+00 -6.53018957e-01  0.00000000e+00
   1.54432457e-01 -1.56820682e-01]
 [-8.13748259e-01 -3.56193364e+00 -5.70258161e-01  0.00000000e+00
   4.19151364e-01 -1.05631078e-03]
 [-3.08352663e-01  5.98812726e+00 -7.28868494e-02  0.00000000e+00
  -5.80017595e-01  2.75446972e-01]
 [-8.52552664e-01 -3.51962431e+00 -6.06000581e-01  0.00000000e+00
   8.73100704e-01 -1.57593653e-01]
 [-2.86632797e-01  5.99027908e+00 -1.49725745e-01  0.00000000e+00
   7.73870297e-01 -1.56039827e-01]
 [-1.84255778e-01  6.03338733e+00 -2.75872699e-01  0.00000000e+00
   3.99289899e-01 -1.41009085e-01]
 [-1.13670357e+00 -3.41111180e+00 -3.47217250e-01  0.00000000e+00
  -2.41405821e-02 -2.31655946e-01]
 [-3.83290863e-01 -3.99369030e+00 -6.13865066e-01  0.00000000e+00
   8.78206361e-01 -1.50030174e-01]
 [-1.76853713e-01  5.96142588e+00 -2.56814319e-01  0.00000000e+00
  -1.18532582e+00 -1.57115009e-01]]
[04/03/2022, 03:01:44] computing sampling shap 905:915 within 50.4463 sec, 5.228 on average
[04/03/2022, 03:01:44] instances left: 55
[04/03/2022, 03:01:44] estimating time left: 0:04:47.540000

[[-0.61013772 -3.85942285 -0.5596585   0.         -0.8692367  -0.16715812]
 [-0.51231693  6.27752822 -0.28607845  0.         -0.48110443  0.16014591]
 [-0.2202664   5.95595592 -0.23952471  0.         -0.2748376   0.56859062]
 [ 5.62023985  1.96041861 -0.40068875  0.         -1.02314787  0.2213812 ]
 [-0.54742815 -4.1872336  -0.34310402  0.         -0.51116002 -0.20490187]
 [-0.69622531 -3.6828886  -0.63076823  0.          0.07096783 -0.15312532]
 [-0.34799602  5.90653765  0.          0.         -0.55320869  0.09023351]
 [-0.77639854 -3.93143834 -0.2935501   0.          0.42644782 -0.06927813]
 [-0.47627696 -3.81829998 -0.61109795  0.         -0.68682337 -0.06561654]
 [-1.03897905 -3.66522218 -0.39031168  0.         -0.77964464  0.00667634]]
[04/03/2022, 03:02:39] computing sampling shap 915:925 within 54.2577 sec, 5.2325 on average
[04/03/2022, 03:02:39] instances left: 45
[04/03/2022, 03:02:39] estimating time left: 0:03:55.462500

[[ 3.25901817  1.88581252  1.94967961  0.          0.55947575  0.02875915]
 [-0.93416628 -3.41776918 -0.64176759  0.         -0.46469308 -0.13173222]
 [-1.06250194 -3.52554144 -0.45086278  0.         -0.87775242 -0.12797005]
 [-0.43267021  6.25602568 -0.32853008  0.          0.85708488 -0.11614989]
 [-0.31786338  6.24288248 -0.31795858  0.         -0.63916516 -0.19696963]
 [-0.3700724   2.74570317  3.03366287  0.          0.47011577  0.27261978]
 [-0.64315686 -3.81588681 -0.59745307  0.         -0.4275419   0.23121383]
 [ 8.98271978 -1.8010152  -0.26700337  0.         -0.96645008 -0.10189318]
 [-0.87373791 -3.76520937 -0.45793487  0.          0.15533497 -0.07031394]
 [-0.822709   -3.64681257 -0.4845752   0.         -0.66157796 -0.17815312]]
[04/03/2022, 03:03:31] computing sampling shap 925:935 within 52.2642 sec, 5.2323 on average
[04/03/2022, 03:03:31] instances left: 35
[04/03/2022, 03:03:31] estimating time left: 0:03:03.130500

[[ 4.12525882e+00  3.05580297e+00 -8.27895653e-02  0.00000000e+00
   4.00002555e-01 -9.47804123e-02]
 [-2.32453713e-01  6.04174204e+00 -1.87998414e-01  0.00000000e+00
  -4.43892070e-01 -2.79036966e-01]
 [-1.05279714e+00 -3.49691246e+00 -4.45266126e-01  0.00000000e+00
  -3.61717302e-01  6.59918579e-01]
 [ 4.44651400e+00  1.30830794e+01 -4.94685845e-04  0.00000000e+00
   3.29346552e-01 -7.50292059e-02]
 [ 5.35581065e+00  2.61403294e+00 -2.38182989e-01  0.00000000e+00
   3.67413631e-01 -1.56221012e-02]
 [ 4.48798735e+00  2.79341993e+00 -2.53114884e-01  0.00000000e+00
  -1.31723057e-01  2.38730192e-01]
 [-7.42156719e-01 -3.61919870e+00 -6.38523988e-01  0.00000000e+00
   4.51048477e-01 -8.63262972e-02]
 [ 4.18402707e+00  2.72948774e+00  0.00000000e+00  0.00000000e+00
  -1.00928606e+00  2.40481983e-01]
 [-4.61790375e-01 -1.92006882e+00  7.74853766e+00  0.00000000e+00
   3.55463995e-01  3.47944661e-01]
 [-8.23064383e-02  5.65085027e+00  0.00000000e+00  0.00000000e+00
  -6.07139466e-01 -1.27240577e-01]]
[04/03/2022, 03:04:28] computing sampling shap 935:945 within 57.0523 sec, 5.2426 on average
[04/03/2022, 03:04:28] instances left: 25
[04/03/2022, 03:04:28] estimating time left: 0:02:11.065000

[[-9.17938530e-01 -3.65395567e+00 -5.35208906e-01  0.00000000e+00
   5.39162015e-01 -7.62766652e-02]
 [-8.03178791e-01 -3.69824772e+00 -4.91486826e-01  0.00000000e+00
  -6.92306194e-01 -2.06382884e-01]
 [-1.35402207e-01  1.35682306e+01  2.78287610e+00  0.00000000e+00
   2.68447882e-01  6.92107350e-03]
 [-7.43950295e-01 -3.53491348e+00 -6.18155299e-01  0.00000000e+00
   7.60355001e-01 -1.26005958e-01]
 [-7.09626727e-01 -3.72351465e+00 -6.17684950e-01  0.00000000e+00
  -4.73934341e-01  8.10688850e-02]
 [-7.81937064e-01 -3.77135268e+00 -3.94175830e-01  0.00000000e+00
   8.28023534e-01 -1.43227901e-01]
 [-2.59903149e-01  6.02690623e+00 -2.77060629e-01  0.00000000e+00
  -1.10652568e+00 -1.01134245e-01]
 [-1.43806231e-01  6.02986290e+00 -2.51429081e-01  0.00000000e+00
  -1.10124870e+00 -1.30459702e-01]
 [-6.46059167e-01 -1.89592742e+00  7.88257417e+00  0.00000000e+00
  -5.72934953e-01  4.17566040e-01]
 [-3.00928219e-01  6.00880273e+00 -2.38799826e-01  0.00000000e+00
  -1.65712124e-01  1.64314399e-01]]
[04/03/2022, 03:05:21] computing sampling shap 945:955 within 52.9545 sec, 5.2437 on average
[04/03/2022, 03:05:21] instances left: 15
[04/03/2022, 03:05:21] estimating time left: 0:01:18.655500

[[-0.84034724 -3.67499537 -0.44771677  0.          0.86765792 -0.07923624]
 [-0.9049237  -3.53020387 -0.6171107   0.         -0.3487899   0.11283659]
 [-0.95706998 -3.78813002 -0.32192645  0.         -0.09049314  0.32082546]
 [-0.77343635 -3.55586182 -0.65927392  0.          0.88226486 -0.07468616]
 [-0.9377917  -3.52975457 -0.55197469  0.          0.88994162 -0.10997791]
 [-0.70460713 -3.50837425 -0.68099272  0.          0.79764287 -0.10759675]
 [-0.53185862 -4.04275522 -0.32749312  0.          0.78887257 -0.14943552]
 [-0.87844053 -3.40740491 -0.63282936  0.          0.79253979 -0.11342216]
 [-0.38257796  6.06414373 -0.17915789  0.          0.14344969 -0.1505795 ]
 [-0.49374255  6.22337416 -0.16633891  0.          0.75987689 -0.15141869]]
[04/03/2022, 03:06:13] computing sampling shap 955:965 within 52.6782 sec, 5.2442 on average
[04/03/2022, 03:06:13] instances left: 5
[04/03/2022, 03:06:13] estimating time left: 0:00:26.221000

[[-0.81988798 -3.7811296  -0.36167041  0.          0.85392464 -0.153907  ]
 [-0.77646695 -4.01930143 -0.30892717  0.         -0.63083491 -0.07941727]
 [-0.71881566 -3.71798099 -0.46013687  0.          0.80107817 -0.07878241]
 [ 4.49767794  2.85719827 -0.22219854  0.         -0.47613106 -0.15630256]
 [-0.84444135 -3.64862062 -0.48602227  0.         -0.56661538  0.13567435]
 [-0.35611864  6.21950213 -0.29384621  0.          0.08256145 -0.15682074]
 [-0.34152715  6.06384341 -0.21413833  0.          0.79385897 -0.10115643]
 [-0.43999455  6.09886287 -0.11406288  0.          0.6968363   0.08175525]
 [-0.4171278   6.11810413 -0.23651496  0.          0.16068231  0.27022421]
 [-0.71272881 -3.77653074 -0.44973443  0.          0.42810198 -0.2065892 ]]
[04/03/2022, 03:06:13] finish computing sampling shap for range: [2, 8] within 2517.23987 sec
