Child #[10, 11]: psutil.Process(pid=5126, name='python', status='running', started='03:07:48'), affinity [10, 11]
Child #[10, 11]: Set my affinity to [10, 11], affinity now [10, 11]

[04/03/2022, 05:19:00] start computing sampling shap for range: [6, 8]
[04/03/2022, 05:19:38] computing sampling shap 1375:1385 within 38.2878 sec, 3.8288 on average
[04/03/2022, 05:19:38] instances left: 265
[04/03/2022, 05:19:38] estimating time left: 0:16:54.632000

[[-0.14526752 -0.88028597 -0.1446939   0.         -0.22495475  0.00645348]
 [ 0.         -1.20256614  0.          0.         -0.11982541  0.56366126]
 [ 0.         -0.84163952 -0.25250669  0.          0.42601931  0.18126633]
 [ 0.         -0.83365713 -0.22300024  0.          0.82021982 -0.12530948]
 [ 0.         -1.01216091 -0.22866357  0.         -0.10234808  0.35721441]
 [-0.14177887 -0.84117276 -0.21396702  0.          0.09732696 -0.16450662]
 [ 0.         -0.8641301  -0.26390239  0.          0.04284585 -0.01860835]
 [-0.01427276 -0.87383035 -0.24040122  0.          0.43158004 -0.11606552]
 [ 0.         -1.22143859  0.          0.          0.94181767 -0.10670429]
 [-0.01605907 -1.11415513  0.          0.         -0.45545669 -0.22932957]]
[04/03/2022, 05:20:16] computing sampling shap 1385:1395 within 38.3531 sec, 3.8321 on average
[04/03/2022, 05:20:16] instances left: 255
[04/03/2022, 05:20:16] estimating time left: 0:16:17.185500

[[ 0.00000000e+00 -1.09215192e+00 -4.68819827e-02  0.00000000e+00
   9.14844337e-01 -9.81779507e-02]
 [ 0.00000000e+00 -1.19828614e+00  0.00000000e+00  0.00000000e+00
   5.16756076e-01  1.94669627e-01]
 [ 0.00000000e+00  1.96453915e+01 -7.41137111e-02  0.00000000e+00
  -4.11689879e-01  1.88141733e-02]
 [-8.38161802e-02 -1.17448831e+00  0.00000000e+00  0.00000000e+00
  -6.13726031e-01 -1.93165158e-01]
 [-2.20155303e-01 -9.03928251e-01  0.00000000e+00  0.00000000e+00
  -2.94943773e-01 -1.05899795e-01]
 [ 0.00000000e+00 -1.03819132e+00  0.00000000e+00  0.00000000e+00
  -7.05912416e-01  8.85690662e-02]
 [ 0.00000000e+00  1.96059651e+01  0.00000000e+00  0.00000000e+00
   4.67448167e-01 -2.64107175e-01]
 [ 0.00000000e+00 -1.04783168e+00 -8.02316985e-02  0.00000000e+00
   9.37048959e-01 -1.95311035e-01]
 [ 0.00000000e+00 -1.17670454e+00  0.00000000e+00  0.00000000e+00
   9.23002103e-01 -1.32622862e-01]
 [ 0.00000000e+00  1.96898175e+01 -1.77406812e-01  0.00000000e+00
  -6.33158951e-01 -2.00801163e-01]]
[04/03/2022, 05:20:58] computing sampling shap 1395:1405 within 42.0425 sec, 3.9562 on average
[04/03/2022, 05:20:58] instances left: 245
[04/03/2022, 05:20:58] estimating time left: 0:16:09.269000

[[-0.14066706 -0.86490614 -0.18712567  0.          0.95894814 -0.12799657]
 [ 0.         -0.94088016 -0.17634062  0.         -0.67166622  0.16839515]
 [ 0.         -1.00469949 -0.15276245  0.          0.05932673 -0.16596305]
 [ 0.         -1.10852432 -0.11296159  0.          0.94768375 -0.08794479]
 [ 0.         -1.05027543  0.          0.         -0.00219508  0.46180584]
 [-0.01364627 -0.94864753 -0.17480676  0.          0.07656181 -0.20355982]
 [ 0.         -1.09922572 -0.16274901  0.          0.99824146 -0.09801387]
 [ 0.         -1.0424862   0.          0.          0.36854771 -0.1969766 ]
 [ 0.         -1.15784403  0.          0.          0.90105144 -0.04264038]
 [ 0.         -1.04859973 -0.12884397  0.         -0.58900182 -0.20101655]]
[04/03/2022, 05:21:40] computing sampling shap 1405:1415 within 41.1476 sec, 3.9959 on average
[04/03/2022, 05:21:40] instances left: 235
[04/03/2022, 05:21:40] estimating time left: 0:15:39.036500

[[ 0.         -1.01609412 -0.2593734   0.          0.97700274 -0.08786087]
 [ 0.         -0.99240966 -0.18913078  0.          0.46007481 -0.09152392]
 [-0.1464368  -1.00447711  0.          0.         -0.45751617  0.07017869]
 [ 0.         19.37931715  0.          0.          0.93587545 -0.15116095]
 [ 0.         -1.07833303  0.          0.         -0.75710429 -0.12783342]
 [ 0.         -0.89911132 -0.21040446  0.          0.43928383 -0.14275773]
 [ 0.         -1.12475665  0.          0.          0.08651721 -0.19066783]
 [ 0.         -1.21668381  0.          0.          0.15185417 -0.13901343]
 [ 0.         -1.04756169 -0.16980321  0.         -0.59579451  0.03648277]
 [ 0.          0.          0.          0.         -0.36571525 -0.39497512]]
[04/03/2022, 05:22:21] computing sampling shap 1415:1425 within 41.1223 sec, 4.0192 on average
[04/03/2022, 05:22:21] instances left: 225
[04/03/2022, 05:22:21] estimating time left: 0:15:04.320000

[[-2.59333298e-01 -8.10785327e-01 -1.01810682e-01  0.00000000e+00
   8.62843460e-02 -1.81499510e-02]
 [ 0.00000000e+00 -1.02529138e+00 -2.03674373e-01  0.00000000e+00
   1.00009743e+00 -1.57457301e-01]
 [ 0.00000000e+00 -1.18640567e+00  0.00000000e+00  0.00000000e+00
  -5.49543369e-01  1.69274255e-01]
 [ 0.00000000e+00  1.96449078e+01  0.00000000e+00  0.00000000e+00
  -1.01389619e+00  1.10145603e-02]
 [ 0.00000000e+00 -1.19962634e+00  0.00000000e+00  0.00000000e+00
   1.08490875e-01  4.31410249e-01]
 [ 0.00000000e+00 -8.00585480e-01 -3.99021285e-01  0.00000000e+00
   9.63914783e-01 -1.50633671e-01]
 [ 0.00000000e+00  1.94407379e+01  0.00000000e+00  0.00000000e+00
   8.56619699e-01 -1.33326282e-01]
 [ 0.00000000e+00  1.95797551e+01 -9.59682018e-02  0.00000000e+00
   8.01044895e-01 -3.77265949e-02]
 [ 0.00000000e+00 -1.11432067e+00  0.00000000e+00  0.00000000e+00
   4.37253842e-01 -1.35922688e-01]
 [ 0.00000000e+00 -1.10662943e+00  0.00000000e+00  0.00000000e+00
  -5.05428954e-01 -2.02941788e-01]]
[04/03/2022, 05:22:58] computing sampling shap 1425:1435 within 37.2697 sec, 3.9705 on average
[04/03/2022, 05:22:58] instances left: 215
[04/03/2022, 05:22:58] estimating time left: 0:14:13.657500

[[ 0.         -0.99276316 -0.06919278 -0.0690831  -0.67596892 -0.25818789]
 [ 0.         -1.08771334  0.          0.          0.39950459 -0.18270626]
 [ 0.         -0.94554344 -0.10757705  0.         -0.01470019 -0.19627767]
 [ 0.         -1.19301662  0.          0.         -0.17932186 -0.15258826]
 [ 0.         -0.98239933 -0.2023167   0.          0.49580739 -0.0627219 ]
 [ 0.         -1.09211747  0.          0.          0.38880455 -0.13439183]
 [ 0.         -1.1499445   0.          0.          0.87214069  0.02868258]
 [ 0.         -0.91746454 -0.31697676  0.          0.45943683  0.42774278]
 [-0.05312122 -0.9595383   0.          0.         -0.53272056 -0.0464099 ]
 [ 0.         -1.17930347  0.          0.         -0.20844224  0.01208001]]
[04/03/2022, 05:23:38] computing sampling shap 1435:1445 within 40.2204 sec, 3.9779 on average
[04/03/2022, 05:23:38] instances left: 205
[04/03/2022, 05:23:38] estimating time left: 0:13:35.469500

[[ 0.         -0.91646405 -0.23063042  0.          0.95485151 -0.19408275]
 [-0.15908497 -1.06984724  0.          0.         -0.63493634  0.04010222]
 [ 0.         -1.0792752   0.          0.          0.88229909 -0.1893495 ]
 [-0.11514237 -0.92925257 -0.06822007  0.          0.8840875  -0.1577983 ]
 [ 0.         -1.04024921 -0.11344707  0.          0.44481369  0.20775234]
 [ 0.         -1.19751132  0.          0.          0.93607722 -0.12489144]
 [ 0.         -0.79612045 -0.19019824  0.         -0.81186468 -0.1661041 ]
 [ 0.         -1.11750785  0.          0.         -0.4414233   0.0612595 ]
 [-0.01697956 -1.02544195 -0.12814529  0.         -0.67127137  0.12445309]
 [ 0.         -1.19180942  0.          0.          0.47253024 -0.15163585]]
[04/03/2022, 05:24:18] computing sampling shap 1445:1455 within 40.0933 sec, 3.9818 on average
[04/03/2022, 05:24:18] instances left: 195
[04/03/2022, 05:24:18] estimating time left: 0:12:56.451000

[[ 0.         -1.00211822 -0.17237949  0.          0.93009181 -0.14191985]
 [ 0.         -1.06190147  0.          0.          0.8306335  -0.15505754]
 [-0.07296633 -1.10362199  0.          0.         -0.59649289  0.20115495]
 [-0.06707416 -0.90137464  0.          0.         -1.1589088  -0.15213312]
 [ 0.         -1.12152485  0.          0.          0.92167919 -0.18647985]
 [ 0.         -0.88525853 -0.17017015  0.         -0.76015334  0.1624411 ]
 [ 0.         -1.11023471  0.          0.          0.428643   -0.18932343]
 [-0.07315266 -0.86666464 -0.21300513  0.          0.90629283 -0.13979612]
 [ 0.         -1.04469387  0.          0.         -0.69492983  0.00752812]
 [ 0.         -1.11195258  0.          0.          0.44937082 -0.10422275]]
[04/03/2022, 05:24:58] computing sampling shap 1455:1465 within 39.9204 sec, 3.983 on average
[04/03/2022, 05:24:58] instances left: 185
[04/03/2022, 05:24:58] estimating time left: 0:12:16.855000

[[-1.69240261e-02 -1.09480702e+00  0.00000000e+00  0.00000000e+00
  -2.11414054e-01 -2.61777251e-01]
 [-9.18731234e-02 -9.08921753e-01 -8.84945281e-02  0.00000000e+00
  -1.17885986e+00  5.41405255e-01]
 [ 0.00000000e+00  1.96726370e+01  0.00000000e+00  0.00000000e+00
   3.54645283e-01 -2.17976242e-01]
 [-1.23654573e-01 -9.16904624e-01 -8.36974367e-02  0.00000000e+00
  -6.86372130e-01 -2.03923179e-01]
 [ 0.00000000e+00 -1.10660795e+00  0.00000000e+00  0.00000000e+00
   4.40814435e-01 -1.71911257e-01]
 [-1.37587911e-02 -1.05617113e+00  0.00000000e+00  0.00000000e+00
   4.16876026e-01 -2.17861354e-01]
 [-1.00844444e-01 -1.03892611e+00  0.00000000e+00  0.00000000e+00
  -4.24193697e-01 -1.88554714e-01]
 [-1.58475148e-02  1.96427546e+01 -6.11591581e-02  0.00000000e+00
   4.42237687e-01  1.76476677e-01]
 [ 0.00000000e+00 -1.11475986e+00  0.00000000e+00  0.00000000e+00
  -6.97076678e-01  1.53583659e-01]
 [ 0.00000000e+00 -1.15027260e+00  0.00000000e+00  0.00000000e+00
   4.74198451e-01 -1.36915435e-01]]
[04/03/2022, 05:25:35] computing sampling shap 1465:1475 within 36.8433 sec, 3.9531 on average
[04/03/2022, 05:25:35] instances left: 175
[04/03/2022, 05:25:35] estimating time left: 0:11:31.792500

[[ 0.00000000e+00 -1.09666379e+00 -6.88412970e-02  0.00000000e+00
  -1.48699105e+00 -1.70342259e-01]
 [ 0.00000000e+00 -1.19585597e+00  0.00000000e+00  0.00000000e+00
  -5.93608728e-01  3.21232092e-01]
 [ 0.00000000e+00 -9.77222510e-01 -1.33524080e-01  0.00000000e+00
  -6.62815213e-01 -1.93900615e-01]
 [ 0.00000000e+00 -9.52581941e-01 -1.68169994e-01  0.00000000e+00
  -2.25576563e-01 -1.78598487e-01]
 [ 0.00000000e+00 -1.08253106e+00  0.00000000e+00  0.00000000e+00
   3.70001948e-01 -1.25175717e-01]
 [-1.77861511e-01 -1.04020923e+00  0.00000000e+00  0.00000000e+00
  -3.08329861e-01  4.40674111e-01]
 [ 0.00000000e+00  1.95407039e+01 -7.31758451e-02  0.00000000e+00
   8.26394527e-01  8.61143768e-03]
 [ 0.00000000e+00 -9.35221866e-01 -2.04243000e-01  0.00000000e+00
   9.12128159e-01 -1.58988911e-01]
 [-1.23873181e-01 -1.07811133e+00  0.00000000e+00  0.00000000e+00
   4.84317081e-01 -1.20037382e-01]
 [-1.29644976e-01 -9.79059079e-01  0.00000000e+00  0.00000000e+00
   8.86840275e-01 -1.64461766e-01]]
[04/03/2022, 05:26:13] computing sampling shap 1475:1485 within 38.2078 sec, 3.9411 on average
[04/03/2022, 05:26:13] instances left: 165
[04/03/2022, 05:26:13] estimating time left: 0:10:50.281500

[[-2.85494306e-02 -1.05492172e+00 -1.73061888e-01  0.00000000e+00
   5.49806998e-01 -1.64189243e-01]
 [ 0.00000000e+00  1.97314258e+01  0.00000000e+00  0.00000000e+00
  -6.34471254e-01  1.39101512e-01]
 [-6.52788703e-02 -1.03241992e+00  0.00000000e+00  0.00000000e+00
  -2.97703941e-01 -1.01169539e-01]
 [ 0.00000000e+00 -1.15870487e+00 -4.71660440e-02  0.00000000e+00
   9.43769533e-01 -1.24224102e-01]
 [-6.21302745e-02 -9.26168976e-01 -1.47600733e-01  0.00000000e+00
  -3.99678081e-01  2.23478916e-01]
 [-1.07151973e-01 -1.11913001e+00  0.00000000e+00  0.00000000e+00
  -4.15225681e-01  5.93433509e-01]
 [ 0.00000000e+00 -9.05472547e-01 -1.58671880e-01  0.00000000e+00
   1.21663864e-02 -2.12120203e-01]
 [ 0.00000000e+00 -9.37783716e-01 -7.95014888e-02  0.00000000e+00
  -3.43224593e-01 -1.64417200e-01]
 [ 0.00000000e+00 -9.23235437e-01 -2.07729972e-01  0.00000000e+00
  -1.41041460e+00 -2.81458551e-01]
 [ 0.00000000e+00  1.95641289e+01  0.00000000e+00  0.00000000e+00
   3.89464614e-01 -5.18239846e-03]]
[04/03/2022, 05:26:53] computing sampling shap 1485:1495 within 39.2938 sec, 3.9401 on average
[04/03/2022, 05:26:53] instances left: 155
[04/03/2022, 05:26:53] estimating time left: 0:10:10.715500

[[ 0.00000000e+00 -1.14543077e+00  0.00000000e+00  0.00000000e+00
  -5.96868085e-01  2.25257586e-01]
 [ 0.00000000e+00 -1.09904416e+00  0.00000000e+00  0.00000000e+00
   8.61472514e-01 -1.24175225e-01]
 [-1.60600580e-02 -9.84905825e-01 -1.89469613e-01  0.00000000e+00
  -5.75252139e-01 -1.82954009e-01]
 [ 0.00000000e+00  1.96392695e+01  0.00000000e+00  0.00000000e+00
   1.87957398e-02 -2.00467415e-01]
 [ 0.00000000e+00 -8.56948398e-01 -2.90579884e-01 -6.87623215e-02
  -6.51982137e-01  3.51116535e-02]
 [ 0.00000000e+00 -1.18760779e+00  0.00000000e+00  0.00000000e+00
  -5.91490704e-01  5.74373880e-01]
 [-6.13358497e-02 -1.09390315e+00  0.00000000e+00  0.00000000e+00
   4.18027006e-01 -1.33703155e-01]
 [ 0.00000000e+00 -1.22119833e+00  0.00000000e+00  0.00000000e+00
   1.32136195e-01 -3.55756557e-02]
 [-6.81909107e-02 -1.02829793e+00  0.00000000e+00  0.00000000e+00
   8.74328226e-01 -1.64164874e-01]
 [ 0.00000000e+00 -1.08519213e+00  0.00000000e+00  0.00000000e+00
   3.98907365e-01 -8.05199372e-02]]
[04/03/2022, 05:27:32] computing sampling shap 1495:1505 within 39.4312 sec, 3.9404 on average
[04/03/2022, 05:27:32] instances left: 145
[04/03/2022, 05:27:32] estimating time left: 0:09:31.358000

[[ 0.00000000e+00  1.95459406e+01  0.00000000e+00  0.00000000e+00
   4.57935498e-01 -6.39497645e-02]
 [ 0.00000000e+00 -9.85414729e-01 -1.86304283e-01  0.00000000e+00
   4.17315478e-01  4.99692735e-01]
 [ 0.00000000e+00 -5.74651647e-01  1.99494451e+01  0.00000000e+00
   5.41006950e-01 -8.08262276e-02]
 [ 0.00000000e+00 -1.03351933e+00 -1.56413443e-01  0.00000000e+00
   9.96825141e-02  7.61219971e-02]
 [ 2.12578499e+01  0.00000000e+00 -1.56130938e-01  0.00000000e+00
   6.85622039e-03 -1.44070851e-01]
 [ 0.00000000e+00 -1.00106070e+00  0.00000000e+00  0.00000000e+00
  -8.32931274e-01 -1.72343145e-01]
 [-1.55428509e-02 -1.12640018e+00  0.00000000e+00  0.00000000e+00
  -6.63683410e-01 -1.20987792e-01]
 [-1.40811164e-01 -9.61580913e-01 -7.46781638e-02  0.00000000e+00
  -3.26161571e-01  5.40711649e-01]
 [ 0.00000000e+00 -1.13403197e+00 -5.53475154e-02  0.00000000e+00
  -5.72334158e-01 -5.28802078e-02]
 [ 0.00000000e+00 -9.31620252e-01 -1.69061112e-01  0.00000000e+00
   4.35468889e-01  1.59071706e-01]]
[04/03/2022, 05:28:13] computing sampling shap 1505:1515 within 41.2793 sec, 3.9538 on average
[04/03/2022, 05:28:13] instances left: 135
[04/03/2022, 05:28:13] estimating time left: 0:08:53.763000

[[-1.49616867e-02  1.96636978e+01  0.00000000e+00  0.00000000e+00
  -1.08949199e+00  1.58785464e-01]
 [ 0.00000000e+00 -8.32371776e-01 -2.17779296e-01  0.00000000e+00
   3.91272717e-01 -1.78826753e-01]
 [ 0.00000000e+00 -1.07595803e+00 -5.61134429e-02  0.00000000e+00
   8.88967149e-01 -1.43221082e-01]
 [ 0.00000000e+00 -9.96748271e-01 -1.15735816e-01  0.00000000e+00
  -2.51548986e-01 -1.76127924e-01]
 [-1.31263110e-01 -8.82576408e-01 -9.58022344e-02  0.00000000e+00
   5.41816771e-02  1.19464418e-01]
 [-1.33553389e-02 -1.16288250e+00  0.00000000e+00  0.00000000e+00
   4.55841294e-01 -1.50518553e-01]
 [ 0.00000000e+00 -1.13064600e+00  0.00000000e+00  0.00000000e+00
  -4.07170606e-01  5.75296509e-01]
 [ 0.00000000e+00 -1.11555751e+00  0.00000000e+00  0.00000000e+00
  -6.80496270e-01 -2.18497843e-01]
 [-1.54376023e-02 -8.29221412e-01 -2.47620181e-01  0.00000000e+00
   3.98599822e-01 -1.77235874e-01]
 [ 0.00000000e+00 -1.00195633e+00 -7.77800781e-02  0.00000000e+00
   8.58156420e-01 -1.64745765e-01]]
[04/03/2022, 05:28:51] computing sampling shap 1515:1525 within 38.1272 sec, 3.9444 on average
[04/03/2022, 05:28:51] instances left: 125
[04/03/2022, 05:28:51] estimating time left: 0:08:13.050000

[[ 0.         -1.11088892  0.          0.         -0.68706702 -0.1417676 ]
 [-0.01475964 -1.1440484   0.          0.         -0.58432613 -0.16268824]
 [ 0.         -1.08669588 -0.08784361  0.          0.14240954 -0.23196827]
 [-0.13162108 -0.82086422 -0.19634513  0.         -0.53279222 -0.00459931]
 [ 0.         -1.19483789 -0.06900301  0.         -0.27618852  0.10730643]
 [ 0.         -0.98875848 -0.06821461  0.          0.8166956  -0.12146952]
 [-0.01407903 -1.06966707  0.          0.         -0.75205049 -0.17053834]
 [-0.01646414 -0.8801057  -0.1566479   0.         -0.56143509 -0.11772361]
 [ 0.         -1.14805617  0.          0.          0.05542543 -0.01116411]
 [ 0.         -0.88955049 -0.17246411  0.          0.88275661 -0.20706786]]
[04/03/2022, 05:29:34] computing sampling shap 1525:1535 within 42.4163 sec, 3.963 on average
[04/03/2022, 05:29:34] instances left: 115
[04/03/2022, 05:29:34] estimating time left: 0:07:35.745000

[[ 0.00000000e+00 -1.15957783e+00  0.00000000e+00  0.00000000e+00
   8.99054717e-01 -1.25802314e-01]
 [ 0.00000000e+00  1.95027555e+01  0.00000000e+00  0.00000000e+00
   4.80590708e-01 -1.28143676e-01]
 [-3.03560811e-02 -1.20402993e+00  0.00000000e+00  0.00000000e+00
   1.01039876e+00 -1.37759612e-01]
 [ 0.00000000e+00 -8.26200143e-01 -1.29177516e-01  0.00000000e+00
  -4.02652690e-01 -2.26892083e-01]
 [ 0.00000000e+00 -9.80217275e-01 -1.33740417e-01  0.00000000e+00
   4.50762738e-01 -2.07720359e-01]
 [ 0.00000000e+00 -8.19850674e-01 -2.58489093e-01  0.00000000e+00
   4.05387369e-01 -1.97962982e-01]
 [ 0.00000000e+00  1.95753519e+01  0.00000000e+00  0.00000000e+00
   4.10810674e-01 -1.76856302e-01]
 [-1.68431191e-02 -9.66120055e-01  0.00000000e+00  0.00000000e+00
  -1.28145329e+00  2.64825571e-01]
 [ 0.00000000e+00 -9.00222915e-01 -2.47191649e-01  0.00000000e+00
  -8.79760566e-01  3.04648535e-01]
 [ 0.00000000e+00 -7.97782972e-01 -2.26688204e-01  0.00000000e+00
  -3.38101561e-01 -1.77588603e-01]]
[04/03/2022, 05:30:15] computing sampling shap 1535:1545 within 41.4923 sec, 3.9739 on average
[04/03/2022, 05:30:15] instances left: 105
[04/03/2022, 05:30:15] estimating time left: 0:06:57.259500

[[-0.26029412 -0.91180396  0.          0.          0.43001812  0.01899537]
 [ 0.         -0.95821834 -0.09354838  0.         -1.00371139  0.57285197]
 [-0.01328418 -1.00280505  0.          0.          0.80807823 -0.17831479]
 [ 0.         -0.89351187 -0.18757508  0.         -0.52578082 -0.20813288]
 [ 0.         -1.17298627  0.          0.         -0.712026   -0.12132266]
 [ 0.         -1.05727245 -0.12106969  0.          0.91140529 -0.11938857]
 [ 0.         -1.12628028  0.          0.         -0.56129881  0.46939484]
 [-0.01682464 -0.91764567 -0.13791127  0.         -0.28302587  0.05928398]
 [-0.05425608 -1.0268922  -0.05588275  0.          0.89296164 -0.14225626]
 [-0.01426369 -0.94040209 -0.17754877  0.         -0.76874836 -0.08121667]]
[04/03/2022, 05:30:58] computing sampling shap 1545:1555 within 42.5636 sec, 3.9896 on average
[04/03/2022, 05:30:58] instances left: 95
[04/03/2022, 05:30:58] estimating time left: 0:06:19.012000

[[-0.01305909 -1.03232467  0.          0.          0.84114756 -0.15751087]
 [ 0.         -1.06521528  0.          0.          0.83091242 -0.15202268]
 [ 0.         -0.84158421 -0.21845434  0.          0.38350436  0.25389951]
 [ 0.         -1.123757    0.          0.         -0.59426086  0.09850851]
 [ 0.         -0.9959984  -0.17750191  0.          0.46226653 -0.12647133]
 [ 0.         -1.12485092  0.          0.         -0.42781784  0.57311621]
 [ 0.         -1.11375524  0.          0.          0.74282979  0.19690586]
 [ 0.         -1.00039942  0.          0.          0.28191309 -0.04220475]
 [ 0.         -1.0332243  -0.10267163  0.          0.05304004  0.13939454]
 [ 0.         -1.12187348  0.          0.         -0.46597353 -0.22715339]]
[04/03/2022, 05:31:36] computing sampling shap 1555:1565 within 37.7494 sec, 3.9784 on average
[04/03/2022, 05:31:36] instances left: 85
[04/03/2022, 05:31:36] estimating time left: 0:05:38.164000

[[ 0.00000000e+00  1.97565456e+01  0.00000000e+00  0.00000000e+00
  -3.40319524e-01 -1.15502640e-02]
 [ 0.00000000e+00 -1.10890321e+00  0.00000000e+00  0.00000000e+00
  -2.75009827e-01  1.14139203e-01]
 [ 0.00000000e+00 -1.11523426e+00  0.00000000e+00  0.00000000e+00
  -2.46726377e-01  6.36159693e-01]
 [-1.57931219e-02 -1.11540772e+00  0.00000000e+00  0.00000000e+00
  -2.49154209e-01 -2.86988086e-02]
 [ 0.00000000e+00 -1.06516083e+00  0.00000000e+00  0.00000000e+00
  -1.31978636e+00 -2.14453235e-01]
 [ 0.00000000e+00 -1.11943808e+00 -1.46588828e-01  0.00000000e+00
  -3.75275958e-01  1.22996391e+00]
 [ 0.00000000e+00 -1.05171811e+00 -1.74302775e-01  0.00000000e+00
  -1.68329283e-01 -1.60141625e-02]
 [ 0.00000000e+00 -1.02692376e+00  0.00000000e+00  0.00000000e+00
   3.56329642e-01 -1.67110514e-01]
 [ 0.00000000e+00 -8.46666514e-01 -3.51193408e-01  0.00000000e+00
  -6.01283732e-01  5.47012356e-01]
 [-1.42697028e-02 -1.13082741e+00  0.00000000e+00  0.00000000e+00
   9.07873414e-01 -1.49102041e-01]]
[04/03/2022, 05:32:16] computing sampling shap 1565:1575 within 40.0784 sec, 3.9798 on average
[04/03/2022, 05:32:16] instances left: 75
[04/03/2022, 05:32:16] estimating time left: 0:04:58.485000

[[ 0.00000000e+00 -1.09780497e+00  0.00000000e+00  0.00000000e+00
  -2.53796020e-01  2.32548062e-01]
 [ 0.00000000e+00 -9.96884849e-01 -9.48887226e-02  0.00000000e+00
  -2.50595714e-01  1.47144041e-01]
 [ 0.00000000e+00  1.96377021e+01  0.00000000e+00  0.00000000e+00
   6.30156576e-02  6.67872801e-01]
 [-8.70688915e-02 -9.09999624e-01 -7.89311271e-02  0.00000000e+00
   8.22533992e-01 -1.32860137e-01]
 [ 0.00000000e+00  1.95568035e+01  0.00000000e+00  0.00000000e+00
  -1.40706686e-01  9.25407402e-01]
 [ 0.00000000e+00 -9.73214827e-01 -1.45554358e-01  0.00000000e+00
  -7.30890313e-01 -2.00307454e-01]
 [-1.58483585e-02 -1.14322664e+00  0.00000000e+00  0.00000000e+00
  -5.55213458e-01  4.85140126e-01]
 [ 0.00000000e+00 -1.00637487e+00 -1.26841854e-01  0.00000000e+00
   9.12266601e-01 -1.65375543e-01]
 [ 0.00000000e+00 -1.06045139e+00  0.00000000e+00  0.00000000e+00
   3.76815379e-02  2.72866616e-01]
 [ 0.00000000e+00 -9.90332012e-01  0.00000000e+00 -2.82287123e-02
  -8.11059894e-01 -1.34666489e-01]]
[04/03/2022, 05:32:57] computing sampling shap 1575:1585 within 41.2024 sec, 3.9865 on average
[04/03/2022, 05:32:57] instances left: 65
[04/03/2022, 05:32:57] estimating time left: 0:04:19.122500

[[-0.13832284 -0.91211573  0.          0.          0.81251053 -0.12381911]
 [ 0.         -0.96003637 -0.20376729  0.         -0.62576834  0.4262443 ]
 [-0.1991126  -0.80024488 -0.14136373  0.          0.38802948  0.36816474]
 [ 0.         -1.17927493  0.          0.         -1.44557073 -0.01044864]
 [ 0.         -0.81884865 -0.17134462  0.          0.33557692 -0.18308872]
 [ 0.         -1.1360874   0.          0.          0.04861839 -0.03716895]
 [-0.07281439 -1.02421616 -0.07490453  0.         -0.6212932  -0.25797986]
 [ 0.         -1.03389842  0.          0.         -0.72419478 -0.19054858]
 [ 0.         -0.89622375 -0.10849839  0.          0.30761647 -0.17380978]
 [ 0.         -0.93319287  0.          0.          0.25631801  0.17073403]]
[04/03/2022, 05:33:35] computing sampling shap 1585:1595 within 38.0678 sec, 3.9784 on average
[04/03/2022, 05:33:35] instances left: 55
[04/03/2022, 05:33:35] estimating time left: 0:03:38.812000

[[ 0.         -0.89249928 -0.23009183  0.          0.44351892 -0.13391754]
 [ 0.         -1.15175444  0.          0.         -0.60086006  0.18068823]
 [-0.06384573 -1.07413219  0.          0.          0.03950529 -0.02747557]
 [ 0.         -0.94392699 -0.08255622  0.          0.34789838 -0.04450007]
 [ 0.         -1.16115602  0.          0.         -0.48107391  0.63679349]
 [-0.13025211 -0.82982064 -0.08895002  0.         -1.11018609 -0.20550574]
 [-0.0467567  -0.96437766 -0.10113311  0.         -0.61496314  0.04100866]
 [ 0.         -1.078225   -0.0484343   0.          0.08568189 -0.22312063]
 [ 0.         -0.92233164 -0.17107848  0.         -0.68661675 -0.23452492]
 [-0.15012303 -1.04971459  0.          0.          0.51433528 -0.08130221]]
[04/03/2022, 05:34:13] computing sampling shap 1595:1605 within 38.297 sec, 3.9719 on average
[04/03/2022, 05:34:13] instances left: 45
[04/03/2022, 05:34:13] estimating time left: 0:02:58.735500

[[ 0.         -1.11600197  0.          0.         -0.26269924 -0.03035267]
 [ 0.         -1.20741839  0.          0.          0.12699443 -0.04421378]
 [ 0.         -1.11339676  0.          0.         -0.54717227  0.11011034]
 [-0.01673731 -1.01687244 -0.05338322  0.          0.83286535 -0.05834353]
 [-0.01336396 -0.92069209 -0.20778527  0.          0.04823525  0.43388044]
 [-0.01375302 -0.98989301 -0.14476961  0.         -1.13836325  0.27387617]
 [ 0.         -1.09239265 -0.11338696  0.          0.94101977 -0.12156581]
 [ 0.         -1.01930992 -0.16460164  0.         -0.58776144 -0.10641833]
 [ 0.         -1.14120492  0.          0.          0.0697839  -0.05321694]
 [-0.01455044 -1.11383617  0.          0.          0.4046121  -0.02785605]]
[04/03/2022, 05:34:51] computing sampling shap 1605:1615 within 37.8244 sec, 3.964 on average
[04/03/2022, 05:34:51] instances left: 35
[04/03/2022, 05:34:51] estimating time left: 0:02:18.740000

[[ 0.         -1.08518388  0.          0.          0.3946603  -0.14718142]
 [ 0.         -1.24768056  0.          0.         -0.51882214 -0.18213865]
 [ 0.         -1.06607859  0.          0.         -0.32272141 -0.15136095]
 [ 0.         -1.2905933   0.          0.          0.16137542 -0.13488012]
 [ 0.         -1.064232    0.          0.         -0.68340195 -0.21982813]
 [-0.08921724 -1.05867224  0.          0.          0.06467412 -0.18088287]
 [ 0.         -1.15756407  0.          0.         -0.42723316  0.15207422]
 [-0.09751404 -0.96085861  0.          0.         -0.30900551 -0.09026429]
 [ 0.         -1.09441031  0.          0.         -0.65887472 -0.0372742 ]
 [ 0.          0.         -0.92797143  0.         -1.48452362  0.15921163]]
[04/03/2022, 05:35:28] computing sampling shap 1615:1625 within 36.8743 sec, 3.953 on average
[04/03/2022, 05:35:28] instances left: 25
[04/03/2022, 05:35:28] estimating time left: 0:01:38.825000

[[ 0.00000000e+00 -9.95166114e-01 -1.46414365e-01  0.00000000e+00
  -1.12079798e+00  3.43576224e-01]
 [ 0.00000000e+00 -1.01092298e+00  0.00000000e+00  0.00000000e+00
   3.48496930e-01 -2.08489260e-01]
 [ 0.00000000e+00 -7.77090452e-01 -2.47028165e-01  0.00000000e+00
  -7.79452658e-01  8.28385003e-01]
 [ 0.00000000e+00 -1.18439408e+00  0.00000000e+00  0.00000000e+00
   4.80008200e-01 -5.63050595e-02]
 [-7.62162487e-02 -1.05678681e+00  0.00000000e+00  0.00000000e+00
  -5.78340095e-01  1.44668100e-01]
 [ 0.00000000e+00  1.95325444e+01  0.00000000e+00  0.00000000e+00
  -5.70852730e-01 -1.28890617e-01]
 [ 0.00000000e+00  1.95639003e+01  0.00000000e+00  0.00000000e+00
   4.22194020e-01 -1.76788407e-01]
 [ 0.00000000e+00 -9.03076143e-01 -3.01432090e-01  0.00000000e+00
  -8.44442238e-01 -2.16848236e-01]
 [ 0.00000000e+00 -9.93705776e-01 -1.06996952e-01  0.00000000e+00
   8.90476821e-01 -1.76099638e-01]
 [ 0.00000000e+00 -8.75572160e-01 -2.63164999e-01  0.00000000e+00
  -4.00732807e-01  1.06702543e-02]]
[04/03/2022, 05:36:07] computing sampling shap 1625:1635 within 39.0326 sec, 3.9511 on average
[04/03/2022, 05:36:07] instances left: 15
[04/03/2022, 05:36:07] estimating time left: 0:00:59.266500

[[-0.0737255  -1.10699586  0.          0.          0.91613648 -0.09716199]
 [-0.0594347  -0.83283057 -0.19261354  0.         -0.48191507 -0.08361935]
 [ 0.         -1.17545545  0.          0.          0.9381692  -0.14903904]
 [-0.05339267 -0.89127545 -0.09472066  0.         -0.43428699  0.3199982 ]
 [ 0.         -1.02578387 -0.18705026  0.          0.52323031 -0.07108732]
 [ 0.         -1.06405142  0.          0.          0.41848082 -0.16741912]
 [ 0.         -0.96192348 -0.1220647   0.         -0.69147397 -0.11535819]
 [-0.11204319 -1.08158174  0.          0.          0.49737369 -0.06443993]
 [ 0.         -0.99658671 -0.16890755  0.         -0.5246924   0.61753414]
 [ 0.         -1.01588885 -0.15872002  0.          0.48188863 -0.17819515]]
[04/03/2022, 05:36:47] computing sampling shap 1635:1645 within 39.7417 sec, 3.9519 on average
[04/03/2022, 05:36:47] instances left: 5
[04/03/2022, 05:36:47] estimating time left: 0:00:19.759500

[[ 0.         -1.12045463 -0.13131715  0.          1.03946043 -0.17401413]
 [ 0.         -0.93693277 -0.09047461  0.         -0.04337651  0.30063196]
 [ 0.         -1.13677437  0.          0.         -0.55738982  0.86383568]
 [-0.05388636 -0.84447044 -0.15053844  0.         -0.25680761  0.40384722]
 [-0.10480177 -0.89641858 -0.14857578  0.         -0.65801135 -0.04523517]
 [ 0.         -0.90210915 -0.17515646  0.          0.86720567 -0.17626569]
 [ 0.         -1.07037472  0.          0.         -1.15658003  0.07786578]
 [ 0.         -1.23392212  0.          0.         -0.31066095  0.58404954]
 [-0.06135319 -0.90091239 -0.11049397  0.         -0.6626755  -0.1703877 ]
 [-0.01146896 -1.05228389 -0.14520706  0.         -0.95554056 -0.01783002]]
[04/03/2022, 05:36:47] finish computing sampling shap for range: [6, 8] within 1067.018667 sec
