Child #[4, 5]: psutil.Process(pid=5016, name='python', status='running', started='03:07:38'), affinity [4, 5]
Child #[4, 5]: Set my affinity to [4, 5], affinity now [4, 5]

[04/03/2022, 05:18:30] start computing sampling shap for range: [3, 8]
[04/03/2022, 05:19:08] computing sampling shap 550:560 within 37.959 sec, 3.7959 on average
[04/03/2022, 05:19:08] instances left: 265
[04/03/2022, 05:19:08] estimating time left: 0:16:45.913500

[[ 0.         -1.08981808 -0.06829192  0.          0.09144111  0.40694338]
 [-0.22630003 -0.89976998  0.          0.         -0.17659979 -0.19390244]
 [ 0.         -1.07728202  0.          0.         -0.27537779 -0.05639415]
 [ 0.          0.         -0.964147    0.         -0.77720286  0.19089183]
 [-0.12637546 -1.04175454  0.          0.         -0.95172504  0.68604792]
 [ 0.         -1.14183137  0.          0.          0.07955043 -0.1666261 ]
 [ 0.         -1.16252266  0.          0.         -1.48727851 -0.14059806]
 [ 0.         -1.05156672  0.          0.         -0.70545201 -0.10689515]
 [-0.11165776 -1.04703086  0.          0.         -0.52071989 -0.02865256]
 [ 0.         -1.09302594  0.          0.          0.89377316 -0.12311474]]
[04/03/2022, 05:19:46] computing sampling shap 560:570 within 38.2469 sec, 3.8104 on average
[04/03/2022, 05:19:46] instances left: 255
[04/03/2022, 05:19:46] estimating time left: 0:16:11.652000

[[ 0.00000000e+00 -1.12343705e+00  0.00000000e+00  0.00000000e+00
   8.69159724e-01 -1.32048141e-01]
 [ 0.00000000e+00 -8.85544642e-01 -1.95654578e-01  0.00000000e+00
   8.23280932e-01 -1.28407364e-01]
 [ 0.00000000e+00 -9.03053217e-01 -1.94784457e-01 -5.35655432e-02
   8.95042573e-01 -1.29965391e-01]
 [-6.83507243e-02 -8.54922754e-01 -2.92255113e-01  0.00000000e+00
   4.95071940e-01 -1.50458566e-01]
 [ 0.00000000e+00 -1.05128745e+00  0.00000000e+00  0.00000000e+00
   7.86984528e-01 -1.22022539e-01]
 [-7.15825139e-02 -9.58552617e-01 -2.33213470e-01  0.00000000e+00
   1.96274363e-01 -1.00632514e-01]
 [ 0.00000000e+00 -1.15509340e+00  0.00000000e+00  0.00000000e+00
   5.19249977e-02 -6.26181787e-04]
 [ 0.00000000e+00 -9.32619580e-01 -1.22513325e-01  0.00000000e+00
  -3.06800954e-01 -2.68146554e-02]
 [-1.30915856e-01 -9.35221403e-01 -9.59182164e-02  0.00000000e+00
  -3.78941786e-01  2.74570022e-03]
 [ 0.00000000e+00 -1.01192776e+00 -1.36707813e-01  0.00000000e+00
   4.45057969e-01 -1.09411889e-01]]
[04/03/2022, 05:20:23] computing sampling shap 570:580 within 36.8441 sec, 3.7684 on average
[04/03/2022, 05:20:23] instances left: 245
[04/03/2022, 05:20:23] estimating time left: 0:15:23.258000

[[ 0.00000000e+00 -9.67559142e-01 -2.02977439e-01  0.00000000e+00
  -1.24142439e+00 -1.41206142e-01]
 [ 0.00000000e+00 -1.00502709e+00 -7.76997043e-02  0.00000000e+00
   8.31663957e-01 -1.35262955e-01]
 [ 0.00000000e+00  1.95334799e+01  0.00000000e+00  0.00000000e+00
   4.92055358e-01 -7.71240182e-02]
 [ 0.00000000e+00 -1.09180002e+00  0.00000000e+00  0.00000000e+00
   9.41283361e-03  5.73640722e-01]
 [-2.27981640e-01 -8.60059326e-01  0.00000000e+00  0.00000000e+00
  -9.25966840e-01  2.91481028e-01]
 [ 0.00000000e+00 -9.58745135e-01 -7.33584266e-02  0.00000000e+00
   7.99036455e-01 -1.53258558e-01]
 [-7.36309586e-02 -1.00590795e+00 -9.39104885e-02  0.00000000e+00
  -4.59156771e-01  7.04742233e-01]
 [-1.27727684e-01 -7.91800165e-01 -2.47495546e-01  0.00000000e+00
   9.15407565e-01 -1.34709959e-01]
 [-1.09534171e-01 -9.60388684e-01 -1.13371957e-01  0.00000000e+00
  -5.38751769e-01 -2.26595144e-01]
 [-2.18802727e-01 -7.14855184e-01 -1.75552327e-01  0.00000000e+00
  -7.12586217e-01 -2.80533024e-02]]
[04/03/2022, 05:21:01] computing sampling shap 580:590 within 37.8406 sec, 3.7724 on average
[04/03/2022, 05:21:01] instances left: 235
[04/03/2022, 05:21:01] estimating time left: 0:14:46.514000

[[ 0.00000000e+00 -1.15442674e+00  0.00000000e+00  0.00000000e+00
   1.22855253e-01 -2.32526503e-01]
 [-1.27276525e-01 -1.02279251e+00  0.00000000e+00  0.00000000e+00
  -3.88665907e-01  5.29414598e-01]
 [-1.42365274e-02 -9.09963926e-01 -1.09564231e-01  0.00000000e+00
  -6.72851283e-01 -3.30840100e-02]
 [ 0.00000000e+00 -1.10488333e+00  0.00000000e+00  0.00000000e+00
  -4.99418900e-01 -1.28074081e-01]
 [-7.17177168e-02 -8.05497859e-01 -1.21751032e-01  0.00000000e+00
   7.73797748e-01 -1.61156976e-01]
 [ 0.00000000e+00 -1.15327193e+00  0.00000000e+00  0.00000000e+00
   6.76228951e-02  4.08304206e-01]
 [ 0.00000000e+00 -1.18788204e+00  0.00000000e+00  0.00000000e+00
  -1.63347644e-01 -1.45342260e-01]
 [ 0.00000000e+00  1.95572632e+01  0.00000000e+00  0.00000000e+00
   4.58242212e-01 -6.70945666e-02]
 [ 0.00000000e+00 -1.12811345e+00  0.00000000e+00  0.00000000e+00
  -5.86947194e-01  1.48385852e-01]
 [ 0.00000000e+00 -1.10800266e+00  0.00000000e+00  0.00000000e+00
  -6.66366869e-01 -2.21361408e-01]]
[04/03/2022, 05:21:44] computing sampling shap 590:600 within 43.6055 sec, 3.89 on average
[04/03/2022, 05:21:44] instances left: 225
[04/03/2022, 05:21:44] estimating time left: 0:14:35.250000

[[ 0.         -1.08991907  0.          0.         -0.46710597  0.13562486]
 [ 0.         -1.04110736  0.          0.         -0.74672478 -0.20789892]
 [-0.08723232 -1.0705682   0.          0.          0.10243754 -0.06927509]
 [-0.0778939  -0.71544756 -0.27326818  0.         -1.54863913 -0.2075899 ]
 [-0.0739253  -0.85631087 -0.17266385  0.          0.04901962 -0.02780143]
 [-0.10304627 -1.07245548  0.          0.          0.93555287 -0.05312855]
 [ 0.         -1.08138     0.          0.         -0.25979282  0.67038191]
 [-0.09179304 -1.07523867  0.          0.          0.90428672 -0.03033263]
 [ 0.         -0.85086474 -0.18776332  0.         -0.69531074 -0.23352383]
 [-0.1648242  -0.91595473  0.          0.          0.85749018 -0.16303682]]
[04/03/2022, 05:22:24] computing sampling shap 600:610 within 39.8164 sec, 3.9053 on average
[04/03/2022, 05:22:24] instances left: 215
[04/03/2022, 05:22:24] estimating time left: 0:13:59.639500

[[ 0.00000000e+00 -1.04807717e+00 -3.83319287e-02  0.00000000e+00
   3.55600497e-02 -1.16857658e-01]
 [ 0.00000000e+00 -1.05845689e+00  0.00000000e+00  0.00000000e+00
  -7.17631203e-01 -1.02003072e-01]
 [ 0.00000000e+00  1.98690858e+01 -1.43423931e-01  0.00000000e+00
   3.02086979e-01 -2.18442998e-01]
 [-7.59285844e-02 -9.01538572e-01 -2.25466972e-01  0.00000000e+00
  -5.90863394e-01  7.22881078e-02]
 [ 0.00000000e+00 -1.04807144e+00 -1.36374601e-01  0.00000000e+00
  -4.17329532e-01 -2.13224931e-01]
 [-6.37908291e-02 -8.06735454e-01 -1.98976383e-01  0.00000000e+00
  -2.47190345e-01  5.57962098e-01]
 [ 0.00000000e+00 -8.93964934e-01 -2.53886762e-01  0.00000000e+00
   4.51531001e-01 -5.53096356e-02]
 [ 0.00000000e+00 -1.02475734e+00 -6.79175488e-02  0.00000000e+00
  -2.68010769e-01 -1.79475363e-01]
 [-1.33256580e-02  1.96244726e+01  0.00000000e+00  0.00000000e+00
  -1.71733320e-01  6.53193979e-01]
 [ 0.00000000e+00 -1.01282002e+00 -1.76148257e-01  0.00000000e+00
   9.53848335e-01 -1.51205773e-01]]
[04/03/2022, 05:23:03] computing sampling shap 610:620 within 39.1131 sec, 3.9062 on average
[04/03/2022, 05:23:03] instances left: 205
[04/03/2022, 05:23:03] estimating time left: 0:13:20.771000

[[-1.29582991e-02 -1.12348690e+00  0.00000000e+00  0.00000000e+00
   9.05977937e-01 -1.55858378e-01]
 [-1.37711690e-02 -8.67374623e-01 -2.06471162e-01  0.00000000e+00
  -9.99387715e-01  5.13317194e-01]
 [-1.32062651e-02 -9.20150587e-01 -2.35214228e-01  0.00000000e+00
  -4.59464828e-01 -2.84767565e-02]
 [ 0.00000000e+00 -1.11701460e+00  0.00000000e+00  0.00000000e+00
   4.35886910e-01 -1.31861818e-01]
 [ 0.00000000e+00  1.96673912e+01 -1.46171920e-01  0.00000000e+00
   8.20080918e-01 -9.41951467e-02]
 [-6.13278786e-02 -9.90876247e-01 -1.79862936e-01  0.00000000e+00
  -2.05486977e-01 -1.47368385e-01]
 [-7.82871104e-02 -9.15354106e-01 -1.92817116e-01  0.00000000e+00
   1.18802783e-01 -1.61251991e-01]
 [ 0.00000000e+00 -8.78663178e-01 -2.63023665e-01  0.00000000e+00
   8.77401370e-01 -1.22040142e-01]
 [-6.88149655e-02 -1.18382367e+00  0.00000000e+00  0.00000000e+00
   5.77764806e-01 -1.62830902e-01]
 [ 0.00000000e+00 -1.15509948e+00  0.00000000e+00  0.00000000e+00
   8.12862307e-02 -2.99815314e-02]]
[04/03/2022, 05:23:42] computing sampling shap 620:630 within 38.2821 sec, 3.8965 on average
[04/03/2022, 05:23:42] instances left: 195
[04/03/2022, 05:23:42] estimating time left: 0:12:39.817500

[[ 0.         -1.14792229 -0.05728924  0.          0.96761283 -0.14872656]
 [-0.05298708 -1.15743374  0.          0.         -0.68826979 -0.15127636]
 [ 0.         -1.116367    0.          0.          0.86564406 -0.11102409]
 [ 0.         -1.09571052  0.          0.          0.03877149  0.19082045]
 [ 0.          0.         -0.77502913  0.          0.53381703 -0.14511291]
 [ 0.         -1.00861346 -0.15283022  0.          0.89242059 -0.11730246]
 [-0.01458151 -1.20909658  0.          0.          0.54052446 -0.15455124]
 [-0.06363654 -0.95871957  0.          0.          0.82699289 -0.19096255]
 [ 0.         -1.04294477 -0.06854571  0.          0.86618771 -0.14102275]
 [ 0.         -1.09669807 -0.05606141  0.         -0.41316952 -0.2026011 ]]
[04/03/2022, 05:24:22] computing sampling shap 630:640 within 40.5848 sec, 3.9145 on average
[04/03/2022, 05:24:22] instances left: 185
[04/03/2022, 05:24:22] estimating time left: 0:12:04.182500

[[-0.13342135 -1.06406376  0.          0.          0.09172336 -0.12314544]
 [ 0.         -0.75077442 -0.19642185  0.          0.73255424 -0.17168377]
 [-0.14199841 -0.96104002  0.          0.          0.87908651 -0.16237345]
 [-0.08359908 -1.01520912  0.          0.         -1.14770344 -0.0103942 ]
 [ 0.         -1.08371959  0.          0.          0.39120774 -0.14519302]
 [ 0.         -1.05625614  0.          0.          0.79241463 -0.09790561]
 [ 0.         -1.05907007 -0.11049928  0.         -0.64671685 -0.19826552]
 [-0.0861626  -0.96719084  0.          0.         -0.70728525 -0.18800327]
 [ 0.         -1.1218902   0.          0.         -0.84707605  1.01962927]
 [ 0.         -0.97103168 -0.11004135  0.          0.83941463 -0.14466727]]
[04/03/2022, 05:25:03] computing sampling shap 640:650 within 40.9833 sec, 3.9329 on average
[04/03/2022, 05:25:03] instances left: 175
[04/03/2022, 05:25:03] estimating time left: 0:11:28.257500

[[-0.08288966 -0.78466374 -0.1481783   0.          0.35282204  0.00243677]
 [-0.06591622 -0.88042432 -0.15829123  0.          0.40883542 -0.11719313]
 [ 0.         -0.99838924 -0.1246388   0.         -0.62556537 -0.21886915]
 [ 0.         -1.02403562 -0.12383661  0.         -0.22863211 -0.16365643]
 [ 0.         -1.10230406  0.          0.          0.43571677 -0.10021715]
 [-0.05422902 -0.86368665 -0.22530354  0.         -0.50918254 -0.05565949]
 [-0.01567906 -1.04567585  0.          0.         -0.29696649 -0.0507328 ]
 [ 0.         -1.19539799  0.          0.          0.52364291 -0.19916015]
 [-0.0141534  -1.02109445 -0.08371749  0.          0.43242069 -0.18437054]
 [-0.15730822 -0.83080976 -0.1622784   0.         -0.66172655 -0.18360788]]
[04/03/2022, 05:25:42] computing sampling shap 650:660 within 38.6378 sec, 3.9266 on average
[04/03/2022, 05:25:42] instances left: 165
[04/03/2022, 05:25:42] estimating time left: 0:10:47.889000

[[ 0.         -0.89861686 -0.12500055  0.          0.32342309  0.03972143]
 [ 0.         -0.94852797 -0.15653815  0.         -0.6147953   0.10035226]
 [-0.01434559 -1.05116274  0.          0.         -0.29681767 -0.22259622]
 [-0.08340957 -0.99894672  0.          0.          0.37853441 -0.13388299]
 [ 0.          9.175599   10.41732164  0.          0.76353303 -0.15199189]
 [-0.06036989 -1.07278889  0.          0.          0.8796508  -0.13281771]
 [-0.12917715 -0.81519191 -0.1890875   0.          0.09805172  0.24863854]
 [ 0.         -1.12731721  0.          0.          0.0554171  -0.03189466]
 [ 0.         -0.96467731 -0.20688399  0.         -0.61568923  0.19657948]
 [ 0.         -0.95468288 -0.2048144   0.          0.46333561 -0.02692271]]
[04/03/2022, 05:26:19] computing sampling shap 660:670 within 37.2119 sec, 3.9095 on average
[04/03/2022, 05:26:19] instances left: 155
[04/03/2022, 05:26:19] estimating time left: 0:10:05.972500

[[ 0.         -0.82973591 -0.18022577  0.         -0.33123823 -0.06916468]
 [-0.11742496 -0.94984592 -0.07905291  0.          0.1455176   0.22564378]
 [ 0.         -0.88899339 -0.15712033  0.          0.36606221 -0.08675326]
 [-0.06443897 -1.09459371  0.          0.          0.46897483 -0.18085746]
 [ 0.         -1.00592485 -0.14694722  0.         -1.19242918  0.05368849]
 [ 0.         -1.26111912  0.          0.          0.53639415 -0.14618999]
 [-0.10712052 -0.94658343  0.          0.         -0.67217973 -0.24157858]
 [-0.06649693 -0.93008994 -0.14038327  0.          0.43068597 -0.10670538]
 [-0.14546156 -0.85392498 -0.21058396  0.          0.11480806  0.16122237]
 [-0.09661141 -1.01380357  0.          0.          0.86741277 -0.07936538]]
[04/03/2022, 05:27:00] computing sampling shap 670:680 within 40.5112 sec, 3.9204 on average
[04/03/2022, 05:27:00] instances left: 145
[04/03/2022, 05:27:00] estimating time left: 0:09:28.458000

[[ 0.         19.42669811  0.          0.          0.86661488  0.03487361]
 [ 0.         -1.00204364 -0.1642188   0.         -0.63019882  0.06436545]
 [ 0.         -0.9147456  -0.18278934  0.          0.39194637  0.29438257]
 [ 0.         -1.10003604  0.          0.          0.40839051 -0.17926942]
 [ 0.         -1.0193674  -0.07783082  0.          0.42609443 -0.08958755]
 [ 0.         -1.01807249 -0.13775527  0.          0.49117361 -0.08697624]
 [ 0.         -1.12037263  0.          0.          0.86743028 -0.10880448]
 [ 0.         -0.8659195  -0.24572735  0.         -0.18173709  0.29971485]
 [-0.05807659 -1.15395171  0.          0.         -0.54404183 -0.03448922]
 [ 0.         -0.89284732 -0.18727782  0.          0.86803974 -0.17424037]]
[04/03/2022, 05:27:41] computing sampling shap 680:690 within 41.1536 sec, 3.9344 on average
[04/03/2022, 05:27:41] instances left: 135
[04/03/2022, 05:27:41] estimating time left: 0:08:51.144000

[[ 0.00000000e+00 -1.03567736e+00 -1.36976750e-01  0.00000000e+00
  -1.07016182e+00  1.99132777e-01]
 [ 0.00000000e+00 -1.02090370e+00  0.00000000e+00  0.00000000e+00
   3.51383256e-01 -1.68184533e-01]
 [ 0.00000000e+00 -9.04110038e-01 -1.67977658e-01  0.00000000e+00
  -6.66368180e-01 -5.21033507e-02]
 [ 0.00000000e+00  1.98014285e+01 -1.15349213e-01  0.00000000e+00
  -9.03202191e-01  4.27455863e-01]
 [-6.76110017e-02 -8.63537008e-01 -2.18023541e-01  0.00000000e+00
   9.23915362e-01 -1.61069467e-01]
 [-2.01527786e-01 -9.97161190e-01  0.00000000e+00  0.00000000e+00
  -5.36610679e-01 -1.70522767e-01]
 [-8.83221666e-02 -7.24596641e-01 -1.96451864e-01  0.00000000e+00
  -1.11305169e+00 -2.18133910e-01]
 [-1.62894704e-01 -8.67761665e-01  0.00000000e+00  0.00000000e+00
   3.72621436e-03 -1.40776853e-01]
 [-7.47924353e-02 -9.26160509e-01 -1.48357698e-01  0.00000000e+00
  -8.76068141e-01  1.44998485e+00]
 [ 0.00000000e+00 -1.00023271e+00 -1.35179472e-01  0.00000000e+00
  -6.21461054e-01  6.84218027e-01]]
[04/03/2022, 05:28:19] computing sampling shap 690:700 within 38.2567 sec, 3.9271 on average
[04/03/2022, 05:28:19] instances left: 125
[04/03/2022, 05:28:19] estimating time left: 0:08:10.887500

[[-0.01521567 -1.10070941  0.          0.          0.02416021 -0.01688452]
 [ 0.         -0.84404416 -0.242597    0.         -0.26925787 -0.22902333]
 [-0.05487543 -0.92848725 -0.15176072  0.         -0.24437816 -0.20542059]
 [-0.13235298 -0.9416308  -0.13557192  0.         -0.61073625 -0.01286919]
 [ 0.         -0.87008495 -0.25712809  0.          0.06226106 -0.1639555 ]
 [ 0.         -1.01243549 -0.15896582  0.         -0.44644677 -0.11452846]
 [ 0.         -0.97258059 -0.20983419  0.          0.11747657 -0.0610102 ]
 [ 0.         -1.12191573  0.          0.         -0.16579594  0.29404297]
 [ 0.         -0.92940065 -0.15109399  0.          0.84977271 -0.15560382]
 [-0.21241336 -0.93122557  0.          0.          0.43174036  0.30069287]]
[04/03/2022, 05:29:00] computing sampling shap 700:710 within 40.905 sec, 3.9373 on average
[04/03/2022, 05:29:00] instances left: 115
[04/03/2022, 05:29:00] estimating time left: 0:07:32.789500

[[ 0.00000000e+00 -1.20667301e+00  0.00000000e+00  0.00000000e+00
  -1.23208457e-01  4.72548085e-01]
 [-1.15368351e-01 -8.99460874e-01 -1.75134497e-01  0.00000000e+00
  -4.73681386e-01  7.22141042e-01]
 [ 0.00000000e+00 -1.14711014e+00  0.00000000e+00  0.00000000e+00
  -6.33106944e-01 -1.10602932e-01]
 [-1.70787658e-02 -1.13719063e+00  0.00000000e+00  0.00000000e+00
   9.00565257e-01 -1.32621319e-01]
 [-1.39150024e-02  1.96010734e+01  0.00000000e+00  0.00000000e+00
   4.67048273e-01 -1.14280184e-01]
 [ 0.00000000e+00 -1.12836596e+00 -7.41345935e-02  0.00000000e+00
   9.79125738e-01 -1.62950879e-01]
 [ 0.00000000e+00 -1.07854187e+00  0.00000000e+00  0.00000000e+00
   8.68585913e-01 -1.76369530e-01]
 [ 0.00000000e+00 -9.78422204e-01 -1.49028148e-01  0.00000000e+00
   4.53360066e-01  1.62982521e-01]
 [ 0.00000000e+00 -1.20214316e+00  0.00000000e+00  0.00000000e+00
   9.54927335e-01 -1.39109634e-01]
 [ 0.00000000e+00 -9.42817393e-01 -1.76746520e-01  0.00000000e+00
  -6.33933631e-01 -1.52324998e-01]]
[04/03/2022, 05:29:40] computing sampling shap 710:720 within 39.8562 sec, 3.9402 on average
[04/03/2022, 05:29:40] instances left: 105
[04/03/2022, 05:29:40] estimating time left: 0:06:53.721000

[[ 0.         -1.10627022  0.          0.         -0.4932045   0.6918869 ]
 [ 0.         -1.00954217  0.          0.          0.78208294 -0.15886652]
 [-0.15381128 -0.98465299  0.          0.          0.10308976 -0.13233241]
 [ 0.         -1.13674418  0.          0.          0.06084946  0.44118495]
 [ 0.         -0.82218183 -0.19584393  0.         -0.84267068 -0.2044992 ]
 [ 0.         -1.09272668  0.          0.         -0.49749252 -0.16229982]
 [ 0.         -1.10237198  0.          0.         -0.75357154  0.19052312]
 [ 0.         -1.20301399  0.          0.          0.9418504  -0.12516187]
 [ 0.         -1.11276952  0.          0.          0.88720489 -0.16076088]
 [ 0.         -1.09956839  0.          0.          0.00576417 -0.00999066]]
[04/03/2022, 05:30:19] computing sampling shap 720:730 within 38.8772 sec, 3.9373 on average
[04/03/2022, 05:30:19] instances left: 95
[04/03/2022, 05:30:19] estimating time left: 0:06:14.043500

[[ 0.00000000e+00 -1.11019915e+00  0.00000000e+00  0.00000000e+00
   4.19552674e-01 -7.00444737e-02]
 [ 0.00000000e+00 -1.05533626e+00 -1.20789629e-01  0.00000000e+00
  -6.31800558e-01  2.32329402e-01]
 [ 0.00000000e+00 -1.03540712e+00  0.00000000e+00  0.00000000e+00
  -7.71501483e-01 -2.07643196e-01]
 [-6.81191508e-02 -9.77280694e-01  0.00000000e+00  0.00000000e+00
  -6.82352043e-01  1.77293235e-01]
 [ 0.00000000e+00 -1.06798699e+00 -1.16940182e-01  0.00000000e+00
   5.24740198e-01 -2.10728072e-01]
 [ 0.00000000e+00 -1.04605795e+00  0.00000000e+00  0.00000000e+00
  -6.17197717e-01  9.19593059e-01]
 [-6.75735483e-02 -1.03414703e+00  0.00000000e+00  0.00000000e+00
  -2.72649411e-01 -1.29553700e-03]
 [-2.82323089e-02  1.96296942e+01 -1.31533199e-01  0.00000000e+00
   8.54958238e-01 -1.60855724e-01]
 [-1.69950510e-01 -9.93085893e-01  0.00000000e+00  0.00000000e+00
  -2.51006459e-01  8.76005348e-01]
 [-1.27027150e-02 -1.02353403e+00 -6.24068584e-02  0.00000000e+00
   8.46048009e-01 -5.98752212e-02]]
[04/03/2022, 05:30:59] computing sampling shap 730:740 within 40.0188 sec, 3.9407 on average
[04/03/2022, 05:30:59] instances left: 85
[04/03/2022, 05:30:59] estimating time left: 0:05:34.959500

[[ 0.         -1.15375679  0.          0.         -0.68644768 -0.08640981]
 [ 0.         -0.96882827 -0.10902955  0.         -0.30119008 -0.11752422]
 [ 0.         -0.99358986 -0.12394583  0.          0.85025953 -0.05509158]
 [ 0.         -0.84069852 -0.17677928  0.          0.36320627  0.07847497]
 [ 0.         -1.04818413 -0.06305309  0.         -0.65199244  0.38960881]
 [ 0.         -1.16626649  0.          0.         -0.43490016  0.41145919]
 [-0.01333458 -1.08076046  0.          0.          0.86834743 -0.13599946]
 [ 0.         -0.96386114 -0.17889488  0.          0.89487171 -0.1384414 ]
 [ 0.         -0.86271725 -0.22981927  0.          0.85192994 -0.14571931]
 [ 0.         -1.17094805  0.          0.         -0.72104695 -0.16193105]]
[04/03/2022, 05:31:41] computing sampling shap 740:750 within 41.9307 sec, 3.9533 on average
[04/03/2022, 05:31:41] instances left: 75
[04/03/2022, 05:31:41] estimating time left: 0:04:56.497500

[[ 0.         -1.05552234 -0.13638318  0.          0.93729229 -0.13171224]
 [ 0.         -1.04943125  0.          0.          0.84372328 -0.09372506]
 [ 0.         -1.14513261  0.          0.         -0.52568069  1.10434383]
 [ 0.         -0.89331239 -0.19638361  0.         -0.7499325  -0.21033884]
 [ 0.         -0.97239254 -0.15182493  0.         -0.62078351 -0.20364101]
 [-0.11205639 -1.14986136  0.          0.          1.01160946 -0.1360172 ]
 [ 0.         -0.87779285 -0.11340925  0.          0.31729303 -0.19700646]
 [ 0.         19.4268543   0.          0.          0.61456536 -0.10149309]
 [ 0.         -0.8617074  -0.17552577  0.         -1.03916816 -0.18939753]
 [ 0.         -1.03700094 -0.09780647  0.          0.91776641 -0.16928446]]
[04/03/2022, 05:32:22] computing sampling shap 750:760 within 41.7671 sec, 3.964 on average
[04/03/2022, 05:32:22] instances left: 65
[04/03/2022, 05:32:22] estimating time left: 0:04:17.660000

[[ 0.         -1.12533691  0.          0.          0.35853232  0.38101629]
 [-0.10602998 -1.029304    0.          0.         -0.48406122 -0.13312356]
 [ 0.         -1.06129454  0.          0.          0.40288215 -0.10839225]
 [ 0.         -1.0742444  -0.15406385  0.         -0.64620258  0.04134996]
 [ 0.         -1.09100557 -0.06257038  0.         -0.68341046 -0.15874446]
 [ 0.         -1.22411549  0.          0.         -0.61445976  0.39189289]
 [ 0.         -1.20705904  0.          0.          0.49976801 -0.16362395]
 [ 0.         -0.99473022 -0.14835387  0.         -0.74141311 -0.1681881 ]
 [ 0.         -0.91741176 -0.21616576  0.         -0.73515426  0.12784547]
 [ 0.         -0.77185709 -0.31838935  0.         -0.74227453  0.25964218]]
[04/03/2022, 05:32:59] computing sampling shap 760:770 within 36.8383 sec, 3.9512 on average
[04/03/2022, 05:32:59] instances left: 55
[04/03/2022, 05:32:59] estimating time left: 0:03:37.316000

[[ 0.         -0.95792211 -0.16043328  0.         -0.67991508 -0.18390912]
 [-0.22934515 -0.87459135  0.          0.          0.0811877   0.25259694]
 [ 0.         -1.02917176 -0.14446456  0.         -0.39740189  0.13831527]
 [ 0.         -0.97573935 -0.16512623  0.          0.45728776 -0.18733757]
 [ 0.         -1.06795207  0.          0.          0.83619611 -0.12999102]
 [-0.01385595 -1.10725203  0.          0.          0.40937107 -0.04895415]
 [-0.05713974 -1.00762383  0.          0.         -0.7713435  -0.10361679]
 [ 0.         -0.92557017 -0.16321251  0.         -0.60662112  0.68996743]
 [ 0.         -0.87772825 -0.20924469  0.          0.46735383  0.11347837]
 [-0.04321907 -1.03575758  0.          0.         -0.68082397 -0.11829058]]
[04/03/2022, 05:33:37] computing sampling shap 770:780 within 38.2063 sec, 3.9456 on average
[04/03/2022, 05:33:37] instances left: 45
[04/03/2022, 05:33:37] estimating time left: 0:02:57.552000

[[ 0.00000000e+00 -1.03144600e+00 -1.55644061e-01  0.00000000e+00
  -1.43658607e-01  3.37079827e-01]
 [ 0.00000000e+00 -1.08962584e+00  0.00000000e+00  0.00000000e+00
  -6.34941113e-01  4.71384177e-01]
 [-6.02228687e-02 -9.43089317e-01  0.00000000e+00  0.00000000e+00
   2.83271287e-01 -1.78851757e-02]
 [ 0.00000000e+00 -9.32705620e-01 -3.30345616e-01  0.00000000e+00
  -6.33857595e-01 -6.63621453e-02]
 [-1.11485721e-01 -8.74154234e-01 -1.61162269e-01  0.00000000e+00
  -1.88393129e-01  5.16881386e-01]
 [ 0.00000000e+00 -1.02291137e+00  0.00000000e+00  0.00000000e+00
   3.77755142e-01 -1.92548588e-01]
 [-2.77049783e-02 -3.36529651e-01  1.99854615e+01  0.00000000e+00
  -2.33708507e-01  5.41436398e-01]
 [ 0.00000000e+00 -7.72811158e-01 -2.21203735e-01  0.00000000e+00
  -5.72552609e-01 -2.48433083e-01]
 [-1.64660986e-02 -1.11583710e+00  0.00000000e+00  0.00000000e+00
  -6.47655478e-01 -2.15772285e-01]
 [ 0.00000000e+00 -1.03939908e+00 -1.19242717e-01  0.00000000e+00
  -7.31961703e-01  3.23811524e-01]]
[04/03/2022, 05:34:14] computing sampling shap 780:790 within 36.651 sec, 3.9339 on average
[04/03/2022, 05:34:14] instances left: 35
[04/03/2022, 05:34:14] estimating time left: 0:02:17.686500

[[ 0.00000000e+00 -1.23039294e+00  0.00000000e+00  0.00000000e+00
  -1.49432388e-01  8.37021138e-02]
 [ 0.00000000e+00  1.95723393e+01  0.00000000e+00 -3.71942856e-02
   7.72249829e-01 -1.43363478e-01]
 [ 0.00000000e+00 -1.15483250e+00  0.00000000e+00  0.00000000e+00
  -6.02748165e-01 -2.09881263e-01]
 [ 0.00000000e+00 -1.19777216e+00  0.00000000e+00  0.00000000e+00
  -2.45105046e-01 -1.42044853e-01]
 [-1.13816960e-01 -9.41086943e-01 -3.91192634e-02  0.00000000e+00
   8.37322991e-01 -1.29625469e-01]
 [ 0.00000000e+00 -1.13226875e+00  0.00000000e+00  0.00000000e+00
  -1.44998217e+00 -1.95037187e-01]
 [ 0.00000000e+00 -1.24669714e+00  0.00000000e+00  0.00000000e+00
   9.59897429e-01 -6.27728950e-03]
 [-1.00770123e-01 -9.64646165e-01  0.00000000e+00  0.00000000e+00
   3.34899932e-02  2.07958124e-01]
 [ 0.00000000e+00 -9.72460645e-01 -2.36225671e-01  0.00000000e+00
  -6.96184558e-01 -1.15452202e-01]
 [ 0.00000000e+00 -9.04135428e-01 -1.66908230e-01  0.00000000e+00
  -7.12642498e-01 -2.12045071e-01]]
[04/03/2022, 05:34:57] computing sampling shap 790:800 within 42.4532 sec, 3.9463 on average
[04/03/2022, 05:34:57] instances left: 25
[04/03/2022, 05:34:57] estimating time left: 0:01:38.657500

[[-1.39785969e-02  1.96663767e+01  0.00000000e+00  0.00000000e+00
   5.12964138e-02  2.65332518e-01]
 [ 0.00000000e+00 -1.13916168e+00  0.00000000e+00  0.00000000e+00
   4.65156992e-01 -9.27999000e-02]
 [ 0.00000000e+00 -1.05525139e+00 -5.56062827e-02  0.00000000e+00
   9.05687157e-01 -1.81154948e-01]
 [ 0.00000000e+00 -1.06666243e+00  0.00000000e+00  0.00000000e+00
  -5.03548807e-01 -1.98319007e-01]
 [ 0.00000000e+00 -8.97649857e-01 -1.64010515e-01  0.00000000e+00
   8.23014000e-01 -1.47679047e-01]
 [-3.32155594e-02  1.95898210e+01  0.00000000e+00  0.00000000e+00
   7.81682363e-01 -1.74256139e-01]
 [ 0.00000000e+00 -1.14886939e+00  0.00000000e+00  0.00000000e+00
   7.18429616e-02  1.99219538e-01]
 [ 0.00000000e+00 -1.12052577e+00  0.00000000e+00  0.00000000e+00
   8.71561017e-01 -7.34026721e-02]
 [ 0.00000000e+00 -9.00516652e-01 -2.66794557e-01  0.00000000e+00
  -1.84502677e-01 -2.33108358e-01]
 [ 0.00000000e+00 -1.06863359e+00  0.00000000e+00  0.00000000e+00
  -6.13143920e-01  2.45610487e-01]]
[04/03/2022, 05:35:34] computing sampling shap 800:810 within 37.3324 sec, 3.9382 on average
[04/03/2022, 05:35:34] instances left: 15
[04/03/2022, 05:35:34] estimating time left: 0:00:59.073000

[[-0.07661699 -0.84186779 -0.21854444  0.         -0.17224378  0.31560399]
 [-0.11108424 -1.09359062  0.          0.         -0.36936217  0.12256942]
 [ 0.         -0.81890522 -0.27234756  0.         -1.33985688  0.65474803]
 [ 0.         -0.89598968 -0.1594114   0.          0.3671836  -0.18269776]
 [ 0.         -1.01746642  0.          0.          0.82693105 -0.19579017]
 [ 0.         -1.11611647  0.          0.         -0.57964333  0.07625059]
 [ 0.         -1.10270126  0.          0.          0.43527093 -0.20348482]
 [ 0.         -1.0967467   0.          0.          0.85174599 -0.0544322 ]
 [ 0.         -0.94793198 -0.2021679   0.          0.89413445 -0.10578164]
 [-0.16908533 -1.02945453  0.          0.          0.07198962 -0.13754803]]
[04/03/2022, 05:36:10] computing sampling shap 810:820 within 35.9444 sec, 3.9254 on average
[04/03/2022, 05:36:10] instances left: 5
[04/03/2022, 05:36:10] estimating time left: 0:00:19.627000

[[ 0.         -1.08487711  0.          0.         -0.65061324  0.79135956]
 [-0.1053582  -1.03540805  0.          0.         -0.7024319  -0.15253282]
 [ 0.         -0.90039423 -0.19015613  0.         -0.23431546  0.43152604]
 [ 0.         -1.07361035  0.          0.         -1.52241998 -0.18125776]
 [ 0.         -0.95742393 -0.15846669  0.         -0.25878808  0.06076358]
 [-0.01350625 -1.16637942  0.          0.         -0.22139346 -0.00777471]
 [ 0.         -0.99809762 -0.20212457  0.         -1.16493669  0.1123394 ]
 [ 0.         -1.2107576   0.          0.         -0.15118815  0.39623678]
 [ 0.         -0.95212001 -0.18410828  0.          0.42708944 -0.05155243]
 [ 0.         -1.15886698  0.          0.         -0.45595375  0.18209776]]
[04/03/2022, 05:36:10] finish computing sampling shap for range: [3, 8] within 1059.867258 sec
