Child #[6, 7]: psutil.Process(pid=5054, name='python', status='running', started='03:07:41'), affinity [6, 7]
Child #[6, 7]: Set my affinity to [6, 7], affinity now [6, 7]

[04/03/2022, 05:14:57] start computing sampling shap for range: [4, 8]
[04/03/2022, 05:15:34] computing sampling shap 825:835 within 37.5297 sec, 3.753 on average
[04/03/2022, 05:15:34] instances left: 265
[04/03/2022, 05:15:34] estimating time left: 0:16:34.545000

[[ 0.00000000e+00 -9.41877740e-01 -1.19849973e-01  0.00000000e+00
   7.97790422e-01 -1.22388550e-01]
 [ 0.00000000e+00  1.96221600e+01  0.00000000e+00  0.00000000e+00
  -7.25013502e-01 -1.66602174e-01]
 [ 0.00000000e+00 -9.95483165e-01 -1.51996169e-01  0.00000000e+00
  -6.70583274e-01  8.14797508e-02]
 [ 0.00000000e+00 -1.04963698e+00  0.00000000e+00  0.00000000e+00
  -1.08218730e+00  3.79066706e-01]
 [ 0.00000000e+00 -1.14662174e+00  0.00000000e+00  0.00000000e+00
  -7.09878238e-01 -1.97426083e-01]
 [ 0.00000000e+00 -9.13134296e-01 -1.20181505e-01  0.00000000e+00
   8.43372160e-01 -1.71803577e-01]
 [-1.50610171e-02 -1.02914336e+00 -6.86582449e-02  0.00000000e+00
   6.33354929e-02 -1.18179660e-01]
 [ 0.00000000e+00 -1.01219608e+00  0.00000000e+00  0.00000000e+00
  -2.62755790e-01  3.00140897e-01]
 [ 0.00000000e+00 -9.89967678e-01 -2.38783387e-01  0.00000000e+00
  -5.40455247e-01 -1.98256095e-01]
 [ 0.00000000e+00 -8.85727497e-01 -1.14353471e-01  0.00000000e+00
   8.17956878e-01 -2.04201559e-01]]
[04/03/2022, 05:16:14] computing sampling shap 835:845 within 39.3981 sec, 3.8465 on average
[04/03/2022, 05:16:14] instances left: 255
[04/03/2022, 05:16:14] estimating time left: 0:16:20.857500

[[ 0.          0.          0.          0.         -1.47557826 -0.48870826]
 [-0.07145301 -0.98523989 -0.18277389  0.          0.16939255  0.29992268]
 [ 0.         -1.15720693  0.          0.         -0.19229759 -0.23541757]
 [-0.04315639 -0.94041231  0.          0.          0.72157243 -0.09975076]
 [ 0.         -1.0917364   0.          0.         -0.27008513 -0.22310067]
 [ 0.         -1.08035038  0.          0.          0.85093885 -0.13233536]
 [-0.2180543  -1.0149883   0.          0.         -0.55127713  0.04462008]
 [ 0.         -1.21287066 -0.07563538  0.         -0.80333097 -0.17396156]
 [ 0.         -1.18282469  0.          0.         -0.18212361 -0.17521234]
 [ 0.         -1.20073075  0.          0.         -0.59230473 -0.06000673]]
[04/03/2022, 05:16:51] computing sampling shap 845:855 within 36.7664 sec, 3.7899 on average
[04/03/2022, 05:16:51] instances left: 245
[04/03/2022, 05:16:51] estimating time left: 0:15:28.525500

[[ 0.         -0.75061166 -0.24570119  0.          0.81124212 -0.20125496]
 [ 0.         -1.11270627  0.          0.         -0.68128608  0.11667276]
 [ 0.         -1.1099955  -0.1136304   0.         -0.59732902  0.09944598]
 [ 0.         -1.09061642  0.          0.         -0.71024389 -0.19487051]
 [ 0.         -1.14803151  0.          0.         -0.24579707 -0.14633238]
 [ 0.         -1.14727062  0.          0.         -1.06799736  0.63791057]
 [ 0.         -1.0721263   0.          0.          0.34562023 -0.08648357]
 [ 0.         -0.99709789 -0.14239895  0.          0.0666359   0.31385562]
 [-0.09512607 -0.89229349 -0.09558801  0.          0.36688598 -0.15479383]
 [-0.14967182 -0.94882224  0.          0.          0.41027805 -0.12477367]]
[04/03/2022, 05:17:28] computing sampling shap 855:865 within 37.1681 sec, 3.7717 on average
[04/03/2022, 05:17:28] instances left: 235
[04/03/2022, 05:17:28] estimating time left: 0:14:46.349500

[[ 0.         -0.8464244  -0.19421445  0.          0.37958287 -0.20985939]
 [ 0.         -0.87762443 -0.11242085  0.          0.29237954 -0.0630258 ]
 [ 0.         -1.09585031  0.          0.          0.90047614 -0.12699335]
 [ 0.         -1.20262839  0.          0.         -0.26044732  0.97979324]
 [ 0.         -0.8912833  -0.1841697   0.         -0.29797998 -0.15149431]
 [ 0.         -1.20872734  0.          0.          0.50952563 -0.17171332]
 [-0.06082202 -0.88976471 -0.21455944  0.          0.9128721  -0.13405167]
 [ 0.         -1.13363865  0.          0.         -0.25451427 -0.15200832]
 [ 0.         -1.12946583  0.          0.          0.08269803  0.11077243]
 [ 0.         -1.0488672   0.          0.          0.80026202 -0.1377204 ]]
[04/03/2022, 05:18:05] computing sampling shap 865:875 within 37.4491 sec, 3.7663 on average
[04/03/2022, 05:18:05] instances left: 225
[04/03/2022, 05:18:05] estimating time left: 0:14:07.417500

[[ 0.         -0.88378801 -0.18697945  0.          0.75678693  0.10923513]
 [ 0.         -0.96188272 -0.23280591  0.         -0.65571678 -0.13177404]
 [ 0.         -1.13652537  0.          0.         -0.73743271 -0.13237696]
 [ 0.         -1.04341074  0.          0.         -0.55906731 -0.166052  ]
 [ 0.         -0.94821421 -0.21503759  0.          0.47516964  0.21032353]
 [-0.06271772 -0.7125008  -0.33542872  0.         -0.67977802 -0.05942428]
 [-0.05677102 -1.09537787  0.          0.         -0.23221497 -0.11220829]
 [ 0.          0.          0.          0.          0.08653956 -0.47286444]
 [-0.15776995 -1.01294156 -0.07969689  0.          0.87215064  0.18258878]
 [ 0.         -0.84752819 -0.13114897  0.         -0.03278966 -0.25263147]]
[04/03/2022, 05:18:43] computing sampling shap 875:885 within 37.6039 sec, 3.7654 on average
[04/03/2022, 05:18:43] instances left: 215
[04/03/2022, 05:18:43] estimating time left: 0:13:29.561000

[[ 0.         -1.03257968 -0.14948238  0.         -1.32623777  0.30157942]
 [ 0.         -0.82569013 -0.22656151  0.         -0.59875086  0.46368119]
 [ 0.         -1.08714174  0.          0.         -0.30248773 -0.13529754]
 [ 0.         -1.15952706  0.          0.          0.44618872 -0.15757683]
 [-0.07176329 -0.79105002 -0.23287726  0.          0.40876016  0.02645742]
 [-0.01486441 -1.17014214  0.          0.         -0.42833206  0.89866852]
 [ 0.         -0.99578804  0.          0.         -0.60159019  0.43951611]
 [ 0.         -0.84528697 -0.22447265  0.         -0.51945787 -0.14315901]
 [ 0.         -1.05306677  0.          0.         -0.77087965 -0.2299799 ]
 [-0.07876831 -1.00555077 -0.15911843  0.         -0.67218958 -0.14956881]]
[04/03/2022, 05:19:24] computing sampling shap 885:895 within 41.477 sec, 3.82 on average
[04/03/2022, 05:19:24] instances left: 205
[04/03/2022, 05:19:24] estimating time left: 0:13:03.100000

[[ 0.00000000e+00 -9.42989830e-01 -1.43056797e-01  0.00000000e+00
  -6.51235767e-01  2.14820488e-01]
 [-1.81601252e-01 -9.39639499e-01  0.00000000e+00  0.00000000e+00
   8.68584103e-01 -1.33669012e-01]
 [ 0.00000000e+00  0.00000000e+00 -9.78327480e-01  0.00000000e+00
   3.52638118e-01 -2.45225144e-01]
 [-1.34378837e-02  1.96985691e+01 -6.66754338e-02  0.00000000e+00
   3.67782962e-01  1.30332467e-01]
 [ 0.00000000e+00 -8.93402285e-01 -1.84684511e-01  0.00000000e+00
   3.62955658e-02 -6.20038494e-02]
 [ 0.00000000e+00 -1.18655881e+00  0.00000000e+00  0.00000000e+00
  -6.08449675e-01 -1.10813956e-01]
 [-1.37791462e-01 -8.87778142e-01 -9.69843509e-02  0.00000000e+00
  -2.72342303e-01 -6.27461711e-02]
 [ 0.00000000e+00 -1.07737601e+00  0.00000000e+00  0.00000000e+00
   3.76929657e-01 -1.70468936e-01]
 [ 0.00000000e+00 -9.21818273e-01 -2.07583462e-01  0.00000000e+00
   6.86806319e-02 -1.43122563e-01]
 [ 0.00000000e+00 -1.08820427e+00  0.00000000e+00  0.00000000e+00
   8.76956326e-01 -1.11119522e-01]]
[04/03/2022, 05:20:01] computing sampling shap 895:905 within 36.4566 sec, 3.7982 on average
[04/03/2022, 05:20:01] instances left: 195
[04/03/2022, 05:20:01] estimating time left: 0:12:20.649000

[[-2.01015009e-01 -8.88526987e-01  0.00000000e+00  0.00000000e+00
   3.03134506e-02 -1.44615108e-01]
 [ 0.00000000e+00 -8.87366574e-01 -2.25297550e-01  0.00000000e+00
   9.69293294e-02 -1.08903423e-01]
 [ 0.00000000e+00 -1.24740133e+00  0.00000000e+00  0.00000000e+00
   1.00001762e+00 -1.38941702e-01]
 [ 0.00000000e+00 -9.65757983e-01 -1.13811342e-01  0.00000000e+00
  -1.52674872e+00 -1.23134681e-02]
 [ 0.00000000e+00  1.95932602e+01  0.00000000e+00  0.00000000e+00
  -6.45181560e-01  3.14544330e-01]
 [ 0.00000000e+00 -8.31102262e-01 -1.94309910e-01  0.00000000e+00
  -5.34487981e-01  1.02468058e+00]
 [ 0.00000000e+00 -1.03988651e+00  0.00000000e+00  0.00000000e+00
   3.80738230e-01 -2.11766929e-01]
 [ 0.00000000e+00 -1.17457492e+00  0.00000000e+00  0.00000000e+00
  -1.27726165e-01  3.08632439e-01]
 [-1.05644304e-01 -9.71772207e-01 -4.90956840e-02  0.00000000e+00
  -1.52279095e+00 -1.72294223e-01]
 [ 0.00000000e+00 -1.04114615e+00  0.00000000e+00  0.00000000e+00
  -4.87874746e-01  2.21217955e-04]]
[04/03/2022, 05:20:38] computing sampling shap 905:915 within 37.4971 sec, 3.7929 on average
[04/03/2022, 05:20:38] instances left: 185
[04/03/2022, 05:20:38] estimating time left: 0:11:41.686500

[[-0.1973666  -0.8738293   0.          0.         -0.44734178  0.55601758]
 [ 0.         -1.09220388  0.          0.         -0.67443482 -0.02392051]
 [ 0.         -1.0308761  -0.12246298  0.         -0.6017623   0.50836444]
 [ 0.         -0.9711761  -0.15486414  0.         -0.65709414 -0.23141727]
 [ 0.         -1.02444232  0.          0.         -0.83379895 -0.15545661]
 [ 0.         -0.9666938  -0.24719031  0.          0.16700995 -0.18203313]
 [ 0.         -1.01199785  0.          0.          0.74430202  0.01871728]
 [ 0.         -1.07780169  0.          0.         -0.66580699  0.6965505 ]
 [-0.01590154 -1.11412943  0.          0.         -1.27160504 -0.07212151]
 [ 0.         -1.00249528 -0.25948853  0.          0.17913869 -0.04310328]]
[04/03/2022, 05:21:18] computing sampling shap 915:925 within 39.4058 sec, 3.8076 on average
[04/03/2022, 05:21:18] instances left: 175
[04/03/2022, 05:21:18] estimating time left: 0:11:06.330000

[[-0.21856469 -0.77749345 -0.17117001  0.          0.48597185 -0.15644872]
 [-0.015419   -1.04776923  0.          0.         -0.73275909  0.14451451]
 [ 0.         -1.12646789  0.          0.          0.90697152 -0.16682923]
 [-0.08938521 -0.82414445 -0.35672488  0.          0.55843154 -0.02610296]
 [ 0.         -0.93627275 -0.15914432  0.         -0.30813391 -0.18137153]
 [ 0.         -1.1078686   0.          0.          0.04911504  0.50765125]
 [ 0.         -0.99223712  0.          0.         -0.72851642  1.11953612]
 [ 0.         -1.03300742 -0.15682001  0.          0.96707801 -0.16357633]
 [-0.09076636 -1.0856585   0.          0.         -0.20491363 -0.02771561]
 [-0.01329551 -0.83475751 -0.22097278  0.          0.82608538 -0.14338538]]
[04/03/2022, 05:21:59] computing sampling shap 925:935 within 40.8234 sec, 3.8326 on average
[04/03/2022, 05:21:59] instances left: 165
[04/03/2022, 05:21:59] estimating time left: 0:10:32.379000

[[ 0.00000000e+00 -1.06468014e+00 -1.25053813e-01  0.00000000e+00
  -5.75461285e-01 -2.53643065e-02]
 [-1.35318384e-02 -1.17624986e+00  0.00000000e+00  0.00000000e+00
   9.36750942e-01 -5.94399345e-02]
 [ 2.16298295e+01 -4.95780262e-01  0.00000000e+00  0.00000000e+00
  -6.83463032e-01 -1.82061292e-01]
 [ 0.00000000e+00 -9.72233342e-01 -2.57953164e-01  0.00000000e+00
   5.54544690e-01 -1.37347960e-01]
 [-1.32960487e-02 -9.24318858e-01 -1.04181363e-01  0.00000000e+00
  -7.23249514e-01  3.21359236e-01]
 [-1.33754637e-01 -8.77448317e-01 -1.37026732e-01  0.00000000e+00
  -2.66204797e-01 -1.70487888e-01]
 [-6.09811140e-02 -1.05933809e+00  0.00000000e+00  0.00000000e+00
  -6.98799599e-01 -1.20604983e-01]
 [ 0.00000000e+00 -1.18137522e+00  0.00000000e+00  0.00000000e+00
   9.39216970e-01 -1.44167362e-01]
 [-6.62305135e-02 -9.54206912e-01  0.00000000e+00  0.00000000e+00
  -7.82248956e-03  1.62140861e-01]
 [ 0.00000000e+00 -1.13862200e+00  0.00000000e+00  0.00000000e+00
  -7.06310683e-01  2.12127603e-01]]
[04/03/2022, 05:22:36] computing sampling shap 935:945 within 37.0844 sec, 3.8223 on average
[04/03/2022, 05:22:36] instances left: 155
[04/03/2022, 05:22:36] estimating time left: 0:09:52.456500

[[ 0.         -1.1869279   0.          0.         -0.58289149 -0.13600287]
 [ 0.         -0.77171419 -0.28796214  0.          0.32850187 -0.00675134]
 [-0.01679815 -1.12364128 -0.07436416  0.          0.52195099 -0.12013691]
 [ 0.         -1.01285151 -0.15803574  0.          0.91132113 -0.03986685]
 [ 0.         -1.14567715  0.          0.         -0.21238908  0.06194293]
 [ 0.         -1.05734418  0.          0.          0.83569641 -0.16467776]
 [ 0.         -0.90501964 -0.15398584  0.          0.39929595 -0.21120594]
 [ 0.         -0.82530274 -0.2869671   0.          0.81997852  0.0433127 ]
 [ 0.         -0.87013054 -0.22801068  0.         -0.44792072  0.33740046]
 [ 0.         -1.09747965 -0.07392189  0.          0.92665034 -0.14157438]]
[04/03/2022, 05:23:14] computing sampling shap 945:955 within 38.8251 sec, 3.8269 on average
[04/03/2022, 05:23:14] instances left: 145
[04/03/2022, 05:23:14] estimating time left: 0:09:14.900500

[[ 0.         -0.90867147 -0.15363098  0.          0.83705018 -0.16107324]
 [ 0.         -1.0853448   0.          0.          0.05199292  0.28344893]
 [-0.12282184 -0.91542339  0.          0.          0.80533902 -0.15341957]
 [ 0.         -0.92057437 -0.25042528  0.         -0.45987698  0.03132302]
 [-0.03276942 -1.00155951 -0.12827895  0.         -0.40211854 -0.02706357]
 [ 0.         -1.10278304 -0.07463476  0.         -0.17057095 -0.23693345]
 [ 0.         -1.04313767  0.          0.         -0.499273   -0.05714272]
 [ 0.         -0.87960983 -0.13644901  0.          0.75994924 -0.13021618]
 [ 0.         -0.84750041 -0.23263419  0.         -0.47814931  0.2461847 ]
 [-0.14120592 -0.85007368 -0.08465421  0.          0.88304748 -0.1934395 ]]
[04/03/2022, 05:23:53] computing sampling shap 955:965 within 38.188 sec, 3.8264 on average
[04/03/2022, 05:23:53] instances left: 135
[04/03/2022, 05:23:53] estimating time left: 0:08:36.564000

[[ 0.         -1.11524538  0.          0.          0.45048765 -0.14823179]
 [ 0.          0.          0.          0.         -0.76294421 -0.3187369 ]
 [ 0.         -0.91978927 -0.19907441  0.         -0.28191412 -0.09579457]
 [-0.10453415 -1.01199846  0.          0.         -0.68200175 -0.15010729]
 [ 0.         -1.15219406 -0.16422317  0.         -0.80656371 -0.14281769]
 [-0.14154413 -1.03365909 -0.08554588  0.          0.15346606 -0.15681553]
 [ 0.         -1.03606979 -0.02881478  0.         -0.76343156  0.11093144]
 [ 0.         -0.96447069 -0.21822796  0.         -0.14507645  0.42591948]
 [ 0.         -1.13230812  0.          0.          0.87099621 -0.03812089]
 [ 0.         -0.91302349 -0.13689478  0.         -0.688667   -0.07600884]]
[04/03/2022, 05:24:34] computing sampling shap 965:975 within 41.5504 sec, 3.8483 on average
[04/03/2022, 05:24:34] instances left: 125
[04/03/2022, 05:24:34] estimating time left: 0:08:01.037500

[[ 0.         -0.97985798 -0.19410034  0.         -0.6308281  -0.2464217 ]
 [-0.14230825 -0.97890967  0.          0.          0.92339719 -0.18850499]
 [ 0.         -0.93456618 -0.1583558   0.         -0.65231168  0.50394044]
 [ 0.         -1.10246521  0.          0.          0.41161975 -0.03223936]
 [ 0.         -1.09797061  0.          0.         -1.53496836 -0.11373863]
 [-0.01387508 -0.80663744 -0.17612922  0.          0.32729513  0.16320594]
 [ 0.         -1.20504308  0.          0.          0.49737731 -0.10532369]
 [ 0.         -0.92863265 -0.26759888  0.         -0.58976967 -0.11982148]
 [ 0.         -0.99740668 -0.13757077  0.          0.88959748 -0.07698757]
 [ 0.         -1.07652407  0.          0.         -0.47999252  0.1351164 ]]
[04/03/2022, 05:25:14] computing sampling shap 975:985 within 39.5876 sec, 3.8552 on average
[04/03/2022, 05:25:14] instances left: 115
[04/03/2022, 05:25:14] estimating time left: 0:07:23.348000

[[-1.63650395e-01 -9.85709503e-01  0.00000000e+00  0.00000000e+00
   9.25848648e-01 -1.62814465e-01]
 [ 0.00000000e+00 -1.03081147e+00 -2.07100666e-01  0.00000000e+00
   9.75737910e-01 -1.24151638e-01]
 [ 0.00000000e+00 -1.20584442e+00  0.00000000e+00  0.00000000e+00
   9.71811870e-01 -1.27714162e-01]
 [-2.94876512e-02 -1.12665330e+00  0.00000000e+00  0.00000000e+00
  -5.49487670e-01  1.38954023e-01]
 [-9.33147295e-02 -8.25663303e-01 -1.99040691e-01  0.00000000e+00
  -4.60160177e-01 -1.36114306e-02]
 [ 0.00000000e+00 -1.23995615e+00  0.00000000e+00  0.00000000e+00
  -1.18438362e-01  7.63336912e-01]
 [-1.31274484e-01 -6.83513747e-01 -2.76456232e-01  0.00000000e+00
  -6.72067670e-01 -1.85329738e-01]
 [ 0.00000000e+00 -8.17763549e-01 -2.80426278e-01  0.00000000e+00
  -3.06162712e-01  1.34578654e-01]
 [ 0.00000000e+00 -9.61995806e-01 -1.30727330e-01  0.00000000e+00
  -2.10708600e-01  3.37722401e-01]
 [-1.38374031e-02  1.96009721e+01  0.00000000e+00  0.00000000e+00
   4.50699529e-01 -8.94230801e-02]]
[04/03/2022, 05:25:51] computing sampling shap 985:995 within 37.2946 sec, 3.8478 on average
[04/03/2022, 05:25:51] instances left: 105
[04/03/2022, 05:25:51] estimating time left: 0:06:44.019000

[[ 0.         -0.94771911 -0.14939965  0.         -0.60913794  0.0200347 ]
 [-0.01409871 -1.05454778  0.          0.         -1.21505856  0.43218285]
 [ 0.         -1.23993055  0.          0.         -0.56913485  0.66390612]
 [ 0.         -0.87737665 -0.18346903  0.          0.39570695  0.15899801]
 [ 0.         -1.12044366  0.          0.         -0.24989977 -0.03871042]
 [ 0.         -1.08601059 -0.16422861  0.         -0.50924788  0.19281203]
 [ 0.         -1.0425386   0.          0.          0.30302411  0.01642976]
 [ 0.         -1.1252397   0.          0.          0.39017086 -0.02562243]
 [ 0.         -1.10131247  0.         -0.04731881 -0.45601599 -0.1638829 ]
 [ 0.         -1.10794317  0.          0.          0.00720949  0.01905192]]
[04/03/2022, 05:26:28] computing sampling shap 995:1005 within 37.0491 sec, 3.8399 on average
[04/03/2022, 05:26:28] instances left: 95
[04/03/2022, 05:26:28] estimating time left: 0:06:04.790500

[[ 0.         -1.16898327  0.          0.          0.94623335 -0.16357556]
 [ 0.         -0.82434355 -0.18393491  0.         -0.5971681   0.88473408]
 [ 0.         -1.05973685  0.          0.         -0.51336647  0.49787123]
 [-0.15142395 -0.77161704 -0.14462367  0.         -0.28568601 -0.10429221]
 [-0.06920131 -1.11925465  0.          0.          0.45999646 -0.14245549]
 [-0.10156769 -0.82766296 -0.11957144  0.          0.79451309 -0.05818236]
 [ 0.         -1.15252363  0.          0.          0.05916187  0.15942199]
 [ 0.         -1.09550174  0.          0.          0.08440968 -0.21781522]
 [ 0.         -1.09159278  0.          0.         -0.21559742  0.31352152]
 [ 0.         -1.11576231  0.          0.         -0.67139469 -0.04037929]]
[04/03/2022, 05:27:07] computing sampling shap 1005:1015 within 38.472 sec, 3.8403 on average
[04/03/2022, 05:27:07] instances left: 85
[04/03/2022, 05:27:07] estimating time left: 0:05:26.425500

[[ 0.00000000e+00 -1.05779017e+00 -6.18267005e-02  0.00000000e+00
  -2.93541976e-01 -1.71763315e-01]
 [-5.37611980e-02 -9.27759742e-01  0.00000000e+00  0.00000000e+00
  -1.59108413e+00 -2.55535194e-01]
 [ 0.00000000e+00 -1.03880371e+00 -1.45352416e-01  0.00000000e+00
   9.21606214e-01 -5.98176911e-02]
 [ 0.00000000e+00 -1.16939751e+00  0.00000000e+00  0.00000000e+00
   1.03000616e-01 -1.62510249e-01]
 [-9.78373729e-02 -8.98352464e-01 -9.81091560e-02  0.00000000e+00
   3.91370357e-01 -6.38762314e-02]
 [-5.39223763e-02  1.97356223e+01  0.00000000e+00  0.00000000e+00
  -1.23571692e-02  6.73780362e-01]
 [ 0.00000000e+00 -1.16834614e+00  0.00000000e+00  0.00000000e+00
   8.95448683e-01 -8.88496312e-02]
 [-1.63344014e-02  1.95716688e+01  0.00000000e+00  0.00000000e+00
  -1.69706289e-01 -1.81680374e-01]
 [-2.51767905e-01 -8.95233755e-01  0.00000000e+00  0.00000000e+00
  -2.52758895e-01 -1.25166490e-01]
 [ 0.00000000e+00 -1.04097843e+00  0.00000000e+00  0.00000000e+00
   3.91205940e-01 -2.21142559e-01]]
[04/03/2022, 05:27:49] computing sampling shap 1015:1025 within 42.5763 sec, 3.8611 on average
[04/03/2022, 05:27:49] instances left: 75
[04/03/2022, 05:27:49] estimating time left: 0:04:49.582500

[[-0.05462011 -1.07851925  0.          0.          0.43901763 -0.05750865]
 [ 0.         -1.039035   -0.06158353  0.          0.88040264 -0.1021517 ]
 [-0.06090407 -1.05870508  0.          0.         -0.58497307  0.15412372]
 [-0.09127457 -1.04691287  0.          0.          0.4451172  -0.14463458]
 [ 0.         -0.92564404 -0.13294144  0.          0.84430546 -0.17204589]
 [ 0.         -0.90682885 -0.16141634  0.         -0.2968034  -0.13152377]
 [ 0.         19.67271753  0.          0.         -0.6251515  -0.262801  ]
 [-0.06429851 19.64603186  0.          0.          0.41454143 -0.18696874]
 [ 0.         -1.22876293  0.          0.          0.52485671 -0.16700888]
 [ 0.         -0.92336026 -0.13419235  0.          0.34726519  0.07832346]]
[04/03/2022, 05:28:27] computing sampling shap 1025:1035 within 38.1724 sec, 3.8591 on average
[04/03/2022, 05:28:27] instances left: 65
[04/03/2022, 05:28:27] estimating time left: 0:04:10.841500

[[ 0.         -1.16072642  0.          0.          0.90990843 -0.1355074 ]
 [ 0.         -1.08983226  0.          0.         -0.22946999  0.35359305]
 [ 0.         -0.86067002 -0.17602007  0.          0.35386242 -0.1880875 ]
 [-0.07199252 -1.03233931  0.          0.         -0.7056279  -0.11665475]
 [ 0.         19.55092251  0.          0.          0.45682375 -0.15254371]
 [ 0.         -1.13605874  0.          0.          0.44900571  0.23985717]
 [-0.0835508  -0.97704937 -0.1800842   0.          0.52952634  0.20501737]
 [ 0.         -0.79504532 -0.24978187  0.         -0.79787555 -0.16635058]
 [ 0.         -1.12032241  0.          0.          0.41602766 -0.16662033]
 [ 0.         -1.09588749  0.          0.          0.84963331 -0.14007138]]
[04/03/2022, 05:29:06] computing sampling shap 1035:1045 within 38.1477 sec, 3.8571 on average
[04/03/2022, 05:29:06] instances left: 55
[04/03/2022, 05:29:06] estimating time left: 0:03:32.140500

[[-0.17492424 -0.91749845  0.          0.         -0.49721757 -0.14273634]
 [-0.09408389 -0.94373052  0.          0.         -0.2818825   0.32602816]
 [ 0.         -0.81013957 -0.1225196   0.         -0.38761863 -0.2046495 ]
 [-0.014623   -1.05810544 -0.17584225  0.          0.54182566 -0.10624433]
 [ 0.         -0.96044843 -0.17826951  0.          0.86864377 -0.11625145]
 [ 0.         -1.16547991  0.          0.          0.90916912 -0.13001468]
 [ 0.         -1.19025494  0.          0.          0.46621652  0.09207488]
 [-0.10107723 -0.84840588 -0.12210493  0.         -0.74589282  0.07007227]
 [ 0.         -1.14142071  0.          0.         -0.67478855  0.26340524]
 [ 0.         -1.0600456   0.          0.          0.82339981 -0.14967983]]
[04/03/2022, 05:29:44] computing sampling shap 1045:1055 within 38.5006 sec, 3.8568 on average
[04/03/2022, 05:29:44] instances left: 45
[04/03/2022, 05:29:44] estimating time left: 0:02:53.556000

[[-0.07845339 -0.79553444 -0.23787783  0.         -0.24999857  0.54228861]
 [ 0.         -1.0079267  -0.11977069  0.          0.04927197 -0.15048209]
 [ 0.         -1.15871758  0.          0.          0.47965226  0.16795745]
 [ 0.         -0.78364517 -0.18794626  0.         -0.32984717 -0.22348871]
 [-0.1038674  -0.98513186  0.          0.         -0.71139329 -0.25081557]
 [-0.01332223 -1.00292929 -0.06800305  0.          0.3826092  -0.16926985]
 [-0.07637741 -0.82531981 -0.22472849  0.          0.05258027 -0.05210311]
 [ 0.         -1.01129427 -0.06443309  0.         -0.3067666  -0.14243306]
 [-0.10839902 -0.79747388 -0.25840457  0.          0.48809449  0.17004217]
 [ 0.         -0.99002219 -0.26169783  0.         -0.57701359  0.1072246 ]]
[04/03/2022, 05:30:24] computing sampling shap 1055:1065 within 40.0349 sec, 3.8629 on average
[04/03/2022, 05:30:24] instances left: 35
[04/03/2022, 05:30:24] estimating time left: 0:02:15.201500

[[-0.01675032 -0.89725181 -0.12744149  0.         -0.8235328  -0.18894991]
 [ 0.         -1.07535603  0.          0.          0.81553533 -0.0526501 ]
 [ 0.         -1.22218179  0.          0.         -0.94774323 -0.17063085]
 [ 0.         -1.10341405  0.          0.          0.04484212  0.39884658]
 [ 0.         -1.03646764 -0.09909596  0.          0.91779236 -0.10459633]
 [ 0.         -1.0084893  -0.12187007  0.         -0.71704486 -0.14364866]
 [-0.1240111  -0.92275425  0.          0.         -0.55689729 -0.04675071]
 [-0.09840395 -1.12255353  0.          0.          0.49370331  0.24039373]
 [ 0.         -1.2095056   0.          0.          0.14072648  0.28201316]
 [ 0.         -0.73854151 -0.28429132  0.          0.8066362  -0.14555047]]
[04/03/2022, 05:31:02] computing sampling shap 1065:1075 within 37.5587 sec, 3.8586 on average
[04/03/2022, 05:31:02] instances left: 25
[04/03/2022, 05:31:02] estimating time left: 0:01:36.465000

[[-0.0982342  -1.01057521 -0.07842109  0.          0.89113428  0.05607235]
 [-0.12993071 -0.96134182 -0.13106175  0.          0.51665109 -0.06112123]
 [ 0.         -0.83832208 -0.20619751  0.         -0.64513608  0.15198976]
 [ 0.         -1.25758012  0.          0.         -0.53312006 -0.15794122]
 [-0.13872349 -0.85331144 -0.06935385  0.          0.83545425 -0.16039114]
 [ 0.         -1.0203245  -0.0820806   0.          0.75154012  0.14611949]
 [ 0.         -0.88426046 -0.22185899  0.         -0.77808677 -0.17974872]
 [ 0.         -0.98869728 -0.09893742  0.          0.40948134  0.34768734]
 [ 0.         -1.09962868 -0.0691673   0.          0.9103438  -0.12787324]
 [ 0.         -1.14685151  0.          0.          0.41091753 -0.00199169]]
[04/03/2022, 05:31:40] computing sampling shap 1075:1085 within 38.0602 sec, 3.8566 on average
[04/03/2022, 05:31:40] instances left: 15
[04/03/2022, 05:31:40] estimating time left: 0:00:57.849000

[[ 0.00000000e+00 -9.01391603e-01 -2.55971603e-01  0.00000000e+00
   8.61856076e-01  5.54839174e-02]
 [ 0.00000000e+00 -1.19202569e+00  0.00000000e+00  0.00000000e+00
   9.30513551e-01 -1.00234716e-01]
 [ 0.00000000e+00 -7.55971167e-01  2.00682957e+01  0.00000000e+00
   9.59013892e-01  7.69421937e-03]
 [ 0.00000000e+00 -9.70026270e-01 -1.34325335e-01  0.00000000e+00
  -4.09259633e-01  4.03211892e-01]
 [ 0.00000000e+00 -1.13999717e+00  0.00000000e+00  0.00000000e+00
   9.26471111e-01 -1.72799425e-01]
 [-1.29430360e-02 -1.12590258e+00  0.00000000e+00  0.00000000e+00
   9.04783153e-01 -1.52262915e-01]
 [-7.39818904e-02 -1.05747908e+00  0.00000000e+00  0.00000000e+00
   4.47569763e-01 -6.77390524e-02]
 [ 0.00000000e+00 -9.81355607e-01 -1.23933208e-01  0.00000000e+00
  -9.58401628e-01 -1.11026605e-01]
 [-1.47630232e-01 -9.90529529e-01  0.00000000e+00  0.00000000e+00
   4.02721237e-01  4.11486101e-01]
 [ 0.00000000e+00 -1.14694169e+00  0.00000000e+00  0.00000000e+00
   1.18465069e-01  9.24813161e-02]]
[04/03/2022, 05:32:23] computing sampling shap 1085:1095 within 43.218 sec, 3.8738 on average
[04/03/2022, 05:32:23] instances left: 5
[04/03/2022, 05:32:23] estimating time left: 0:00:19.369000

[[ 0.         -0.953524   -0.15735462  0.          0.87013957 -0.14558655]
 [ 0.         -1.10739757  0.          0.         -1.38278316  0.43868693]
 [ 0.         -1.20399926  0.          0.          0.95543843 -0.11318608]
 [ 0.         -0.89556406 -0.26842932  0.          0.94227254 -0.16460478]
 [ 0.         -1.1550751   0.          0.         -0.21048526  0.68947064]
 [ 0.         -1.03984143 -0.18908638  0.          0.92885539  0.06004919]
 [-0.06626104 -1.09579345  0.          0.          0.12451837  0.31658759]
 [ 0.         -1.15496225 -0.06318662  0.         -0.63942197 -0.16275196]
 [ 0.         -1.14820292  0.          0.          0.95473925 -0.12890392]
 [ 0.         -1.20037936  0.          0.         -0.15508687  0.00312362]]
[04/03/2022, 05:32:23] finish computing sampling shap for range: [4, 8] within 1045.933644 sec
