Child #[0, 1]: psutil.Process(pid=4870, name='python', status='running', started='03:06:23'), affinity [0, 1]
Child #[0, 1]: Set my affinity to [0, 1], affinity now [0, 1]

[04/03/2022, 05:15:32] start computing sampling shap for range: [1, 8]
[04/03/2022, 05:16:08] computing sampling shap 0:10 within 35.9028 sec, 3.5903 on average
[04/03/2022, 05:16:08] instances left: 265
[04/03/2022, 05:16:08] estimating time left: 0:15:51.429500

[[-2.09293664e-01 -8.50363749e-01 -1.23257731e-01  0.00000000e+00
   4.88671785e-01 -1.43461538e-01]
 [-8.37998979e-02 -1.00409322e+00  0.00000000e+00  0.00000000e+00
  -7.42795380e-01 -1.83863075e-01]
 [-1.59834052e-02 -7.34408591e-01 -3.18788051e-01  0.00000000e+00
   1.81195983e-02 -1.77846813e-01]
 [ 0.00000000e+00 -1.06200228e+00  0.00000000e+00  0.00000000e+00
   4.20215061e-01 -1.18903796e-01]
 [ 0.00000000e+00 -1.11416980e+00 -6.20794057e-02  0.00000000e+00
   4.89155427e-01 -7.97108692e-02]
 [ 0.00000000e+00 -1.05505241e+00  0.00000000e+00  0.00000000e+00
  -1.34762955e+00 -1.96718302e-01]
 [ 0.00000000e+00 -1.16965014e+00  0.00000000e+00  0.00000000e+00
   8.43769854e-02 -8.24334443e-02]
 [ 0.00000000e+00 -8.62928795e-01 -2.59557578e-01  0.00000000e+00
   8.64364211e-01 -1.28203602e-01]
 [ 0.00000000e+00 -1.19529775e+00 -7.49691421e-02  0.00000000e+00
  -5.66191926e-01 -1.26811818e-01]
 [-1.33139655e-02  1.95341546e+01  0.00000000e+00  0.00000000e+00
   8.28098876e-01 -1.84908063e-01]]
[04/03/2022, 05:16:47] computing sampling shap 10:20 within 39.2275 sec, 3.7566 on average
[04/03/2022, 05:16:47] instances left: 255
[04/03/2022, 05:16:47] estimating time left: 0:15:57.933000

[[ 0.00000000e+00 -1.10175132e+00  0.00000000e+00  0.00000000e+00
  -6.19061400e-01 -2.46649571e-01]
 [ 0.00000000e+00 -9.54935856e-01 -2.27467770e-01  0.00000000e+00
  -4.21957129e-01 -5.21518216e-02]
 [ 0.00000000e+00 -9.19442631e-01 -2.93475006e-01  0.00000000e+00
  -5.88746225e-01  5.96938779e-01]
 [-1.68517546e-02 -1.12179360e+00  0.00000000e+00  0.00000000e+00
  -5.86391424e-01 -6.55224524e-02]
 [ 0.00000000e+00 -1.16072872e+00  0.00000000e+00  0.00000000e+00
  -5.20230757e-01  5.14337128e-01]
 [ 0.00000000e+00 -9.12664723e-01 -2.22115512e-01  0.00000000e+00
   3.63900354e-01  4.77949822e-02]
 [ 0.00000000e+00  1.96701381e+01 -8.20369068e-02  0.00000000e+00
   9.24887248e-02 -5.11452445e-02]
 [ 0.00000000e+00 -9.39196450e-01 -2.63614167e-01  0.00000000e+00
  -2.35534419e-01  1.04040715e+00]
 [-1.63569954e-02 -9.19904733e-01 -1.63115825e-01  0.00000000e+00
  -2.88018206e-01 -1.35283938e-03]
 [-1.14417421e-01 -9.24143517e-01  0.00000000e+00  0.00000000e+00
  -1.06323799e+00  8.97381201e-01]]
[04/03/2022, 05:17:25] computing sampling shap 20:30 within 38.0949 sec, 3.7743 on average
[04/03/2022, 05:17:25] instances left: 245
[04/03/2022, 05:17:25] estimating time left: 0:15:24.703500

[[ 0.00000000e+00 -1.20245686e+00  0.00000000e+00  0.00000000e+00
   9.77650252e-01 -1.61518677e-01]
 [-1.42761723e-01 -9.11665903e-01 -1.36602386e-01  0.00000000e+00
   9.52835285e-01 -6.12383705e-02]
 [-1.41736910e-01 -5.79177781e-01 -2.81720973e-01  0.00000000e+00
   7.77642929e-01 -1.36754439e-01]
 [ 0.00000000e+00 -9.54802490e-01 -1.19022419e-01  0.00000000e+00
  -6.62636396e-01  3.20278814e-01]
 [-4.19638253e-02  1.97119628e+01  0.00000000e+00  0.00000000e+00
   6.71795129e-01 -1.77762716e-01]
 [ 0.00000000e+00 -1.12429371e+00  0.00000000e+00  0.00000000e+00
   4.67352764e-01 -2.13974182e-01]
 [-1.02517268e-01 -7.42599356e-01 -2.45824692e-01  0.00000000e+00
   8.90212507e-01 -1.85597109e-01]
 [ 0.00000000e+00 -8.82015232e-01 -2.91264559e-01  0.00000000e+00
  -1.29725392e+00 -1.45190425e-02]
 [ 0.00000000e+00 -1.06585188e+00  0.00000000e+00  0.00000000e+00
  -7.61791628e-01 -2.25041806e-01]
 [ 0.00000000e+00 -8.83322909e-01 -1.29119678e-01  0.00000000e+00
  -5.33594024e-01 -2.06482456e-01]]
[04/03/2022, 05:18:05] computing sampling shap 30:40 within 40.0189 sec, 3.8312 on average
[04/03/2022, 05:18:05] instances left: 235
[04/03/2022, 05:18:05] estimating time left: 0:15:00.332000

[[ 0.         -0.89266756 -0.16992537  0.          0.87756558 -0.20129841]
 [ 0.         -0.89117607 -0.21904339  0.          0.87840573 -0.08065723]
 [-0.14940389 -0.81203493 -0.18067947  0.         -0.23538414 -0.0112466 ]
 [-0.01334881 -1.10097763  0.          0.          0.84759915 -0.11959818]
 [ 0.         -0.92429605 -0.10900191  0.         -0.44992493  0.47390246]
 [ 0.         -1.08551991 -0.17913359  0.         -0.35250221 -0.1513745 ]
 [-0.01307478 -1.11533129  0.          0.          0.86696163 -0.12488095]
 [-0.14032528 -0.99071815  0.          0.          0.89387295 -0.14915488]
 [-0.01323774 -1.11448828  0.          0.          0.89275967 -0.08740114]
 [ 0.         -1.22482894  0.          0.         -0.79893983  0.46432076]]
[04/03/2022, 05:18:42] computing sampling shap 40:50 within 36.2491 sec, 3.79 on average
[04/03/2022, 05:18:42] instances left: 225
[04/03/2022, 05:18:42] estimating time left: 0:14:12.750000

[[ 0.         -1.05057871  0.          0.         -0.32780152 -0.14654664]
 [ 0.         -0.95846308  0.          0.         -0.04054096  0.06506385]
 [ 0.         -0.86551805 -0.33499936  0.         -0.6673699   0.03472632]
 [ 0.         -1.12423877  0.          0.         -1.47318415 -0.1492547 ]
 [-0.12285375 -0.91179072  0.          0.          0.3641579  -0.20042878]
 [ 0.         -0.95441091 -0.1503185   0.         -0.37138944  0.51359856]
 [ 0.         -1.17429459  0.          0.         -0.169408    0.04757947]
 [-0.07413013 -1.109557    0.          0.         -0.33816661 -0.07769972]
 [ 0.         -1.06941203  0.          0.          0.38133145 -0.18283447]
 [ 0.         -0.84205988 -0.27426163  0.          0.39239686  0.39345854]]
[04/03/2022, 05:19:19] computing sampling shap 50:60 within 37.2678 sec, 3.7795 on average
[04/03/2022, 05:19:19] instances left: 215
[04/03/2022, 05:19:19] estimating time left: 0:13:32.592500

[[-0.06265075 -1.11150426  0.          0.         -0.4303743  -0.12784701]
 [-0.15485444 -0.99206008  0.          0.          0.89601617 -0.13542729]
 [ 0.         -0.95620859 -0.24721353  0.         -0.610794   -0.07660418]
 [ 0.         -0.85472994 -0.23112767  0.          0.90615951 -0.20662786]
 [ 0.         -1.12232646  0.          0.         -0.87582374  0.55579645]
 [-0.10332913 -0.8073197  -0.2375751   0.          0.91254246 -0.12606536]
 [ 0.         -1.06605005  0.          0.         -0.54800861 -0.15447151]
 [ 0.         -1.10364263  0.          0.          0.88848637 -0.10721135]
 [ 0.         -1.14199054  0.          0.         -0.47604513  0.68824353]
 [ 0.         -1.13946354  0.          0.          0.43230797 -0.13054921]]
[04/03/2022, 05:19:59] computing sampling shap 60:70 within 40.2441 sec, 3.8145 on average
[04/03/2022, 05:19:59] instances left: 205
[04/03/2022, 05:19:59] estimating time left: 0:13:01.972500

[[ 0.         -1.09956937 -0.06451165  0.          0.47203817 -0.12094643]
 [ 0.         -0.89040974 -0.15491935 -0.04629387 -0.23396383  0.51613901]
 [ 0.          0.         -0.98636907  0.          0.73541315 -0.07141094]
 [ 0.         -1.09541474  0.          0.          0.4224988  -0.14007342]
 [ 0.         -1.06088802  0.          0.          0.39264184 -0.20266886]
 [ 0.         -1.05458453 -0.0739044   0.         -1.07267799  0.40824395]
 [ 0.         19.67971032 -0.04604408  0.          0.07065437 -0.07487584]
 [ 0.         -1.08851709  0.          0.         -0.24428467 -0.07625227]
 [ 0.         -1.13386555  0.          0.          0.48365562 -0.11659498]
 [-0.14378906 -0.94089598 -0.07476228  0.          0.92469411 -0.15157249]]
[04/03/2022, 05:20:40] computing sampling shap 70:80 within 40.5621 sec, 3.8447 on average
[04/03/2022, 05:20:40] instances left: 195
[04/03/2022, 05:20:40] estimating time left: 0:12:29.716500

[[ 0.         -1.09966287  0.          0.          0.03975872 -0.20419404]
 [-0.13217845 -0.80090232 -0.15443894  0.         -0.62830109 -0.25164175]
 [-0.01619563 -1.09892559  0.          0.         -0.44837581 -0.20503294]
 [ 0.         -1.22831136  0.          0.         -0.41173353 -0.11247374]
 [ 0.         -1.07350092  0.          0.         -0.52377395  0.78941968]
 [ 0.         -1.0281092   0.          0.         -0.2814887   0.19459937]
 [ 0.         -1.10821227  0.          0.         -0.68028247  0.24669176]
 [ 0.         -0.9441579  -0.15826469  0.          0.87461746 -0.15852045]
 [-0.0171334  -0.99272429 -0.16196179  0.         -0.68138862 -0.07340628]
 [-0.01366729 -1.02728348  0.          0.          0.82166621 -0.16704113]]
[04/03/2022, 05:21:17] computing sampling shap 80:90 within 37.2797 sec, 3.8318 on average
[04/03/2022, 05:21:17] instances left: 185
[04/03/2022, 05:21:17] estimating time left: 0:11:48.883000

[[ 0.         -1.05022159 -0.16230019  0.          0.54023454 -0.09451726]
 [ 0.         -0.94672054 -0.19780894  0.         -1.40262606  0.13143903]
 [-0.16191995 -0.84866095 -0.12038216  0.         -0.48271111 -0.11870254]
 [-0.06531766 -1.06359781  0.          0.          0.42611287 -0.13490229]
 [ 0.         -1.06983214  0.          0.          0.82083089 -0.13732438]
 [ 0.         -1.08134608  0.          0.         -1.17186047 -0.10611221]
 [-0.01334059 -1.14637897  0.          0.          0.78327428  0.2011639 ]
 [ 0.         -1.1098637  -0.12976831  0.         -0.67984178 -0.14448094]
 [ 0.         -0.97326371 -0.11822451  0.         -0.83524411 -0.05052656]
 [ 0.         -1.03720253  0.          0.          0.31993789 -0.04954001]]
[04/03/2022, 05:21:55] computing sampling shap 90:100 within 37.9217 sec, 3.8278 on average
[04/03/2022, 05:21:55] instances left: 175
[04/03/2022, 05:21:55] estimating time left: 0:11:09.865000

[[ 0.         -1.03403649 -0.06302043  0.          0.86622666 -0.1554952 ]
 [ 0.         -0.95078205 -0.16465168  0.          0.87049716 -0.06753451]
 [-0.12750516 -1.07465401  0.          0.          0.07989642  0.5661376 ]
 [ 0.         -0.97055282 -0.13841402  0.          0.46957884 -0.17360155]
 [-0.01598632 -1.05864977  0.          0.         -0.76444101  0.00591604]
 [-0.0832471  -1.06880159  0.          0.          0.92522978 -0.13492804]
 [ 0.         -1.12265434  0.          0.          0.42041978 -0.1686807 ]
 [ 0.         -1.09092758  0.          0.         -0.52305915  0.59667687]
 [-0.0540583  -0.97421486 -0.1140831   0.         -0.72284967 -0.14112927]
 [ 0.         -1.0140209  -0.19259124  0.          0.98922342 -0.16893675]]
[04/03/2022, 05:22:36] computing sampling shap 100:110 within 40.6689 sec, 3.8496 on average
[04/03/2022, 05:22:36] instances left: 165
[04/03/2022, 05:22:36] estimating time left: 0:10:35.184000

[[-7.45016804e-02 -9.59427663e-01 -1.45417064e-01  0.00000000e+00
  -6.54981194e-01 -1.01030576e-02]
 [-1.80199335e-02 -1.09305146e+00  2.05825799e+01  0.00000000e+00
  -6.31445460e-01 -2.34789918e-01]
 [ 0.00000000e+00 -1.11496860e+00 -1.02940578e-01  0.00000000e+00
  -6.23301997e-01 -8.54033852e-02]
 [ 0.00000000e+00 -1.16228472e+00  0.00000000e+00  0.00000000e+00
  -6.72079392e-01 -1.74689071e-01]
 [-1.09619936e-01 -7.62300547e-01 -1.89484960e-01 -7.41910438e-02
   9.14589066e-01 -1.65318490e-01]
 [ 0.00000000e+00 -9.00302311e-01 -1.61779673e-01  0.00000000e+00
  -7.92298814e-01  3.15279962e-01]
 [ 0.00000000e+00 -1.01306587e+00  0.00000000e+00  0.00000000e+00
   3.45814797e-01 -1.70453706e-01]
 [-1.26954093e-01 -9.12138984e-01 -4.79733338e-02  0.00000000e+00
  -9.34923329e-01  1.05807533e-01]
 [ 0.00000000e+00 -9.33937903e-01 -1.06210079e-01  0.00000000e+00
  -2.67180065e-01  1.12102529e-01]
 [ 0.00000000e+00 -1.20475461e+00  0.00000000e+00  0.00000000e+00
   1.36339839e-01 -1.35428726e-01]]
[04/03/2022, 05:23:11] computing sampling shap 110:120 within 35.6855 sec, 3.8262 on average
[04/03/2022, 05:23:11] instances left: 155
[04/03/2022, 05:23:11] estimating time left: 0:09:53.061000

[[-0.03141295 -0.83311183 -0.27644299  0.          0.06089888  0.20631614]
 [ 0.         -0.94249324 -0.13939006  0.          0.3500601  -0.01980728]
 [-0.01322023 -0.89967573 -0.20203048  0.          0.73586234  0.28708938]
 [ 0.         -1.04541735  0.          0.         -0.30088446 -0.04244688]
 [ 0.         -1.11113045  0.          0.          0.01215525 -0.16512288]
 [ 0.         -0.97178086 -0.22168633  0.          0.9223105  -0.1151692 ]
 [ 0.         -1.18907761  0.          0.          0.5423527  -0.19097991]
 [ 0.         -0.9440514  -0.14500107  0.         -0.75779333 -0.00300398]
 [-0.01643947 -1.00546601  0.          0.         -0.55468153 -0.19194326]
 [-0.10290401 -0.94970103 -0.11602911  0.          0.47005114 -0.17233226]]
[04/03/2022, 05:23:51] computing sampling shap 120:130 within 39.9618 sec, 3.8392 on average
[04/03/2022, 05:23:51] instances left: 145
[04/03/2022, 05:23:51] estimating time left: 0:09:16.684000

[[ 0.         -1.07810192  0.          0.         -0.70895681 -0.22749285]
 [ 0.         -0.99222093 -0.20166499  0.          0.47797299 -0.15500229]
 [ 0.         -0.92536685 -0.13565979  0.          0.36914921 -0.05975306]
 [ 0.         -1.12321349  0.          0.          0.04515914 -0.12578902]
 [ 0.         -0.98392114 -0.04665195  0.          0.32148281 -0.04254018]
 [ 0.         -1.09322822  0.          0.          0.83505865 -0.05430145]
 [ 0.         -1.04845511  0.          0.          0.35837368 -0.07672305]
 [ 0.         -0.92510654 -0.24324433  0.          0.11767836 -0.0739658 ]
 [-0.05848748 -1.08550668  0.          0.         -0.22308619 -0.17308048]
 [ 0.         -1.05233347  0.          0.          0.84253692 -0.15195058]]
[04/03/2022, 05:24:28] computing sampling shap 130:140 within 37.1627 sec, 3.8305 on average
[04/03/2022, 05:24:28] instances left: 135
[04/03/2022, 05:24:28] estimating time left: 0:08:37.117500

[[ 0.00000000e+00  1.97449951e+01 -7.18947114e-02  0.00000000e+00
  -3.67867889e-01  3.54794541e-01]
 [ 0.00000000e+00 -1.07667837e+00 -1.10980202e-01  0.00000000e+00
  -3.29307900e-01  6.23324423e-01]
 [ 0.00000000e+00 -1.04760024e+00 -6.38958324e-02  0.00000000e+00
  -4.90014128e-01 -1.30866025e-01]
 [ 0.00000000e+00 -9.43924170e-01 -2.05254995e-01  0.00000000e+00
   4.47761045e-01 -1.69497267e-01]
 [ 0.00000000e+00 -1.13043483e+00  0.00000000e+00  0.00000000e+00
   8.80397332e-01 -1.36287868e-01]
 [ 0.00000000e+00 -9.42045703e-01 -3.03965435e-01  0.00000000e+00
  -1.23148445e+00 -1.04165591e-01]
 [-5.48087071e-02 -9.90892010e-01 -5.73363211e-02  0.00000000e+00
  -6.17947934e-01 -2.27656604e-01]
 [ 0.00000000e+00 -1.15314041e+00  0.00000000e+00  0.00000000e+00
  -5.81824757e-01 -4.73439930e-03]
 [-1.32975626e-02 -8.91809829e-01 -5.41839153e-02  0.00000000e+00
  -5.36755096e-01  6.33231246e-02]
 [ 0.00000000e+00 -1.18928692e+00  0.00000000e+00  0.00000000e+00
  -6.49457562e-01  4.73639283e-01]]
[04/03/2022, 05:25:06] computing sampling shap 140:150 within 37.1856 sec, 3.823 on average
[04/03/2022, 05:25:06] instances left: 125
[04/03/2022, 05:25:06] estimating time left: 0:07:57.875000

[[ 0.         -1.0291973  -0.14301353  0.          0.93211808 -0.14623287]
 [ 0.         -1.10157441  0.          0.          0.86693659 -0.15168778]
 [-0.07278311 -0.85744429 -0.2815445   0.         -0.3780955  -0.16265149]
 [-0.10635912 -0.79295807 -0.19360899  0.         -0.49691464 -0.16267836]
 [ 0.         -1.11636551  0.          0.          0.89347724 -0.16343736]
 [ 0.         -0.99434381 -0.1217384   0.         -1.03848738 -0.11115249]
 [-0.01381406 -1.01253835 -0.09390445  0.         -0.45567306  0.44936328]
 [ 0.         -1.08518173 -0.0568363   0.         -0.42462068 -0.03291465]
 [-0.06758934 -1.01324062 -0.14041257  0.         -0.17301159 -0.19066824]
 [ 0.         -0.94963873  0.          0.         -0.78997818 -0.27493466]]
[04/03/2022, 05:25:45] computing sampling shap 150:160 within 39.9335 sec, 3.8337 on average
[04/03/2022, 05:25:45] instances left: 115
[04/03/2022, 05:25:45] estimating time left: 0:07:20.875500

[[-1.68027192e-02  1.95800703e+01  0.00000000e+00  0.00000000e+00
   7.58769875e-01 -1.17575887e-01]
 [ 0.00000000e+00 -1.04731209e+00  0.00000000e+00  0.00000000e+00
   8.13593931e-01 -8.86493837e-02]
 [-1.32299809e-02 -8.73269730e-01 -2.25191988e-01  0.00000000e+00
   9.11089613e-01 -1.85723459e-01]
 [ 0.00000000e+00 -8.73699906e-01 -1.43353974e-01  0.00000000e+00
   3.39606021e-01 -6.04783533e-02]
 [-1.04532267e-01 -9.91319646e-01 -1.63768140e-01  0.00000000e+00
   1.69213637e-01 -1.82434131e-02]
 [ 0.00000000e+00 -9.37417844e-01 -2.20403304e-01  0.00000000e+00
  -7.04268909e-01 -6.35842495e-02]
 [ 0.00000000e+00 -1.21305912e+00  0.00000000e+00  0.00000000e+00
  -1.84162626e-01 -1.87700604e-01]
 [ 0.00000000e+00 -1.14291733e+00  0.00000000e+00  0.00000000e+00
  -3.42292983e-01  2.68914997e-01]
 [ 0.00000000e+00 -9.85101068e-01 -2.36634474e-01  0.00000000e+00
  -1.63361909e-01  8.89741580e-02]
 [ 0.00000000e+00 -8.72862942e-01 -1.86661376e-01  0.00000000e+00
  -7.63343417e-01 -2.41087298e-01]]
[04/03/2022, 05:26:27] computing sampling shap 160:170 within 41.249 sec, 3.8508 on average
[04/03/2022, 05:26:27] instances left: 105
[04/03/2022, 05:26:27] estimating time left: 0:06:44.334000

[[ 0.         -0.90162313 -0.20775915  0.          0.86802471 -0.05807503]
 [-0.01431698 -0.99866261  0.          0.         -0.00630308  0.15316386]
 [ 0.         -0.92897146 -0.21545046  0.         -0.54744108 -0.21395969]
 [ 0.         -1.20799996  0.          0.          0.46151251  0.44219662]
 [ 0.         -0.99978009 -0.05437868  0.          0.30679887  0.11539609]
 [ 0.         -1.12881816  0.          0.         -1.52011559 -0.17390446]
 [ 0.         -1.0690158  -0.15053292  0.          0.51494206 -0.16630854]
 [ 0.         -0.88028139 -0.1914122   0.          0.38657397 -0.18579581]
 [-0.13068786 -0.99029304  0.          0.          0.02845404 -0.11131659]
 [ 0.         -1.08408603  0.          0.          0.87765309 -0.09299985]]
[04/03/2022, 05:27:06] computing sampling shap 170:180 within 39.2413 sec, 3.8549 on average
[04/03/2022, 05:27:06] instances left: 95
[04/03/2022, 05:27:06] estimating time left: 0:06:06.215500

[[ 0.         -1.08881475  0.          0.         -0.59784069  0.13619698]
 [ 0.         -0.98284486 -0.24608109  0.         -0.62170655 -0.12393342]
 [-0.016633   -1.14013074  0.          0.         -0.68515932 -0.21076217]
 [ 0.         -1.17623161  0.          0.          0.48216724 -0.17685091]
 [ 0.         -1.13819121  0.          0.         -0.44034309 -0.02101925]
 [-0.0472862  -1.0556593   0.          0.          0.68313906  0.40596883]
 [ 0.         -1.04391225  0.          0.          0.34930911 -0.05702718]
 [ 0.         -0.95671143 -0.15241449  0.          0.01708056  0.04372298]
 [ 0.         -1.06606122  0.          0.          0.82079489 -0.11648058]
 [ 0.         -0.96607853 -0.16759341  0.         -0.22966762  0.68725001]]
[04/03/2022, 05:27:48] computing sampling shap 180:190 within 41.718 sec, 3.8716 on average
[04/03/2022, 05:27:48] instances left: 85
[04/03/2022, 05:27:48] estimating time left: 0:05:29.086000

[[-8.29310958e-02 -1.09019652e+00  0.00000000e+00  0.00000000e+00
   9.48905309e-01 -7.52106046e-02]
 [-1.59199670e-02 -1.11286485e+00  0.00000000e+00  0.00000000e+00
   7.23542928e-01  2.11181163e-01]
 [ 0.00000000e+00 -1.02991018e+00 -1.35250163e-01  0.00000000e+00
   9.61323608e-01 -1.18530713e-01]
 [ 0.00000000e+00 -8.69618625e-01 -2.39344841e-01  0.00000000e+00
   3.60613276e-01 -3.28037270e-03]
 [-1.59868492e-02 -9.21154884e-01 -1.53702373e-01  0.00000000e+00
  -3.72269312e-01  6.69855258e-01]
 [ 0.00000000e+00 -1.02862834e+00 -1.48790544e-01  0.00000000e+00
  -1.46419686e-01  5.98037206e-01]
 [ 0.00000000e+00  1.94452679e+01  0.00000000e+00  0.00000000e+00
   8.45895022e-01 -1.27131322e-01]
 [-1.31109049e-01 -1.05427907e+00  0.00000000e+00  0.00000000e+00
   9.77267167e-01 -1.78204844e-01]
 [ 0.00000000e+00 -7.93935510e-01 -2.95168416e-01  0.00000000e+00
  -6.09219344e-01  2.86596174e-01]
 [-4.61970164e-02 -9.51728861e-01  0.00000000e+00  0.00000000e+00
   3.34441119e-01 -1.74220210e-01]]
[04/03/2022, 05:28:25] computing sampling shap 190:200 within 37.1804 sec, 3.8639 on average
[04/03/2022, 05:28:25] instances left: 75
[04/03/2022, 05:28:25] estimating time left: 0:04:49.792500

[[ 0.         -0.9848366  -0.06084707  0.         -0.8344953  -0.18377611]
 [-0.13684893 -0.88101002  0.         -0.06966025 -0.2758801  -0.09424316]
 [ 0.         -1.13262904  0.          0.         -0.35755421  0.48086299]
 [ 0.         -0.94740875 -0.204988    0.          0.090759   -0.16726965]
 [ 0.         -0.94897086 -0.21625872  0.          0.90054326 -0.05768114]
 [-0.04734255 -1.04927108  0.          0.         -0.76146103  0.23906748]
 [ 0.         -0.95008262 -0.18230176  0.          0.46374624 -0.16906667]
 [-0.08455699 -1.03363753 -0.08528084  0.          0.98598536 -0.1688355 ]
 [ 0.         -0.8480634  -0.1995171   0.          0.02905184 -0.24556954]
 [ 0.         -0.96018612 -0.20508295  0.         -0.44258892  0.96358006]]
[04/03/2022, 05:29:03] computing sampling shap 200:210 within 38.6211 sec, 3.8638 on average
[04/03/2022, 05:29:03] instances left: 65
[04/03/2022, 05:29:03] estimating time left: 0:04:11.147000

[[ 0.         -0.87849511 -0.18346496  0.          0.82114253 -0.14550817]
 [ 0.         -1.05494306 -0.12304717  0.          0.9216098  -0.10536669]
 [-0.07609851 -0.98181275  0.          0.         -0.00465953 -0.06337797]
 [ 0.         -1.13581504  0.          0.         -0.60050447 -0.16950283]
 [ 0.         -1.03849891  0.          0.          0.81108314 -0.15890979]
 [-0.11938646 -0.8515556  -0.05606713  0.         -0.70076584 -0.13613904]
 [ 0.         -1.05983979  0.          0.          0.73733146  0.11776299]
 [-0.05348613 -0.93887123 -0.1032669   0.          0.86044658 -0.15114809]
 [ 0.         -1.05091506 -0.12434396  0.         -0.16844097  0.3779908 ]
 [-0.01314551 -1.18452024  0.          0.          0.95255688 -0.1412164 ]]
[04/03/2022, 05:29:42] computing sampling shap 210:220 within 38.7147 sec, 3.8642 on average
[04/03/2022, 05:29:42] instances left: 55
[04/03/2022, 05:29:42] estimating time left: 0:03:32.531000

[[ 0.00000000e+00 -9.69595878e-01 -1.65568069e-01  0.00000000e+00
   9.20109423e-01 -1.71271149e-01]
 [ 0.00000000e+00 -3.63633002e-03  1.94222763e+01  0.00000000e+00
   5.45279293e-01 -1.20460014e-01]
 [ 0.00000000e+00 -1.01261700e+00 -1.46942176e-01  0.00000000e+00
   8.67722771e-01  5.53536928e-02]
 [ 0.00000000e+00 -9.60135952e-01 -2.42352634e-01  0.00000000e+00
  -6.10726459e-01 -2.01336778e-01]
 [ 0.00000000e+00 -1.06997280e+00  0.00000000e+00  0.00000000e+00
  -7.58467919e-01 -2.24244511e-01]
 [ 0.00000000e+00 -1.00967043e+00 -1.55962047e-01  0.00000000e+00
   4.74994123e-01 -1.22351265e-01]
 [ 0.00000000e+00 -1.20235382e+00  0.00000000e+00  0.00000000e+00
  -3.24315879e-01  7.11280064e-01]
 [-1.54541485e-02 -1.02774240e+00  0.00000000e+00  0.00000000e+00
  -5.11335040e-01 -2.13998619e-01]
 [ 0.00000000e+00 -9.11777068e-01 -1.54511180e-01  0.00000000e+00
   3.79270802e-01 -1.50687616e-01]
 [ 0.00000000e+00 -1.08189695e+00  0.00000000e+00  0.00000000e+00
   8.47858699e-01 -1.52287413e-01]]
[04/03/2022, 05:30:23] computing sampling shap 220:230 within 40.3748 sec, 3.8717 on average
[04/03/2022, 05:30:23] instances left: 45
[04/03/2022, 05:30:23] estimating time left: 0:02:54.226500

[[ 0.00000000e+00 -6.27978396e-01  2.00150650e+01  0.00000000e+00
  -3.58992668e-01 -2.67167048e-01]
 [-9.99340836e-02 -8.36453028e-01 -2.41797401e-01  0.00000000e+00
   9.37841286e-01 -3.47829597e-02]
 [ 0.00000000e+00 -9.23396471e-01 -2.25107556e-01  0.00000000e+00
   4.30525634e-01 -4.88262080e-02]
 [ 0.00000000e+00 -1.04519147e+00  0.00000000e+00  0.00000000e+00
   3.62856240e-01 -1.88579804e-01]
 [-7.15707868e-02 -1.14678699e+00  0.00000000e+00  0.00000000e+00
   9.21920954e-01 -8.98885049e-02]
 [ 0.00000000e+00 -9.43136035e-01 -6.73899235e-02  0.00000000e+00
   3.25658749e-01  1.98006514e-01]
 [ 0.00000000e+00 -1.13220853e+00  0.00000000e+00  0.00000000e+00
  -1.10925795e+00  2.57442526e-01]
 [ 0.00000000e+00 -1.12588287e+00  0.00000000e+00  0.00000000e+00
  -7.36499013e-01 -2.02813833e-01]
 [ 0.00000000e+00 -1.16677333e+00  0.00000000e+00  0.00000000e+00
  -6.84522228e-01 -2.02630384e-01]
 [-1.68815594e-02 -1.20089888e+00  0.00000000e+00  0.00000000e+00
  -6.33729075e-02  2.87484687e-01]]
[04/03/2022, 05:31:02] computing sampling shap 230:240 within 39.7504 sec, 3.876 on average
[04/03/2022, 05:31:02] instances left: 35
[04/03/2022, 05:31:02] estimating time left: 0:02:15.660000

[[ 0.         -1.00869495 -0.1108155   0.          0.44939071 -0.20079537]
 [ 0.         -1.15869761  0.          0.          0.49198728 -0.17099448]
 [ 0.         -1.18098569  0.          0.         -0.60155932 -0.18174203]
 [ 0.         -1.02845807  0.          0.         -0.56971372 -0.21682847]
 [ 0.         -0.91708906 -0.19936151  0.         -0.63923265  0.41228446]
 [-0.09287083 -1.11391678  0.          0.         -0.48499538  0.53392081]
 [-0.16195706 -0.97725812  0.          0.          0.85865583 -0.01887362]
 [ 0.         -0.89809974 -0.12130363  0.          0.8116215  -0.17854371]
 [ 0.         -1.09935893  0.          0.          0.42941823 -0.20097445]
 [ 0.         -1.11018346  0.          0.          0.42741134 -0.18814283]]
[04/03/2022, 05:31:45] computing sampling shap 240:250 within 42.9101 sec, 3.8926 on average
[04/03/2022, 05:31:45] instances left: 25
[04/03/2022, 05:31:45] estimating time left: 0:01:37.315000

[[ 0.00000000e+00 -1.08556860e+00  0.00000000e+00  0.00000000e+00
  -6.49073850e-01 -2.32819887e-01]
 [ 0.00000000e+00  1.95897076e+01  0.00000000e+00  0.00000000e+00
  -4.70402319e-01  5.54529606e-02]
 [-1.50737297e-01 -9.78838612e-01 -8.96729196e-02  0.00000000e+00
  -1.39232426e-01  8.60164855e-01]
 [-5.00267416e-02 -1.05409818e+00  0.00000000e+00  0.00000000e+00
   8.80993198e-01 -9.92357805e-02]
 [-1.68994619e-02 -1.11408240e+00  0.00000000e+00  0.00000000e+00
   4.21681103e-01 -1.61614333e-01]
 [ 0.00000000e+00 -1.13531248e+00  0.00000000e+00  0.00000000e+00
  -7.65965999e-01  5.34499750e-01]
 [ 0.00000000e+00 -1.01189841e+00 -2.70133623e-01  0.00000000e+00
  -4.83930031e-01  5.31071019e-01]
 [ 0.00000000e+00 -8.78663179e-01 -2.25236116e-01  0.00000000e+00
   8.79981299e-01 -1.37829131e-01]
 [ 0.00000000e+00 -1.20511139e+00  0.00000000e+00  0.00000000e+00
  -6.50072114e-01  2.02042883e-01]
 [ 0.00000000e+00 -1.17896978e+00  0.00000000e+00  0.00000000e+00
  -2.52030677e-01 -1.53921499e-01]]
[04/03/2022, 05:32:23] computing sampling shap 250:260 within 37.4201 sec, 3.8869 on average
[04/03/2022, 05:32:23] instances left: 15
[04/03/2022, 05:32:23] estimating time left: 0:00:58.303500

[[ 0.         -0.98776624  0.          0.          0.31797832 -0.20112731]
 [ 0.         -0.96713609 -0.09180296  0.          0.40426064 -0.11212618]
 [ 0.         -1.02531862 -0.11541066  0.         -0.45079128  0.14005286]
 [ 0.         -1.0334939  -0.18670663  0.          0.4969386   0.30062711]
 [-0.02492516  0.         -0.83358304  0.         -0.9371477  -0.20007445]
 [-0.11449886 -0.96455969 -0.11818889  0.         -0.64702651 -0.15145719]
 [ 0.         -1.1773261   0.          0.         -0.69146223 -0.18117856]
 [-0.09598916 -1.04917664  0.          0.         -0.18701209  0.71863529]
 [ 0.         -0.89396001 -0.13534058  0.          0.74424602  0.04699444]
 [ 0.         -1.13878621  0.          0.          0.4401205  -0.1722495 ]]
[04/03/2022, 05:33:03] computing sampling shap 260:270 within 40.3286 sec, 3.8923 on average
[04/03/2022, 05:33:03] instances left: 5
[04/03/2022, 05:33:03] estimating time left: 0:00:19.461500

[[ 0.00000000e+00 -4.19781353e-03  1.95090747e+01  0.00000000e+00
   1.13065259e-02 -1.97983274e-01]
 [-1.18787637e-01 -9.52901643e-01  0.00000000e+00  0.00000000e+00
   7.98708032e-01  3.49211030e-02]
 [ 0.00000000e+00 -1.05121090e+00  0.00000000e+00  0.00000000e+00
  -8.02955531e-01  9.73602306e-03]
 [ 0.00000000e+00 -1.22014239e+00  0.00000000e+00  0.00000000e+00
  -6.61915206e-01 -1.70627554e-01]
 [ 0.00000000e+00 -8.41118514e-01 -1.26038579e-01  0.00000000e+00
   3.15650889e-01 -1.86198870e-01]
 [-6.05425193e-02 -6.96528389e-01 -3.02249125e-01  0.00000000e+00
  -2.16908511e-01  7.90403397e-01]
 [ 1.16731120e+01  9.46895786e+00  0.00000000e+00  0.00000000e+00
  -6.05787813e-01 -1.66103720e-01]
 [ 0.00000000e+00 -1.14690707e+00  0.00000000e+00  0.00000000e+00
  -6.92301384e-01  9.18003704e-02]
 [ 0.00000000e+00 -9.98941825e-01  0.00000000e+00  0.00000000e+00
  -5.67937037e-01  4.85015656e-01]
 [ 0.00000000e+00  0.00000000e+00  0.00000000e+00  0.00000000e+00
  -3.08167686e-02 -8.56789961e-02]]
[04/03/2022, 05:33:03] finish computing sampling shap for range: [1, 8] within 1050.914855 sec
