Child #[8, 9]: psutil.Process(pid=5089, name='python', status='running', started='03:07:45'), affinity [8, 9]
Child #[8, 9]: Set my affinity to [8, 9], affinity now [8, 9]

[04/03/2022, 06:08:27] start computing sampling shap for range: [5, 8]
[04/03/2022, 06:09:02] computing sampling shap 624:634 within 34.6353 sec, 3.4635 on average
[04/03/2022, 06:09:02] instances left: 146
[04/03/2022, 06:09:02] estimating time left: 0:08:25.671000

[[-1.05270611 -2.80831231  0.          0.          1.12120263 -0.08906248]
 [-0.70235793 -3.15406897 -0.11080423  0.          1.24030491 -0.16444518]
 [-0.18310259 17.20765725  0.          0.          0.33987573 -0.16850529]
 [-0.88399277 -3.06135402  0.          0.         -0.38438834 -0.23429713]
 [-0.67130455 -3.21582368  0.          0.          0.32927252 -0.17756199]
 [ 9.90127518  8.95188193  0.          0.          0.9059193  -0.09216904]
 [-0.84460087 -2.90665637  0.          0.         -0.01910908  0.36961023]
 [-1.1083927  -2.64180455  0.          0.          0.20518668  0.10455933]
 [-1.06348007 -2.87594489  0.          0.         -0.70821284  0.13514087]
 [-1.08822775 -2.70643395  0.          0.          1.06111838 -0.15782788]]
[04/03/2022, 06:09:33] computing sampling shap 634:644 within 31.7395 sec, 3.3188 on average
[04/03/2022, 06:09:33] instances left: 136
[04/03/2022, 06:09:33] estimating time left: 0:07:31.356800

[[-0.99542025 -2.69877687 -0.11714476  0.          0.63629998 -0.14445847]
 [-0.92804139 -2.87090239  0.          0.          1.09697401 -0.18940132]
 [-0.13234324 17.20939529  0.          0.         -0.76328017 -0.25019393]
 [-1.01819195 -2.89326728  0.          0.         -0.51240461  0.97862935]
 [-1.02345532 -2.96632644  0.          0.         -0.27269375  0.33472181]
 [-0.84789209 -2.99578903  0.          0.         -0.24292466 -0.19203089]
 [-0.49731408 -3.39118923  0.          0.          0.35844697 -0.23908675]
 [-0.34763462 17.5522735  -0.11012889  0.         -0.34908981 -0.27423553]
 [-0.90360974 -2.91818824  0.          0.          0.32779168 -0.24141209]
 [-0.95746571 -2.9154217   0.          0.         -0.41742937 -0.04879109]]
[04/03/2022, 06:10:07] computing sampling shap 644:654 within 33.4317 sec, 3.327 on average
[04/03/2022, 06:10:07] instances left: 126
[04/03/2022, 06:10:07] estimating time left: 0:06:59.202000

[[-1.13931560e+00 -2.77732093e+00  0.00000000e+00  0.00000000e+00
  -1.32659032e-01  1.16324102e-01]
 [-1.26663505e+00 -2.68192415e+00  0.00000000e+00  0.00000000e+00
  -2.63019806e-01 -8.05367078e-03]
 [-1.26748961e+00 -2.59738932e+00  0.00000000e+00  0.00000000e+00
   3.00577097e-01  9.46906658e-03]
 [-8.11915527e-01 -3.02704834e+00 -1.18627511e-01  0.00000000e+00
  -4.04938015e-01 -2.01503415e-01]
 [-8.57462210e-01 -2.86222903e+00 -1.30312065e-01  0.00000000e+00
   7.14919860e-01 -1.09353375e-01]
 [-1.32295389e+00 -2.59916970e+00  0.00000000e+00  0.00000000e+00
  -1.39149466e-01 -4.20883080e-02]
 [-3.88775279e-01  1.74237385e+01  0.00000000e+00  0.00000000e+00
  -9.99613440e-01  5.84447866e-01]
 [-6.99131336e-01 -3.08086598e+00  0.00000000e+00  0.00000000e+00
  -1.03453740e+00 -2.97948417e-01]
 [-7.60642533e-01 -3.00340728e+00  0.00000000e+00  0.00000000e+00
   1.08940723e+00 -1.44339247e-01]
 [ 1.98886026e+01 -8.56064390e-01 -1.20022971e-01  0.00000000e+00
  -6.07617763e-02  2.57255424e-01]]
[04/03/2022, 06:10:39] computing sampling shap 654:664 within 32.4712 sec, 3.3071 on average
[04/03/2022, 06:10:39] instances left: 116
[04/03/2022, 06:10:39] estimating time left: 0:06:23.623600

[[-1.09621623 -2.68303685  0.          0.          0.64795425  0.20350976]
 [-0.8388668  -3.07897032  0.          0.          0.36268747 -0.11906759]
 [-1.0127907  -2.83385739  0.          0.         -1.268872   -0.20368236]
 [-1.18439247 -2.70641036  0.          0.          0.03028467 -0.17598032]
 [-0.86896972 -2.94662776  0.          0.          0.64425765 -0.10197557]
 [-0.86706476 -2.94740585  0.          0.          1.13841708 -0.21531757]
 [20.25357235 -1.25224543  0.          0.          0.18046349 -0.18157891]
 [-0.79994517 -2.91238226 -0.11933163  0.         -0.4315104  -0.26148875]
 [-1.08094155 -2.86077731  0.          0.          0.13183813 -0.24038665]
 [-0.8224639  -2.99026346  0.          0.          0.24126032 -0.16395098]]
[04/03/2022, 06:11:15] computing sampling shap 664:674 within 35.551 sec, 3.3567 on average
[04/03/2022, 06:11:15] instances left: 106
[04/03/2022, 06:11:15] estimating time left: 0:05:55.810200

[[-1.01571551 -2.85162301  0.          0.          1.15513053 -0.17916326]
 [10.22238537  8.55325865  0.          0.          0.79457231 -0.14726334]
 [-0.49930413 -3.38708022  0.          0.         -0.18408761  0.73454927]
 [-1.11373918 -2.76906532  0.          0.         -1.10612218 -0.18519012]
 [-0.98058476 -2.70864676 -0.09995155  0.          0.61302131 -0.06827505]
 [-0.78384216 -3.08467357  0.          0.         -0.61703415 -0.29606662]
 [-0.87861866 -3.06276321  0.          0.         -0.36895526  0.3523612 ]
 [-0.92306553 -2.99818562  0.          0.         -1.07926286  0.13827738]
 [-0.80912664 -2.86540527  0.          0.         -0.71909163  0.40717287]
 [-0.84010046 -2.81081299 -0.11476489  0.         -0.85694567 -0.17414949]]
[04/03/2022, 06:11:50] computing sampling shap 674:684 within 35.2248 sec, 3.3843 on average
[04/03/2022, 06:11:50] instances left: 96
[04/03/2022, 06:11:50] estimating time left: 0:05:24.892800

[[-0.95538594 -2.80224016  0.          0.          0.59109905 -0.07790984]
 [-0.96299752 -2.91508023  0.          0.          0.33437006 -0.01112555]
 [-1.10785975 -2.64716844 -0.10321571  0.         -0.49353856 -0.21100914]
 [-0.73604371 -3.01645506 -0.11135712  0.         -0.14483848 -0.04112824]
 [-0.66709523 -3.11369008  0.          0.          0.66425057 -0.15066696]
 [-0.80574199 -3.02334398  0.          0.         -0.676483   -0.27604774]
 [10.42376515  8.55447011  0.          0.          0.78812172 -0.0840491 ]
 [-0.76261577 -3.04840695  0.          0.         -0.36855805  0.15326107]
 [-1.60202268 -2.32701203  0.          0.         -0.42619172 -0.17520267]
 [-0.93584611 -3.00185701  0.          0.         -0.33657296 -0.1012095 ]]
[04/03/2022, 06:12:26] computing sampling shap 684:694 within 35.7901 sec, 3.4122 on average
[04/03/2022, 06:12:26] instances left: 86
[04/03/2022, 06:12:26] estimating time left: 0:04:53.449200

[[-0.08177861 17.07750581  0.          0.          0.37191192 -0.07289053]
 [-1.03795896 -2.93425458  0.          0.          0.40768036 -0.05062731]
 [-0.02083036 17.06688903  0.          0.         -0.4344468   0.29502798]
 [20.27366198 -1.07423733  0.          0.          0.20121091 -0.21114937]
 [-0.75320332 -3.01372444  0.          0.          0.59722849 -0.059896  ]
 [-0.95768183 -2.90403833  0.          0.         -0.28786292  0.70584901]
 [-0.81173973 -3.05902087  0.          0.          1.15176273 -0.09998359]
 [10.07938344  8.97870548  0.          0.         -0.65288901 -0.13057929]
 [-1.03834465 -2.87042577  0.          0.          1.19835519 -0.18095564]
 [-0.9045695  -3.01326416  0.          0.          0.03076666  0.10572148]]
[04/03/2022, 06:13:00] computing sampling shap 694:704 within 33.9577 sec, 3.4101 on average
[04/03/2022, 06:13:00] instances left: 76
[04/03/2022, 06:13:00] estimating time left: 0:04:19.167600

[[-8.26749594e-02  1.72289935e+01 -1.07734423e-01  0.00000000e+00
  -3.21868199e-01 -2.45530679e-01]
 [-1.10061146e+00 -2.79903321e+00  0.00000000e+00  0.00000000e+00
  -7.40428377e-01  1.27576408e-01]
 [-1.02547469e+00 -2.80102186e+00  0.00000000e+00  0.00000000e+00
   6.74556370e-01 -1.15261665e-01]
 [-1.17509793e+00 -2.72200507e+00  0.00000000e+00  0.00000000e+00
  -1.22534428e+00 -2.12232904e-01]
 [-4.26500253e-01  1.75023693e+01  0.00000000e+00  0.00000000e+00
  -4.24540572e-01  9.24055041e-02]
 [-3.29563628e-01  1.73555132e+01  0.00000000e+00  0.00000000e+00
   4.04888177e-02 -3.03210022e-03]
 [-9.66694464e-02  1.71593199e+01  0.00000000e+00  0.00000000e+00
  -3.53432208e-01 -2.01898887e-01]
 [-8.41689298e-01 -2.90343007e+00 -1.08467014e-01  0.00000000e+00
  -4.81844885e-01 -2.39870837e-01]
 [-8.64417083e-01 -3.02273854e+00  0.00000000e+00  0.00000000e+00
  -1.01708647e+00 -2.44244914e-01]
 [-9.71508872e-01 -2.86469008e+00  0.00000000e+00  0.00000000e+00
  -9.97975308e-02  4.19259786e-01]]
[04/03/2022, 06:13:34] computing sampling shap 704:714 within 33.6138 sec, 3.4047 on average
[04/03/2022, 06:13:34] instances left: 66
[04/03/2022, 06:13:34] estimating time left: 0:03:44.710200

[[-1.06689172 -2.60106585 -0.11753967  0.         -0.97474594  0.34069707]
 [-0.90347447 -2.98221481  0.          0.         -0.34409655  0.09502901]
 [-0.27262336 17.42617045  0.          0.          0.17571331  0.57143303]
 [-0.90821975 -3.01295623  0.          0.          0.35095424 -0.01797084]
 [-1.1081931  -2.77788492  0.          0.         -0.77160132  0.06845624]
 [-0.92062223 -2.85905527  0.          0.          1.08572733 -0.19742071]
 [-1.09413675 -2.64972795 -0.11314975  0.         -0.75036468 -0.27315275]
 [-0.89548293 -2.95368362 -0.11587962  0.          1.23896078 -0.14217219]
 [-0.89364498 -2.91485295  0.          0.         -0.59608896 -0.1694743 ]
 [-0.80162785 -3.07747389  0.          0.          0.73070338 -0.19581735]]
[04/03/2022, 06:14:10] computing sampling shap 714:724 within 36.2746 sec, 3.427 on average
[04/03/2022, 06:14:10] instances left: 56
[04/03/2022, 06:14:10] estimating time left: 0:03:11.912000

[[-9.09117400e-01 -2.80207708e+00 -1.07607479e-01  0.00000000e+00
   6.67454282e-01 -1.56357571e-02]
 [-1.04371387e+00 -2.70869691e+00  0.00000000e+00  0.00000000e+00
   2.15800680e-01  2.79290515e-01]
 [-1.07103335e+00 -2.68102865e+00  0.00000000e+00  0.00000000e+00
  -7.38336944e-01  1.40194569e-01]
 [-2.27185667e-01  1.71099297e+01  0.00000000e+00  0.00000000e+00
   1.01022069e+00 -1.53838152e-01]
 [-7.54978964e-01 -3.02318150e+00  0.00000000e+00  0.00000000e+00
   6.31981905e-01 -1.27136988e-01]
 [ 2.03739342e+01 -1.29346668e+00  0.00000000e+00  0.00000000e+00
  -2.58611915e-01 -1.53794786e-01]
 [-2.01159699e-01  1.72875900e+01  0.00000000e+00  0.00000000e+00
  -6.08156210e-01  3.78881934e-01]
 [-6.96288069e-01 -3.14897512e+00  0.00000000e+00  0.00000000e+00
   2.62799039e-02 -2.31283847e-01]
 [-7.30579692e-01 -3.06199213e+00  0.00000000e+00  0.00000000e+00
   5.85140080e-01 -1.68528844e-01]
 [-1.29076721e+00 -2.54191410e+00  0.00000000e+00  0.00000000e+00
  -3.74582654e-01  7.61829232e-02]]
[04/03/2022, 06:14:43] computing sampling shap 724:734 within 33.578 sec, 3.4207 on average
[04/03/2022, 06:14:43] instances left: 46
[04/03/2022, 06:14:43] estimating time left: 0:02:37.352200

[[-0.93841467 -2.7827272  -0.11601523  0.          0.71429916 -0.15045737]
 [-0.93889874 -2.93055263  0.          0.          1.14196852 -0.14077485]
 [-0.89250028 -2.93443832  0.          0.          0.28254283 -0.22474782]
 [19.74441956 -1.16439923  0.          0.         -0.49627545  0.51107571]
 [-0.34575538 -3.36495878 -0.10468387  0.          0.04874255  0.27328182]
 [-1.23876821 -2.53798075  0.          0.         -0.19212918  0.13774128]
 [-0.99922468 -2.73159836 -0.12703948  0.         -0.23958945  0.67343173]
 [-0.64667818 -3.02334089  0.          0.          0.54026733  0.11485476]
 [-0.38212139 17.44623708  0.          0.          0.24579433  0.03880324]
 [-0.83266713 -3.06531238  0.          0.         -0.89579963  0.9175816 ]]
[04/03/2022, 06:15:16] computing sampling shap 734:744 within 32.4407 sec, 3.406 on average
[04/03/2022, 06:15:16] instances left: 36
[04/03/2022, 06:15:16] estimating time left: 0:02:02.616000

[[-3.95389726e-01  1.73930686e+01  0.00000000e+00  0.00000000e+00
   5.92700094e-01  2.06199420e-01]
 [-1.01811745e+00 -2.81030961e+00  0.00000000e+00  0.00000000e+00
  -9.13919435e-01 -2.04180977e-01]
 [-8.60760528e-01 -3.03319473e+00  0.00000000e+00  0.00000000e+00
  -3.70479766e-01 -2.54724779e-01]
 [-2.91242030e-01  1.73189981e+01  0.00000000e+00  0.00000000e+00
  -3.35336485e-01  5.11305737e-01]
 [-1.07648622e+00 -2.78663942e+00  0.00000000e+00  0.00000000e+00
   7.14916055e-01 -1.25106097e-01]
 [-1.08078700e+00 -2.71713105e+00  0.00000000e+00  0.00000000e+00
   1.09354823e+00 -1.63887762e-01]
 [-7.11022694e-01 -2.99117701e+00 -9.91729252e-02  0.00000000e+00
  -5.62020395e-01 -2.10668020e-01]
 [ 1.06608972e+01  8.19908507e+00  0.00000000e+00  0.00000000e+00
  -3.65128168e-01  3.49799233e-01]
 [-6.27328210e-01 -3.18801376e+00  0.00000000e+00  0.00000000e+00
  -1.44897883e-02 -2.06666777e-01]
 [-1.19849633e+00 -2.67155063e+00  0.00000000e+00  0.00000000e+00
  -7.59051932e-01  1.37304395e-01]]
[04/03/2022, 06:15:51] computing sampling shap 744:754 within 34.7632 sec, 3.4115 on average
[04/03/2022, 06:15:51] instances left: 26
[04/03/2022, 06:15:51] estimating time left: 0:01:28.699000

[[-0.90327083 -2.77550016 -0.12073455  0.          0.66539887 -0.21010941]
 [-0.93191566 -2.92328996  0.          0.         -0.31760225 -0.28593966]
 [-0.33954041 17.37386457  0.          0.          0.33329547 -0.25930979]
 [-1.05480514 -2.81376478  0.          0.         -0.5053042  -0.15139509]
 [-1.06364765 -2.85004211  0.          0.         -0.82761546 -0.13529649]
 [-1.1318861  -2.69452525  0.          0.          1.15309792 -0.21805769]
 [-1.02945781 -2.86048206  0.          0.          0.69513316  0.04103815]
 [-0.38800684 17.46034998  0.          0.         -0.74385005  1.08214108]
 [-0.8368548  -2.78057199  0.          0.          0.1300786   0.22092675]
 [-1.01140627 -2.74697339  0.          0.         -0.44394234 -0.25642625]]
[04/03/2022, 06:16:24] computing sampling shap 754:764 within 32.9849 sec, 3.4034 on average
[04/03/2022, 06:16:24] instances left: 16
[04/03/2022, 06:16:24] estimating time left: 0:00:54.454400

[[-0.87451037 -3.01595429 -0.11861236  0.         -0.30484146  0.66134272]
 [-1.16872632 -2.63289617  0.          0.          0.29885519  0.30707052]
 [-1.16325313 -2.74362599  0.          0.         -0.32585278 -0.01093511]
 [-0.9634842  -2.8468891   0.          0.          1.10779149 -0.18878936]
 [-0.71330078 -3.14250154  0.          0.          1.12628128 -0.16184976]
 [-0.96424909 -2.91644609  0.          0.          0.68294601 -0.12175115]
 [-0.79322265 -2.8624319  -0.11760539  0.         -1.20017632  0.41329585]
 [-0.95887749 -2.75403485  0.          0.         -0.09308927 -0.23049734]
 [-0.98460649 -2.81426148  0.          0.          1.06957201 -0.09958221]
 [-0.87484104 -2.96991952  0.          0.          0.72383575 -0.19857583]]
[04/03/2022, 06:16:58] computing sampling shap 764:774 within 34.64 sec, 3.4074 on average
[04/03/2022, 06:16:58] instances left: 6
[04/03/2022, 06:16:58] estimating time left: 0:00:20.444400

[[-8.50182201e-01 -3.04993079e+00  0.00000000e+00  0.00000000e+00
  -1.13665824e-01 -3.60440829e-02]
 [-1.20365184e+00 -2.78914058e+00  0.00000000e+00  0.00000000e+00
  -5.67691872e-02 -2.14528678e-01]
 [-1.09930987e+00 -2.68156192e+00 -1.18554987e-01  0.00000000e+00
  -1.03183252e+00  7.17193845e-01]
 [-1.10271692e+00 -2.83143822e+00  0.00000000e+00  0.00000000e+00
  -1.25548385e-01 -1.84244178e-01]
 [-1.18959123e+00 -2.58833030e+00  0.00000000e+00  0.00000000e+00
  -3.35077532e-01 -8.47942074e-02]
 [-1.09602293e+00 -2.67135322e+00  0.00000000e+00  0.00000000e+00
  -5.88288574e-02 -2.24062330e-01]
 [-1.14360452e+00 -2.75241703e+00  0.00000000e+00  0.00000000e+00
   6.92890550e-02  1.24553660e-03]
 [-4.63850992e-01  1.75749810e+01  0.00000000e+00  0.00000000e+00
  -2.49674255e-01  7.07771379e-01]
 [-8.82542532e-01 -3.04045720e+00  0.00000000e+00  0.00000000e+00
  -9.50344606e-01  4.47528708e-01]
 [-1.03592378e+00 -2.66672804e+00  0.00000000e+00  0.00000000e+00
   9.88165976e-01 -1.76885555e-01]]
[04/03/2022, 06:16:58] finish computing sampling shap for range: [5, 8] within 511.117737 sec
