Child #[2, 3]: psutil.Process(pid=4982, name='python', status='running', started='03:07:35'), affinity [2, 3]
Child #[2, 3]: Set my affinity to [2, 3], affinity now [2, 3]

[04/03/2022, 04:19:33] start computing sampling shap for range: [2, 8]
[04/03/2022, 04:20:15] computing sampling shap 369:379 within 42.7211 sec, 4.2721 on average
[04/03/2022, 04:20:15] instances left: 359
[04/03/2022, 04:20:15] estimating time left: 0:25:33.683900

[[-2.18181609 -5.44734903 -0.81976572  0.         -0.92094749 -0.06466823]
 [-1.9539081  -5.83636644 -0.62796089  0.         -0.51695169  0.06917356]
 [-0.17220143 12.87682717 -0.30256523  0.         -0.90198332  0.45570082]
 [-1.76737622 -5.46573912 -1.17392988  0.          0.57432114 -0.28469539]
 [-2.1338546  -5.88250621 -0.63761466  0.          0.03123057 -0.16391985]
 [-0.45311146 12.9299707  -0.13333631  0.         -0.53183841 -0.1994487 ]
 [-2.34679016 -5.29397621 -0.79709589  0.         -0.46938504  0.03755765]
 [-0.19851281 12.96832001 -0.44049128  0.         -0.34116079  0.66552813]
 [-2.19765748 -5.34949562 -0.91285269  0.          0.51721367 -0.14141747]
 [-1.35071466 -5.89629728 -1.26548933  0.         -1.3635108  -0.11489666]]
[04/03/2022, 04:21:03] computing sampling shap 379:389 within 47.1616 sec, 4.4942 on average
[04/03/2022, 04:21:03] instances left: 349
[04/03/2022, 04:21:03] estimating time left: 0:26:08.475800

[[ 7.81482745e+00  6.48359379e+00 -1.60335499e-01  0.00000000e+00
  -5.83674354e-01  5.04605506e-01]
 [-1.72742921e+00 -5.96326797e+00 -9.63882885e-01  0.00000000e+00
  -9.02763187e-01 -5.23773751e-02]
 [-5.66467779e-01  1.28137129e+01  0.00000000e+00  0.00000000e+00
  -4.23677072e-01 -2.47992241e-01]
 [-2.16195062e+00 -6.02557280e+00 -3.41424464e-01  0.00000000e+00
   1.02659114e+00 -1.05894300e-01]
 [-2.18644766e+00 -5.54554947e+00 -6.84437696e-01  0.00000000e+00
   9.47921442e-01 -1.64316368e-01]
 [-1.84209899e+00 -5.80862581e+00 -8.09965229e-01  0.00000000e+00
  -1.39297860e+00  1.79299963e-01]
 [-2.06607986e+00 -5.87277453e+00 -7.06530611e-01  0.00000000e+00
   9.37714063e-03  9.33805653e-02]
 [-6.27536266e-01 -2.84728323e+00  1.56660170e+01  0.00000000e+00
   5.06323410e-01  9.59489763e-02]
 [-6.31438998e-01  6.49350085e+00  6.37447714e+00  0.00000000e+00
   1.96188179e-02  3.33658134e-01]
 [-7.31916507e-01  1.30270503e+01  0.00000000e+00  0.00000000e+00
  -1.94033224e-01  7.73460755e-02]]
[04/03/2022, 04:21:47] computing sampling shap 389:399 within 44.8874 sec, 4.4924 on average
[04/03/2022, 04:21:47] instances left: 339
[04/03/2022, 04:21:47] estimating time left: 0:25:22.923600

[[-1.99782358 -5.46270684 -1.0123594   0.         -0.3483372  -0.24027804]
 [-1.70652835 -6.05621215 -0.56146829  0.          0.878033   -0.18665348]
 [ 7.42335891  6.81329643  0.          0.         -0.17235244  0.0548926 ]
 [-1.92695074 -5.58841919 -0.80251962  0.         -0.23871791 -0.23005816]
 [ 9.03908427 -1.29570172  6.56156516  0.         -0.48679547 -0.18876588]
 [ 8.24313124  6.34761625 -0.42554648  0.         -0.79157288 -0.14703855]
 [ 7.78664398  6.59682762 -0.15690848  0.          0.49284815 -0.09608539]
 [-0.31268291 12.86968437 -0.25736932  0.          0.27518504 -0.28445639]
 [ 8.05169006  6.13905659  0.          0.         -0.35924642 -0.18045316]
 [-2.00577718 -5.52845343 -0.9683378   0.         -1.13423212 -0.19940242]]
[04/03/2022, 04:22:32] computing sampling shap 399:409 within 44.6724 sec, 4.4862 on average
[04/03/2022, 04:22:32] instances left: 329
[04/03/2022, 04:22:32] estimating time left: 0:24:35.959800

[[-0.20133104 -2.66534465 15.00181839  0.         -0.54842684  0.2408672 ]
 [-1.51737732 -5.8321861  -1.21321222  0.         -0.44866273  0.60356327]
 [-1.94646202 -5.76792337 -0.7609915   0.         -0.55711449  0.04165976]
 [-1.60627254 -5.84025793 -1.04234314  0.         -0.54148607  0.1510501 ]
 [-0.216281   12.66588212 -0.13307494  0.         -0.36477255  0.42248449]
 [ 8.1871206   6.16906032  0.          0.         -0.40793728 -0.21409177]
 [-1.84502563 -5.82466058 -0.9301717   0.         -0.22746847 -0.23417806]
 [-1.91412637 -6.06886906 -0.58034759  0.         -0.47409399 -0.20479797]
 [-1.91048215 -5.86951788 -0.62849014  0.          0.46094994 -0.13666909]
 [-0.25479403 13.08117896 -0.41245271  0.          0.44789899 -0.09093243]]
[04/03/2022, 04:23:15] computing sampling shap 409:419 within 43.0549 sec, 4.45 on average
[04/03/2022, 04:23:15] instances left: 319
[04/03/2022, 04:23:15] estimating time left: 0:23:39.550000

[[-2.28368474e+00 -5.44857189e+00 -7.24468251e-01  0.00000000e+00
  -4.59834205e-01  6.59784766e-01]
 [-4.41690729e-01  1.28719127e+01  0.00000000e+00  0.00000000e+00
  -3.97044484e-01 -7.65279505e-02]
 [-2.02203362e+00 -5.76015969e+00 -7.71245751e-01  0.00000000e+00
   6.32298054e-01 -7.69937085e-02]
 [-2.03431226e+00 -5.72435199e+00 -6.08628307e-01  0.00000000e+00
   4.81763551e-01 -1.98680199e-01]
 [-1.88165592e+00 -5.63688220e+00 -9.18689442e-01  0.00000000e+00
  -1.38517459e+00  5.62703680e-04]
 [-1.89108202e+00 -5.46214810e+00 -1.09129778e+00  0.00000000e+00
  -5.23146955e-01 -1.56920864e-01]
 [-2.08697638e+00 -5.49522931e+00 -8.33027653e-01  0.00000000e+00
  -3.22690718e-01  7.09176242e-01]
 [-2.35285974e+00 -5.18877902e+00 -1.04584802e+00  0.00000000e+00
  -3.58756807e-01  1.30535896e-01]
 [-2.07332196e+00 -5.52256810e+00 -9.00080223e-01  0.00000000e+00
  -8.31865072e-02  4.93219595e-02]
 [-3.45216203e-01  1.25810624e+01  0.00000000e+00  0.00000000e+00
   2.93545196e-01 -2.39030179e-01]]
[04/03/2022, 04:24:00] computing sampling shap 419:429 within 45.0998 sec, 4.4601 on average
[04/03/2022, 04:24:00] instances left: 309
[04/03/2022, 04:24:00] estimating time left: 0:22:58.170900

[[-0.78644314 -2.68040198 15.6665539   0.         -1.11145273  0.79763735]
 [-0.16898568 -3.12338322 15.3837579   0.         -0.98815058  0.59534614]
 [-1.5961946  -5.7554751  -1.14286932  0.         -0.57625751  0.19855404]
 [-2.029906   -6.22539736 -0.27785171  0.          0.20082293 -0.01796707]
 [ 7.79451141  6.52470878  0.          0.         -0.77307583 -0.05588225]
 [-2.33464392 -5.65166751 -0.53215495  0.          0.19922998 -0.09497459]
 [ 8.28534387  6.10042135 -0.15590014  0.         -1.36316021 -0.12305996]
 [-2.00582433 -5.19734437 -1.21969522  0.          0.97996561 -0.18993177]
 [-2.22353514 -5.51049289 -0.78296831  0.          0.62534418 -0.22576743]
 [-0.47067949 12.73230178  0.          0.         -0.51144119 -0.21997414]]
[04/03/2022, 04:24:46] computing sampling shap 429:439 within 45.8098 sec, 4.4774 on average
[04/03/2022, 04:24:46] instances left: 299
[04/03/2022, 04:24:46] estimating time left: 0:22:18.742600

[[ 8.03478042  6.13044223  0.          0.         -0.36207719  0.32250537]
 [-2.07884769 -5.21650613 -1.07156486  0.          0.87260808 -0.13851943]
 [-2.61482567 -5.45662165 -0.37324538  0.          0.99839909 -0.18653607]
 [-2.23387999 -5.56750131 -0.63661139  0.         -1.21469629  0.87650821]
 [16.96114155 -1.97080751 -0.73581608  0.         -0.48914128  0.11273728]
 [-1.81349315 -5.62055621 -0.99892275  0.         -0.65015481  0.08921434]
 [-0.3212403  12.88986851 -0.2673067   0.          0.50468729 -0.02551733]
 [-1.94620731 -5.55128742 -0.94475366  0.          0.52337791  0.09656958]
 [ 7.24774737  6.99760922  0.          0.         -0.05886473  0.25927843]
 [-1.99805626 -5.28679662 -1.14941203  0.         -1.42255626  0.08424795]]
[04/03/2022, 04:25:31] computing sampling shap 439:449 within 44.4713 sec, 4.4736 on average
[04/03/2022, 04:25:31] instances left: 289
[04/03/2022, 04:25:31] estimating time left: 0:21:32.870400

[[-1.87022912 -6.05888858 -0.72942305  0.         -0.34711264  0.56587781]
 [-2.17316405 -5.4926303  -0.79381767  0.         -0.86171568 -0.19668691]
 [-2.43015222 -5.70616004 -0.46594013  0.         -0.41477361  0.15143854]
 [-1.95899877 -5.90595615 -0.60994627  0.          0.98415531 -0.11750586]
 [-0.71755546 -2.59749845 15.3728534   0.          1.01423899 -0.11953908]
 [-0.85200923 13.13519595  0.          0.          0.80399288 -0.12924867]
 [16.59686619 -1.96099908 -0.27965301  0.         -0.53609578 -0.20077203]
 [-1.61765774 -5.8438803  -0.98155075  0.         -0.81459748 -0.21545532]
 [-2.5193142  -5.76254785 -0.33663508  0.         -0.42788953 -0.21466876]
 [-1.57422666 -5.77873128 -1.11789751  0.         -0.30122447  0.23632364]]
[04/03/2022, 04:26:19] computing sampling shap 449:459 within 48.053 sec, 4.5105 on average
[04/03/2022, 04:26:19] instances left: 279
[04/03/2022, 04:26:19] estimating time left: 0:20:58.429500

[[-1.07443611e+00 -2.72207922e+00  1.58812050e+01  0.00000000e+00
  -1.31427055e+00  2.60937827e-01]
 [-1.96165720e+00 -5.67249975e+00 -9.49079332e-01  0.00000000e+00
   1.51447784e-02 -5.40781524e-02]
 [-1.96293613e+00 -5.95134795e+00 -7.33012755e-01  0.00000000e+00
  -6.09679031e-04 -1.23524443e-01]
 [-2.19492391e+00 -5.34652888e+00 -9.26473441e-01  0.00000000e+00
   5.32385184e-01 -7.16544885e-02]
 [-2.21537796e+00 -5.48368129e+00 -7.69514177e-01  0.00000000e+00
   1.00966244e+00 -1.49340776e-01]
 [-7.55293404e-01  1.32832035e+01 -2.01971438e-01  0.00000000e+00
   5.31871691e-01 -2.25086871e-01]
 [-1.58095638e+00 -5.80842166e+00 -1.01324972e+00  0.00000000e+00
   9.43441490e-01 -1.09685273e-01]
 [-1.95301344e+00 -5.38733342e+00 -1.12849169e+00  0.00000000e+00
   9.95847325e-01 -1.59838401e-01]
 [-6.04102775e-01  1.29116332e+01  0.00000000e+00  0.00000000e+00
  -2.58148536e-01  3.45078388e-02]
 [-1.69566892e+00 -5.56683177e+00 -1.25931165e+00  0.00000000e+00
   1.07177913e+00 -1.82796569e-01]]
[04/03/2022, 04:27:04] computing sampling shap 459:469 within 45.3723 sec, 4.5132 on average
[04/03/2022, 04:27:04] instances left: 269
[04/03/2022, 04:27:04] estimating time left: 0:20:14.050800

[[-2.15206727 -5.31930699 -1.00771936  0.          0.57901242 -0.11322772]
 [-2.13546002 -5.86931186 -0.31229777  0.          0.04276703 -0.20110881]
 [-2.53815864 -5.23727541 -0.6300664   0.          0.4965831   0.17330722]
 [-1.89360738 -5.87787748 -0.84721428  0.         -0.4828913   0.25501376]
 [ 7.37182005  6.84563308  0.          0.         -0.42884715  0.50118781]
 [-1.91080637 -5.51633273 -0.98194534  0.         -0.52950047  0.43439025]
 [ 7.78617008  6.48804913 -0.15895372  0.          0.04078896  0.32934968]
 [-0.20068611 13.24311491 -0.73514294  0.          0.5627686  -0.19143484]
 [-2.51200507 -5.20025676 -0.75310141  0.         -0.100525   -0.08966994]
 [-0.4152153  13.35295839 -0.56168687  0.         -0.19738713 -0.19071152]]
[04/03/2022, 04:27:53] computing sampling shap 469:479 within 48.7754 sec, 4.5463 on average
[04/03/2022, 04:27:53] instances left: 259
[04/03/2022, 04:27:53] estimating time left: 0:19:37.491700

[[-0.73787134 13.34137171 -0.39534904  0.          0.94462792 -0.19484857]
 [-2.44293992 -5.23902555 -0.82280374  0.         -0.80687219 -0.20637367]
 [-0.45198776 13.00747859 -0.20812756  0.         -0.63968713 -0.15763702]
 [-2.09787065 -5.77478202 -0.57367024  0.          0.15558158 -0.15960643]
 [-2.35570695 -5.34437248 -0.80766494  0.          0.60023509 -0.15198454]
 [-0.87108553 -2.52633535 15.45185783  0.          0.97648525 -0.16388584]
 [-0.33698227 12.70824379  0.          0.         -0.08177849  0.48164534]
 [-0.69200176 -2.51894155 15.30757306  0.         -1.08450315  0.19100321]
 [-2.01531624 -5.53042084 -0.88686255  0.          0.88090067  0.06713483]
 [-2.04832755 -5.70879069 -0.51398329  0.          0.3825809  -0.22889887]]
[04/03/2022, 04:28:40] computing sampling shap 479:489 within 47.5663 sec, 4.5638 on average
[04/03/2022, 04:28:40] instances left: 249
[04/03/2022, 04:28:40] estimating time left: 0:18:56.386200

[[-2.34434691 -5.59262951 -0.6177107   0.         -0.03039673  0.50347207]
 [-2.17423872 -5.65415322 -0.73138032  0.          1.10046207 -0.17351963]
 [-2.36359298 -5.57925037 -0.54095565  0.          0.54155317 -0.17517388]
 [ 8.17948596  6.10114841  0.          0.          0.18643581 -0.05624515]
 [-1.88460334 -5.7146495  -0.89143484  0.          0.58334374 -0.21007533]
 [-2.07627621 -5.58341342 -0.91817782  0.         -0.41102853  0.12288257]
 [-1.97913892 -5.57855326 -0.94486413  0.         -0.83940437 -0.1760542 ]
 [-1.98002609 -5.3828681  -1.15025224  0.          1.02226768 -0.14195111]
 [-2.30519961 -5.50062219 -0.72872149  0.         -0.05371616 -0.24316696]
 [-2.33152716 -5.5515046  -0.51830242  0.          0.95163548 -0.18313118]]
[04/03/2022, 04:29:26] computing sampling shap 489:499 within 45.3122 sec, 4.5613 on average
[04/03/2022, 04:29:26] instances left: 239
[04/03/2022, 04:29:26] estimating time left: 0:18:10.150700

[[-1.89305372e-01  1.30181820e+01 -5.31625162e-01  0.00000000e+00
   2.05128423e-01 -2.31056128e-02]
 [-1.99627344e+00 -6.49663261e+00  0.00000000e+00  0.00000000e+00
  -9.73445960e-02 -1.96414120e-01]
 [-5.75178326e-01  1.33447231e+01 -4.02579927e-01  0.00000000e+00
  -1.11197976e+00 -2.19352529e-01]
 [ 7.30888898e+00  7.03401422e+00 -1.56141110e-01  0.00000000e+00
  -1.65439701e-01  4.87968334e-01]
 [ 1.66893085e+01 -2.12090220e+00 -4.06706874e-01  0.00000000e+00
  -3.02401344e-01 -1.58303951e-01]
 [-1.40649263e+00 -6.10909113e+00 -8.74184125e-01  0.00000000e+00
  -1.00803262e+00 -2.19128647e-01]
 [-1.89710710e+00 -5.83168067e+00 -7.82586391e-01  0.00000000e+00
  -7.88135140e-02 -2.41238391e-01]
 [ 7.96186611e+00  6.63485943e+00 -1.58904865e-01  0.00000000e+00
  -1.58830729e-01 -9.12445967e-03]
 [-1.97797931e+00 -5.14775592e+00 -1.35536900e+00  0.00000000e+00
   1.59687992e-01  2.65891409e-02]
 [-2.67789343e-01  1.25673705e+01  0.00000000e+00  0.00000000e+00
   2.51996109e-01 -8.68041384e-02]]
[04/03/2022, 04:30:08] computing sampling shap 499:509 within 42.55 sec, 4.5395 on average
[04/03/2022, 04:30:08] instances left: 229
[04/03/2022, 04:30:08] estimating time left: 0:17:19.545500

[[-6.82418198e-01  1.33645630e+01 -3.64583372e-01  0.00000000e+00
   2.20201053e-01 -1.59786171e-01]
 [-2.45485529e-01  1.27016113e+01 -2.06328821e-01  0.00000000e+00
  -6.51564530e-02 -1.96682880e-01]
 [ 7.63100746e+00  6.51464954e+00  0.00000000e+00  0.00000000e+00
  -2.81770681e-01  9.12009494e-01]
 [-3.57670824e-01  1.31989104e+01 -5.95385982e-01  0.00000000e+00
   6.02620093e-01 -2.15750830e-01]
 [-2.09007300e+00 -5.25334131e+00 -1.16954433e+00  0.00000000e+00
   1.76174899e-01  8.59729867e-03]
 [-2.03940758e+00 -5.47603784e+00 -9.84096145e-01  0.00000000e+00
  -5.32213856e-01 -1.54472858e-01]
 [-2.34341742e+00 -5.48208630e+00 -6.96513934e-01  0.00000000e+00
  -1.06173207e-01 -7.06212747e-03]
 [-1.73663333e+00 -6.18469421e+00 -5.11111885e-01  0.00000000e+00
  -1.22235023e+00 -1.78242413e-02]
 [-2.16464652e+00 -5.85836862e+00 -4.68694831e-01  0.00000000e+00
  -5.60511920e-01  1.52577014e-01]
 [-1.99245930e+00 -5.36263221e+00 -1.19389972e+00  0.00000000e+00
  -5.06233379e-01 -1.55567522e-01]]
[04/03/2022, 04:30:55] computing sampling shap 509:519 within 47.0698 sec, 4.5506 on average
[04/03/2022, 04:30:55] instances left: 219
[04/03/2022, 04:30:55] estimating time left: 0:16:36.581400

[[ 7.88302494  6.1027956   0.          0.         -0.66639292  0.53615784]
 [-1.88985748 -5.62131393 -0.92893364  0.         -0.1488202   0.34424512]
 [-2.38419877 -5.12529443 -0.88546533  0.         -0.29147085  0.45586519]
 [-0.2860189  12.81865497 -0.20424924  0.         -1.17540037  0.13530385]
 [-1.94507718 -5.90008395 -0.71212216  0.         -0.19070985  0.0687662 ]
 [-1.23173417 -6.00880883 -1.2104712   0.          0.50847362 -0.17487893]
 [-0.61060559 13.4530286  -0.48048752  0.          0.49696188 -0.2261744 ]
 [-1.88709237 -5.43981866 -1.17803885  0.          1.09456296 -0.22244247]
 [-1.92087189 -5.5581927  -0.97791015  0.         -0.59916628 -0.2430483 ]
 [-0.94228061 -2.72734491 15.85360958  0.          0.85114901 -0.08263387]]
[04/03/2022, 04:31:44] computing sampling shap 519:529 within 48.3613 sec, 4.5685 on average
[04/03/2022, 04:31:44] instances left: 209
[04/03/2022, 04:31:44] estimating time left: 0:15:54.816500

[[-2.15513376e+00 -5.29140539e+00 -1.03760836e+00  0.00000000e+00
   9.98121315e-01 -1.46803429e-01]
 [ 7.54308286e+00  7.00401893e+00 -5.18695423e-01  0.00000000e+00
   8.14990277e-01 -1.32194685e-01]
 [-5.93343072e-01  1.28771488e+01  0.00000000e+00  0.00000000e+00
   2.13183719e-01  1.08184043e-02]
 [-2.39180138e+00 -5.33087017e+00 -7.78591400e-01  0.00000000e+00
  -7.48199899e-01  1.62617975e-01]
 [-6.93339793e-01 -2.80117056e+00  1.55802575e+01  0.00000000e+00
  -2.93236869e-01 -1.70692154e-01]
 [-2.06132599e+00 -5.68527925e+00 -7.26291334e-01  0.00000000e+00
   5.93271412e-01 -2.04584402e-01]
 [-1.96688108e+00 -5.95817659e+00 -5.45499739e-01  0.00000000e+00
  -6.15035616e-01 -1.35477246e-01]
 [-2.28458579e+00 -5.26751293e+00 -1.04503805e+00  0.00000000e+00
  -3.57398788e-01  6.71724311e-01]
 [-2.92940160e-01 -2.91630396e+00  1.53310066e+01  0.00000000e+00
  -4.79431826e-01  5.36059998e-01]
 [-2.12038897e+00 -5.80046612e+00 -5.75253777e-01  0.00000000e+00
  -3.09008746e-01  1.25890469e-01]]
[04/03/2022, 04:32:28] computing sampling shap 529:539 within 44.1111 sec, 4.5592 on average
[04/03/2022, 04:32:28] instances left: 199
[04/03/2022, 04:32:28] estimating time left: 0:15:07.280800

[[-0.29307771 13.16747138 -0.56629657  0.         -0.18921267  1.17613276]
 [-2.04824948 -6.48867539  0.          0.          0.21890859 -0.19258521]
 [-1.99326321 -5.68826788 -0.72103807  0.         -0.93231675  1.03951585]
 [-2.30911259 -5.26568691 -0.83788553  0.          0.09830114 -0.01380201]
 [ 7.3238826   6.79548585  0.          0.          0.77621035 -0.14001422]
 [-2.03246788 -6.16850968 -0.32277071  0.          1.05243152 -0.13693458]
 [-2.36722262 -5.54842753 -0.63563788  0.         -0.45355909 -0.10557142]
 [-0.24617347 13.07831539 -0.42132889  0.         -0.54238579 -0.07734704]
 [-1.69721188 -6.3157944  -0.49464104  0.          1.08133357 -0.2065155 ]
 [-1.76584543 -6.129337   -0.66806753  0.         -0.47358137  0.42121743]]
[04/03/2022, 04:33:12] computing sampling shap 539:549 within 43.9982 sec, 4.5504 on average
[04/03/2022, 04:33:12] instances left: 189
[04/03/2022, 04:33:12] estimating time left: 0:14:20.025600

[[-2.04916634e+00 -5.91183456e+00 -4.77019197e-01  0.00000000e+00
   5.11943127e-01 -1.91342017e-01]
 [-1.97738768e+00 -5.40602144e+00 -1.11321588e+00  0.00000000e+00
  -5.91621572e-01  2.37466622e-01]
 [-3.80604969e-01  1.29880068e+01 -3.61077970e-01  0.00000000e+00
   2.26404342e-01  6.54626776e-03]
 [ 1.65290116e+01 -2.24343625e+00 -2.31512973e-01  0.00000000e+00
  -7.71076194e-01 -1.64511849e-01]
 [-1.65798167e+00 -6.30214884e+00 -5.45500339e-01  0.00000000e+00
  -7.20915134e-02 -5.75300262e-02]
 [-2.48843446e+00 -6.06921622e+00  0.00000000e+00  0.00000000e+00
  -4.37164302e-01 -2.00330346e-01]
 [-3.97051678e-01 -2.94044053e+00  1.54076050e+01  0.00000000e+00
  -5.40173463e-01  2.32122751e-02]
 [-2.32503104e+00 -5.70173923e+00 -4.41609179e-01  0.00000000e+00
   5.37802814e-01 -1.86843083e-01]
 [-2.00136602e+00 -5.68750612e+00 -6.71193546e-01  0.00000000e+00
   8.86650577e-01 -1.59415007e-01]
 [-2.01403772e+00 -5.28837213e+00 -1.10892304e+00  0.00000000e+00
  -8.89315052e-01 -1.72493666e-01]]
[04/03/2022, 04:33:58] computing sampling shap 549:559 within 46.4882 sec, 4.5556 on average
[04/03/2022, 04:33:58] instances left: 179
[04/03/2022, 04:33:58] estimating time left: 0:13:35.452400

[[-1.83766986 -5.66330844 -0.97496935  0.          0.22256027 -0.22202452]
 [-0.68114973 13.37337002 -0.43016274  0.         -0.44992261  0.11548614]
 [-1.99708973 -5.76643636 -0.78782473  0.          0.23087124 -0.09373143]
 [-0.23785075 12.53887468  0.          0.         -0.30400978 -0.13789531]
 [-1.74064114 -5.94565226 -0.87478763  0.         -0.45411006 -0.22704448]
 [-1.69457857 -5.61642907 -1.05910207  0.          0.93214449 -0.19486511]
 [-2.49822877 -6.0705287   0.          0.         -1.24498575 -0.24815891]
 [-1.94994823 -5.60010847 -0.97376061  0.          1.05925682 -0.1682695 ]
 [-1.98862167 -5.90136345 -0.6725425   0.         -0.50600813  0.25808489]
 [-2.1328236  -6.24415712  0.          0.          0.88886452 -0.12013482]]
[04/03/2022, 04:34:43] computing sampling shap 559:569 within 44.8463 sec, 4.552 on average
[04/03/2022, 04:34:43] instances left: 169
[04/03/2022, 04:34:43] estimating time left: 0:12:49.288000

[[-1.96782900e+00 -6.01429841e+00 -6.60624289e-01  0.00000000e+00
  -3.21355250e-01  1.48399401e-01]
 [-1.99379061e+00 -5.69242836e+00 -6.59393057e-01  0.00000000e+00
   8.98832838e-01 -1.22093085e-01]
 [-8.20186746e-01 -2.42549834e+00  1.52630005e+01  0.00000000e+00
  -8.44467734e-01 -1.14989948e-01]
 [-2.22557968e+00 -6.24171241e+00  0.00000000e+00  0.00000000e+00
   1.49573468e-01 -1.04663356e-02]
 [-2.19490268e+00 -5.81281598e+00 -5.86129455e-01  0.00000000e+00
  -1.24936800e+00 -2.18685915e-01]
 [-2.08334957e+00 -6.16428817e+00 -2.20881513e-01  0.00000000e+00
   1.28072044e-01  1.22624893e-02]
 [-4.16233395e-01  1.29112098e+01 -2.11145021e-01  0.00000000e+00
   2.57542864e-01  3.03581316e-01]
 [-2.09570705e+00 -5.67170895e+00 -7.43408988e-01  0.00000000e+00
   9.97481119e-01 -1.19486145e-01]
 [ 8.09402092e+00  5.94539058e+00  0.00000000e+00  0.00000000e+00
   8.73878606e-01 -1.57725644e-01]
 [-2.12484333e+00 -5.44324647e+00 -8.92242066e-01  0.00000000e+00
   9.84963984e-01 -6.42138022e-02]]
[04/03/2022, 04:35:30] computing sampling shap 569:579 within 47.1758 sec, 4.5599 on average
[04/03/2022, 04:35:30] instances left: 159
[04/03/2022, 04:35:30] estimating time left: 0:12:05.024100

[[ 7.74402557e+00  6.38203897e+00  0.00000000e+00  0.00000000e+00
   5.30976825e-01 -2.24052545e-02]
 [-1.95978557e+00 -5.52348816e+00 -9.43996436e-01  0.00000000e+00
  -5.58714781e-01  3.86519979e-01]
 [-1.60992250e-01  1.27781676e+01 -3.13674697e-01  0.00000000e+00
  -5.07865825e-01 -1.62301505e-01]
 [ 8.28960126e+00  6.15378272e+00 -2.55107631e-01  0.00000000e+00
   5.07415895e-01 -7.23665265e-02]
 [ 5.90554507e+00  4.15143055e+00  4.03664246e+00  0.00000000e+00
   5.54308674e-01 -1.32903206e-02]
 [-7.89125578e-01  1.33711069e+01 -3.87141406e-01  0.00000000e+00
   6.54501603e-01 -1.34043137e-01]
 [ 8.15824487e+00  6.54935037e+00 -5.00238381e-01  0.00000000e+00
   1.11221834e-01 -1.28052175e-01]
 [ 7.76949807e+00  6.63464653e+00 -1.56024927e-01  0.00000000e+00
  -5.21832995e-01 -1.00124648e-01]
 [-2.42550535e-01  1.30610746e+01 -6.08622280e-01  0.00000000e+00
   2.77548385e-01 -1.52843225e-01]
 [-2.05715630e+00 -5.95171252e+00 -7.11648495e-01  0.00000000e+00
   8.73421711e-02 -2.36935486e-02]]
[04/03/2022, 04:36:16] computing sampling shap 579:589 within 45.9414 sec, 4.5615 on average
[04/03/2022, 04:36:16] instances left: 149
[04/03/2022, 04:36:16] estimating time left: 0:11:19.663500

[[-1.93536247e+00 -5.80842354e+00 -7.03954264e-01  0.00000000e+00
   1.43232895e-01 -1.70904122e-01]
 [-2.43507509e+00 -5.98025631e+00 -1.37768726e-01  0.00000000e+00
  -5.28792915e-01 -1.70945768e-01]
 [-1.99606967e+00 -5.35106487e+00 -1.09841195e+00  0.00000000e+00
   9.76969545e-01 -9.03985827e-02]
 [ 7.77803221e+00  6.53281178e+00 -2.76357898e-01  0.00000000e+00
   8.47364344e-01 -1.70648832e-01]
 [-6.61036053e-01  1.32317890e+01 -2.54931949e-01  0.00000000e+00
   5.39757488e-01 -1.40280023e-01]
 [-2.04632989e+00 -5.50612757e+00 -8.19170525e-01  0.00000000e+00
   4.62593286e-01 -7.53957006e-02]
 [-3.16672104e-01  1.28315188e+01 -2.91105500e-01  0.00000000e+00
   4.14793645e-03  1.09637947e-01]
 [-2.31542702e+00 -5.57912916e+00 -6.20220010e-01  0.00000000e+00
  -9.38697524e-01  6.12956959e-01]
 [-4.76954165e-01  1.29776906e+01 -2.08250417e-01  0.00000000e+00
  -5.50206969e-01  1.85342761e-01]
 [-1.81224118e+00 -5.96887150e+00 -7.19830239e-01  0.00000000e+00
   5.81439043e-01 -1.97915538e-01]]
[04/03/2022, 04:37:00] computing sampling shap 589:599 within 43.6908 sec, 4.5531 on average
[04/03/2022, 04:37:00] instances left: 139
[04/03/2022, 04:37:00] estimating time left: 0:10:32.880900

[[-0.49774864 13.42981086 -0.65322097  0.         -0.85598807 -0.18676781]
 [ 7.94124253  6.70948491 -0.43212225  0.         -1.23260711  0.17415742]
 [-2.17834797 -5.51064686 -0.80201356  0.          1.02497318 -0.16679431]
 [-0.53454452 13.18498174 -0.29609135  0.         -0.67661393  0.53134038]
 [-2.13570168 -5.45261398 -0.86609133  0.         -0.34532005  0.54260742]
 [-0.33169158 13.15903661 -0.55962398  0.          0.26450232 -0.24186204]
 [-0.20188766 12.62848853 -0.12749629  0.         -0.05284471 -0.03971484]
 [ 8.61117204  6.01411103 -0.25076385  0.         -0.06769742 -0.1385086 ]
 [-2.20105847 -5.41109864 -0.99208401  0.         -0.03607687 -0.01655098]
 [-2.42679126 -5.43609437 -0.61662685  0.         -0.50929898 -0.03436923]]
[04/03/2022, 04:37:45] computing sampling shap 599:609 within 45.198 sec, 4.5518 on average
[04/03/2022, 04:37:45] instances left: 129
[04/03/2022, 04:37:45] estimating time left: 0:09:47.182200

[[-0.32546363 12.77735059  0.          0.          0.44749617 -0.12848456]
 [-1.34003257 -6.31403437 -0.86935952  0.         -0.05599936  0.21566202]
 [-1.72165756 -5.61225285 -1.02135958  0.          0.89258432 -0.170144  ]
 [-2.03954976 -5.80661573 -0.76462455  0.         -0.03701937 -0.09526689]
 [-0.69281779 13.19332384 -0.13895138  0.         -0.31944407 -0.02515212]
 [ 8.0508796   6.42452075 -0.30507531  0.          0.54567176 -0.10930844]
 [ 8.31029636  6.35093826 -0.33358946  0.         -1.15344047 -0.15809393]
 [-1.74405756 -5.87372368 -0.95740898  0.         -0.44003131 -0.17992412]
 [-0.53473343 12.97681695 -0.28802419  0.          0.34270155  0.55561407]
 [-2.2215112  -5.483414   -0.81829802  0.          0.91760251  0.18204445]]
[04/03/2022, 04:38:29] computing sampling shap 609:619 within 44.0505 sec, 4.5459 on average
[04/03/2022, 04:38:29] instances left: 119
[04/03/2022, 04:38:29] estimating time left: 0:09:00.962100

[[-0.3537828  12.65656774  0.          0.          0.54695643 -0.13444222]
 [-2.04078694 -5.29189327 -1.20091839  0.          0.98763464  0.06297636]
 [-2.12718016 -5.53430289 -0.87073523  0.          0.21825005 -0.05848407]
 [-2.27192782 -5.3930518  -0.83913399  0.         -0.36511762  0.67492487]
 [-0.26254672 12.75343471 -0.26465289  0.         -0.69787866 -0.21738877]
 [-1.9119769  -6.11183714 -0.5183471   0.          0.63338761 -0.20864586]
 [-2.2741603  -5.62212585 -0.56470319  0.          0.98535466 -0.15719524]
 [-2.01112547 -5.4768982  -0.93293274  0.          0.50008155 -0.06355548]
 [-1.86437021 -6.15390292 -0.49830767  0.         -0.54002     0.15423787]
 [-1.97180957 -5.72885953 -0.85259598  0.         -0.52224154 -0.22368268]]
[04/03/2022, 04:39:13] computing sampling shap 619:629 within 43.4511 sec, 4.5382 on average
[04/03/2022, 04:39:13] instances left: 109
[04/03/2022, 04:39:13] estimating time left: 0:08:14.663800

[[-0.42792963 12.92386061 -0.13544774  0.         -0.14901846 -0.14600075]
 [-1.85472635 -5.3481156  -1.13212516  0.          0.06651266 -0.14575685]
 [-1.72939568 -5.68955325 -1.04227668  0.         -0.19033774  0.12172855]
 [-0.43932131 13.15818403 -0.49166848  0.          0.59382731 -0.18829846]
 [-0.4648951   6.63442218  6.17191141  0.          0.22631867 -0.10298522]
 [-2.14874658 -5.24560607 -1.01747579  0.         -1.28652476  0.02812546]
 [-0.26196778 12.80392442 -0.27708582  0.         -1.03699809 -0.19223994]
 [ 7.86343405  6.53053093 -0.16127223  0.         -0.50326178  0.11223747]
 [-1.74586222 -5.7676074  -0.94057694  0.         -1.24703508  0.38854134]
 [-2.09473323 -5.30352838 -0.93485278  0.         -0.77285888 -0.12271054]]
[04/03/2022, 04:39:59] computing sampling shap 629:639 within 46.2346 sec, 4.5413 on average
[04/03/2022, 04:39:59] instances left: 99
[04/03/2022, 04:39:59] estimating time left: 0:07:29.588700

[[-2.06760214 -5.82082891 -0.48076925  0.         -1.2658099  -0.25493605]
 [-0.37525843 13.17394875 -0.43917792  0.          0.47435687 -0.20114652]
 [-1.90497883 -6.05545344 -0.51092345  0.         -0.15088431  0.18051055]
 [-1.68843132 -5.68888471 -1.14435181  0.         -0.81371968 -0.09915868]
 [-1.90331417 -6.08337417 -0.52887505  0.          0.2447094   0.23010614]
 [-2.51226237 -5.21587339 -0.74419507  0.         -0.85490812  0.16771827]
 [ 7.98417699  6.1252916   0.          0.          0.75886504 -0.11276914]
 [-1.88712913 -5.52207629 -1.11529949  0.         -0.32784381  0.73431929]
 [ 7.59218243  6.60200076  0.          0.         -1.32323252 -0.14808436]
 [-0.48668922 13.03552574 -0.25665314  0.         -0.5132852  -0.11680641]]
[04/03/2022, 04:40:44] computing sampling shap 639:649 within 45.3043 sec, 4.541 on average
[04/03/2022, 04:40:44] instances left: 89
[04/03/2022, 04:40:44] estimating time left: 0:06:44.149000

[[-1.85390138 -5.62848154 -0.95455367  0.         -0.29731554 -0.05050356]
 [-0.37316607 12.93096769 -0.13626265  0.         -1.24420882  0.28366253]
 [ 7.89075664  6.71510404 -0.25409171  0.         -0.57064968 -0.21158467]
 [ 7.88489178  6.29899536  0.          0.         -1.25657889 -0.08632398]
 [-2.27650072 -5.76069033 -0.50808289  0.         -0.40692058  0.155232  ]
 [-0.23928998  6.10068048  6.44699539  0.         -1.06678302  0.84903595]
 [-0.26067983 12.70699864 -0.1316527   0.          0.82007854 -0.17681345]
 [-2.21324042 -5.72413132 -0.59914232  0.         -0.56175579  0.10435747]
 [-2.08258068 -5.92948219 -0.55293587  0.         -0.57400582 -0.08206545]
 [-1.82342244 -5.67876682 -0.82016099  0.          0.85322442 -0.09974628]]
[04/03/2022, 04:41:31] computing sampling shap 649:659 within 46.5877 sec, 4.545 on average
[04/03/2022, 04:41:31] instances left: 79
[04/03/2022, 04:41:31] estimating time left: 0:05:59.055000

[[-0.32160476 12.80215822 -0.13754822  0.         -0.97922887  0.35744204]
 [-2.1672602  -5.31143184 -1.02606661  0.         -1.33339169 -0.16968285]
 [-0.59504852 13.36755337 -0.39990807  0.         -0.60749231 -0.1842157 ]
 [-2.2038136  -5.34523972 -0.94029794  0.         -0.49082321  0.31748779]
 [-0.65224619 13.20796387 -0.21278747  0.         -0.10988919 -0.16757698]
 [-1.97754292 -5.84387074 -0.73581779  0.         -0.02103163  0.63340323]
 [ 7.55793971  6.95710234 -0.26079832  0.          0.01443709 -0.03037109]
 [-1.41996071 -6.44381481 -0.73735563  0.          0.28781444 -0.05782504]
 [-1.50011636 -5.97265207 -1.06870397  0.         -0.8275037  -0.08655516]
 [-1.71344629 -6.16340739 -0.60224371  0.          0.55027974 -0.15539141]]
[04/03/2022, 04:42:18] computing sampling shap 659:669 within 47.709 sec, 4.5526 on average
[04/03/2022, 04:42:18] instances left: 69
[04/03/2022, 04:42:18] estimating time left: 0:05:14.129400

[[ 8.46987941e+00  6.01766460e+00 -2.45236926e-01  0.00000000e+00
   2.80759713e-01 -1.72642165e-01]
 [-1.70142541e+00 -5.60025714e+00 -1.05889804e+00  0.00000000e+00
   4.69523000e-01 -9.33727717e-02]
 [-1.97518269e+00 -5.37084353e+00 -1.04059798e+00  0.00000000e+00
   4.79886479e-01 -2.39526023e-04]
 [-3.54253033e-01  1.30985967e+01 -4.01455380e-01  0.00000000e+00
  -5.12615122e-01  4.17371299e-01]
 [ 7.99821048e+00  6.51173450e+00 -1.55798706e-01  0.00000000e+00
  -4.39352059e-01 -1.31849376e-01]
 [ 7.78802834e+00  6.77452957e+00 -2.54613814e-01  0.00000000e+00
  -6.21577436e-02  1.13874923e-02]
 [-1.84586975e+00 -6.32082466e+00 -3.63003628e-01  0.00000000e+00
   1.97044041e-01 -1.77948739e-01]
 [-1.96482562e+00 -5.58698941e+00 -9.87760153e-01  0.00000000e+00
  -4.98809818e-01 -2.22671002e-01]
 [-2.07419896e+00 -5.83431117e+00 -5.97688402e-01  0.00000000e+00
   1.97537691e-01 -6.37916898e-02]
 [-1.72318962e+00 -6.01217872e+00 -8.36636832e-01  0.00000000e+00
   5.96916215e-01  5.50021301e-03]]
[04/03/2022, 04:43:05] computing sampling shap 669:679 within 46.1464 sec, 4.5546 on average
[04/03/2022, 04:43:05] instances left: 59
[04/03/2022, 04:43:05] estimating time left: 0:04:28.721400

[[ 7.85870036e+00  6.55191727e+00 -1.51384512e-01  0.00000000e+00
   4.93807776e-01 -1.78310529e-01]
 [-3.05657973e-01  1.28306533e+01 -1.34780891e-01  0.00000000e+00
  -8.87124762e-01 -1.92121605e-01]
 [-7.29925787e-01 -2.67158340e+00  1.55438457e+01  0.00000000e+00
  -3.56877191e-01 -1.93632261e-01]
 [-1.76917543e+00 -5.84923243e+00 -8.71211039e-01  0.00000000e+00
   1.00129492e+00 -1.19926899e-01]
 [-1.77442005e+00 -5.53343557e+00 -1.20502994e+00  0.00000000e+00
  -2.98213424e-01 -2.50406185e-01]
 [-1.68500994e+00 -5.98244308e+00 -7.43642305e-01  0.00000000e+00
  -6.89003521e-01  2.98284813e-02]
 [-4.90673509e-01  6.50536223e+00  6.23736741e+00  0.00000000e+00
   5.63757430e-01 -3.53223718e-02]
 [-1.99044405e+00 -5.97937412e+00 -5.71384472e-01  0.00000000e+00
  -4.54699051e-01  1.98928517e-03]
 [-5.94628368e-01  1.28874598e+01  0.00000000e+00  0.00000000e+00
  -1.41928864e-02 -7.20939526e-02]
 [ 5.09851684e+00  4.32222458e+00  4.48964288e+00  0.00000000e+00
  -1.28821638e+00  5.73139471e-01]]
[04/03/2022, 04:43:48] computing sampling shap 679:689 within 43.5437 sec, 4.5483 on average
[04/03/2022, 04:43:48] instances left: 49
[04/03/2022, 04:43:48] estimating time left: 0:03:42.866700

[[-2.28447131e+00 -5.40058770e+00 -7.61666366e-01  0.00000000e+00
   9.89142707e-01 -1.50668381e-01]
 [-3.67894297e-01  1.29745708e+01 -3.06378905e-01  0.00000000e+00
  -7.77262213e-02 -1.57107445e-01]
 [-3.71773676e-01  1.32985263e+01 -5.57979164e-01  0.00000000e+00
   1.61516386e-01 -1.95683098e-01]
 [-2.07200858e+00 -5.54708601e+00 -8.20292658e-01  0.00000000e+00
  -3.29709572e-01 -2.09783797e-01]
 [ 7.51593872e+00  6.96771410e+00 -1.56483164e-01  0.00000000e+00
  -3.90666720e-01 -2.12391299e-01]
 [-2.17884597e+00 -5.53080563e+00 -7.15292099e-01  0.00000000e+00
  -5.42073056e-01 -1.15833552e-02]
 [-7.77834760e-01 -2.44230035e+00  1.53378541e+01  0.00000000e+00
  -4.96992587e-01 -1.47815234e-01]
 [-2.06703011e+00 -5.40074369e+00 -1.08245154e+00  0.00000000e+00
  -3.00728258e-01  6.50310877e-01]
 [-2.07572496e+00 -5.32349787e+00 -1.01560455e+00  0.00000000e+00
   4.77662538e-01  2.91128928e-01]
 [-1.67222767e+00 -5.48625813e+00 -1.29353049e+00  0.00000000e+00
   1.08567938e-01  4.56716954e-01]]
[04/03/2022, 04:44:31] computing sampling shap 689:699 within 42.4756 sec, 4.5392 on average
[04/03/2022, 04:44:31] instances left: 39
[04/03/2022, 04:44:31] estimating time left: 0:02:57.028800

[[-0.35663753 13.29129967 -0.5345254   0.          0.10008694 -0.16561622]
 [-2.06752396 -5.48980121 -0.88224677  0.         -0.50606405  0.12720493]
 [-2.32610318 -5.20793411 -0.9399523   0.          0.52799449 -0.02359399]
 [16.42706408 -2.11704695 -0.14365829  0.         -0.21622016  0.29011748]
 [-1.53043179 -5.95606843 -0.89169666  0.          0.88222086 -0.13685322]
 [-1.82008513 -5.68891681 -0.92264047  0.         -0.69610426 -0.12781139]
 [ 7.9600535   6.51811241 -0.29355624  0.          0.42495696  0.07447879]
 [-1.95869205 -5.65125362 -0.84800468  0.         -0.49315446 -0.24404092]
 [-2.0521652  -5.49369917 -1.08178824  0.          0.68271737 -0.17248434]
 [-2.23477821 -5.32596749 -1.03817036  0.         -0.3567064   0.139915  ]]
[04/03/2022, 04:45:17] computing sampling shap 699:709 within 45.9767 sec, 4.5409 on average
[04/03/2022, 04:45:17] instances left: 29
[04/03/2022, 04:45:17] estimating time left: 0:02:11.686100

[[ 7.92742798  6.28437444  0.          0.          0.50699519 -0.14406695]
 [-2.15700482 -5.48304804 -0.93672519  0.          0.25704401 -0.03541999]
 [ 8.02315328  6.02686938  0.          0.          0.83336039 -0.12781876]
 [-0.35431386 12.72974893 -0.13457545  0.          0.29344249  0.22387921]
 [-0.28194886 12.60462687  0.          0.          0.79777894 -0.16252524]
 [-2.23010258 -5.57943676 -0.68604297  0.          0.55852958  0.20144235]
 [-1.77537933 -6.27298354 -0.53247895  0.          0.23923068  0.01342566]
 [-1.70849521 -5.90887171 -0.87227206  0.         -0.64954472 -0.08188664]
 [-1.86260006 -5.48968045 -1.15348831  0.          0.54875079 -0.04111666]
 [-1.9464917  -5.49694147 -1.15689993  0.          0.65153687 -0.13541315]]
[04/03/2022, 04:45:59] computing sampling shap 709:719 within 42.0414 sec, 4.5313 on average
[04/03/2022, 04:45:59] instances left: 19
[04/03/2022, 04:45:59] estimating time left: 0:01:26.094700

[[-1.61155946 -6.41999091 -0.5486355   0.         -0.50933685 -0.20818879]
 [-2.34553377 -4.93123441 -1.04728606  0.          0.86354281 -0.14774014]
 [ 7.6992153   6.49847355  0.          0.         -1.45378581  0.40260193]
 [-0.53992965 13.38372932 -0.5304603   0.         -0.55324826 -0.09800019]
 [-1.94731036 -5.82648065 -0.69790488  0.          0.48974891  0.34903391]
 [-1.7586754  -5.73411301 -0.90826687  0.          0.91624629 -0.14802083]
 [-1.67390833 -6.03702668 -0.7640417   0.         -0.54321796 -0.16803254]
 [-1.60267867 -5.92954501 -0.93293098  0.         -1.02945411 -0.18831644]
 [-2.29690569 -5.46441632 -0.64306482  0.          0.86479212  0.14169723]
 [-2.33018268 -5.15875542 -0.87049365  0.          0.44285889 -0.16763613]]
[04/03/2022, 04:46:45] computing sampling shap 719:729 within 46.2851 sec, 4.534 on average
[04/03/2022, 04:46:45] instances left: 9
[04/03/2022, 04:46:45] estimating time left: 0:00:40.806000

[[-0.52139525 13.28856185 -0.48189644  0.          0.51592546 -0.16847245]
 [-2.28865293 -5.52571462 -0.6157448   0.          0.98163395 -0.15977248]
 [16.9515575  -2.11458605 -0.56727847  0.         -0.53012141 -0.09506837]
 [-2.18575105 -5.26366706 -1.11239431  0.         -0.44621289  0.21106268]
 [-1.81928262 -5.92960785 -0.61237834  0.         -1.45460867 -0.22906281]
 [-2.39588382 -5.386738   -0.69700389  0.         -0.55213368 -0.03224542]
 [-1.85487361 -5.76219654 -0.79855074  0.         -0.56120148 -0.23714439]
 [17.04344867 -2.48255038 -0.34693979  0.         -0.42816447 -0.22054058]
 [-1.81778363 -5.93327831 -0.58469282  0.          0.81376942  0.02650253]
 [-0.59040298 12.79188362  0.          0.          0.95432257 -0.15744213]]
[04/03/2022, 04:46:45] finish computing sampling shap for range: [2, 8] within 1632.249092 sec
