Child #[0, 1]: psutil.Process(pid=4870, name='python', status='running', started='03:06:23'), affinity [0, 1]
Child #[0, 1]: Set my affinity to [0, 1], affinity now [0, 1]

[04/03/2022, 04:16:47] start computing sampling shap for range: [1, 8]
[04/03/2022, 04:17:32] computing sampling shap 0:10 within 45.5566 sec, 4.5557 on average
[04/03/2022, 04:17:32] instances left: 359
[04/03/2022, 04:17:32] estimating time left: 0:27:15.496300

[[-0.23726266 12.9244049  -0.5181851   0.          0.95087308 -0.161899  ]
 [-0.3265118  12.95418376 -0.2879201   0.          0.8100848  -0.19190553]
 [-1.78131648 -6.00100792 -0.57045518  0.         -0.24038348 -0.11098323]
 [-2.43797655 -5.26991543 -0.7346456   0.         -0.15163147 -0.2372574 ]
 [-1.85660311 -5.55996258 -1.20111013  0.         -0.26923149  0.41771179]
 [-2.13388412 -5.6804327  -0.80289811  0.          0.69812585 -0.09421973]
 [-1.76859615 -5.7340689  -0.93539509  0.          0.52982883 -0.09896459]
 [-0.42765503 13.24880951 -0.48695118  0.         -0.02403211  0.29969522]
 [-1.96702404 -5.68761219 -0.90084805  0.         -0.56311343 -0.10247239]
 [-1.15141792 -2.32740731 15.67020523  0.         -0.08145638  0.34141285]]
[04/03/2022, 04:18:17] computing sampling shap 10:20 within 44.5248 sec, 4.5042 on average
[04/03/2022, 04:18:17] instances left: 349
[04/03/2022, 04:18:17] estimating time left: 0:26:11.965800

[[-2.06025198e+00 -6.16947759e+00 -3.05265935e-01  0.00000000e+00
  -5.64757048e-01 -1.60449322e-01]
 [-1.92258583e+00 -5.61330812e+00 -1.06752623e+00  0.00000000e+00
  -5.04488308e-01 -1.13161414e-01]
 [-2.18234982e+00 -5.91977582e+00 -3.76259108e-01  0.00000000e+00
  -5.16576788e-01 -2.19004669e-01]
 [-2.27371809e+00 -5.32884083e+00 -7.65991356e-01  0.00000000e+00
   8.91844826e-01 -1.31546142e-01]
 [-2.18361283e+00 -6.24335793e+00  0.00000000e+00  0.00000000e+00
  -1.20394467e+00 -2.23025531e-01]
 [ 7.88186373e+00  6.45262966e+00 -1.57790882e-01  0.00000000e+00
   6.94914324e-01 -1.16052491e-01]
 [-3.83457453e-01  1.29706790e+01 -3.92092543e-01  0.00000000e+00
   9.23924836e-01 -1.61122981e-01]
 [-9.74788915e-01 -2.98836519e+00  1.60407451e+01  0.00000000e+00
  -2.45071768e-01  1.53649695e-02]
 [-2.36209157e+00 -5.49681095e+00 -7.31631417e-01  0.00000000e+00
   2.24392075e-01  3.79553989e-02]
 [-1.80915602e+00 -5.42454868e+00 -1.10306866e+00  0.00000000e+00
   3.86377239e-01 -6.29127684e-02]]
[04/03/2022, 04:19:05] computing sampling shap 20:30 within 48.2057 sec, 4.6097 on average
[04/03/2022, 04:19:05] instances left: 339
[04/03/2022, 04:19:05] estimating time left: 0:26:02.688300

[[ 7.8789857   6.33756292  0.          0.         -0.74575387  0.15183413]
 [-0.64746274 13.24097364 -0.30193931  0.          0.55055112  0.07737032]
 [ 8.14737976  6.56256198 -0.50215636  0.          0.21898445  0.13206703]
 [-0.47415519 13.52918314 -0.72587978  0.          0.13402983  0.77107019]
 [-0.4818151  12.76857881  0.          0.          0.84875242 -0.13715497]
 [-1.81198031 -6.0523166  -0.49815242  0.          0.8607845  -0.13116448]
 [ 8.49811362  5.88334485 -0.15862491  0.          0.03668899 -0.06899557]
 [ 8.04101025  6.15952058  0.          0.          0.34600002 -0.1357059 ]
 [-0.84435967 13.38987482 -0.27806939  0.         -0.36992643 -0.07117378]
 [-0.36910386 13.18844672 -0.43243491  0.         -1.14205673 -0.24291193]]
[04/03/2022, 04:19:49] computing sampling shap 30:40 within 43.8508 sec, 4.5536 on average
[04/03/2022, 04:19:49] instances left: 329
[04/03/2022, 04:19:49] estimating time left: 0:24:58.134400

[[-1.8747057  -6.07442745 -0.54846293  0.          0.56849848 -0.18832191]
 [-2.04715857 -5.68476819 -0.76334121  0.         -1.1740269   0.02550642]
 [-2.21195499 -5.30084406 -0.92947917  0.          0.96223535 -0.12820885]
 [-1.93959386 -5.94815696 -0.5641031   0.          0.14930998 -0.06859833]
 [-2.26229443 -5.66343934 -0.52615309  0.         -0.62293021 -0.2228953 ]
 [-2.10004212 -5.54524295 -0.92467852  0.         -0.05803979 -0.20342285]
 [-1.68723291 -5.71703749 -0.96910968  0.          0.47912855 -0.22316805]
 [-0.33331364 12.97998328 -0.28944231  0.          0.80638106 -0.20567709]
 [-0.5261832  13.06802552 -0.20989251  0.          0.49115236  0.03327603]
 [-0.63839173 13.37634338 -0.49293357  0.          0.63402737 -0.2004263 ]]
[04/03/2022, 04:20:33] computing sampling shap 40:50 within 43.797 sec, 4.5188 on average
[04/03/2022, 04:20:33] instances left: 319
[04/03/2022, 04:20:33] estimating time left: 0:24:01.497200

[[-1.95503693e+00 -5.90161742e+00 -6.23268664e-01  0.00000000e+00
  -2.83428915e-01  4.35716536e-01]
 [ 7.43062510e+00  6.72375755e+00  0.00000000e+00  0.00000000e+00
   7.25328031e-01 -1.68508382e-01]
 [-5.16464031e-01  1.34269155e+01 -4.81948208e-01  0.00000000e+00
  -5.43633760e-01 -3.38076355e-01]
 [-2.10393887e+00 -5.40630087e+00 -8.59765243e-01  0.00000000e+00
   8.79434069e-01 -1.42259263e-01]
 [-2.08526022e+00 -5.81013391e+00 -7.24309884e-01  0.00000000e+00
   9.14920743e-03 -1.32521637e-01]
 [-2.40416662e+00 -5.29621874e+00 -7.78745881e-01  0.00000000e+00
  -5.74448405e-01 -2.58120551e-01]
 [-1.74636503e+00 -5.73635467e+00 -8.70955171e-01  0.00000000e+00
   8.46462763e-01 -1.25618260e-01]
 [-2.57012594e-01  1.29616396e+01 -4.45304442e-01  0.00000000e+00
   8.49542751e-01 -1.50934011e-01]
 [-2.26816141e+00 -6.15353634e+00  0.00000000e+00  0.00000000e+00
  -5.58405169e-01 -6.10059392e-03]
 [-2.17813144e+00 -5.41095120e+00 -9.04086437e-01  0.00000000e+00
  -5.32437905e-01 -2.35448752e-01]]
[04/03/2022, 04:21:18] computing sampling shap 50:60 within 45.8769 sec, 4.5303 on average
[04/03/2022, 04:21:18] instances left: 309
[04/03/2022, 04:21:18] estimating time left: 0:23:19.862700

[[-0.35594979 12.81213924 -0.27307675  0.          0.94038382 -0.16556552]
 [-2.00001726 -5.51734309 -0.94289579  0.         -0.38328795 -0.13533643]
 [-0.33785953 13.01047522 -0.43974482  0.          0.89073914 -0.12524863]
 [-2.24439272 -5.56992659 -0.5812805   0.         -0.66160895 -0.0308196 ]
 [-0.24812481 12.91442742 -0.32533944  0.         -1.11363151 -0.07590493]
 [-2.14281268 -5.8544002  -0.50636696  0.         -0.31445808 -0.2434666 ]
 [ 7.726553    6.58890959  0.          0.          0.11859255  0.06976629]
 [-2.25042681 -5.50206618 -0.79306154  0.          0.611599   -0.18346401]
 [-0.7332238  13.46217851 -0.34395015  0.         -0.31972161  0.82413551]
 [-0.38112935 12.86799505 -0.13570336  0.         -0.87502659  0.07976154]]
[04/03/2022, 04:22:07] computing sampling shap 60:70 within 48.391 sec, 4.5745 on average
[04/03/2022, 04:22:07] instances left: 299
[04/03/2022, 04:22:07] estimating time left: 0:22:47.775500

[[-1.91836727 -5.61845616 -0.98232497  0.          0.23557707 -0.06672794]
 [-0.29274495  6.41494845  6.12699754  0.         -0.40842673  0.67969312]
 [ 5.58464271  4.64494701  3.89243575  0.          0.76960996 -0.11943392]
 [-1.83562038 -5.69085306 -0.93867435  0.          0.16740973 -0.03044796]
 [ 5.47525429  4.4641571   4.23684166  0.          0.29128566 -0.03678778]
 [-0.22473442 12.41373371  0.          0.          0.93440477 -0.16547241]
 [-0.59692955 -3.17809036 15.88969672  0.          0.93867907 -0.1020899 ]
 [-1.97462592 -5.65803928 -0.81184194  0.         -0.83423772 -0.23926973]
 [-1.95950522 -5.60208186 -0.99377738  0.         -0.38761867  0.15881272]
 [-1.94976506 -5.6077641  -0.73902821  0.          0.82424126 -0.0866589 ]]
[04/03/2022, 04:22:52] computing sampling shap 70:80 within 44.9419 sec, 4.5644 on average
[04/03/2022, 04:22:52] instances left: 289
[04/03/2022, 04:22:52] estimating time left: 0:21:59.111600

[[-2.08968864 -5.78318846 -0.57668252  0.         -0.63692406 -0.21270548]
 [-1.87408638 -5.88632608 -0.6738265   0.          0.94924222 -0.14783303]
 [-2.30933112 -5.36312113 -0.77784203  0.         -0.56685297 -0.22508816]
 [-1.83210688 -6.03911753 -0.70160706  0.         -0.03373714 -0.16486236]
 [-1.46180164 -5.88564486 -1.27527051  0.          0.68094164 -0.07153328]
 [-2.47094603 -5.14933183 -0.84321554  0.          0.55075572 -0.17147168]
 [-0.96676846 -2.34010743 15.53895896  0.         -0.34623123 -0.04006681]
 [-2.32518068 -5.64856363 -0.62170444  0.          1.10382697 -0.07724991]
 [-2.40413604 -5.68694869 -0.5728195   0.         -0.31409527  0.11198664]
 [-1.75393555 -5.90413641 -0.78773917  0.         -1.32806766 -0.18792976]]
[04/03/2022, 04:23:38] computing sampling shap 80:90 within 45.8718 sec, 4.567 on average
[04/03/2022, 04:23:38] instances left: 279
[04/03/2022, 04:23:38] estimating time left: 0:21:14.193000

[[ 7.66869334  6.86611118 -0.15518092  0.         -0.35179652 -0.13126805]
 [-1.6678318  -5.78645214 -0.98196104  0.          0.52755544 -0.17551947]
 [-2.13694394 -5.45415182 -0.77483888  0.          0.92049783 -0.18739272]
 [-2.05239129 -5.53417872 -0.97862684  0.         -0.2905501   0.55666109]
 [-2.2108553  -5.93792931 -0.33862286  0.          0.99529985 -0.11614334]
 [-2.29709144 -5.43034536 -0.86756954  0.         -0.52741784 -0.18927618]
 [-1.8880369  -5.75510861 -0.80316606  0.          0.50943974  0.18198134]
 [-1.78136854 -5.91836249 -0.87034389  0.         -0.2368658  -0.0899769 ]
 [-0.64274612 13.23032735 -0.25766716  0.          0.16075681  0.32624314]
 [-0.41974844 13.12360054 -0.40330915  0.          0.42353371  0.61532303]]
[04/03/2022, 04:24:22] computing sampling shap 90:100 within 44.6621 sec, 4.5569 on average
[04/03/2022, 04:24:22] instances left: 269
[04/03/2022, 04:24:22] estimating time left: 0:20:25.806100

[[-0.66520869 13.08690803 -0.13367918  0.         -0.46355184 -0.14435253]
 [-2.07137065 -5.55756251 -0.81022532  0.          0.14023385  0.03829192]
 [-2.14530234 -5.65169887 -0.64456114  0.          1.00240557 -0.19367292]
 [-0.71988679 13.38023193 -0.39650232  0.          0.57689875 -0.06025018]
 [-2.20779823 -5.38212456 -0.92846075  0.          0.1919846   0.41566167]
 [-0.6096473  13.19776575 -0.31296112  0.         -0.51208759 -0.05718967]
 [ 8.31922329  6.31617116 -0.36314766  0.         -0.3749879  -0.22377037]
 [-1.9111195  -5.81177612 -0.78430266  0.          1.05605129 -0.18168281]
 [-1.71884501 -5.79799656 -0.9367091   0.          0.16516633 -0.1258265 ]
 [-1.93030649 -5.68601051 -0.80181782  0.         -0.14934042 -0.26395141]]
[04/03/2022, 04:25:05] computing sampling shap 100:110 within 43.0495 sec, 4.534 on average
[04/03/2022, 04:25:05] instances left: 259
[04/03/2022, 04:25:05] estimating time left: 0:19:34.306000

[[ 1.67192892e+01 -2.23631280e+00 -3.78285576e-01  0.00000000e+00
   7.61876142e-01 -1.44894429e-01]
 [ 7.79663248e+00  6.53536629e+00 -1.60232624e-01  0.00000000e+00
   5.55516340e-01 -1.03956703e-01]
 [ 7.59060475e+00  6.80591332e+00 -3.20443643e-01  0.00000000e+00
  -1.07189163e+00  2.35425991e-01]
 [-2.29674116e+00 -5.35461768e+00 -8.12187768e-01  0.00000000e+00
   9.77436016e-01 -1.22140866e-01]
 [-1.64055126e+00 -6.21547102e+00 -6.06535406e-01  0.00000000e+00
  -2.83373936e-01  4.79597529e-02]
 [-2.23529747e+00 -6.03889317e+00 -2.21070931e-01  0.00000000e+00
   9.76161916e-01 -2.53034771e-03]
 [-1.73571615e+00 -5.39431729e+00 -1.30851897e+00  0.00000000e+00
  -6.54093732e-01 -1.31142566e-01]
 [-1.88340396e+00 -5.71955548e+00 -8.14378725e-01  0.00000000e+00
  -1.05541513e+00 -2.31639852e-01]
 [ 1.64441042e+01 -2.32913330e+00  0.00000000e+00  0.00000000e+00
  -3.02194579e-01  4.73212802e-01]
 [-1.72069707e+00 -5.86922216e+00 -1.03093503e+00  0.00000000e+00
  -3.21883516e-01 -9.72318205e-02]]
[04/03/2022, 04:25:48] computing sampling shap 110:120 within 42.588 sec, 4.5111 on average
[04/03/2022, 04:25:48] instances left: 249
[04/03/2022, 04:25:48] estimating time left: 0:18:43.263900

[[-1.41594928 -5.87778486 -1.25830123  0.         -0.40507329 -0.18021559]
 [-2.04937987 -6.03807696 -0.4483809   0.         -0.46799524  0.05721949]
 [-1.70383992 -6.04936067 -0.72717938  0.         -0.61552795  0.94517164]
 [-1.77968261 -5.61335568 -1.0156687   0.         -0.34184483  0.07132429]
 [17.06112379 -2.59689703 -0.24924175  0.         -0.12190937  0.53350715]
 [-1.83565373 -5.9921868  -0.78267531  0.          0.2716104  -0.03223776]
 [-0.28674442 12.81364757 -0.31642323  0.          0.9290737  -0.18162241]
 [-2.00142118 -5.80323858 -0.68810079  0.         -0.0883398   0.21328204]
 [-0.73648887 -6.54532145 -1.2051606   0.         -0.43354436 -0.27462995]
 [-0.27517938 12.54006585  0.          0.          0.60539942 -0.10787171]]
[04/03/2022, 04:26:34] computing sampling shap 120:130 within 45.7241 sec, 4.5158 on average
[04/03/2022, 04:26:34] instances left: 239
[04/03/2022, 04:26:34] estimating time left: 0:17:59.276200

[[ 7.9710595   6.24336024  0.          0.          0.0145322   0.0282219 ]
 [-2.17972059 -5.47751519 -0.82153649  0.         -0.54860824 -0.21485471]
 [ 7.96927485  6.4059714  -0.16146751  0.          0.0152574   0.17822269]
 [-1.56570291 -5.92163067 -0.91540606  0.         -0.38241929  0.23796243]
 [-1.95904554 -5.41244723 -1.11763535  0.         -0.35990966  0.44016384]
 [-0.43635098 12.90946866 -0.26879227  0.          0.92699297 -0.13295732]
 [-2.07808451 -5.41450644 -1.11855971  0.          0.30959388 -0.17385513]
 [-2.10874106 -5.73019231 -0.65503656  0.         -0.55127747  0.19446759]
 [-1.99147303 -5.9835647  -0.57363282  0.         -1.05475589 -0.23277598]
 [-0.38829772 12.84468066 -0.13246553  0.          0.50527912 -0.11389734]]
[04/03/2022, 04:27:19] computing sampling shap 130:140 within 45.1826 sec, 4.516 on average
[04/03/2022, 04:27:19] instances left: 229
[04/03/2022, 04:27:19] estimating time left: 0:17:14.164000

[[-1.86210974e+00 -5.54688944e+00 -8.99867497e-01  0.00000000e+00
   3.32969684e-02 -1.38641270e-01]
 [-1.95799480e+00 -5.54800493e+00 -8.49206594e-01  0.00000000e+00
   9.16843921e-01 -1.20613058e-01]
 [-1.65495366e+00 -5.58543041e+00 -1.19935481e+00  0.00000000e+00
   9.84154023e-01 -1.52666792e-01]
 [ 8.28146974e+00  6.12887980e+00 -2.60694179e-01  0.00000000e+00
   7.31147581e-01 -1.08601492e-01]
 [-1.55398519e+00 -5.83834420e+00 -9.95946410e-01  0.00000000e+00
   9.21480610e-01 -1.41456288e-01]
 [-4.57837479e-01  1.25719648e+01  0.00000000e+00  0.00000000e+00
   1.00840878e+00 -1.64604892e-01]
 [-1.94598389e+00 -5.69751399e+00 -8.08619994e-01  0.00000000e+00
  -5.93649421e-01 -2.09790553e-01]
 [-2.24084123e+00 -6.26974869e+00  0.00000000e+00  0.00000000e+00
  -6.51053239e-03  3.64234067e-01]
 [-2.07584355e+00 -5.72553687e+00 -5.77474410e-01  0.00000000e+00
  -8.62674972e-01 -2.31612002e-01]
 [-2.12847533e+00 -6.29285729e+00 -1.45707744e-01  0.00000000e+00
  -4.02029069e-01 -2.26075808e-01]]
[04/03/2022, 04:28:03] computing sampling shap 140:150 within 44.6392 sec, 4.5126 on average
[04/03/2022, 04:28:03] instances left: 219
[04/03/2022, 04:28:03] estimating time left: 0:16:28.259400

[[-2.23765833e+00 -5.54582301e+00 -8.84393345e-01  0.00000000e+00
  -4.12019672e-01 -2.16576994e-01]
 [-2.08762777e+00 -5.24296153e+00 -1.21477164e+00  0.00000000e+00
  -5.00775374e-01 -1.96099437e-01]
 [-2.11209628e+00 -5.61118067e+00 -7.43688139e-01  0.00000000e+00
  -1.21881125e-01 -2.42580325e-01]
 [ 7.89218121e+00  6.51454097e+00 -1.63625964e-01  0.00000000e+00
  -4.31324639e-01 -1.60724002e-01]
 [-1.20186627e+00 -6.46156757e+00 -7.94130033e-01  0.00000000e+00
  -6.58781516e-01 -9.61476490e-02]
 [-2.41215469e-01  1.30209035e+01 -4.61301482e-01  0.00000000e+00
  -9.79831407e-01  4.60731961e-01]
 [-1.92800064e+00 -6.01413265e+00 -5.14478271e-01  0.00000000e+00
   1.52188270e-01 -2.06178755e-01]
 [ 7.84245945e+00  6.62372554e+00 -1.56216632e-01  0.00000000e+00
  -4.73681133e-01  1.18822378e-01]
 [-4.68953930e-01  1.33767414e+01 -5.68760854e-01  0.00000000e+00
   4.89025188e-01  2.38641140e-01]
 [-1.58563072e+00 -5.61584277e+00 -1.30281356e+00  0.00000000e+00
  -1.57888255e-01  6.61723490e-03]]
[04/03/2022, 04:28:50] computing sampling shap 150:160 within 46.9929 sec, 4.5242 on average
[04/03/2022, 04:28:50] instances left: 209
[04/03/2022, 04:28:50] estimating time left: 0:15:45.557800

[[-1.80352196e+00 -5.98687287e+00 -6.65643891e-01  0.00000000e+00
  -6.50777965e-01 -1.05676269e-01]
 [-2.51423726e+00 -5.34108515e+00 -6.27607108e-01  0.00000000e+00
  -1.11587277e-01 -2.36909409e-01]
 [-1.59753045e+00 -5.87575908e+00 -9.98523745e-01  0.00000000e+00
  -6.24561179e-01 -1.14416534e-01]
 [-2.19890989e+00 -6.27745750e+00  0.00000000e+00  0.00000000e+00
  -1.03888342e-01 -1.85909500e-02]
 [-3.91052975e-01  1.31705319e+01 -4.41428826e-01  0.00000000e+00
   8.17893320e-01 -1.98012276e-01]
 [ 7.72849792e+00  6.57988126e+00 -1.58890861e-01  0.00000000e+00
   7.29380540e-01 -1.67666495e-01]
 [ 7.90604904e+00  6.17984142e+00 -1.56408347e-01  0.00000000e+00
   9.35233906e-01 -1.53513957e-01]
 [-2.21065963e+00 -5.43977111e+00 -7.83052457e-01  0.00000000e+00
  -1.35163252e+00  1.25428870e-02]
 [-3.79620896e-01  1.26669328e+01  0.00000000e+00  0.00000000e+00
  -4.63321305e-01 -8.36737261e-02]
 [-1.43247919e+00 -5.85392007e+00 -1.15418542e+00  0.00000000e+00
  -3.31075251e-01 -7.43978844e-02]]
[04/03/2022, 04:29:39] computing sampling shap 160:170 within 48.5862 sec, 4.5439 on average
[04/03/2022, 04:29:39] instances left: 199
[04/03/2022, 04:29:39] estimating time left: 0:15:04.236100

[[-1.92586387 -5.76486752 -0.79585168  0.         -0.08442351 -0.21565814]
 [-0.51413677 12.9172577  -0.13795992  0.         -1.23676509 -0.20182579]
 [-1.88604632 -5.86186289 -0.70480908  0.         -0.24817203  0.4664376 ]
 [-1.84897834 -6.17416652 -0.42034247  0.         -0.51964198 -0.07684083]
 [-1.74059106 -5.794275   -1.0056087   0.          1.09492304 -0.12332013]
 [-2.00254103 -5.83928749 -0.67043992  0.         -0.435939    0.28792071]
 [-1.70257971 -5.86470777 -0.79370712  0.          0.46557735 -0.10271736]
 [-2.49888991 -5.4870355  -0.49116155  0.          0.56280489 -0.14521161]
 [-2.13091729 -5.53322318 -0.75185367  0.         -0.34312442  0.43148282]
 [ 7.88841548  6.48451999  0.          0.         -0.5810227   0.13267285]]
[04/03/2022, 04:30:26] computing sampling shap 170:180 within 47.2021 sec, 4.5537 on average
[04/03/2022, 04:30:26] instances left: 189
[04/03/2022, 04:30:26] estimating time left: 0:14:20.649300

[[-3.90267940e-01  1.29751855e+01 -3.44844134e-01  0.00000000e+00
   8.10244288e-01  6.37275015e-02]
 [-1.54579217e+00 -5.99168828e+00 -9.27495189e-01  0.00000000e+00
  -5.58690523e-01 -8.67517636e-02]
 [-1.82275316e+00 -5.89615530e+00 -7.93020589e-01  0.00000000e+00
   5.83196506e-01 -7.84625332e-02]
 [ 7.58140899e+00  6.73525800e+00 -2.50668067e-01  0.00000000e+00
   8.47217532e-01 -1.57652412e-01]
 [-2.27695341e+00 -5.78828976e+00 -4.37460021e-01  0.00000000e+00
  -5.92899635e-01 -3.46915885e-03]
 [ 7.98044226e+00  6.87608304e+00 -5.65263473e-01  0.00000000e+00
  -7.92985868e-01 -9.83019337e-02]
 [-2.21134891e+00 -5.37517937e+00 -8.82050509e-01  0.00000000e+00
   5.10643260e-01  5.09583160e-02]
 [ 7.24284410e+00  6.61976697e+00  0.00000000e+00  0.00000000e+00
  -1.07460994e+00  7.45823783e-01]
 [-1.86878838e+00 -5.87441249e+00 -7.37901199e-01  0.00000000e+00
   1.02518288e+00 -1.76910432e-01]
 [-2.13692612e+00 -5.35997801e+00 -1.05786064e+00  0.00000000e+00
  -1.32149942e+00 -1.03891421e-01]]
[04/03/2022, 04:31:11] computing sampling shap 180:190 within 44.4399 sec, 4.5479 on average
[04/03/2022, 04:31:11] instances left: 179
[04/03/2022, 04:31:11] estimating time left: 0:13:34.074100

[[-1.89929115 -5.91395116 -0.82979216  0.         -0.46273469 -0.20593048]
 [-2.07829004 -5.70813242 -0.70458281  0.          0.18948765 -0.17389411]
 [-1.66056344 -6.07927503 -0.82399127  0.         -0.05870864 -0.20888803]
 [-0.33556884 12.89536362 -0.27964479  0.          0.85370999 -0.13549874]
 [-2.1359653  -5.72246654 -0.60377766  0.          0.54577391 -0.16777356]
 [-0.21668619 12.67294436 -0.19875467  0.          0.29260865 -0.25975042]
 [-1.00276518 -2.34022068 15.4610617   0.          0.59890535 -0.21715529]
 [-1.8938542  -5.6636289  -0.96936825  0.          0.59642498 -0.18699312]
 [-0.53354161 12.85208501  0.          0.         -0.5438047   0.06589642]
 [-2.16823595 -5.41282777 -0.85079492  0.         -0.09113897  0.3786465 ]]
[04/03/2022, 04:31:59] computing sampling shap 190:200 within 48.0 sec, 4.5606 on average
[04/03/2022, 04:31:59] instances left: 169
[04/03/2022, 04:31:59] estimating time left: 0:12:50.741400

[[ 8.03084035e+00  6.37094292e+00  0.00000000e+00  0.00000000e+00
  -2.60652465e-01  6.89392811e-02]
 [-1.99129512e-01  1.30251261e+01 -5.02064361e-01  0.00000000e+00
  -6.92077353e-01  4.17614843e-01]
 [-6.19099981e-01 -2.91405261e+00  1.56277270e+01  0.00000000e+00
   2.46503243e-01  3.89771512e-01]
 [-4.14912998e-01  1.28629852e+01 -1.35809727e-01  0.00000000e+00
   5.35214652e-01 -1.68857281e-01]
 [-2.29556607e+00 -5.48014254e+00 -6.16697908e-01  0.00000000e+00
  -4.18395636e-01  1.65756328e-01]
 [ 8.02363775e+00  6.26407208e+00  0.00000000e+00  0.00000000e+00
   2.03079427e-01 -6.00379769e-02]
 [-1.96900673e+00 -5.40068258e+00 -8.94519378e-01  0.00000000e+00
   1.27810947e-02 -2.23984058e-01]
 [-5.53001117e-01  1.35049153e+01 -6.36522566e-01  0.00000000e+00
  -1.32177565e-01  6.22252744e-01]
 [-2.41395532e+00 -5.00404659e+00 -1.03502581e+00  0.00000000e+00
   5.79573455e-01 -2.43965245e-01]
 [-2.14377357e+00 -5.17021959e+00 -1.22317607e+00  0.00000000e+00
  -4.88341911e-01 -8.49074219e-02]]
[04/03/2022, 04:32:42] computing sampling shap 200:210 within 43.0854 sec, 4.5486 on average
[04/03/2022, 04:32:42] instances left: 159
[04/03/2022, 04:32:42] estimating time left: 0:12:03.227400

[[-2.2451986  -5.47085953 -0.77390867  0.         -0.46850697  0.69324977]
 [-1.87730578 -5.29312244 -1.27845994  0.         -0.16557341 -0.15696991]
 [-2.06474721 -5.54168927 -0.78807997  0.          0.49015299 -0.10283194]
 [-1.96452575 -5.37915863 -1.00585628  0.          0.89699706 -0.15570766]
 [-1.03499125 -2.18883536 15.34068373  0.         -0.4468844   0.7205206 ]
 [-1.77234072 -5.59541081 -1.10380651  0.          0.49912947 -0.02570615]
 [-1.90582508 -5.65876094 -0.93882882  0.          0.53581861 -0.0305385 ]
 [ 7.79587601  6.18414426  0.          0.         -1.16600906  0.37329915]
 [-1.9041429  -6.04998651 -0.50503934  0.         -0.43584479  0.02899983]
 [-2.00521006 -5.67237476 -0.80820317  0.          0.14716492 -0.13678853]]
[04/03/2022, 04:33:28] computing sampling shap 210:220 within 45.7371 sec, 4.5497 on average
[04/03/2022, 04:33:28] instances left: 149
[04/03/2022, 04:33:28] estimating time left: 0:11:17.905300

[[-1.94576348e+00 -5.33025167e+00 -1.17687695e+00  0.00000000e+00
   1.17327101e-01  7.37866667e-03]
 [-5.76113733e-01  1.32300904e+01 -4.48428146e-01  0.00000000e+00
   9.29482749e-01 -1.77100062e-01]
 [-2.19489072e+00 -5.57385843e+00 -7.03802794e-01  0.00000000e+00
  -1.05211158e-01 -2.53663598e-01]
 [ 7.55761501e+00  7.01218901e+00 -2.58098522e-01  0.00000000e+00
  -3.55037625e-01  2.84591413e-01]
 [-1.92253718e+00 -5.71165429e+00 -8.45972057e-01  0.00000000e+00
   1.75863045e-01 -6.81522292e-02]
 [-1.77304378e+00 -5.78693488e+00 -9.02659974e-01  0.00000000e+00
   5.46854031e-01 -9.75241773e-02]
 [-2.44197696e+00 -5.43838515e+00 -5.79583813e-01  0.00000000e+00
   1.22918704e-01 -1.73574890e-01]
 [-2.12366177e+00 -5.49644637e+00 -7.94717178e-01  0.00000000e+00
   8.99398303e-02 -1.85717317e-01]
 [-4.29604690e-01  1.28398545e+01 -2.78716680e-01  0.00000000e+00
   9.76412673e-01 -1.87222022e-02]
 [-1.97839557e+00 -5.73030919e+00 -9.04430064e-01  0.00000000e+00
  -1.37838507e-02 -8.33412722e-03]]
[04/03/2022, 04:34:13] computing sampling shap 220:230 within 45.8335 sec, 4.5512 on average
[04/03/2022, 04:34:13] instances left: 139
[04/03/2022, 04:34:13] estimating time left: 0:10:32.616800

[[-2.14962952 -5.53885812 -0.82884497  0.         -0.95609336 -0.09335511]
 [-1.89369889 -5.56338912 -1.02335598  0.         -0.62691102  0.27746347]
 [-0.37849121 12.75385925 -0.13431247  0.          0.56111198 -0.16944384]
 [-1.92912333 -5.58316946 -0.97301936  0.         -0.56813207 -0.18879075]
 [-0.34065741 13.17750828 -0.49773459  0.          0.51096562 -0.21735893]
 [-2.53672932 -5.35905147 -0.77871193  0.         -0.61027489 -0.23324703]
 [-1.91584107 -6.19993239 -0.32493782  0.         -0.16254508  0.07342208]
 [-1.83734378 -5.85691893 -0.81071198  0.          1.00408581 -0.10736212]
 [-0.54234658 13.51820263 -0.56200299  0.          0.72715588 -0.14264813]
 [-2.53821724 -5.4284226  -0.50390988  0.          0.54711695 -0.16077661]]
[04/03/2022, 04:34:59] computing sampling shap 230:240 within 45.5758 sec, 4.5515 on average
[04/03/2022, 04:34:59] instances left: 129
[04/03/2022, 04:34:59] estimating time left: 0:09:47.143500

[[-1.79879753 -5.61042981 -1.16421362  0.         -0.47733013 -0.21028481]
 [-0.55530934 13.24018581 -0.40402378  0.          0.8620413  -0.18496294]
 [-1.97899724 -5.51589913 -1.00437423  0.         -0.28230143  0.2343752 ]
 [-0.54392539 -2.3505747  15.05675956  0.         -0.51536817  0.41863166]
 [-2.08439752 -5.50271478 -0.86192404  0.          1.00296425 -0.18675762]
 [-0.73537528 13.26134498 -0.34048174  0.         -0.27971984  0.11534605]
 [-0.71808585 13.56959009 -0.44059675  0.         -0.62277092 -0.14718973]
 [-1.94971319 -5.78424805 -0.66812988  0.         -0.47883371  0.41172922]
 [-0.90585164 -2.88475601 15.8895331   0.         -0.22282773  0.54571244]
 [-0.52914367 13.17029441 -0.21216633  0.         -0.84356715 -0.2205217 ]]
[04/03/2022, 04:35:46] computing sampling shap 240:250 within 46.8316 sec, 4.5567 on average
[04/03/2022, 04:35:46] instances left: 119
[04/03/2022, 04:35:46] estimating time left: 0:09:02.247300

[[-5.40384707e-01  1.33062665e+01 -3.68682232e-01  0.00000000e+00
   1.33852098e-01  1.15318648e-02]
 [ 8.00914913e+00  6.18436138e+00  0.00000000e+00  0.00000000e+00
  -3.67696957e-01  4.30267006e-01]
 [-3.86230749e-01  1.29227115e+01 -1.35149329e-01  0.00000000e+00
   7.45743741e-01 -1.89144541e-01]
 [-2.08432337e+00 -5.67339953e+00 -7.12249766e-01  0.00000000e+00
   5.24661635e-01 -1.38897995e-01]
 [-2.56228148e-01  1.26886446e+01  0.00000000e+00  0.00000000e+00
  -7.08664481e-01 -1.04451469e-01]
 [-1.74057195e+00 -5.93673374e+00 -8.93493331e-01  0.00000000e+00
  -5.15758440e-01 -1.25935576e-01]
 [-1.86768922e+00 -5.60260408e+00 -1.02005209e+00  0.00000000e+00
  -1.17055673e+00 -1.93039234e-01]
 [-1.93100521e+00 -5.74644457e+00 -7.81384434e-01  0.00000000e+00
   1.85657372e-01 -7.71220689e-02]
 [ 8.14292006e+00  6.64065954e+00 -6.13917875e-01  0.00000000e+00
   5.54142867e-01 -1.65904756e-01]
 [-2.22059485e+00 -5.83474267e+00 -5.27997282e-01  0.00000000e+00
  -1.03169143e-02  3.48971992e-01]]
[04/03/2022, 04:36:30] computing sampling shap 250:260 within 43.9236 sec, 4.5504 on average
[04/03/2022, 04:36:30] instances left: 109
[04/03/2022, 04:36:30] estimating time left: 0:08:15.993600

[[-1.9672     -5.52436005 -1.00811556  0.         -0.61082466 -0.09927479]
 [-1.79963129 -5.92427623 -0.797594    0.         -0.05409758 -0.21106599]
 [ 7.98346213  6.31986954  0.          0.         -0.29850872 -0.0458876 ]
 [-1.95362511 -5.8953959  -0.64528209  0.         -0.04241807  0.29204101]
 [ 8.25133351  6.43169011 -0.32958995  0.         -0.21945393 -0.223917  ]
 [-2.8060964  -5.07963    -0.61649984  0.         -0.07862191 -0.20581699]
 [-2.19143944 -5.86725176 -0.34945915  0.         -0.56103518  0.51070694]
 [-2.22240733 -5.61892027 -0.67767162  0.         -0.06779163  0.3448114 ]
 [-1.87306936 -5.64209789 -1.08842554  0.          0.64733822 -0.05094083]
 [-0.44121414 12.94654079 -0.13701497  0.         -1.18348693 -0.22117596]]
[04/03/2022, 04:37:14] computing sampling shap 260:270 within 44.7024 sec, 4.5475 on average
[04/03/2022, 04:37:14] instances left: 99
[04/03/2022, 04:37:14] estimating time left: 0:07:30.202500

[[-4.28394347e-01  1.26770772e+01  0.00000000e+00  0.00000000e+00
   5.53802345e-01 -1.69761257e-01]
 [-2.13581701e+00 -5.96461494e+00 -4.03501855e-01  0.00000000e+00
  -2.96508935e-01 -9.64743628e-02]
 [-2.03468714e+00 -5.75339981e+00 -7.12808841e-01  0.00000000e+00
   4.85155708e-01  4.02769189e-01]
 [ 7.93643350e+00  6.28085601e+00  0.00000000e+00  0.00000000e+00
  -5.61192362e-01  3.13566508e-01]
 [-2.36471440e+00 -5.29343117e+00 -7.14878289e-01  0.00000000e+00
   8.66649398e-01 -1.07755775e-02]
 [-4.07347745e-01  6.19815284e+00  6.41299448e+00  0.00000000e+00
  -4.20839252e-01  2.07270804e-01]
 [-1.84144902e+00 -6.02406649e+00 -7.00051070e-01  0.00000000e+00
   2.66404957e-01 -1.15049463e-01]
 [-1.81161331e+00 -5.94685589e+00 -7.49363431e-01  0.00000000e+00
  -1.15556370e+00 -8.97265554e-02]
 [-3.00921428e-01  1.31620797e+01 -5.34764674e-01  0.00000000e+00
   7.92906045e-01 -3.00764620e-02]
 [-2.20784425e+00 -5.76146938e+00 -6.25943692e-01  0.00000000e+00
  -4.61369196e-01  1.54263346e-01]]
[04/03/2022, 04:37:58] computing sampling shap 270:280 within 43.4842 sec, 4.5404 on average
[04/03/2022, 04:37:58] instances left: 89
[04/03/2022, 04:37:58] estimating time left: 0:06:44.095600

[[-0.44261793 13.11424331 -0.32067908  0.         -0.93755767  0.25765532]
 [-1.98119795 -6.43932422  0.          0.         -0.63459993 -0.03581163]
 [-2.39038937 -5.78422865 -0.3006892   0.          0.55902487 -0.20113705]
 [-1.72298129 -6.59055034 -0.13472222  0.          0.1385271  -0.16568368]
 [-2.22743696 -5.54522055 -0.64112024  0.         -0.57282381  0.37678504]
 [-1.68846634 -6.1045499  -0.58945051  0.         -0.67399869 -0.18109142]
 [-1.59555648 -5.77147488 -1.26466067  0.         -0.39064013 -0.19163434]
 [-0.39358529 13.09056522 -0.4238175   0.          0.87101763 -0.1458189 ]
 [-2.12115389 -5.79638389 -0.49341603  0.         -0.17655455  0.14577912]
 [ 7.6646214   6.62628322  0.          0.          0.13031765  0.12957843]]
[04/03/2022, 04:38:45] computing sampling shap 280:290 within 47.1305 sec, 4.5463 on average
[04/03/2022, 04:38:45] instances left: 79
[04/03/2022, 04:38:45] estimating time left: 0:05:59.157700

[[16.5045392  -1.63435693 -0.63777848  0.         -0.20260111 -0.13761227]
 [-0.5123694  13.02987284 -0.33678834  0.          0.92879676 -0.15158138]
 [-0.53127313 13.16289338 -0.34172264  0.         -0.53647234 -0.20338599]
 [-0.58197939 13.10319007 -0.27009237  0.         -0.90678038 -0.16421559]
 [-0.34338142 12.89543668 -0.26843009  0.          0.22187979 -0.17089785]
 [-2.17529245 -5.45306403 -0.79102388  0.         -0.63843496 -0.17974153]
 [-0.54412813 12.839307    0.          0.          0.84223528 -0.17948326]
 [-2.15324023 -5.34287626 -1.0507514   0.          0.24793299  0.03830238]
 [ 8.34641916  6.24839171 -0.31917032  0.          0.04383231 -0.15115944]
 [-0.29956097 12.56785632  0.          0.          0.23718444 -0.17087235]]
[04/03/2022, 04:39:30] computing sampling shap 290:300 within 45.4384 sec, 4.5462 on average
[04/03/2022, 04:39:30] instances left: 69
[04/03/2022, 04:39:30] estimating time left: 0:05:13.687800

[[-2.49011003 -5.27147439 -0.72628101  0.         -0.50164799 -0.14781083]
 [-2.00790129 -6.47749253  0.          0.         -0.65658331 -0.15449393]
 [-0.37874962 12.73445901  0.          0.         -0.43744567  0.38713063]
 [-0.218312   -3.0582231  15.46666807  0.          0.17426862 -0.11769346]
 [-2.14862408 -5.47068022 -0.83375375  0.          0.15873523 -0.21627965]
 [-1.5826533  -5.816536   -1.07181648  0.          0.20571688 -0.10716375]
 [ 7.67643629  6.87355968 -0.26017189  0.         -1.44806478 -0.11359148]
 [ 7.87448028  6.49672816 -0.15860188  0.         -0.45834941 -0.18472281]
 [-0.52777506 13.02489262 -0.13638804  0.         -0.36774868  0.55434776]
 [ 8.40327015  6.15434774 -0.25739738  0.         -0.76451717 -0.19880622]]
[04/03/2022, 04:40:16] computing sampling shap 300:310 within 45.8309 sec, 4.5474 on average
[04/03/2022, 04:40:16] instances left: 59
[04/03/2022, 04:40:16] estimating time left: 0:04:28.296600

[[-2.36435170e+00 -5.30206486e+00 -7.92705607e-01  0.00000000e+00
  -6.01940281e-01 -1.81172621e-01]
 [-2.03374699e+00 -5.69183236e+00 -7.92505355e-01  0.00000000e+00
  -2.27725688e-01  7.17062672e-01]
 [-1.77186873e+00 -5.90052792e+00 -7.01038421e-01  0.00000000e+00
   9.41888827e-01 -2.01283565e-01]
 [-5.18278990e-01  1.31368197e+01 -2.99584125e-01  0.00000000e+00
  -3.06432432e-01 -2.07864598e-01]
 [-1.86569837e+00 -5.48928428e+00 -1.10625815e+00  0.00000000e+00
   5.48174426e-01  1.77456064e-01]
 [ 8.47340741e+00  6.12454922e+00 -2.56838781e-01  0.00000000e+00
  -1.11948855e-02 -2.03225396e-01]
 [-2.23037474e+00 -5.74518135e+00 -6.93716093e-01  0.00000000e+00
   7.00856465e-01 -9.10781497e-02]
 [-2.07127726e+00 -5.86466039e+00 -6.09562221e-01  0.00000000e+00
  -4.83646146e-01  2.10715668e-01]
 [-2.46694145e+00 -5.16558256e+00 -9.76443735e-01  0.00000000e+00
   2.88437870e-01 -1.54881383e-01]
 [-1.80342031e+00 -5.82501381e+00 -9.42364512e-01  0.00000000e+00
  -4.48672735e-01 -1.53647403e-01]]
[04/03/2022, 04:41:04] computing sampling shap 310:320 within 47.272 sec, 4.5531 on average
[04/03/2022, 04:41:04] instances left: 49
[04/03/2022, 04:41:04] estimating time left: 0:03:43.101900

[[ 8.01449528  6.51675085 -0.26178804  0.         -0.38500582  0.08875509]
 [-0.15587375 12.5143597   0.          0.         -0.30630072  0.02960621]
 [ 8.06613105  6.53622503 -0.26085936  0.         -0.47352589 -0.10588867]
 [-2.00150917 -5.55129647 -0.88244538  0.         -0.52989909 -0.24881682]
 [-1.57912463 -5.91389406 -0.76806221  0.         -0.47895587 -0.32146818]
 [-0.2942874  12.71351369 -0.13280725  0.          0.82736797 -0.1154258 ]
 [-0.16247537 12.77270877 -0.3300942   0.          0.57258786 -0.09031287]
 [-2.03749552 -5.72688396 -0.81584518  0.         -0.51255872  0.19313794]
 [-1.88160415 -6.11105375 -0.45233213  0.          0.54291179 -0.10511692]
 [-1.69486103 -5.7984759  -1.0804652   0.         -0.02542159 -0.05633413]]
[04/03/2022, 04:41:48] computing sampling shap 320:330 within 43.9691 sec, 4.5483 on average
[04/03/2022, 04:41:48] instances left: 39
[04/03/2022, 04:41:48] estimating time left: 0:02:57.383700

[[-7.06126414e-01 -2.53087235e+00  1.53849704e+01  0.00000000e+00
   9.12302412e-01 -1.07774716e-01]
 [-2.04031092e+00 -5.74981665e+00 -6.30117793e-01  0.00000000e+00
   1.11775998e-01 -1.66942046e-01]
 [-1.71482451e+00 -5.63938544e+00 -1.09113996e+00  0.00000000e+00
   4.78720835e-01  3.30299587e-01]
 [-2.21141451e+00 -5.44656075e+00 -8.51518709e-01  0.00000000e+00
   2.03952021e-01 -2.05060636e-01]
 [-4.00757806e-01  1.27346014e+01  0.00000000e+00  0.00000000e+00
   2.31247940e-01 -1.00319455e-01]
 [-2.62390331e-01  1.29328313e+01 -3.74084586e-01  0.00000000e+00
   5.23703495e-01 -1.41440706e-01]
 [-1.83440501e+00 -5.62596296e+00 -1.02182408e+00  0.00000000e+00
  -5.15741390e-01 -2.16033254e-01]
 [-2.00339372e+00 -5.72686510e+00 -7.99450812e-01  0.00000000e+00
   5.91844313e-01  1.87985028e-01]
 [ 5.56056383e+00  4.16011871e+00  4.27087736e+00  0.00000000e+00
   8.41778109e-01 -5.70461388e-02]
 [-1.59252972e+00 -6.28490303e+00 -5.93859054e-01  0.00000000e+00
   1.84244481e-01 -7.77913663e-03]]
[04/03/2022, 04:42:34] computing sampling shap 330:340 within 46.1421 sec, 4.5503 on average
[04/03/2022, 04:42:34] instances left: 29
[04/03/2022, 04:42:34] estimating time left: 0:02:11.958700

[[-2.21912811 -5.32776126 -1.02682803  0.         -0.41717925  0.33060945]
 [16.42984847 -2.13600383  0.          0.         -0.03695099 -0.17740415]
 [-2.20429107 -5.36044361 -0.98307615  0.          0.23813035 -0.1406673 ]
 [ 7.70772548  6.55091555  0.          0.         -0.54822171 -0.14088418]
 [-2.03619066 -5.50217976 -0.87288603  0.         -0.82733974  0.2638532 ]
 [ 8.17045419  6.17090677 -0.15520128  0.         -0.34801036  0.35242306]
 [-1.73725362 -5.68366015 -1.08385506  0.          0.22326749 -0.19391056]
 [-2.08318308 -5.47391382 -0.83038226  0.         -0.55149777 -0.25616874]
 [-2.10988572 -5.23785823 -1.10425188  0.          0.16295786 -0.22156461]
 [-1.76781861 -5.72460064 -0.94333494  0.          0.94848659 -0.0343632 ]]
[04/03/2022, 04:43:17] computing sampling shap 340:350 within 43.4158 sec, 4.5443 on average
[04/03/2022, 04:43:17] instances left: 19
[04/03/2022, 04:43:17] estimating time left: 0:01:26.341700

[[-0.77079907 13.27676091 -0.13778784  0.         -0.49353935 -0.04538283]
 [-2.14775255 -5.69321608 -0.5615055   0.          0.48749324  0.09268035]
 [-2.17359798 -5.53917556 -0.66034099  0.          0.91441443 -0.17412994]
 [-1.01728252 -2.30700301 15.37021584  0.          0.85835045  0.21187956]
 [-2.01872946 -5.34540101 -1.11870589  0.         -0.87943513  0.05944647]
 [-1.96958483 -6.10690267 -0.51608587  0.         -0.44869043 -0.02274103]
 [-2.8299093  -5.77529348  0.          0.          0.0195838   0.34093909]
 [-0.35882263 12.71358033  0.          0.         -0.37161428 -0.2340091 ]
 [-1.97832497 -5.80946214 -0.65134458  0.          0.95302772 -0.12214716]
 [-0.59967003 13.44880535 -0.45853206  0.         -0.30670623  0.47017664]]
[04/03/2022, 04:44:00] computing sampling shap 350:360 within 42.6319 sec, 4.5365 on average
[04/03/2022, 04:44:00] instances left: 9
[04/03/2022, 04:44:00] estimating time left: 0:00:40.828500

[[-1.65473399 -5.82322672 -1.00152843  0.         -0.62002413  0.18588034]
 [-1.86288159 -5.86211353 -0.76523653  0.          1.03805729 -0.18065563]
 [-1.93263994 -5.80359646 -0.72215254  0.          0.15744883 -0.11327078]
 [-2.49308059 -5.33336186 -0.74174513  0.         -0.55697476  0.03713412]
 [-2.04902426 -5.60955547 -0.8597677   0.          0.27196753  0.20563149]
 [-2.1278186  -5.97368662 -0.48609078  0.         -0.40834209 -0.26511742]
 [ 5.90768993  4.29175239  4.08424961  0.         -0.46375327  0.2937025 ]
 [-1.60140444 -5.48145777 -1.28362909  0.          0.87132509 -0.13766352]
 [-2.42298882 -5.38429958 -0.59431067  0.          0.92576029 -0.1569908 ]
 [-2.19926987 -5.89314223 -0.43886127  0.          0.2200406   0.12873343]]
[04/03/2022, 04:44:00] finish computing sampling shap for range: [1, 8] within 1633.143363 sec
