Child #[12, 13]: psutil.Process(pid=5164, name='python', status='running', started='03:07:51'), affinity [12, 13]
Child #[12, 13]: Set my affinity to [12, 13], affinity now [12, 13]

[04/03/2022, 05:38:09] start computing sampling shap for range: [7, 8]
[04/03/2022, 05:38:51] computing sampling shap 1572:1582 within 42.6448 sec, 4.2645 on average
[04/03/2022, 05:38:51] instances left: 252
[04/03/2022, 05:38:51] estimating time left: 0:17:54.654000

[[-0.18593399  9.89534022  0.          0.         -0.26479761 -0.07555317]
 [-0.06647949 -0.6983484   0.          0.         -0.51838243 -0.16790471]
 [-0.09732608 -0.75948481  0.          0.         -0.26188961  0.15696843]
 [-0.16808119 -0.69069168  0.          0.         -0.92289431  0.34827488]
 [-0.01500915 -0.83722033  0.          0.         -0.39325399 -0.08102592]
 [-0.08649514 -0.63364321 -0.16518107  0.          0.37077718 -0.06194539]
 [-0.21995649 -0.65144411  0.          0.         -0.46117971 -0.12980423]
 [-0.18789907 -0.58205666 -0.09574871  0.          0.05306592 -0.07273573]
 [-0.07857708 -0.8142807  -0.1173763   0.          0.43673406 -0.03963667]
 [ 0.         -0.92938603  0.          0.         -0.24922656  0.21688032]]
[04/03/2022, 05:39:28] computing sampling shap 1582:1592 within 37.0417 sec, 3.9844 on average
[04/03/2022, 05:39:28] instances left: 242
[04/03/2022, 05:39:28] estimating time left: 0:16:04.224800

[[-0.04347928 -0.81792729 -0.03906901  0.         -0.85251528 -0.16907724]
 [-0.13859261 -0.01512974  9.53790565  0.         -0.83761296 -0.14167519]
 [ 0.         -0.7120363  -0.22090231  0.         -0.94417323 -0.16279573]
 [-0.11559268 -0.77088455  0.          0.         -0.39110281  0.20305346]
 [-0.01495491 -0.63782243 10.0811948   0.         -0.26735762  0.58468524]
 [-0.01549725 -0.78004699  0.          0.         -0.21726563 -0.16924086]
 [-0.13763059 -0.65108363 10.11071558  0.          0.45314656 -0.18665963]
 [-0.20296243 -0.57800864 -0.14788155  0.         -0.2291076   0.31222737]
 [-0.1394369  -0.80748094  0.          0.          0.79486358 -0.16282559]
 [ 0.         -0.74510143 -0.14461612  0.          0.36982851 -0.1544484 ]]
[04/03/2022, 05:40:04] computing sampling shap 1592:1602 within 35.5878 sec, 3.8426 on average
[04/03/2022, 05:40:04] instances left: 232
[04/03/2022, 05:40:04] estimating time left: 0:14:51.483200

[[-0.07556025 -0.89353295  0.          0.         -0.26395021  0.17660684]
 [-0.01688581 -0.71417378 -0.17501014  0.         -0.78844568 -0.14008976]
 [-0.01661529 -0.56354213 -0.26224779  0.         -1.01471596  0.10168559]
 [-0.08583053 -0.65528931 -0.09009876  0.         -0.47238014 -0.08666425]
 [-0.01335678 -0.83202328  0.          0.         -1.13438441 -0.13951608]
 [-0.12959004 -0.72054755  0.          0.          0.06090361 -0.22195472]
 [-0.18481934 -0.66960383 -0.10651534  0.         -0.28560659 -0.16643632]
 [-0.1929496  -0.76126616  0.          0.         -1.14360649 -0.16654416]
 [-0.19952585 -0.76503561  0.          0.         -0.31522621  0.43867231]
 [-0.18501757 -0.70677801 -0.099745    0.         -0.29723248 -0.11599188]]
[04/03/2022, 05:40:43] computing sampling shap 1602:1612 within 39.3747 sec, 3.8663 on average
[04/03/2022, 05:40:43] instances left: 222
[04/03/2022, 05:40:43] estimating time left: 0:14:18.318600

[[ 0.         -0.84729584  0.          0.          1.16568796 -0.12859741]
 [-0.20661439 -0.71708815  0.          0.          0.06038217 -0.08933838]
 [-0.01572975 -0.72130407 -0.16052957  0.         -0.36325725  0.01649497]
 [-0.13691404 -0.56125694 -0.13000146  0.         -0.43139521  0.31379749]
 [11.59964744 -0.42396453  0.          0.          0.03154423 -0.1551459 ]
 [-0.12742985 -0.55805613 -0.21540506  0.          0.37288278  0.38260284]
 [-0.01353938 -0.77914227  0.          0.          0.636917   -0.12737019]
 [ 0.         -0.731233   -0.1073464   0.          0.03871498 -0.04334086]
 [ 0.         -0.96501347  0.          0.         -0.07691039  0.22328787]
 [-0.1459586  -0.7312968   0.          0.         -0.17473636 -0.17652931]]
[04/03/2022, 05:41:21] computing sampling shap 1612:1622 within 37.8673 sec, 3.8504 on average
[04/03/2022, 05:41:21] instances left: 212
[04/03/2022, 05:41:21] estimating time left: 0:13:36.284800

[[ 0.         -0.76216102 -0.08086367  0.         -0.41277344  0.27867561]
 [-0.14130929 -0.71009958 -0.04020135  0.          1.20148898 -0.14319745]
 [-0.02979778 -0.83014667  0.          0.          0.35989191 -0.1130842 ]
 [-0.23717328 -0.55489116 -0.11327254  0.         -0.287082    0.27266687]
 [-0.16768932 -0.73242203  0.          0.         -0.10161216 -0.22679747]
 [-0.04775872 -0.75519697 -0.05128073  0.          0.0346076   0.09066466]
 [-0.0160535  -0.82392609  0.          0.         -0.01638209  0.12739759]
 [-0.09621652 -0.8073978   0.          0.          1.19604717 -0.06836785]
 [-0.11812363 -0.72248481 -0.11046856  0.          0.83491722 -0.14225989]
 [-0.17660057 -0.73401682  0.          0.         -0.34412372 -0.15274214]]
[04/03/2022, 05:41:58] computing sampling shap 1622:1632 within 36.3964 sec, 3.8153 on average
[04/03/2022, 05:41:58] instances left: 202
[04/03/2022, 05:41:58] estimating time left: 0:12:50.690600

[[-1.27757818e-01 -8.09091642e-01 -7.67922398e-02  0.00000000e+00
  -2.18358676e-01 -1.21340583e-01]
 [-9.06407065e-02 -6.53523747e-01 -1.08970165e-01  0.00000000e+00
   7.49046165e-01 -1.54331365e-01]
 [ 0.00000000e+00 -8.34366161e-01  0.00000000e+00  0.00000000e+00
  -1.03228689e+00  1.50010854e-01]
 [-1.12300678e-01 -6.70537363e-01 -7.89007455e-02  0.00000000e+00
  -3.91268111e-01  8.68118338e-03]
 [-1.26166107e-01 -7.26076556e-01  0.00000000e+00  0.00000000e+00
  -3.57421897e-01 -1.84496231e-01]
 [-1.20572775e-01 -6.71051418e-01  0.00000000e+00  0.00000000e+00
   2.71489457e-01 -1.87928253e-01]
 [ 0.00000000e+00  9.82023800e+00  0.00000000e+00  0.00000000e+00
  -7.92971226e-01  3.98125354e-01]
 [ 0.00000000e+00 -7.55667369e-01 -1.60194918e-01  0.00000000e+00
  -9.62585789e-01 -1.79198447e-01]
 [-1.53248373e-01 -6.85188348e-01  0.00000000e+00  0.00000000e+00
  -1.01886080e+00 -1.82609959e-01]
 [ 0.00000000e+00 -7.90019260e-01 -5.48693519e-02  0.00000000e+00
   1.17477051e+00 -1.63200427e-01]]
[04/03/2022, 05:42:39] computing sampling shap 1632:1642 within 41.1923 sec, 3.8588 on average
[04/03/2022, 05:42:39] instances left: 192
[04/03/2022, 05:42:39] estimating time left: 0:12:20.889600

[[-7.79802056e-02 -2.47107388e-01  9.71646533e+00  0.00000000e+00
  -4.03513823e-01 -1.32856333e-01]
 [-6.81913226e-02 -6.89348137e-01 -9.58125118e-02  0.00000000e+00
   7.80640638e-03 -1.65643332e-01]
 [-4.61599471e-02 -7.98891507e-01  0.00000000e+00  0.00000000e+00
   3.27761323e-01 -1.90772731e-01]
 [-1.61855117e-01 -7.72650351e-01  0.00000000e+00  0.00000000e+00
  -7.33959171e-01 -1.15991518e-01]
 [-1.34574193e-01 -6.82789999e-01 -1.04805017e-01  0.00000000e+00
   4.32502308e-01 -1.84670289e-01]
 [-8.98965377e-02 -7.07500544e-01  0.00000000e+00  0.00000000e+00
  -1.80629272e-01  2.91315876e-02]
 [-1.08188850e-01 -8.18031390e-01  0.00000000e+00  0.00000000e+00
  -3.49249472e-01  1.63650352e-01]
 [-1.30090095e-02 -9.14066931e-01  0.00000000e+00  0.00000000e+00
  -3.34496842e-01  1.18282665e-02]
 [-1.85727525e-01 -6.12136318e-01 -1.13578415e-01  0.00000000e+00
  -2.77961821e-01  7.41392529e-01]
 [-2.35274161e-01 -5.17045259e-01 -1.17533080e-01  0.00000000e+00
   7.40241884e-01 -1.53524476e-01]]
[04/03/2022, 05:43:19] computing sampling shap 1642:1652 within 40.1716 sec, 3.8786 on average
[04/03/2022, 05:43:19] instances left: 182
[04/03/2022, 05:43:19] estimating time left: 0:11:45.905200

[[-0.06857808 -0.66159738 -0.15845396  0.         -1.03641567  0.99874804]
 [-0.07002543 -0.71599766  0.          0.          0.66441132 -0.16152337]
 [-0.08272026 -0.62788116 -0.14845727  0.         -1.25870919 -0.16331698]
 [-0.02690895 -0.66644369 -0.16648273  0.         -0.25603394  0.48578435]
 [ 0.         -0.77253     0.          0.         -0.48067839 -0.20917626]
 [-0.07111341 -0.79362107  0.          0.          1.21824308 -0.11954682]
 [-0.04431679  9.89074881  0.          0.         -0.41590137 -0.10226535]
 [-0.14191251 -0.73677119  0.          0.          0.33892323 -0.01457358]
 [-0.11087698 -0.71750058 -0.21342495  0.         -0.23122162  0.02327948]
 [-0.10340468 -0.78533867 -0.09168941  0.          0.83309501 -0.16754233]]
[04/03/2022, 05:43:56] computing sampling shap 1652:1662 within 36.6638 sec, 3.855 on average
[04/03/2022, 05:43:56] instances left: 172
[04/03/2022, 05:43:56] estimating time left: 0:11:03.060000

[[-0.02544712 -0.7806427   0.          0.         -0.44152986 -0.20349522]
 [-0.12156477 -0.6138732  -0.10451328  0.         -1.03788413  0.02461769]
 [-0.01584805 -0.72780143 -0.07695861  0.         -0.32293827  0.14787113]
 [ 0.         -0.95475553  0.          0.         -0.28047695  0.17469385]
 [-0.15611648 -0.565907   -0.1384787   0.          0.38530793 -0.2328688 ]
 [-0.0314623  -0.69921533 -0.09835787  0.          1.14845777 -0.15274107]
 [ 0.         -0.83508868  0.          0.         -0.39718544 -0.02018874]
 [-0.04253417 -0.91113034  0.          0.          0.39467812  0.02676566]
 [ 0.         -0.89288384  0.          0.         -0.3778333  -0.03942886]
 [-0.10704893 -0.64925971 -0.08443224  0.          0.04057341 -0.21102135]]
[04/03/2022, 05:44:33] computing sampling shap 1662:1672 within 36.8597 sec, 3.8381 on average
[04/03/2022, 05:44:33] instances left: 162
[04/03/2022, 05:44:33] estimating time left: 0:10:21.772200

[[-0.19359256 -0.65938647  0.          0.          0.71646405 -0.07471518]
 [ 0.         -0.74390614 -0.15938757  0.         -0.3117413   0.60292747]
 [-0.14081093 -0.59734078 -0.18526058  0.          0.77365484 -0.06147289]
 [-0.0506226  -0.68055739 -0.10352706  0.          0.31267375 -0.053144  ]
 [-0.03187039 -0.76793612  0.          0.         -0.41199391 -0.20118092]
 [-0.02870339  9.88944184 -0.1012063   0.         -0.33857937 -0.12062817]
 [ 0.         -0.83053842  0.          0.         -0.13344362  0.13992543]
 [-0.12303917 -0.80986742  0.          0.         -0.96906452 -0.05632199]
 [-0.1572015  -0.76550891  0.          0.         -0.29732335  0.13770998]
 [-0.06845187 -0.73086323 -0.10672962  0.          0.81483612 -0.0972565 ]]
[04/03/2022, 05:45:09] computing sampling shap 1672:1682 within 36.6234 sec, 3.8222 on average
[04/03/2022, 05:45:09] instances left: 152
[04/03/2022, 05:45:09] estimating time left: 0:09:40.974400

[[-0.11060448 -0.67414397 -0.10256508  0.         -0.94514122 -0.18598534]
 [-0.17974303 -0.70966839  0.          0.          0.34997552 -0.16862713]
 [-0.1059296  -0.65260758 -0.12007705  0.         -0.26566894  0.02494837]
 [ 0.         -0.69702817 -0.18520272  0.         -0.15992249 -0.18636755]
 [ 0.         -0.88251118  0.          0.         -0.32517624 -0.16447393]
 [ 0.         -0.87174822  0.          0.          0.291985    0.04754247]
 [-0.07838594 -0.74355264  0.          0.          0.29298964 -0.17911416]
 [-0.01517627 -0.79626143 -0.10120134  0.          0.40733426 -0.06987237]
 [ 0.         -0.81057176  0.          0.         -0.62396057  0.25074044]
 [-0.104791   -0.72421227  0.          0.         -0.91392061  0.12538513]]
[04/03/2022, 05:45:49] computing sampling shap 1682:1692 within 40.2027 sec, 3.8387 on average
[04/03/2022, 05:45:49] instances left: 142
[04/03/2022, 05:45:49] estimating time left: 0:09:05.095400

[[ 0.          9.86251857  0.          0.         -0.36499147 -0.01877803]
 [ 0.         -0.86773681  0.          0.          0.72117873  0.03554637]
 [-0.0167757  -0.65430354 -0.14697959  0.          1.13759827 -0.09547453]
 [-0.01366854 -0.86174326  0.          0.         -0.3401044  -0.12410239]
 [-0.22314574 -0.57485333  0.          0.          1.12410776 -0.13631411]
 [-0.01511508 -0.84187835 -0.12368665  0.          0.46050221 -0.09295864]
 [-0.07369706 -0.58645922 -0.15638176  0.         -0.10634709  0.39502254]
 [-0.01413085 -0.69601724 -0.1103113   0.         -1.10912557 -0.16406612]
 [-0.01093562 -0.88861582 -0.03436766  0.         -0.28654425 -0.10604583]
 [-0.06364099 -0.63500238 -0.12583839  0.          0.33544437 -0.1602363 ]]
[04/03/2022, 05:46:29] computing sampling shap 1692:1702 within 39.3687 sec, 3.8462 on average
[04/03/2022, 05:46:29] instances left: 132
[04/03/2022, 05:46:29] estimating time left: 0:08:27.698400

[[-0.1123757  -0.67395592 -0.08961246  0.         -0.78086586  0.03636463]
 [ 0.         -0.72912618 -0.22184308  0.         -0.30991027 -0.15787315]
 [-0.02629023  9.72585401  0.          0.          0.10629559  0.20250807]
 [ 0.         -0.83416391  0.          0.         -0.42333383 -0.11696301]
 [-0.08350478  9.94284698  0.          0.          0.24505458  0.10606465]
 [-0.06959833 -0.72493458 -0.04792935  0.         -0.5577117   0.41722612]
 [ 0.         -0.73881555 -0.18110369  0.          1.21521644 -0.12861582]
 [-0.09839561 -0.63552217 -0.07763133  0.         -0.34322709  0.19304378]
 [ 0.         -0.64891881 -0.25975281  0.          0.36801176  0.14665944]
 [ 0.         -0.85736768  0.          0.         -0.65989489  0.17899223]]
[04/03/2022, 05:47:07] computing sampling shap 1702:1712 within 37.9943 sec, 3.8429 on average
[04/03/2022, 05:47:07] instances left: 122
[04/03/2022, 05:47:07] estimating time left: 0:07:48.833800

[[ 0.00000000e+00 -3.39790965e-01  2.05842341e+01  0.00000000e+00
   5.86519816e-01 -6.09488561e-02]
 [-1.17586412e-02 -8.24935435e-01  0.00000000e+00  0.00000000e+00
  -3.51996678e-01 -2.05469868e-01]
 [-9.15179989e-02 -6.44369136e-01 -1.50712767e-01  0.00000000e+00
  -6.50683707e-01  2.28733839e-01]
 [-1.58464333e-01 -6.71830328e-01  0.00000000e+00  0.00000000e+00
   2.96176406e-01 -1.73944875e-01]
 [ 0.00000000e+00 -7.15449285e-01 -1.51461019e-01  0.00000000e+00
   1.15870234e+00 -1.25110804e-01]
 [-1.70282933e-01 -6.65421884e-01  0.00000000e+00  0.00000000e+00
   2.75934440e-01 -1.48292643e-01]
 [-1.06909928e-01 -6.06844150e-01 -1.30489813e-01  0.00000000e+00
  -3.70295279e-01  1.13989276e-01]
 [-2.56170958e-01 -5.44085097e-01 -1.63191607e-01  0.00000000e+00
  -2.58021746e-01 -4.23397445e-02]
 [-1.70425805e-01 -6.61607658e-01  0.00000000e+00  0.00000000e+00
   7.03980739e-01 -1.30366887e-01]
 [-8.57981180e-03 -8.57777774e-01 -5.19619749e-02  0.00000000e+00
   9.47880274e-02 -1.00772284e-01]]
[04/03/2022, 05:47:44] computing sampling shap 1712:1722 within 37.4003 sec, 3.8361 on average
[04/03/2022, 05:47:44] instances left: 112
[04/03/2022, 05:47:44] estimating time left: 0:07:09.643200

[[-0.14065578 -0.81460476  0.          0.          0.42427246 -0.17707478]
 [-0.04663764 -0.72300346 -0.1022712   0.          0.10204639  0.14179962]
 [-0.12102043 -0.66562249 -0.10970332  0.         -0.25285763  0.0298692 ]
 [-0.08930766 -0.74363484  0.          0.         -0.94614096  0.46429395]
 [ 0.          0.         -0.70713792  0.         -0.56234004 -0.13528643]
 [-0.05724206 -0.71731388 -0.17724641  0.         -0.341376   -0.08400093]
 [ 0.         -0.73076624 -0.14200403  0.         -0.37243826  0.2197126 ]
 [ 0.         -0.86967621  0.          0.         -1.03027871 -0.05833816]
 [-0.08411896 -0.77922599 -0.04768273  0.         -0.36725536 -0.09887057]
 [-0.04916696  9.84851352  0.          0.         -0.90262218  0.18930217]]
[04/03/2022, 05:48:21] computing sampling shap 1722:1732 within 37.1329 sec, 3.8284 on average
[04/03/2022, 05:48:21] instances left: 102
[04/03/2022, 05:48:21] estimating time left: 0:06:30.496800

[[-0.06217397 -0.70459644 -0.1005488   0.         -1.00038512  0.21516684]
 [-0.07387506 -0.81014879  0.          0.         -0.36219738 -0.16676014]
 [-0.20028412 -0.72519723  0.          0.         -0.93245634  0.2867339 ]
 [-0.15585597 -0.63205633  0.          0.         -0.81446462  0.38818602]
 [-0.16249786 -0.72067655 -0.05006415  0.         -0.25968346  0.25072856]
 [-0.17107908 -0.53424709 -0.08184461  0.         -1.06841193 -0.20206384]
 [-0.01111918 -0.7715968  -0.16491871  0.         -0.84283146  0.80968615]
 [ 0.         -0.84575655 -0.05230838  0.          0.41422619 -0.19049836]
 [-0.18816746 -0.62833512 -0.08299612  0.         -0.33150113  0.63485274]
 [ 0.         -0.90393277  0.          0.          0.79534363 -0.17454558]]
[04/03/2022, 05:48:58] computing sampling shap 1732:1742 within 36.3556 sec, 3.8171 on average
[04/03/2022, 05:48:58] instances left: 92
[04/03/2022, 05:48:58] estimating time left: 0:05:51.173200

[[-0.061161   -0.78453803 -0.05103534  0.         -0.96076492 -0.11456271]
 [-0.18336016 -0.67551679  0.          0.          0.73468967 -0.08704294]
 [-0.03174929 -0.80131015 -0.13616717  0.         -0.22128824 -0.1214721 ]
 [-0.10153273 -0.69699032 -0.10201546  0.         -0.29596365 -0.2546128 ]
 [-0.01437291 -0.79611658 -0.0907459   0.         -0.37434884  0.49643308]
 [ 0.         -0.82531812 -0.23795035  0.         -0.1835286  -0.16618438]
 [-0.03993948 -0.77753301  0.          0.          0.32898169 -0.12464596]
 [-0.10258779 -0.72695405 -0.03697633  0.         -0.42369414 -0.17217239]
 [-0.05279053 -0.74383502 -0.05330536  0.         -1.29296029 -0.14349518]
 [-0.01604988 -0.87931873  0.          0.         -0.29540744  0.16258675]]
[04/03/2022, 05:49:38] computing sampling shap 1742:1752 within 40.2717 sec, 3.8287 on average
[04/03/2022, 05:49:38] instances left: 82
[04/03/2022, 05:49:38] estimating time left: 0:05:13.953400

[[-0.14421536 -0.61840562  0.          0.         -0.85448621  0.73574935]
 [-0.16735181 -0.68685332  0.          0.         -0.37408077 -0.05596978]
 [-0.09485918 -0.72734255 -0.1484112   0.         -0.6909702   0.13961742]
 [-0.11977292 -0.77612442  0.          0.         -0.08582614  0.23786063]
 [ 0.         -0.87003568  0.          0.          0.72818462 -0.14128371]
 [-0.09569592 -0.75338339 -0.04808816  0.          0.38342957 -0.13553568]
 [-0.13090587  9.76975733  0.          0.          1.09634969 -0.11647952]
 [-0.10723236 -0.78064834  0.          0.         -1.01805207 -0.11250718]
 [-0.07322211 -0.58588787 -0.30287053  0.         -0.26945186  0.14910855]
 [-0.15850775 -0.73364889  0.          0.          0.35352935  0.1446269 ]]
[04/03/2022, 05:50:15] computing sampling shap 1752:1762 within 37.1559 sec, 3.8228 on average
[04/03/2022, 05:50:15] instances left: 72
[04/03/2022, 05:50:15] estimating time left: 0:04:35.241600

[[ 0.         -0.9785218   0.          0.          0.14287415  0.10668362]
 [-0.14532493 -0.80774049  0.          0.          0.8016181  -0.16343266]
 [ 0.         -0.84610947  0.          0.         -0.78107327 -0.20742222]
 [-0.09265893 -0.56987287 -0.1666206   0.         -0.41200132 -0.16361122]
 [-0.0787365  -0.70367432  0.          0.          0.68814254  0.12804963]
 [-0.01634635 -0.90966532  0.          0.          0.38716166 -0.03632705]
 [ 0.         -0.82121102  0.          0.         -0.37703828 -0.05149527]
 [-0.14610304 -0.71596721  0.          0.         -0.44215394  0.23379953]
 [-0.12328253 -0.7430263   0.          0.         -0.36187493 -0.03562527]
 [-0.02786575 -0.8628911   0.          0.         -0.41145592 -0.02335665]]
[04/03/2022, 05:50:53] computing sampling shap 1762:1772 within 37.6351 sec, 3.8198 on average
[04/03/2022, 05:50:53] instances left: 62
[04/03/2022, 05:50:53] estimating time left: 0:03:56.827600

[[-1.41393886e-01 -7.27996110e-01  0.00000000e+00  0.00000000e+00
  -1.48446032e-01 -1.64214788e-01]
 [-1.41427171e-01 -7.70713219e-01  0.00000000e+00  0.00000000e+00
   1.23214772e+00 -1.53325898e-01]
 [-1.67498143e-01 -7.29153683e-01  0.00000000e+00  0.00000000e+00
  -2.87683250e-01 -1.27651771e-01]
 [-9.97641379e-02 -7.46232342e-01  0.00000000e+00  0.00000000e+00
   9.32842750e-03 -1.74520685e-01]
 [-1.49811235e-02  9.78106072e+00  0.00000000e+00  0.00000000e+00
  -3.19109598e-01 -1.75452025e-01]
 [ 0.00000000e+00 -7.60940861e-01 -1.69012899e-01  0.00000000e+00
  -8.35727801e-01  1.48142724e-01]
 [-1.25987831e-01 -7.14587431e-01  0.00000000e+00  0.00000000e+00
  -6.40449031e-03  1.30808393e-01]
 [-1.70517590e-01 -8.81578181e-01  0.00000000e+00  0.00000000e+00
  -2.39703176e-01 -3.37703612e-02]
 [ 0.00000000e+00 -9.26325571e-01  0.00000000e+00  0.00000000e+00
  -8.09299905e-01  9.44695116e-02]
 [-1.67378590e-02 -5.95339946e-01 -1.57493438e-01  0.00000000e+00
   2.79662767e-01 -1.84428860e-01]]
[04/03/2022, 05:51:35] computing sampling shap 1772:1782 within 41.81 sec, 3.837 on average
[04/03/2022, 05:51:35] instances left: 52
[04/03/2022, 05:51:35] estimating time left: 0:03:19.524000

[[-6.16382917e-02 -8.30332830e-01  0.00000000e+00  0.00000000e+00
  -7.79323275e-01 -1.63310623e-01]
 [ 0.00000000e+00 -6.15629246e-01  1.00286616e+01  0.00000000e+00
   3.82412312e-01 -2.06956309e-01]
 [-1.67958978e-02 -8.64473431e-01  0.00000000e+00  0.00000000e+00
  -1.57507770e-01 -1.89743766e-01]
 [ 0.00000000e+00 -7.39589516e-01 -1.22428167e-01  0.00000000e+00
   7.22232758e-01 -1.75094914e-01]
 [-9.95562762e-02 -7.36815646e-01 -9.63199718e-02  0.00000000e+00
  -9.65915504e-01  7.28213083e-01]
 [-1.12290765e-01 -7.79256936e-01  0.00000000e+00  0.00000000e+00
  -6.67261261e-02 -7.24049687e-05]
 [-1.67569127e-01 -7.15074384e-01  0.00000000e+00  0.00000000e+00
  -3.84611541e-01  6.43105663e-02]
 [-1.55703537e-02 -9.20681994e-01  0.00000000e+00  0.00000000e+00
  -6.10264298e-01 -1.43673105e-01]
 [-4.72331967e-02 -6.84009869e-01 -1.87838951e-01  0.00000000e+00
   1.22119715e+00 -1.35433913e-01]
 [-1.33355656e-01 -7.48857139e-01  0.00000000e+00  0.00000000e+00
   3.71591837e-01 -1.02515800e-01]]
[04/03/2022, 05:52:17] computing sampling shap 1782:1792 within 42.4086 sec, 3.8554 on average
[04/03/2022, 05:52:17] instances left: 42
[04/03/2022, 05:52:17] estimating time left: 0:02:41.926800

[[ 0.         -0.5676922  -0.19948779  0.         -0.42534093  0.12926384]
 [-0.13285846  9.6763744   0.          0.          1.1675376  -0.09233187]
 [-0.04861528 -0.64263938 -0.19822399  0.          0.74461441 -0.17001577]
 [-0.18935057 -0.71657064  0.          0.          0.4012355  -0.20337729]
 [-0.155059   -0.4981345  -0.14571462  0.          1.10552723 -0.08255415]
 [-0.09951857 -0.7160192  -0.04118189  0.          0.33383392  0.12888524]
 [-0.15215811 -0.78158593  0.          0.         -0.34534419  0.20456159]
 [-0.10491364 -0.64456483 -0.14381699  0.         -0.33538719 -0.1109362 ]
 [-0.01213034 -0.58595786 -0.31179393  0.         -0.99471711 -0.13157966]
 [-0.01356598 -0.85132357 -0.0905067   0.         -0.71475175 -0.114308  ]]
[04/03/2022, 05:52:53] computing sampling shap 1792:1802 within 35.8983 sec, 3.8439 on average
[04/03/2022, 05:52:53] instances left: 32
[04/03/2022, 05:52:53] estimating time left: 0:02:03.004800

[[-0.12866403 -0.71014476 -0.10764035  0.          1.2492876  -0.13615728]
 [-0.19246999 -0.69919023  0.          0.         -0.38933005 -0.04457912]
 [-0.12201552 -0.73445676  0.          0.          0.06249398 -0.04791652]
 [ 0.         -0.77881041 -0.09735678  0.          0.33655127  0.21837065]
 [ 0.         -0.77642292  0.          0.         -0.72998478  0.48884504]
 [ 6.31170275  4.79806504 -0.15351144  0.         -1.08455515  0.47477211]
 [-0.08284974 -0.73615979 -0.05601461  0.          0.35811429 -0.13236377]
 [-0.13300602 -0.6356536   0.          0.          1.07082025 -0.06819882]
 [-0.15233297 -0.5755058  -0.04928396  0.         -0.49225578 -0.18173656]
 [-0.01407728 -0.64658441 -0.16638693  0.         -0.44000338  0.19252549]]
[04/03/2022, 05:53:27] computing sampling shap 1802:1812 within 34.3121 sec, 3.8267 on average
[04/03/2022, 05:53:27] instances left: 22
[04/03/2022, 05:53:27] estimating time left: 0:01:24.187400

[[-0.13793709 -0.62121789 -0.1178278   0.         -1.2401153  -0.16398679]
 [-0.21587609 -0.66683765  0.          0.         -0.39155382 -0.18935805]
 [-0.01514683 -0.81029229 -0.15142472  0.          0.77832284 -0.00362848]
 [-0.19211059 -0.67804817 -0.09021536  0.          0.11994262 -0.17075719]
 [-0.09026465 -0.69708503  0.          0.         -0.48014676 -0.19612938]
 [-0.13789358 -0.62247711 -0.12579994  0.         -0.10239454 -0.23995575]
 [-0.21006453 -0.7144182  -0.08281322  0.         -0.93276679 -0.15358837]
 [ 0.         -0.68312282 -0.21056182  0.         -0.24649141  0.10939313]
 [-0.02901474 -0.74723111 -0.12882534  0.          1.22085375 -0.12598792]
 [ 0.         -0.79020655 -0.12652711  0.          0.30431948  0.60295954]]
[04/03/2022, 05:54:05] computing sampling shap 1812:1822 within 38.0129 sec, 3.8257 on average
[04/03/2022, 05:54:05] instances left: 12
[04/03/2022, 05:54:05] estimating time left: 0:00:45.908400

[[-0.05849202 -0.83792859  0.          0.          0.35370765  0.21383386]
 [-0.05469131 -0.75694222 -0.09592635  0.         -0.8539501   0.64020123]
 [ 0.         -0.8706795   0.          0.          1.19475072 -0.15738959]
 [-0.15053503 -0.62873373 -0.10058606  0.         -0.75838338  0.09759522]
 [ 0.         -0.89471544  0.          0.          0.77022067 -0.06396996]
 [-0.05387977 -0.56794319 -0.14448458  0.         -0.61261717  0.38851084]
 [-0.01422517 -0.94349953  0.          0.         -0.25728984  0.23808428]
 [-0.12719285 -0.74721671  0.          0.         -0.28328802 -0.21446381]
 [-0.12807263 -0.83006314  0.          0.          0.78550916 -0.14225322]
 [ 0.         -0.88605009 -0.04341189  0.         -0.22950396  0.13077663]]
[04/03/2022, 05:54:44] computing sampling shap 1822:1832 within 38.3845 sec, 3.8262 on average
[04/03/2022, 05:54:44] instances left: 2
[04/03/2022, 05:54:44] estimating time left: 0:00:07.652400

[[-0.01328891 -0.93117746  0.          0.          0.46387056 -0.13254085]
 [-0.10812397 -0.82578247  0.          0.         -0.06089775  0.58006052]
 [-0.01418936  9.55703981 -0.05912671  0.          1.21297222 -0.10710372]
 [-0.07401507 -0.81930551 -0.05466086  0.          0.41472981  0.03439027]
 [-0.08190372 -0.78161871  0.          0.         -0.54787925  0.50448057]
 [-0.01398885 -0.93769972  0.          0.          1.24979056 -0.13142047]
 [-0.02694201 -0.77565546 -0.05183553  0.         -0.37635942  0.2215127 ]
 [ 0.         -0.84556573  0.          0.         -0.6273017   0.06777034]
 [-0.06461833 -0.6945468  -0.12430104  0.          0.74323412 -0.1746479 ]
 [ 0.         -0.87697181  0.          0.          0.3336726  -0.01103465]]
[04/03/2022, 05:54:44] finish computing sampling shap for range: [7, 8] within 994.804958 sec
