Child #[0, 1]: psutil.Process(pid=4870, name='python', status='running', started='03:06:23'), affinity [0, 1]
Child #[0, 1]: Set my affinity to [0, 1], affinity now [0, 1]

[04/03/2022, 03:04:21] start computing sampling shap for range: [1, 8]
[04/03/2022, 03:05:14] computing sampling shap 0:10 within 52.3339 sec, 5.2334 on average
[04/03/2022, 03:05:14] instances left: 466
[04/03/2022, 03:05:14] estimating time left: 0:40:38.764400

[[-5.09396712e-01 -2.56770784e+00 -7.40838144e-02  0.00000000e+00
  -8.80030338e-01 -1.52511569e-01]
 [ 1.06278601e+01 -2.11626612e+00 -1.23296004e-01  0.00000000e+00
  -5.80361179e-01 -1.72128225e-01]
 [-2.47721759e-01 -2.86024059e+00 -7.05061330e-02  0.00000000e+00
  -5.43751762e-01 -9.46870008e-03]
 [-2.87197073e-01 -2.81272796e+00 -1.38080090e-01  0.00000000e+00
   3.25320229e-01 -2.43415307e-01]
 [-5.49592534e-02  7.19100284e+00  0.00000000e+00  0.00000000e+00
  -8.02668498e-01 -1.77601819e-01]
 [-1.45473296e-01  1.78409829e+01  0.00000000e+00  0.00000000e+00
   1.01014015e-01  2.65407662e-01]
 [-2.85868464e-01 -2.98246926e+00 -7.77151855e-02  0.00000000e+00
   3.80109451e-01 -1.31366789e-01]
 [-3.73686242e-01 -2.79605195e+00 -8.09538863e-02  0.00000000e+00
  -7.31403148e-01  2.69188071e-01]
 [-3.81660375e-02  8.52405084e+00  9.22569281e+00  0.00000000e+00
   9.31920510e-02  2.45451980e-02]
 [-2.90090448e-01 -2.86077694e+00  0.00000000e+00  0.00000000e+00
  -4.14610774e-01 -2.80225992e-01]]
[04/03/2022, 03:06:03] computing sampling shap 10:20 within 49.2288 sec, 5.0782 on average
[04/03/2022, 03:06:03] instances left: 456
[04/03/2022, 03:06:03] estimating time left: 0:38:35.659200

[[-1.65462669e-01 -2.97722009e+00 -1.53716240e-01  0.00000000e+00
  -1.52484806e-01 -2.16708780e-01]
 [-4.34764307e-01 -2.67314007e+00 -7.20558458e-02  0.00000000e+00
   6.63213566e-01 -2.14425329e-01]
 [-5.67253885e-02  7.33627550e+00 -7.60728132e-02  0.00000000e+00
  -5.55423543e-01 -1.76051481e-01]
 [-9.75957816e-02  7.29455817e+00  0.00000000e+00  0.00000000e+00
   1.69351781e-01  3.72193149e-01]
 [ 0.00000000e+00  7.34030799e+00 -1.27853180e-01  0.00000000e+00
   5.93509197e-01 -6.49571911e-02]
 [ 0.00000000e+00 -3.30876634e+00  0.00000000e+00  0.00000000e+00
  -1.08284802e-01 -7.32660376e-02]
 [-3.43805509e-02 -3.12875234e+00 -6.84324847e-02  0.00000000e+00
  -5.04311224e-01 -2.26381602e-01]
 [-2.77972549e-01 -2.87219922e+00  0.00000000e+00  0.00000000e+00
   2.43878788e-01 -9.09687576e-02]
 [-1.86232060e-01 -2.95445475e+00 -7.76282695e-02  0.00000000e+00
   2.83047953e-03  3.36265247e-02]
 [-2.49275660e-01 -2.96206699e+00 -7.62774274e-02  0.00000000e+00
  -2.02993270e-01  3.74454926e-01]]
[04/03/2022, 03:06:51] computing sampling shap 20:30 within 47.8394 sec, 4.9802 on average
[04/03/2022, 03:06:51] instances left: 446
[04/03/2022, 03:06:51] estimating time left: 0:37:01.169200

[[-0.05411337 17.88000019  0.          0.         -0.41481471 -0.35031222]
 [-0.30877188 -2.88078721 -0.07377546  0.         -0.40038305  0.16091456]
 [-0.2374517  -3.0797848   0.          0.         -0.0690324   0.37368003]
 [-0.19175293 -3.08650946  0.          0.         -0.37006045 -0.18992851]
 [-0.24629582 -2.96828721  0.          0.          0.66954766 -0.21788149]
 [-0.23656759 -2.96135197  0.          0.         -0.50737602 -0.2444523 ]
 [-0.06333674 17.90863311 -0.07604697  0.         -0.76790476  0.09914811]
 [11.73190433  9.05784522  0.          0.         -0.3829934   0.02634406]
 [-0.32153255 -2.91740833  0.          0.          0.27723291 -0.16066642]
 [-0.03313444  7.36099747  0.          0.          0.16906576 -0.07933128]]
[04/03/2022, 03:07:39] computing sampling shap 30:40 within 48.2403 sec, 4.9412 on average
[04/03/2022, 03:07:39] instances left: 436
[04/03/2022, 03:07:39] estimating time left: 0:35:54.363200

[[-1.13495057e-01  1.79058847e+01  0.00000000e+00  0.00000000e+00
  -2.61954411e-01  1.42405617e-01]
 [-2.04556690e-01 -2.95220778e+00 -1.10479508e-01  0.00000000e+00
   1.16875694e+00 -1.79840081e-01]
 [-1.91241848e-01 -3.11794361e+00  0.00000000e+00  0.00000000e+00
  -1.06591077e-01  1.18707820e-01]
 [-1.22813028e-01  1.77122550e+01  0.00000000e+00  0.00000000e+00
  -9.81795990e-01 -1.11750051e-01]
 [-2.48226419e-01 -2.86476617e+00 -1.37135979e-01  0.00000000e+00
   2.97182132e-01  1.16018091e-01]
 [-3.50054872e-01 -2.81230650e+00 -1.10251895e-01  0.00000000e+00
   4.22217994e-02 -7.71904997e-02]
 [-2.80779153e-01 -2.71030909e+00 -7.79437314e-02  0.00000000e+00
   1.02999333e+00 -2.39289048e-01]
 [-2.75437264e-01 -2.85277426e+00 -7.74020589e-02  0.00000000e+00
   3.17414892e-01 -2.34175607e-01]
 [-2.97608601e-01 -2.83711654e+00 -1.35279087e-01  0.00000000e+00
  -3.52989864e-01  2.95681679e-03]
 [ 5.05647900e+00  3.19033383e+00  0.00000000e+00  0.00000000e+00
   9.42908614e-01 -1.95435695e-01]]
[04/03/2022, 03:08:31] computing sampling shap 40:50 within 51.7755 sec, 4.9885 on average
[04/03/2022, 03:08:31] instances left: 426
[04/03/2022, 03:08:31] estimating time left: 0:35:25.101000

[[-0.33066596  7.53206531 -0.07837649  0.         -0.46137456 -0.10812569]
 [-0.04389697 -3.08084295 -0.06986473  0.         -0.29368845  0.37213504]
 [-0.39900925 -2.92279771  0.          0.          0.76031346 -0.08360392]
 [-0.14003252  7.31010267  0.          0.          0.63159144 -0.17874507]
 [ 5.04392761 13.77103291  0.          0.         -0.17131442 -0.05405814]
 [-0.1561444  -3.04973582  0.          0.         -0.73394942  0.49449308]
 [-0.09587534 -2.92864618 -0.24005779  0.          1.09286298  0.03822566]
 [-0.18503565 -2.83896587 -0.26042145  0.         -0.65152258 -0.15062416]
 [-0.09983835 -3.18489471  0.          0.         -0.40786065 -0.21902008]
 [-0.37468199 -2.85599646  0.          0.         -0.41995943  0.21572799]]
[04/03/2022, 03:09:20] computing sampling shap 50:60 within 48.9719 sec, 4.9733 on average
[04/03/2022, 03:09:20] instances left: 416
[04/03/2022, 03:09:20] estimating time left: 0:34:28.892800

[[-0.00917805 -2.98861095 -0.11785579  0.         -0.95379766  0.66072497]
 [-0.17654597 -2.94347338 -0.07417698  0.          0.6452092  -0.21392971]
 [-0.40370005 -2.56452278 -0.14929755  0.          0.25171664 -0.15361201]
 [-0.28589142 -2.74905136 -0.07549191  0.          0.58181417  0.05935673]
 [-0.03719139  7.21646456  0.          0.         -0.17250342 -0.15801246]
 [-0.10524397 -2.82069418 -0.1863543   0.          0.2256269  -0.21064509]
 [-0.25384934 -2.91336799 -0.07263361  0.         -1.09167151  0.54316822]
 [-0.0449328  -3.04400417  0.          0.         -1.29451235 -0.29387734]
 [-0.2723921  -2.96791305 -0.06844386  0.          1.18212402 -0.12858894]
 [-0.01347428  7.19926224  0.          0.         -0.44129076 -0.24576265]]
[04/03/2022, 03:10:08] computing sampling shap 60:70 within 48.259 sec, 4.9522 on average
[04/03/2022, 03:10:08] instances left: 406
[04/03/2022, 03:10:08] estimating time left: 0:33:30.593200

[[-0.09436654 -3.07160002 -0.07020612  0.         -0.70507834 -0.18244867]
 [-0.39070681 -2.80769705  0.          0.          0.29059043 -0.21456107]
 [-0.45114164 -2.56830765 -0.12357382  0.          0.21662189 -0.04874794]
 [ 0.         -3.29641326  0.          0.          0.06379752 -0.04157696]
 [-0.33599346 -2.8592543   0.          0.         -0.02605489 -0.02956806]
 [-0.18289557 -3.13820313  0.          0.         -0.73334475 -0.11551766]
 [-0.06597429  7.29819715 -0.0764324   0.          1.00372905 -0.1702168 ]
 [-0.11812789  7.29768833  0.          0.          0.64195476 -0.0330687 ]
 [-0.19134389 -3.05596902  0.          0.          0.68005662  0.16698793]
 [-0.04332329 -3.33765601  0.          0.          1.26970709 -0.09466522]]
[04/03/2022, 03:11:00] computing sampling shap 70:80 within 51.8504 sec, 4.9814 on average
[04/03/2022, 03:11:00] instances left: 396
[04/03/2022, 03:11:00] estimating time left: 0:32:52.634400

[[-0.02487    -2.9981071  -0.17737112  0.         -0.3784891   0.10838321]
 [-0.10268498 -3.11088226 -0.10267348  0.         -0.36812639  0.10851992]
 [-0.20325583 -2.98270405 -0.14919197  0.         -0.4486197   0.14435758]
 [-0.50671807 -2.59135811 -0.07699298  0.         -0.3563747   0.20818888]
 [-0.12148207 -3.00316401 -0.07337494  0.          0.64519745 -0.17834819]
 [-0.1271439  -2.93767967 -0.19662085  0.          0.08772381 -0.26350295]
 [-0.33405416 -3.0088571   0.          0.          0.73656367 -0.15656909]
 [-0.1532958   7.22113471  0.          0.          0.02748551  0.10680269]
 [-0.44084381 -2.7739043   0.          0.         -0.02506888 -0.24216792]
 [-0.48880858 -2.65317096 -0.07693222  0.          0.04325975  0.2855936 ]]
[04/03/2022, 03:11:50] computing sampling shap 80:90 within 50.752 sec, 4.9918 on average
[04/03/2022, 03:11:50] instances left: 386
[04/03/2022, 03:11:50] estimating time left: 0:32:06.834800

[[-1.82350253e-01 -3.10048092e+00  0.00000000e+00  0.00000000e+00
  -3.90353148e-01 -2.07522754e-01]
 [-1.03177341e-01  1.78951994e+01 -1.46695699e-01  0.00000000e+00
   6.55367252e-01  1.27492700e-01]
 [-2.89657306e-01 -2.83824803e+00 -7.71696571e-02  0.00000000e+00
  -2.69731416e-01  3.58647920e-01]
 [-2.38747130e-01 -2.89297701e+00 -1.99485729e-01  0.00000000e+00
   1.25670769e+00 -1.80711960e-01]
 [ 0.00000000e+00  7.13705670e+00  0.00000000e+00  0.00000000e+00
   3.42192719e-01 -2.05617215e-01]
 [-8.43819718e-02 -2.95957599e+00 -1.13077435e-01  0.00000000e+00
  -7.45360943e-02 -1.24598791e-01]
 [-2.17491451e-01 -3.03306201e+00  0.00000000e+00  0.00000000e+00
   7.26498489e-01 -1.07337903e-01]
 [-1.23386306e-01  1.78486315e+01  0.00000000e+00  0.00000000e+00
  -3.40363579e-01  6.00714236e-01]
 [-1.17699910e-02 -3.10596596e+00 -7.36322097e-02  0.00000000e+00
   6.58515297e-01 -1.73603411e-01]
 [-3.72120181e-01 -2.88127049e+00  0.00000000e+00  0.00000000e+00
   2.40776966e-02 -7.95792286e-02]]
[04/03/2022, 03:12:40] computing sampling shap 90:100 within 49.9168 sec, 4.9918 on average
[04/03/2022, 03:12:40] instances left: 376
[04/03/2022, 03:12:40] estimating time left: 0:31:16.916800

[[-1.80195131e-01 -3.12962481e+00  0.00000000e+00  0.00000000e+00
   1.19728991e+00 -1.42683972e-01]
 [-3.87241795e-01 -2.61512319e+00 -2.26039779e-01  0.00000000e+00
   2.50835520e-01 -8.36046644e-02]
 [-3.71152729e-02  7.16802480e+00 -7.32894269e-02  0.00000000e+00
   6.18501544e-02 -1.39099594e-01]
 [ 5.14596469e+00  1.35967186e+01  0.00000000e+00  0.00000000e+00
   5.50647291e-01 -1.10052274e-01]
 [-1.27823205e-02 -3.23983042e+00  0.00000000e+00  0.00000000e+00
   7.25502286e-01 -2.35806010e-01]
 [-3.35415496e-01 -2.81919918e+00  0.00000000e+00  0.00000000e+00
   6.46078674e-01 -1.51735693e-01]
 [-2.62761838e-01 -3.00265580e+00  0.00000000e+00  0.00000000e+00
   7.30453000e-01 -2.27952219e-01]
 [-5.17091198e-01 -2.58555661e+00 -7.79789522e-02  0.00000000e+00
  -5.75390182e-01  1.30582548e-02]
 [-1.93968157e-01  7.34829947e+00  0.00000000e+00  0.00000000e+00
   2.65098590e-01 -1.45798248e-01]
 [-2.91478142e-01 -2.94980291e+00  0.00000000e+00  0.00000000e+00
  -3.97611432e-01 -2.72721852e-01]]
[04/03/2022, 03:13:31] computing sampling shap 100:110 within 50.3403 sec, 4.9956 on average
[04/03/2022, 03:13:31] instances left: 366
[04/03/2022, 03:13:31] estimating time left: 0:30:28.389600

[[-0.34723086 -2.76753548 -0.07826917  0.         -0.05928979 -0.22965957]
 [-0.18464242  7.32905111  0.          0.         -0.33109     0.13097345]
 [-0.11822052 -2.97308485 -0.11255381  0.         -0.52794183 -0.17431472]
 [-0.20586781 -2.94890365 -0.0744462   0.         -0.01680756  0.07772381]
 [-0.14505795 -2.94720756 -0.07450074  0.         -0.04995094 -0.20673735]
 [-0.37075618 -2.68860602 -0.11105759  0.          1.06922489 -0.17713237]
 [-0.11098408 -3.13348251  0.          0.          0.32478423  0.1977402 ]
 [-0.27753142 -2.94089875  0.          0.          0.29528086 -0.13802432]
 [-0.18426468 -2.81949736 -0.17438395  0.         -0.81112508  0.25547575]
 [-0.13329513 -3.12389406  0.          0.          1.14274317 -0.16388123]]
[04/03/2022, 03:14:23] computing sampling shap 110:120 within 52.5895 sec, 5.0176 on average
[04/03/2022, 03:14:23] instances left: 356
[04/03/2022, 03:14:23] estimating time left: 0:29:46.265600

[[-2.69001651e-01 -2.87451750e+00  0.00000000e+00  0.00000000e+00
  -2.94840339e-01  1.07108295e-01]
 [-4.57492572e-02  1.77537233e+01  0.00000000e+00  0.00000000e+00
   5.99060981e-01 -6.81560293e-02]
 [-1.39770510e-01 -2.85509890e+00 -1.50251071e-01  0.00000000e+00
   1.03744770e+00 -1.70654642e-01]
 [-1.55434444e-01  7.45693038e+00 -7.23751057e-02  0.00000000e+00
  -4.48927462e-01 -9.33110873e-02]
 [ 5.11542327e+00  3.28806909e+00  0.00000000e+00  0.00000000e+00
  -9.21580792e-01  2.20273196e-01]
 [-2.72964342e-01 -2.77375045e+00 -8.03185381e-02  0.00000000e+00
  -4.47871909e-01 -2.70799265e-01]
 [-3.55446258e-01 -2.65979886e+00 -1.17834205e-01  0.00000000e+00
  -9.06051692e-01  8.92650594e-01]
 [-1.71675589e-01 -3.12792592e+00 -7.75229854e-02  0.00000000e+00
  -9.99616510e-01  2.09225705e-01]
 [-8.03487793e-02 -3.06768443e+00 -9.58910758e-02  0.00000000e+00
  -3.79446665e-01 -7.25205366e-03]
 [-1.55865353e-01  7.49535706e+00 -1.40028702e-01  0.00000000e+00
   9.03621443e-01  6.90400485e-02]]
[04/03/2022, 03:15:15] computing sampling shap 120:130 within 52.0966 sec, 5.0324 on average
[04/03/2022, 03:15:15] instances left: 346
[04/03/2022, 03:15:15] estimating time left: 0:29:01.210400

[[-2.41712054e-01 -2.93990109e+00  0.00000000e+00  0.00000000e+00
  -3.23992985e-02  1.56960523e-03]
 [-2.85130982e-01 -2.88973192e+00  0.00000000e+00  0.00000000e+00
  -3.89115005e-01 -1.25109233e-01]
 [-4.39644924e-01 -2.78034209e+00  0.00000000e+00  0.00000000e+00
  -5.32615626e-01 -2.08414925e-01]
 [-2.67466841e-01 -1.82806982e+00  9.15379497e+00  0.00000000e+00
  -4.95669971e-01  9.46137816e-02]
 [-9.78057407e-02 -3.01869702e+00  0.00000000e+00  0.00000000e+00
  -5.52738686e-01  7.51682417e-02]
 [-3.02132494e-01 -2.91314460e+00  0.00000000e+00  0.00000000e+00
   1.02071990e-02  3.35886427e-01]
 [-4.10997647e-02  1.76894432e+01  0.00000000e+00  0.00000000e+00
  -4.05451616e-01  4.46007644e-01]
 [-1.13910738e-02  7.21092060e+00  0.00000000e+00  0.00000000e+00
   9.71250552e-01 -1.15072809e-01]
 [-2.13792181e-01  7.36852974e+00  0.00000000e+00  0.00000000e+00
  -4.54777222e-01 -2.01226377e-01]
 [-3.42397412e-02 -3.08084238e+00  0.00000000e+00  0.00000000e+00
  -4.87653734e-01 -2.35515480e-01]]
[04/03/2022, 03:16:08] computing sampling shap 130:140 within 52.3774 sec, 5.0471 on average
[04/03/2022, 03:16:08] instances left: 336
[04/03/2022, 03:16:08] estimating time left: 0:28:15.825600

[[-0.43073839 -2.79374332  0.          0.          0.6846664  -0.22310133]
 [-0.28370123 -2.9484242  -0.07015292  0.         -0.33022413  0.21693354]
 [-0.21587237 -2.91307765 -0.06388576  0.          1.0397668  -0.12525835]
 [-0.16532659  7.43151923  0.          0.         -0.48089081 -0.15192821]
 [-0.53515691 -2.71335226  0.          0.         -0.01953164  0.07338953]
 [12.02093568  8.845075   -0.09431013  0.         -0.13512545 -0.08872068]
 [-0.06872481  7.19739012  0.          0.          1.03875783 -0.14752577]
 [-0.10578981  7.23260518  0.          0.          1.03416799 -0.09537958]
 [-0.25236423  7.4305189   0.          0.         -0.32340244  0.10696015]
 [-0.22637775 -3.01489263  0.          0.         -0.43093428  0.3299905 ]]
[04/03/2022, 03:16:58] computing sampling shap 140:150 within 50.2291 sec, 5.0455 on average
[04/03/2022, 03:16:58] instances left: 326
[04/03/2022, 03:16:58] estimating time left: 0:27:24.833000

[[-0.02213284 -3.00140499 -0.1555314   0.          1.08253275 -0.18179075]
 [-0.10662486  7.26708414  0.          0.          0.66596363 -0.24132783]
 [-0.16370232 -3.08342391  0.          0.          0.02478729 -0.05185439]
 [-0.23755383 -3.03843308  0.          0.         -0.45081468  0.08738763]
 [-0.11425551  7.24533144  0.          0.          1.042346   -0.15352436]
 [-0.2494444  -2.93316918  0.          0.          0.25942945 -0.19919011]
 [-0.0499975   7.19928212  0.          0.         -0.16921175  0.17425246]
 [-0.01124916 -3.19459836  0.          0.         -0.44517753  0.14822197]
 [-0.23430282 -2.84095752 -0.13576093  0.         -0.42829915 -0.27229368]
 [-0.37337729 -2.99625162  0.          0.         -0.35236031 -0.10315265]]
[04/03/2022, 03:17:46] computing sampling shap 150:160 within 48.3348 sec, 5.0322 on average
[04/03/2022, 03:17:46] instances left: 316
[04/03/2022, 03:17:46] estimating time left: 0:26:30.175200

[[-2.16571105e-01 -2.90725010e+00  0.00000000e+00  0.00000000e+00
   1.02208871e+00 -1.76594796e-01]
 [-3.26860519e-01 -2.70638336e+00 -2.25278496e-01  0.00000000e+00
  -9.59991585e-01 -2.63186287e-01]
 [-3.01616725e-01 -2.86436351e+00 -6.97483978e-02  0.00000000e+00
   6.92252280e-01 -2.19440594e-01]
 [-3.13308143e-01 -2.77115868e+00 -1.49049044e-01  0.00000000e+00
  -6.68200415e-01  1.64556167e-01]
 [-1.03683170e-01 -3.11571048e+00  0.00000000e+00  0.00000000e+00
   1.14774659e+00 -1.83566606e-01]
 [-1.24356206e-01  7.27879646e+00  0.00000000e+00  0.00000000e+00
  -1.64807592e-04  2.81894068e-01]
 [-1.00559893e-02  7.22931322e+00  0.00000000e+00  0.00000000e+00
  -1.01697500e+00  2.74790211e-02]
 [-2.08785433e-01 -2.96029086e+00  0.00000000e+00  0.00000000e+00
  -4.08453681e-01 -2.86994859e-01]
 [-1.07131059e-01  7.22215784e+00  0.00000000e+00  0.00000000e+00
   6.15960734e-04  5.33267090e-01]
 [-4.48117239e-01 -2.60592214e+00 -1.36366483e-01  0.00000000e+00
   1.11566631e+00 -1.41095264e-01]]
[04/03/2022, 03:18:34] computing sampling shap 160:170 within 47.3473 sec, 5.0147 on average
[04/03/2022, 03:18:34] instances left: 306
[04/03/2022, 03:18:34] estimating time left: 0:25:34.498200

[[-2.22632814e-01 -2.73682345e+00 -1.24330884e-01  0.00000000e+00
   9.94324468e-01 -1.65751467e-01]
 [-3.56344712e-01 -2.85106461e+00  0.00000000e+00  0.00000000e+00
  -3.30762548e-01 -4.65777165e-02]
 [-2.07092888e-01 -2.86646674e+00 -1.29465659e-01  0.00000000e+00
  -2.33721700e-01 -2.75315784e-01]
 [-5.53049310e-02  1.76391101e+01  0.00000000e+00  0.00000000e+00
   3.05748000e-01 -8.92898147e-02]
 [-3.03208032e-01 -2.83660306e+00  0.00000000e+00  0.00000000e+00
  -6.11362910e-01 -1.98573715e-01]
 [-2.66878126e-01 -3.10681467e+00  0.00000000e+00  0.00000000e+00
  -6.96232144e-01 -1.97562758e-01]
 [-1.04505692e-01 -2.94880746e+00 -1.65890352e-01  0.00000000e+00
   5.38222379e-03  1.29589911e-01]
 [ 5.05737888e+00  3.22620242e+00  0.00000000e+00  0.00000000e+00
  -1.10538337e+00  2.76160901e-02]
 [-1.68001204e-01 -3.13067509e+00  0.00000000e+00  0.00000000e+00
   1.09054341e-01  4.01910159e-01]
 [-3.42773193e-01 -2.82785617e+00 -7.92551681e-02  0.00000000e+00
  -7.64397527e-01  3.57285351e-01]]
[04/03/2022, 03:19:23] computing sampling shap 170:180 within 49.28 sec, 5.0099 on average
[04/03/2022, 03:19:23] instances left: 296
[04/03/2022, 03:19:23] estimating time left: 0:24:42.930400

[[-0.04722225 17.83631879  0.          0.          0.23092127 -0.12265343]
 [-0.21624517 -3.08752155  0.          0.         -0.49770133  0.91210977]
 [-0.21673451 17.90109853  0.          0.         -0.5880797   0.21879895]
 [-0.05530862  7.15178972  0.          0.         -0.26148464  0.10929559]
 [-0.11014178 -2.99908458  0.          0.          1.01980131 -0.18890218]
 [-0.09530522  7.29311464  0.          0.         -0.18390277  0.12698958]
 [-0.04830162  7.30082588  0.          0.         -0.52606069 -0.193295  ]
 [ 0.         17.78446796  0.          0.          0.87158414 -0.21901958]
 [-0.35093788 -2.94336166  0.          0.          0.33872635 -0.04654342]
 [-0.35327231 -2.68371563 -0.11094715  0.         -1.1148184   0.3567322 ]]
[04/03/2022, 03:20:15] computing sampling shap 180:190 within 51.9318 sec, 5.0196 on average
[04/03/2022, 03:20:15] instances left: 286
[04/03/2022, 03:20:15] estimating time left: 0:23:55.605600

[[-0.32600078 -2.85166659  0.          0.          0.28323586  0.12495025]
 [-0.14292806 -2.84324206 -0.18823615  0.          0.64595233 -0.12570447]
 [-0.42928752 -2.89728241  0.          0.         -0.71988338  0.14776983]
 [-0.3168524  -2.80359198 -0.07212149  0.          0.26897626  0.09412724]
 [-0.363681   -2.65966799 -0.07494694  0.          1.00510487 -0.11274696]
 [ 0.         17.67921083  0.          0.          0.89352883 -0.1357069 ]
 [-0.2455606   7.5738099  -0.13166359  0.         -0.36418222 -0.09514413]
 [-0.37418739 -2.61223945 -0.19261465  0.         -0.45643214  0.11120721]
 [-0.06874806 -3.20216249 -0.09892775  0.          0.45523164 -0.18270335]
 [-0.32459732 -2.75128112 -0.15045985  0.          1.16280871 -0.15230503]]
[04/03/2022, 03:21:09] computing sampling shap 190:200 within 54.2645 sec, 5.0399 on average
[04/03/2022, 03:21:09] instances left: 276
[04/03/2022, 03:21:09] estimating time left: 0:23:11.012400

[[-0.41841318 -2.74859723  0.          0.          1.07517043 -0.18648739]
 [-0.17891125 -3.04613909  0.          0.         -0.36488323  0.64650108]
 [-0.2204652  -1.84780514  9.17636004  0.         -0.47755373  0.22807776]
 [-0.04396422 -3.1982952   0.          0.         -0.34911661 -0.25432739]
 [-0.39934357 -2.6776757   0.          0.         -1.34024132  0.16487456]
 [-0.04597189  7.22199147  0.          0.          0.63540574 -0.18850853]
 [-0.28523843 -2.90255331  0.          0.         -0.45061172 -0.22611319]
 [-0.29854744 -2.91517655 -0.07091744  0.         -0.30388535  0.07048972]
 [-0.02069255 17.76318524  0.          0.          0.69166199 -0.25350259]
 [-0.02007924  7.16026839  0.          0.          1.03929591 -0.11388094]]
[04/03/2022, 03:21:59] computing sampling shap 200:210 within 49.4449 sec, 5.0354 on average
[04/03/2022, 03:21:59] instances left: 266
[04/03/2022, 03:21:59] estimating time left: 0:22:19.416400

[[-0.03374583 -3.05831598 -0.08663292  0.          0.6146431  -0.19886527]
 [-0.25486274 -2.90190548 -0.16553593  0.          0.05171528 -0.16663433]
 [-0.05478519  7.23745532 -0.07876829  0.          1.03429361 -0.05690853]
 [-0.25470032 -2.95523207 -0.07010722  0.         -0.74527592  0.5952071 ]
 [-0.33634621 -2.89919928 -0.07388371  0.         -0.28666624 -0.09299167]
 [-0.04747238 -3.09823769  0.          0.         -0.07523689 -0.1352229 ]
 [-0.39236017 -2.91858222  0.          0.          0.40715224  0.21607905]
 [-0.33566136 -2.79939772  0.          0.         -0.87205407 -0.26037512]
 [-0.21916641 -3.10535035  0.          0.         -0.37493209 -0.19334414]
 [-0.37704624 -2.79562815 -0.13232009  0.         -0.17330956  0.17581427]]
[04/03/2022, 03:22:53] computing sampling shap 210:220 within 54.6059 sec, 5.0547 on average
[04/03/2022, 03:22:53] instances left: 256
[04/03/2022, 03:22:53] estimating time left: 0:21:34.003200

[[-0.28905747 -2.83943353 -0.13129204  0.          0.68071559 -0.05232536]
 [-0.08271487  7.39858054 -0.18904614  0.          1.04796348 -0.03566781]
 [-0.21432616 -2.92342723  0.          0.         -0.25243672 -0.15875091]
 [-0.2561338  -3.00308541  0.          0.         -0.22247523  0.90067537]
 [ 5.34899608  2.99637745  0.          0.          0.28047017  0.19921986]
 [-0.06152956  7.19260135  0.          0.          0.35262311  0.15356199]
 [-0.31487745 -2.93191559  0.          0.         -0.4470952   0.22248182]
 [-0.19274405  7.33573727  0.          0.         -0.42535177 -0.21890704]
 [-0.2378973  -2.97020955 -0.06892366  0.         -0.24070531  0.68407067]
 [-0.32831435 -2.69384583 -0.1577417   0.          1.07909605 -0.10513201]]
[04/03/2022, 03:23:44] computing sampling shap 220:230 within 51.2453 sec, 5.0578 on average
[04/03/2022, 03:23:44] instances left: 246
[04/03/2022, 03:23:44] estimating time left: 0:20:44.218800

[[ 5.13699854e+00  3.29630861e+00  0.00000000e+00  0.00000000e+00
  -1.67070315e-01  1.73023603e-01]
 [-3.36705385e-01 -2.68656792e+00 -7.02708789e-02  0.00000000e+00
  -8.18868568e-01  1.75252210e-01]
 [-1.10958646e-02 -3.17783568e+00  0.00000000e+00  0.00000000e+00
   1.14843875e+00 -2.37834193e-01]
 [-2.00887805e-01 -3.18448375e+00  0.00000000e+00  0.00000000e+00
   1.26405220e+00 -1.57007773e-01]
 [-3.54369699e-02  1.77683645e+01  0.00000000e+00  0.00000000e+00
  -4.39005534e-01 -1.70660765e-01]
 [-4.32349712e-01 -2.70408994e+00 -7.07850953e-02  0.00000000e+00
  -3.71042597e-01 -1.37760891e-01]
 [-3.92901333e-01  7.70072585e+00 -7.44150378e-02  0.00000000e+00
   9.52920765e-01 -1.06749471e-01]
 [-9.54137980e-02  1.77604404e+01  0.00000000e+00  0.00000000e+00
   3.64290243e-01 -2.13656427e-01]
 [-2.49275750e-01 -2.78955556e+00 -7.16110418e-02  0.00000000e+00
  -2.74455688e-01  5.36470658e-02]
 [ 0.00000000e+00 -3.14556169e+00 -1.20719539e-01  0.00000000e+00
   2.72693658e-02 -6.98801035e-02]]
[04/03/2022, 03:24:31] computing sampling shap 230:240 within 46.2864 sec, 5.0399 on average
[04/03/2022, 03:24:31] instances left: 236
[04/03/2022, 03:24:31] estimating time left: 0:19:49.416400

[[-0.12936837  7.29350516  0.          0.         -0.49156791  0.24406983]
 [-0.08540397 -2.92268465 -0.20875458  0.         -0.44063589 -0.18077219]
 [-0.17710656 -3.04009552 -0.08047478  0.         -0.14825286 -0.26613285]
 [-0.28069216 -2.76753848 -0.07720058  0.         -0.27524824 -0.02664798]
 [-0.41480293 -2.68052645  0.          0.         -0.92925364  0.28816625]
 [-0.17423587  3.3418498   4.02589732  0.          0.92020643  0.00959453]
 [-0.22903267 -2.83523867 -0.07156842  0.         -0.4314193   0.65867399]
 [-0.0223099  -3.15190624  0.          0.          0.27502065 -0.22317844]
 [-0.39230099 -2.82170549  0.          0.         -0.4634695  -0.08496565]
 [-0.15761104 -3.04348407 -0.07100135  0.         -1.04105885  0.27133477]]
[04/03/2022, 03:25:18] computing sampling shap 240:250 within 47.5418 sec, 5.0285 on average
[04/03/2022, 03:25:18] instances left: 226
[04/03/2022, 03:25:18] estimating time left: 0:18:56.441000

[[-3.11019678e-01 -2.88779047e+00 -7.28143101e-02  0.00000000e+00
  -7.14692330e-01  1.53432030e-01]
 [ 0.00000000e+00 -3.16331748e+00 -1.26021719e-01  0.00000000e+00
   4.13511158e-01 -1.43587018e-01]
 [-3.35304909e-01 -2.84107966e+00  0.00000000e+00  0.00000000e+00
  -1.84294539e-01  5.77529058e-01]
 [-4.65084647e-01 -2.76986266e+00 -7.01213609e-02  0.00000000e+00
  -4.26443535e-01 -1.68650757e-02]
 [-4.44510014e-01 -2.66368212e+00 -1.40373542e-01  0.00000000e+00
   6.70036298e-01  1.99557639e-01]
 [-1.64582771e-01 -3.09435949e+00  0.00000000e+00  0.00000000e+00
  -1.20269346e+00 -2.60000387e-01]
 [-6.04198968e-02  7.12360482e+00  0.00000000e+00  0.00000000e+00
  -2.62696980e-01  2.47612672e-01]
 [ 1.00449686e+01 -1.85178111e+00 -7.77429811e-02 -3.16753814e-04
  -7.68572165e-01 -2.08891694e-01]
 [-1.89785216e-01 -3.07007695e+00 -7.65414876e-02  0.00000000e+00
   4.18081532e-01  2.46770779e-01]
 [-1.04989612e-01  1.76235143e+01 -7.43825477e-02  0.00000000e+00
   1.05281716e+00 -1.88337834e-01]]
[04/03/2022, 03:26:08] computing sampling shap 250:260 within 49.8864 sec, 5.0269 on average
[04/03/2022, 03:26:08] instances left: 216
[04/03/2022, 03:26:08] estimating time left: 0:18:05.810400

[[-0.25872253 -2.9766528  -0.07848356  0.          0.06030941 -0.02064395]
 [11.89922607  8.83886063  0.          0.         -0.1962011  -0.05928632]
 [-0.17497613 -2.882816   -0.16584817  0.          1.14214721 -0.13434124]
 [-0.29119953 -2.81890683 -0.10956409  0.         -0.12023823  0.43621577]
 [-0.27765961 -2.76572081 -0.07405473  0.         -0.5418104  -0.25236842]
 [-0.23008245 -2.96179278  0.          0.         -0.38638599  0.11053026]
 [-0.02273874 -2.97520382 -0.20439955  0.          0.30647921 -0.12355226]
 [-0.28049256 -2.92356939  0.          0.         -0.01500625 -0.17603194]
 [-0.11839802 -3.08311104 -0.07090748  0.         -0.43550588  0.36271222]
 [-0.21009375 -2.81592768 -0.1601326   0.         -0.29324362 -0.15150638]]
[04/03/2022, 03:26:59] computing sampling shap 260:270 within 50.7002 sec, 5.0285 on average
[04/03/2022, 03:26:59] instances left: 206
[04/03/2022, 03:26:59] estimating time left: 0:17:15.871000

[[-0.01125881 -3.24143585  0.          0.          0.69901946 -0.07771731]
 [-0.28769864 -2.93358036  0.          0.         -0.35986269  0.06182249]
 [-0.08432434 -3.06793593 -0.0798544   0.         -0.86023383 -0.18600989]
 [-0.52540126 -2.83973839  0.          0.         -0.29054301  0.16901231]
 [-0.24253477 -2.90716262 -0.07156872  0.         -0.03254954 -0.14128446]
 [-0.33409559 -2.8565902   0.          0.         -0.52002398  0.44659251]
 [-0.02420819 -3.16246205  0.          0.         -0.43317987  0.14939635]
 [-0.21152917  7.47443813 -0.14803564  0.          0.01629839  0.30370783]
 [-0.36604938 -2.79176129 -0.07444256  0.          0.37723802  0.09316802]
 [-0.28244549  7.3879952   0.          0.          0.41628974 -0.28638948]]
[04/03/2022, 03:27:49] computing sampling shap 270:280 within 50.4469 sec, 5.0291 on average
[04/03/2022, 03:27:49] instances left: 196
[04/03/2022, 03:27:49] estimating time left: 0:16:25.703600

[[-1.72995882e-02 -2.96440786e+00 -1.40376060e-01  0.00000000e+00
  -6.61295276e-01  8.38808017e-01]
 [-4.65554336e-02 -3.11845993e+00  0.00000000e+00  0.00000000e+00
   5.97952202e-01 -1.39393176e-01]
 [-2.45076573e-01 -2.98474879e+00  0.00000000e+00  0.00000000e+00
  -7.06200190e-01  4.96822576e-01]
 [ 5.16373699e+00  3.07316115e+00  0.00000000e+00  0.00000000e+00
   9.15250611e-01 -9.56068014e-02]
 [-4.21255988e-01 -2.70257673e+00  0.00000000e+00  0.00000000e+00
   8.52341431e-01  2.42318396e-01]
 [ 5.19797415e+00  1.33442720e+01  0.00000000e+00  0.00000000e+00
   6.70962455e-01 -1.70572107e-01]
 [-2.41816313e-01 -2.88983186e+00 -7.27060327e-02  0.00000000e+00
  -4.07075711e-01 -1.92920409e-01]
 [-2.83469048e-01 -2.94053614e+00  0.00000000e+00  0.00000000e+00
   6.73192763e-01 -1.03345462e-01]
 [-1.96481185e-01 -2.86196641e+00  0.00000000e+00  0.00000000e+00
  -5.57794080e-01 -3.34747096e-01]
 [-1.14973634e-01  7.28332878e+00  0.00000000e+00  0.00000000e+00
   2.54905030e-01 -5.66309534e-03]]
[04/03/2022, 03:28:38] computing sampling shap 280:290 within 48.4142 sec, 5.0227 on average
[04/03/2022, 03:28:38] instances left: 186
[04/03/2022, 03:28:38] estimating time left: 0:15:34.222200

[[-1.01979141e-02 -3.29089003e+00  0.00000000e+00  0.00000000e+00
  -2.80178683e-01  1.32280687e-01]
 [-9.76741300e-03 -2.99979650e+00 -1.70409708e-01  0.00000000e+00
   1.09581058e+00 -1.31671338e-01]
 [ 0.00000000e+00 -3.17677957e+00  0.00000000e+00  0.00000000e+00
   1.00037693e+00  4.84776779e-02]
 [-8.63643372e-02  7.20345896e+00  0.00000000e+00  0.00000000e+00
   1.03784965e+00 -1.65641579e-01]
 [-2.02248493e-01 -2.91302351e+00  0.00000000e+00  0.00000000e+00
   1.06946949e+00 -1.40741586e-01]
 [-2.13612491e-01 -2.79263627e+00 -1.54449729e-01  0.00000000e+00
  -4.64693222e-01 -1.37049899e-01]
 [-3.89679241e-01 -2.73726211e+00 -1.30094545e-01  0.00000000e+00
  -1.50973165e-01 -9.00725980e-02]
 [-9.59066105e-02  1.76594142e+01 -7.41515496e-02  0.00000000e+00
   1.12180378e+00 -1.40790171e-01]
 [-1.55297469e-01  1.77047889e+01  0.00000000e+00  0.00000000e+00
  -4.27250364e-01 -1.54102948e-01]
 [-2.44841994e-01 -2.90142747e+00 -7.29010177e-02  0.00000000e+00
  -4.34911641e-01  1.02413559e-01]]
[04/03/2022, 03:29:30] computing sampling shap 290:300 within 52.1131 sec, 5.029 on average
[04/03/2022, 03:29:30] instances left: 176
[04/03/2022, 03:29:30] estimating time left: 0:14:45.104000

[[-0.29283744 -2.95345908  0.          0.         -0.34086727 -0.18945507]
 [-0.33757308 -2.73132337 -0.11802308  0.         -1.00913423 -0.28564642]
 [ 0.         -3.08114869 -0.16595513  0.         -0.15358088 -0.14825602]
 [-0.21221162 -2.98721878  0.          0.         -0.69758333 -0.02163453]
 [-0.22557065 -2.92828286  0.          0.          0.26632606 -0.23484635]
 [-0.36673277 -2.66416546 -0.12277182  0.          0.22385886 -0.08829443]
 [-0.08806252 -3.05658908  0.          0.         -0.53665042  0.20717742]
 [-0.13321043 -2.99807998 -0.18258421  0.         -0.40393228 -0.1439913 ]
 [-0.22943789 -2.90454345  0.          0.         -0.47477593  0.19548201]
 [-0.28102258 -2.89235748 -0.07616513  0.          0.67837686 -0.16000366]]
[04/03/2022, 03:30:18] computing sampling shap 300:310 within 48.477 sec, 5.0231 on average
[04/03/2022, 03:30:18] instances left: 166
[04/03/2022, 03:30:18] estimating time left: 0:13:53.834600

[[ 5.12742921  3.30509983 -0.08394011  0.         -0.70177081 -0.18250798]
 [-0.29194781 -2.68319986 -0.13665509  0.          0.20553404 -0.21610585]
 [-0.39751921 -2.82032491  0.          0.         -0.43303669  0.18042646]
 [-0.39114142 -2.78456722 -0.07502672  0.         -1.04225507  0.75619985]
 [-0.20325604 -2.86271527 -0.13027552  0.          1.10993428 -0.19201489]
 [-0.1834954  -3.04326469 -0.07439572  0.         -0.19281478 -0.15707574]
 [-0.35384672 -2.71232105 -0.18874344  0.         -0.46021231 -0.23586551]
 [-0.03733485 17.81149802 -0.07386286  0.          0.69439555 -0.21404364]
 [ 5.12192697  3.27304405  0.          0.         -0.36059052  0.06871036]
 [-0.09497396 -2.98017178 -0.07471054 -0.07487259 -0.18786487  0.11552495]]
[04/03/2022, 03:31:09] computing sampling shap 310:320 within 50.2778 sec, 5.0233 on average
[04/03/2022, 03:31:09] instances left: 156
[04/03/2022, 03:31:09] estimating time left: 0:13:03.634800

[[-0.29245203 -2.76770116 -0.14246555  0.         -0.07915034 -0.15545432]
 [-0.45850183 -2.79082201  0.          0.          0.03159948 -0.21949893]
 [-0.25088954 -2.94955161  0.          0.         -0.36013605  0.31638929]
 [ 5.1573375   3.22257673  0.          0.         -0.10747461 -0.09072817]
 [-0.20187722 -2.88762885 -0.07611529  0.         -0.42331402 -0.18768367]
 [-0.26840122 -2.8874617  -0.07068023  0.         -0.50582544 -0.15721206]
 [-0.03802413  7.1812961   0.          0.         -0.2010859  -0.19494316]
 [-0.13098286  7.33075702  0.          0.         -0.05131428  0.26987408]
 [-0.33082491 -2.59654057 -0.22414063  0.          0.62855012  0.15308605]
 [-0.03781659  7.27107147 -0.10719573  0.         -0.35705368  0.03046259]]
[04/03/2022, 03:31:58] computing sampling shap 320:330 within 49.6731 sec, 5.0216 on average
[04/03/2022, 03:31:58] instances left: 146
[04/03/2022, 03:31:58] estimating time left: 0:12:13.153600

[[ 0.          7.14322925  0.          0.          0.31098292 -0.05872764]
 [-0.48269382 -2.70446014  0.          0.          0.28255986 -0.25150604]
 [-0.35456692 -2.68746169 -0.18717738  0.          0.03365223 -0.11333835]
 [-0.08834171 -2.97801612  0.          0.          0.16612335 -0.11918093]
 [-0.37390147 -2.78309867 -0.06262801  0.          0.66166871  0.03252878]
 [-0.01930599 -3.11967102 -0.15886597  0.         -0.31563311  0.09586506]
 [-0.33696344 -2.98469982  0.          0.         -0.16774076 -0.22265885]
 [-0.23549121 -2.73361595 -0.16787227  0.          0.26904575 -0.1932404 ]
 [-0.32208685 -2.84056045 -0.07451977  0.         -0.00891526 -0.02811132]
 [-0.20356772 -3.13495667  0.          0.          0.40168237 -0.21925753]]
[04/03/2022, 03:32:48] computing sampling shap 330:340 within 49.7437 sec, 5.0202 on average
[04/03/2022, 03:32:48] instances left: 136
[04/03/2022, 03:32:48] estimating time left: 0:11:22.747200

[[-3.06588343e-01 -2.74846825e+00 -1.30836984e-01  0.00000000e+00
   2.61446030e-01  1.54966182e-01]
 [-4.39056094e-01 -2.78355133e+00  0.00000000e+00  0.00000000e+00
  -5.58347238e-02  4.24871170e-03]
 [-1.61173178e-01 -3.01998479e+00  0.00000000e+00  0.00000000e+00
   1.07238991e+00 -1.46446022e-01]
 [-2.22549257e-01 -2.89150461e+00 -1.34830144e-01  0.00000000e+00
   1.14254493e+00 -9.95989587e-02]
 [-2.56227421e-01 -2.79362852e+00 -7.30207377e-02  0.00000000e+00
   1.02132060e+00 -1.76771213e-01]
 [-2.46857218e-01  7.44088335e+00 -7.40704662e-02  0.00000000e+00
  -3.29470288e-01 -1.38761722e-01]
 [-1.99468999e-01 -2.91335375e+00  0.00000000e+00  0.00000000e+00
   5.91386717e-01 -1.85020751e-01]
 [-2.48448689e-02 -2.98219314e+00 -1.87385222e-01  0.00000000e+00
  -5.45479189e-01 -1.63495119e-01]
 [-5.06194905e-02  7.16463985e+00  0.00000000e+00  0.00000000e+00
  -3.36244639e-01 -2.44606794e-01]
 [-1.29806353e-01 -2.98817144e+00  0.00000000e+00  0.00000000e+00
  -8.45229606e-01  5.56468224e-02]]
[04/03/2022, 03:33:37] computing sampling shap 340:350 within 49.3845 sec, 5.0179 on average
[04/03/2022, 03:33:37] instances left: 126
[04/03/2022, 03:33:37] estimating time left: 0:10:32.255400

[[-3.38275959e-02  1.78100223e+01 -7.82707681e-02  0.00000000e+00
   4.65191244e-03 -1.36825650e-01]
 [-2.43242985e-01 -2.87091024e+00 -6.72201398e-02  0.00000000e+00
  -5.06151762e-01 -2.74733201e-01]
 [-3.34404002e-01 -2.72969601e+00 -2.10664679e-01  0.00000000e+00
   3.63932049e-01 -8.64294532e-02]
 [-3.65023911e-01  7.47711371e+00  0.00000000e+00  0.00000000e+00
   7.06398245e-01 -1.54544169e-01]
 [-2.00875557e-02  7.29975654e+00 -7.25034676e-02  0.00000000e+00
   9.26792961e-01 -1.44656111e-01]
 [-5.17196049e-01 -2.62850270e+00 -7.51641215e-02  0.00000000e+00
  -2.09087237e-01 -1.18990806e-01]
 [-2.86158257e-01 -2.75794823e+00 -1.97603741e-01  0.00000000e+00
  -1.92490849e-01 -2.57844337e-03]
 [-1.29318440e-02 -3.12365064e+00 -7.22817882e-02  0.00000000e+00
  -1.13978178e+00 -2.58659891e-01]
 [-3.15746422e-01 -3.03009977e+00  0.00000000e+00  0.00000000e+00
  -2.99924063e-01  1.01594295e+00]
 [-2.79779228e-01 -2.94740642e+00  0.00000000e+00  0.00000000e+00
   2.98046090e-01 -1.32034414e-01]]
[04/03/2022, 03:34:28] computing sampling shap 350:360 within 50.0802 sec, 5.0176 on average
[04/03/2022, 03:34:28] instances left: 116
[04/03/2022, 03:34:28] estimating time left: 0:09:42.041600

[[-5.26737375e-01 -2.73866422e+00  0.00000000e+00  0.00000000e+00
   7.18201934e-01  1.45346195e-01]
 [-2.21352431e-01 -2.77870540e+00 -1.33016402e-01  0.00000000e+00
  -7.78610921e-01 -3.77093863e-03]
 [-1.10440511e-01 -2.83105830e+00 -2.31498802e-01  0.00000000e+00
   6.09425819e-01  1.61718389e-01]
 [-1.58539825e-01 -1.86239152e+00  9.04268553e+00  0.00000000e+00
  -8.22611931e-01  2.48001764e-01]
 [-3.58833793e-01 -2.71690874e+00 -1.28604420e-01  0.00000000e+00
  -3.62226769e-02 -6.83226284e-02]
 [ 5.28957623e+00  3.01891849e+00  0.00000000e+00  0.00000000e+00
   9.23348559e-01 -2.09984991e-01]
 [-2.36231379e-01 -2.90571004e+00 -7.81308835e-02  0.00000000e+00
   6.90587877e-01 -2.33432700e-01]
 [-3.71129452e-01 -2.74268342e+00  0.00000000e+00  0.00000000e+00
  -6.05416446e-01 -1.86886498e-01]
 [-3.60371748e-01 -2.89650032e+00 -6.97565726e-02  0.00000000e+00
   3.74839180e-01 -5.03268600e-02]
 [ 0.00000000e+00 -3.15689556e+00 -7.46475570e-02  0.00000000e+00
  -1.24723706e+00 -1.48337535e-01]]
[04/03/2022, 03:35:19] computing sampling shap 360:370 within 51.0518 sec, 5.02 on average
[04/03/2022, 03:35:19] instances left: 106
[04/03/2022, 03:35:19] estimating time left: 0:08:52.120000

[[-2.87325444e-01 -3.10306857e+00  0.00000000e+00  0.00000000e+00
   4.37170564e-01 -1.07950048e-01]
 [-9.08530126e-02 -2.98346311e+00 -1.56224298e-01  0.00000000e+00
   1.74039077e-02 -9.57555011e-02]
 [-3.63075904e-01 -3.01048114e+00  0.00000000e+00  0.00000000e+00
  -6.73349984e-02 -1.08048576e-01]
 [-9.39857679e-02  7.24247437e+00  0.00000000e+00  0.00000000e+00
   1.01231880e+00 -1.71504748e-01]
 [-1.69217012e-01 -3.08866079e+00  0.00000000e+00  0.00000000e+00
  -8.29842233e-02  4.37169517e-01]
 [-2.23857143e-01 -3.01153785e+00 -6.28328551e-02  0.00000000e+00
  -2.23975339e-01  5.45967652e-01]
 [-2.80821466e-02  1.76845604e+01  0.00000000e+00  0.00000000e+00
   9.40521393e-01 -1.59966746e-01]
 [-1.19378768e-02  7.18834657e+00 -6.38251688e-02  0.00000000e+00
  -3.22305205e-01  4.76059294e-01]
 [-2.26127684e-01 -3.05179938e+00  0.00000000e+00  0.00000000e+00
   3.30895572e-01 -2.09068380e-01]
 [-2.34249578e-02 -3.20437437e+00  0.00000000e+00  0.00000000e+00
  -1.85483654e-01  1.70840061e-02]]
[04/03/2022, 03:36:06] computing sampling shap 370:380 within 47.2795 sec, 5.0123 on average
[04/03/2022, 03:36:06] instances left: 96
[04/03/2022, 03:36:06] estimating time left: 0:08:01.180800

[[-0.39705541 -2.70206297 -0.06983571  0.         -0.76323676 -0.14676545]
 [-0.2861609  -2.61779494 -0.13062967 -0.07380147 -0.81903536  0.47124318]
 [-0.22889841 -2.82894466 -0.15614435  0.         -0.47478054  0.34355785]
 [-0.34968053 -2.6990651  -0.2181576   0.         -0.33037431 -0.09471611]
 [-0.2883024  -2.82162581 -0.13996476  0.         -0.493953   -0.00724978]
 [-0.09769958 -3.05852939 -0.07324805  0.         -0.44540457 -0.23673229]
 [-0.12928031 -3.07346437 -0.07936523  0.         -0.18431409 -0.18462273]
 [-0.33908583 -2.88621633  0.          0.         -0.35253415 -0.06039127]
 [-0.25265407 -2.88004168  0.          0.         -0.08624312 -0.05525446]
 [-0.21830494  7.23320881  0.          0.          0.12011515 -0.04293593]]
[04/03/2022, 03:36:57] computing sampling shap 380:390 within 50.9609 sec, 5.0144 on average
[04/03/2022, 03:36:57] instances left: 86
[04/03/2022, 03:36:57] estimating time left: 0:07:11.238400

[[-0.02352514 -3.00336503 -0.1714317   0.         -0.25837696 -0.20889355]
 [-0.24822971 -2.76945369 -0.17294973  0.          0.61238363 -0.18466744]
 [ 0.         -3.26558125  0.          0.         -0.17685431 -0.11260441]
 [-0.19073969 -3.0046076   0.          0.         -0.88403409  0.09509457]
 [-0.27999335 -2.81865773 -0.0706143   0.         -0.27741137  0.3305182 ]
 [-0.2936199  -2.78579648 -0.07551475  0.          1.02493605 -0.14833207]
 [-0.1298794  -2.90716707 -0.14078167  0.          1.11068793 -0.1880739 ]
 [-0.04892697 -2.98038828 -0.22357081  0.         -0.21378711 -0.16423093]
 [-0.38615244 -2.77886452 -0.07860911  0.         -1.0757123  -0.15863305]
 [-0.37624967 -2.67105784 -0.13227816  0.         -0.46310528  0.08591043]]
[04/03/2022, 03:37:50] computing sampling shap 390:400 within 52.8516 sec, 5.0212 on average
[04/03/2022, 03:37:50] instances left: 76
[04/03/2022, 03:37:50] estimating time left: 0:06:21.611200

[[-0.09228614 -2.92401689 -0.19207624  0.         -0.50030098 -0.03427783]
 [-0.13520957 -3.1199181   0.          0.         -1.11347997  0.40910502]
 [-0.30620835 -2.9254152   0.          0.         -0.79180258  0.06857736]
 [-0.48997101 -2.70737757  0.          0.         -0.41642879 -0.07530979]
 [-0.08947966 -3.04778198 -0.17265302  0.          0.39940787  0.18856459]
 [-0.37455749  7.56957728 -0.13341023  0.          0.97162408  0.14744437]
 [-0.02512964 -3.17233125  0.          0.         -0.4929234   0.14042443]
 [-0.45458006 -2.52556516 -0.19158018  0.          0.25087154 -0.1403204 ]
 [-0.29820544 -2.76877468 -0.06822238  0.         -0.53644688 -0.13712932]
 [-0.3271217  -2.87195321  0.          0.         -0.85290413 -0.13606087]]
[04/03/2022, 03:38:40] computing sampling shap 400:410 within 50.1547 sec, 5.0211 on average
[04/03/2022, 03:38:40] instances left: 66
[04/03/2022, 03:38:40] estimating time left: 0:05:31.392600

[[-0.02907894  7.24735856 -0.0751075   0.          0.97849843 -0.04038359]
 [-0.39209802 -2.65984802 -0.15880572  0.         -0.24129929 -0.19899577]
 [-0.21364011 -3.07087859  0.          0.         -0.42883776 -0.19004093]
 [-0.1381351  -3.10724925  0.          0.         -0.36581676 -0.17814638]
 [-0.46186075 -2.72587839  0.          0.          0.29056399 -0.20013555]
 [-0.23875442 -3.04925396  0.          0.          1.15526001 -0.14557894]
 [ 0.          7.17912588  0.          0.         -0.53837532 -0.18982186]
 [-0.18626478 -2.88850456 -0.16467512  0.          1.12552241 -0.07897793]
 [-0.36712349 -2.77896393 -0.07784542  0.         -0.4034436  -0.23714867]
 [-0.32198842 -2.81306795 -0.0792047   0.         -1.11291487 -0.27888974]]
[04/03/2022, 03:39:30] computing sampling shap 410:420 within 49.7557 sec, 5.02 on average
[04/03/2022, 03:39:30] instances left: 56
[04/03/2022, 03:39:30] estimating time left: 0:04:41.120000

[[-3.09849805e-01 -2.71143436e+00 -1.13398266e-01  0.00000000e+00
   1.04449776e+00 -1.25649942e-01]
 [ 0.00000000e+00 -3.16898549e+00 -1.58235846e-01  0.00000000e+00
  -2.62322933e-01  3.49811866e-01]
 [ 5.12900017e+00  3.11245179e+00  0.00000000e+00 -3.16752193e-04
  -1.01935198e+00  1.62084234e-01]
 [-4.39682547e-01 -2.63096315e+00 -1.04871837e-01  0.00000000e+00
  -4.83137767e-01  2.35447878e-02]
 [-2.07009277e-02 -3.08989658e+00 -2.20741157e-01  0.00000000e+00
   7.45012618e-01 -3.02259061e-02]
 [-2.11095219e-01 -3.06543879e+00  0.00000000e+00  0.00000000e+00
   6.92941554e-01 -1.79324126e-01]
 [-3.41392132e-01 -2.70207299e+00 -7.51727709e-02  0.00000000e+00
  -1.15488060e+00 -1.12916989e-01]
 [-2.45108615e-01 -2.80459976e+00 -7.33688868e-02  0.00000000e+00
  -1.16009975e+00  6.21044197e-01]
 [-1.59577474e-01 -2.84846820e+00 -1.79930433e-01  0.00000000e+00
  -4.01855106e-01 -2.14519109e-01]
 [-1.42820089e-01 -2.92443746e+00  0.00000000e+00 -7.82999531e-02
   2.22951498e-01 -2.33493664e-01]]
[04/03/2022, 03:40:18] computing sampling shap 420:430 within 48.4878 sec, 5.016 on average
[04/03/2022, 03:40:18] instances left: 46
[04/03/2022, 03:40:18] estimating time left: 0:03:50.736000

[[-0.34937178 -2.91026598  0.          0.         -0.44221894 -0.25916053]
 [-0.3195119  -2.79256612 -0.07622485  0.          0.67433325 -0.14018849]
 [-0.28540108 -2.94076363  0.          0.         -0.48219019 -0.02333417]
 [-0.18104484 -2.79125632 -0.16473808  0.         -1.09015027  0.16494975]
 [-0.21450286 -3.10265612  0.          0.          0.72232599 -0.16808383]
 [-0.0091292  -3.143474    0.          0.         -0.96207227  0.69096475]
 [-0.47776667 -2.73986513  0.          0.          0.30967025 -0.18934891]
 [-0.39115056  7.55069533  0.          0.         -0.35889385  0.08644653]
 [-0.43015649 -2.84920449  0.          0.          0.73341698 -0.09915327]
 [-0.27083275 -3.08139378  0.          0.         -0.08129922  0.13645675]]
[04/03/2022, 03:41:06] computing sampling shap 430:440 within 48.1656 sec, 5.0115 on average
[04/03/2022, 03:41:06] instances left: 36
[04/03/2022, 03:41:06] estimating time left: 0:03:00.414000

[[-0.14191898  7.31397301  0.          0.          0.65536579 -0.22741729]
 [-0.01332745  3.15776291  4.06270965  0.          0.63890501 -0.22313357]
 [-0.23816526 -2.90631404  0.          0.         -0.03234408  0.16103539]
 [-0.48943332 -2.66448625  0.          0.          0.27244725 -0.11578961]
 [-0.0829839  -3.13845475 -0.07074899  0.         -0.45312792  0.78025546]
 [-0.49985856 -2.70617375 -0.07187626  0.          0.05231781  0.01314796]
 [-0.42943374 -2.71278573  0.          0.         -0.21252781  0.34215786]
 [-0.10917068 -3.04419201  0.          0.         -0.6775509   0.72259509]
 [-0.02556646 -3.20444819  0.          0.         -0.33051082 -0.07770172]
 [-0.27420628 -2.88135928 -0.07483508  0.         -1.10586988 -0.11643437]]
[04/03/2022, 03:41:53] computing sampling shap 440:450 within 47.1297 sec, 5.0049 on average
[04/03/2022, 03:41:53] instances left: 26
[04/03/2022, 03:41:53] estimating time left: 0:02:10.127400

[[-0.35406044 -2.7986164   0.          0.         -0.44610318 -0.03184338]
 [-0.34490583 -2.67738327 -0.18327873  0.         -0.36034563 -0.23843697]
 [-0.36396869 -2.68326936 -0.17856085  0.         -0.43280292  0.18814747]
 [-0.13483625 -3.01351836  0.          0.         -0.85273062  0.10240187]
 [-0.09042413 -3.18789594  0.          0.         -0.48721262 -0.12336266]
 [-0.02684225 -3.11348848 -0.16237293  0.          0.37469344  0.37391236]
 [-0.28607969 -2.66422839 -0.16562658  0.         -1.16582672 -0.21767801]
 [-0.27393067 -2.92703278  0.          0.          0.29034127 -0.24547777]
 [-0.08409309  7.2763112   0.          0.         -0.6492345   0.38021394]
 [-0.13597413 -2.99341419  0.          0.          1.03686129 -0.1858    ]]
[04/03/2022, 03:42:45] computing sampling shap 450:460 within 51.4052 sec, 5.0078 on average
[04/03/2022, 03:42:45] instances left: 16
[04/03/2022, 03:42:45] estimating time left: 0:01:20.124800

[[-0.13595618  7.39954509  0.          0.         -0.40028403 -0.14730209]
 [-0.24850043 -2.90744011  0.          0.          1.00065205  0.02179836]
 [-0.08793937 -2.99372804 -0.17177549  0.          0.70048518 -0.17821419]
 [-0.31927717 -2.67946062 -0.17499556  0.          1.05961707 -0.14109811]
 [-0.12132749  7.17643477  0.          0.         -0.57136863  0.17608627]
 [-0.309143   -2.88641741  0.          0.         -0.03631935  0.21203767]
 [-0.37943911 -2.73059734 -0.07360253  0.         -0.02560949 -0.07802807]
 [-0.31356661 -2.71827655 -0.12391325  0.         -0.46963227  0.42738971]
 [-0.3203039  -2.97157167  0.          0.         -0.42614181  0.24737124]
 [-0.27466795 -2.88764365  0.          0.         -0.83761612  0.31042308]]
[04/03/2022, 03:43:32] computing sampling shap 460:470 within 47.5039 sec, 5.0023 on average
[04/03/2022, 03:43:32] instances left: 6
[04/03/2022, 03:43:32] estimating time left: 0:00:30.013800

[[-2.42250928e-01 -2.93363607e+00  0.00000000e+00  0.00000000e+00
   8.66167774e-04  2.83377747e-01]
 [-4.26091767e-01 -2.59526555e+00 -3.13049221e-01  0.00000000e+00
  -6.97831583e-01 -2.35250290e-01]
 [-2.29806487e-01 -2.99339971e+00  0.00000000e+00  0.00000000e+00
  -1.61931253e-01 -2.65908696e-01]
 [-2.19996861e-02 -1.91604176e+00  8.95464085e+00  0.00000000e+00
   1.09155213e+00 -1.14413419e-01]
 [-3.22776030e-01 -2.72519778e+00 -1.85630175e-01  0.00000000e+00
  -1.10043411e+00 -1.03866488e-01]
 [-3.48855502e-01 -2.88368507e+00 -7.53295640e-02  0.00000000e+00
  -3.38132284e-01 -2.65611499e-01]
 [-2.59736001e-01 -2.90994753e+00 -7.59172954e-02  0.00000000e+00
   6.85074804e-01  1.58672493e-01]
 [-4.90019046e-01 -2.81113101e+00  0.00000000e+00  0.00000000e+00
  -1.11597429e+00  1.67931452e-01]
 [-1.26659341e-02 -3.17735163e+00  0.00000000e+00  0.00000000e+00
   2.40353464e-01 -1.47645991e-01]
 [-8.67860987e-03 -3.11083705e+00 -1.74550249e-01  0.00000000e+00
  -7.09691917e-01  3.61793456e-01]]
[04/03/2022, 03:43:32] finish computing sampling shap for range: [1, 8] within 2351.101496 sec
