Child #[4, 5]: psutil.Process(pid=5016, name='python', status='running', started='03:07:38'), affinity [4, 5]
Child #[4, 5]: Set my affinity to [4, 5], affinity now [4, 5]

[04/03/2022, 06:39:58] start computing sampling shap for range: [3, 8]
[04/03/2022, 06:40:29] computing sampling shap 128:138 within 31.6055 sec, 3.1606 on average
[04/03/2022, 06:40:29] instances left: 54
[04/03/2022, 06:40:29] estimating time left: 0:02:50.672400

[[-6.41432527e-02 -1.44397202e+00 -6.21610961e-02  0.00000000e+00
  -3.92378693e-01  4.51055881e-01]
 [-7.06174110e-02 -1.48018355e+00  0.00000000e+00  0.00000000e+00
   7.95295201e-01 -1.87324702e-01]
 [-6.70117613e-02 -1.60739144e+00  0.00000000e+00  0.00000000e+00
  -2.27489645e-01 -7.53006830e-02]
 [-7.79702353e-02 -1.57794225e+00  0.00000000e+00  0.00000000e+00
   4.22500476e-01  2.22564582e-01]
 [ 0.00000000e+00 -1.65950007e+00  0.00000000e+00  0.00000000e+00
  -5.05706120e-01 -1.52143373e-01]
 [ 0.00000000e+00 -1.70568237e+00  0.00000000e+00  0.00000000e+00
  -8.31359316e-01  2.76300904e-01]
 [ 0.00000000e+00 -1.56936263e+00 -1.02042458e-01  0.00000000e+00
  -6.31842646e-01 -1.25128328e-01]
 [ 0.00000000e+00  1.92186572e+01  0.00000000e+00  0.00000000e+00
  -6.09434720e-01 -1.61682503e-01]
 [-1.54366460e-02 -1.50687229e+00 -1.49716939e-01  0.00000000e+00
   9.33696691e-02 -2.41946577e-01]
 [-4.50390525e-02 -1.56723932e+00  0.00000000e+00  0.00000000e+00
  -4.29906103e-01  4.14321314e-01]]
[04/03/2022, 06:41:04] computing sampling shap 138:148 within 34.4628 sec, 3.3035 on average
[04/03/2022, 06:41:04] instances left: 44
[04/03/2022, 06:41:04] estimating time left: 0:02:25.354000

[[ 0.         -1.66147146  0.          0.         -0.68213876  0.12496358]
 [-0.10089614 -1.42471324 -0.11882444  0.         -0.42487366 -0.24804246]
 [ 0.         -1.54851298 -0.12691829  0.         -0.66298226  0.11976667]
 [ 0.         -1.68698237  0.          0.          0.12118455  0.31908975]
 [-0.21143002 -1.42770213  0.          0.          0.88241666 -0.18611474]
 [-0.05758847 -1.52809413 -0.13093219  0.          0.90626905 -0.13248463]
 [-0.08116995  9.06782978 -0.06323014  0.         -0.41945865 -0.03682106]
 [ 0.          8.82433232  0.          0.          0.43084204 -0.18091189]
 [ 0.         -1.41542609 -0.20988584  0.         -0.44840757 -0.08122799]
 [ 0.         -1.65425462  0.          0.          0.85789825 -0.14647385]]
[04/03/2022, 06:41:37] computing sampling shap 148:158 within 33.2156 sec, 3.3095 on average
[04/03/2022, 06:41:37] instances left: 34
[04/03/2022, 06:41:37] estimating time left: 0:01:52.523000

[[ 0.         -1.69729556  0.          0.          0.909146   -0.15468055]
 [-0.12831318 -1.36505492 -0.06045356  0.         -0.76438143 -0.27827321]
 [-0.05877324 -1.44408817 -0.11453542  0.          0.0234167   0.096961  ]
 [ 0.         -1.49085174 -0.06305577  0.          0.77911943 -0.14492901]
 [-0.14931231 -1.44893916  0.          0.          0.01649345 -0.08511586]
 [ 0.         -1.6561161   0.          0.          0.86921602 -0.15593027]
 [ 0.         -1.53714697 -0.12347712  0.         -0.72383909 -0.1784099 ]
 [ 0.          8.96746637 -0.14495267  0.         -0.63798776  0.17141373]
 [ 0.         -1.65287366  0.          0.         -0.4939159   0.43768903]
 [ 0.          8.70700355  0.          0.         -0.28849896  0.39913925]]
[04/03/2022, 06:42:08] computing sampling shap 158:168 within 30.7817 sec, 3.2517 on average
[04/03/2022, 06:42:08] instances left: 24
[04/03/2022, 06:42:08] estimating time left: 0:01:18.040800

[[ 0.00000000e+00 -1.75771411e+00  0.00000000e+00  0.00000000e+00
   1.00148106e-01  1.28053092e-02]
 [ 0.00000000e+00 -1.56846875e+00  0.00000000e+00  0.00000000e+00
  -6.97559250e-01 -1.62348018e-01]
 [ 0.00000000e+00 -1.45632569e+00 -1.05412002e-01  0.00000000e+00
  -7.79581854e-01 -2.51197496e-01]
 [ 0.00000000e+00 -1.61192396e+00  0.00000000e+00  0.00000000e+00
  -9.78463254e-03 -1.98894306e-01]
 [ 0.00000000e+00 -1.66326319e+00 -5.44498293e-02  0.00000000e+00
  -5.29503655e-01  1.26165927e-01]
 [-2.15627414e-01 -1.46745675e+00  0.00000000e+00  0.00000000e+00
  -5.82325803e-01 -1.58101324e-02]
 [ 0.00000000e+00 -1.61610051e+00  0.00000000e+00  0.00000000e+00
   7.63293025e-04 -1.71539981e-01]
 [ 0.00000000e+00 -1.41618028e+00 -1.63151928e-01  0.00000000e+00
  -1.46717624e+00  1.18995230e-01]
 [-1.58720398e-02 -1.38549257e+00 -1.34194794e-01  0.00000000e+00
  -6.99637497e-01 -1.72732545e-01]
 [-1.35995417e-02  1.92163462e+01 -6.41702446e-02  0.00000000e+00
   8.38552394e-01 -1.90984986e-01]]
[04/03/2022, 06:42:39] computing sampling shap 168:178 within 31.0523 sec, 3.2225 on average
[04/03/2022, 06:42:39] instances left: 14
[04/03/2022, 06:42:39] estimating time left: 0:00:45.115000

[[-0.07314653 -1.63653936  0.          0.          0.10759695  0.09554851]
 [-0.12023365  9.08870891 -0.11160616  0.          0.08087349 -0.13084059]
 [ 0.         -1.62025458  0.          0.          0.84594741 -0.16852314]
 [-0.06074448 -1.64434876  0.          0.          0.96061757 -0.19835454]
 [ 0.         -1.6001163   0.          0.          0.80483265 -0.14754654]
 [-0.11948834 -1.4261008  -0.06127475  0.         -0.58399488  0.60892007]
 [-0.13934117 -1.61743775  0.          0.         -0.56664954  0.0377214 ]
 [ 0.         -1.76297415  0.          0.         -0.31988233 -0.28096339]
 [ 0.         -1.6737695   0.          0.         -0.60362087  0.16689794]
 [ 0.         -1.49091146 -0.14653085  0.         -0.25795765 -0.04840548]]
[04/03/2022, 06:43:11] computing sampling shap 178:188 within 31.9767 sec, 3.2183 on average
[04/03/2022, 06:43:11] instances left: 4
[04/03/2022, 06:43:11] estimating time left: 0:00:12.873200

[[-0.01549275 -1.6056436   0.          0.          0.83069915 -0.15239279]
 [-0.01538946 -1.7093772   0.          0.         -0.60236661  0.41064228]
 [ 0.         -1.50481896 -0.13588584  0.          0.03863058  0.49252714]
 [ 0.         -1.53297077 -0.12224946  0.         -0.60785326  0.01383985]
 [ 0.         -1.73521167  0.          0.         -1.42128911 -0.21123139]
 [-0.07096153 -1.49920789  0.          0.         -0.60118938  0.18150563]
 [ 0.         -1.64277973  0.          0.          0.89741097 -0.17434808]
 [-0.04743045 -1.40865151 -0.15630274  0.          0.85598307 -0.18642861]
 [ 0.         -1.55991264 -0.06073925  0.          0.8644259  -0.18660425]
 [ 0.         -1.63085548  0.          0.          0.0483268  -0.1064989 ]]
[04/03/2022, 06:43:11] finish computing sampling shap for range: [3, 8] within 193.102031 sec
