Child #[0, 1]: psutil.Process(pid=4870, name='python', status='running', started='03:06:23'), affinity [0, 1]
Child #[0, 1]: Set my affinity to [0, 1], affinity now [0, 1]

[04/03/2022, 06:36:57] start computing sampling shap for range: [1, 8]
[04/03/2022, 06:37:33] computing sampling shap 0:10 within 35.6101 sec, 3.561 on average
[04/03/2022, 06:37:33] instances left: 54
[04/03/2022, 06:37:33] estimating time left: 0:03:12.294000

[[-0.09436905 -1.52102187 -0.0653727   0.          0.89667833 -0.13563182]
 [ 0.         -1.40662413 -0.18725791  0.         -0.82245519 -0.19016777]
 [-0.03022784 -1.57657923  0.          0.          0.78468903  0.01901566]
 [-0.01558874 -1.57658966 -0.05526067  0.         -0.71945014 -0.22562784]
 [-0.05577802 -1.58792648  0.          0.         -0.60915839 -0.26341889]
 [-0.07516473 -1.56432814  0.          0.         -0.68283395 -0.27019026]
 [-0.0699076  -1.56484612 -0.06734682  0.         -0.63415535  0.17260841]
 [ 0.         -1.47133373 -0.09056921  0.         -0.7873833  -0.02226549]
 [-0.01616468 -1.47927367 -0.18571006  0.         -0.62426601 -0.21086743]
 [ 0.         -1.64884919  0.          0.         -0.43148805 -0.12646   ]]
[04/03/2022, 06:38:04] computing sampling shap 10:20 within 30.7458 sec, 3.3179 on average
[04/03/2022, 06:38:04] instances left: 44
[04/03/2022, 06:38:04] estimating time left: 0:02:25.987600

[[-0.05478331 -1.54305326  0.          0.          0.83809702 -0.18309091]
 [ 0.         -1.46716783 -0.17868691  0.         -0.89530754  0.42961897]
 [ 0.         -1.57892361  0.          0.          0.8176342  -0.18154077]
 [-0.01565247 -1.44246364 -0.16937336  0.         -0.73662023 -0.18749392]
 [ 0.         -1.70530923  0.          0.         -0.81057796  0.40228858]
 [-0.01429811 -1.40657707 -0.24964036  0.          0.43050948 -0.15566882]
 [ 0.         -1.65197778  0.          0.         -0.63480513  0.14951573]
 [-0.04755266 -1.50745739  0.          0.          0.33455437 -0.10331441]
 [ 0.         -1.6332836   0.          0.         -0.38966774  0.24900101]
 [-0.07571345 -1.48456169  0.          0.         -0.71262146 -0.08861927]]
[04/03/2022, 06:38:37] computing sampling shap 20:30 within 33.4347 sec, 3.3265 on average
[04/03/2022, 06:38:37] instances left: 34
[04/03/2022, 06:38:37] estimating time left: 0:01:53.101000

[[-0.17769591 -1.51134769  0.          0.          0.11994797  0.06255506]
 [-0.07476588 -1.51832217 -0.07229024  0.          0.43509133 -0.19713291]
 [-0.11097993 -1.38454593 -0.20583167  0.          0.47639198 -0.10491823]
 [ 0.         -1.6200342   0.          0.         -0.71734778  0.05167507]
 [-0.02472555 -1.44001658 -0.15144551  0.          0.79526319 -0.03523214]
 [ 0.          8.82877905  0.          0.          0.7615271  -0.1178337 ]
 [ 0.         -1.65037897  0.          0.         -0.74724981 -0.07206098]
 [-0.01367106 -1.64750274  0.          0.          0.91550703 -0.19716384]
 [-0.0798261  -1.53343272 -0.06245877  0.          0.05054133 -0.16170104]
 [ 0.         -1.57900767 -0.05006057  0.          0.03985439  0.0921948 ]]
[04/03/2022, 06:39:11] computing sampling shap 30:40 within 34.0715 sec, 3.3467 on average
[04/03/2022, 06:39:11] instances left: 24
[04/03/2022, 06:39:11] estimating time left: 0:01:20.320800

[[ 0.          8.81466663 -0.06254617  0.         -0.3859486  -0.22264703]
 [-0.09559776 -1.53846903  0.          0.         -0.71789782  0.23889278]
 [ 0.         -1.5894283   0.          0.         -0.79886679 -0.06597122]
 [-0.06101508 -1.47508844 -0.11261529  0.         -0.65957446 -0.17544594]
 [ 0.         -1.52086765 -0.15129204  0.          0.90595652 -0.1766271 ]
 [-0.07340953 -1.57406489  0.          0.         -0.37871773 -0.02687368]
 [ 0.         -1.74614488  0.          0.         -0.55808656 -0.10369782]
 [-0.0582332  -1.54748495  0.          0.          0.12031362  0.25631577]
 [ 0.         -1.63396765  0.          0.          0.42775135 -0.11755372]
 [-0.08803728 -1.47197961 -0.11956788  0.         -0.62705979 -0.10128492]]
[04/03/2022, 06:39:45] computing sampling shap 40:50 within 34.0348 sec, 3.3581 on average
[04/03/2022, 06:39:45] instances left: 14
[04/03/2022, 06:39:45] estimating time left: 0:00:47.013400

[[ 0.         -1.46210535 -0.14368083  0.         -0.5793622   0.43743765]
 [ 0.         -1.49397571 -0.1236672   0.          0.42896165 -0.14120241]
 [ 0.         -1.42066884 -0.11804391  0.          0.74036006 -0.1213643 ]
 [ 0.         -1.63980312  0.          0.          0.07101038  0.24580309]
 [-0.06092764 -1.56706487  0.          0.         -0.28383665 -0.23465865]
 [ 0.          8.87292087 -0.08088116  0.          0.77898042 -0.1894636 ]
 [ 0.          8.96202712 -0.05926015  0.         -0.95131645 -0.07400127]
 [-0.06446937 -1.56441238  0.          0.         -0.21014433  0.27777105]
 [ 0.          8.76298218  0.          0.          0.74518631 -0.12661186]
 [ 0.         -1.46826211 -0.09060698  0.          0.30349886 -0.04563483]]
[04/03/2022, 06:40:17] computing sampling shap 50:60 within 32.0431 sec, 3.3325 on average
[04/03/2022, 06:40:17] instances left: 4
[04/03/2022, 06:40:17] estimating time left: 0:00:13.330000

[[-0.05785154 -1.57887318  0.          0.          0.87716668 -0.18327228]
 [-0.01665844 -1.56905945  0.          0.         -0.02533001 -0.07797976]
 [-0.06348859 -1.55672644 -0.06176944  0.          0.10282552  0.18760458]
 [ 0.         -1.53114714 -0.05843478  0.          0.80533565 -0.15858391]
 [-0.08529627 -1.61685012 -0.06553507  0.         -0.61341934  0.25985791]
 [-0.01259344 -1.69924377  0.          0.          0.12187666  0.33231757]
 [ 0.         -1.68334322  0.          0.         -0.1702895   0.31483713]
 [-0.0629718  -1.67782631  0.          0.         -0.53123755 -0.07171495]
 [ 0.         -1.51663813 -0.06312284  0.         -0.03623549 -0.14581711]
 [ 0.         -1.56880473 -0.16325347  0.         -0.14526708 -0.21063236]]
[04/03/2022, 06:40:17] finish computing sampling shap for range: [1, 8] within 199.949627 sec
