Child #[12, 13]: psutil.Process(pid=5164, name='python', status='running', started='03:07:51'), affinity [12, 13]
Child #[12, 13]: Set my affinity to [12, 13], affinity now [12, 13]

[04/03/2022, 06:32:08] start computing sampling shap for range: [7, 8]
[04/03/2022, 06:32:47] computing sampling shap 552:562 within 39.4087 sec, 3.9409 on average
[04/03/2022, 06:32:47] instances left: 82
[04/03/2022, 06:32:47] estimating time left: 0:05:23.153800

[[-4.73647101e-01  3.83105767e+00 -2.61778280e-03  0.00000000e+00
  -2.75458221e-01 -1.13540645e-01]
 [-5.25335379e-01  4.00577332e+00 -7.26537814e-02  0.00000000e+00
  -4.86864605e-01 -1.04857137e-01]
 [-7.76169987e-01  4.58036731e+00 -7.67503672e-02  0.00000000e+00
  -2.23974060e-01 -9.56750772e-02]
 [ 2.70883363e+00  1.96792904e+00 -7.76337749e-02  0.00000000e+00
   2.80036205e-01  5.59215244e-03]
 [ 2.70182813e+00  1.97165601e+00 -8.13761751e-02  0.00000000e+00
  -4.41830389e-01  2.31646566e-03]
 [-6.08087946e-01  3.84930413e+00 -3.95707839e-03  0.00000000e+00
   8.99743812e-01 -1.04820405e-01]
 [-2.25445966e+00 -4.68507922e+00 -3.60113056e-01  0.00000000e+00
  -1.16184451e-01  9.52937114e-03]
 [-6.66820380e-01  3.94004945e+00 -7.81256245e-02  0.00000000e+00
   3.14717204e-01  2.52695802e-01]
 [-2.26216817e+00 -4.59078914e+00 -4.23520142e-01  0.00000000e+00
  -3.34866045e-01  2.46398784e-01]
 [-2.27565681e+00 -4.76667418e+00 -2.41352220e-01  0.00000000e+00
   3.85878429e-02 -1.00279449e-01]]
[04/03/2022, 06:33:23] computing sampling shap 562:572 within 36.0675 sec, 3.7739 on average
[04/03/2022, 06:33:23] instances left: 72
[04/03/2022, 06:33:23] estimating time left: 0:04:31.720800

[[-6.74626953e-01  4.07144522e+00 -7.50398562e-02  0.00000000e+00
  -2.75945373e-01 -8.00396538e-02]
 [-6.55017533e-01  4.40328963e+00 -5.74466923e-03  0.00000000e+00
   3.61882958e-03 -1.16350617e-01]
 [ 2.36430584e+00  1.91531131e+00 -1.17442064e-02  0.00000000e+00
  -7.68724101e-01  9.36430347e-02]
 [-6.43793883e-01  4.07636468e+00 -7.72556978e-02  0.00000000e+00
  -8.65462601e-01  1.36048840e-01]
 [ 2.97754018e+00  1.56884826e+00 -8.19356129e-02  0.00000000e+00
   7.51013016e-01  4.91109374e-02]
 [-4.07611669e-01  3.70638044e+00  0.00000000e+00  0.00000000e+00
  -9.61084184e-02 -1.30816431e-01]
 [-5.54172301e-01  3.78299087e+00 -1.03979621e-01  0.00000000e+00
  -3.08713832e-01  4.28622257e-02]
 [ 2.85661364e+00  1.91760479e+00 -7.49324818e-02  0.00000000e+00
   9.22491952e-02 -5.47305739e-02]
 [-2.44821499e+00 -4.72656013e+00 -2.69482663e-03  0.00000000e+00
  -4.03651298e-01  1.62401019e-01]
 [-2.54681332e+00 -4.56919040e+00 -2.05621132e-01  0.00000000e+00
   3.24694698e-01 -1.30200297e-01]]
[04/03/2022, 06:33:59] computing sampling shap 572:582 within 35.4138 sec, 3.6964 on average
[04/03/2022, 06:33:59] instances left: 62
[04/03/2022, 06:33:59] estimating time left: 0:03:49.176800

[[ 2.83755592e+00  1.69863657e+00 -6.45939634e-03  0.00000000e+00
  -3.59317352e-01 -3.46002227e-02]
 [-5.65125924e-01  4.23815619e+00 -1.08217693e-02  0.00000000e+00
  -1.37096310e-01  1.43195012e-02]
 [-2.38694540e+00 -4.82870817e+00 -8.30365999e-02  0.00000000e+00
  -6.81236994e-01 -3.30843127e-02]
 [ 2.53395828e+00  1.84371382e+00 -2.40205154e-03  0.00000000e+00
  -3.41155848e-01 -8.71478816e-02]
 [ 2.69694938e+00  1.98465104e+00 -6.89937771e-02  0.00000000e+00
   4.28363715e-03  7.34049155e-02]
 [ 2.68341440e+00  1.87905727e+00 -4.12739843e-04  0.00000000e+00
  -1.11798115e-01 -1.08702541e-01]
 [-6.75988600e-01  3.75038543e+00 -7.58176435e-02  0.00000000e+00
   1.38384709e-01 -2.04570089e-02]
 [-6.24028928e-01  4.16203229e+00 -2.58682619e-03  0.00000000e+00
   5.93916913e-01 -1.37497111e-01]
 [ 2.73893854e+00  2.05586565e+00 -4.04636064e-04  0.00000000e+00
  -5.37115698e-01  1.23872813e-01]
 [-2.21179894e+00 -4.75392797e+00 -2.96862343e-01  0.00000000e+00
   6.41113344e-01 -1.38660131e-01]]
[04/03/2022, 06:34:34] computing sampling shap 582:592 within 35.7308 sec, 3.6656 on average
[04/03/2022, 06:34:34] instances left: 52
[04/03/2022, 06:34:34] estimating time left: 0:03:10.611200

[[-6.42367143e-01  4.19049928e+00 -1.68863810e-01  0.00000000e+00
  -3.63560802e-01 -1.35411890e-01]
 [ 2.20391553e+00  1.16839706e+00  1.18870658e+00  0.00000000e+00
  -4.60742034e-01 -6.18457696e-02]
 [-6.71201777e-01  4.34917750e+00 -1.09738541e-01  0.00000000e+00
   7.08193083e-01 -1.20687196e-01]
 [ 3.90906462e+00  1.97076839e+00 -8.25178642e-02  0.00000000e+00
   3.75887425e-01 -5.99395934e-02]
 [ 4.08712139e+00  1.78471380e+00 -8.29163505e-02  0.00000000e+00
  -8.38478128e-01 -7.40375702e-02]
 [-5.16602852e-01  3.89129737e+00 -6.38966308e-03  0.00000000e+00
  -4.11251190e-01 -6.22890694e-02]
 [-2.36921198e+00 -4.64187703e+00 -3.08308622e-01  0.00000000e+00
   1.15384035e+00 -1.23289646e-01]
 [-2.62453035e+00 -4.59111041e+00 -3.60951358e-03  0.00000000e+00
  -3.63060072e-01  6.95849659e-02]
 [-7.16049057e-01  3.79975944e+00 -5.89995441e-03  0.00000000e+00
  -4.10641353e-01 -1.21981019e-01]
 [-2.43812079e+00 -4.78937813e+00 -7.93684857e-02  0.00000000e+00
  -7.75739916e-01 -1.38967416e-01]]
[04/03/2022, 06:35:11] computing sampling shap 592:602 within 36.6973 sec, 3.6665 on average
[04/03/2022, 06:35:11] instances left: 42
[04/03/2022, 06:35:11] estimating time left: 0:02:33.993000

[[-1.98223465e+00  5.91154370e+00  0.00000000e+00  0.00000000e+00
  -6.22962790e-01  1.48840741e-01]
 [-6.30141414e-01  3.80813902e+00 -1.22885065e-01  0.00000000e+00
  -8.02816993e-01 -1.20368080e-01]
 [-7.42110016e-01  4.17645354e+00 -1.22829571e-01  0.00000000e+00
   5.85627266e-02  5.52939836e-02]
 [-3.70374267e-01  1.84351323e+00  2.05722145e+00  0.00000000e+00
  -4.19579923e-01 -8.33820967e-02]
 [ 2.85083095e+00  1.67245639e+00 -7.77952255e-03  0.00000000e+00
   3.76165318e-01 -2.24730154e-02]
 [ 2.99713646e+00  1.90677145e+00 -7.25698335e-02  0.00000000e+00
  -4.12450353e-01 -2.40513927e-02]
 [-2.76698488e+00 -4.41534760e+00 -1.50563474e-01  0.00000000e+00
  -1.17443862e-01 -3.47846438e-03]
 [-2.42801041e+00 -4.77842655e+00 -8.14188894e-02  0.00000000e+00
   6.84071415e-02 -5.26080905e-02]
 [ 2.79503852e+00  2.17563286e+00 -2.60952533e-03  0.00000000e+00
   7.90781451e-01 -9.80470752e-02]
 [-2.22141524e+00 -4.67930622e+00 -3.39332725e-01  0.00000000e+00
   1.06402627e+00 -4.09181124e-02]]
[04/03/2022, 06:35:48] computing sampling shap 602:612 within 37.0848 sec, 3.6735 on average
[04/03/2022, 06:35:48] instances left: 32
[04/03/2022, 06:35:48] estimating time left: 0:01:57.552000

[[ 3.04905958  2.13551342  0.          0.         -0.31797463  0.12416843]
 [-0.74245461  4.19583266 -0.07988265  0.          0.25922106 -0.15335278]
 [-2.39830919 -4.84339556  0.          0.         -0.41983698  0.0489949 ]
 [-1.92934262 -4.95596802 -0.32908328  0.         -0.60017487  0.4855424 ]
 [-2.52331265 -4.39244934 -0.19393962  0.          0.92104315 -0.10018839]
 [ 4.00349458  1.74340256 -0.01651594  0.         -0.27234883  0.20678481]
 [-0.68911207  4.08055816 -0.08086274  0.          0.28214233  0.17157543]
 [-0.44373213  3.87461273 -0.00874296  0.         -0.45708844 -0.10400462]
 [-0.8399467   4.33030011 -0.14308677  0.          0.21780843 -0.09916378]
 [ 2.87516764  1.77029272 -0.01270994  0.          0.01223717  0.00705919]]
[04/03/2022, 06:36:25] computing sampling shap 612:622 within 36.9522 sec, 3.6766 on average
[04/03/2022, 06:36:25] instances left: 22
[04/03/2022, 06:36:25] estimating time left: 0:01:20.885200

[[-2.12723089e+00 -4.95285277e+00 -1.32276635e-01  0.00000000e+00
  -4.94733259e-01  1.58178960e-01]
 [ 2.70685954e+00  2.27907326e+00 -4.91909749e-03  0.00000000e+00
   5.98091611e-01 -7.59644180e-02]
 [ 6.03069688e+00 -1.72055330e+00  0.00000000e+00  0.00000000e+00
  -4.12306922e-01 -1.09623872e-01]
 [-6.56164971e-01  4.03984082e+00 -8.12992961e-03  0.00000000e+00
   3.70106132e-02  1.68579619e-01]
 [-2.44348255e+00 -4.56004804e+00 -1.36152738e-01  0.00000000e+00
   9.60155786e-01 -5.01750582e-02]
 [-2.25458564e+00 -5.08572483e+00  0.00000000e+00  0.00000000e+00
  -4.16858179e-01 -2.11190729e-02]
 [-2.14191534e+00 -4.80763316e+00 -3.61308526e-01  0.00000000e+00
  -4.09807839e-01  7.85201839e-02]
 [-2.27853036e+00 -4.79839898e+00 -7.72672512e-02  0.00000000e+00
   9.95556366e-01 -1.07093024e-01]
 [ 5.89319447e+00 -1.64852098e+00  0.00000000e+00  0.00000000e+00
   8.97803249e-01 -5.61939762e-02]
 [-2.38673263e+00 -4.75617542e+00 -1.83893817e-01  0.00000000e+00
   3.52174754e-01 -5.15439100e-02]]
[04/03/2022, 06:37:03] computing sampling shap 622:632 within 37.8209 sec, 3.6898 on average
[04/03/2022, 06:37:03] instances left: 12
[04/03/2022, 06:37:03] estimating time left: 0:00:44.277600

[[-2.39000848e+00 -4.82244591e+00  0.00000000e+00  0.00000000e+00
   1.03790377e+00 -5.51516121e-02]
 [ 3.09780716e+00  1.83396923e+00 -8.55648741e-02  0.00000000e+00
  -7.53693006e-01  1.01839679e-01]
 [-4.12853297e-01  3.86251020e+00 -8.20923199e-02  0.00000000e+00
   8.19656106e-01 -7.25846962e-02]
 [ 2.65127734e+00  1.93726586e+00 -8.32607214e-02  0.00000000e+00
  -2.46443342e-01  5.80616644e-03]
 [-2.33530455e+00 -4.71073566e+00 -2.41256768e-01  0.00000000e+00
  -4.17958735e-01  1.68696650e-01]
 [ 4.05232153e+00  2.01838576e+00 -7.69980207e-02  0.00000000e+00
  -3.46299874e-01 -7.49455109e-02]
 [-7.29407186e-01  4.51177241e+00 -7.22784057e-02  0.00000000e+00
  -4.29579029e-01 -3.36405491e-02]
 [ 2.61097717e+00  1.91022008e+00 -3.01916340e-03  0.00000000e+00
  -3.36615857e-01  3.66131469e-02]
 [-7.09351061e-01  4.17082964e+00 -1.38325400e-01  0.00000000e+00
  -3.45861278e-01  2.37506797e-01]
 [-2.41493031e+00 -4.76125128e+00 -1.34248099e-01  0.00000000e+00
  -8.49991182e-01 -1.43080612e-01]]
[04/03/2022, 06:37:39] computing sampling shap 632:642 within 35.9189 sec, 3.6789 on average
[04/03/2022, 06:37:39] instances left: 2
[04/03/2022, 06:37:39] estimating time left: 0:00:07.357800

[[-2.25194710e+00 -4.68245304e+00 -2.57950360e-01  0.00000000e+00
  -3.60751994e-01  1.71941351e-01]
 [-6.56190031e-01  4.48182636e+00 -1.25225818e-01  0.00000000e+00
  -3.37192722e-01 -2.27282374e-03]
 [ 2.95285880e+00  2.15405808e+00 -7.46889939e-02  0.00000000e+00
   4.67394352e-01 -8.25888119e-02]
 [-2.32776180e+00 -4.65904239e+00 -3.40695246e-01  0.00000000e+00
   3.27750250e-01 -1.27381749e-01]
 [-5.47469646e-01  3.74085310e+00 -6.28687150e-03  0.00000000e+00
   3.21816681e-01 -7.83171611e-02]
 [-6.50868245e-01  3.87267546e+00 -3.15584898e-03  0.00000000e+00
   5.97322708e-01 -7.26656850e-02]
 [-2.39225642e+00 -4.80545878e+00 -3.08845143e-03  0.00000000e+00
  -4.63033225e-01  2.82062257e-01]
 [-2.16604371e+00 -5.05611487e+00  0.00000000e+00  0.00000000e+00
  -4.79603267e-01  5.96171060e-02]
 [ 2.77652525e+00  1.65321044e+00 -8.09308473e-02  0.00000000e+00
  -2.73476211e-01  7.68105458e-02]
 [ 2.74753089e+00  1.67072182e+00 -5.49921793e-03  0.00000000e+00
   8.55517799e-01 -8.22241498e-02]]
[04/03/2022, 06:37:39] finish computing sampling shap for range: [7, 8] within 331.10695 sec
