Child #[8, 9]: psutil.Process(pid=5089, name='python', status='running', started='03:07:45'), affinity [8, 9]
Child #[8, 9]: Set my affinity to [8, 9], affinity now [8, 9]

[04/03/2022, 06:30:15] start computing sampling shap for range: [5, 8]
[04/03/2022, 06:30:51] computing sampling shap 368:378 within 36.5634 sec, 3.6563 on average
[04/03/2022, 06:30:51] instances left: 82
[04/03/2022, 06:30:51] estimating time left: 0:04:59.816600

[[-2.40637748e+00 -4.60154620e+00 -1.90399344e-01  0.00000000e+00
  -4.13846348e-01 -1.61177121e-01]
 [ 2.84156080e+00  1.81628974e+00 -1.54332235e-01  0.00000000e+00
  -4.09662090e-01  1.54729664e-01]
 [ 2.91656813e+00  1.75647738e+00 -1.32327453e-01  0.00000000e+00
   1.47775720e-01 -8.06209295e-02]
 [-2.45337367e+00 -4.70299510e+00  0.00000000e+00  0.00000000e+00
  -5.39698600e-01 -1.26537869e-01]
 [-2.15737153e+00 -4.66594442e+00 -3.42195374e-01  0.00000000e+00
   9.88076578e-01 -1.11411868e-01]
 [ 1.85124035e+00  1.16922830e+00  1.52706708e+00  0.00000000e+00
   3.91154218e-01 -7.75787952e-03]
 [-2.31675014e+00 -4.72019961e+00 -1.94711317e-01  0.00000000e+00
  -1.87527965e-01 -2.03784441e-01]
 [ 2.79575431e+00  1.71377268e+00 -5.74903745e-03  0.00000000e+00
   5.22078380e-02 -6.64101501e-02]
 [ 2.60684280e+00  2.17581546e+00 -4.13034868e-04  0.00000000e+00
   8.87335131e-01 -7.90075718e-02]
 [-7.55811282e-01  4.18517668e+00 -1.55722866e-01  0.00000000e+00
  -1.62565118e-01  1.71974463e-01]]
[04/03/2022, 06:31:32] computing sampling shap 378:388 within 40.2675 sec, 3.8416 on average
[04/03/2022, 06:31:32] instances left: 72
[04/03/2022, 06:31:32] estimating time left: 0:04:36.595200

[[-4.86402804e-01  4.21128901e+00 -5.27697139e-04  0.00000000e+00
  -3.63298458e-01  1.96530583e-01]
 [ 2.79567264e+00  1.75777435e+00 -6.82975549e-02  0.00000000e+00
  -2.48126729e-01  1.28602286e-01]
 [ 2.65932951e+00  1.84447759e+00 -7.83964947e-03  0.00000000e+00
   6.23269619e-01 -8.88554323e-02]
 [-2.41271706e+00 -4.59455518e+00 -2.05293550e-01  0.00000000e+00
   6.01416848e-01 -4.07167029e-02]
 [-2.53045528e+00 -4.78765963e+00 -3.13077046e-03  0.00000000e+00
  -8.13101657e-01  1.02994426e-02]
 [-2.48994329e+00 -4.58285905e+00 -2.68662460e-01  0.00000000e+00
  -7.45259587e-01 -2.60283069e-02]
 [-2.39064078e+00 -4.78147661e+00 -1.36562206e-01  0.00000000e+00
   6.80894287e-01 -3.30535703e-02]
 [ 6.08863466e+00 -1.71740386e+00  0.00000000e+00  0.00000000e+00
  -4.69469543e-01 -9.03406705e-02]
 [ 2.77136157e+00  1.74077484e+00 -7.74893042e-03  0.00000000e+00
   7.71906008e-01 -9.02465192e-02]
 [-2.26994164e+00 -4.70290300e+00 -2.72461148e-01  0.00000000e+00
   1.06055747e+00 -8.09854683e-02]]
[04/03/2022, 06:32:07] computing sampling shap 388:398 within 35.7379 sec, 3.7524 on average
[04/03/2022, 06:32:07] instances left: 62
[04/03/2022, 06:32:07] estimating time left: 0:03:52.648800

[[ 2.91185944e+00  1.59656987e+00 -1.51287463e-02  0.00000000e+00
   1.69639522e-01 -4.07356126e-02]
 [-5.14275363e-01  3.73867886e+00 -1.15446680e-02  0.00000000e+00
  -6.32449508e-01  9.60233728e-02]
 [ 2.73912707e+00  1.74005917e+00 -2.46320617e-03  0.00000000e+00
   6.31740622e-01 -4.14543370e-02]
 [-2.14989859e+00  6.06270368e+00 -8.10015347e-02  0.00000000e+00
   2.61382706e-01  3.39504968e-02]
 [ 6.23644217e+00 -1.64564791e+00 -1.86861779e-01  0.00000000e+00
   5.32132324e-01 -5.14339484e-02]
 [-4.75163518e-01  3.79317500e+00 -6.48527174e-03  0.00000000e+00
   9.23072904e-01 -9.06621701e-02]
 [-2.55076726e+00 -4.74173499e+00 -3.33064965e-04  0.00000000e+00
  -7.04531885e-01 -1.05260467e-01]
 [-2.28323455e+00 -4.74414563e+00 -1.97295133e-01  0.00000000e+00
  -4.90363835e-01 -1.51198052e-01]
 [-2.47266123e+00 -4.55814941e+00 -1.70271259e-01  0.00000000e+00
   1.03291530e+00 -1.20680100e-01]
 [ 2.69939215e+00  1.86847212e+00 -4.11658203e-03  0.00000000e+00
  -3.87804130e-01  4.22317551e-02]]
[04/03/2022, 06:32:45] computing sampling shap 398:408 within 37.9115 sec, 3.7621 on average
[04/03/2022, 06:32:45] instances left: 52
[04/03/2022, 06:32:45] estimating time left: 0:03:15.629200

[[-7.31247575e-01  4.43958823e+00 -5.31439411e-03  0.00000000e+00
   2.79668109e-02  2.93148088e-01]
 [ 2.82408656e+00  2.18529825e+00 -1.53460189e-01  0.00000000e+00
  -1.01240472e+00 -4.35643320e-02]
 [-2.39176139e+00 -4.61078410e+00 -8.22080822e-02  0.00000000e+00
  -5.74475344e-01  4.54866682e-01]
 [ 2.55308264e+00  2.00792982e+00 -1.06577412e-02  0.00000000e+00
   5.32779984e-01 -4.49069663e-03]
 [-2.41058450e+00 -4.49885193e+00 -2.85444406e-01  0.00000000e+00
  -3.02055412e-01  5.08419458e-01]
 [ 2.91733724e+00  1.70347859e+00 -7.75438191e-02  0.00000000e+00
   1.51568924e-01 -1.22308768e-01]
 [ 2.67157519e+00  1.84180989e+00 -7.54543745e-03  0.00000000e+00
  -3.67735317e-01  9.55661774e-02]
 [-5.43279416e-01  3.76889171e+00  0.00000000e+00  0.00000000e+00
   9.58655591e-01 -5.80603149e-02]
 [-2.45194909e+00 -4.71048122e+00 -1.28264893e-01  0.00000000e+00
  -6.84196451e-01 -1.27736457e-01]
 [ 2.99870920e+00  1.68872215e+00 -8.91064012e-02  0.00000000e+00
  -4.80803248e-01 -2.79103771e-03]]
[04/03/2022, 06:33:21] computing sampling shap 408:418 within 36.084 sec, 3.7314 on average
[04/03/2022, 06:33:21] instances left: 42
[04/03/2022, 06:33:21] estimating time left: 0:02:36.718800

[[ 6.12637890e+00 -1.89026280e+00 -4.12306415e-03  0.00000000e+00
   6.01724093e-01 -4.30058558e-02]
 [ 3.10177706e+00  1.66473464e+00 -1.94402802e-01  0.00000000e+00
   3.36569240e-01 -4.07365510e-02]
 [-2.40864046e+00 -4.92067481e+00  0.00000000e+00  0.00000000e+00
  -4.15681276e-01 -1.28082398e-01]
 [ 2.53422285e+00  1.75188777e+00 -6.36872246e-03  0.00000000e+00
  -8.58218139e-02  4.59163099e-02]
 [ 2.68502695e+00  1.73690146e+00 -6.25331418e-03  0.00000000e+00
  -3.86125177e-01  4.28709500e-03]
 [-2.19547783e+00 -4.80365830e+00 -2.72916962e-01  0.00000000e+00
  -2.62953069e-01  2.93672560e-01]
 [ 2.82880588e+00  1.80927106e+00 -1.21119017e-02  0.00000000e+00
  -1.71219702e-01 -1.13187229e-01]
 [-2.44553644e+00 -4.71403878e+00  0.00000000e+00  0.00000000e+00
  -8.49492725e-01  2.63847693e-01]
 [ 2.71328322e+00  1.82410877e+00 -6.39008084e-03  0.00000000e+00
  -1.96326884e-01  5.30983025e-02]
 [ 2.19792219e+00  2.10652062e+00 -2.85075993e-03  0.00000000e+00
  -8.70815231e-02 -4.71500966e-02]]
[04/03/2022, 06:33:58] computing sampling shap 418:428 within 37.0449 sec, 3.7269 on average
[04/03/2022, 06:33:58] instances left: 32
[04/03/2022, 06:33:58] estimating time left: 0:01:59.260800

[[-7.85040824e-01  3.91536600e+00  0.00000000e+00  0.00000000e+00
  -4.82015430e-01 -1.09963983e-01]
 [-2.26313339e+00 -4.87822375e+00 -8.06243065e-02  0.00000000e+00
  -4.84895680e-01  6.07969689e-02]
 [-6.07359876e-01  1.97860142e+00  2.21993829e+00  0.00000000e+00
  -3.75617520e-01 -7.82284025e-02]
 [-1.38365921e+00 -2.21013496e+00  6.50407110e+00  0.00000000e+00
  -1.48955895e-01  1.52011860e-02]
 [-2.44775846e+00 -4.71648389e+00  0.00000000e+00  0.00000000e+00
   9.77155903e-01 -1.01760227e-01]
 [ 2.69652685e+00  1.79543759e+00 -1.00940849e-02  0.00000000e+00
  -6.46023673e-01 -4.60675063e-02]
 [-5.71042960e-01  4.12462767e+00 -1.49750380e-01  0.00000000e+00
  -1.96063940e-01 -9.56693746e-02]
 [-1.19372956e+00 -2.21369093e+00  6.23911305e+00  0.00000000e+00
  -3.28576122e-01  2.47513881e-01]
 [ 3.63675221e+00  2.05377393e+00 -3.32421635e-03  0.00000000e+00
  -8.25735123e-01  6.94959256e-02]
 [-2.37100228e+00 -4.78619575e+00 -7.94035880e-02  0.00000000e+00
  -7.19977647e-01 -8.50308597e-02]]
[04/03/2022, 06:34:34] computing sampling shap 428:438 within 35.8682 sec, 3.7069 on average
[04/03/2022, 06:34:34] instances left: 22
[04/03/2022, 06:34:34] estimating time left: 0:01:21.551800

[[ 2.93300451e+00  1.83918443e+00 -6.37167864e-03  0.00000000e+00
  -7.14722908e-01  3.20289688e-02]
 [-5.78835033e-01  3.97623858e+00  0.00000000e+00  0.00000000e+00
  -4.58694807e-01  2.37539236e-01]
 [-7.82705308e-01 -2.44706449e+00  6.06949635e+00  0.00000000e+00
  -1.34536865e-01 -8.41235743e-02]
 [ 3.02943576e+00  1.73702069e+00 -8.13422123e-02  0.00000000e+00
   6.02702908e-01 -2.62737038e-02]
 [ 1.97436321e+00  6.44939251e+00  7.16642808e+00  0.00000000e+00
   2.22471336e-01  1.15985176e-01]
 [-7.90953787e-01  4.17824561e+00 -1.31727078e-01  0.00000000e+00
   3.60070404e-01 -2.52544591e-02]
 [-5.01175152e-01  4.16234448e+00 -7.52671675e-02  0.00000000e+00
   1.05922315e-01  9.42303634e-02]
 [-6.84267845e-01  3.96815168e+00 -7.46832831e-02  0.00000000e+00
   6.08587096e-01 -2.97518929e-02]
 [-2.38379611e+00 -4.67239165e+00 -1.88206419e-01  0.00000000e+00
  -3.31840335e-01  8.82078694e-02]
 [-5.26491741e-01  4.29851159e+00 -1.23242046e-01  0.00000000e+00
   3.15232953e-01 -1.22813214e-01]]
[04/03/2022, 06:35:13] computing sampling shap 438:448 within 38.3716 sec, 3.7232 on average
[04/03/2022, 06:35:13] instances left: 12
[04/03/2022, 06:35:13] estimating time left: 0:00:44.678400

[[-2.38507127e+00 -4.67531871e+00 -1.31055880e-01  0.00000000e+00
  -1.88240174e-01  1.45585872e-01]
 [-5.34259212e-01  4.15456733e+00 -7.57839194e-02  0.00000000e+00
   9.07692499e-01 -9.04507230e-02]
 [-5.95896775e-01  3.95466288e+00 -6.91418251e-02  0.00000000e+00
  -3.15346922e-01  2.90899327e-01]
 [-6.19550118e-01  4.00923563e+00 -6.19835437e-03  0.00000000e+00
   8.67760538e-01 -1.07310807e-01]
 [-2.50296984e+00 -4.76494230e+00  0.00000000e+00  0.00000000e+00
  -2.66383593e-01  3.13639227e-01]
 [-2.07092852e+00 -4.84016113e+00 -2.90858421e-01  0.00000000e+00
   5.82437188e-01 -8.41645992e-02]
 [ 2.78791045e+00  1.91448624e+00 -1.23821526e-01  0.00000000e+00
  -4.40192193e-01 -9.61445394e-02]
 [-3.45310779e-01  4.32442366e+00 -2.24624323e-01  0.00000000e+00
  -3.30413795e-01  4.02307057e-01]
 [ 2.77706234e+00  2.12398769e+00 -4.87190241e-03  0.00000000e+00
   4.16325698e-01 -7.37205373e-02]
 [-4.46200095e-01  3.77551685e+00 -4.26412669e-04  0.00000000e+00
   2.84658214e-01 -1.34184763e-01]]
[04/03/2022, 06:35:51] computing sampling shap 448:458 within 37.9411 sec, 3.7311 on average
[04/03/2022, 06:35:51] instances left: 2
[04/03/2022, 06:35:51] estimating time left: 0:00:07.462200

[[-2.18799032e+00 -4.85087118e+00 -2.08912264e-01  0.00000000e+00
  -1.90917138e-01 -2.12264349e-02]
 [-5.18253191e-01  3.93037898e+00 -1.70286690e-01  0.00000000e+00
   6.53542692e-01 -5.36261386e-02]
 [ 2.40316305e+00  1.81373134e+00 -9.74188749e-03  0.00000000e+00
  -3.77057195e-01  2.84729344e-01]
 [-6.86181516e-01  4.04029603e+00 -3.46848741e-03  0.00000000e+00
   8.47278958e-01 -3.78952548e-02]
 [-6.90606835e-01  3.82214249e+00 -7.83987666e-02  0.00000000e+00
   3.01304775e-01  4.07381626e-02]
 [ 2.73463825e+00  1.83078053e+00 -2.97155930e-03  0.00000000e+00
  -3.94974805e-01 -6.93057015e-02]
 [-2.43960782e+00 -4.49888123e+00 -2.65637324e-01  0.00000000e+00
  -4.68532372e-01 -1.41507566e-01]
 [ 2.80882142e+00  2.20975305e+00 -1.60145400e-01  0.00000000e+00
  -3.39566741e-01 -5.92586307e-02]
 [ 2.69975881e+00  2.25525830e+00 -7.35354087e-02  0.00000000e+00
   8.03126703e-01 -5.89265661e-02]
 [-5.89793144e-01  3.94814121e+00 -7.29999348e-02  0.00000000e+00
  -3.16015073e-01 -7.94029628e-02]]
[04/03/2022, 06:35:51] finish computing sampling shap for range: [5, 8] within 335.802025 sec
