Child #[0, 1]: psutil.Process(pid=4870, name='python', status='running', started='03:06:23'), affinity [0, 1]
Child #[0, 1]: Set my affinity to [0, 1], affinity now [0, 1]

[04/03/2022, 06:27:21] start computing sampling shap for range: [1, 8]
[04/03/2022, 06:27:57] computing sampling shap 0:10 within 35.6358 sec, 3.5636 on average
[04/03/2022, 06:27:57] instances left: 82
[04/03/2022, 06:27:57] estimating time left: 0:04:52.215200

[[-2.23666602e+00 -4.60778404e+00 -3.27174736e-01  0.00000000e+00
   9.80052963e-01 -9.72750831e-02]
 [ 2.31350760e+00  2.04326351e+00 -7.84632969e-02  0.00000000e+00
  -3.91240681e-01 -1.39267473e-01]
 [-2.48591316e+00 -4.77156175e+00 -8.01268558e-02  0.00000000e+00
   6.89097054e-01 -1.11630739e-01]
 [-1.10261038e+00 -2.38065937e+00  6.27951189e+00  0.00000000e+00
   4.04319891e-01 -1.05767724e-01]
 [-8.39310311e-01  4.63831010e+00 -7.21594450e-02  0.00000000e+00
  -2.02225257e-01 -1.82510693e-01]
 [-2.38800734e+00 -4.59521003e+00 -3.19489083e-01  0.00000000e+00
   3.60082579e-01 -4.51373584e-02]
 [ 2.75053795e+00  1.83996698e+00 -2.22871473e-02  0.00000000e+00
   9.62545605e-02 -4.22679509e-02]
 [-2.45035301e+00 -4.54467003e+00 -3.37516871e-01  0.00000000e+00
  -1.15157588e+00  1.67070642e-01]
 [-2.46413490e+00 -4.71041568e+00 -8.39813620e-02  0.00000000e+00
   6.45758795e-01 -9.09024896e-02]
 [-6.38652081e-01  3.87977611e+00 -3.25350173e-03  0.00000000e+00
   5.95272344e-01 -8.98342848e-02]]
[04/03/2022, 06:28:34] computing sampling shap 10:20 within 36.37 sec, 3.6003 on average
[04/03/2022, 06:28:34] instances left: 72
[04/03/2022, 06:28:34] estimating time left: 0:04:19.221600

[[-5.26162574e-01  4.32854743e+00 -1.08184247e-01  0.00000000e+00
   4.90596321e-01  2.98840184e-01]
 [-2.20971157e+00 -4.67156031e+00 -2.21268701e-01  0.00000000e+00
   9.20939956e-01 -1.07246289e-01]
 [-2.19482850e+00 -4.73495500e+00 -3.94262056e-01  0.00000000e+00
   3.27073752e-01 -9.64332415e-02]
 [-6.04733366e-01  4.47247526e+00 -1.73633973e-01  0.00000000e+00
  -1.44908090e-02 -6.82859379e-02]
 [-2.39608491e+00 -4.85791255e+00 -3.85078171e-03  0.00000000e+00
   2.98353982e-01 -6.66765537e-02]
 [ 2.91935306e+00  1.63623494e+00 -1.18696731e-01  0.00000000e+00
   8.46089865e-01 -9.69343422e-02]
 [ 2.63240623e+00  2.22890091e+00 -5.63492909e-03  0.00000000e+00
  -1.23797366e+00  5.23371329e-02]
 [-2.20093543e+00 -4.84370685e+00 -7.87770951e-02  0.00000000e+00
   4.80220435e-01 -1.16936949e-01]
 [-2.45029700e+00 -4.56288558e+00 -3.37019349e-01  0.00000000e+00
  -5.78638854e-01  8.21706155e-02]
 [ 2.88671531e+00  1.71628729e+00  0.00000000e+00  0.00000000e+00
  -3.50085684e-01  8.53244409e-02]]
[04/03/2022, 06:29:14] computing sampling shap 20:30 within 40.1387 sec, 3.7382 on average
[04/03/2022, 06:29:14] instances left: 62
[04/03/2022, 06:29:14] estimating time left: 0:03:51.768400

[[-6.91346585e-01  3.96246630e+00 -5.02451686e-03  0.00000000e+00
  -6.99076905e-02 -5.29226487e-04]
 [ 2.79530249e+00  1.69573049e+00 -8.17420149e-03  0.00000000e+00
  -4.37709644e-01 -2.65039597e-02]
 [-2.05216682e+00 -4.98784807e+00  0.00000000e+00  0.00000000e+00
   8.58415966e-01 -1.07247719e-01]
 [-2.47693822e+00 -4.63876687e+00 -1.25793666e-01  0.00000000e+00
  -3.26055308e-01 -2.43210834e-02]
 [-2.47602570e+00 -4.52908430e+00 -2.42448514e-01  0.00000000e+00
  -9.33115224e-01 -3.14346830e-02]
 [-2.18881093e+00 -4.71628149e+00 -2.20930915e-01  0.00000000e+00
   9.37452667e-01 -2.83755263e-02]
 [ 2.76163149e+00  2.14157020e+00 -6.04628317e-03  0.00000000e+00
   6.67235127e-01 -4.56603005e-02]
 [ 2.81067717e+00  1.73578653e+00 -8.97986852e-03  0.00000000e+00
  -1.97080421e-01  4.73698079e-02]
 [-2.46736058e+00 -4.76316525e+00 -1.14298848e-02  0.00000000e+00
   5.91959963e-01 -1.10140031e-01]
 [-7.07558756e-01  4.02982091e+00 -3.66588648e-03  0.00000000e+00
   5.26509393e-01  3.34353182e-02]]
[04/03/2022, 06:29:51] computing sampling shap 30:40 within 37.5575 sec, 3.7426 on average
[04/03/2022, 06:29:51] instances left: 52
[04/03/2022, 06:29:51] estimating time left: 0:03:14.615200

[[ 2.80658926e+00  1.87104260e+00 -1.71732146e-01  0.00000000e+00
  -4.70875825e-01 -4.06284910e-02]
 [ 2.85087342e+00  1.77799949e+00 -7.86092713e-02  0.00000000e+00
  -9.79991137e-02 -5.75806970e-02]
 [ 2.59587723e+00  1.90366113e+00 -4.41712014e-03  0.00000000e+00
   7.82682502e-01 -9.17567972e-02]
 [ 2.74841992e+00  1.86279256e+00 -7.98918684e-02  0.00000000e+00
   7.53036525e-01 -6.61083164e-02]
 [-5.96697265e-01  3.82786790e+00 -7.30432170e-02  0.00000000e+00
   2.08472086e-01  2.85799645e-02]
 [ 5.65694393e+00 -1.91247241e+00  0.00000000e+00  0.00000000e+00
   5.21175975e-01 -5.77915393e-02]
 [-2.60740357e+00 -4.40783704e+00 -2.94595515e-01  0.00000000e+00
  -4.57252007e-01 -1.05991043e-01]
 [-2.40015692e+00 -4.66440093e+00 -1.97160145e-01  0.00000000e+00
  -4.28372847e-01 -3.76036786e-02]
 [ 2.29937601e+00  1.26204328e+00  1.11973356e+00  0.00000000e+00
   8.73794867e-03  1.95366642e-02]
 [ 2.62236699e+00  2.10846198e+00 -9.32362881e-04  0.00000000e+00
   9.30111903e-01 -3.43264315e-02]]
[04/03/2022, 06:30:29] computing sampling shap 40:50 within 37.8248 sec, 3.7506 on average
[04/03/2022, 06:30:29] instances left: 42
[04/03/2022, 06:30:29] estimating time left: 0:02:37.525200

[[-2.62704728e+00 -4.57167765e+00 -1.59615607e-01  0.00000000e+00
   3.57864005e-01 -6.78644449e-02]
 [-3.76651699e-01  3.80836434e+00 -7.39329918e-02  0.00000000e+00
  -1.73178354e-01 -7.25001293e-02]
 [-7.18804499e-01  3.93773342e+00 -6.06706460e-03  0.00000000e+00
   9.22167000e-01 -4.54905709e-02]
 [ 2.77375296e+00  1.84469137e+00 -8.63362682e-02  0.00000000e+00
   1.64288719e-01 -8.85239907e-02]
 [-5.79678538e-01  3.96395464e+00 -7.72039514e-02  0.00000000e+00
   2.89950209e-01  2.13106908e-01]
 [-2.51823295e+00 -4.58024084e+00 -8.52460671e-02  0.00000000e+00
  -4.38256283e-01  4.13269876e-01]
 [-7.21133009e-01  4.55502326e+00 -6.98936474e-02  0.00000000e+00
  -4.66864872e-01  1.21710793e-01]
 [ 2.67597142e+00  1.95034791e+00 -3.33056800e-04  0.00000000e+00
   8.54186603e-01 -5.80711062e-02]
 [ 6.25438450e+00 -1.75486549e+00 -8.10750024e-02  0.00000000e+00
  -4.43018514e-01 -8.03860857e-02]
 [-2.38484330e+00 -4.86058836e+00 -7.84986298e-02  0.00000000e+00
  -4.00411346e-01 -1.40418234e-01]]
[04/03/2022, 06:31:09] computing sampling shap 50:60 within 39.8586 sec, 3.7899 on average
[04/03/2022, 06:31:09] instances left: 32
[04/03/2022, 06:31:09] estimating time left: 0:02:01.276800

[[-7.51209397e-01  4.14808973e+00  0.00000000e+00  0.00000000e+00
  -6.62609925e-01  9.35612031e-02]
 [-5.89779654e-01  4.10633770e+00 -7.01427610e-02  0.00000000e+00
  -4.95742217e-01 -1.32460603e-01]
 [ 3.16763919e+00  2.36193283e+00 -5.98728075e-03  0.00000000e+00
  -4.37930609e-01 -7.17379694e-02]
 [-6.38461603e-01  2.00698590e+00  1.88950825e+00  0.00000000e+00
   6.37681292e-01 -1.14728700e-01]
 [ 2.66404811e+00  2.00389937e+00 -7.81585790e-02  0.00000000e+00
  -4.64422172e-01 -4.20515258e-02]
 [-1.75455927e+00  5.68460857e+00 -2.79900002e-03  0.00000000e+00
  -1.27341123e+00 -7.56604256e-02]
 [-2.28452073e+00 -4.67227587e+00 -4.01504968e-01  0.00000000e+00
  -8.24917905e-01  9.74605070e-02]
 [ 6.07810150e+00 -1.68190258e+00 -1.60338042e-01  0.00000000e+00
   9.36856738e-01 -8.64351056e-02]
 [ 2.68045564e+00  1.98424218e+00 -7.56153713e-02  0.00000000e+00
  -8.85412450e-01  9.05015627e-02]
 [-5.70195473e-01  4.33613196e+00 -2.37431342e-03  0.00000000e+00
  -3.74028775e-01 -1.50143785e-01]]
[04/03/2022, 06:31:47] computing sampling shap 60:70 within 38.0366 sec, 3.7919 on average
[04/03/2022, 06:31:47] instances left: 22
[04/03/2022, 06:31:47] estimating time left: 0:01:23.421800

[[-2.43597585e+00 -4.77876359e+00 -8.25584601e-02  0.00000000e+00
   2.91544621e-01  1.28196209e-01]
 [-4.66996968e-01  3.96343773e+00 -7.41358929e-02  0.00000000e+00
  -5.01029295e-01 -5.57531417e-02]
 [ 2.72486690e+00  1.64530538e+00 -4.13011326e-04  0.00000000e+00
   9.12500076e-01 -6.40107067e-02]
 [-2.10866784e+00 -4.65319965e+00 -5.62415834e-01  0.00000000e+00
  -2.75734398e-01 -1.25292352e-02]
 [-3.90249738e-01  4.21528670e+00 -7.02292681e-02  0.00000000e+00
   8.93658394e-01 -8.75207361e-02]
 [ 2.75006442e+00  1.98152481e+00 -1.50333206e-01  0.00000000e+00
   3.35945626e-01 -4.92602988e-02]
 [-2.53256714e+00 -4.49475028e+00 -2.89294479e-01  0.00000000e+00
  -6.81572771e-01 -1.04443222e-01]
 [-2.57444383e+00 -4.40919315e+00 -2.90980587e-01  0.00000000e+00
  -3.25203900e-01 -9.83480973e-02]
 [-2.32760501e+00 -4.77678403e+00 -1.68761757e-01  0.00000000e+00
   1.28155810e-02 -5.66848219e-02]
 [-6.64152826e-01  4.27115602e+00 -1.35391718e-01  0.00000000e+00
  -5.15526215e-01 -9.50410403e-02]]
[04/03/2022, 06:32:24] computing sampling shap 70:80 within 36.9437 sec, 3.7797 on average
[04/03/2022, 06:32:24] instances left: 12
[04/03/2022, 06:32:24] estimating time left: 0:00:45.356400

[[ 2.60004814e+00  1.93773257e+00 -8.25175728e-02  0.00000000e+00
  -2.99523050e-01  8.54788814e-02]
 [ 2.62140399e+00  1.79464018e+00 -1.04534708e-02  0.00000000e+00
  -1.01822741e+00  1.39820096e-01]
 [ 2.40834566e+00  1.81204277e+00 -5.83132650e-03  0.00000000e+00
   8.57387857e-01 -5.81782383e-02]
 [ 2.64654700e+00  2.55266145e+00 -2.77797872e-03  0.00000000e+00
   8.73021502e-02 -1.16112357e-01]
 [ 2.89633646e+00  1.59554031e+00 -1.14869874e-02  0.00000000e+00
  -6.46214937e-01  1.51523931e-01]
 [ 2.77248453e+00  1.88760921e+00 -1.25415217e-01  0.00000000e+00
   3.69185526e-01 -3.59226397e-02]
 [-2.27292970e+00 -4.87442186e+00 -1.34549026e-01  0.00000000e+00
  -1.91311063e-01 -1.03291630e-01]
 [-2.49218509e+00 -4.59619296e+00 -1.72907043e-01  0.00000000e+00
  -3.93454286e-01 -1.40606455e-01]
 [-2.29483677e+00 -4.70017841e+00 -1.58364906e-01  0.00000000e+00
  -2.78149767e-01 -2.83876590e-02]
 [ 2.90904085e+00  1.70887737e+00 -7.86764317e-02  0.00000000e+00
   4.38389373e-01  6.31694308e-03]]
[04/03/2022, 06:33:00] computing sampling shap 80:90 within 36.5074 sec, 3.7654 on average
[04/03/2022, 06:33:00] instances left: 2
[04/03/2022, 06:33:00] estimating time left: 0:00:07.530800

[[ 2.55203937e+00  1.83517657e+00 -3.94605623e-03  0.00000000e+00
  -4.23231578e-01 -3.70989919e-02]
 [ 2.72865467e+00  1.95067584e+00 -7.70699755e-02  0.00000000e+00
  -7.52627460e-01 -5.98539960e-02]
 [ 2.62512493e+00  1.93352738e+00 -4.54664554e-03  0.00000000e+00
  -1.11612755e-01  9.22109764e-02]
 [-2.27784464e+00 -4.49425641e+00 -3.82650510e-01  0.00000000e+00
  -9.52503588e-01  1.14316639e-01]
 [ 2.98662840e+00  2.03156505e+00 -7.53870057e-02  0.00000000e+00
  -4.46957149e-01 -1.11139721e-01]
 [-2.56775779e+00 -4.72083100e+00  0.00000000e+00  0.00000000e+00
  -4.25850053e-01 -1.08166441e-01]
 [-2.47462053e+00 -4.63921834e+00 -2.92900117e-03  0.00000000e+00
   9.19589265e-01 -6.85548069e-02]
 [-2.40107174e+00 -4.59169706e+00 -2.47033117e-01  0.00000000e+00
  -6.01508822e-01  2.89329134e-01]
 [-2.36691848e+00 -4.77040083e+00 -1.34241292e-01  0.00000000e+00
  -3.26533238e-01 -1.56432062e-01]
 [-2.60859326e+00 -4.47096340e+00 -7.80729020e-02  0.00000000e+00
  -1.07799102e+00  1.47547849e-01]]
[04/03/2022, 06:33:00] finish computing sampling shap for range: [1, 8] within 338.885103 sec
