Child #[8, 9]: psutil.Process(pid=5089, name='python', status='running', started='03:07:45'), affinity [8, 9]
Child #[8, 9]: Set my affinity to [8, 9], affinity now [8, 9]

[04/03/2022, 05:53:04] start computing sampling shap for range: [5, 8]
[04/03/2022, 05:53:47] computing sampling shap 864:874 within 42.9693 sec, 4.2969 on average
[04/03/2022, 05:53:47] instances left: 206
[04/03/2022, 05:53:47] estimating time left: 0:14:45.161400

[[-9.80306468e-01 -3.69925432e+00 -6.72807798e-01  0.00000000e+00
  -6.46931728e-01  3.19570532e-01]
 [ 5.15711990e+00  2.89418207e+00 -5.40074526e-01  0.00000000e+00
   2.54168512e-01 -6.43454001e-02]
 [-9.36594529e-01 -3.65638228e+00 -6.32699720e-01  0.00000000e+00
   2.80561581e-01  5.27796597e-02]
 [-6.44500101e-01 -4.11427415e+00 -4.71557208e-01  0.00000000e+00
   2.55958850e-01 -9.44408744e-02]
 [-1.08542637e+00 -3.80622826e+00 -3.77715932e-01  0.00000000e+00
   3.12587103e-01 -3.09030680e-02]
 [-7.33520145e-01 -3.87120534e+00 -6.49015828e-01  0.00000000e+00
  -3.38259699e-01  5.38007540e-02]
 [-3.71700922e-01  6.30044673e+00 -2.97710984e-01  0.00000000e+00
  -8.06232633e-01 -1.88681157e-01]
 [-3.14077176e-01  5.68696956e+00 -2.93004819e-01  5.80177089e-03
   3.96297291e-01  2.86954997e-02]
 [ 3.99265973e+00  3.07339239e+00 -2.86164678e-01  0.00000000e+00
   2.41083743e-01 -1.41655400e-02]
 [-8.01825380e-01 -4.10363126e+00 -3.80435170e-01  0.00000000e+00
  -3.12889005e-01 -1.03535421e-01]]
[04/03/2022, 05:54:30] computing sampling shap 874:884 within 42.8214 sec, 4.2896 on average
[04/03/2022, 05:54:30] instances left: 196
[04/03/2022, 05:54:30] estimating time left: 0:14:00.761600

[[-4.08052920e-01  5.72097366e+00 -7.74741241e-02  0.00000000e+00
  -4.04485949e-02  1.30177679e-01]
 [-9.48520662e-01 -3.87006493e+00 -5.81903158e-01  0.00000000e+00
   8.85505331e-01 -8.75518968e-02]
 [-2.88010501e-01  5.70920635e+00 -2.58928278e-01  0.00000000e+00
  -2.80461587e-01 -1.79306679e-01]
 [-8.26339480e-01 -3.76114489e+00 -6.91135591e-01 -3.25332226e-04
  -5.23625607e-01 -1.69058960e-01]
 [-2.26042250e-01  5.62767386e+00 -2.39273683e-01  0.00000000e+00
  -2.81210803e-01  3.77727755e-01]
 [ 3.74911707e+00  3.37604715e+00 -3.35379045e-01  0.00000000e+00
  -5.93385394e-02  1.16633972e-02]
 [-1.13794013e+00 -3.56246947e+00 -5.90854309e-01 -4.81327861e-05
   7.72740431e-01 -8.39640588e-02]
 [-4.47120267e-01 -2.25221908e+00  7.74127132e+00  0.00000000e+00
  -7.16914043e-01  1.53843892e-01]
 [-7.22635907e-01 -4.05336752e+00 -6.41814149e-01 -4.81329293e-05
   8.61902323e-02 -8.58619766e-02]
 [-9.21754883e-01 -3.89736404e+00 -3.82789092e-01  9.88390484e-04
   6.81084246e-01 -1.05813652e-01]]
[04/03/2022, 05:55:15] computing sampling shap 884:894 within 44.7679 sec, 4.352 on average
[04/03/2022, 05:55:15] instances left: 186
[04/03/2022, 05:55:15] estimating time left: 0:13:29.472000

[[-1.03013575e+00 -3.86036441e+00 -4.11460158e-01  0.00000000e+00
  -5.74341629e-01  1.54707690e-01]
 [-8.98357386e-01 -3.77956338e+00 -6.88248515e-01 -4.81327224e-05
  -2.05938747e-01 -8.80368346e-02]
 [-5.81016087e-01 -1.94910813e+00  7.54935215e+00  0.00000000e+00
   7.81919497e-01 -1.05120839e-01]
 [-3.07162820e-01  5.49858357e+00 -1.18208635e-01  0.00000000e+00
   8.08674231e-01 -8.37236527e-02]
 [-9.44224775e-01 -3.91245923e+00 -4.16423356e-01  0.00000000e+00
  -1.42442326e+00  7.40976809e-03]
 [-3.07245706e-01  5.50343398e+00 -9.23719143e-02  0.00000000e+00
   4.11240771e-01 -2.82822700e-02]
 [ 3.89588943e+00  2.63041585e+00 -9.21358201e-02  0.00000000e+00
   3.59646258e-02 -1.04648289e-01]
 [-3.70220367e-01  5.75272067e+00 -1.29442448e-01  0.00000000e+00
  -1.19208197e+00 -9.14647219e-02]
 [ 3.73859002e+00  2.75390074e+00 -1.86214910e-01  0.00000000e+00
   4.32888953e-01 -6.67701925e-02]
 [ 3.95813258e+00  2.51688677e+00 -2.38222941e-01  6.98175953e-03
   6.76903558e-01 -8.56169323e-02]]
[04/03/2022, 05:55:56] computing sampling shap 894:904 within 41.4402 sec, 4.3001 on average
[04/03/2022, 05:55:56] instances left: 176
[04/03/2022, 05:55:56] estimating time left: 0:12:36.817600

[[-5.33625267e-01  5.95308294e+00 -2.50584048e-01  0.00000000e+00
   3.68079570e-01 -3.06746398e-02]
 [-1.00046310e+00 -3.85295110e+00 -4.54801830e-01  3.27958854e-03
   3.64232861e-01  1.97358636e-01]
 [-8.02841167e-01 -3.80652123e+00 -5.00085769e-01  0.00000000e+00
   6.09776554e-01 -1.25977622e-01]
 [-1.07427841e+00 -3.50763162e+00 -6.72027693e-01  0.00000000e+00
  -2.71408428e-01  1.71779589e-01]
 [-8.78952191e-01 -3.86530575e+00 -6.28719357e-01  0.00000000e+00
  -6.14667165e-01  1.59619158e-01]
 [-7.36040078e-01 -4.10716005e+00 -4.96946494e-01  0.00000000e+00
   3.77608578e-01 -1.38020448e-01]
 [ 4.12836566e+00  2.64862287e+00 -2.69084476e-01  0.00000000e+00
  -3.25517557e-01 -8.33575481e-02]
 [-3.25502545e-01  5.81522135e+00 -3.57550444e-01  1.32555155e-02
   7.36254189e-01 -6.05249392e-02]
 [-8.98092453e-01 -3.74262894e+00 -5.79976896e-01  0.00000000e+00
  -6.25143913e-01  6.10154961e-01]
 [-8.14173852e-01 -3.68329060e+00 -7.54217829e-01  0.00000000e+00
   7.23855662e-01 -9.78222348e-02]]
[04/03/2022, 05:56:41] computing sampling shap 904:914 within 44.3092 sec, 4.3263 on average
[04/03/2022, 05:56:41] instances left: 166
[04/03/2022, 05:56:41] estimating time left: 0:11:58.165800

[[ 3.70559586e+00  3.06797062e+00 -8.00801856e-02  0.00000000e+00
  -4.16284018e-01  6.31511637e-03]
 [ 4.03875892e+00  2.38067712e+00 -2.03131024e-02 -7.50357372e-04
   5.67069959e-01 -9.85693229e-02]
 [-9.22714932e-01 -3.69936495e+00 -6.64294315e-01  6.11468591e-03
   3.50660468e-01 -7.32617284e-02]
 [ 3.97561818e+00  2.60606686e+00 -1.71085795e-01  0.00000000e+00
   3.34214820e-01 -1.11416531e-01]
 [-3.27268476e-01  5.72554086e+00 -2.48167353e-01  3.90464782e-03
   7.23015383e-02 -2.02848430e-01]
 [-7.67577056e-01 -4.11173313e+00 -3.96987673e-01  0.00000000e+00
   3.33782583e-01 -1.58043356e-01]
 [-8.74939764e-01 -3.64677576e+00 -7.46487066e-01  0.00000000e+00
  -4.08876076e-02 -2.81563795e-02]
 [ 4.01839923e+00  2.56933514e+00 -1.92010269e-01  0.00000000e+00
   3.35158322e-01 -9.74847410e-02]
 [-6.59181001e-02  5.55955333e+00 -4.02124626e-01 -2.06689701e-04
   7.51395488e-01  4.03368564e-03]
 [-1.37441196e-01  5.28781720e+00 -1.77767246e-02  0.00000000e+00
   7.56148268e-01 -1.26494557e-01]]
[04/03/2022, 05:57:27] computing sampling shap 914:924 within 46.7209 sec, 4.3839 on average
[04/03/2022, 05:57:27] instances left: 156
[04/03/2022, 05:57:27] estimating time left: 0:11:23.888400

[[-5.72205090e-01 -4.01366807e+00 -6.57607849e-01  5.24800875e-03
   2.96894340e-01  2.88808083e-01]
 [ 5.29935323e+00  2.08654965e+00  0.00000000e+00  0.00000000e+00
   5.71655956e-01 -1.16353580e-01]
 [-1.00150911e+00 -3.83372375e+00 -4.75655331e-01  0.00000000e+00
  -4.90609005e-01 -1.09116448e-01]
 [-8.45376490e-01 -3.97814797e+00 -4.80223593e-01  0.00000000e+00
   3.43926202e-01 -1.40736824e-01]
 [-1.81633819e-01  5.56759385e+00 -1.55897213e-01 -2.28471002e-04
  -7.15147919e-01  1.12076242e-01]
 [-2.26501101e-01  5.39793708e+00 -7.98908418e-02  0.00000000e+00
  -7.05084609e-01 -7.58816360e-02]
 [-9.65288987e-01 -3.64464896e+00 -6.68247046e-01  0.00000000e+00
  -1.39423783e+00 -4.51168023e-02]
 [ 3.87569933e+00  2.64887870e+00 -9.17787005e-02  0.00000000e+00
  -6.55453937e-01 -1.48655013e-01]
 [-3.93311881e-01  5.83685517e+00 -3.06825697e-01  0.00000000e+00
  -4.87688349e-01 -1.72516690e-01]
 [-4.25497093e-01  5.58215053e+00 -7.42916876e-02  0.00000000e+00
   7.78400213e-01 -3.96085651e-02]]
[04/03/2022, 05:58:10] computing sampling shap 924:934 within 43.1147 sec, 4.3736 on average
[04/03/2022, 05:58:10] instances left: 146
[04/03/2022, 05:58:10] estimating time left: 0:10:38.545600

[[-1.07168269e+00 -3.87882781e+00 -3.02966725e-01  0.00000000e+00
   3.09643274e-01  8.00075424e-02]
 [-9.94896051e-01 -3.64900236e+00 -6.15716429e-01  1.34221323e-03
  -8.26524857e-01  1.22218809e+00]
 [-9.19159198e-01 -3.84792643e+00 -5.27648566e-01  0.00000000e+00
   7.80116938e-01 -1.11031895e-01]
 [ 5.24939925e+00  2.45633483e+00 -3.76586185e-01 -4.61636915e-04
   5.95741782e-01 -3.66936322e-02]
 [-1.03539791e+00 -3.60499637e+00 -5.65601866e-01  0.00000000e+00
   6.67504593e-01 -6.67803822e-03]
 [-1.11236537e+00 -3.73817608e+00 -4.53378271e-01  0.00000000e+00
  -6.19442102e-01  7.30966399e-01]
 [-9.43625975e-01 -3.79205936e+00 -5.14579889e-01  0.00000000e+00
   3.64278551e-01  1.37674547e-01]
 [-8.34697989e-01 -3.82859875e+00 -5.42064571e-01  0.00000000e+00
   2.64042903e-01  2.81294570e-01]
 [-8.76993406e-01 -3.70310210e+00 -5.88764695e-01 -4.81328162e-05
  -1.46316966e+00 -1.53307248e-01]
 [-1.19517505e+00 -3.70848158e+00 -3.41423054e-01  0.00000000e+00
   7.37326547e-01 -6.03506144e-02]]
[04/03/2022, 05:58:54] computing sampling shap 934:944 within 43.6148 sec, 4.3721 on average
[04/03/2022, 05:58:54] instances left: 136
[04/03/2022, 05:58:54] estimating time left: 0:09:54.605600

[[ 8.41373845e+00 -1.87254168e+00 -3.33069092e-01  0.00000000e+00
  -5.00682620e-01  4.14898259e-01]
 [-9.15343338e-01 -3.91596887e+00 -5.43989768e-01  1.02908730e-02
   8.82531484e-02  3.08148129e-01]
 [ 5.14918416e+00  2.60701039e+00 -3.03904197e-01  1.31052295e-03
  -1.58247592e-01  8.29219809e-02]
 [-3.40811494e-01  6.08703669e+00 -1.98922728e-01  0.00000000e+00
  -6.27013789e-01  2.49922409e-01]
 [-8.08392891e-01 -4.10812998e+00 -4.25359811e-01  0.00000000e+00
   8.38022323e-01 -6.42430436e-02]
 [-8.24125692e-01 -3.85399267e+00 -5.46717997e-01  0.00000000e+00
   2.70617632e-01 -1.14595131e-01]
 [ 3.97801000e+00  2.50183911e+00 -1.69622781e-01  0.00000000e+00
   6.13830059e-01 -4.17138009e-02]
 [-7.75301275e-01 -4.07011183e+00 -4.20007221e-01  3.90704567e-03
  -5.32062792e-01 -1.78053748e-01]
 [-7.03987588e-01 -4.07639012e+00 -5.33066750e-01  0.00000000e+00
   7.99240814e-01 -1.11444956e-01]
 [-2.18168605e-01  5.65054894e+00 -3.14837463e-01  0.00000000e+00
  -6.14142075e-01  3.09241327e-01]]
[04/03/2022, 05:59:37] computing sampling shap 944:954 within 43.006 sec, 4.3642 on average
[04/03/2022, 05:59:37] instances left: 126
[04/03/2022, 05:59:37] estimating time left: 0:09:09.889200

[[-8.82492732e-01 -4.07228640e+00 -3.54757510e-01 -1.16612576e-04
  -1.80308925e-02 -8.98531255e-02]
 [-9.38109917e-01 -3.94579422e+00 -2.89665933e-01  0.00000000e+00
   6.50022744e-01 -1.02101550e-01]
 [-8.77467424e-01 -3.86487862e+00 -6.43636233e-01  0.00000000e+00
  -6.19249508e-01  2.28787415e-01]
 [-1.03206282e+00 -3.63163306e+00 -6.43448654e-01  0.00000000e+00
   3.79267077e-01 -1.40936008e-01]
 [-9.08350042e-01 -3.89009131e+00 -4.77410072e-01  0.00000000e+00
  -5.07593489e-01  5.63413723e-01]
 [-5.99359990e-01 -2.31442403e+00  7.83901957e+00 -2.06689536e-04
   4.00943519e-01  1.76901888e-02]
 [-1.10121182e+00 -3.81589360e+00 -4.32919004e-01  0.00000000e+00
   4.32980665e-02 -1.35874962e-01]
 [-2.80620803e-01  5.68764594e+00 -1.95845137e-01  0.00000000e+00
   6.86116962e-01 -1.35044268e-01]
 [-9.67730200e-01 -3.76714455e+00 -4.74456789e-01  0.00000000e+00
   2.64699662e-01 -1.55926811e-01]
 [-1.90975533e-01  5.72159182e+00 -1.92025817e-01  0.00000000e+00
  -1.45681405e-01 -1.01649195e-01]]
[04/03/2022, 06:00:22] computing sampling shap 954:964 within 45.2313 sec, 4.3801 on average
[04/03/2022, 06:00:22] instances left: 116
[04/03/2022, 06:00:22] estimating time left: 0:08:28.091600

[[-4.09072094e-01 -2.34952450e+00  7.79875753e+00  0.00000000e+00
   7.80250263e-01 -1.24384437e-01]
 [-8.13489644e-01 -3.67333902e+00 -6.73106576e-01  0.00000000e+00
   7.14481629e-01 -1.80195370e-01]
 [-4.63083589e-01  6.27811144e+00 -4.14144466e-01  6.61791033e-03
   7.90060371e-01 -1.04156531e-01]
 [ 3.97258408e+00  2.48445479e+00 -1.64933062e-02  0.00000000e+00
   2.88953664e-01 -8.26834133e-02]
 [ 5.25596908e+00  2.84297864e+00 -4.62677272e-01 -6.22418545e-04
  -5.94548091e-01 -4.96595396e-02]
 [-1.02938066e+00 -3.67308177e+00 -6.01427028e-01  0.00000000e+00
  -2.99983874e-01 -1.43204291e-01]
 [-2.54618446e-01  5.70968013e+00 -3.27876846e-01  6.12439800e-03
   3.86734974e-01 -4.06218228e-02]
 [-9.50781157e-01 -3.66432494e+00 -6.61829633e-01  0.00000000e+00
   7.33792020e-01  5.75282578e-02]
 [-3.75967661e-01  5.78556437e+00 -1.85087653e-01  0.00000000e+00
  -3.30319588e-01  3.13901118e-01]
 [-2.15660444e-01  5.74847651e+00 -2.46681873e-01  0.00000000e+00
   6.04844112e-01 -1.28725663e-01]]
[04/03/2022, 06:01:08] computing sampling shap 964:974 within 45.3327 sec, 4.394 on average
[04/03/2022, 06:01:08] instances left: 106
[04/03/2022, 06:01:08] estimating time left: 0:07:45.764000

[[-4.55501340e-01 -1.81413246e+00  7.33384529e+00  0.00000000e+00
   7.65127843e-01 -1.05295023e-01]
 [ 5.50645024e+00  2.40971056e+00 -4.22715552e-01  0.00000000e+00
   7.48560060e-02 -1.28889072e-01]
 [-8.22954043e-01 -3.86263730e+00 -6.69658053e-01  0.00000000e+00
   5.37041562e-02 -1.48579535e-02]
 [-9.72889291e-01 -3.56372613e+00 -6.45199620e-01  0.00000000e+00
   6.93346488e-01 -5.67007150e-02]
 [-9.84200413e-01 -3.86326708e+00 -3.61463032e-01  0.00000000e+00
   2.36392621e-01 -3.03232053e-02]
 [-3.59532700e-01  5.80258225e+00 -3.01322815e-01  0.00000000e+00
   3.93121268e-01 -1.39092299e-01]
 [-1.90993921e-01  5.73335212e+00 -3.70748437e-01  0.00000000e+00
   3.22411791e-01 -8.14135512e-02]
 [-2.99434457e-01  6.33313842e+00 -4.22603720e-01  2.76971301e-03
  -3.91980051e-01  6.77123982e-02]
 [-9.47035362e-01 -3.96708518e+00 -4.00232276e-01 -4.81328636e-05
   3.40186280e-01 -6.98834090e-02]
 [-1.00356038e+00 -3.74998877e+00 -3.95888025e-01  0.00000000e+00
   6.36196328e-01 -1.12408190e-01]]
[04/03/2022, 06:01:49] computing sampling shap 974:984 within 40.9299 sec, 4.3689 on average
[04/03/2022, 06:01:49] instances left: 96
[04/03/2022, 06:01:49] estimating time left: 0:06:59.414400

[[-8.72951370e-01 -3.56669813e+00 -7.32727615e-01  0.00000000e+00
  -3.13573488e-01  4.38094574e-01]
 [-4.41681010e-01 -2.55337488e+00  7.95169330e+00  0.00000000e+00
  -5.60283694e-01  5.61864530e-01]
 [-7.26154428e-01 -3.97200142e+00 -6.11375542e-01  7.21666572e-03
   3.17430805e-01 -1.15674504e-01]
 [-9.18973967e-01 -3.86837771e+00 -4.83064886e-01  0.00000000e+00
  -7.11483171e-01 -1.40102708e-01]
 [ 3.78212622e+00  2.60555054e+00 -1.26569688e-02  0.00000000e+00
  -5.53842194e-01  9.51560406e-02]
 [ 3.92183234e+00  2.70143217e+00 -2.69776631e-01  4.66533662e-03
   9.45801549e-02 -1.26258693e-02]
 [-2.54111320e-01  1.62418382e+01 -3.17272327e-01  0.00000000e+00
   7.68885091e-01 -1.17962523e-01]
 [-7.77476431e-01 -3.77042901e+00 -6.79867001e-01  0.00000000e+00
  -5.54824312e-01  3.98056578e-01]
 [ 4.00696570e+00  2.41006116e+00 -9.28993989e-02  0.00000000e+00
   3.99044313e-01 -8.97740303e-02]
 [-3.63073270e-01  6.19771419e+00 -2.16269683e-01  0.00000000e+00
   4.17854777e-01 -9.62216353e-02]]
[04/03/2022, 06:02:31] computing sampling shap 984:994 within 42.3607 sec, 4.3587 on average
[04/03/2022, 06:02:31] instances left: 86
[04/03/2022, 06:02:31] estimating time left: 0:06:14.848200

[[-3.65693072e-01 -2.48952640e+00  7.77261207e+00 -4.81329705e-05
   8.62548081e-01 -5.58480346e-02]
 [ 4.19735474e+00  3.15462039e+00 -7.20540553e-01  0.00000000e+00
   3.36390143e-01  6.35164080e-02]
 [-1.14080991e-01  5.25684766e+00 -9.19013996e-03  0.00000000e+00
   7.62081588e-01 -1.04275170e-01]
 [ 5.73732445e+00  2.05313010e+00 -8.81278928e-02 -1.86341365e-04
  -4.28314081e-01 -1.29396161e-01]
 [-3.10002796e-01  5.79765186e+00 -2.17798002e-01  0.00000000e+00
   2.94000139e-01 -1.87599401e-01]
 [ 5.22093672e+00  2.61345665e+00 -4.69372900e-01  0.00000000e+00
   5.93990256e-01 -7.94929605e-02]
 [-3.57085892e-01  5.57848744e+00 -8.55278528e-02  6.83350399e-03
  -4.69075402e-01 -2.53262964e-02]
 [ 3.78009373e+00  2.82097421e+00 -1.92638204e-01  0.00000000e+00
   8.05557376e-02 -5.95083935e-02]
 [-7.55608447e-01 -4.16143478e+00 -4.53683930e-01  0.00000000e+00
   4.23634613e-01 -1.53465738e-01]
 [-1.01635724e+00 -3.74683577e+00 -5.24087243e-01  0.00000000e+00
  -4.19226196e-01  4.58322588e-01]]
[04/03/2022, 06:03:12] computing sampling shap 994:1004 within 41.5206 sec, 4.344 on average
[04/03/2022, 06:03:12] instances left: 76
[04/03/2022, 06:03:12] estimating time left: 0:05:30.144000

[[-1.10506268e+00 -3.78244687e+00 -3.34255854e-01  0.00000000e+00
  -3.69559794e-01 -6.88676899e-02]
 [-3.47246797e-01  1.62221997e+01 -7.61001440e-02  0.00000000e+00
   6.34664186e-01  4.66709315e-02]
 [-7.63302717e-01 -3.80386111e+00 -7.22730484e-01  0.00000000e+00
  -2.82255575e-01 -1.16397931e-01]
 [ 4.30808573e+00  2.19721734e+00 -1.46318751e-01 -1.86341575e-04
  -6.83841690e-01 -3.71219313e-02]
 [-9.81977832e-01 -3.71999482e+00 -5.71456866e-01  0.00000000e+00
   3.37086636e-01 -1.64215716e-01]
 [-7.79394639e-01 -3.77751698e+00 -7.34616573e-01  0.00000000e+00
  -2.96483821e-01  1.51128177e-02]
 [-1.11944368e+00 -3.87416638e+00 -2.18676732e-01 -3.18949118e-03
   2.54406845e-01 -1.39488720e-01]
 [-1.05926644e+00 -3.65748705e+00 -6.04925443e-01  0.00000000e+00
   3.71481383e-01 -4.65497400e-02]
 [-6.08092651e-01  6.38293562e+00 -3.63666638e-01  0.00000000e+00
  -3.80999263e-01  2.80954335e-01]
 [-2.37906858e-01  5.41452832e+00 -1.22260278e-01  0.00000000e+00
   8.36248829e-01 -1.28357167e-01]]
[04/03/2022, 06:03:55] computing sampling shap 1004:1014 within 42.2733 sec, 4.3362 on average
[04/03/2022, 06:03:55] instances left: 66
[04/03/2022, 06:03:55] estimating time left: 0:04:46.189200

[[-0.77207456 -3.93790159 -0.51557926  0.         -0.56609318  0.53782883]
 [ 3.85253345  3.31663571 -0.4461522   0.         -0.47548369 -0.089027  ]
 [-1.00545063 -3.74153698 -0.56858417  0.          0.02347953  0.4244685 ]
 [-1.01336787 -3.67633228 -0.60613534  0.         -0.48255424 -0.19324037]
 [-0.32293081  6.48597237 -0.62754624  0.          0.34451902 -0.10951508]
 [-0.44742686 -4.00304095 -0.81429401  0.          0.34762629 -0.0796116 ]
 [-0.584143   -2.09350662  7.69893588  0.          0.82695102 -0.14553116]
 [-1.00859568 -3.69926931 -0.63642005  0.          0.38815984 -0.08797284]
 [-1.05651864 -3.70593297 -0.53895671  0.          0.36639157 -0.06173056]
 [-0.86419773 -3.83077823 -0.66419172  0.          0.38655881 -0.1279496 ]]
[04/03/2022, 06:04:38] computing sampling shap 1014:1024 within 43.2103 sec, 4.3353 on average
[04/03/2022, 06:04:38] instances left: 56
[04/03/2022, 06:04:38] estimating time left: 0:04:02.776800

[[-7.20331630e-01 -3.85802454e+00 -7.12284229e-01  2.76966267e-03
   3.29867256e-01 -1.42554950e-01]
 [-1.32425795e-01  5.50904672e+00 -1.32294825e-01  0.00000000e+00
  -6.26626440e-02 -1.21483777e-01]
 [-1.87052473e-01  5.38422455e+00 -7.25044464e-02  0.00000000e+00
  -5.93092740e-01  1.93401453e-01]
 [-3.15326618e-01  5.62893322e+00 -1.69655108e-01  3.70875165e-03
   7.49607092e-01 -9.91046397e-02]
 [-9.44622516e-01 -3.78104531e+00 -5.15457262e-01  9.12498001e-04
  -4.66791207e-01  2.30420820e-01]
 [-1.03525975e+00 -3.60721751e+00 -5.90455741e-01  0.00000000e+00
  -7.21866065e-01 -7.92977530e-02]
 [-8.33968796e-01 -4.05965335e+00 -4.90455009e-01  6.07503777e-03
  -3.80412069e-01  7.26059284e-02]
 [-9.86330944e-01  6.72631029e+00 -2.81974950e-01  3.77961128e-03
   4.11731302e-01 -1.44545426e-01]
 [-1.14712835e+00 -3.90590188e+00 -2.59260446e-01  0.00000000e+00
  -6.86463187e-01 -1.64068519e-01]
 [-9.34937536e-01 -3.71869268e+00 -5.07535682e-01  0.00000000e+00
   2.09964319e-01 -1.49356743e-01]]
[04/03/2022, 06:05:18] computing sampling shap 1024:1034 within 40.54 sec, 4.3187 on average
[04/03/2022, 06:05:18] instances left: 46
[04/03/2022, 06:05:18] estimating time left: 0:03:18.660200

[[-3.75436460e-01  6.24429663e+00 -3.82627729e-01  0.00000000e+00
   7.39103525e-01 -1.31930534e-01]
 [-2.86270260e-01  5.39345619e+00 -3.08892238e-03  0.00000000e+00
  -7.13191697e-01 -1.26949000e-01]
 [-9.11069434e-01 -3.72725342e+00 -6.36960866e-01  0.00000000e+00
   3.32691590e-01 -6.02689816e-02]
 [-8.08825186e-01 -3.82093578e+00 -5.67618045e-01  0.00000000e+00
  -1.10694305e+00  2.71178372e-01]
 [ 4.01514943e+00  2.65582163e+00 -3.04331857e-01  0.00000000e+00
   3.69967948e-01 -1.03209807e-01]
 [ 3.90480061e+00  2.59354813e+00 -1.45107070e-01  0.00000000e+00
  -1.54334750e+00 -9.48235775e-02]
 [-3.69426799e-01  5.70772042e+00 -1.91575872e-01 -1.86340039e-04
   2.04372350e-02 -6.44867068e-03]
 [-9.55017348e-01 -3.77686838e+00 -6.17579889e-01  0.00000000e+00
   2.91966112e-02 -1.56058060e-01]
 [-1.82624016e-01  5.70030460e+00 -3.34285080e-01 -6.84791463e-05
   2.69076617e-01  2.57397248e-01]
 [-9.50942532e-01 -3.80280522e+00 -5.14405052e-01  0.00000000e+00
  -1.13608754e+00  6.97748873e-01]]
[04/03/2022, 06:06:03] computing sampling shap 1034:1044 within 44.5228 sec, 4.3262 on average
[04/03/2022, 06:06:03] instances left: 36
[04/03/2022, 06:06:03] estimating time left: 0:02:35.743200

[[-8.86801090e-01 -3.97171566e+00 -4.16986870e-01  0.00000000e+00
   3.51691245e-01 -6.38740321e-02]
 [-7.45840839e-01 -3.89961509e+00 -5.88196761e-01 -4.81327097e-05
   7.39862145e-01 -1.31810424e-01]
 [-7.93391563e-01 -3.87504928e+00 -5.62671127e-01 -3.25326270e-04
   3.02563148e-01 -1.39939773e-01]
 [-8.78619178e-01 -3.90417038e+00 -4.63893787e-01  0.00000000e+00
   7.51412002e-01 -1.30377591e-01]
 [-8.56962652e-01 -3.75666200e+00 -6.28392079e-01  0.00000000e+00
  -6.98848495e-02 -1.30699975e-01]
 [-4.08540063e-01  5.68339143e+00 -1.70482314e-01  0.00000000e+00
   7.82587918e-01 -9.55744092e-02]
 [-5.16536171e-01 -2.07497870e+00  7.67004412e+00  0.00000000e+00
   7.40518707e-01 -1.23021568e-01]
 [-1.02636338e+00 -3.71336489e+00 -4.79008828e-01  9.12529959e-04
   2.46056131e-01 -7.23297920e-02]
 [-4.09696498e-01  5.95638945e+00 -3.38815518e-01  5.76739049e-03
   6.81250680e-01 -1.32642888e-01]
 [-1.15381631e+00 -3.68719322e+00 -5.02573754e-01  0.00000000e+00
   3.80764856e-01 -2.48683382e-02]]
[04/03/2022, 06:06:45] computing sampling shap 1044:1054 within 42.2159 sec, 4.3207 on average
[04/03/2022, 06:06:45] instances left: 26
[04/03/2022, 06:06:45] estimating time left: 0:01:52.338200

[[-0.29516244  5.69785061 -0.16609154  0.         -0.78561561 -0.16287776]
 [-1.02615386 -3.955266   -0.28023475  0.          0.73066897 -0.01418356]
 [ 3.74839508  3.26778619 -0.31969334  0.          0.32449844  0.17844058]
 [-0.1548219   5.4712771  -0.11732433  0.         -0.49271773 -0.06221072]
 [-0.20476802  5.64191141 -0.34653195  0.          0.08501612 -0.04856744]
 [-0.25240307  5.60941224 -0.19550447  0.          0.34666184 -0.13191446]
 [-0.19080735  5.72875914 -0.27282142  0.         -0.73817313  0.15286399]
 [-1.09343016 -3.7478032  -0.42803944  0.         -0.3354789  -0.05544136]
 [-1.08451428 -3.62527387 -0.46314285  0.          0.65951501 -0.04479083]
 [-1.17089473 -3.88286166 -0.29597367  0.         -0.56807256 -0.14402508]]
[04/03/2022, 06:07:29] computing sampling shap 1054:1064 within 43.5211 sec, 4.3222 on average
[04/03/2022, 06:07:29] instances left: 16
[04/03/2022, 06:07:29] estimating time left: 0:01:09.155200

[[-1.74964128e-01  5.69041356e+00 -3.02181879e-01  0.00000000e+00
  -2.92284903e-01 -1.22591449e-01]
 [-9.66007827e-01 -3.65298752e+00 -5.63773834e-01  0.00000000e+00
   6.76482619e-01 -1.19362654e-01]
 [ 4.10565575e+00  2.51201730e+00 -2.80684492e-01 -2.06685255e-04
   1.10234321e-01 -1.46475474e-02]
 [-2.42336247e-01  5.70036608e+00 -2.66614805e-01  0.00000000e+00
  -3.33780502e-01 -1.55135011e-01]
 [-8.79237234e-01 -3.78777739e+00 -6.71617019e-01  0.00000000e+00
  -7.38922581e-01 -4.88034301e-02]
 [-8.38139132e-01 -4.06076703e+00 -4.39737645e-01 -4.81327962e-05
   8.33098302e-01 -1.20055294e-01]
 [-8.59139903e-01 -3.73691556e+00 -6.33050409e-01  0.00000000e+00
  -4.84356349e-01  3.29378748e-01]
 [-6.21654681e-01 -4.07603015e+00 -5.14247047e-01  0.00000000e+00
  -5.22527302e-02  1.72498446e-01]
 [-3.65623839e-01  1.64296221e+01 -1.55986094e-01  0.00000000e+00
   1.62926364e-02  2.88322409e-01]
 [ 4.23171911e+00  2.41643025e+00 -2.13410445e-01  3.81882978e-03
  -4.77187706e-01  1.42217162e-01]]
[04/03/2022, 06:08:16] computing sampling shap 1064:1074 within 46.8302 sec, 4.3394 on average
[04/03/2022, 06:08:16] instances left: 6
[04/03/2022, 06:08:16] estimating time left: 0:00:26.036400

[[-6.01997561e-01 -2.03493318e+00  7.71114558e+00  0.00000000e+00
   7.64077158e-01 -1.42265469e-01]
 [-9.88686621e-01 -3.74056000e+00 -5.03003077e-01  0.00000000e+00
   7.24367961e-01 -1.17767217e-01]
 [-1.06400601e+00 -3.71848648e+00 -5.42523163e-01  0.00000000e+00
   4.06184306e-01 -1.49982281e-01]
 [-7.85285150e-01 -3.81563362e+00 -7.31229965e-01  0.00000000e+00
   3.67998281e-01  3.20655035e-01]
 [-3.10764784e-01  5.69983189e+00 -2.88297151e-01  0.00000000e+00
   7.95696648e-01 -1.34213674e-01]
 [-1.08207170e+00 -3.72063313e+00 -4.37098848e-01  5.81580252e-03
  -6.87439508e-01 -2.00575011e-01]
 [ 3.99049741e+00  2.68441013e+00 -2.48218391e-01  0.00000000e+00
  -2.67710719e-01 -7.59871444e-02]
 [-9.97865983e-01 -3.98682945e+00 -3.60104834e-01  0.00000000e+00
   3.25587440e-03  4.29842463e-03]
 [-9.37407822e-01 -3.61457466e+00 -6.79836416e-01  0.00000000e+00
  -5.73384024e-02  1.46802613e-01]
 [ 3.78932595e+00  2.59392736e+00 -1.05529029e-01  0.00000000e+00
   6.70025076e-01 -1.12684197e-01]]
[04/03/2022, 06:08:16] finish computing sampling shap for range: [5, 8] within 911.283134 sec
