Child #[2, 3]: psutil.Process(pid=4982, name='python', status='running', started='03:07:35'), affinity [2, 3]
Child #[2, 3]: Set my affinity to [2, 3], affinity now [2, 3]

[04/03/2022, 03:46:57] start computing sampling shap for range: [2, 8]
[04/03/2022, 03:47:42] computing sampling shap 411:421 within 44.634 sec, 4.4634 on average
[04/03/2022, 03:47:42] instances left: 401
[04/03/2022, 03:47:42] estimating time left: 0:29:49.823400

[[-0.40595817 -2.3632661  -0.06877031  0.          1.16016395 -0.14727314]
 [-0.34876369  8.07802958 -0.06872601  0.         -1.14221854 -0.04627988]
 [-0.37701615 -2.28870064 -0.12789387  0.         -0.44221325  0.02774918]
 [-0.40261942 -2.29687834 -0.07144713  0.          1.1330666  -0.18722554]
 [-0.35587124 -2.40163625 -0.05841776  0.          0.05202013  0.127788  ]
 [-0.55447655 -2.30851531  0.          0.          1.19795278 -0.16006488]
 [-0.53827424 -2.06134014 -0.1933584   0.         -0.13842892  0.27517756]
 [-0.24399178  7.98168044  0.          0.         -0.1809173  -0.25301659]
 [-0.54397063 -2.2840222   0.          0.         -0.7848729   0.66507654]
 [-0.23098837 -2.59928137  0.          0.          1.18360488 -0.17843856]]
[04/03/2022, 03:48:33] computing sampling shap 421:431 within 51.0222 sec, 4.7829 on average
[04/03/2022, 03:48:33] instances left: 391
[04/03/2022, 03:48:33] estimating time left: 0:31:10.113900

[[-0.42647338 -2.22288116  0.          0.         -0.37525633  0.62129321]
 [-0.48912429 -2.18917104 -0.13972547  0.          0.74123825 -0.13537479]
 [-0.24389953 -2.47634425 -0.06977326  0.          1.14613739 -0.1581106 ]
 [-0.3226071  -2.47203781  0.          0.          0.71467974 -0.22972796]
 [-0.5060045  -2.16751975 -0.06366768  0.          0.6555187  -0.19627519]
 [-0.48849407 -2.28572297  0.          0.          0.28958274  0.38827789]
 [-0.17952033  3.71164915  4.19204027  0.          0.33128121  0.1292997 ]
 [-0.30916705 -2.23995081 -0.26711259  0.         -0.12815294  0.60688495]
 [-0.38755956 -2.21819393 -0.19891426  0.         -0.43638905  0.14253016]
 [-0.28702363 -2.3798309  -0.10782789  0.          0.5908406   0.34711349]]
[04/03/2022, 03:49:20] computing sampling shap 431:441 within 46.7666 sec, 4.7475 on average
[04/03/2022, 03:49:20] instances left: 381
[04/03/2022, 03:49:20] estimating time left: 0:30:08.797500

[[-0.34107087 -2.31253724 -0.11358363  0.          0.65039541  0.26694531]
 [-0.40280983  8.1720935  -0.13473753  0.          0.6936722  -0.19699019]
 [-0.5209703  -2.07077776 -0.11646617  0.          0.21502815  0.46527249]
 [-0.22905678  7.94907071  0.          0.          0.89949142  0.09188136]
 [-0.36820826 -2.58043878  0.          0.          0.13440809 -0.04653852]
 [-0.37955728 -2.3206238  -0.20998014  0.          1.23242461 -0.14736726]
 [-0.09517202  7.96070035 -0.12821237  0.         -0.42026516  0.12153631]
 [-0.47842868 -2.21694683  0.          0.         -1.29196553  0.16227604]
 [-0.2484341   7.97213188  0.          0.         -0.02466357 -0.04207993]
 [-0.49941964 -2.26843301  0.          0.         -1.0800764  -0.21396043]]
[04/03/2022, 03:50:11] computing sampling shap 441:451 within 51.0025 sec, 4.8357 on average
[04/03/2022, 03:50:11] instances left: 371
[04/03/2022, 03:50:11] estimating time left: 0:29:54.044700

[[-2.47760131e-01  7.93520430e+00  0.00000000e+00  0.00000000e+00
   3.00937686e-01  3.47210319e-01]
 [ 5.66679209e+00  3.54515517e+00  0.00000000e+00  0.00000000e+00
   2.24219719e-01 -6.45807109e-02]
 [-1.98791352e-01 -2.57573833e+00  0.00000000e+00  0.00000000e+00
  -4.06739017e-01  2.46231259e-03]
 [-4.43932141e-01  8.33533344e+00 -2.14605397e-01  0.00000000e+00
   4.60845818e-01  5.51718368e-01]
 [-5.00646216e-01 -2.42062789e+00  0.00000000e+00  0.00000000e+00
   8.61377337e-01  1.01190622e-01]
 [-3.30340244e-01 -2.24401240e+00 -1.44687488e-01  0.00000000e+00
  -4.52150494e-01  2.91332742e-01]
 [-2.83536337e-01 -2.33319226e+00 -7.23969670e-02  0.00000000e+00
  -2.36410301e-01 -1.63535020e-01]
 [-4.83056076e-01 -2.26699693e+00  0.00000000e+00  0.00000000e+00
   2.84191816e-01 -1.04129528e-01]
 [ 5.85421331e+00  3.44920934e+00  0.00000000e+00  0.00000000e+00
  -2.03756385e-01 -2.16163282e-01]
 [-5.21782534e-01 -2.17687579e+00 -1.84102100e-01  0.00000000e+00
   9.98464897e-02 -1.87317422e-01]]
[04/03/2022, 03:50:58] computing sampling shap 451:461 within 47.4181 sec, 4.817 on average
[04/03/2022, 03:50:58] instances left: 361
[04/03/2022, 03:50:58] estimating time left: 0:28:58.937000

[[-0.32727943 -2.22484528 -0.10478156  0.         -0.24221394  0.25053002]
 [-0.48401663 -2.09165716 -0.1943521   0.         -0.42965573 -0.20389149]
 [11.03037415 -1.88072093 -0.12611761  0.          0.60737794 -0.11021069]
 [-0.17309076 -2.29610237 -0.31219786  0.         -0.97741891 -0.2955693 ]
 [-0.51049623 -2.09270624 -0.14786879  0.         -0.43905253 -0.08873311]
 [-0.33686262 -2.20175857 -0.16050701  0.         -1.27586262 -0.18882249]
 [ 5.52024729  3.58891798  0.          0.         -0.82155102  0.015469  ]
 [-0.35364578  8.22062982 -0.10721656  0.          0.07638627 -0.29678498]
 [-0.39763689  8.08426377  0.          0.         -0.1474624   0.02359804]
 [-0.45177718 -2.09781597 -0.24721508  0.         -0.27562373  0.01525504]]
[04/03/2022, 03:51:43] computing sampling shap 461:471 within 44.7473 sec, 4.76 on average
[04/03/2022, 03:51:43] instances left: 351
[04/03/2022, 03:51:43] estimating time left: 0:27:50.760000

[[-5.70246524e-01 -2.22536293e+00  0.00000000e+00  0.00000000e+00
  -2.10846936e-01 -2.39637082e-01]
 [-4.56953518e-01 -2.21504243e+00 -7.18573440e-02  0.00000000e+00
  -4.19051918e-01 -7.79775962e-02]
 [-4.29237938e-01 -2.11345139e+00 -1.34631797e-01  0.00000000e+00
   8.17583564e-03  3.92952570e-01]
 [-5.70465447e-01 -2.10490836e+00 -7.01393181e-02  0.00000000e+00
  -9.17156893e-01 -2.64960218e-01]
 [-4.98267933e-02  1.81961260e+01  0.00000000e+00  0.00000000e+00
   2.59513996e-01  4.11159437e-01]
 [-1.69409179e-01 -2.65729790e+00  0.00000000e+00  0.00000000e+00
   4.37496779e-01  1.49613933e-01]
 [-2.85355393e-01 -2.38528820e+00 -1.68145434e-01  0.00000000e+00
  -3.81473389e-01 -2.69757036e-01]
 [-2.55761197e-01  8.03433264e+00 -5.75501557e-02  0.00000000e+00
  -4.38534286e-01  2.41400342e-01]
 [-3.69424652e-01 -2.16925820e+00 -1.99648390e-01  0.00000000e+00
  -3.80603149e-01 -2.60800475e-01]
 [-5.33203650e-01 -2.28876413e+00  0.00000000e+00  0.00000000e+00
  -7.87166626e-01 -2.06874604e-01]]
[04/03/2022, 03:52:29] computing sampling shap 471:481 within 46.5831 sec, 4.7454 on average
[04/03/2022, 03:52:29] instances left: 341
[04/03/2022, 03:52:29] estimating time left: 0:26:58.181400

[[-0.23988213 -2.4584858  -0.14678386  0.         -0.36718211 -0.22765274]
 [-0.27343753 -2.30867994 -0.14714939  0.         -0.41965857 -0.27162923]
 [ 5.58295136  3.52160072 -0.082813    0.          0.91841676 -0.16072304]
 [-0.41160357 -2.24710986 -0.06887429  0.          0.25025943  0.38313037]
 [-0.53373464 -2.30663187  0.          0.         -0.08936785 -0.15323717]
 [-0.42565398 -2.40490626 -0.06551306  0.          0.77158739 -0.07249702]
 [-0.24836751  8.08957952 -0.07317386  0.          0.65301497 -0.1615943 ]
 [-0.26021527 -2.35315401 -0.22711164  0.         -0.96082675 -0.25307153]
 [-0.10535528 -2.44689693 -0.17243101  0.         -0.35432477 -0.04488115]
 [-0.23204543 -2.44499361  0.          0.         -1.13875199 -0.14344459]]
[04/03/2022, 03:53:14] computing sampling shap 481:491 within 44.54 sec, 4.709 on average
[04/03/2022, 03:53:14] instances left: 331
[04/03/2022, 03:53:14] estimating time left: 0:25:58.679000

[[-0.31153759 -2.28323071 -0.19623981  0.         -0.94617921  0.24088167]
 [-0.42810959 -2.08586592 -0.37605551  0.          0.39675605  0.40272856]
 [-0.29730138 -2.22477484 -0.23941629  0.         -0.45029804 -0.26300008]
 [-0.4855317  -2.27852179  0.          0.         -0.39784967 -0.27197383]
 [-0.42738659 -2.20930363 -0.15896454  0.         -0.21057218  0.75797053]
 [-0.42122579 -2.24854761 -0.15071564  0.          0.35276001 -0.17635789]
 [-0.2525502   8.04772693 -0.10436995  0.          0.31446447 -0.06703404]
 [-0.32546038 -2.40656868  0.          0.         -0.11504441  0.421291  ]
 [-0.37038529 -2.33209923 -0.07022111  0.          0.04980554  0.31093265]
 [-0.37888688 -2.26367995 -0.06569838  0.          0.25922974 -0.15891495]]
[04/03/2022, 03:54:02] computing sampling shap 491:501 within 48.5091 sec, 4.7248 on average
[04/03/2022, 03:54:02] instances left: 321
[04/03/2022, 03:54:02] estimating time left: 0:25:16.660800

[[-0.423832   -2.10548273 -0.21600053  0.          0.23858996 -0.19615115]
 [-0.46813304 -2.14809106 -0.20609756  0.         -0.12175367 -0.09314556]
 [-0.35251466 -2.23378813 -0.24826021  0.          0.04322828 -0.11161206]
 [-0.41941809 -2.07928355 -0.21765113  0.         -0.35714049 -0.2648878 ]
 [-0.43452388 -2.20539458 -0.16421104  0.          0.00396907 -0.14171608]
 [-0.45473674 -2.14739694 -0.14609888  0.         -0.47521032 -0.18502548]
 [-0.59159892 -2.11491278 -0.12939085  0.          0.09846997 -0.29132878]
 [-0.2783604  -2.19102871 -0.24173067  0.         -0.44146407 -0.09747152]
 [-0.35165954 -2.24008614 -0.08505762  0.         -0.48555333  0.11046662]
 [-0.44905113 -2.21715468 -0.15142419  0.         -0.33275355  0.1470588 ]]
[04/03/2022, 03:54:47] computing sampling shap 501:511 within 44.8007 sec, 4.7004 on average
[04/03/2022, 03:54:47] instances left: 311
[04/03/2022, 03:54:47] estimating time left: 0:24:21.824400

[[-0.22661801  3.69834587  4.2645618   0.          0.36604054 -0.1383728 ]
 [-0.17746529  7.92274795  0.          0.         -0.74611087 -0.1240022 ]
 [-0.46766545 -2.21407808 -0.09340083  0.         -0.29240299 -0.0781812 ]
 [ 3.92994631  2.17208412  3.09806699  0.          0.89371693 -0.13731287]
 [-0.03152771  7.90306131 -0.06193363  0.          0.59383981 -0.17010139]
 [-0.35110228 -2.17860503 -0.13501539  0.          0.25567803 -0.23504251]
 [-0.39712519 -2.26044918 -0.07046089  0.         -0.12114592  0.39751939]
 [-0.45987226 -2.3547116   0.          0.         -0.37593778  0.17098107]
 [-0.04285048 18.23455522  0.          0.         -0.12930091  0.39626283]
 [-0.47558525  8.10761861  0.          0.         -0.08772168  0.1413966 ]]
[04/03/2022, 03:55:34] computing sampling shap 511:521 within 46.4946 sec, 4.6957 on average
[04/03/2022, 03:55:34] instances left: 301
[04/03/2022, 03:55:34] estimating time left: 0:23:33.405700

[[-0.52493304 -2.33847943  0.          0.         -0.98409276 -0.26061725]
 [-0.33315755 -2.18524313 -0.1836326   0.         -0.4024074   0.46975449]
 [-0.59832483 -2.20447668  0.          0.         -0.32452535  0.35432297]
 [-0.03027276 -2.54239804 -0.28775718  0.         -0.57756181  0.13108904]
 [-0.43574604 -2.43658455  0.          0.         -0.58285485  0.75845377]
 [-0.04777326 -1.46994489  9.03901508  0.         -0.45058564 -0.30186394]
 [-0.20463767  7.90152177  0.          0.         -0.27474989 -0.06307463]
 [-0.40713916 -2.33638123 -0.10618986  0.         -0.23231473  0.30315283]
 [-0.49833771 -2.11424004 -0.21056484  0.          0.34066188 -0.07152157]
 [-0.38664712 -2.34339343 -0.06201452  0.          0.0645839   0.16452852]]
[04/03/2022, 03:56:22] computing sampling shap 521:531 within 48.0182 sec, 4.7046 on average
[04/03/2022, 03:56:22] instances left: 291
[04/03/2022, 03:56:22] estimating time left: 0:22:49.038600

[[-0.53987315 -2.18564718  0.          0.          1.08519706 -0.18478069]
 [-0.36978464 -2.35889887 -0.15045596  0.          1.21216396 -0.15812823]
 [-0.50660506 -2.13591233 -0.10957787  0.          1.07868095 -0.08440916]
 [-0.03031108 -2.63273193 -0.07408661  0.         -0.02235625  0.32727028]
 [-0.26670482 -2.25108338 -0.11523206  0.          0.54669166 -0.16690478]
 [-0.22092045 -2.44141848  0.          0.         -0.46108569  0.75015671]
 [-0.49521605 -2.24413324  0.          0.         -0.23312775  0.27305579]
 [-0.34320252 -2.23466151 -0.2500909   0.         -0.3784333   0.1054677 ]
 [-0.34707816 -2.26511204 -0.15026322  0.         -0.31777097  0.46895562]
 [-0.50679395 -2.17364896 -0.12270129  0.          0.0349017  -0.26051887]]
[04/03/2022, 03:57:08] computing sampling shap 531:541 within 46.1746 sec, 4.6979 on average
[04/03/2022, 03:57:08] instances left: 281
[04/03/2022, 03:57:08] estimating time left: 0:22:00.109900

[[-4.36086412e-01  8.07688363e+00  0.00000000e+00  0.00000000e+00
  -3.14800415e-01  5.48105696e-01]
 [-2.80191122e-01  8.03923901e+00  0.00000000e+00  0.00000000e+00
   9.70989790e-01 -1.66905633e-01]
 [-4.39213203e-01 -2.24516842e+00  0.00000000e+00  0.00000000e+00
  -2.00528476e-01 -4.22489193e-03]
 [-4.33124330e-01 -2.13869765e+00 -1.66971796e-01  0.00000000e+00
   2.59431253e-02  2.69321779e-01]
 [-3.59511757e-01 -2.31799112e+00 -1.47177163e-01  0.00000000e+00
   8.38403111e-02 -1.19938054e-01]
 [-4.39043798e-01 -2.45498432e+00  0.00000000e+00  0.00000000e+00
   9.74174922e-02 -1.06336169e-01]
 [-1.68066043e-01 -2.50548183e+00 -1.00140695e-01  0.00000000e+00
   1.15700977e+00 -2.08424968e-01]
 [-1.41253478e-01  7.87178570e+00  0.00000000e+00  0.00000000e+00
   5.37084369e-02 -1.34769036e-02]
 [-3.03986220e-01  8.12359110e+00 -6.48068441e-02  0.00000000e+00
  -1.85353039e-02  7.65542181e-02]
 [-2.97838739e-01 -2.47348893e+00 -6.86610042e-02  0.00000000e+00
   3.28772560e-01 -3.79313990e-02]]
[04/03/2022, 03:57:55] computing sampling shap 541:551 within 46.7707 sec, 4.6964 on average
[04/03/2022, 03:57:55] instances left: 271
[04/03/2022, 03:57:55] estimating time left: 0:21:12.724400

[[-0.16748528  7.88335811  0.          0.          1.00836334 -0.16110402]
 [-0.45914659 -2.34478351  0.          0.         -0.58768214 -0.31150255]
 [-0.49304722 -1.98212339 -0.15849929  0.         -0.46058258 -0.32630236]
 [-0.22886104 -2.4713522  -0.06298153  0.         -0.49813015 -0.22745327]
 [-0.41156861 -2.38402778  0.          0.         -0.41582727 -0.05929567]
 [-0.22367259  7.88355426  0.          0.         -0.23247927  0.1507035 ]
 [-0.16864016 -2.3880963  -0.28759369  0.          0.32544572  0.57752596]
 [-0.49681888 -2.32957229  0.          0.         -0.09119721  0.16782187]
 [-0.54362824 -2.10393868 -0.2415953   0.         -0.96214095  0.11972464]
 [-0.34373185  8.11664539 -0.068473    0.         -0.17735178  0.46020698]]
[04/03/2022, 03:58:41] computing sampling shap 551:561 within 46.0421 sec, 4.6903 on average
[04/03/2022, 03:58:41] instances left: 261
[04/03/2022, 03:58:41] estimating time left: 0:20:24.168300

[[-0.29070587 -2.44165551 -0.05392035  0.         -0.49207755 -0.1382974 ]
 [-0.30642693 -1.56784576  9.30783653  0.          0.42224248  0.21452606]
 [-0.55023307 -2.16574129  0.          0.          0.64628499 -0.2082592 ]
 [-0.55997193 -1.99140758 -0.23710602  0.         -0.33185181  0.13221122]
 [-0.50899542 -2.06390249 -0.18696202  0.         -0.45008269  0.12711201]
 [-0.64939562 -2.12743503  0.          0.         -0.39391907 -0.30675951]
 [-0.1581114   7.8526378   0.          0.          0.61500656  0.21906818]
 [-0.48071261 -1.98189395 -0.23669999  0.          0.79699748  0.38788149]
 [-0.36278204  8.29511121 -0.25457904  0.          0.65625809 -0.07497102]
 [-0.45931931 -2.06981471 -0.26663213  0.         -0.29193298 -0.25068202]]
[04/03/2022, 03:59:25] computing sampling shap 561:571 within 44.7412 sec, 4.6768 on average
[04/03/2022, 03:59:25] instances left: 251
[04/03/2022, 03:59:25] estimating time left: 0:19:33.876800

[[-0.46670455 -2.13798389 -0.19907867  0.          1.10446088  0.01392997]
 [-0.50644074 -2.26990468 -0.122216    0.          1.24592527 -0.17246776]
 [-0.4536102  -2.35990364  0.          0.          0.3543496  -0.20998644]
 [-0.58604338 -2.27053384  0.          0.         -0.27215778 -0.01699352]
 [-0.33380126 -2.25766234 -0.13069173  0.          0.63953042 -0.22706858]
 [-0.50017786 -2.29801484  0.          0.         -0.871176    0.60239422]
 [-0.40504329 -2.3952103   0.          0.          1.14701433 -0.11448104]
 [-0.71450527 -2.02146869  0.          0.         -0.58658914 -0.08098448]
 [-0.46006622 -2.13853994 -0.22880845  0.          0.29630722 -0.17176913]
 [-0.46910388 -2.11151194 -0.21946021  0.         -0.73314036  0.07667755]]
[04/03/2022, 04:00:11] computing sampling shap 571:581 within 45.6076 sec, 4.67 on average
[04/03/2022, 04:00:11] instances left: 241
[04/03/2022, 04:00:11] estimating time left: 0:18:45.470000

[[-0.06107573  7.92152636  0.          0.         -0.92559071 -0.10666985]
 [-0.42661455  8.21629855 -0.13784602  0.         -0.08742329 -0.2530312 ]
 [-0.34824127 -2.40966874  0.          0.         -0.4637889  -0.18187408]
 [-0.32734462 -2.18189365 -0.22825785  0.          0.31495918  0.03372274]
 [-0.2366168  -2.64747755  0.          0.         -0.28769007 -0.24876985]
 [-0.40187168 -2.21760324 -0.06798859  0.         -0.32610507  0.57005854]
 [-0.50330579 -2.03561156 -0.17231889  0.         -0.22964745 -0.14818751]
 [-0.219729    7.92964975  0.          0.         -0.62928062 -0.19515431]
 [-0.06898704 -2.48578833 -0.14423894  0.         -0.52072098 -0.22541117]
 [-0.55545856 -2.26563905 -0.07107294  0.         -1.0687333   0.72298493]]
[04/03/2022, 04:00:55] computing sampling shap 581:591 within 44.3962 sec, 4.6572 on average
[04/03/2022, 04:00:55] instances left: 231
[04/03/2022, 04:00:55] estimating time left: 0:17:55.813200

[[-0.49922438 -2.17240284 -0.19966598  0.         -0.11590149  0.02072754]
 [-0.22562576 -2.39871144 -0.14308392  0.          0.67815248 -0.22042483]
 [-0.08671886 -2.42250302 -0.28657849  0.         -0.3166173   0.80810022]
 [-0.40655884 -2.44472779  0.          0.          0.0851281  -0.13678782]
 [-0.55389708 -1.91893181 -0.2397865   0.         -0.83668624  0.71020057]
 [-0.43627614 -2.15867008 -0.22218133  0.          1.13465331 -0.14262976]
 [-0.42002938 -2.33960907  0.          0.          1.07745744 -0.01214994]
 [ 5.62474162  3.57396253  0.          0.         -0.74742978 -0.21442181]
 [-0.39047473 -2.28965613  0.          0.          0.63837148 -0.23618918]
 [-0.21995249 -2.30182015 -0.19729733  0.          1.10850937 -0.21454286]]
[04/03/2022, 04:01:44] computing sampling shap 591:601 within 48.0982 sec, 4.6652 on average
[04/03/2022, 04:01:44] instances left: 221
[04/03/2022, 04:01:44] estimating time left: 0:17:11.009200

[[-0.43357991 -2.06989605 -0.2200101   0.          0.26852482 -0.21418988]
 [-0.29361503  8.16950754 -0.20652949  0.          1.04977609 -0.15600689]
 [-0.14235035 18.3259337   0.          0.          0.06572516 -0.02876266]
 [-0.49018075 -2.24441897  0.          0.          1.07973272 -0.1471234 ]
 [-0.15679476  7.94133384  0.          0.         -0.38429994 -0.19649907]
 [-0.37496381 -2.30035704 -0.19661451  0.          0.42973593 -0.12910209]
 [-0.36970852  8.07850219 -0.10543352  0.         -0.06497308  0.0577799 ]
 [-0.3421333   8.01823217 -0.06659726  0.          1.04439026 -0.14430082]
 [-0.39525832 -2.29917109 -0.18210076  0.         -0.74940444  0.1494631 ]
 [-0.39846549 -2.18545199 -0.27174613  0.         -0.19800513  0.56966551]]
[04/03/2022, 04:02:30] computing sampling shap 601:611 within 46.7672 sec, 4.6658 on average
[04/03/2022, 04:02:30] instances left: 211
[04/03/2022, 04:02:30] estimating time left: 0:16:24.483800

[[-0.39652526 -2.23968459  0.          0.          0.97882417 -0.16771822]
 [-0.46517206 -2.14535254 -0.07221002  0.          1.07089909 -0.14598778]
 [-0.38173431 -2.48710634  0.          0.         -0.59022245  0.10786794]
 [-0.44333829 -2.12617624 -0.20091835  0.          0.31858342 -0.25102732]
 [-0.0800971   7.73791684 -0.05922643  0.         -0.24569404  0.27551887]
 [ 5.6719208   3.55773149  0.          0.          0.47229778 -0.1448502 ]
 [-0.43300378 -2.28566251 -0.07020251  0.         -0.15974775  0.1988499 ]
 [-0.31793556 -2.24813205 -0.10652033  0.         -0.50706342  0.09239444]
 [-0.20735639  8.09019993 -0.06724109  0.         -0.21980055 -0.2407524 ]
 [-0.17643933  8.08462936  0.          0.         -0.53724249 -0.22772907]]
[04/03/2022, 04:03:21] computing sampling shap 611:621 within 50.7581 sec, 4.6853 on average
[04/03/2022, 04:03:21] instances left: 201
[04/03/2022, 04:03:21] estimating time left: 0:15:41.745300

[[-0.49877644 -2.25895978 -0.06725083  0.          0.35182103  0.26790262]
 [-0.52844289 -2.26207887  0.          0.         -0.75665043 -0.0682353 ]
 [-0.56712315 -2.1417982   0.          0.          1.09238309 -0.18545258]
 [-0.60576205 -2.1173021  -0.17323083  0.          0.11332851  0.29183603]
 [-0.20787203 -1.62574179  9.31834625  0.          0.71044171  0.11520314]
 [-0.31009053 -2.32314844 -0.13846218  0.         -0.34229098  0.64844958]
 [-0.11136686  7.80181064  0.          0.          1.02759426 -0.15490563]
 [-0.45562801 -2.28531719 -0.12978719  0.         -0.24678246  0.47168225]
 [-0.31179239 -2.20048089 -0.32133461  0.         -0.35416368  0.21457047]
 [-0.35090376 -2.27880011 -0.18875521  0.         -0.18507241 -0.18154567]]
[04/03/2022, 04:04:07] computing sampling shap 621:631 within 45.5885 sec, 4.6796 on average
[04/03/2022, 04:04:07] instances left: 191
[04/03/2022, 04:04:07] estimating time left: 0:14:53.803600

[[-0.23272046 -2.3225151  -0.23494624  0.         -0.41305513  0.32515643]
 [-0.40833724  8.15774355  0.          0.         -1.05250046 -0.09522426]
 [-0.35201381 -2.2658932  -0.11125245  0.         -0.70935239 -0.21972992]
 [-0.44381369 -2.26546057 -0.06920321  0.         -0.14014655  0.27003377]
 [-0.4426387  -2.08688585 -0.23784144  0.          0.67856734 -0.01702707]
 [-0.34267908 -2.32391907 -0.15061719  0.         -0.38864452 -0.19499489]
 [-0.44927384 -2.2585162  -0.16582586  0.          0.38020333 -0.05573517]
 [-0.19289196 -2.39749941 -0.13571807  0.         -0.44157777 -0.27168794]
 [-0.40367515 -2.25473005 -0.13846655  0.         -0.35048859  0.77409252]
 [-0.27401075 -2.58289162  0.          0.         -0.29751968 -0.08646064]]
[04/03/2022, 04:04:52] computing sampling shap 631:641 within 44.8583 sec, 4.6712 on average
[04/03/2022, 04:04:52] instances left: 181
[04/03/2022, 04:04:52] estimating time left: 0:14:05.487200

[[-0.46597913 -2.2610862  -0.15557581  0.         -0.8353035   0.23003342]
 [-0.38704069 -2.16802111 -0.18461813  0.         -0.82335537  0.08656371]
 [-0.39307147 -2.32897357 -0.07349457  0.          1.12263412 -0.15219832]
 [-0.51351977 -2.10289131 -0.15648457  0.          1.10850796 -0.1607161 ]
 [-0.21671712 -2.27581326 -0.21940974  0.         -0.38696727 -0.28082741]
 [-0.38288605 -2.31959858 -0.07122548  0.          0.69926725 -0.12254027]
 [-0.31055852 -2.25814239 -0.19141656  0.         -0.40529236 -0.23314569]
 [-0.51310491 -2.17971766 -0.11721502  0.         -0.45931477 -0.20815667]
 [-0.37888806 -2.39970933 -0.07039584  0.          1.17146318 -0.14757381]
 [-0.27851394  3.75000366  4.34924292  0.          0.58941303 -0.10488392]]
[04/03/2022, 04:05:40] computing sampling shap 641:651 within 48.2407 sec, 4.6775 on average
[04/03/2022, 04:05:40] instances left: 171
[04/03/2022, 04:05:40] estimating time left: 0:13:19.852500

[[-0.51644331 -2.13221165  0.          0.         -0.59305411 -0.2330818 ]
 [-0.4799176  -2.24077076 -0.13917131  0.         -0.32710275 -0.20361352]
 [-0.42849767 -2.22618426 -0.24466209  0.         -0.35393928 -0.22274831]
 [-0.30824448  3.69426231  4.33814053  0.          0.9979413  -0.1589675 ]
 [-0.29669079 -2.41963308  0.          0.         -0.04869502 -0.09575878]
 [-0.44366411  8.1536324  -0.06757989  0.          0.63238673  0.21514638]
 [-0.04515719 -2.68433642 -0.14835646  0.         -0.33222426 -0.0692567 ]
 [-0.30816092 -2.37260945 -0.2421103   0.         -0.08873816 -0.23447447]
 [-0.41490353 -2.29603507 -0.07256853  0.          1.12628055 -0.16787722]
 [-0.38221631  7.98906772  0.          0.          1.07642873 -0.14309378]]
[04/03/2022, 04:06:28] computing sampling shap 651:661 within 48.0548 sec, 4.6827 on average
[04/03/2022, 04:06:28] instances left: 161
[04/03/2022, 04:06:28] estimating time left: 0:12:33.914700

[[-5.41559729e-01 -2.09972796e+00 -1.55273296e-01  0.00000000e+00
  -3.87013882e-01 -2.44998365e-02]
 [-4.41544696e-01 -2.24493440e+00 -1.85820172e-01  0.00000000e+00
  -3.64136053e-01 -1.80221573e-01]
 [-2.94481901e-01  8.10316725e+00 -6.93012789e-02  0.00000000e+00
   2.68908608e-01  2.30573832e-01]
 [-2.28849207e-01  8.02129067e+00  0.00000000e+00  0.00000000e+00
  -4.68300751e-01  1.90358939e-01]
 [-2.29171640e-01 -2.59225798e+00  0.00000000e+00  0.00000000e+00
  -7.67344963e-01  6.12470658e-02]
 [-2.78046761e-01 -2.33000730e+00 -2.57907367e-01  0.00000000e+00
   9.43876834e-02 -1.31373007e-01]
 [-3.60768448e-01 -2.42534000e+00  0.00000000e+00  0.00000000e+00
  -4.61855942e-01  2.43687988e-01]
 [-4.18817716e-01 -2.22259307e+00 -1.27541376e-01  0.00000000e+00
  -5.38881036e-05 -2.14994123e-01]
 [-3.82399924e-01 -2.28894531e+00 -1.97125850e-01  0.00000000e+00
  -3.60791800e-01  3.52123173e-01]
 [-4.41607490e-01 -2.20913796e+00  0.00000000e+00  0.00000000e+00
   1.03694923e+00 -2.11307593e-01]]
[04/03/2022, 04:07:13] computing sampling shap 661:671 within 45.1891 sec, 4.6764 on average
[04/03/2022, 04:07:13] instances left: 151
[04/03/2022, 04:07:13] estimating time left: 0:11:46.136400

[[-0.36402296  8.17450991 -0.11687523  0.         -0.27400456  0.12240159]
 [-0.25246902 -2.28775766 -0.19357004  0.         -0.45548582 -0.28674919]
 [-0.30084234 -2.48221923  0.          0.         -0.63213944 -0.28791333]
 [-0.02956612 -2.47444251 -0.32342148  0.          0.39464153 -0.13720205]
 [-0.53272912 -2.14596484 -0.1074286   0.         -0.17736274 -0.23613789]
 [-0.38362034 -2.28426903 -0.0980301   0.          0.34681077 -0.15219244]
 [-0.3579312  -2.23612884 -0.13625199  0.          0.03925918 -0.11170347]
 [ 0.          7.94819011  0.          0.         -1.33740858 -0.20507458]
 [-0.48686048 -2.2873312  -0.07047612  0.         -0.75006715 -0.24543208]
 [-0.0719695  -2.46481622 -0.27548477  0.          1.04709608  0.12237623]]
[04/03/2022, 04:07:59] computing sampling shap 671:681 within 46.1259 sec, 4.674 on average
[04/03/2022, 04:07:59] instances left: 141
[04/03/2022, 04:07:59] estimating time left: 0:10:59.034000

[[-5.02647149e-01 -2.25384737e+00  0.00000000e+00  0.00000000e+00
  -1.79954402e-02  5.43027767e-02]
 [-5.75982964e-01 -2.21229222e+00 -1.17282497e-01  0.00000000e+00
  -2.38208290e-01 -2.35968744e-01]
 [-2.20333169e-01  7.98771782e+00  0.00000000e+00  0.00000000e+00
   1.35422676e-02 -5.96843954e-02]
 [-3.16562470e-01 -2.26191660e+00 -1.91519711e-01  0.00000000e+00
  -1.08225351e+00 -4.00036621e-02]
 [-4.79699727e-01 -2.28944469e+00  0.00000000e+00  0.00000000e+00
  -2.01983581e-01 -1.93806601e-01]
 [-3.41318275e-01  7.96977770e+00  0.00000000e+00  0.00000000e+00
   3.46554961e-01 -1.82242438e-01]
 [-3.85972013e-01 -2.32125510e+00  0.00000000e+00  0.00000000e+00
   6.34027053e-01 -2.04748255e-01]
 [-3.52853389e-01 -2.35894855e+00 -1.37136894e-01  0.00000000e+00
  -3.89952759e-01 -1.77765418e-01]
 [-4.44600667e-02  7.79441549e+00  0.00000000e+00  0.00000000e+00
   6.53115141e-01 -2.07553468e-01]
 [-4.95256726e-01 -2.21612180e+00 -7.09858034e-02  0.00000000e+00
  -3.56483857e-01 -6.88047339e-03]]
[04/03/2022, 04:08:50] computing sampling shap 681:691 within 50.3919 sec, 4.6871 on average
[04/03/2022, 04:08:50] instances left: 131
[04/03/2022, 04:08:50] estimating time left: 0:10:14.010100

[[-0.55489125 -2.08065927 -0.06811626  0.         -1.22098382  0.53158929]
 [-0.51426421 -2.19491934 -0.07375753  0.          0.05371528 -0.29953534]
 [-0.5046854  -2.2313999   0.          0.          0.63192071 -0.09281854]
 [ 4.57863036  1.96135987  2.60180652  0.          0.97274484 -0.15804013]
 [-0.48086473 -2.22299976 -0.06806612  0.         -0.67464801 -0.25653606]
 [-0.09857147 -2.61710921 -0.18196319  0.          0.80485042 -0.11936342]
 [-0.52566089 -2.11442115 -0.1147329   0.         -0.47654481 -0.1206037 ]
 [-0.3749901  -2.13204521 -0.23153854  0.         -0.17709761 -0.26940592]
 [-0.44531311 -2.20268573 -0.13034247  0.         -0.47529635 -0.01708188]
 [-0.55222329 -2.12018459 -0.06237075  0.          0.02196852 -0.14796777]]
[04/03/2022, 04:09:37] computing sampling shap 691:701 within 47.1329 sec, 4.688 on average
[04/03/2022, 04:09:37] instances left: 121
[04/03/2022, 04:09:37] estimating time left: 0:09:27.248000

[[-0.0279133   7.73102786  0.          0.         -0.35476368 -0.17378494]
 [-0.09521541  7.75615013  0.          0.          0.29893984  0.41178523]
 [-0.08807397 -2.77802623  0.          0.         -0.92196405 -0.26258584]
 [-0.52503699 -2.26403909  0.          0.         -1.01658639 -0.30246013]
 [-0.40256485 -2.18358957 -0.20463884  0.         -0.37437019  0.14309439]
 [-0.52142187 -2.22440339 -0.06720587  0.          0.03745995 -0.25319019]
 [-0.29851506  7.94974584  0.          0.          0.67169603 -0.07460112]
 [-0.09189251  7.86779258  0.          0.          0.64388924 -0.22427242]
 [-0.33519598 -2.26490665 -0.07431073  0.          0.22305467 -0.0756759 ]
 [-0.36648792  8.11411152 -0.06940281  0.         -0.06143447  0.90172801]]
[04/03/2022, 04:10:27] computing sampling shap 701:711 within 49.9216 sec, 4.6981 on average
[04/03/2022, 04:10:27] instances left: 111
[04/03/2022, 04:10:27] estimating time left: 0:08:41.489100

[[-0.21148124  7.92065654 -0.07012767  0.          0.07819581  0.15513909]
 [-0.3274394  -2.33341502 -0.12441218  0.         -0.62270753  0.00863945]
 [-0.01677149  7.81503662  0.          0.          0.29397495 -0.23517919]
 [-0.34345842  8.15564906 -0.11058508  0.         -0.76253416 -0.11855203]
 [-0.25938386  7.90926949 -0.0681883   0.          1.10369061 -0.17579667]
 [-0.38943069 -2.20676354 -0.16291243  0.          0.25868979 -0.20245988]
 [-0.25104411  7.88932458  0.          0.         -0.25891782 -0.05232991]
 [-0.36555313  8.17936434 -0.18723311  0.          1.07964232 -0.19662927]
 [-0.15485202 -2.42083258 -0.20644453  0.         -0.30299099  0.70289429]
 [-0.50183971 -2.34870599 -0.07248554  0.         -0.89221856  0.08004977]]
[04/03/2022, 04:11:15] computing sampling shap 711:721 within 48.726 sec, 4.7038 on average
[04/03/2022, 04:11:15] instances left: 101
[04/03/2022, 04:11:15] estimating time left: 0:07:55.083800

[[-0.38321265 -2.32248931 -0.14930464  0.         -0.77078485 -0.19021757]
 [-0.21786281  7.87269409  0.          0.          1.09826537 -0.18996447]
 [-0.46357253 -2.15670493 -0.06637619  0.         -0.44322745  0.25775442]
 [-0.32078421 -2.48194815 -0.06105053  0.          0.04670029 -0.08586392]
 [-0.49207563  8.27257268 -0.07299586  0.         -0.80367125 -0.03980325]
 [-0.42105925 -2.40217274  0.          0.          0.72853367 -0.08858014]
 [-0.29583925  8.05208241 -0.12851192  0.          1.04017566 -0.15831591]
 [-0.29713753 -2.28907485 -0.11215923  0.         -0.22924672  0.68257371]
 [-0.40249182 -2.38711972 -0.066257    0.          0.74409174 -0.19791637]
 [-0.08343814  7.88847516  0.          0.         -0.53302071  1.13607396]]
[04/03/2022, 04:12:04] computing sampling shap 721:731 within 48.5276 sec, 4.7084 on average
[04/03/2022, 04:12:04] instances left: 91
[04/03/2022, 04:12:04] estimating time left: 0:07:08.464400

[[-0.58769762 -2.20868855  0.          0.         -0.3001899  -0.22680237]
 [-0.63027943 -2.07208124 -0.16718398  0.         -0.30920989 -0.21182166]
 [-0.53583633 -2.12477023 -0.12507838  0.         -1.04401948 -0.20320718]
 [-0.4157097  -2.26252262 -0.07193909  0.         -0.11608215  0.27040179]
 [-0.40267579 -2.31383381 -0.06457188  0.         -0.93124392 -0.12391174]
 [-0.33276616 -2.19950165 -0.23262856  0.          1.12725467 -0.12018186]
 [-0.35770288 -2.32339251 -0.08625129  0.         -0.32544888 -0.14808728]
 [-0.3592821  -2.3146488  -0.10314558  0.         -0.86586421 -0.00377738]
 [-0.71703424 -2.06112954  0.          0.         -0.15730971  0.54160093]
 [-0.5235611  -2.19521131 -0.06495335  0.          1.1605522  -0.14454669]]
[04/03/2022, 04:12:51] computing sampling shap 731:741 within 47.0958 sec, 4.7085 on average
[04/03/2022, 04:12:51] instances left: 81
[04/03/2022, 04:12:51] estimating time left: 0:06:21.388500

[[-3.56680455e-01 -2.20460907e+00 -2.01433703e-01  0.00000000e+00
   1.10798775e+00 -1.03088259e-01]
 [-2.67796043e-01 -2.57595283e+00  0.00000000e+00  0.00000000e+00
   7.24344815e-01 -1.90289115e-01]
 [-4.91957736e-01 -2.20174748e+00 -7.35835984e-02  0.00000000e+00
  -5.15986614e-01 -1.91515417e-01]
 [-3.41280834e-01 -2.12880030e+00 -1.94276489e-01  0.00000000e+00
   2.13301523e-01 -1.93030991e-01]
 [-5.38834056e-01 -2.26490360e+00  0.00000000e+00  0.00000000e+00
   1.13878936e+00 -2.95257791e-02]
 [-4.38503066e-01 -2.12554603e+00 -1.37827191e-01  0.00000000e+00
  -2.37023285e-01  3.56025859e-03]
 [-1.68955807e-01  7.83903774e+00  0.00000000e+00  0.00000000e+00
   1.09697142e+00 -1.38446301e-01]
 [-1.65933579e-02 -2.86170731e+00  0.00000000e+00  0.00000000e+00
   3.75841893e-01 -1.41627722e-01]
 [-4.78695843e-01 -2.27698068e+00 -6.94744106e-02  0.00000000e+00
   7.51513680e-01 -1.79595841e-01]
 [-4.01652819e-01 -2.37984295e+00  0.00000000e+00  0.00000000e+00
  -1.79932923e-01 -7.57923014e-02]]
[04/03/2022, 04:13:36] computing sampling shap 741:751 within 45.2575 sec, 4.7031 on average
[04/03/2022, 04:13:36] instances left: 71
[04/03/2022, 04:13:36] estimating time left: 0:05:33.920100

[[-0.64541501 -2.15936659  0.          0.         -0.169861   -0.22498076]
 [-0.46181952 -2.24853421  0.          0.          0.20840418  0.00827464]
 [-0.15293544  7.94305801  0.          0.          0.95694143 -0.18393208]
 [-0.31012124 -2.38933544 -0.20608323  0.          1.24399867 -0.16356267]
 [-0.33077127 -2.3092398  -0.16771033  0.          0.06114432 -0.1142009 ]
 [-0.43246171 -2.15782415 -0.18891599  0.          0.65530062 -0.1857922 ]
 [-0.5354023  -2.19136199  0.          0.         -0.42745906  0.10374185]
 [-0.44234061 -2.12098614 -0.14646944  0.         -0.444444   -0.26631455]
 [-0.39322618 -2.57543054  0.          0.          0.84667341 -0.0901736 ]
 [-0.46791458 -2.25208618  0.          0.          1.06855716 -0.11627653]]
[04/03/2022, 04:14:24] computing sampling shap 751:761 within 48.0785 sec, 4.7061 on average
[04/03/2022, 04:14:24] instances left: 61
[04/03/2022, 04:14:24] estimating time left: 0:04:47.072100

[[-0.45200365 -2.32939753 -0.06928476  0.         -0.29119    -0.00385266]
 [-0.38376254 -2.16118291 -0.17796426  0.          0.66519456 -0.15444208]
 [-0.37606124 -2.23041343 -0.12166454  0.         -0.27129173 -0.18564643]
 [-0.53306564 -2.00444847 -0.13650721  0.         -0.17903243  0.30712533]
 [-0.35492574 -2.17170924 -0.29504778  0.          0.71307306 -0.20108385]
 [-0.45143396 -2.31911523 -0.06628281  0.          0.13117925 -0.26457843]
 [-0.28724094 -2.26363291 -0.15827043  0.          1.08668931 -0.17953553]
 [-0.60659385 -2.04330961 -0.06566149  0.         -0.38808349  0.10032394]
 [-0.37096068 -2.35274422 -0.13081724  0.         -0.06610921 -0.11658971]
 [-0.37015226 -2.28106399 -0.11827816  0.          0.69259435 -0.1291436 ]]
[04/03/2022, 04:15:08] computing sampling shap 761:771 within 43.8143 sec, 4.6971 on average
[04/03/2022, 04:15:08] instances left: 51
[04/03/2022, 04:15:08] estimating time left: 0:03:59.552100

[[-0.01539999  7.89243849 -0.14786799  0.          0.57962763  0.11785937]
 [-0.39973725 -2.32219147  0.          0.          0.28755239 -0.13561427]
 [-0.42369905 -2.235532   -0.06809576  0.         -0.70050745 -0.2752805 ]
 [-0.31199806 -2.14988991 -0.28495818  0.         -0.43308404 -0.2961015 ]
 [-0.49589795 -2.4195559   0.          0.         -0.33925698  0.02537279]
 [-0.28122619  7.95108468  0.          0.          0.70688048 -0.18122216]
 [-0.5015927  -2.18186961 -0.17470553  0.          1.23121852 -0.17504136]
 [-0.30309149  8.04694082  0.          0.         -0.30792525 -0.24071154]
 [-0.61745806 -2.12611165  0.          0.          0.07601514  0.22402586]
 [-0.47459835 -2.3840001   0.          0.         -0.08704758  0.18841342]]
[04/03/2022, 04:15:55] computing sampling shap 771:781 within 47.0587 sec, 4.6973 on average
[04/03/2022, 04:15:55] instances left: 41
[04/03/2022, 04:15:55] estimating time left: 0:03:12.589300

[[-0.61154336 -2.24644162  0.          0.         -0.42773216 -0.18907341]
 [-0.19161376  7.92096522 -0.06867508  0.          1.08382018 -0.15076941]
 [-0.36592988 -2.24944884 -0.10694455  0.         -0.40349384 -0.09730082]
 [-0.41492283 -2.2181828  -0.06463864  0.         -0.92763427  0.07141069]
 [-0.24925899  7.98351222  0.          0.          0.05687078 -0.07119162]
 [-0.38401208 -2.2048579  -0.20338907  0.         -0.39938788 -0.08449166]
 [-0.42858144 -2.2173012  -0.2049959   0.          1.22016895 -0.13701065]
 [-0.30804999 -2.5191478   0.          0.         -0.43924685 -0.16471381]
 [-0.28469249 -2.29716177 -0.1700175   0.          0.29232315  0.36822127]
 [-0.07532707  7.69969252  0.          0.          0.70071911  0.04422357]]
[04/03/2022, 04:16:42] computing sampling shap 781:791 within 47.2614 sec, 4.6981 on average
[04/03/2022, 04:16:42] instances left: 31
[04/03/2022, 04:16:42] estimating time left: 0:02:25.641100

[[-3.74345176e-01  8.25886364e+00 -1.44611939e-01  0.00000000e+00
  -1.42394079e-02 -1.12801910e-01]
 [-2.21044651e-01 -2.13662932e+00 -3.52618254e-01  0.00000000e+00
   6.49526794e-01 -1.92467694e-01]
 [-3.57507524e-01 -2.07567637e+00 -2.73456965e-01  0.00000000e+00
  -5.01031775e-01  9.08132636e-01]
 [-5.32984521e-01 -2.18428838e+00 -6.85948316e-02  0.00000000e+00
   7.67298281e-02 -1.30024012e-01]
 [-3.37598484e-01  8.12944323e+00  0.00000000e+00  0.00000000e+00
  -4.91612220e-01 -2.06711659e-01]
 [-1.58161147e-01  8.07333074e+00  0.00000000e+00  0.00000000e+00
  -1.24953394e+00  4.22516754e-02]
 [-1.22384240e-01  1.81672207e+01  0.00000000e+00  0.00000000e+00
   9.99271145e-01 -1.91313928e-01]
 [ 0.00000000e+00 -2.66161735e+00 -2.78237962e-01  0.00000000e+00
  -3.25919029e-01  1.27561346e-01]
 [-4.32002375e-01 -2.23041987e+00 -1.16542208e-01  0.00000000e+00
  -2.98503011e-01  7.15744879e-01]
 [-4.74195714e-01 -2.22949403e+00 -7.47365009e-02  0.00000000e+00
   2.24591728e-03 -8.32869519e-02]]
[04/03/2022, 04:17:33] computing sampling shap 791:801 within 50.3762 sec, 4.7068 on average
[04/03/2022, 04:17:33] instances left: 21
[04/03/2022, 04:17:33] estimating time left: 0:01:38.842800

[[-0.34027452 -1.38333296  9.23306468  0.          0.33890097 -0.14806423]
 [-0.51079832  8.15776008 -0.09788594  0.          0.11595226  0.42993025]
 [-0.39148866  8.08292773  0.          0.         -0.17325195 -0.22742607]
 [-0.42039231 -2.28901144 -0.14613779  0.          0.3691885   0.10706039]
 [-0.37846756 -2.23225448 -0.14402065  0.         -0.43044949  0.20099009]
 [-0.52945899 -2.14159133 -0.14195412  0.          1.11417639  0.01345186]
 [ 5.71999212  3.49471309  0.          0.          0.93438529 -0.22586249]
 [-0.48849784 -2.24064439 -0.14211742  0.         -0.2602651  -0.09159305]
 [-0.33523058 -2.36783087 -0.20695086  0.          1.26066448 -0.15264237]
 [-0.21441091 -2.43554946 -0.15512134  0.          0.2701114   0.51168635]]
[04/03/2022, 04:18:17] computing sampling shap 801:811 within 44.4727 sec, 4.7003 on average
[04/03/2022, 04:18:17] instances left: 11
[04/03/2022, 04:18:17] estimating time left: 0:00:51.703300

[[-0.43657734 -2.39001795 -0.06934947  0.         -0.29821258  0.10450675]
 [-0.49171468 -2.21301774 -0.0679716   0.          1.14930549 -0.20170523]
 [-0.41177864 -2.26235309 -0.06858064  0.         -0.43556921  0.21050112]
 [-0.27215911 -2.53695512  0.          0.         -0.43173386 -0.23790156]
 [ 5.8363979   3.49681864  0.          0.          0.31237271  0.08772355]
 [-0.51932095 -2.24241154  0.          0.         -0.40661363 -0.27102919]
 [-0.38261966 -2.32767076 -0.14911918  0.          0.44911831 -0.16100977]
 [-0.40498873 -2.39169001  0.          0.         -0.37323413  0.2921104 ]
 [-0.2861383  -2.17281973 -0.19480258  0.          0.59643893 -0.04850371]
 [-0.43708291 -2.20075879 -0.20656792  0.         -0.79205236  0.27796657]]
[04/03/2022, 04:19:03] computing sampling shap 811:821 within 46.1798 sec, 4.6983 on average
[04/03/2022, 04:19:03] instances left: 1
[04/03/2022, 04:19:03] estimating time left: 0:00:04.698300

[[ 5.66900717  3.6430873  -0.14249444  0.         -0.62797079 -0.20085316]
 [-0.03243915  7.82157918  0.          0.         -0.37435476 -0.13217004]
 [-0.36566947 -2.30840327 -0.16857821  0.         -0.07835398  0.40176654]
 [-0.39505101 -2.33631693  0.          0.         -0.39874979  0.58897395]
 [-0.40218492 -2.02107927 -0.19331675  0.         -1.04842146 -0.07763804]
 [-0.37048774 -2.20125714 -0.25000006  0.          0.36478145 -0.18712357]
 [-0.30121197 -2.31659776 -0.16147192  0.          0.71677048 -0.24718207]
 [-0.36307975 -2.43351387 -0.06581745  0.         -0.31476236  0.12003727]
 [-0.39188469  8.15674918 -0.06823471  0.         -0.41571221 -0.17045097]
 [-0.32234178 -2.19430124 -0.22184744  0.         -0.02142611 -0.2103148 ]]
[04/03/2022, 04:19:03] finish computing sampling shap for range: [2, 8] within 1926.307666 sec
