Child #[0, 1]: psutil.Process(pid=4870, name='python', status='running', started='03:06:23'), affinity [0, 1]
Child #[0, 1]: Set my affinity to [0, 1], affinity now [0, 1]

[04/03/2022, 03:44:07] start computing sampling shap for range: [1, 8]
[04/03/2022, 03:44:54] computing sampling shap 0:10 within 47.2584 sec, 4.7258 on average
[04/03/2022, 03:44:54] instances left: 401
[04/03/2022, 03:44:54] estimating time left: 0:31:35.045800

[[-0.38320668 -2.41758162 -0.12335731  0.         -0.32457522 -0.15213396]
 [-0.1135401  -2.41491789 -0.21175694  0.         -0.71874072 -0.24415869]
 [-0.46172075 -2.2015436  -0.13210392  0.          0.28481057  0.46719808]
 [-0.41502153 -2.17364917 -0.19904433  0.          0.67947479  0.08709101]
 [-0.57409637 -2.09866705 -0.12835925  0.         -0.34401769 -0.23459445]
 [-0.6746171  -2.21662885  0.          0.         -0.37092999  0.24374085]
 [-0.46891945 -2.16856714 -0.22929841  0.         -1.16927672 -0.18333377]
 [-0.45789068 -2.28763317 -0.0721131   0.          1.17016395 -0.15451758]
 [-0.3215162  -2.49957275  0.          0.          0.71397436 -0.08986816]
 [-0.11500381  8.88008318  9.19002662  0.          0.06561779 -0.1320078 ]]
[04/03/2022, 03:45:39] computing sampling shap 10:20 within 45.0216 sec, 4.6141 on average
[04/03/2022, 03:45:39] instances left: 391
[04/03/2022, 03:45:39] estimating time left: 0:30:04.113100

[[-0.48213854 -2.14610403 -0.16489687  0.         -0.48936133  0.26771468]
 [-0.23917589 -2.50276532 -0.15857686  0.         -0.21970473 -0.27833233]
 [-0.39743663 -2.40757936 -0.06564059  0.         -0.10272875 -0.21169184]
 [-0.36566037 -2.30512477 -0.1071112   0.          0.02285659 -0.22896029]
 [-0.70955795 -2.00572726 -0.20232257  0.          0.43012142 -0.03954822]
 [-0.1081762  -2.55076093 -0.10915229  0.         -0.35006972  0.05395622]
 [-0.30066503 -2.36849616 -0.06475345  0.         -0.13232436  0.41468783]
 [-0.41269262 -2.34171141 -0.05579244  0.         -0.34573776  0.52542285]
 [-0.40055763 -2.12237874 -0.1150889   0.          0.95689675 -0.12086224]
 [-0.06504849  7.90538999 -0.06499549  0.          0.98230866 -0.19452243]]
[04/03/2022, 03:46:27] computing sampling shap 20:30 within 48.0529 sec, 4.6778 on average
[04/03/2022, 03:46:27] instances left: 381
[04/03/2022, 03:46:27] estimating time left: 0:29:42.241800

[[-0.43121344 -2.27056422  0.          0.         -0.45830034  0.18415861]
 [-0.33141788  7.9954469   0.          0.          1.02139636 -0.12229322]
 [-0.45604767 -2.26238772 -0.1491394   0.         -0.25850402 -0.21230203]
 [-0.69926362 -2.10909534  0.          0.          0.31969599  0.35968115]
 [-0.27930324 -2.52083154  0.          0.          0.70594956 -0.11797184]
 [-0.24690379  8.0000223   0.          0.         -0.65988311 -0.20774983]
 [-0.2284663  -2.2907699  -0.24628701  0.         -0.18100955 -0.08292461]
 [ 5.88610773  3.38010685  0.          0.          0.49434297 -0.20345769]
 [-0.31850271 -2.06495673 -0.36178778  0.         -0.46977226  0.06623634]
 [-0.2558758  -2.41909768 -0.06251876  0.         -1.00936346  0.26386157]]
[04/03/2022, 03:47:12] computing sampling shap 30:40 within 45.3738 sec, 4.6428 on average
[04/03/2022, 03:47:12] instances left: 371
[04/03/2022, 03:47:12] estimating time left: 0:28:42.478800

[[-0.55679739 -2.23293326  0.          0.         -0.50997101 -0.11514089]
 [-0.40942581 -2.24277012 -0.15234759  0.         -1.03246609  0.67182398]
 [-0.34682602 -2.33798858 -0.1698037   0.         -0.31106317  0.30307664]
 [-0.32925631  7.88359698  0.          0.          0.75279368 -0.17590618]
 [-0.19111889  8.13398652 -0.15198721  0.         -0.45247375 -0.17535535]
 [-0.38986998 -2.19119287 -0.12296523  0.          1.0918683  -0.21294434]
 [-0.394913    8.16573402  0.          0.         -0.3231498  -0.16505624]
 [-0.41005252 -2.40546145 -0.06361709  0.         -0.7068639   0.36624213]
 [-0.31268738 -2.52928434  0.          0.         -0.77642721 -0.13800973]
 [-0.54104815 -1.98627199 -0.19577388  0.         -0.02942239 -0.18936042]]
[04/03/2022, 03:47:57] computing sampling shap 40:50 within 44.5868 sec, 4.606 on average
[04/03/2022, 03:47:57] instances left: 361
[04/03/2022, 03:47:57] estimating time left: 0:27:42.766000

[[-0.29349682 -2.45834045 -0.21540354  0.          0.88299475  0.13209176]
 [-0.56635629 -1.97285494 -0.18722575  0.          0.64098134 -0.19249332]
 [-0.11067724  7.91828017  0.          0.          0.6287211  -0.13106233]
 [-0.46736007 -2.25035497 -0.13737236  0.         -0.77148304  0.39614189]
 [-0.01606252 -2.83076936  0.          0.         -0.88165786 -0.1518752 ]
 [-0.34618104 -2.31401512 -0.1741333   0.         -0.31561543 -0.24861037]
 [-0.49925383 -2.27651782  0.          0.          1.13606881 -0.18540081]
 [-0.481416   -2.25668487 -0.14044964  0.          0.78907299 -0.12267969]
 [-0.30156612 -2.32307206 -0.06946619  0.         -0.60765432 -0.17303189]
 [-0.46663702 -2.18885617 -0.09969278  0.          0.28737002  0.08852327]]
[04/03/2022, 03:48:42] computing sampling shap 50:60 within 45.1234 sec, 4.5904 on average
[04/03/2022, 03:48:42] instances left: 351
[04/03/2022, 03:48:42] estimating time left: 0:26:51.230400

[[-0.49703348 -2.01643712 -0.22355419  0.         -0.26445328  0.56195631]
 [-0.22724981 -2.53408552 -0.07200081  0.          0.35648521  0.15143016]
 [-0.49268562 -2.10990515 -0.20363103  0.         -0.34874984  0.19484239]
 [-0.37290593 -2.40115243  0.          0.         -0.48309308  0.37934881]
 [-0.2085762   8.17614431 -0.09986942  0.         -0.84408135 -0.13006826]
 [-0.50027788 -2.14075048 -0.16211932  0.         -0.3311257   0.23464251]
 [-0.28732967 -2.14598993 -0.22812781  0.          0.61494465 -0.20673045]
 [-0.22077876 -2.52442002  0.          0.         -0.35498807 -0.04587758]
 [ 5.32239338 14.01413821  0.          0.         -0.75474553  0.51598953]
 [-0.31778924 -2.33622288 -0.23785919  0.          0.63360991  0.60216904]]
[04/03/2022, 03:49:31] computing sampling shap 60:70 within 49.1975 sec, 4.6375 on average
[04/03/2022, 03:49:31] instances left: 341
[04/03/2022, 03:49:31] estimating time left: 0:26:21.387500

[[-0.12886414  8.02692042 -0.14308384  0.         -0.46169262  0.19326613]
 [-0.13229755  7.9169706  -0.07218048  0.          0.65971728 -0.17669269]
 [-0.3062289  -2.25605242 -0.16254413  0.          0.24149503 -0.12461998]
 [-0.47529665 -2.12200927 -0.13786307  0.         -0.92808598  0.03724773]
 [-0.28886794  8.05594268  0.          0.          0.04054224 -0.03685361]
 [-0.56206274 -2.12210814 -0.17320752  0.          0.07924438 -0.12481264]
 [-0.35357067 -1.39079936  9.20771163  0.          0.09425361 -0.12402998]
 [11.55767508  8.9895807   0.          0.          0.02010445  0.09364011]
 [-0.3577553   8.00225452 -0.06965735  0.          0.72787102 -0.13366341]
 [-0.54650751 -2.03528449  0.          0.          0.98300984 -0.20320844]]
[04/03/2022, 03:50:18] computing sampling shap 70:80 within 46.8146 sec, 4.643 on average
[04/03/2022, 03:50:18] instances left: 331
[04/03/2022, 03:50:18] estimating time left: 0:25:36.833000

[[-1.39870469e-01  7.99888162e+00 -9.68535066e-02  0.00000000e+00
   6.37478595e-01 -1.40177157e-01]
 [-3.69891310e-01 -2.26636106e+00 -1.48251570e-01  0.00000000e+00
  -9.58196387e-01  7.55186191e-02]
 [-1.16913013e-01  7.86051750e+00 -6.55350276e-02  0.00000000e+00
  -9.09825764e-01 -2.17301039e-01]
 [-1.26400395e-01  7.87822189e+00  0.00000000e+00  0.00000000e+00
   9.89951075e-01 -1.06749000e-01]
 [-4.75596032e-01 -2.12075708e+00 -1.89614022e-01  0.00000000e+00
  -4.07100057e-01 -2.46308328e-01]
 [ 5.65961317e+00  3.72184347e+00  0.00000000e+00  0.00000000e+00
   2.82693854e-01  4.45031999e-03]
 [-2.14761087e-01  8.17565903e+00 -1.16298410e-01  0.00000000e+00
  -2.54320117e-01 -1.11432544e-01]
 [-3.03402108e-01 -2.13038400e+00 -2.00492901e-01  0.00000000e+00
  -3.75423329e-01  1.00519383e+00]
 [-4.56993932e-01 -2.15622627e+00 -1.18122537e-01  0.00000000e+00
  -4.26277093e-01  2.70295938e-01]
 [-5.47531265e-01 -2.24020835e+00  0.00000000e+00  0.00000000e+00
  -6.83883397e-01 -9.34425042e-02]]
[04/03/2022, 03:51:03] computing sampling shap 80:90 within 44.7297 sec, 4.6241 on average
[04/03/2022, 03:51:03] instances left: 321
[04/03/2022, 03:51:03] estimating time left: 0:24:44.336100

[[-0.48938953 -2.10897888 -0.14220611  0.         -0.95215481 -0.23490094]
 [-0.45961671 -2.20992126 -0.17442167  0.         -0.76356117 -0.13511947]
 [-0.53722979 -2.36455317 -0.06955284  0.         -0.97567474  0.46679852]
 [-0.51312665 -2.06352136 -0.19832395  0.          0.05223286  0.27921023]
 [-0.02947194  7.96524657 -0.06777728  0.         -0.09363163 -0.23499666]
 [-0.31256913 -2.42681891  0.          0.          1.09000183 -0.11833392]
 [-0.10243347  7.81293313  0.          0.         -0.72173442  0.28503172]
 [-0.49394031 -2.30464216 -0.08398195  0.         -0.27353322  0.36138689]
 [-0.52271783 -2.29769137  0.          0.         -0.77073611 -0.24902179]
 [-0.51316685 -2.16183522 -0.17456797  0.         -0.39300249 -0.09396748]]
[04/03/2022, 03:51:50] computing sampling shap 90:100 within 47.5743 sec, 4.6375 on average
[04/03/2022, 03:51:50] instances left: 311
[04/03/2022, 03:51:50] estimating time left: 0:24:02.262500

[[-0.16849021 -2.44065933 -0.14463744  0.         -0.32330303 -0.05441706]
 [-0.40930445 -2.51358401  0.          0.         -0.04701621  0.03456557]
 [-0.47822289 -2.20205559 -0.13915453  0.         -0.90351752 -0.20467969]
 [-0.05876525 -2.59957632  0.          0.         -1.07844149  1.17466458]
 [-0.31574562 -2.21485284 -0.23036165  0.          0.66204167 -0.11323872]
 [-0.34116673  7.99709418  0.          0.         -0.26820181  0.71067736]
 [-0.09408668 18.2986156   0.          0.         -0.3390148  -0.11573799]
 [-0.47975621 -2.19617399 -0.14996968  0.          1.17303289 -0.09191839]
 [-0.58876085 -2.31842877  0.          0.         -1.08693712  0.17225489]
 [-0.56621972 -2.2714495  -0.07241303  0.         -0.31324154  0.09638015]]
[04/03/2022, 03:52:39] computing sampling shap 100:110 within 48.9063 sec, 4.6605 on average
[04/03/2022, 03:52:39] instances left: 301
[04/03/2022, 03:52:39] estimating time left: 0:23:22.810500

[[-0.40789538  8.13751967  0.          0.          0.31274376 -0.17850016]
 [-0.61604913 -2.16265361 -0.07451288  0.          0.08855123 -0.07449756]
 [ 5.7343638   3.36744935 -0.08562689  0.         -0.61835713 -0.18993279]
 [-0.4254303  -2.21603786 -0.15400142  0.         -0.30258298  0.33268252]
 [-0.42921044 -2.37746412 -0.06755729  0.         -0.3167283  -0.22959449]
 [-0.43509856 -2.28706346  0.          0.          1.08088499 -0.18382666]
 [-0.53083755  8.27882491 -0.14914928  0.         -0.30953325 -0.24202875]
 [-0.22863146  7.96696749  0.          0.          0.67235625 -0.15123329]
 [-0.29460027 -2.18977001 -0.33537873  0.         -0.07198475  0.13450112]
 [-0.06090674  7.79604466  0.          0.         -0.13636093  0.09576056]]
[04/03/2022, 03:53:24] computing sampling shap 110:120 within 44.3423 sec, 4.6416 on average
[04/03/2022, 03:53:24] instances left: 291
[04/03/2022, 03:53:24] estimating time left: 0:22:30.705600

[[-0.47278741 -2.16211878  0.          0.         -0.5318671  -0.31197676]
 [-0.32363475  8.00546376  0.          0.         -0.57170394  0.12996359]
 [-0.44977271 -2.17643428 -0.16763273  0.          1.12948502 -0.16074936]
 [-0.30184895 -2.21632536 -0.18702858  0.         -0.85931547 -0.27564886]
 [-0.22994861 -2.45819701 -0.06477954  0.         -0.31715582  0.06321021]
 [-0.51826034 -2.01957443 -0.21253851  0.          0.33182078  0.0297385 ]
 [-0.49412581 -2.2196089  -0.14599726  0.          0.40086598 -0.21028481]
 [-0.50136157 -2.24108804 -0.0712027   0.          0.37051816 -0.16481625]
 [-0.49167231 -2.11897438 -0.15613094  0.         -0.82038822  0.53598621]
 [-0.4268592  -2.1445949  -0.13678266  0.         -0.34274203  0.09626987]]
[04/03/2022, 03:54:09] computing sampling shap 120:130 within 45.5149 sec, 4.6347 on average
[04/03/2022, 03:54:09] instances left: 281
[04/03/2022, 03:54:09] estimating time left: 0:21:42.350700

[[-0.04369381  7.74997637  0.          0.          0.73079426 -0.13792848]
 [-0.41040507 -2.15021418 -0.14996416  0.         -0.19160579  0.245965  ]
 [-0.34567422  8.22199173 -0.08562195  0.          0.59040878 -0.06341161]
 [-0.41157037 -2.25956238 -0.24189145  0.         -0.04749817  0.07138738]
 [ 5.59328244  3.53021708  0.          0.          0.99258129 -0.19285246]
 [-0.34468597 -2.29757548 -0.1044383   0.         -0.38717569 -0.14498136]
 [-0.26782746 -2.27195326 -0.19758941  0.          0.67474924 -0.14342289]
 [-0.22891432  8.10108562 -0.0629018   0.         -0.3724193  -0.01119821]
 [-0.46139982 -2.06102014 -0.1861276   0.          1.07430011 -0.19085664]
 [-0.14175548  7.90720703  0.          0.         -0.35121254  0.10026094]]
[04/03/2022, 03:54:58] computing sampling shap 130:140 within 48.4937 sec, 4.6501 on average
[04/03/2022, 03:54:58] instances left: 271
[04/03/2022, 03:54:58] estimating time left: 0:21:00.177100

[[-4.99505128e-01 -2.35322290e+00  0.00000000e+00  0.00000000e+00
   7.57685349e-01 -1.82905640e-01]
 [-4.02982275e-01 -2.32491895e+00 -6.84855709e-02  0.00000000e+00
   3.58548956e-01  1.12416767e-01]
 [-3.73688872e-01 -2.27382835e+00 -1.27427002e-01  0.00000000e+00
  -1.11269430e+00 -2.23076802e-03]
 [-4.32593878e-01 -2.05972307e+00 -2.58143217e-01  0.00000000e+00
  -1.26451209e-01  4.25360348e-01]
 [-3.33086553e-01 -2.38583066e+00  0.00000000e+00  0.00000000e+00
   6.55754630e-01  1.09423843e-01]
 [ 5.62082684e+00  4.03351314e+00 -3.79433153e-01  0.00000000e+00
  -3.64188400e-01 -2.50291670e-01]
 [-5.43632896e-01 -2.31601902e+00  0.00000000e+00  0.00000000e+00
  -1.02578219e+00 -1.76455497e-01]
 [-4.88219504e-02  7.70093357e+00  0.00000000e+00  0.00000000e+00
  -1.03092748e+00  8.39801263e-02]
 [-3.07013594e-01  8.01906975e+00 -1.38692305e-01  0.00000000e+00
   1.06446469e+00 -1.28237454e-01]
 [ 5.71453786e+00  3.52768349e+00 -8.61924222e-02  0.00000000e+00
  -8.48034948e-02 -4.45254698e-02]]
[04/03/2022, 03:55:44] computing sampling shap 140:150 within 45.8788 sec, 4.6459 on average
[04/03/2022, 03:55:44] instances left: 261
[04/03/2022, 03:55:44] estimating time left: 0:20:12.579900

[[-0.52049704 -2.20342918  0.          0.         -0.45521983 -0.22170869]
 [-0.37549123  8.24150769 -0.15983756  0.          1.00334189 -0.19992993]
 [-0.18239195  7.88272143  0.          0.         -1.07219084  0.33080419]
 [-0.38772432 -2.37136333 -0.0718876   0.         -0.27090573 -0.27785386]
 [-0.01314442 -2.32287449 -0.28173305  0.         -0.60119976 -0.19589089]
 [-0.49110247 -2.27872135  0.          0.          0.23035491  0.69643009]
 [-0.0144929  -2.70887539 -0.05976505  0.         -0.66823934  0.17456195]
 [-0.46275556 -2.24395046 -0.07620294  0.         -0.81537443  0.18761041]
 [-0.03197871  3.60598489  4.0780179   0.          0.45025509 -0.08724427]
 [-0.05193383  7.6904833   0.          0.          1.02940443 -0.12776756]]
[04/03/2022, 03:56:29] computing sampling shap 150:160 within 44.9822 sec, 4.6367 on average
[04/03/2022, 03:56:29] instances left: 251
[04/03/2022, 03:56:29] estimating time left: 0:19:23.811700

[[-0.42854159 -2.39436046  0.          0.         -0.68667555 -0.13251925]
 [-0.41009041 -2.08648912 -0.22005166  0.          0.66419501 -0.20079709]
 [-0.37095367 -2.28614268 -0.19502651  0.          0.36578858 -0.15775288]
 [-0.33385886 -2.38031503 -0.15860089  0.          0.07855312 -0.17600982]
 [-0.49361205 -2.33047235  0.          0.         -0.39670206 -0.03866327]
 [-0.48927565 -2.20462264 -0.20988845  0.         -0.81836066 -0.1582181 ]
 [-0.52906989 -2.21777391 -0.09852391  0.         -0.12676488 -0.27396094]
 [-0.19843965  7.91783438  0.          0.         -0.34275414 -0.05142373]
 [-0.37999709 -2.26743182 -0.1488792   0.         -0.41936632 -0.17490161]
 [ 5.6533583   3.30296766  0.          0.         -0.80719858  1.02012912]]
[04/03/2022, 03:57:16] computing sampling shap 160:170 within 47.5353 sec, 4.6436 on average
[04/03/2022, 03:57:16] instances left: 241
[04/03/2022, 03:57:16] estimating time left: 0:18:39.107600

[[-0.04615287 -2.57627451 -0.07112804  0.         -0.72334728 -0.28621191]
 [ 5.69024094  3.6435973  -0.08409068  0.         -0.44177841  0.18207735]
 [-0.34545487 -2.3404369  -0.15607032  0.         -0.90838457  0.25812715]
 [-0.29556759  7.93994952 -0.06904817  0.         -0.30458328  0.69863257]
 [-0.30975285 -2.28330738 -0.20311487  0.         -0.32923798 -0.22749043]
 [-0.07174659 -2.73849024 -0.06525894  0.          0.39307804 -0.06672922]
 [-0.30160355 -2.17260724 -0.25833241  0.         -0.19596608 -0.03795799]
 [-0.26878996 -2.30080557 -0.24193929  0.          0.38249568  0.10361803]
 [-0.46303291 -2.28971951  0.          0.         -0.35211176  0.72416641]
 [-0.53084755 -2.16621098 -0.06757404  0.         -0.33924185  0.0466973 ]]
[04/03/2022, 03:58:05] computing sampling shap 170:180 within 48.8902 sec, 4.6572 on average
[04/03/2022, 03:58:05] instances left: 231
[04/03/2022, 03:58:05] estimating time left: 0:17:55.813200

[[-0.32170941 -2.24598569 -0.24585273  0.          0.05435377  0.47376766]
 [-0.50422313 -2.07527998 -0.24928613  0.          0.60967869  0.5348183 ]
 [-0.33642829  8.16196319 -0.2112947   0.          0.10820481 -0.06549102]
 [-0.33990197 -2.28296821 -0.23860935  0.          0.78797706 -0.13865489]
 [-0.22280155 -2.41102025 -0.07033501  0.          0.2655935  -0.20552383]
 [-0.47443951 -2.19707092 -0.16030145  0.         -0.25411578  0.63850546]
 [-0.25796162  3.73686876  4.1462794   0.          0.44620536  0.15366838]
 [-0.52439825 -2.08801636 -0.21175772  0.         -0.08415826  0.2521064 ]
 [-0.52359495 -2.07699498 -0.15112781  0.         -0.1670519   0.08256055]
 [-0.13987394 18.45372171 -0.09857682  0.         -0.41578955  0.09571197]]
[04/03/2022, 03:58:50] computing sampling shap 180:190 within 44.743 sec, 4.6476 on average
[04/03/2022, 03:58:50] instances left: 221
[04/03/2022, 03:58:50] estimating time left: 0:17:07.119600

[[-3.61558094e-01 -2.37135020e+00 -1.27463607e-01  0.00000000e+00
   7.81724206e-02  3.56627567e-02]
 [-4.03921566e-01 -2.21407164e+00 -1.78388585e-01  0.00000000e+00
  -8.81834222e-01 -2.49414185e-01]
 [-4.91965947e-01 -2.26013631e+00  0.00000000e+00  0.00000000e+00
  -5.83980586e-01  5.25967095e-01]
 [-2.56249914e-01 -2.56288042e+00  0.00000000e+00  0.00000000e+00
  -4.42390242e-01 -1.39334022e-01]
 [ 5.88798469e+00  3.06094289e+00  0.00000000e+00  0.00000000e+00
  -5.30270353e-01  9.77071336e-01]
 [-1.78616088e-01  7.92142205e+00  0.00000000e+00  0.00000000e+00
   6.25201700e-01 -1.72490382e-01]
 [-5.19028867e-01 -2.28580936e+00  0.00000000e+00  0.00000000e+00
  -6.37489530e-01 -1.99769107e-01]
 [-4.56392177e-01 -2.32451421e+00  0.00000000e+00  0.00000000e+00
  -3.34133007e-01  2.52644779e-01]
 [-3.75113521e-01 -2.24759033e+00 -1.34459762e-01  0.00000000e+00
   5.22272632e-03  4.81788109e-01]
 [ 5.39878520e+00  3.83828911e+00  0.00000000e+00  0.00000000e+00
  -1.69970035e-01  3.97796259e-01]]
[04/03/2022, 03:59:38] computing sampling shap 190:200 within 47.9274 sec, 4.6549 on average
[04/03/2022, 03:59:38] instances left: 211
[04/03/2022, 03:59:38] estimating time left: 0:16:22.183900

[[-0.49645741 -2.15348243 -0.07087017  0.         -0.48156125 -0.23150586]
 [-0.59214858 -2.0744883   0.          0.         -0.73598649  0.23620627]
 [-0.32573926 -2.06982574 -0.23093093  0.          0.53995763  0.06538927]
 [-0.32895859  8.18595429 -0.16466658  0.          0.69431273 -0.08138013]
 [-0.14584797  7.97898615 -0.06680881  0.         -0.76410712  0.21973274]
 [-0.49019755 -2.12927668  0.          0.          1.02268599 -0.20520235]
 [-0.42526892 -2.36483372 -0.07281158  0.          1.20729885 -0.16948874]
 [-0.17285843  7.99596925  0.          0.         -0.4271962  -0.23286325]
 [-0.48439868 -2.05728994 -0.21225861  0.          0.65208588 -0.08141751]
 [-0.3223432  -2.48286895  0.          0.         -0.90922187 -0.21319602]]
[04/03/2022, 04:00:26] computing sampling shap 200:210 within 47.9108 sec, 4.6614 on average
[04/03/2022, 04:00:26] instances left: 201
[04/03/2022, 04:00:26] estimating time left: 0:15:36.941400

[[-0.38037333  8.24527501 -0.14991899  0.         -0.05478978  0.42087624]
 [-0.42144915 -2.37872853 -0.17625136  0.         -0.29840619 -0.15632357]
 [-0.4489766  -2.20222431 -0.21628172  0.         -1.15631152 -0.27176219]
 [-0.5271545  -2.21540915 -0.10725102  0.          1.2056547  -0.15783056]
 [-0.59728959 -2.20180102 -0.06712713  0.         -0.23968936  0.78059449]
 [-0.42875113 -2.27144086  0.          0.          1.05917988 -0.11681148]
 [-0.45775581 -2.32713537  0.          0.         -0.4502363  -0.24090423]
 [-0.31574539 -2.6229673   0.          0.          1.24847009 -0.13486088]
 [-0.34871763  8.00326196  0.          0.         -0.50628301  0.49689738]
 [-0.35953493 -2.16873737 -0.11859781  0.         -0.59411705 -0.09555292]]
[04/03/2022, 04:01:12] computing sampling shap 210:220 within 46.6721 sec, 4.6616 on average
[04/03/2022, 04:01:12] instances left: 191
[04/03/2022, 04:01:12] estimating time left: 0:14:50.365600

[[-0.38906788 -2.48196025  0.          0.         -0.33824432 -0.17046201]
 [-0.47658243 -2.21939959 -0.12857257  0.         -0.0026834   0.09349413]
 [-0.50192206 -2.13918243 -0.18211278  0.          0.74061906 -0.10068044]
 [-0.44745206 -2.34109082  0.          0.          0.02894021 -0.1433441 ]
 [-0.41367851 -2.33565597  0.          0.         -0.70746111 -0.14540747]
 [-0.3963909  -2.37124589 -0.13086527  0.         -0.57347828  0.99927568]
 [-0.41699936 -2.40878664  0.          0.         -0.22306062  0.64068806]
 [-0.42716046 -2.14293649 -0.26520351  0.         -0.29783971  0.27053496]
 [-0.38665893 -2.19893496 -0.0672155   0.         -0.28872808  0.07114685]
 [-0.45892779 -2.22635522 -0.07851716  0.          1.1220888  -0.16027944]]
[04/03/2022, 04:02:00] computing sampling shap 220:230 within 47.256 sec, 4.6644 on average
[04/03/2022, 04:02:00] instances left: 181
[04/03/2022, 04:02:00] estimating time left: 0:14:04.256400

[[-3.95569849e-01 -2.43204294e+00 -7.20772838e-02  0.00000000e+00
  -8.93685915e-01 -2.61003146e-01]
 [-3.06037186e-01 -2.28864453e+00 -2.49429117e-01  0.00000000e+00
  -3.68254040e-01  3.12734426e-01]
 [ 5.86999881e+00  3.45258232e+00  0.00000000e+00  0.00000000e+00
   1.75298628e-01 -2.66368273e-03]
 [-4.52413272e-01 -2.19652631e+00 -1.85743018e-01  0.00000000e+00
   3.58961580e-01 -1.93429951e-01]
 [-2.38329234e-01  7.92243917e+00  0.00000000e+00  0.00000000e+00
   6.86062480e-01 -1.01984911e-02]
 [-4.06697111e-01 -2.32201307e+00 -6.50464979e-02  0.00000000e+00
   3.13460396e-02  3.50443453e-01]
 [-4.08455672e-01 -2.32808643e+00 -6.95881437e-02  0.00000000e+00
   6.79434984e-01  4.93789126e-02]
 [-7.41091495e-02 -2.53193688e+00 -2.31083881e-01  0.00000000e+00
  -1.17508666e-01 -1.34432146e-01]
 [-4.10326057e-01 -2.42551625e+00 -7.34871681e-02  0.00000000e+00
   8.18566099e-01 -1.62469693e-01]
 [-3.96359361e-01 -2.18571419e+00 -1.42609918e-01  0.00000000e+00
  -1.95633368e-01 -1.16904298e-01]]
[04/03/2022, 04:02:43] computing sampling shap 230:240 within 43.8066 sec, 4.6526 on average
[04/03/2022, 04:02:43] instances left: 171
[04/03/2022, 04:02:43] estimating time left: 0:13:15.594600

[[-0.34560973 -2.33502364 -0.07247869  0.          0.65559724 -0.21217857]
 [-0.02584246 -2.48650465 -0.20940177  0.          1.10081292 -0.14678386]
 [-0.57431437 -1.91843579 -0.16373286  0.         -0.55353572  0.03773425]
 [-0.46731571 -2.4028138   0.          0.         -0.14068688  0.93657796]
 [-0.42356124 -2.29803311  0.          0.         -0.93351529 -0.27252066]
 [-0.16022817  8.0505543  -0.13175925  0.         -0.65170753 -0.12085601]
 [-0.4357221  -2.35780407  0.          0.         -0.34211992  0.09865475]
 [-0.41278907 -2.39116242  0.          0.          0.35283512  0.3397541 ]
 [-0.56121019 -2.02548014 -0.070859    0.         -0.54829526  0.2336804 ]
 [-0.36081891 -2.23830421 -0.15724397  0.         -0.46333715 -0.18115063]]
[04/03/2022, 04:03:30] computing sampling shap 240:250 within 46.7508 sec, 4.6535 on average
[04/03/2022, 04:03:30] instances left: 161
[04/03/2022, 04:03:30] estimating time left: 0:12:29.213500

[[-0.20319236  8.14366735 -0.09596053  0.         -0.89560361 -0.21422812]
 [-0.35073601 -2.29053906 -0.21965991  0.         -1.10960152  0.74736217]
 [-0.4593602  -2.16340378 -0.17425588  0.         -0.46800509 -0.20976575]
 [-0.58001309 -2.26284105  0.          0.          0.76141388 -0.13071697]
 [-0.32886185 -2.23381763 -0.18002965  0.         -0.313541    0.20685534]
 [-0.64286355 -1.98324066 -0.15609062  0.          0.31310361 -0.23378556]
 [-0.34517811 -2.32381756 -0.16065313  0.          0.71953039 -0.19957504]
 [-0.4183808  -2.15344335 -0.11682407  0.          1.0678633  -0.20431902]
 [-0.4801352  -2.23655117 -0.1720716   0.         -0.61924612 -0.19511066]
 [-0.5449392  -2.2808127   0.          0.          1.18114294 -0.12311123]]
[04/03/2022, 04:04:18] computing sampling shap 250:260 within 47.6606 sec, 4.6578 on average
[04/03/2022, 04:04:18] instances left: 151
[04/03/2022, 04:04:18] estimating time left: 0:11:43.327800

[[-0.30733502 -2.15826842 -0.34905646  0.         -1.02509529 -0.07898124]
 [-0.23475555 -2.46633243 -0.06961768  0.          0.70013665 -0.23912437]
 [-0.029969   -2.64581503 -0.06341704  0.          0.3226773  -0.19142621]
 [-0.45763723 -2.25964468 -0.13661113  0.          1.19040661 -0.13850413]
 [-0.49808023 -2.21730504  0.          0.         -0.04449041 -0.26888572]
 [-0.42525732 -2.26169962 -0.06852509  0.         -0.4256404   0.30126472]
 [-0.66801039 -2.0563776  -0.06769196  0.         -0.38021108 -0.1038477 ]
 [-0.34921629 -2.18093132 -0.28200787  0.          0.41136055 -0.24329233]
 [-0.4819739  -2.25390845  0.          0.         -0.1679444  -0.29579665]
 [-0.39450081  8.11345651 -0.07111967  0.         -0.27224516  0.15816689]]
[04/03/2022, 04:05:05] computing sampling shap 260:270 within 47.3958 sec, 4.6609 on average
[04/03/2022, 04:05:05] instances left: 141
[04/03/2022, 04:05:05] estimating time left: 0:10:57.186900

[[ 5.30354913 13.92145612  0.          0.         -0.93759445  0.66296115]
 [-0.36911707  7.99090598  0.          0.          1.04785145 -0.05311493]
 [-0.45290019 -2.11863567 -0.19817148  0.          0.32011137 -0.1044062 ]
 [-0.25093345  8.0350096   0.          0.         -0.38508354  0.04260221]
 [-0.51353928 -2.4404905   0.          0.         -0.9149619  -0.09024365]
 [-0.55798841 -2.18186083  0.          0.          1.08940592 -0.17466065]
 [-0.439848   -2.23372543 -0.06863504  0.         -0.54824519  0.84200939]
 [-0.51712501 -2.26804777  0.          0.          0.33756951 -0.2552732 ]
 [-0.48566273 -2.22368652 -0.0689536   0.          0.71953459 -0.25092508]
 [-0.38225519 -2.32441493 -0.13457326  0.          1.00978853  0.20747894]]
[04/03/2022, 04:05:54] computing sampling shap 270:280 within 48.8886 sec, 4.669 on average
[04/03/2022, 04:05:54] instances left: 131
[04/03/2022, 04:05:54] estimating time left: 0:10:11.639000

[[-0.23917417  8.03802541 -0.06283986  0.          0.03807282 -0.02293308]
 [-0.43218568 -2.26718594 -0.06937421  0.         -0.6737655  -0.17860034]
 [-0.52043923 -2.23056126  0.          0.         -0.51730056 -0.13524679]
 [ 5.58387176  3.48093064  0.          0.         -0.76616003 -0.10093858]
 [-0.45036853  8.12369943  0.          0.          0.65107543 -0.15535677]
 [-0.33482654 -2.46799949 -0.06483122  0.         -0.34548005 -0.26437161]
 [-0.18412967  7.94302757  0.          0.         -0.21802209 -0.23712116]
 [-0.48477889 -2.19507325 -0.06428902  0.          0.66590698 -0.1997143 ]
 [-0.44681183 -2.1842454  -0.14926772  0.          0.34428569  0.1622111 ]
 [-0.43095321 -2.17607084 -0.13563803  0.          0.29730763  0.20872856]]
[04/03/2022, 04:06:40] computing sampling shap 280:290 within 46.0468 sec, 4.6668 on average
[04/03/2022, 04:06:40] instances left: 121
[04/03/2022, 04:06:40] estimating time left: 0:09:24.682800

[[-0.42255037 -2.27128042 -0.20045905  0.          0.41294728 -0.0678051 ]
 [-0.40357008 -2.32614089 -0.11545148  0.         -0.58344609 -0.1925031 ]
 [-0.37798661 -2.24886182 -0.19759723  0.         -1.08890885  0.11887025]
 [-0.20179973  7.95612291  0.          0.         -0.90399135  0.18280422]
 [-0.43076721 -1.98350863 -0.14589974  0.         -0.9761331  -0.30385853]
 [-0.19274814  8.04877923  0.          0.         -0.45537877  0.16748136]
 [-0.01674485  7.73935001 -0.06515536  0.         -0.42283011 -0.18734333]
 [-0.46047313 -2.10057956 -0.06787825  0.         -1.31298175  0.12311075]
 [ 5.67480337  3.66373633  0.          0.         -0.20285074 -0.25218605]
 [-0.55642051 -2.2282299  -0.08890191  0.         -0.11476187 -0.19676284]]
[04/03/2022, 04:07:32] computing sampling shap 290:300 within 52.1939 sec, 4.6852 on average
[04/03/2022, 04:07:32] instances left: 111
[04/03/2022, 04:07:32] estimating time left: 0:08:40.057200

[[-0.50551071 -2.13278895 -0.15553225  0.         -0.13377389  0.1892461 ]
 [-0.05695346 -2.68943702 -0.06480612  0.         -0.35624257 -0.22313643]
 [-0.32772438 -2.24669782 -0.17124075  0.          0.69257721  0.10093152]
 [-0.34078195  8.19012153 -0.15031519  0.          0.53088963  0.24487297]
 [-0.44305931 -2.14024942 -0.25059026  0.         -0.31451133 -0.25014513]
 [11.78107448  9.26430718  0.          0.          0.5574656  -0.12498977]
 [-0.28341567  7.93128577  0.          0.          1.08330069 -0.16803846]
 [-0.46836167 -2.01403429 -0.2067871   0.         -0.45446081 -0.33386527]
 [-0.22085295  8.05693606 -0.0686207   0.          0.01602006  0.02234019]
 [ 5.48478931  3.62968809  0.          0.         -1.25292545  0.27243805]]
[04/03/2022, 04:08:15] computing sampling shap 300:310 within 42.7621 sec, 4.672 on average
[04/03/2022, 04:08:15] instances left: 101
[04/03/2022, 04:08:15] estimating time left: 0:07:51.872000

[[-0.43454049 -2.20489607 -0.13392269  0.         -0.45007219 -0.1939102 ]
 [-0.04374502 -2.80491918  0.          0.          0.34110826 -0.01947797]
 [-0.34538011 -2.29226694 -0.16410487  0.          1.22308231 -0.24643442]
 [ 5.8368471   3.33832958 -0.24873206  0.         -1.15736115  0.31619709]
 [-0.22397127  7.8714483   0.          0.          0.20658266  0.75812442]
 [-0.43335427 -2.26269208 -0.14759008  0.         -0.34984669  0.30654385]
 [-0.38109768 -2.22111907 -0.06882799  0.         -0.4577005  -0.31063012]
 [-0.37586702 -2.20326645 -0.15718354  0.          1.12141397 -0.18708779]
 [-0.45879384 -2.27202089  0.          0.         -0.70660161 -0.1276492 ]
 [-0.41149902  8.13197804  0.          0.         -0.38315102 -0.11900172]]
[04/03/2022, 04:09:05] computing sampling shap 310:320 within 49.934 sec, 4.6821 on average
[04/03/2022, 04:09:05] instances left: 91
[04/03/2022, 04:09:05] estimating time left: 0:07:06.071100

[[-3.36112274e-01  7.96452654e+00  0.00000000e+00  0.00000000e+00
   1.11076273e+00 -1.76044838e-01]
 [-7.32093012e-02  7.82456975e+00 -6.61571544e-02  0.00000000e+00
   6.57588003e-02 -1.12401376e-01]
 [-8.76138578e-02  1.82078937e+01  0.00000000e+00  0.00000000e+00
   8.84931377e-01 -1.52417797e-01]
 [ 5.59038348e+00  3.68688667e+00  0.00000000e+00  0.00000000e+00
  -2.63756199e-01 -1.95854163e-01]
 [-1.64452490e-01  8.08349033e+00 -1.77285464e-01  0.00000000e+00
  -1.37894249e-01  2.11565301e-01]
 [-6.04430890e-01 -2.12011645e+00 -1.52781477e-01  0.00000000e+00
  -3.14235627e-01  1.37146060e-01]
 [-9.45381272e-02  7.70073716e+00 -7.34531514e-02  0.00000000e+00
  -1.31881463e-02  1.05687059e-01]
 [-2.16635584e-01  7.99552865e+00  0.00000000e+00  0.00000000e+00
  -4.59826336e-01 -1.39467626e-01]
 [-2.99516924e-01  8.31128062e+00 -2.79187104e-01  0.00000000e+00
  -2.32596749e-01 -2.60513910e-01]
 [-3.85366615e-01 -2.25708148e+00 -5.60334369e-02  0.00000000e+00
   1.08270977e+00 -2.09331950e-01]]
[04/03/2022, 04:09:54] computing sampling shap 320:330 within 48.8385 sec, 4.6882 on average
[04/03/2022, 04:09:54] instances left: 81
[04/03/2022, 04:09:54] estimating time left: 0:06:19.744200

[[-0.23124063 -2.20294476 -0.3481374   0.         -0.1127144   0.47314323]
 [-0.27763447 -2.21819845 -0.12634603  0.         -0.48929852  0.09193652]
 [-0.44393199  8.27050303 -0.16055083  0.          0.10760705 -0.16076209]
 [-0.43513275  8.21103773 -0.12572441  0.         -0.26789088  0.60377484]
 [-0.30626548 -2.39099327  0.          0.          1.08071684 -0.20856191]
 [-0.40298365 -2.19676827 -0.15452836  0.          0.02873544  0.31357708]
 [-0.49794534 -2.21426009 -0.14180052  0.          0.76286438 -0.21855192]
 [-0.40056035  8.06706786  0.          0.          0.05463753 -0.17663363]
 [-0.42773766 -2.33936224 -0.1174914   0.         -0.37252676 -0.01360154]
 [-0.3626863  -2.26459831 -0.16484283  0.         -0.53487245 -0.14779071]]
[04/03/2022, 04:10:41] computing sampling shap 330:340 within 46.9505 sec, 4.6884 on average
[04/03/2022, 04:10:41] instances left: 71
[04/03/2022, 04:10:41] estimating time left: 0:05:32.876400

[[16.47254488  3.94559741  0.          0.         -0.02716671  0.24871555]
 [-0.44639736 -2.2162255  -0.20258038  0.          0.42107926 -0.12586673]
 [-0.14671273 -2.42549323 -0.1508884   0.         -0.38064428  0.24113346]
 [-0.4572441  -2.20487849 -0.13300207  0.         -0.44088078 -0.24150354]
 [-0.17698638  7.94094366  0.          0.          0.0191384   0.35206694]
 [-0.55751208 -2.15644749 -0.1372403   0.          0.74599912 -0.09178238]
 [-0.44060423 -2.23108348 -0.20387448  0.         -0.29580255 -0.20837004]
 [-0.46623935  8.20402267 -0.0619377   0.          0.29279335 -0.17586698]
 [-0.4389942  -2.14110121 -0.23642123  0.         -1.05916513 -0.19643653]
 [-0.16540369 -1.65396959  9.22626224  0.          0.08334484  0.13728067]]
[04/03/2022, 04:11:30] computing sampling shap 340:350 within 49.6585 sec, 4.6964 on average
[04/03/2022, 04:11:30] instances left: 61
[04/03/2022, 04:11:30] estimating time left: 0:04:46.480400

[[-0.55571189 -2.08269871 -0.0637588   0.          1.08626248 -0.10009172]
 [-0.4533088  -2.13647344 -0.16802855  0.         -0.2266548  -0.261628  ]
 [-0.36318932 -2.44229325  0.          0.         -0.3927668   0.04946661]
 [-0.40046912 -2.30300849 -0.16764211  0.          0.34414758  0.49905863]
 [-0.31097609 -2.35602893 -0.1347309   0.         -0.66025863  0.01199694]
 [-0.35174932 -2.34868355 -0.17237358  0.          0.08875532 -0.19994859]
 [-0.48958001 -2.18596463 -0.06906399  0.          1.06490464 -0.14539991]
 [ 5.66366166  3.57551151 -0.15303769  0.         -0.6828177  -0.19542167]
 [-0.26168302  7.99991048  0.          0.          0.05857414  0.21045203]
 [10.92836523 -2.02491993 -0.06926744  0.         -1.24637353  0.03719846]]
[04/03/2022, 04:12:21] computing sampling shap 350:360 within 50.1845 sec, 4.7053 on average
[04/03/2022, 04:12:21] instances left: 51
[04/03/2022, 04:12:21] estimating time left: 0:03:59.970300

[[-0.40576082 -2.33398725 -0.0693571   0.         -0.86330683  0.24450204]
 [-0.48927429 -2.24920157 -0.07093706  0.          0.03487093  0.02800546]
 [-0.2463119   7.9747415   0.          0.         -0.35923888  0.37821003]
 [-0.28928912 -2.37377028 -0.23114879  0.          0.69656179  0.36091781]
 [-0.2821143  -2.5042027   0.          0.         -0.38196981  0.49070527]
 [-0.43966936 -2.3219294  -0.05726837  0.          1.17960908 -0.0552157 ]
 [-0.47598978 -2.22575931 -0.09836551  0.          0.34435745 -0.24711925]
 [ 4.35450233  2.06105726  2.77922885  0.          0.65721262 -0.01667295]
 [-0.56224459 -2.156024    0.          0.         -0.36856452  0.68866338]
 [-0.45971066 -2.38366927  0.          0.          0.39095233 -0.15552252]]
[04/03/2022, 04:13:07] computing sampling shap 360:370 within 46.3052 sec, 4.7033 on average
[04/03/2022, 04:13:07] instances left: 41
[04/03/2022, 04:13:07] estimating time left: 0:03:12.835300

[[-0.49789409 -2.33504446  0.          0.         -0.30054643  0.16489773]
 [-0.35871626 -2.47268247  0.          0.          0.75250691 -0.13326532]
 [-0.59717553 -2.19209386 -0.06305972  0.         -0.2404699   0.23040454]
 [-0.29438416  8.12688239 -0.07092768  0.         -0.20089051 -0.25692542]
 [-0.45228267 -2.35510787  0.          0.         -0.66467966 -0.13013309]
 [-0.36627963 -2.3324277  -0.14328993  0.         -0.40906761 -0.23771366]
 [-0.35960882 -2.42916745  0.          0.         -0.17341761 -0.22288302]
 [-0.46451004 -2.1513601  -0.13343349  0.          1.12507367 -0.17776078]
 [-0.27413447 -2.48584075  0.          0.         -0.89939746 -0.07197231]
 [-0.36045185 -2.34899758 -0.14233923  0.          1.18650433 -0.15981947]]
[04/03/2022, 04:13:54] computing sampling shap 370:380 within 46.9772 sec, 4.7031 on average
[04/03/2022, 04:13:54] instances left: 31
[04/03/2022, 04:13:54] estimating time left: 0:02:25.796100

[[-0.50707583 -2.20062384  0.          0.          1.07353094 -0.19093517]
 [-0.42228425 -2.14726271 -0.06427823  0.          0.99283138 -0.18411032]
 [ 5.81643525  3.30557064  0.          0.          0.94978432 -0.1008538 ]
 [-0.19998307  8.05329743 -0.06466841  0.         -0.43816284 -0.023911  ]
 [ 5.83218511  3.58063094 -0.08392781  0.          0.40662292 -0.11341971]
 [ 5.68405434  3.67047903  0.          0.         -0.12283839 -0.2220878 ]
 [-0.55803312 -2.16675356 -0.13045088  0.          0.40832807 -0.16104081]
 [-0.40538984 -2.12594341 -0.18751598  0.         -0.16890279 -0.14946944]
 [-0.41130492 -2.31716168 -0.12440781  0.         -0.32609096  0.30182534]
 [-0.45418605 -2.32954003  0.          0.         -0.47676207 -0.14305965]]
[04/03/2022, 04:14:43] computing sampling shap 380:390 within 49.2464 sec, 4.7088 on average
[04/03/2022, 04:14:43] instances left: 21
[04/03/2022, 04:14:43] estimating time left: 0:01:38.884800

[[-0.41746103 -2.31135359  0.          0.         -0.49558657  0.20961516]
 [-0.05796774 18.18358345  0.          0.          0.37532461 -0.14501166]
 [-0.48742703 -2.1616842  -0.14644592  0.          0.28395016 -0.19126938]
 [-0.5530264  -2.02466408 -0.18326052  0.          0.27830179  0.09383509]
 [-0.22447671 -2.60670786  0.          0.         -0.4065985   0.15052633]
 [-0.30242137 -2.52254363  0.          0.          0.0423875  -0.18765367]
 [-0.43092625 -2.35275461  0.          0.          0.30920195 -0.13347151]
 [-0.54790661 -2.18063422 -0.1441214   0.         -0.77453177 -0.09544619]
 [-0.23385741 -2.47208575 -0.13811404  0.         -0.359459    0.0506087 ]
 [-0.44305117 -1.87196292 -0.33601512  0.         -1.06548953  0.28578316]]
[04/03/2022, 04:15:29] computing sampling shap 390:400 within 45.3815 sec, 4.7046 on average
[04/03/2022, 04:15:29] instances left: 11
[04/03/2022, 04:15:29] estimating time left: 0:00:51.750600

[[-0.41140966 -2.40848029 -0.104859    0.          0.09812506  0.10643636]
 [ 5.48083167  3.72774438  0.          0.          0.29316456  0.36930389]
 [-0.41773293 -2.45840722  0.          0.         -0.41081851 -0.04958141]
 [-0.41415564  8.10408169  0.          0.         -0.59526891 -0.20917168]
 [-0.20664015 -2.40183959 -0.13905926  0.         -0.78540898  1.36701328]
 [-0.43372651 -2.16521763 -0.19641466  0.          0.07217356  0.0870676 ]
 [-0.16120517 18.38422972 -0.05623091  0.         -0.38625361 -0.11679298]
 [-0.5910188  -2.25923431  0.          0.          0.76296514 -0.19066058]
 [-0.21930447  8.01458539  0.          0.         -0.38260466 -0.29319995]
 [-0.43985186 -2.35102277  0.          0.         -0.35717937 -0.24252224]]
[04/03/2022, 04:16:17] computing sampling shap 400:410 within 48.392 sec, 4.7079 on average
[04/03/2022, 04:16:17] instances left: 1
[04/03/2022, 04:16:17] estimating time left: 0:00:04.707900

[[-5.27023587e-01 -1.90926121e+00 -1.98456438e-01  0.00000000e+00
  -3.60738514e-01  7.24749779e-01]
 [ 5.76376233e+00  1.37208542e+01 -8.41883307e-02  0.00000000e+00
  -1.83348448e-01  2.55356836e-01]
 [-4.43582254e-01 -2.36016060e+00  0.00000000e+00  0.00000000e+00
   3.92176560e-01  2.71649368e-01]
 [-4.74094018e-01 -2.15115838e+00 -5.91035663e-02  0.00000000e+00
   1.91240386e-01  6.50076751e-01]
 [-4.63231706e-01 -2.27947709e+00 -6.90307748e-02  0.00000000e+00
   7.32336291e-01  2.11329105e-01]
 [-7.05835509e-02  7.75072230e+00  0.00000000e+00  0.00000000e+00
  -1.93001645e-01  7.77829615e-01]
 [-5.06657075e-01 -2.24152217e+00 -6.38969112e-02  0.00000000e+00
  -3.70921287e-01  4.19125766e-03]
 [-3.62610073e-01  8.04456411e+00  0.00000000e+00  0.00000000e+00
  -3.45953078e-01 -2.42479815e-01]
 [ 5.75917394e+00  3.68702515e+00 -8.38003907e-02  0.00000000e+00
  -2.14958039e-01  1.87908807e-01]
 [-3.57339488e-01 -2.12940253e+00 -1.91814553e-01  0.00000000e+00
  -3.92489119e-01  5.35849644e-01]]
[04/03/2022, 04:16:17] finish computing sampling shap for range: [1, 8] within 1930.221184 sec
