

[04/03/2022, 05:29:32] [get categorical paper data for /home/youyinnn_gmail_com/s2search/pipelining/exp-inhouse csdm]
============== start ==============
[04/03/2022, 05:29:46] [get categorical paper data for /home/youyinnn_gmail_com/s2search/pipelining/exp-inhouse csdm]
============== end 41776 ==============


[04/03/2022, 05:29:46] [sampling shap explainer training for /home/youyinnn_gmail_com/s2search/pipelining/exp-inhouse csdm]
============== start ==============
[04/03/2022, 05:29:52] [sampling shap explainer training for /home/youyinnn_gmail_com/s2search/pipelining/exp-inhouse csdm]
============== end 8355 ==============


[04/03/2022, 05:29:52] [sampling shap sv computing for /home/youyinnn_gmail_com/s2search/pipelining/exp-inhouse csdm]
============== start ==============
instances left: 245
estimating time left: 0:14:51.824500
---- 10:40010
instances left: 235
estimating time left: 0:14:18.760500
---- 20:80020
instances left: 225
estimating time left: 0:13:28.807500
---- 30:120030
instances left: 215
estimating time left: 0:13:01.439000
---- 40:160040
instances left: 205
estimating time left: 0:12:20.890500
---- 50:200050
instances left: 195
estimating time left: 0:11:41.727000
---- 60:240060
instances left: 185
estimating time left: 0:11:08.479000
---- 70:280070
instances left: 175
estimating time left: 0:10:30.787500
---- 80:320080
instances left: 165
estimating time left: 0:09:55.980000
---- 90:360094
instances left: 155
estimating time left: 0:09:22.107500
---- 100:400104
instances left: 145
estimating time left: 0:08:52.208000
---- 110:440114
instances left: 135
estimating time left: 0:08:16.030500
---- 120:480124
instances left: 125
estimating time left: 0:07:37.637500
---- 130:520134
instances left: 115
estimating time left: 0:07:06.167000
---- 140:560144
instances left: 105
estimating time left: 0:06:29.392500
---- 150:600158
instances left: 95
estimating time left: 0:05:52.725500
---- 160:640168
instances left: 85
estimating time left: 0:05:14.644500
---- 170:680178
instances left: 75
estimating time left: 0:04:38.032500
---- 180:720188
instances left: 65
estimating time left: 0:04:00.656000
---- 190:760198
instances left: 55
estimating time left: 0:03:23.560500
---- 200:800208
instances left: 45
estimating time left: 0:02:47.098500
---- 210:840218
instances left: 35
estimating time left: 0:02:10.063500
---- 220:880228
instances left: 25
estimating time left: 0:01:32.662500
---- 230:920242
instances left: 15
estimating time left: 0:00:55.611000
---- 240:960256
instances left: 5
estimating time left: 0:00:18.544500
---- 250:1000266
[04/03/2022, 05:45:19] [sampling shap sv computing for /home/youyinnn_gmail_com/s2search/pipelining/exp-inhouse csdm]
============== end 1000266 ==============
