

[04/03/2022, 06:17:20] [get categorical paper data for /home/youyinnn_gmail_com/s2search/pipelining/exp-inhouse cscg]
============== start ==============
[04/03/2022, 06:17:27] [get categorical paper data for /home/youyinnn_gmail_com/s2search/pipelining/exp-inhouse cscg]
============== end 22116 ==============


[04/03/2022, 06:17:27] [sampling shap explainer training for /home/youyinnn_gmail_com/s2search/pipelining/exp-inhouse cscg]
============== start ==============
[04/03/2022, 06:17:31] [sampling shap explainer training for /home/youyinnn_gmail_com/s2search/pipelining/exp-inhouse cscg]
============== end 4423 ==============


[04/03/2022, 06:17:31] [sampling shap sv computing for /home/youyinnn_gmail_com/s2search/pipelining/exp-inhouse cscg]
============== start ==============
instances left: 129
estimating time left: 0:07:09.957000
---- 10:40010
instances left: 119
estimating time left: 0:06:38.709500
---- 20:80020
instances left: 109
estimating time left: 0:06:02.326900
---- 30:120030
instances left: 99
estimating time left: 0:05:32.194500
---- 40:160040
instances left: 89
estimating time left: 0:04:59.315900
---- 50:200050
instances left: 79
estimating time left: 0:04:23.907400
---- 60:240060
instances left: 69
estimating time left: 0:03:49.590600
---- 70:280070
instances left: 59
estimating time left: 0:03:17.396300
---- 80:320080
instances left: 49
estimating time left: 0:02:44.855600
---- 90:360090
instances left: 39
estimating time left: 0:02:10.837200
---- 100:400100
instances left: 29
estimating time left: 0:01:37.263100
---- 110:440110
instances left: 19
estimating time left: 0:01:04.134500
---- 120:480120
instances left: 9
estimating time left: 0:00:30.484800
---- 130:520130
[04/03/2022, 06:24:51] [sampling shap sv computing for /home/youyinnn_gmail_com/s2search/pipelining/exp-inhouse cscg]
============== end 520130 ==============
