

[04/03/2022, 02:25:47] [get categorical paper data for /home/youyinnn_gmail_com/s2search/pipelining/exp-inhouse cscr]
============== start ==============
[04/03/2022, 02:26:16] [get categorical paper data for /home/youyinnn_gmail_com/s2search/pipelining/exp-inhouse cscr]
============== end 77496 ==============


[04/03/2022, 02:26:16] [sampling shap explainer training for /home/youyinnn_gmail_com/s2search/pipelining/exp-inhouse cscr]
============== start ==============
[04/03/2022, 02:26:29] [sampling shap explainer training for /home/youyinnn_gmail_com/s2search/pipelining/exp-inhouse cscr]
============== end 15499 ==============


[04/03/2022, 02:26:29] [sampling shap sv computing for /home/youyinnn_gmail_com/s2search/pipelining/exp-inhouse cscr]
============== start ==============
instances left: 475
estimating time left: 0:40:57.175000
---- 10:40010
instances left: 465
estimating time left: 0:41:15.706500
---- 20:80020
instances left: 455
estimating time left: 0:40:14.958000
---- 30:120030
instances left: 445
estimating time left: 0:38:42.054500
---- 40:160040
instances left: 435
estimating time left: 0:37:39.564000
---- 50:200050
instances left: 425
estimating time left: 0:36:53.995000
---- 60:240060
instances left: 415
estimating time left: 0:35:59.079000
---- 70:280070
instances left: 405
estimating time left: 0:35:00.937500
---- 80:320080
instances left: 395
estimating time left: 0:34:03.809000
---- 90:360090
instances left: 385
estimating time left: 0:33:14.569500
---- 100:400100
instances left: 375
estimating time left: 0:32:21.037500
---- 110:440110
instances left: 365
estimating time left: 0:31:29.240000
---- 120:480120
instances left: 355
estimating time left: 0:30:37.941500
---- 130:520130
instances left: 345
estimating time left: 0:29:45.030000
---- 140:560140
instances left: 335
estimating time left: 0:28:51.313500
---- 150:600150
instances left: 325
estimating time left: 0:28:04.377500
---- 160:640160
instances left: 315
estimating time left: 0:27:12.991500
---- 170:680170
instances left: 305
estimating time left: 0:26:20.540500
---- 180:720180
instances left: 295
estimating time left: 0:25:32.200500
---- 190:760190
instances left: 285
estimating time left: 0:24:35.445000
---- 200:800200
instances left: 275
estimating time left: 0:23:45.847500
---- 210:840210
instances left: 265
estimating time left: 0:22:52.806000
---- 220:880220
instances left: 255
estimating time left: 0:22:01.588500
---- 230:920230
instances left: 245
estimating time left: 0:21:07.311500
---- 240:960240
instances left: 235
estimating time left: 0:20:16.219000
---- 250:1000250
instances left: 225
estimating time left: 0:19:26.355000
---- 260:1040260
instances left: 215
estimating time left: 0:18:33.012000
---- 270:1080270
instances left: 205
estimating time left: 0:17:42.576500
---- 280:1120280
instances left: 195
estimating time left: 0:16:51.328500
---- 290:1160290
instances left: 185
estimating time left: 0:16:02.055500
---- 300:1200300
instances left: 175
estimating time left: 0:15:10.070000
---- 310:1240310
instances left: 165
estimating time left: 0:14:20.310000
---- 320:1280320
instances left: 155
estimating time left: 0:13:27.333000
---- 330:1320330
instances left: 145
estimating time left: 0:12:35.319500
---- 340:1360340
instances left: 135
estimating time left: 0:11:44.295000
---- 350:1400350
instances left: 125
estimating time left: 0:10:50.787500
---- 360:1440360
instances left: 115
estimating time left: 0:09:58.724500
---- 370:1480370
instances left: 105
estimating time left: 0:09:08.835000
---- 380:1520380
instances left: 95
estimating time left: 0:08:16.232500
---- 390:1560390
instances left: 85
estimating time left: 0:07:24.295000
---- 400:1600400
instances left: 75
estimating time left: 0:06:31.732500
---- 410:1640410
instances left: 65
estimating time left: 0:05:39.215500
---- 420:1680420
instances left: 55
estimating time left: 0:04:47.155000
---- 430:1720430
instances left: 45
estimating time left: 0:03:54.639000
---- 440:1760440
instances left: 35
estimating time left: 0:03:02.402500
---- 450:1800450
instances left: 25
estimating time left: 0:02:10.325000
---- 460:1840460
instances left: 15
estimating time left: 0:01:18.270000
---- 470:1880470
instances left: 5
estimating time left: 0:00:26.090000
---- 480:1920480
[04/03/2022, 03:08:14] [sampling shap sv computing for /home/youyinnn_gmail_com/s2search/pipelining/exp-inhouse cscr]
============== end 1920480 ==============
