

[04/03/2022, 04:21:08] [get categorical paper data for /home/youyinnn_gmail_com/s2search/pipelining/exp-inhouse csdc]
============== start ==============
[04/03/2022, 04:21:32] [get categorical paper data for /home/youyinnn_gmail_com/s2search/pipelining/exp-inhouse csdc]
============== end 59016 ==============


[04/03/2022, 04:21:32] [sampling shap explainer training for /home/youyinnn_gmail_com/s2search/pipelining/exp-inhouse csdc]
============== start ==============
[04/03/2022, 04:21:41] [sampling shap explainer training for /home/youyinnn_gmail_com/s2search/pipelining/exp-inhouse csdc]
============== end 11803 ==============


[04/03/2022, 04:21:41] [sampling shap sv computing for /home/youyinnn_gmail_com/s2search/pipelining/exp-inhouse csdc]
============== start ==============
instances left: 359
estimating time left: 0:26:11.845600
---- 10:40010
instances left: 349
estimating time left: 0:25:34.902000
---- 20:80020
instances left: 339
estimating time left: 0:24:53.871300
---- 30:120030
instances left: 329
estimating time left: 0:24:13.456200
---- 40:160040
instances left: 319
estimating time left: 0:23:24.557000
---- 50:200050
instances left: 309
estimating time left: 0:22:44.265900
---- 60:240060
instances left: 299
estimating time left: 0:22:07.799200
---- 70:280070
instances left: 289
estimating time left: 0:21:30.731800
---- 80:320080
instances left: 279
estimating time left: 0:20:42.498600
---- 90:360090
instances left: 269
estimating time left: 0:20:05.980800
---- 100:400100
instances left: 259
estimating time left: 0:19:22.754600
---- 110:440110
instances left: 249
estimating time left: 0:18:37.337700
---- 120:480120
instances left: 239
estimating time left: 0:17:54.496200
---- 130:520130
instances left: 229
estimating time left: 0:17:13.248000
---- 140:560140
instances left: 219
estimating time left: 0:16:23.288100
---- 150:600150
instances left: 209
estimating time left: 0:15:38.514500
---- 160:640160
instances left: 199
estimating time left: 0:14:52.594600
---- 170:680170
instances left: 189
estimating time left: 0:14:08.553300
---- 180:720180
instances left: 179
estimating time left: 0:13:24.676600
---- 190:760190
instances left: 169
estimating time left: 0:12:39.384600
---- 200:800200
instances left: 159
estimating time left: 0:11:52.622100
---- 210:840210
instances left: 149
estimating time left: 0:11:07.207100
---- 220:880220
instances left: 139
estimating time left: 0:10:22.761700
---- 230:920230
instances left: 129
estimating time left: 0:09:37.571700
---- 240:960240
instances left: 119
estimating time left: 0:08:53.179500
---- 250:1000250
instances left: 109
estimating time left: 0:08:08.211000
---- 260:1040260
instances left: 99
estimating time left: 0:07:24.163500
---- 270:1080270
instances left: 89
estimating time left: 0:06:39.654500
---- 280:1120280
instances left: 79
estimating time left: 0:05:54.536200
---- 290:1160290
instances left: 69
estimating time left: 0:05:09.271800
---- 300:1200300
instances left: 59
estimating time left: 0:04:24.060400
---- 310:1240310
instances left: 49
estimating time left: 0:03:38.976100
---- 320:1280320
instances left: 39
estimating time left: 0:02:54.076500
---- 330:1320330
instances left: 29
estimating time left: 0:02:09.580700
---- 340:1360340
instances left: 19
estimating time left: 0:01:24.827400
---- 350:1400350
instances left: 9
estimating time left: 0:00:40.121100
---- 360:1440360
[04/03/2022, 04:48:26] [sampling shap sv computing for /home/youyinnn_gmail_com/s2search/pipelining/exp-inhouse csdc]
============== end 1440360 ==============
