

[04/03/2022, 06:24:40] [get categorical paper data for /home/youyinnn_gmail_com/s2search/pipelining/exp-inhouse csdl]
============== start ==============
[04/03/2022, 06:24:45] [get categorical paper data for /home/youyinnn_gmail_com/s2search/pipelining/exp-inhouse csdl]
============== end 14412 ==============


[04/03/2022, 06:24:45] [sampling shap explainer training for /home/youyinnn_gmail_com/s2search/pipelining/exp-inhouse csdl]
============== start ==============
[04/03/2022, 06:24:48] [sampling shap explainer training for /home/youyinnn_gmail_com/s2search/pipelining/exp-inhouse csdl]
============== end 2882 ==============


[04/03/2022, 06:24:48] [sampling shap sv computing for /home/youyinnn_gmail_com/s2search/pipelining/exp-inhouse csdl]
============== start ==============
instances left: 81
estimating time left: 0:04:45.849000
---- 10:40010
instances left: 71
estimating time left: 0:04:18.511000
---- 20:80020
instances left: 61
estimating time left: 0:03:39.008300
---- 30:120030
instances left: 51
estimating time left: 0:03:02.977800
---- 40:160040
instances left: 41
estimating time left: 0:02:24.869400
---- 50:200050
instances left: 31
estimating time left: 0:01:50.412700
---- 60:240060
instances left: 21
estimating time left: 0:01:14.646600
---- 70:280070
instances left: 11
estimating time left: 0:00:39.097300
---- 80:320080
instances left: 1
estimating time left: 0:00:03.546200
---- 90:360090
[04/03/2022, 06:30:07] [sampling shap sv computing for /home/youyinnn_gmail_com/s2search/pipelining/exp-inhouse csdl]
============== end 360090 ==============
