

[04/03/2022, 04:16:31] [get categorical paper data for /home/youyinnn_gmail_com/s2search/pipelining/exp-inhouse csdc]
============== start ==============
[04/03/2022, 04:16:52] [get categorical paper data for /home/youyinnn_gmail_com/s2search/pipelining/exp-inhouse csdc]
============== end 59016 ==============


[04/03/2022, 04:16:52] [sampling shap explainer training for /home/youyinnn_gmail_com/s2search/pipelining/exp-inhouse csdc]
============== start ==============
[04/03/2022, 04:17:01] [sampling shap explainer training for /home/youyinnn_gmail_com/s2search/pipelining/exp-inhouse csdc]
============== end 11803 ==============


[04/03/2022, 04:17:01] [sampling shap sv computing for /home/youyinnn_gmail_com/s2search/pipelining/exp-inhouse csdc]
============== start ==============
instances left: 359
estimating time left: 0:25:02.989400
---- 10:40010
instances left: 349
estimating time left: 0:25:26.351500
---- 20:80020
instances left: 339
estimating time left: 0:25:15.363900
---- 30:120030
instances left: 329
estimating time left: 0:24:19.542700
---- 40:160040
instances left: 319
estimating time left: 0:23:50.427900
---- 50:200050
instances left: 309
estimating time left: 0:23:17.916000
---- 60:240060
instances left: 299
estimating time left: 0:22:26.576400
---- 70:280070
instances left: 289
estimating time left: 0:21:40.297700
---- 80:320080
instances left: 279
estimating time left: 0:20:51.147600
---- 90:360090
instances left: 269
estimating time left: 0:20:06.814700
---- 100:400100
instances left: 259
estimating time left: 0:19:17.911300
---- 110:440110
instances left: 249
estimating time left: 0:18:34.100700
---- 120:480120
instances left: 239
estimating time left: 0:17:53.325100
---- 130:520130
instances left: 229
estimating time left: 0:17:08.118400
---- 140:560140
instances left: 219
estimating time left: 0:16:24.098400
---- 150:600150
instances left: 209
estimating time left: 0:15:39.037000
---- 160:640160
instances left: 199
estimating time left: 0:14:53.808500
---- 170:680170
instances left: 189
estimating time left: 0:14:10.159800
---- 180:720180
instances left: 179
estimating time left: 0:13:25.625300
---- 190:760190
instances left: 169
estimating time left: 0:12:39.756400
---- 200:800200
instances left: 159
estimating time left: 0:11:53.862300
---- 210:840210
instances left: 149
estimating time left: 0:11:09.680500
---- 220:880220
instances left: 139
estimating time left: 0:10:26.973400
---- 230:920230
instances left: 129
estimating time left: 0:09:42.409200
---- 240:960240
instances left: 119
estimating time left: 0:08:56.071200
---- 250:1000250
instances left: 109
estimating time left: 0:08:10.478200
---- 260:1040260
instances left: 99
estimating time left: 0:07:24.628800
---- 270:1080270
instances left: 89
estimating time left: 0:06:39.200600
---- 280:1120280
instances left: 79
estimating time left: 0:05:54.275500
---- 290:1160290
instances left: 69
estimating time left: 0:05:09.547800
---- 300:1200300
instances left: 59
estimating time left: 0:04:25.122400
---- 310:1240310
instances left: 49
estimating time left: 0:03:40.206000
---- 320:1280320
instances left: 39
estimating time left: 0:02:55.269900
---- 330:1320330
instances left: 29
estimating time left: 0:02:10.784200
---- 340:1360340
instances left: 19
estimating time left: 0:01:25.634900
---- 350:1400350
instances left: 9
estimating time left: 0:00:40.580100
---- 360:1440360
[04/03/2022, 04:44:04] [sampling shap sv computing for /home/youyinnn_gmail_com/s2search/pipelining/exp-inhouse csdc]
============== end 1440360 ==============
