Child #[4, 5]: psutil.Process(pid=4544, name='python', status='running', started='03:30:00'), affinity [4, 5]
Child #[4, 5]: Set my affinity to [4, 5], affinity now [4, 5]

[03/30/2022, 06:12:05] start computing sampling shap for range: [3, 8]
[03/30/2022, 06:12:47] computing sampling shap 514:524 within 42.8484 sec, 4.2849 on average
[03/30/2022, 06:12:47] instances left: 247
[03/30/2022, 06:12:47] estimating time left: 0:17:38.370300

[[-1.11317165e+00 -5.24621396e+00 -8.57002423e-02  0.00000000e+00
  -1.78669177e-01 -1.32414538e-01]
 [-1.17681097e+00 -5.29882592e+00  0.00000000e+00  0.00000000e+00
  -6.43344498e-01 -1.42762167e-01]
 [-1.28874128e+00 -5.02966455e+00 -8.39513025e-02  0.00000000e+00
   9.88830313e-03 -1.80157675e-01]
 [-1.12567765e+00 -5.31154649e+00 -8.35724755e-02  0.00000000e+00
  -5.22489044e-01 -4.19988584e-02]
 [-1.09973886e+00 -5.38524005e+00  0.00000000e+00  0.00000000e+00
   1.71322537e-01  2.04309440e-01]
 [-7.41214467e-01  4.94046962e+00  0.00000000e+00  0.00000000e+00
  -3.44371321e-01 -2.17002806e-01]
 [-4.47164584e-01  1.50892752e+01  0.00000000e+00  0.00000000e+00
  -3.12939373e-01  3.81849368e-01]
 [ 3.76907003e+00  1.18213444e+01  0.00000000e+00  0.00000000e+00
  -5.04243827e-01 -3.34833427e-02]
 [-1.28274643e+00 -5.03280186e+00  0.00000000e+00  0.00000000e+00
  -7.43615663e-01 -2.16396426e-01]
 [-5.94643353e-01  4.62510310e+00  0.00000000e+00  0.00000000e+00
   1.06261979e-01  1.47193816e-01]]
[03/30/2022, 06:13:28] computing sampling shap 524:534 within 40.9713 sec, 4.1911 on average
[03/30/2022, 06:13:28] instances left: 237
[03/30/2022, 06:13:28] estimating time left: 0:16:33.290700

[[-9.51557432e-01 -5.27247925e+00 -2.06676141e-01  0.00000000e+00
  -2.37527893e-01 -2.41443773e-02]
 [ 5.21939768e+00  5.84905976e-01 -2.24294945e-01  0.00000000e+00
   7.98450835e-01 -8.47029641e-02]
 [-3.54723075e-01  1.50412567e+01  0.00000000e+00  0.00000000e+00
  -6.54009784e-01  3.35747681e-02]
 [ 5.76892460e+00  1.03731512e+01  0.00000000e+00  0.00000000e+00
   3.58067888e-01 -1.93600262e-03]
 [-1.31277697e+00 -5.07269632e+00  0.00000000e+00  0.00000000e+00
  -4.74576565e-01  6.49035161e-01]
 [-1.07524009e+00 -5.13365100e+00 -2.56553995e-01  0.00000000e+00
  -6.54605047e-01 -1.55510397e-01]
 [-1.67454610e-01  1.47496610e+01 -2.01481148e-05  0.00000000e+00
  -1.11879140e+00  1.57336373e-01]
 [-9.24215230e-01 -5.43226847e+00 -1.42945784e-01  0.00000000e+00
  -1.40779783e-01 -5.21755384e-02]
 [-7.81176365e-01 -5.59169278e+00 -8.19454378e-02  0.00000000e+00
   4.61633365e-01  3.08207977e-02]
 [-1.11625874e+00 -5.18962888e+00 -1.57073163e-01  0.00000000e+00
   9.02771876e-01 -1.11551903e-01]]
[03/30/2022, 06:14:09] computing sampling shap 534:544 within 40.891 sec, 4.1572 on average
[03/30/2022, 06:14:09] instances left: 227
[03/30/2022, 06:14:09] estimating time left: 0:15:43.684400

[[-9.90176358e-01 -5.40682325e+00 -8.42688144e-02  0.00000000e+00
  -6.07536182e-01 -1.76151474e-01]
 [-7.14069869e-01  4.73300345e+00  0.00000000e+00  0.00000000e+00
   1.05310014e-01 -6.15403913e-02]
 [-1.05585859e+00 -5.05796206e+00 -2.55370683e-01  0.00000000e+00
   8.59174344e-01 -1.27453065e-01]
 [-1.18277871e+00 -4.97343015e+00 -2.44142909e-01  0.00000000e+00
  -8.77785247e-01  7.71597390e-02]
 [-9.96200048e-01 -5.25714333e+00  0.00000000e+00  0.00000000e+00
  -7.62551329e-01  3.51218641e-03]
 [-6.22212148e-01  4.60298560e+00 -8.32527864e-02  0.00000000e+00
   9.43009350e-01 -1.21046799e-01]
 [-1.02469380e+00 -5.40104279e+00 -1.39646550e-01  0.00000000e+00
   2.06686700e-01 -8.23543801e-02]
 [-7.91771455e-01  4.80542009e+00  0.00000000e+00  0.00000000e+00
   4.60453976e-01 -2.22836500e-01]
 [-1.02472127e+00 -5.06239764e+00 -4.22402515e-01  0.00000000e+00
  -1.03276818e-01 -2.69186007e-01]
 [ 5.39299818e+00  1.07113597e+01 -1.18029124e-01  0.00000000e+00
   7.47128772e-01 -9.90113652e-02]]
[03/30/2022, 06:14:51] computing sampling shap 544:554 within 41.7821 sec, 4.1625 on average
[03/30/2022, 06:14:51] instances left: 217
[03/30/2022, 06:14:51] estimating time left: 0:15:03.262500

[[-0.8044872   4.77835908  0.          0.          0.11837915  0.33292398]
 [-0.43228504 15.09381642 -0.08142634  0.         -0.59726898 -0.2496931 ]
 [-1.36751421 -4.89026669 -0.08685684  0.          0.80425636 -0.13135966]
 [-1.24053132 -5.19663603  0.          0.          0.47342675 -0.21570305]
 [-1.34389142 -4.75925202 -0.26853527  0.         -0.73278115 -0.21745082]
 [-1.23803829 -4.92990543 -0.26115048  0.         -0.18404882 -0.18195637]
 [-1.08129896 -5.3894493   0.          0.          0.07328171  0.13890261]
 [-0.70730399  4.7080934   0.          0.         -0.60199181 -0.05777587]
 [-0.67719975  4.66438658  0.          0.         -0.12507891 -0.10917732]
 [-1.10164363 -5.22025216 -0.13222357  0.          0.06005707 -0.02483498]]
[03/30/2022, 06:15:36] computing sampling shap 554:564 within 44.4202 sec, 4.2184 on average
[03/30/2022, 06:15:36] instances left: 207
[03/30/2022, 06:15:36] estimating time left: 0:14:33.208800

[[ 3.54292990e+00  1.73286884e+00  0.00000000e+00  0.00000000e+00
  -6.30348634e-01  9.37355328e-02]
 [-1.08757889e+00 -5.20200611e+00 -8.40298077e-02  0.00000000e+00
   3.51085591e-02 -2.34120581e-01]
 [-5.78353145e-01  4.87462665e+00 -1.42988652e-01  0.00000000e+00
  -1.16898732e+00  7.68700585e-02]
 [ 5.39545754e+00  5.75514971e-01 -8.83282055e-02  0.00000000e+00
  -4.56894949e-01 -1.49319820e-01]
 [ 9.83464476e+00  7.54920307e+00  0.00000000e+00  0.00000000e+00
  -1.17317501e+00 -1.25738809e-01]
 [-1.21326422e+00 -5.17428505e+00  0.00000000e+00  0.00000000e+00
   8.64435067e-01 -1.71739570e-01]
 [-9.65868796e-01 -3.33791035e+00  8.12572294e+00  0.00000000e+00
   1.29488479e-01 -2.04054674e-01]
 [ 1.02651287e+01  7.24537068e+00 -9.49047620e-02  0.00000000e+00
  -5.62919394e-03 -1.64691815e-01]
 [-7.52617161e-01 -5.30019217e+00 -3.53829350e-01  0.00000000e+00
  -2.18597126e-01 -1.98218519e-01]
 [-7.70627913e-01  4.69821395e+00  0.00000000e+00  0.00000000e+00
   8.56303855e-01 -9.92867246e-02]]
[03/30/2022, 06:16:16] computing sampling shap 564:574 within 40.7512 sec, 4.1946 on average
[03/30/2022, 06:16:16] instances left: 197
[03/30/2022, 06:16:16] estimating time left: 0:13:46.336200

[[-1.24592419 -5.07516119 -0.08440774  0.          0.04959342 -0.21672676]
 [-1.15559627 -5.28642563  0.          0.          0.1194554  -0.1184847 ]
 [-0.85722815  4.89238178  0.          0.          0.41874265 -0.14015393]
 [-1.05250563 -5.14735405 -0.13487909  0.          0.34515288 -0.04860185]
 [-0.33826937 14.94364138  0.          0.          0.07553511 -0.16247883]
 [-1.15220825 -5.26663291  0.          0.          0.89109249 -0.16710558]
 [-1.29444314 -5.09679375 -0.17451794  0.         -0.58014856 -0.17328873]
 [-0.68699856  5.18505832 -0.15906964  0.         -0.89644328  0.19307217]
 [-0.43986316 15.05177896  0.          0.          0.38495602 -0.09173279]
 [-1.03580495 -5.41853731  0.          0.          0.03490382 -0.15318782]]
[03/30/2022, 06:16:55] computing sampling shap 574:584 within 39.0651 sec, 4.1534 on average
[03/30/2022, 06:16:55] instances left: 187
[03/30/2022, 06:16:55] estimating time left: 0:12:56.685800

[[-1.15663383e+00 -5.22358416e+00  0.00000000e+00  0.00000000e+00
   8.76461455e-01 -1.91097487e-01]
 [-1.37624592e+00 -5.01139054e+00 -1.45122104e-01  0.00000000e+00
   1.41088837e-01 -5.11466658e-03]
 [-1.33266874e+00 -4.73594137e+00 -3.49372296e-01  0.00000000e+00
   5.44050135e-02 -2.09049115e-01]
 [-1.02688967e+00 -5.38461962e+00 -8.30519095e-02  0.00000000e+00
   5.19708750e-01  1.51363426e-01]
 [-8.77959232e-01 -5.34467356e+00 -2.26229716e-01  0.00000000e+00
   4.52029581e-01 -1.82610298e-01]
 [-9.11797393e-01 -5.16282971e+00 -1.78668555e-01  0.00000000e+00
   7.35133673e-01 -1.76692275e-01]
 [-9.72702856e-01 -5.36860504e+00 -8.70835184e-02  0.00000000e+00
   4.55323749e-01 -2.06375860e-01]
 [-1.05817864e+00 -5.29079330e+00 -1.45974367e-01  0.00000000e+00
  -4.99193645e-01  2.03592648e-01]
 [-1.12067656e+00 -5.29714705e+00 -8.14429878e-02  0.00000000e+00
  -9.24684683e-01 -6.80481087e-03]
 [-7.83761796e-01  4.81645931e+00  0.00000000e+00  0.00000000e+00
   7.53413536e-02 -4.64806835e-02]]
[03/30/2022, 06:17:40] computing sampling shap 584:594 within 44.4396 sec, 4.1898 on average
[03/30/2022, 06:17:40] instances left: 177
[03/30/2022, 06:17:40] estimating time left: 0:12:21.594600

[[-1.18462971e+00 -5.20091733e+00 -8.18968773e-02  0.00000000e+00
   1.59228822e-01  2.96531568e-01]
 [-9.37441936e-01 -5.38302300e+00 -1.40927442e-01  0.00000000e+00
   9.22435269e-01 -1.55896670e-01]
 [-1.08119869e+00 -5.17788310e+00 -8.42398054e-02  0.00000000e+00
   5.98045086e-02  1.95340198e-01]
 [-8.95169790e-01 -5.48472718e+00 -8.17324813e-02  0.00000000e+00
  -8.94453269e-01  4.91631109e-01]
 [-6.93227986e-01  4.76468025e+00 -8.27871919e-02  0.00000000e+00
   1.21653693e-01 -6.60589621e-02]
 [ 3.41727289e+00  1.88815629e+00  0.00000000e+00  0.00000000e+00
  -5.89640480e-01 -9.35838534e-02]
 [ 1.44389131e+01  2.80530983e+00 -8.68966961e-02  0.00000000e+00
   5.74203795e-01 -1.40081560e-02]
 [-1.00320907e+00 -5.05656186e+00 -2.43038448e-01  0.00000000e+00
   7.99194678e-01 -1.91239272e-01]
 [-1.09404640e-01  1.46355399e+01  0.00000000e+00  0.00000000e+00
  -5.53870212e-01  2.48696579e-01]
 [-1.38157295e+00 -5.05180551e+00  0.00000000e+00  0.00000000e+00
  -5.20558004e-01  2.37408686e-01]]
[03/30/2022, 06:18:24] computing sampling shap 594:604 within 44.6523 sec, 4.2204 on average
[03/30/2022, 06:18:24] instances left: 167
[03/30/2022, 06:18:24] estimating time left: 0:11:44.806800

[[-1.26989226 -5.26941411  0.          0.         -0.28955053  0.10524345]
 [-0.75046893  4.77279699  0.          0.          0.10735189 -0.15681965]
 [ 5.5505329   7.64362329  2.93250038  0.         -1.20700355 -0.09740068]
 [-1.02293803 -4.99165811 -0.33508609  0.         -1.24359504  0.1616678 ]
 [-1.13141641 -5.2624398  -0.08353652  0.          0.51985242 -0.22190314]
 [-0.61029927  4.62664455 -0.07850773  0.         -0.10568725  0.59087121]
 [-1.08547813 -5.20798952 -0.07960389  0.          0.02554484 -0.16631001]
 [-1.03689501 -5.22166493 -0.20798224  0.          0.93005391 -0.15836567]
 [-1.1245824  -5.17586288 -0.18788807  0.         -0.15881866 -0.0668488 ]
 [-0.78062731  4.86396902 -0.08349289  0.          0.84683994 -0.19121538]]
[03/30/2022, 06:19:04] computing sampling shap 604:614 within 39.4695 sec, 4.1931 on average
[03/30/2022, 06:19:04] instances left: 157
[03/30/2022, 06:19:04] estimating time left: 0:10:58.316700

[[-1.28203115 -5.14845464 -0.08420427  0.         -0.63109683 -0.10708297]
 [-1.14159483 -5.04142806 -0.24528057  0.         -0.58200119 -0.23265238]
 [-0.96829764 -5.206022   -0.33954903  0.          0.1375046  -0.19626235]
 [-1.24595587 -5.10814592 -0.08694926  0.          0.49145945  0.15606917]
 [-0.96996125 -5.26306973 -0.08302273  0.          0.79670452 -0.17550462]
 [-1.14625263 -5.06369257 -0.14676327  0.          0.40057391 -0.19156382]
 [ 5.59990125 10.44855574  0.          0.          0.66870659 -0.11254   ]
 [-1.13573517 -5.20287931 -0.16654859  0.         -0.43867451  0.42185454]
 [-0.88573007  4.87888099 -0.08450403  0.          0.21096847 -0.03479924]
 [ 5.23099039  0.58498285  0.          0.          0.05574927  0.26385676]]
[03/30/2022, 06:19:46] computing sampling shap 614:624 within 42.3768 sec, 4.1972 on average
[03/30/2022, 06:19:46] instances left: 147
[03/30/2022, 06:19:46] estimating time left: 0:10:16.988400

[[-1.10241882 -5.27052149  0.          0.          0.86120674 -0.16000692]
 [-1.04149847 -5.22960002 -0.08135165  0.          0.81655    -0.15895378]
 [ 8.34573774 -3.21679851  0.          0.          0.38503193 -0.09835097]
 [-1.33176836 -5.16949138  0.          0.          0.15515281 -0.22651955]
 [-0.69702843  4.95111767 -0.08529999  0.          0.13498811 -0.07521566]
 [ 5.64540319 10.45823714  0.          0.          0.53829496 -0.18980643]
 [-1.07006429 -5.38206107  0.          0.         -0.62065631 -0.17247465]
 [-1.01639405 -5.16223656 -0.21921156  0.          0.09582191  0.38689391]
 [ 5.25614611  0.55875922 -0.08793311  0.          0.41197212  0.06224857]
 [-0.62928639  4.68037185  0.          0.          0.41817721 -0.2179965 ]]
[03/30/2022, 06:20:34] computing sampling shap 624:634 within 47.6038 sec, 4.2441 on average
[03/30/2022, 06:20:34] instances left: 137
[03/30/2022, 06:20:34] estimating time left: 0:09:41.441700

[[ 3.68691993  1.68836842 -0.17630348  0.         -0.44758307  0.21393012]
 [-1.15445761 -5.15503401 -0.15341816  0.         -0.10142199  0.26758016]
 [-0.21135259 -2.46655708 17.12482164  0.         -0.11042321  0.14298874]
 [-1.11495153  5.30963147 -0.07721036  0.          0.17005258  0.20169164]
 [ 3.44357404  1.67973923 -0.15649572  0.         -1.12880413  0.45041032]
 [-0.88867274 -5.25520923 -0.23270014  0.         -0.44791589  0.73604112]
 [-0.97591494 -5.08294392 -0.31469323  0.          0.82118078 -0.0850991 ]
 [-0.30444072 14.68496364  0.          0.          0.84591033 -0.08117397]
 [-1.0433187  -5.4242598   0.          0.         -1.44201416 -0.18902855]
 [-0.78356168  4.946462   -0.13585759  0.          0.11694467 -0.20220768]]
[03/30/2022, 06:21:15] computing sampling shap 634:644 within 41.4976 sec, 4.2369 on average
[03/30/2022, 06:21:15] instances left: 127
[03/30/2022, 06:21:15] estimating time left: 0:08:58.086300

[[-1.29922965e+00 -5.15876440e+00  0.00000000e+00  0.00000000e+00
   9.04903388e-02 -2.05123112e-01]
 [-9.70664653e-01 -5.20364153e+00 -2.60035167e-01  0.00000000e+00
   4.49115875e-01  3.09723679e-01]
 [-2.94558938e-01 -6.14570305e+00 -8.35894021e-02  0.00000000e+00
  -6.07783284e-01 -1.43924749e-01]
 [-9.10392372e-01 -5.49242600e+00 -8.04628615e-02  0.00000000e+00
  -1.20304700e-01 -1.39651060e-02]
 [-1.05751901e+00 -5.32451881e+00 -7.99869451e-02  0.00000000e+00
  -6.19172747e-01  8.80130369e-02]
 [-2.17011525e-01  1.47692204e+01  0.00000000e+00  0.00000000e+00
  -1.39737383e-01 -2.88779932e-01]
 [-1.38023259e+00 -4.72295831e+00 -2.87287609e-01  0.00000000e+00
   8.74315483e-01 -1.78691208e-01]
 [-5.93415988e-01  4.71293933e+00 -7.99229397e-02  0.00000000e+00
  -6.54607570e-01 -4.39712969e-02]
 [ 3.68903765e+00  1.56706748e+00 -8.53000980e-02  0.00000000e+00
   3.28236344e-01  2.33416684e-01]
 [ 1.02212551e+01  7.09767717e+00  0.00000000e+00  0.00000000e+00
   3.89013906e-01 -9.76731391e-02]]
[03/30/2022, 06:22:00] computing sampling shap 644:654 within 44.8779 sec, 4.2548 on average
[03/30/2022, 06:22:00] instances left: 117
[03/30/2022, 06:22:00] estimating time left: 0:08:17.811600

[[-0.33995709 14.93697492 -0.08399473  0.          0.50545259 -0.20138158]
 [-1.21508806 -5.27084772  0.          0.         -0.14997608 -0.1875425 ]
 [-1.21848663 -5.14583622 -0.13736483  0.          0.12757073 -0.04478055]
 [-0.66489587  4.79497331 -0.08396701  0.         -0.657986    0.1854207 ]
 [-1.22153358 -5.13281198 -0.08205413  0.         -0.960097    0.06288055]
 [-0.83049828  4.91481587 -0.13022366  0.          0.16509371 -0.03437166]
 [-1.21266015 -5.12761277 -0.21647487  0.         -0.96730466 -0.04901354]
 [-0.31275747 14.88902715  0.          0.          0.71520627 -0.22028715]
 [-0.85067767  4.84660146  0.          0.         -0.50271256  0.35953686]
 [-1.2654609  -5.11996367  0.          0.          0.03409869 -0.2213009 ]]
[03/30/2022, 06:22:45] computing sampling shap 654:664 within 44.3361 sec, 4.2667 on average
[03/30/2022, 06:22:45] instances left: 107
[03/30/2022, 06:22:45] estimating time left: 0:07:36.536900

[[-0.73361706 -5.35923213 -0.26837317  0.          0.40066704 -0.21888828]
 [-0.849237   -5.50530495 -0.08154903  0.          0.43281868 -0.14442602]
 [-0.86508533  4.89884318 -0.0842301   0.          0.40534372  0.2936934 ]
 [-1.41294354 -4.86436415 -0.08684871  0.         -0.56525268  0.40203166]
 [ 5.4341234  10.65183806  0.          0.          0.65488775 -0.08974412]
 [-0.79700558  4.7909857   0.          0.          0.12281725 -0.07122726]
 [-0.71573189  4.67625779  0.          0.         -0.33998777  0.09334946]
 [ 5.54146856 10.66052649  0.          0.         -0.13278706 -0.17485513]
 [-1.09975627 -5.28086726  0.          0.         -0.28347783 -0.21788303]
 [-0.3432784  14.85099977  0.          0.         -0.50722097  0.22046094]]
[03/30/2022, 06:23:30] computing sampling shap 664:674 within 45.0516 sec, 4.2817 on average
[03/30/2022, 06:23:30] instances left: 97
[03/30/2022, 06:23:30] estimating time left: 0:06:55.324900

[[-0.7292786   4.79332335  0.          0.          0.75138608 -0.08605127]
 [ 5.09648187  0.83684177 -0.16208894  0.          0.13075374  0.16475286]
 [-0.77592777  5.04988124 -0.08025279  0.         -0.4979956  -0.08212173]
 [-0.19504119 11.74707574  3.09257183  0.         -0.21221539 -0.07368915]
 [-1.10410703 -5.41683672 -0.10724421  0.         -0.24162023 -0.22950841]
 [-0.81101256  4.87598738 -0.08275894  0.         -0.37231559 -0.05169539]
 [-0.71448872  4.7283571   0.          0.          0.38223229 -0.14483463]
 [ 3.4339867   1.74092839  0.          0.          0.67916161 -0.18108103]
 [-0.70730193 -5.74598865  0.          0.         -0.12876871  0.48353579]
 [-1.27669156 -4.90313205 -0.32669278  0.         -0.45702339  0.13101198]]
[03/30/2022, 06:24:12] computing sampling shap 674:684 within 42.257 sec, 4.2784 on average
[03/30/2022, 06:24:12] instances left: 87
[03/30/2022, 06:24:12] estimating time left: 0:06:12.220800

[[-1.26973562 -5.02443788 -0.08420045  0.          0.82768766 -0.12105446]
 [-1.33544535 -5.07440317  0.          0.          0.44252458 -0.15565936]
 [-0.27898151 14.97695572  0.          0.         -0.28307674 -0.26076765]
 [ 3.3712204   1.66387777  0.          0.         -1.15902363  0.4065933 ]
 [-1.23386405 -4.97530271 -0.22711063  0.         -1.12817399  0.71067621]
 [-1.143693   -5.23834155  0.          0.          0.35853795 -0.05841087]
 [-1.0116315  -5.26940617 -0.18231198  0.         -1.45714512 -0.1418883 ]
 [-0.80835587  4.96860124 -0.20728963  0.         -0.47659653  0.57541925]
 [-0.72473963  4.76974389  0.          0.          0.79020488 -0.17973553]
 [-0.92006677  5.0750356  -0.17738597  0.         -0.17103679  0.12869083]]
[03/30/2022, 06:24:57] computing sampling shap 684:694 within 44.6615 sec, 4.2888 on average
[03/30/2022, 06:24:57] instances left: 77
[03/30/2022, 06:24:57] estimating time left: 0:05:30.237600

[[ 3.62222662  1.73110309 -0.11748491  0.          0.13133094  0.10537427]
 [-0.76102719 -5.51153416 -0.15900534  0.          0.43110841 -0.17898497]
 [-1.11620601 -5.24413207  0.          0.          0.8134302  -0.14794595]
 [-1.06970238 -5.33473318 -0.08589938  0.         -0.39605589 -0.15190898]
 [-1.22157016 -5.11187318 -0.08092555  0.         -0.36233387 -0.32261396]
 [-0.90883948 -5.2420653  -0.15235268  0.         -0.71310039 -0.31806343]
 [-0.57059233  4.59263387 -0.08136206  0.         -0.50486755  0.4663088 ]
 [ 5.30012551  0.58310701  0.          0.          0.09425586  0.01601263]
 [ 5.35555609  0.73817789 -0.27071872  0.         -0.29795696 -0.06372005]
 [-1.08524225 -5.35772004  0.          0.         -0.49185993 -0.03346888]]
[03/30/2022, 06:25:38] computing sampling shap 694:704 within 41.0521 sec, 4.2792 on average
[03/30/2022, 06:25:38] instances left: 67
[03/30/2022, 06:25:38] estimating time left: 0:04:46.706400

[[-1.13677625 -5.04072962 -0.2458889   0.          0.43613109  0.04019717]
 [-1.34259584 -5.18943919  0.          0.          0.50918508 -0.03017849]
 [ 5.47156558 10.64129249  0.          0.          0.45774883 -0.17325945]
 [-1.21979879 -5.09519473 -0.08548024  0.          0.35007781  0.40179057]
 [-0.21335904 14.84804872 -0.07921229  0.          0.71964051 -0.20392893]
 [-0.20752252 14.71499068  0.          0.         -0.24502439  0.38891419]
 [-0.11361627 14.68863872  0.          0.         -0.33481138  0.41114668]
 [-1.14028706 -5.11826558 -0.13657334  0.          0.89281484 -0.19254293]
 [-1.07575089 -5.17253681 -0.26184486  0.         -0.10646073  0.41637673]
 [-1.44323823 -5.11318185  0.          0.          0.60204464  0.06347641]]
[03/30/2022, 06:26:19] computing sampling shap 704:714 within 41.2425 sec, 4.2714 on average
[03/30/2022, 06:26:19] instances left: 57
[03/30/2022, 06:26:19] estimating time left: 0:04:03.469800

[[-0.86699036 -5.54909001 -0.18463252  0.         -0.38242345 -0.18464351]
 [-0.9546485  -5.27161402 -0.20269087  0.          0.88139066 -0.12417796]
 [-0.31975496  4.83582782 -0.32711333  0.          0.12398136  0.11871552]
 [ 9.90787721  7.51190837  0.          0.          0.12919478 -0.15019581]
 [-1.12630152 -5.2103231   0.          0.          0.38175576 -0.1928294 ]
 [-1.32339287 -4.84083855 -0.2211541   0.          0.38165582 -0.17571386]
 [-0.91476845 -5.37185712 -0.14358414  0.         -0.53360847  0.31485443]
 [-0.82465682  4.87028479  0.          0.          0.80627222 -0.16729711]
 [-0.79908728  4.81537577  0.          0.          0.81766649 -0.17848159]
 [-1.06891337 -5.10631786 -0.21683946  0.         -0.73299853 -0.19536423]]
[03/30/2022, 06:27:01] computing sampling shap 714:724 within 42.4338 sec, 4.2701 on average
[03/30/2022, 06:27:01] instances left: 47
[03/30/2022, 06:27:01] estimating time left: 0:03:20.694700

[[-0.82816092 -5.32442559 -0.3008626   0.         -0.2089666   0.16355347]
 [-0.90568047 -5.50999925 -0.08405329  0.         -0.51494335 -0.2282803 ]
 [-1.09064265 -5.28111779 -0.14453167  0.         -1.02140293  0.11847498]
 [-0.65193118  4.60819967  0.          0.          0.91916212 -0.21995703]
 [-1.04523005 -5.06694668 -0.34844603  0.          0.4932544  -0.15561459]
 [-0.9738778  -5.50735015  0.          0.          0.51402902 -0.18049921]
 [-1.07004381 -5.08869921 -0.35719411  0.         -0.04588717  0.294617  ]
 [-1.22283103 -4.98833809 -0.26746633  0.          0.93715075 -0.15336954]
 [-0.60082686  4.59046645  0.          0.          0.11318713 -0.19776274]
 [-1.03478401  4.94960961  0.          0.         -0.50796477  0.171936  ]]
[03/30/2022, 06:27:47] computing sampling shap 724:734 within 46.1548 sec, 4.2858 on average
[03/30/2022, 06:27:47] instances left: 37
[03/30/2022, 06:27:47] estimating time left: 0:02:38.574600

[[-0.5564933  -3.44747588  8.01749647  0.          0.77049031 -0.20026047]
 [-1.30363115 -4.92688866 -0.24270705  0.          0.43260103 -0.01240296]
 [-0.67299343  5.02911619 -0.24136927  0.         -0.24744445 -0.11306866]
 [-0.62408754  4.59822146  0.          0.         -0.39187015  0.15774885]
 [-1.18983183 -5.20730128  0.          0.         -0.15876178  0.64098439]
 [-0.78407299  4.91886721 -0.1435615   0.          0.10802197 -0.19419116]
 [-1.12067836 -5.23932273 -0.08344119  0.         -0.54038332 -0.08660028]
 [-0.69961485  4.53355028  0.          0.         -0.19793509  0.02404932]
 [-0.65701125  4.65459316  0.          0.          0.45529188 -0.09944164]
 [-0.94277261 -5.55344663  0.          0.         -0.10764072  0.39512789]]
[03/30/2022, 06:28:30] computing sampling shap 734:744 within 42.0934 sec, 4.2825 on average
[03/30/2022, 06:28:30] instances left: 27
[03/30/2022, 06:28:30] estimating time left: 0:01:55.627500

[[ 3.97710459 11.42979161 -0.08710343  0.         -1.28234124  0.56557992]
 [-0.9111086  -5.27998357 -0.15193109  0.         -0.72660963 -0.12767235]
 [-1.00710973 -5.09359881 -0.26929058  0.          0.89434727 -0.21920233]
 [-0.44697737  4.8827155  -0.23502367  0.          0.0954976   0.1857184 ]
 [ 5.43818129 10.72217924 -0.08938998  0.          0.69888262 -0.15102649]
 [-1.15339001 -5.18797872 -0.0866208   0.          0.91724029 -0.16099149]
 [-0.87968236  5.29977415 -0.15782488  0.          0.12273895 -0.12166012]
 [-0.82640581 -5.34135322 -0.16303745  0.          0.81410344 -0.17816062]
 [-1.18368631 -4.97890331 -0.19841572  0.          0.04267888 -0.19551105]
 [ 5.47636588  0.42527061 -0.08942945  0.          0.24940681 -0.15609973]]
[03/30/2022, 06:29:13] computing sampling shap 744:754 within 43.47 sec, 4.2852 on average
[03/30/2022, 06:29:13] instances left: 17
[03/30/2022, 06:29:13] estimating time left: 0:01:12.848400

[[-0.58513451  4.65222008 -0.17089518  0.         -0.30213594  0.28490124]
 [-1.50031243 -4.86614492 -0.08422669  0.          0.46104564 -0.07709483]
 [-1.01331184 -5.15244191 -0.22423414  0.         -0.62282058 -0.21132806]
 [-1.03293812 -5.42100143  0.          0.          0.09504529 -0.1188062 ]
 [-0.90127318 -5.61952632  0.          0.         -0.13498475 -0.05821594]
 [-1.23008793 -5.16009809 -0.08709903  0.         -0.12677997 -0.15210472]
 [-0.23496897 14.59126823  0.          0.          0.87441453 -0.17806062]
 [ 5.34524035  0.60532554 -0.08973421  0.          0.18054781 -0.09060451]
 [-1.18253315 -5.17799776  0.          0.          0.84309373 -0.17741684]
 [-0.78726934  4.81623777 -0.08234993  0.         -0.57843908 -0.12823355]]
[03/30/2022, 06:29:58] computing sampling shap 754:764 within 44.6647 sec, 4.2925 on average
[03/30/2022, 06:29:58] instances left: 7
[03/30/2022, 06:29:58] estimating time left: 0:00:30.047500

[[-0.72466956  4.81328747 -0.1687637   0.         -0.47898732 -0.24131829]
 [-1.07074467 -5.38828126  0.          0.          0.95763571 -0.19346343]
 [-0.97935003 -5.32942105  0.          0.          0.80320675 -0.18928963]
 [-0.76773859 -5.51577592 -0.1367869   0.         -0.99307801  0.07088582]
 [-0.65219711  4.67630695  0.          0.         -0.41489733 -0.19888213]
 [-0.86034263 -5.22121677 -0.2688536   0.          0.81442773 -0.15886857]
 [-1.05974877 -5.35640973 -0.07847975  0.         -0.34706021  0.02200904]
 [-0.95034269 -5.34293556 -0.23439852  0.          0.20591406  0.06319853]
 [-0.97704189 -5.35804449 -0.17201463  0.         -0.32406542 -0.22167975]
 [-0.93078131  4.81500703  0.          0.          0.18416779 -0.16332977]]
[03/30/2022, 06:29:58] finish computing sampling shap for range: [3, 8] within 1073.119399 sec
