Child #[0, 1]: psutil.Process(pid=4476, name='python', status='running', started='03:29:50'), affinity [0, 1]
Child #[0, 1]: Set my affinity to [0, 1], affinity now [0, 1]

[03/30/2022, 06:14:27] start computing sampling shap for range: [1, 8]
[03/30/2022, 06:15:09] computing sampling shap 0:10 within 42.3337 sec, 4.2334 on average
[03/30/2022, 06:15:09] instances left: 247
[03/30/2022, 06:15:09] estimating time left: 0:17:25.649800

[[-1.00208279e+00 -5.12453057e+00 -2.00795703e-01  0.00000000e+00
  -3.25392291e-03 -9.30893114e-02]
 [-5.85515804e-01  4.58607749e+00  0.00000000e+00  0.00000000e+00
   1.09101943e-01 -1.67882932e-01]
 [-7.78054579e-01  4.93513728e+00 -8.53455610e-02  0.00000000e+00
   8.05141522e-01 -1.92276018e-01]
 [-1.15727130e+00 -5.34368863e+00  0.00000000e+00  0.00000000e+00
  -4.76709110e-01 -2.65287519e-01]
 [-1.05250415e+00 -5.08910726e+00 -2.39702539e-01  0.00000000e+00
  -4.65545501e-01 -4.35847944e-02]
 [ 1.46512307e+01  2.64200236e+00  0.00000000e+00  0.00000000e+00
  -8.17534325e-01  4.38101199e-02]
 [-1.13699705e+00 -5.26438605e+00  0.00000000e+00  0.00000000e+00
   9.02462206e-01 -1.38549261e-01]
 [-8.71623918e-01 -5.31490140e+00 -3.33533214e-01  0.00000000e+00
  -6.51337647e-02  6.37256992e-01]
 [-1.11600074e+00 -5.23367557e+00  0.00000000e+00  0.00000000e+00
  -9.55008711e-01  1.76383549e-01]
 [-1.10277150e+00 -5.25732589e+00  0.00000000e+00  0.00000000e+00
   1.15900974e-01 -1.52587943e-01]]
[03/30/2022, 06:15:53] computing sampling shap 10:20 within 43.5551 sec, 4.2945 on average
[03/30/2022, 06:15:53] instances left: 237
[03/30/2022, 06:15:53] estimating time left: 0:16:57.796500

[[-1.1069744  -5.05760089 -0.15881562  0.         -0.00857281  0.34883433]
 [-0.99204189 -5.31751554 -0.0849081   0.          0.82873592 -0.02449909]
 [-0.57075182  4.8247368  -0.13271945  0.          0.44212795  0.1711701 ]
 [-0.93447281  4.90688354 -0.0820672   0.          0.20828071  0.21898928]
 [ 3.57421882  1.45130238  0.          0.          0.8271411  -0.1796664 ]
 [-1.21246244 -5.20105078 -0.08283432  0.         -0.13999064  0.04937142]
 [-0.73428052  4.89982498 -0.1471217   0.         -0.21662023 -0.22447653]
 [-1.50921615 -4.94654063 -0.08409924  0.         -0.34707904 -0.21238116]
 [ 3.3515006   1.82022485  0.          0.         -1.16094947 -0.11078415]
 [-1.13686723 -5.24226643 -0.08526658  0.         -0.41372864 -0.16017167]]
[03/30/2022, 06:16:34] computing sampling shap 20:30 within 41.6618 sec, 4.2518 on average
[03/30/2022, 06:16:34] instances left: 227
[03/30/2022, 06:16:34] estimating time left: 0:16:05.158600

[[-6.06753646e-01  4.58836828e+00  0.00000000e+00  0.00000000e+00
  -6.16012924e-01 -1.56311618e-02]
 [-1.28398168e+00 -4.85465111e+00 -3.17019516e-01  0.00000000e+00
  -9.46358831e-01  2.54170978e-01]
 [-1.22063698e+00 -5.16681404e+00  0.00000000e+00  0.00000000e+00
   8.46084931e-01 -1.53488040e-01]
 [-5.70781482e-01 -5.48157585e+00 -2.10652105e-01  0.00000000e+00
  -7.27719633e-01  1.42050455e-01]
 [ 5.43235221e+00  3.16108316e-01  0.00000000e+00  0.00000000e+00
   4.20644741e-01  1.34076770e-02]
 [-1.10173811e+00 -5.20302437e+00  0.00000000e+00  0.00000000e+00
   3.56193494e-01  1.20112594e-01]
 [-9.06468267e-01 -5.50189762e+00 -7.69584410e-02  0.00000000e+00
   9.29280373e-01 -1.15696528e-01]
 [-1.14620951e+00 -5.26193807e+00 -8.27969935e-02  0.00000000e+00
  -2.45086327e-01  5.34723473e-01]
 [ 3.60370823e+00  1.66995523e+00  0.00000000e+00  0.00000000e+00
  -1.54787636e+00 -2.09973747e-01]
 [-2.22102471e-01  1.47248301e+01  0.00000000e+00  0.00000000e+00
   1.47987607e-01  1.72892157e-01]]
[03/30/2022, 06:17:16] computing sampling shap 30:40 within 42.0697 sec, 4.2407 on average
[03/30/2022, 06:17:16] instances left: 217
[03/30/2022, 06:17:16] estimating time left: 0:15:20.231900

[[-0.78946166  4.78712546  0.          0.          0.83387671 -0.1120576 ]
 [-0.56143942  4.50040043  0.          0.          0.17039274 -0.20428996]
 [-1.18150385 -5.2845572   0.          0.          0.51307541 -0.12892161]
 [-1.24026494 -5.08080452  0.          0.          0.35400115 -0.08596023]
 [-0.76150507  4.67236833  0.          0.          0.53869369 -0.19829088]
 [-1.03603388 -5.41953619  0.          0.          0.0525044  -0.07463467]
 [-1.24596139 -5.16809179 -0.08420205  0.         -0.50214688 -0.06711722]
 [ 5.51997347  0.69358576 -0.30248912  0.          0.10373311 -0.06402782]
 [-0.44837291 15.1702037   0.          0.          0.27528801 -0.15020656]
 [-1.23668365 -4.95423605 -0.30977429  0.         -0.58827537 -0.19480755]]
[03/30/2022, 06:18:05] computing sampling shap 40:50 within 48.7238 sec, 4.367 on average
[03/30/2022, 06:18:05] instances left: 207
[03/30/2022, 06:18:05] estimating time left: 0:15:03.969000

[[ 3.26710628e+00  1.73882896e+00  0.00000000e+00  0.00000000e+00
  -1.15883945e+00  4.82825065e-01]
 [-1.05229296e+00 -5.34701005e+00 -8.55826636e-02  0.00000000e+00
   4.99103683e-01 -1.37201363e-01]
 [-1.18193674e+00 -5.21538740e+00 -8.70128270e-02  0.00000000e+00
  -5.99103013e-01 -2.00336789e-01]
 [-1.13496681e+00 -5.28202439e+00 -8.19764448e-02  0.00000000e+00
   1.68288630e-01  7.21151189e-02]
 [-1.28376246e+00 -4.99213026e+00 -8.42407696e-02  0.00000000e+00
   4.02386216e-01 -4.61355954e-03]
 [-8.57624353e-01 -5.33051384e+00 -2.42501888e-01  0.00000000e+00
  -2.54495906e-01  6.53541643e-01]
 [ 8.99611099e+00  6.88549632e+00  1.35494584e+00  0.00000000e+00
  -9.67786380e-02  2.91644483e-01]
 [-1.02235621e+00 -5.20191287e+00 -2.23797227e-01  0.00000000e+00
  -5.09638367e-01 -3.24254693e-02]
 [-9.58498984e-01 -5.41425351e+00 -1.23279921e-01  0.00000000e+00
   1.62909978e-01 -2.05777992e-01]
 [-9.13830878e-01  4.91203701e+00 -8.33382825e-02  0.00000000e+00
   8.90426005e-01 -1.49820702e-01]]
[03/30/2022, 06:18:48] computing sampling shap 50:60 within 43.0236 sec, 4.3563 on average
[03/30/2022, 06:18:48] instances left: 197
[03/30/2022, 06:18:48] estimating time left: 0:14:18.191100

[[-0.9238134  -5.40960202 -0.08311112  0.          0.86138024 -0.13970741]
 [-1.04037117 -5.5066263  -0.0817789   0.         -0.46748652 -0.22292914]
 [-1.21693984 -5.22033004  0.          0.          0.06177837  0.04626098]
 [-1.08947268 -5.2807768  -0.13483796  0.         -0.45589838  0.25418972]
 [ 5.28811274  0.48626767 -0.08915347  0.          0.70809489 -0.16467342]
 [ 3.69827835  1.4400612   0.          0.          0.71959764 -0.15558551]
 [ 4.16502265 11.38461242  0.          0.         -0.33320228 -0.05792785]
 [-0.90905839 -5.4788074   0.          0.         -0.40852879  0.70493173]
 [-1.18409548 -5.38382701  0.          0.         -0.27657194 -0.19380547]
 [-1.04810425 -5.37985884  0.          0.          0.9190588  -0.11866912]]
[03/30/2022, 06:19:31] computing sampling shap 60:70 within 43.1048 sec, 4.3498 on average
[03/30/2022, 06:19:31] instances left: 187
[03/30/2022, 06:19:31] estimating time left: 0:13:33.412600

[[-1.17602687 -5.19617532  0.          0.          0.41798911 -0.22523053]
 [-0.87259088  4.68199739  0.          0.          1.02831729 -0.18225038]
 [-1.28645476 -4.92927777 -0.14641582  0.         -0.4644695   0.98636154]
 [-0.68869059  4.72405355 -0.08443953  0.         -0.33409161  0.12318091]
 [-1.24607224 -5.19073903  0.          0.          0.43691323 -0.12308537]
 [ 3.26323102  2.0183091   0.          0.         -1.32662627 -0.07706797]
 [-0.77301976 -5.72940563  0.          0.          0.51422047 -0.13477776]
 [-1.24227729 -5.10156808 -0.14229902  0.         -0.5611365   0.17140859]
 [-1.18860953 -5.19230288 -0.08519991  0.         -0.39308958  0.42140891]
 [-0.86296233  4.7759251   0.          0.          0.18929837 -0.0580012 ]]
[03/30/2022, 06:20:16] computing sampling shap 70:80 within 45.1094 sec, 4.37 on average
[03/30/2022, 06:20:16] instances left: 177
[03/30/2022, 06:20:16] estimating time left: 0:12:53.490000

[[-0.86135693  4.87854743  0.          0.          0.4425566  -0.1460048 ]
 [-1.12207309 -5.18227328 -0.08546745  0.          0.41117354 -0.20080339]
 [-1.2003886  -5.127662   -0.08687831  0.          0.06644279 -0.1653515 ]
 [-1.1689795  -5.25854753  0.          0.          0.9291315  -0.12917797]
 [ 5.03250148  0.87973965 -0.15668962  0.          0.48529095 -0.13963342]
 [-1.28499846 -4.9108501  -0.22281311  0.          0.44854442 -0.20932637]
 [ 4.21744104 11.322386    0.          0.          0.42358781 -0.21534831]
 [-1.17481984 -5.15331569 -0.0851103   0.         -1.30051426 -0.08645703]
 [-1.0889425  -5.2838127  -0.21173765  0.         -0.25066536 -0.10713547]
 [ 3.34085274  1.80716912  0.          0.          0.21744173 -0.03315931]]
[03/30/2022, 06:20:59] computing sampling shap 80:90 within 42.4015 sec, 4.3556 on average
[03/30/2022, 06:20:59] instances left: 167
[03/30/2022, 06:20:59] estimating time left: 0:12:07.385200

[[-0.74970913  4.85363531  0.          0.          0.50662564 -0.17032671]
 [-1.08280801 -5.21627737 -0.1406457   0.          0.12359384 -0.16156323]
 [-0.93845422 -5.34631454 -0.0835893   0.         -0.75212945  0.01663567]
 [-0.84477997 -5.46720832 -0.09462121  0.          0.37252878 -0.11361752]
 [-1.14564616 -5.25679495 -0.08298697  0.          0.51612336 -0.17839374]
 [-0.8451606   4.93385211  0.          0.          0.73804123 -0.10725004]
 [-0.85709977  4.82122275  0.          0.          0.42797113  0.2332142 ]
 [-0.58387     4.83629747  0.          0.         -0.40613893  0.0903837 ]
 [-0.97731935 -5.3880415   0.          0.         -0.94637523 -0.15154392]
 [-0.96610014 -5.41341391 -0.08179457  0.          0.92356483 -0.13399672]]
[03/30/2022, 06:21:43] computing sampling shap 90:100 within 44.1347 sec, 4.3614 on average
[03/30/2022, 06:21:43] instances left: 157
[03/30/2022, 06:21:43] estimating time left: 0:11:24.739800

[[-3.37241455e-01  1.47254603e+01  0.00000000e+00  0.00000000e+00
   5.41583070e-01 -2.46622036e-02]
 [-5.60123478e-01  4.81373931e+00 -1.45145813e-01  0.00000000e+00
  -8.71369988e-01 -7.15193219e-02]
 [-6.76884114e-01  4.65409915e+00  0.00000000e+00  0.00000000e+00
  -1.63077109e-01 -2.36811488e-01]
 [-5.91417634e-01  4.55616079e+00  0.00000000e+00  0.00000000e+00
   1.79628999e-01 -1.71511779e-01]
 [ 9.63438524e+00  7.80358926e+00  0.00000000e+00  0.00000000e+00
  -3.45260343e-01 -3.85514439e-02]
 [-8.06483373e-01 -5.22735088e+00 -4.20751419e-01  0.00000000e+00
   5.10432309e-02  5.29246899e-01]
 [-9.74981191e-01  5.07202238e+00 -1.37704761e-01  0.00000000e+00
   4.79363531e-01 -1.87433852e-01]
 [ 5.25941230e+00  7.51280090e-01 -8.93021869e-02  0.00000000e+00
  -5.07428276e-01 -1.37532512e-01]
 [-2.16344777e-01  1.47448401e+01  0.00000000e+00  0.00000000e+00
  -1.01934981e+00  4.06104851e-01]
 [-8.14115581e-01  4.92427913e+00  0.00000000e+00  0.00000000e+00
  -1.02834051e-03 -2.04071644e-01]]
[03/30/2022, 06:22:30] computing sampling shap 100:110 within 46.9864 sec, 4.3921 on average
[03/30/2022, 06:22:30] instances left: 147
[03/30/2022, 06:22:30] estimating time left: 0:10:45.638700

[[-1.00405851e+00 -5.47967274e+00  0.00000000e+00  0.00000000e+00
   1.53949449e-01 -2.09118700e-01]
 [-1.03867550e+00 -5.29286558e+00  0.00000000e+00  0.00000000e+00
   7.40586174e-01  2.67305988e-02]
 [ 5.05605383e+00  6.44563111e-01  0.00000000e+00  0.00000000e+00
   1.64419105e-01  2.76883843e-01]
 [-6.76866593e-01  4.67385224e+00  0.00000000e+00  0.00000000e+00
   4.48095737e-01  1.68234164e-01]
 [-1.25018559e+00 -5.01502273e+00 -8.67794237e-02  0.00000000e+00
  -2.64099668e-01 -2.65896966e-01]
 [ 3.55394725e+00  1.48065611e+00  0.00000000e+00  0.00000000e+00
  -1.30179790e+00 -1.11019218e-01]
 [-1.14785783e+00 -5.25446466e+00 -1.51059445e-01  0.00000000e+00
   1.01620878e+00 -1.57680854e-01]
 [-8.81915566e-01  4.81166519e+00  0.00000000e+00  0.00000000e+00
   5.13513118e-01 -8.37158926e-04]
 [ 5.53521695e+00  3.69212975e-01 -2.23133167e-01  0.00000000e+00
   7.11730699e-01 -1.18136100e-01]
 [-9.58243027e-01  4.92263913e+00  0.00000000e+00  0.00000000e+00
  -8.49220324e-01 -1.10961453e-01]]
[03/30/2022, 06:23:11] computing sampling shap 110:120 within 40.8932 sec, 4.3668 on average
[03/30/2022, 06:23:11] instances left: 137
[03/30/2022, 06:23:11] estimating time left: 0:09:58.251600

[[-0.73555112  4.69681395  0.          0.         -0.57214704  0.05239158]
 [-0.91289307 -5.43814216  0.          0.          0.38429161 -0.1562394 ]
 [-1.34938128 -5.07227065 -0.08255291  0.         -0.46887405 -0.25105733]
 [-0.75444723 -5.52586949 -0.21162927  0.         -0.15276315 -0.1503902 ]
 [-0.19133746 14.84589646 -0.08215469  0.          0.07643293 -0.21083396]
 [-0.22319853 14.66927236  0.          0.         -0.15258943 -0.22641867]
 [-1.11786738 -5.21124736 -0.08557089  0.          0.06627503 -0.22421616]
 [-1.15384432 -5.17160514 -0.14697273  0.          0.47851936  0.03154209]
 [-0.81561596 -5.33669606 -0.24343487  0.         -0.5607953   0.46429094]
 [-0.96568184 -5.34252485 -0.10769228  0.          0.04958268 -0.03046838]]
[03/30/2022, 06:23:58] computing sampling shap 120:130 within 47.6652 sec, 4.3976 on average
[03/30/2022, 06:23:58] instances left: 127
[03/30/2022, 06:23:58] estimating time left: 0:09:18.495200

[[ 9.54435339e+00  7.72685528e+00  0.00000000e+00  0.00000000e+00
  -8.20384498e-01  1.28304658e-01]
 [ 9.84156190e+00  7.55560479e+00 -6.42220694e-04  0.00000000e+00
  -4.39890965e-01  8.98846525e-02]
 [-1.01828827e+00 -5.39475847e+00 -8.55947292e-02  0.00000000e+00
   5.37656092e-01 -1.05747794e-01]
 [-1.12416822e+00 -5.20128157e+00  0.00000000e+00  0.00000000e+00
  -3.25958131e-01 -1.43691628e-01]
 [-1.98344975e-01  1.47635305e+01  0.00000000e+00  0.00000000e+00
  -1.34621373e-01 -7.18620897e-02]
 [-9.88662509e-01 -5.08092968e+00 -3.16689426e-01  0.00000000e+00
  -2.71560419e-01  7.68433707e-01]
 [-6.23736977e-01  4.74520132e+00 -8.32638518e-02  0.00000000e+00
   4.01478419e-01 -1.25936250e-01]
 [-1.00376623e+00 -5.33389932e+00 -8.25739333e-02  0.00000000e+00
   8.72007297e-01 -1.46621657e-01]
 [-1.25214190e+00 -5.19879597e+00  0.00000000e+00  0.00000000e+00
  -4.18182954e-01  3.99482862e-01]
 [-9.49666112e-01  5.02521349e+00  0.00000000e+00  0.00000000e+00
  -2.81053808e-01  5.96341645e-02]]
[03/30/2022, 06:24:42] computing sampling shap 130:140 within 43.54 sec, 4.3945 on average
[03/30/2022, 06:24:42] instances left: 117
[03/30/2022, 06:24:42] estimating time left: 0:08:34.156500

[[-1.24642457 -5.19321646  0.          0.          0.12591097  0.13024731]
 [-1.07203926 -4.96133811 -0.31874017  0.          0.83057083 -0.17330731]
 [-1.15750076 -5.17242741  0.          0.          0.36596833 -0.18373895]
 [-1.03670968 -5.43503143  0.          0.         -0.56873144  0.31826862]
 [-0.75861762  4.89634914 -0.07869672  0.         -0.69282185 -0.08824439]
 [-0.62980127  5.03006006 -0.14888737  0.         -1.43365269 -0.01210622]
 [-0.92068138 -5.19966527 -0.28795854  0.          0.85127052 -0.05114551]
 [ 3.36967615  1.86813006  0.          0.          0.35936496 -0.06058878]
 [-0.74776318  4.82621835 -0.08378673  0.         -0.60069693 -0.23068429]
 [-1.13165699 -5.11710011 -0.18106359  0.         -0.64285398 -0.24651745]]
[03/30/2022, 06:25:25] computing sampling shap 140:150 within 43.3223 sec, 4.3904 on average
[03/30/2022, 06:25:25] instances left: 107
[03/30/2022, 06:25:25] estimating time left: 0:07:49.772800

[[-9.19886791e-01 -5.38485349e+00 -1.69734363e-01  0.00000000e+00
   9.22226499e-01 -8.52219732e-02]
 [-7.60867016e-01  4.69971312e+00  0.00000000e+00  0.00000000e+00
  -4.54702249e-01  3.51152500e-01]
 [-3.61895934e-01  4.33462544e+00  0.00000000e+00  0.00000000e+00
  -5.86667822e-01  3.02186290e-01]
 [-1.26237358e+00 -5.16315564e+00  0.00000000e+00  0.00000000e+00
   4.31369521e-01  1.03260687e-01]
 [ 5.69758156e+00  1.08413958e+01 -3.22880217e-01  0.00000000e+00
  -3.99508915e-01  9.45910826e-02]
 [-4.51468785e-01  1.50914762e+01 -2.01481026e-05  0.00000000e+00
  -7.91074375e-01  8.57871700e-02]
 [-1.19446448e+00 -4.98366352e+00 -1.56980951e-01  0.00000000e+00
   3.59220439e-01  1.52399231e-01]
 [ 9.99401254e+00  7.29270196e+00  0.00000000e+00  0.00000000e+00
   1.86298824e-01 -4.48183316e-03]
 [-6.87775266e-01  4.78730435e+00 -8.02256135e-02  0.00000000e+00
   8.03987323e-01 -1.67817481e-01]
 [ 5.55107749e+00  1.05698519e+01  0.00000000e+00  0.00000000e+00
  -9.76473040e-02  2.56589788e-01]]
[03/30/2022, 06:26:09] computing sampling shap 150:160 within 43.1848 sec, 4.3859 on average
[03/30/2022, 06:26:09] instances left: 97
[03/30/2022, 06:26:09] estimating time left: 0:07:05.432300

[[-1.17572412e+00 -5.22337822e+00  0.00000000e+00  0.00000000e+00
   9.22736384e-01 -1.61104261e-01]
 [-1.40510387e+00 -4.94533003e+00  0.00000000e+00  0.00000000e+00
  -3.70998771e-02 -1.26303132e-01]
 [-7.95155318e-01  4.80956227e+00  0.00000000e+00  0.00000000e+00
  -3.54977878e-01 -2.85743875e-02]
 [-1.19562892e+00 -5.18787109e+00 -2.28007067e-01  0.00000000e+00
  -9.18855202e-01 -1.16800710e-01]
 [-6.69620852e-01 -5.62538241e+00 -8.07011827e-02  0.00000000e+00
   8.36243725e-01 -6.87191318e-02]
 [-3.16419851e-01  1.49734171e+01 -8.40182205e-02  0.00000000e+00
  -5.33619528e-01 -1.52942581e-01]
 [-9.99206454e-01 -5.27965108e+00  0.00000000e+00  0.00000000e+00
   7.69212259e-01 -1.85208812e-01]
 [ 5.03180431e+00  7.62058068e-01  0.00000000e+00  0.00000000e+00
   1.84667643e-01  1.40350004e-02]
 [-9.56714734e-01 -5.52298416e+00 -8.42234196e-02  0.00000000e+00
  -9.56119035e-02  4.19829424e-02]
 [-1.12898098e+00 -5.03620238e+00 -2.04562681e-01  0.00000000e+00
  -4.22642071e-01 -9.80557090e-02]]
[03/30/2022, 06:26:53] computing sampling shap 160:170 within 44.934 sec, 4.3922 on average
[03/30/2022, 06:26:53] instances left: 87
[03/30/2022, 06:26:53] estimating time left: 0:06:22.121400

[[-0.99981938 -5.26463773 -0.20500965  0.         -0.45250379  0.04057782]
 [-1.10449085 -5.15039027 -0.16473882  0.         -0.46379438  0.41377591]
 [-0.76594696 -5.43022034 -0.2671468   0.          0.08003915 -0.05646626]
 [-1.16351996 -5.18450588  0.          0.          0.39589991 -0.1955728 ]
 [-1.16214142 -5.21212083 -0.16694482  0.          0.1951574  -0.13165072]
 [-1.13743233 -5.12363557 -0.14810222  0.         -0.60614995 -0.06996462]
 [-0.68025572  4.5508009   0.          0.         -0.46615415  0.44032599]
 [-1.2049731  -5.21964797  0.          0.          0.03215804 -0.1464378 ]
 [-0.61941526  4.67998414 -0.08193791  0.          0.87682476 -0.19998202]
 [-0.81194172  4.77509062  0.          0.          0.48110673  0.00796623]]
[03/30/2022, 06:27:34] computing sampling shap 170:180 within 40.8492 sec, 4.3752 on average
[03/30/2022, 06:27:34] instances left: 77
[03/30/2022, 06:27:34] estimating time left: 0:05:36.890400

[[ 3.71116905  1.47921336  0.          0.         -1.09901602 -0.16804211]
 [-1.35272427 -4.91049102 -0.15056836  0.         -0.70991871 -0.19549029]
 [-1.20002267 -5.21632975 -0.16218788  0.         -0.55657182 -0.15443619]
 [-1.24508437 -5.195321    0.          0.          0.14384435  0.29581234]
 [ 5.70525036 10.47592509  0.          0.         -0.40438578 -0.05287308]
 [-1.09155514  5.08030728  0.          0.          0.1339534  -0.1498452 ]
 [-1.11666237 -5.42893137  0.          0.          0.17876181 -0.17206889]
 [-1.14969935 -5.16706529 -0.08554698  0.          0.43249025 -0.1059726 ]
 [-1.27985361 -5.11802033 -0.08520101  0.          0.9601457  -0.17192452]
 [ 3.83886508 11.62314176  0.          0.          0.6677615  -0.18008296]]
[03/30/2022, 06:28:17] computing sampling shap 180:190 within 43.0613 sec, 4.3715 on average
[03/30/2022, 06:28:17] instances left: 67
[03/30/2022, 06:28:17] estimating time left: 0:04:52.890500

[[-6.27823035e-01  4.63081612e+00  0.00000000e+00  0.00000000e+00
   8.37000480e-01 -1.84519804e-01]
 [-6.98982972e-01 -5.75792144e+00  0.00000000e+00  0.00000000e+00
  -2.68798954e-01 -6.93956231e-02]
 [-8.43533475e-01  4.86409544e+00  0.00000000e+00  0.00000000e+00
   1.02313633e-01 -1.50015086e-01]
 [-7.49707434e-01  4.97799314e+00 -7.26913977e-04  0.00000000e+00
  -5.91157406e-01 -2.37938075e-01]
 [-5.57551207e-01  4.48940324e+00  0.00000000e+00  0.00000000e+00
  -3.10176367e-01  9.22119090e-02]
 [-1.21571527e+00 -5.02720657e+00 -7.99341197e-02  0.00000000e+00
  -6.82227853e-01 -8.02005765e-02]
 [-1.12508734e+00 -4.96636018e+00 -2.87589118e-01  0.00000000e+00
  -5.71700264e-01  2.43729943e-01]
 [-9.84377657e-01 -5.31184787e+00 -1.15174935e-01  0.00000000e+00
   1.05578814e-01 -2.66805018e-01]
 [-2.31855111e-01  1.47309832e+01  0.00000000e+00  0.00000000e+00
  -5.00331923e-01 -1.85024972e-01]
 [-1.02029198e+00 -5.42139642e+00 -7.80176229e-02  0.00000000e+00
  -6.04360701e-01 -1.97843336e-01]]
[03/30/2022, 06:28:59] computing sampling shap 190:200 within 41.6394 sec, 4.3612 on average
[03/30/2022, 06:28:59] instances left: 57
[03/30/2022, 06:28:59] estimating time left: 0:04:08.588400

[[-9.15489624e-01 -5.47084325e+00 -8.72766620e-02  0.00000000e+00
   4.71805255e-01 -1.77639020e-01]
 [ 5.13311195e+00  7.40552187e-01 -8.92498106e-02  0.00000000e+00
   2.15402098e-01 -6.39147304e-02]
 [ 3.55654881e+00  1.78778384e+00 -2.01481131e-05  0.00000000e+00
  -7.10286280e-01 -1.28615871e-01]
 [-6.53639989e-01  4.69573431e+00  0.00000000e+00  0.00000000e+00
  -3.68330692e-01  3.99035118e-01]
 [-1.24593720e+00 -5.10724219e+00 -8.29008752e-02  0.00000000e+00
   4.44009838e-01 -6.09582033e-02]
 [-1.08103028e+00 -5.16148331e+00 -2.37255318e-01  0.00000000e+00
  -6.55830672e-01 -1.83592685e-01]
 [-9.88420434e-01 -5.38717515e+00 -8.43229377e-02  0.00000000e+00
   9.27836593e-01 -1.62771741e-01]
 [-5.99361527e-01  4.76072705e+00  0.00000000e+00  0.00000000e+00
  -1.03929988e-01 -6.59546659e-02]
 [-6.16923044e-01 -5.76391544e+00 -1.02123748e-01  0.00000000e+00
   1.38480084e-01 -1.69354297e-01]
 [-7.69178623e-01  4.70995314e+00 -8.04270254e-02  0.00000000e+00
  -5.15887263e-01 -4.18137353e-02]]
[03/30/2022, 06:29:43] computing sampling shap 200:210 within 43.8679 sec, 4.3624 on average
[03/30/2022, 06:29:43] instances left: 47
[03/30/2022, 06:29:43] estimating time left: 0:03:25.032800

[[-0.31956316 14.95025763 -0.13910382  0.          0.73924847 -0.09171704]
 [ 3.51725991  1.66548664  0.          0.         -0.53816097  0.29044007]
 [-0.88667894  4.88024031  0.          0.          0.82538639 -0.05921081]
 [-0.9252352  -5.36709806 -0.08051566  0.          0.87764254 -0.19964737]
 [ 5.66104702 10.31681504 -0.08645173  0.         -1.06091113  0.18157226]
 [-1.17910695 -5.22075121  0.          0.          0.84525277 -0.14024846]
 [-0.9768848  -5.49363116  0.          0.         -0.11127015  0.38156994]
 [-0.89147203  4.93330661 -0.08154757  0.         -0.35973809 -0.25883695]
 [-1.24598151 -5.15467209 -0.08117732  0.         -0.35032855  0.6204157 ]
 [-1.18850199 -5.20856135  0.          0.          0.03053755  0.03729497]]
[03/30/2022, 06:30:26] computing sampling shap 210:220 within 42.7124 sec, 4.3583 on average
[03/30/2022, 06:30:26] instances left: 37
[03/30/2022, 06:30:26] estimating time left: 0:02:41.257100

[[-7.21637335e-01  4.70343488e+00  0.00000000e+00  0.00000000e+00
   4.76066566e-01 -1.44121374e-01]
 [ 9.92863314e+00  7.44645312e+00  0.00000000e+00  0.00000000e+00
  -4.81857689e-01  3.14852179e-03]
 [-1.06722652e+00 -5.25767644e+00  0.00000000e+00  0.00000000e+00
   8.30773912e-01 -1.77611572e-01]
 [-9.53226199e-01 -5.40297381e+00 -1.69367492e-01  0.00000000e+00
  -5.55937320e-01 -3.90352481e-02]
 [-8.03676956e-01  4.92809164e+00 -1.11123007e-01  0.00000000e+00
  -6.71214475e-01 -1.58899216e-01]
 [-8.17908528e-01 -5.30841817e+00 -3.55773212e-01  0.00000000e+00
  -1.83260532e-01 -9.08092510e-02]
 [-1.09114589e+00 -5.13918330e+00 -1.38675734e-01  0.00000000e+00
   8.51363258e-01 -1.77212192e-01]
 [-1.29378273e+00 -5.09530121e+00  0.00000000e+00  0.00000000e+00
  -3.01436588e-01  3.83619012e-01]
 [-4.33788690e-01  4.44565745e+00  0.00000000e+00  0.00000000e+00
   9.98127122e-02  9.02105596e-02]
 [-1.03723744e+00 -5.14900113e+00 -3.16246587e-01  0.00000000e+00
  -5.60475601e-01 -2.57472458e-01]]
[03/30/2022, 06:31:10] computing sampling shap 220:230 within 43.9856 sec, 4.36 on average
[03/30/2022, 06:31:10] instances left: 27
[03/30/2022, 06:31:10] estimating time left: 0:01:57.720000

[[-0.56695231  4.596222    0.          0.         -0.93671758 -0.19825625]
 [-0.44836531 15.05408132 -0.08371847  0.         -0.20395607  0.17663566]
 [-1.11357554 -5.24991008 -0.08426977  0.          0.09237683 -0.08436186]
 [-0.68733524 -5.66713821 -0.08160566  0.          0.1244303   0.20527301]
 [-1.14207392 -5.13653929 -0.15007275  0.          0.46165534 -0.11487666]
 [-0.97008024 -5.16808338 -0.22060965  0.          0.81378652 -0.14986747]
 [-1.13228319 -5.19380467 -0.14678355  0.          0.12737515 -0.22713053]
 [-1.13258342 -5.02932216 -0.20911996  0.          0.87311685 -0.17383177]
 [-1.19313526 -5.0367332  -0.16415688  0.          0.85172309 -0.12943835]
 [ 5.47400257  0.65643885 -0.2564634   0.         -0.31458588 -0.09805415]]
[03/30/2022, 06:31:54] computing sampling shap 230:240 within 43.9707 sec, 4.3616 on average
[03/30/2022, 06:31:54] instances left: 17
[03/30/2022, 06:31:54] estimating time left: 0:01:14.147200

[[-1.17593118 -5.26867711  0.          0.         -0.68302171 -0.20679098]
 [ 5.68095143 10.67870242 -0.2191951   0.          0.63332323 -0.18907636]
 [ 5.10548554  0.71370654 -0.15636885  0.          0.72088939 -0.09089206]
 [-0.7067685  -5.35343295 -0.32024282  0.          0.88913825 -0.20354778]
 [-1.21236276 -5.22397213  0.          0.          0.92857153 -0.1870906 ]
 [-1.22954387 -4.92302614 -0.21052337  0.         -0.95692273  0.64283387]
 [-1.33013289 -5.12500566 -0.08297738  0.         -0.29343841 -0.18660358]
 [ 9.83119385  7.51602175  0.          0.         -1.11141586 -0.15086601]
 [-0.99620919  5.00642025  0.          0.         -0.45994071 -0.11839256]
 [-1.19535837 -4.92571585 -0.23692415  0.         -1.04615776  0.1387325 ]]
[03/30/2022, 06:32:42] computing sampling shap 240:250 within 48.6163 sec, 4.3816 on average
[03/30/2022, 06:32:42] instances left: 7
[03/30/2022, 06:32:42] estimating time left: 0:00:30.671200

[[-1.14109213 -5.16161593 -0.08383111  0.         -0.40385032 -0.02930069]
 [-1.32692613 -4.7525924  -0.31624867  0.         -0.68401234 -0.11658553]
 [-0.97967722 -5.28368256 -0.16921221  0.         -0.64626556 -0.15784202]
 [-0.5728988   4.6531933   0.          0.         -0.73326291 -0.11623782]
 [-1.27057018 -4.82361734 -0.22199147  0.          0.79276909 -0.14833078]
 [-1.10969456 -5.23912655 -0.14412688  0.         -0.54566538 -0.19636451]
 [-0.90737143 -5.52518449 -0.08292858  0.         -0.16371508 -0.20278441]
 [-1.32098142 -5.06196965 -0.08507402  0.          0.93233505 -0.15916425]
 [-1.1449387  -5.32643849  0.          0.         -0.16313127 -0.24747567]
 [-0.75504984  4.6780622   0.          0.         -0.31080611  0.04784292]]
[03/30/2022, 06:32:42] finish computing sampling shap for range: [1, 8] within 1095.405158 sec
