Child #[15, 15]: psutil.Process(pid=4720, name='python', status='running', started='03:30:25'), affinity [15]
Child #[15, 15]: Set my affinity to [15, 15], affinity now [15]

[03/30/2022, 06:03:53] start computing sampling shap for range: [8, 8]
[03/30/2022, 06:04:35] computing sampling shap 1799:1809 within 42.7207 sec, 4.2721 on average
[03/30/2022, 06:04:35] instances left: 246
[03/30/2022, 06:04:35] estimating time left: 0:17:30.936600

[[ 3.39023448  1.58035038  0.          0.          0.86157995 -0.1591688 ]
 [-0.69206246  4.92878086 -0.08270435  0.          0.4190459   0.03395979]
 [-0.44997646  4.53911808 -0.08182957  0.          0.41719254 -0.11076149]
 [-0.42226021  5.01737315 -0.31039377  0.         -0.67271591 -0.1365403 ]
 [-1.35036759 -5.06950054  0.          0.          0.0367851  -0.18954344]
 [-1.06024992 -5.24918372 -0.08172544  0.          0.77821324  0.08930397]
 [-0.4986094   4.67091718 -0.14581817  0.         -0.63666464  0.0756394 ]
 [ 9.64947513  7.49680301  0.          0.         -0.47538436  0.38193075]
 [ 4.91486482  0.727313    0.          0.         -0.32935567  0.37502621]
 [-0.72653039  4.88631119 -0.14875063  0.         -0.41044876 -0.25886971]]
[03/30/2022, 06:05:19] computing sampling shap 1809:1819 within 43.2818 sec, 4.3002 on average
[03/30/2022, 06:05:19] instances left: 236
[03/30/2022, 06:05:19] estimating time left: 0:16:54.847200

[[-6.59154224e-01  4.66311418e+00  0.00000000e+00  0.00000000e+00
  -2.14534856e-01  5.60195048e-02]
 [ 3.90928058e+00  1.39032002e+00 -8.75478930e-02  0.00000000e+00
   1.88096101e-01 -7.54175290e-02]
 [-6.40937626e-01  4.61172470e+00  0.00000000e+00  0.00000000e+00
  -1.26551887e+00 -9.94798028e-02]
 [-1.25819332e+00 -4.92677235e+00 -2.31288816e-01  0.00000000e+00
   7.01807076e-02 -2.26552772e-01]
 [-7.87781680e-01  4.77422258e+00  0.00000000e+00  0.00000000e+00
   1.44658245e-01 -1.31487346e-02]
 [-1.28585925e+00 -5.19219043e+00  0.00000000e+00  0.00000000e+00
   9.32154582e-01 -1.48958345e-01]
 [-1.13891380e+00 -5.32696515e+00 -2.01480957e-05  0.00000000e+00
   4.36779818e-01 -3.76140316e-02]
 [-9.15399376e-01 -5.46528403e+00 -8.37489864e-02  0.00000000e+00
  -9.99544002e-01  5.36333706e-02]
 [-2.07877752e-01  4.55441535e+00 -1.72966117e-01  0.00000000e+00
   1.50290910e-01 -1.31100895e-01]
 [-1.19796943e+00 -4.98236043e+00 -1.87278356e-01  0.00000000e+00
   8.23626161e-01 -1.50872216e-01]]
[03/30/2022, 06:06:01] computing sampling shap 1819:1829 within 41.925 sec, 4.2644 on average
[03/30/2022, 06:06:01] instances left: 226
[03/30/2022, 06:06:01] estimating time left: 0:16:03.754400

[[-1.26464819e+00 -5.17480594e+00 -2.72848289e-04  0.00000000e+00
  -4.13023581e-01  3.30605282e-02]
 [-9.96853781e-01 -5.53783129e+00  0.00000000e+00  0.00000000e+00
  -4.96486428e-01  1.83445719e-01]
 [-1.27678573e+00 -5.22258221e+00  0.00000000e+00  0.00000000e+00
   9.04474466e-01  3.06696861e-02]
 [-8.67928756e-01  4.77842591e+00  0.00000000e+00  0.00000000e+00
   9.08584155e-01 -8.97016625e-02]
 [-1.05865361e+00 -5.09552264e+00 -2.25351279e-01  0.00000000e+00
   8.73783595e-01 -1.65996813e-01]
 [-7.44735678e-01  4.86216914e+00 -8.00437929e-02  0.00000000e+00
  -2.67550026e-01 -1.26381543e-01]
 [-1.27890351e+00 -5.06414091e+00  0.00000000e+00  0.00000000e+00
  -2.70487304e-01 -9.91586207e-02]
 [-7.80173952e-01  4.73819541e+00  0.00000000e+00  0.00000000e+00
  -1.55657331e-01  4.17293396e-01]
 [ 3.63556183e+00  1.52599396e+00  0.00000000e+00  0.00000000e+00
   4.41685412e-01 -8.10387223e-02]
 [-7.92075906e-01  4.98224207e+00  0.00000000e+00  0.00000000e+00
   4.52927301e-01 -9.83742529e-02]]
[03/30/2022, 06:06:43] computing sampling shap 1829:1839 within 42.3209 sec, 4.2564 on average
[03/30/2022, 06:06:43] instances left: 216
[03/30/2022, 06:06:43] estimating time left: 0:15:19.382400

[[-8.88566876e-01 -5.41072474e+00 -1.06687635e-01  0.00000000e+00
   5.30635762e-02  4.78619939e-01]
 [-9.98707545e-01 -5.52232238e+00  0.00000000e+00  0.00000000e+00
  -5.79964737e-01 -2.27378691e-02]
 [ 5.11272831e+00  1.09410941e+01 -8.54816096e-02  0.00000000e+00
   7.27162238e-01 -1.58744177e-01]
 [-9.80629938e-01 -5.28371377e+00 -1.65812706e-01  0.00000000e+00
  -3.75322046e-01 -2.93838070e-01]
 [-9.51770861e-01 -5.35647833e+00 -8.55694129e-02  0.00000000e+00
   8.94337803e-01 -1.95373229e-01]
 [-1.41287637e+00 -5.02582249e+00  0.00000000e+00  0.00000000e+00
  -2.25159774e-01  7.87917883e-03]
 [-9.06861325e-01  4.91058417e+00 -8.44994393e-02  0.00000000e+00
  -9.46121557e-02  1.10625531e-01]
 [-1.27372851e+00 -4.95735162e+00 -2.12962266e-01  0.00000000e+00
   9.76433632e-02  3.99414099e-01]
 [-9.25324078e-01 -5.39291842e+00 -1.37412852e-01  0.00000000e+00
  -3.56830027e-01  6.21642322e-01]
 [-1.35414539e+00 -5.16866881e+00 -1.46184463e-01  0.00000000e+00
   3.09364356e-01 -1.79266840e-01]]
[03/30/2022, 06:07:25] computing sampling shap 1839:1849 within 42.0775 sec, 4.2467 on average
[03/30/2022, 06:07:25] instances left: 206
[03/30/2022, 06:07:25] estimating time left: 0:14:34.820200

[[10.52663324  5.51408324 -0.07904752  0.          0.7067817  -0.17100325]
 [-1.24162501 -4.90285166 -0.20008664  0.         -0.7432695  -0.17391042]
 [-0.63895018  4.6982361   0.          0.         -0.64628862 -0.21344877]
 [-1.26356361 -5.2102374   0.          0.         -0.16039037  0.6472702 ]
 [ 3.66019017  1.70462709 -0.08654699  0.         -0.51596865 -0.05919501]
 [-1.28157149 -5.06469112  0.          0.          0.82869112 -0.11989855]
 [-0.99435418  4.85858536  0.          0.         -0.83533608  0.41560326]
 [-0.87869069 -5.44439309 -0.14474284  0.         -0.13229068  0.10125555]
 [-0.58656114  4.60874201  0.          0.          0.65565821  0.17301016]
 [-1.27385098 -4.96760212 -0.22795799  0.          0.10203618  0.10881084]]
[03/30/2022, 06:08:06] computing sampling shap 1849:1859 within 41.2347 sec, 4.2262 on average
[03/30/2022, 06:08:06] instances left: 196
[03/30/2022, 06:08:06] estimating time left: 0:13:48.335200

[[-2.48321825e-01  1.49531488e+01 -2.01481146e-05  0.00000000e+00
  -1.14255768e+00  5.22086963e-01]
 [-1.05133923e+00 -5.13400361e+00 -2.28483791e-01  0.00000000e+00
   4.17134670e-01 -1.82751284e-01]
 [-1.24220029e+00 -5.11277209e+00  0.00000000e+00  0.00000000e+00
  -1.09377232e+00  6.57976544e-01]
 [-1.07386394e+00 -5.23855798e+00 -1.17399225e-01  0.00000000e+00
   4.18236118e-01 -1.67858512e-01]
 [-1.39255574e+00 -4.73957979e+00 -2.15012646e-01  0.00000000e+00
  -2.51225402e-01 -2.38849662e-01]
 [-6.34497603e-01  4.63121137e+00 -8.13909095e-02  0.00000000e+00
   8.78591284e-01 -1.38440647e-01]
 [-1.26548964e+00 -5.07235930e+00 -1.77851771e-01  0.00000000e+00
  -3.30977809e-01 -1.71479028e-01]
 [-1.11569318e+00 -5.36867636e+00 -8.44911993e-02  0.00000000e+00
   5.38008715e-01 -9.21308953e-02]
 [-8.11902011e-01 -5.38737189e+00 -2.47288692e-01  0.00000000e+00
   5.32321431e-01 -2.08742001e-01]
 [-2.47557547e-01  1.47816219e+01  0.00000000e+00  0.00000000e+00
  -5.23267057e-01 -2.83776561e-01]]
[03/30/2022, 06:08:48] computing sampling shap 1859:1869 within 42.259 sec, 4.2262 on average
[03/30/2022, 06:08:48] instances left: 186
[03/30/2022, 06:08:48] estimating time left: 0:13:06.073200

[[-1.22874082 -5.21762148  0.          0.         -0.63044008 -0.01765435]
 [-0.37755344 14.89297929  0.          0.         -0.2275341   0.41549818]
 [-0.72519009  4.78039041  0.          0.          0.07724875  0.29559641]
 [ 3.79442568  1.53165816  0.          0.         -0.17592641 -0.09749504]
 [-0.87350468 -5.55116555 -0.08313948  0.          0.50584509 -0.17747865]
 [-1.2875692  -5.03726432 -0.08716415  0.         -0.72500513 -0.12405568]
 [-1.16175002 -5.40751881  0.          0.         -0.4503833  -0.13539888]
 [-0.34254864 14.87326115  0.          0.          0.45657775 -0.17019622]
 [-1.18324537 -5.25411618  0.          0.         -0.31576454  0.76285697]
 [-1.29161553 -4.97431408 -0.15927638  0.         -0.21138402 -0.07741088]]
[03/30/2022, 06:09:32] computing sampling shap 1869:1879 within 43.3219 sec, 4.2395 on average
[03/30/2022, 06:09:32] instances left: 176
[03/30/2022, 06:09:32] estimating time left: 0:12:26.152000

[[-1.04614594 -5.20307119 -0.08062461  0.          0.80457802 -0.11220636]
 [-1.11213956 -5.21677196 -0.20275328  0.         -0.52135618 -0.03516996]
 [-1.20972248 -5.2875203   0.          0.         -0.19782363 -0.0176239 ]
 [-1.13665949 -5.05677867 -0.18761908  0.          0.03015272 -0.09014691]
 [-0.8044512   4.83241859  0.          0.         -0.25000609 -0.15288248]
 [-0.95199873  4.8786362   0.          0.          0.86206235 -0.04363727]
 [-0.96502825 -5.37894005  0.          0.          0.79941326 -0.04567371]
 [-0.96919382 -5.41667652 -0.22402879  0.         -0.5279177  -0.18533445]
 [-0.51042523  4.82311691 -0.18470043  0.         -0.74302094  0.67998073]
 [-0.71831274  4.65520344  0.          0.          0.84829787 -0.10058552]]
[03/30/2022, 06:10:14] computing sampling shap 1879:1889 within 41.9333 sec, 4.2344 on average
[03/30/2022, 06:10:14] instances left: 166
[03/30/2022, 06:10:14] estimating time left: 0:11:42.910400

[[-0.95352093  4.91914046  0.          0.         -0.97218174 -0.10084306]
 [-1.18918195 -5.06580125 -0.21038376  0.          0.48910576 -0.09953247]
 [-1.18106392 -5.01031847 -0.17481562  0.          0.83059377 -0.13613667]
 [-0.61282275  1.60342471  2.92461571  0.          0.21506455 -0.1232813 ]
 [-1.35949718 -5.06762198 -0.08310888  0.          0.09947494 -0.10308396]
 [-1.17298618 -5.24043666  0.          0.          0.44538475  0.07713901]
 [-1.30315864 -4.76648877 -0.21799146  0.         -1.2632259   0.63675311]
 [-0.64221959  4.71740589 -0.08105926  0.          0.81204561 -0.1506991 ]
 [-0.66161085  4.6875295  -0.10623335  0.         -0.4881491   0.8322848 ]
 [-0.81488016  4.93606362 -0.13766817  0.         -0.99632875 -0.19972053]]
[03/30/2022, 06:10:55] computing sampling shap 1889:1899 within 40.9811 sec, 4.2208 on average
[03/30/2022, 06:10:55] instances left: 156
[03/30/2022, 06:10:55] estimating time left: 0:10:58.444800

[[ 4.99421429  0.91375618 -0.23602154  0.          0.68804284 -0.13134346]
 [-1.19586608 -5.34563505  0.          0.         -0.15260812 -0.01989141]
 [-0.93543515 -5.15774301 -0.36078575  0.          0.91359    -0.15448009]
 [-1.11045261 -5.34465749  0.          0.         -0.64338938  0.23931197]
 [-1.2818317  -5.12045468 -0.14488435  0.         -0.32171925 -0.23042655]
 [-0.56372652  4.60948605 -0.08280004  0.          0.83162461 -0.030367  ]
 [-0.76422102  4.68122859  0.          0.          0.19918299 -0.21112663]
 [-1.17110953 -5.21789081  0.          0.          0.0657114   0.21691317]
 [-1.10828457 -5.15481788 -0.2711523   0.         -0.35407198 -0.12983086]
 [-0.35039646 14.83872148  0.          0.         -1.05675255 -0.18910319]]
[03/30/2022, 06:11:38] computing sampling shap 1899:1909 within 43.8052 sec, 4.2353 on average
[03/30/2022, 06:11:38] instances left: 146
[03/30/2022, 06:11:38] estimating time left: 0:10:18.353800

[[-1.1138244  -5.15587276 -0.08492734  0.         -0.78159483 -0.12302518]
 [-0.44027648  4.4399712   0.          0.         -0.56847201  0.26658808]
 [ 5.20531367  0.65031503 -0.08926836  0.          0.45616294 -0.13196831]
 [-0.79588102 -5.47374    -0.14132771  0.          0.37179605  0.43578391]
 [-1.44077795 -5.0409173   0.          0.          0.4914955  -0.08559398]
 [-0.87365806 -5.5217164   0.          0.         -1.04074538 -0.1523703 ]
 [ 5.43967798  0.42307435 -0.08785723  0.          0.44613442 -0.06162879]
 [-0.36331648 14.97081979 -0.112595    0.         -0.5191634  -0.24260181]
 [ 3.42810496  1.68311757  0.          0.         -1.06261936 -0.14861152]
 [-1.0470234  -5.29743991 -0.08526284  0.         -0.6263843   0.24392822]]
[03/30/2022, 06:12:20] computing sampling shap 1909:1919 within 41.8014 sec, 4.2307 on average
[03/30/2022, 06:12:20] instances left: 136
[03/30/2022, 06:12:20] estimating time left: 0:09:35.375200

[[ 9.93649052 -4.09026248 -0.18296177  0.         -1.42668128 -0.04426913]
 [-0.32239503 14.81460534  0.          0.          0.7352393  -0.15626092]
 [-0.82340492 -5.26478465 -0.16912785  0.          0.76509688 -0.20263344]
 [-0.22214318 14.84819015  0.          0.          0.62731314 -0.11673043]
 [-1.23710759 -5.01613083 -0.29996094  0.          0.1666935  -0.18612068]
 [-1.27651287 -4.91643878 -0.2600674   0.          0.91431014 -0.13303189]
 [-0.92384277 -5.40796243  0.          0.         -0.47756257 -0.24347835]
 [-1.17532946 -5.03209694 -0.23472102  0.          0.14293785  0.33324478]
 [-1.02298259 -5.20079462 -0.16065136  0.          0.83111876 -0.14154421]
 [-0.99885654 -5.18969811 -0.27445699  0.          0.96452659 -0.12908858]]
[03/30/2022, 06:13:02] computing sampling shap 1919:1929 within 41.5401 sec, 4.2248 on average
[03/30/2022, 06:13:02] instances left: 126
[03/30/2022, 06:13:02] estimating time left: 0:08:52.324800

[[-0.92094431 -5.46288359  0.          0.         -1.10554768  0.79598186]
 [-0.34350215 14.94394492 -0.07998133  0.         -0.26167965 -0.12490433]
 [-1.27805736 -4.87935759 -0.21927327  0.          0.4202629  -0.11030774]
 [-0.48033761  4.39793181  0.          0.         -0.52620321  0.18215428]
 [-0.74587524  4.76242363  0.          0.          0.42837784 -0.06632601]
 [-1.23913314 -4.92544313 -0.20992038  0.         -1.0543583  -0.17093045]
 [-1.09945126 -5.30765459  0.          0.         -0.70742818 -0.16374473]
 [-0.48341071  4.5266888  -0.08236967  0.          0.14298096  0.09352299]
 [-0.75663299  4.86187928 -0.08285693  0.          0.79982683 -0.13761347]
 [-0.94730033 -5.13439325 -0.25327902  0.          0.80424283 -0.16412431]]
[03/30/2022, 06:13:43] computing sampling shap 1929:1939 within 40.9334 sec, 4.2155 on average
[03/30/2022, 06:13:43] instances left: 116
[03/30/2022, 06:13:43] estimating time left: 0:08:08.998000

[[-1.22829823 -5.10791643  0.          0.         -0.25738816 -0.08569913]
 [-1.15897029 -5.02618445 -0.16698329  0.          0.82800122 -0.14760382]
 [-1.11361166 -5.1565966  -0.14902581  0.          0.91604021 -0.1916601 ]
 [-1.18252051 -5.07624463 -0.16102628  0.          0.90563374 -0.18069624]
 [-0.91225416  4.98698752 -0.08144793  0.         -0.84495578  0.24044532]
 [-1.07837085 -5.34048542 -0.08568369  0.         -0.18403925 -0.19340474]
 [-0.87955772  4.88848687  0.          0.          0.39074921  0.19526584]
 [-1.03382798 -5.40495117  0.          0.          0.08303247 -0.04103773]
 [-0.90494464  4.91135199  0.          0.          0.81357083 -0.16450505]
 [-1.02590851 -5.17216159 -0.15618936  0.          0.40797803 -0.13562598]]
[03/30/2022, 06:14:23] computing sampling shap 1939:1949 within 40.704 sec, 4.2058 on average
[03/30/2022, 06:14:23] instances left: 106
[03/30/2022, 06:14:23] estimating time left: 0:07:25.814800

[[ 5.21039687  0.7052796  -0.18159692  0.          0.45968729 -0.05254302]
 [-0.93816019 -5.20191047 -0.318233    0.          0.9333444  -0.16989473]
 [-0.91158318  5.2742644  -0.13629465  0.         -1.35867848 -0.23178484]
 [-0.93454754 -5.46734864 -0.0844287   0.          0.13843899  0.33620261]
 [-1.19575065 -5.15268809  0.          0.         -0.64480442 -0.29053359]
 [-1.07977264 -5.30019288  0.          0.          0.41350451 -0.21298234]
 [-1.01821067 -5.27149119 -0.14561996  0.         -0.16794371  0.47183299]
 [-1.01692528 -5.22533173 -0.14448657  0.         -0.18587284  0.37239996]
 [-1.25064058 -5.12345764  0.          0.          0.83268266 -0.15343853]
 [-1.16767547 -5.29647027 -0.08562094  0.         -0.25635363 -0.23217955]]
[03/30/2022, 06:15:06] computing sampling shap 1949:1959 within 42.4924 sec, 4.2085 on average
[03/30/2022, 06:15:06] instances left: 96
[03/30/2022, 06:15:06] estimating time left: 0:06:44.016000

[[-0.35880695 14.71544227  0.          0.          0.82838553 -0.16593701]
 [ 3.65323562  1.54560781  0.          0.          0.20629823 -0.1768451 ]
 [-0.97755403 -5.11867045 -0.40358291  0.          0.92776278 -0.09969595]
 [-0.33325516 14.82139216  0.          0.          0.79218406 -0.20913219]
 [-1.24315009 -5.13623631  0.          0.         -1.22379368 -0.0883875 ]
 [-1.26180423 -5.23631705 -0.1401613   0.         -0.35828485  0.1300968 ]
 [-1.06356337 -5.46756215  0.          0.          1.00311385 -0.16684231]
 [-1.17650428 -5.06573626 -0.2216267   0.          0.90314803 -0.13413463]
 [-0.45853507  4.50211869 -0.08031212  0.         -0.48653472  0.8031479 ]
 [-1.08117204 -5.27054826 -0.16462589  0.         -0.30189647  0.07588457]]
[03/30/2022, 06:15:49] computing sampling shap 1959:1969 within 43.0119 sec, 4.214 on average
[03/30/2022, 06:15:49] instances left: 86
[03/30/2022, 06:15:49] estimating time left: 0:06:02.404000

[[-1.14089824 -5.0788472  -0.16662955  0.         -0.47729247  0.65972512]
 [-0.56434642  4.619239    0.          0.         -1.45686903 -0.24992189]
 [-1.1287685  -5.20534511  0.          0.         -0.5653132   0.38651642]
 [-1.05466005 -5.17062189 -0.22313173  0.          0.81491158  0.13127508]
 [ 5.03234797  0.82066644 -0.16740985  0.         -1.27104231 -0.08670397]
 [-0.30411334 14.84616164  0.          0.         -0.4354718   0.16189668]
 [ 5.35501628  0.43027091  0.          0.         -0.40282194  0.27224765]
 [-1.00387681 -5.34737143  0.          0.          0.8164768  -0.16008217]
 [-1.18916943 -5.04617081 -0.08554917  0.          0.80466412 -0.09195469]
 [-0.9790151  -5.53749546  0.          0.         -0.6240507  -0.10738763]]
[03/30/2022, 06:16:30] computing sampling shap 1969:1979 within 40.7642 sec, 4.2064 on average
[03/30/2022, 06:16:30] instances left: 76
[03/30/2022, 06:16:30] estimating time left: 0:05:19.686400

[[-1.09046788e+00 -5.14050455e+00 -1.44216814e-01  0.00000000e+00
   6.10226223e-02 -2.24734704e-01]
 [-1.09946306e+00 -5.02225926e+00 -2.38215472e-01  0.00000000e+00
   3.65322790e-01  1.03715752e-01]
 [-1.05704532e+00 -5.23788277e+00  0.00000000e+00  0.00000000e+00
  -7.15180058e-01  2.21275594e-03]
 [-8.96670032e-01  4.86083834e+00  0.00000000e+00  0.00000000e+00
  -5.17183965e-01 -1.86269778e-02]
 [-8.55084593e-01  4.83453272e+00  0.00000000e+00  0.00000000e+00
  -8.75458990e-01 -2.09693392e-01]
 [-7.94990700e-01  4.82610676e+00  0.00000000e+00  0.00000000e+00
  -5.88244511e-01 -2.02925539e-01]
 [-3.39791476e-01 -5.88951573e+00 -1.28107983e-01  0.00000000e+00
   7.67933224e-01  2.54014810e-02]
 [-1.00588578e+00 -5.51555265e+00  0.00000000e+00  0.00000000e+00
   9.80963736e-01 -9.69953546e-02]
 [-8.09514888e-01  4.98806322e+00 -2.71617672e-01  0.00000000e+00
  -4.79458406e-01  1.49518065e-01]
 [-1.31750213e+00 -5.01142699e+00 -8.73494482e-02  0.00000000e+00
   9.03318304e-02  4.22524328e-01]]
[03/30/2022, 06:17:13] computing sampling shap 1979:1989 within 43.5825 sec, 4.2144 on average
[03/30/2022, 06:17:13] instances left: 66
[03/30/2022, 06:17:13] estimating time left: 0:04:38.150400

[[-1.12375618e+00 -5.11699064e+00  0.00000000e+00  0.00000000e+00
   2.98429871e-01 -2.37126585e-01]
 [-7.83460922e-01  4.79797276e+00 -8.21087408e-02  0.00000000e+00
   4.97664883e-01 -5.14678695e-02]
 [-1.04474496e+00 -5.34935652e+00 -2.01481114e-05  0.00000000e+00
  -5.25400308e-01  6.90029138e-01]
 [-1.10995913e+00 -5.30707467e+00  0.00000000e+00  0.00000000e+00
  -1.32569897e+00 -1.79919534e-03]
 [-1.14896091e+00 -5.21537340e+00 -8.34680355e-02  0.00000000e+00
  -1.22913119e+00  1.53389224e-01]
 [-8.48316647e-01  1.85578000e+00  3.01923475e+00  0.00000000e+00
   4.57539791e-02  1.23636138e-02]
 [-1.13632521e+00 -5.29829270e+00  0.00000000e+00  0.00000000e+00
  -9.81901338e-01  8.29031648e-02]
 [-8.40948376e-01  4.87404692e+00  0.00000000e+00  0.00000000e+00
  -1.02586406e+00 -1.01939464e-01]
 [ 9.60647998e+00  7.64287354e+00 -4.11422311e-04  0.00000000e+00
   6.01958354e-01 -1.27604499e-01]
 [-8.88295716e-01  4.83907261e+00  0.00000000e+00  0.00000000e+00
  -4.94953788e-01 -3.16654969e-03]]
[03/30/2022, 06:17:54] computing sampling shap 1989:1999 within 40.3547 sec, 4.2054 on average
[03/30/2022, 06:17:54] instances left: 56
[03/30/2022, 06:17:54] estimating time left: 0:03:55.502400

[[-1.28753209e+00 -4.98513729e+00 -1.44210505e-01  0.00000000e+00
  -9.71229753e-01  2.91922071e-01]
 [-8.52966997e-01 -5.40315549e+00 -1.11595757e-01  0.00000000e+00
   4.53120727e-02 -7.43782605e-02]
 [-7.64619965e-01  4.94157068e+00 -2.75889489e-01  0.00000000e+00
  -5.07665505e-01 -1.93847207e-01]
 [-1.17011314e+00 -5.14305678e+00  0.00000000e+00  0.00000000e+00
  -7.55511602e-01 -2.06878930e-01]
 [-9.68090062e-01 -5.24198993e+00 -1.41070905e-01  0.00000000e+00
  -5.24103648e-03 -1.57445074e-01]
 [-1.29952122e+00 -5.28260806e+00  0.00000000e+00  0.00000000e+00
  -3.90315789e-01  4.15410292e-03]
 [-1.14625426e+00 -5.18167954e+00 -1.20217588e-01  0.00000000e+00
  -3.14900861e-01  6.36920745e-01]
 [-9.66304420e-01 -4.95939950e+00 -4.45866240e-01  0.00000000e+00
   8.28814414e-01 -7.17801119e-02]
 [-7.59329995e-01 -5.51655739e+00 -1.03518597e-01  0.00000000e+00
   8.47782396e-01 -1.40116982e-01]
 [-9.00072994e-01  4.97533169e+00 -8.46921438e-02  0.00000000e+00
   1.29384813e-01 -2.14887800e-01]]
[03/30/2022, 06:18:35] computing sampling shap 1999:2009 within 41.1479 sec, 4.2011 on average
[03/30/2022, 06:18:35] instances left: 46
[03/30/2022, 06:18:35] estimating time left: 0:03:13.250600

[[-0.30533994 14.88177959  0.          0.         -0.6242785  -0.1270939 ]
 [ 5.37303364  0.46650229  0.          0.         -0.70671247 -0.16280986]
 [-0.73900849  4.67717442  0.          0.         -1.31288117 -0.175848  ]
 [-0.72353782  4.70904646  0.          0.         -0.30805854  0.47210272]
 [ 8.2345662  -3.0812506  -0.13497813  0.          0.20844106 -0.04547931]
 [-0.720766   -5.74996345 -0.08211718  0.         -0.47454783  0.18387189]
 [-1.05346467 -5.3915338   0.          0.         -1.35902294 -0.22823943]
 [-1.25535747 -5.07106317 -0.08581845  0.          0.92160152 -0.1468326 ]
 [-0.37499443  4.35833546  0.          0.          0.44155849 -0.17363315]
 [-0.58773167  4.78384514 -0.0838125   0.         -0.03149088  0.50062237]]
[03/30/2022, 06:19:14] computing sampling shap 2009:2019 within 39.3835 sec, 4.1892 on average
[03/30/2022, 06:19:14] instances left: 36
[03/30/2022, 06:19:14] estimating time left: 0:02:30.811200

[[-1.20721114e+00 -5.18709552e+00 -8.03653659e-02  0.00000000e+00
  -1.27465212e+00  1.18588888e-01]
 [-1.22636799e+00 -4.91016409e+00 -8.50598532e-02  0.00000000e+00
  -6.11267686e-01  8.42530800e-01]
 [-3.52246480e-01  4.30394298e+00  0.00000000e+00  0.00000000e+00
   7.81241220e-01  9.07617538e-02]
 [-9.72261171e-01 -5.52880283e+00  0.00000000e+00  0.00000000e+00
  -6.03044675e-01 -1.48761005e-01]
 [-1.13236445e+00 -5.20736958e+00 -8.42482038e-02  0.00000000e+00
   4.33672968e-01 -1.32673962e-01]
 [-7.86946991e-01 -5.38557808e+00 -2.22379618e-01  0.00000000e+00
  -1.79272953e-01  3.95566708e-01]
 [-1.25511784e+00 -5.21350982e+00  0.00000000e+00  0.00000000e+00
   1.33085155e-01  6.31174954e-03]
 [-1.02007393e+00 -5.39069522e+00  0.00000000e+00  0.00000000e+00
   9.11006948e-01 -1.95091072e-01]
 [-9.28426114e-01 -5.35063350e+00 -2.26478589e-01  0.00000000e+00
   9.68123489e-01 -1.57438889e-01]
 [-1.81528260e-01  1.45818134e+01  0.00000000e+00  0.00000000e+00
   1.64856334e-01 -2.00054236e-01]]
[03/30/2022, 06:19:56] computing sampling shap 2019:2029 within 42.2578 sec, 4.1908 on average
[03/30/2022, 06:19:56] instances left: 26
[03/30/2022, 06:19:56] estimating time left: 0:01:48.960800

[[-1.05906486 -5.1157265  -0.14098451  0.         -0.59582807  1.04018649]
 [-0.91126637  5.150197   -0.08141667  0.          0.70974818 -0.14777966]
 [-1.19172934 -4.93686336 -0.14609337  0.         -0.49487822  0.99212219]
 [ 3.63939456  1.44733348 -0.08519129  0.         -1.27624546  0.30719161]
 [-1.01290449 -5.30633315 -0.08400806  0.          0.06677276 -0.23615352]
 [-0.58312711  4.65687627 -0.07884623  0.         -0.40707581 -0.1966541 ]
 [-0.26601159 14.83896405  0.          0.          0.10327666 -0.07688873]
 [-0.93873664 -5.48587088 -0.08333038  0.          0.1292844   0.51898734]
 [-1.0769069  -5.1275064  -0.25651859  0.          0.46326106 -0.08423653]
 [-1.10486328 -5.03958271 -0.20976422  0.          0.08856546  0.15926872]]
[03/30/2022, 06:20:40] computing sampling shap 2029:2039 within 43.5829 sec, 4.1978 on average
[03/30/2022, 06:20:40] instances left: 16
[03/30/2022, 06:20:40] estimating time left: 0:01:07.164800

[[-0.66652535  4.72611486  0.          0.         -0.62859252  0.19801141]
 [-1.06222913 -5.19321972 -0.08265391  0.          0.3933844  -0.23472512]
 [ 3.6650961   1.70495225 -0.08385223  0.         -0.57468512 -0.23117169]
 [-1.10794663 -5.0661807  -0.16749654  0.         -0.25811843  0.17884562]
 [-1.1804125  -4.89825047 -0.28908228  0.          0.3625938  -0.07064233]
 [-1.10835744 -5.04822624 -0.20439643  0.          0.38093213 -0.10185958]
 [-1.05561178 -5.3264987  -0.08289743  0.         -0.12263063  0.38742226]
 [-0.97858965 -5.34383563  0.          0.          0.84494444 -0.21737299]
 [ 9.7467142   7.52019022  0.          0.          0.44799705 -0.13300376]
 [-0.95533595 -5.40260566 -0.0845324   0.          0.13788875  0.22755506]]
[03/30/2022, 06:21:23] computing sampling shap 2039:2049 within 42.6758 sec, 4.2006 on average
[03/30/2022, 06:21:23] instances left: 6
[03/30/2022, 06:21:23] estimating time left: 0:00:25.203600

[[-3.22048890e-01  4.35320195e+00  0.00000000e+00  0.00000000e+00
   1.21938514e-01 -1.08831769e-01]
 [-1.00165064e+00 -5.16846159e+00 -3.01141015e-01  0.00000000e+00
   9.07894177e-01 -7.22175505e-04]
 [-9.77048503e-01 -5.24856613e+00 -8.30646807e-02  0.00000000e+00
   7.75345660e-01 -1.61520221e-01]
 [-1.13370273e+00 -5.15597942e+00  0.00000000e+00  0.00000000e+00
   7.64887558e-01 -1.70059130e-01]
 [ 5.21270895e+00  4.79575150e-01  0.00000000e+00  0.00000000e+00
   6.83129798e-01 -9.64319664e-02]
 [-1.05407938e+00  5.08336069e+00 -8.30744320e-02  0.00000000e+00
   8.43387196e-01 -1.34121081e-01]
 [-7.99703058e-01  4.79651641e+00  0.00000000e+00  0.00000000e+00
   8.23041065e-01 -1.00371524e-01]
 [-1.01090524e+00 -5.39262967e+00 -7.87801463e-02  0.00000000e+00
  -3.79597552e-01 -1.90933551e-01]
 [-1.00260665e+00 -5.42794298e+00  0.00000000e+00  0.00000000e+00
   8.54807786e-01 -1.00066351e-02]
 [-5.31649615e-01  4.69895316e+00 -7.61566883e-02  0.00000000e+00
   3.43573138e-01 -1.47097970e-01]]
[03/30/2022, 06:21:23] finish computing sampling shap for range: [8, 8] within 1050.148061 sec
