

[03/30/2022, 06:20:36] [get categorical paper data for /home/youyinnn_gmail_com/s2search/pipelining/exp-csir csir]
============== start ==============
[03/30/2022, 06:20:52] [get categorical paper data for /home/youyinnn_gmail_com/s2search/pipelining/exp-csir csir]
============== end 41092 ==============


[03/30/2022, 06:20:52] [sampling shap explainer training for /home/youyinnn_gmail_com/s2search/pipelining/exp-csir csir]
============== start ==============
[03/30/2022, 06:20:59] [sampling shap explainer training for /home/youyinnn_gmail_com/s2search/pipelining/exp-csir csir]
============== end 8218 ==============


[03/30/2022, 06:20:59] [sampling shap sv computing for /home/youyinnn_gmail_com/s2search/pipelining/exp-csir csir]
============== start ==============
instances left: 247
estimating time left: 0:18:45.307300
---- 10:40010
instances left: 237
estimating time left: 0:17:53.230800
---- 20:80020
instances left: 227
estimating time left: 0:16:56.392500
---- 30:120030
instances left: 217
estimating time left: 0:16:18.648300
---- 40:160040
instances left: 207
estimating time left: 0:15:38.331000
---- 50:200050
instances left: 197
estimating time left: 0:14:49.238300
---- 60:240060
instances left: 187
estimating time left: 0:13:54.001300
---- 70:280070
instances left: 177
estimating time left: 0:13:04.587900
---- 80:320080
instances left: 167
estimating time left: 0:12:24.602900
---- 90:360090
instances left: 157
estimating time left: 0:11:42.857600
---- 100:400100
instances left: 147
estimating time left: 0:11:00.573900
---- 110:440110
instances left: 137
estimating time left: 0:10:17.623400
---- 120:480120
instances left: 127
estimating time left: 0:09:34.598800
---- 130:520130
instances left: 117
estimating time left: 0:08:49.378200
---- 140:560140
instances left: 107
estimating time left: 0:08:02.891000
---- 150:600150
instances left: 97
estimating time left: 0:07:20.884400
---- 160:640160
instances left: 87
estimating time left: 0:06:37.068000
---- 170:680170
instances left: 77
estimating time left: 0:05:52.259600
---- 180:720180
instances left: 67
estimating time left: 0:05:05.955500
---- 190:760190
instances left: 57
estimating time left: 0:04:19.737600
---- 200:800200
instances left: 47
estimating time left: 0:03:34.540900
---- 210:840210
instances left: 37
estimating time left: 0:02:48.949400
---- 220:880220
instances left: 27
estimating time left: 0:02:03.155100
---- 230:920230
instances left: 17
estimating time left: 0:01:17.380600
---- 240:960240
instances left: 7
estimating time left: 0:00:31.810800
---- 250:1000250
[03/30/2022, 06:39:55] [sampling shap sv computing for /home/youyinnn_gmail_com/s2search/pipelining/exp-csir csir]
============== end 1000250 ==============


