Child #[4, 5]: psutil.Process(pid=3881, name='python', status='running', started='19:34:58'), affinity [4, 5]
Child #[4, 5]: Set my affinity to [4, 5], affinity now [4, 5]

[04/02/2022, 16:01:15] start computing sampling shap for range: [3, 8]
[04/02/2022, 16:01:52] computing sampling shap 230:240 within 37.1375 sec, 3.7138 on average
[04/02/2022, 16:01:52] instances left: 105
[04/02/2022, 16:01:52] estimating time left: 0:06:29.949000

[[-1.20076756 -2.89205103  0.          0.          0.44333613  0.13180993]
 [-0.42675986  8.73944124  8.24607947  0.         -0.83741601 -0.13103425]
 [-0.11751424 17.46313863 -0.28230438  0.         -1.2437367   0.64383002]
 [-0.84473709 -2.5556216  -0.61846484  0.          0.38247261 -0.05483045]
 [-1.06188577 -2.83005261 -0.12286405  0.         -1.27867387  0.18118729]
 [-0.74813241 -2.59723459 -0.52698537  0.         -0.83154912  0.09065498]
 [-1.05167351 -2.71207012 -0.35245251  0.          0.93631286 -0.14244687]
 [-1.03987936 -2.73155514 -0.26257705  0.         -0.21979263  0.13672668]
 [-0.90619928 -2.60095125 -0.57491902  0.          0.93624061 -0.1698216 ]
 [-0.99850321 -2.55508595 -0.43916345  0.          0.79665384 -0.12623142]]
[04/02/2022, 16:02:31] computing sampling shap 240:250 within 38.2841 sec, 3.7711 on average
[04/02/2022, 16:02:31] instances left: 95
[04/02/2022, 16:02:31] estimating time left: 0:05:58.254500

[[-0.77643625 -2.81436597 -0.40100373  0.         -0.30546771 -0.20292655]
 [-0.24639806  6.81032866 -0.24014879  0.          0.47511484 -0.04112527]
 [-0.11715049  6.64861541 -0.13762652  0.          0.04413577  0.3724727 ]
 [-1.10554696 -2.51540035 -0.47880605  0.          0.89417299 -0.01212483]
 [-0.73932623 -2.67213824 -0.56928147  0.          0.36037332 -0.08598262]
 [-0.89624611 -2.51503876 -0.59929112  0.         -0.21075625 -0.10957424]
 [-0.97725952 -2.67568417 -0.3637755   0.          0.84107362 -0.14668453]
 [-0.80352229 -2.79313097 -0.36684818  0.          0.37904416 -0.12189824]
 [-1.14229398 -2.32395543 -0.50441619  0.          0.84042742 -0.13470827]
 [-1.11601518 -2.51529001 -0.38411558  0.          0.87279267 -0.17970211]]
[04/02/2022, 16:03:08] computing sampling shap 250:260 within 37.6874 sec, 3.7704 on average
[04/02/2022, 16:03:08] instances left: 85
[04/02/2022, 16:03:08] estimating time left: 0:05:20.484000

[[-9.81205140e-01 -2.50915093e+00 -6.08740535e-01  0.00000000e+00
   9.07144844e-01 -1.30378627e-01]
 [-5.85862296e-01  7.03166549e+00 -1.12040973e-01  0.00000000e+00
   4.64189323e-01 -1.56741797e-01]
 [-5.41211496e-01 -1.57137430e+00  8.27623835e+00  0.00000000e+00
  -2.21149932e-01 -1.56619571e-03]
 [-1.00171312e+00 -2.77891800e+00 -2.76866237e-01  0.00000000e+00
   9.06171221e-01 -1.71004128e-01]
 [-1.31744645e+00 -2.56941395e+00 -2.32724123e-01  0.00000000e+00
  -5.10864153e-01 -5.59142913e-02]
 [-4.99176492e-01  7.25299996e+00 -3.88509292e-01  0.00000000e+00
   4.35706132e-01 -1.59810678e-01]
 [-4.21302858e-01  7.08150320e+00 -2.34820326e-01  0.00000000e+00
   5.61719426e-02  3.92330302e-01]
 [-9.62104576e-01 -2.65535331e+00 -3.76063652e-01  0.00000000e+00
   7.77890731e-01  3.82917026e-02]
 [-9.82547511e-01 -2.59827014e+00 -3.86109026e-01  0.00000000e+00
   1.43039621e-02  1.30677637e-01]
 [-9.77824280e-01 -2.63425955e+00 -4.51592457e-01  0.00000000e+00
  -9.04207100e-01 -1.48021574e-01]]
[04/02/2022, 16:03:48] computing sampling shap 260:270 within 40.1137 sec, 3.8307 on average
[04/02/2022, 16:03:48] instances left: 75
[04/02/2022, 16:03:48] estimating time left: 0:04:47.302500

[[ 4.26895169  3.32623723 -0.08077523  0.         -0.90788398 -0.08255401]
 [-0.89011091 -2.57727902 -0.60383225  0.          0.88844271 -0.05287679]
 [-1.00954141 -2.6150975  -0.43015402  0.         -0.41977322 -0.19649646]
 [-1.03965488 -2.49952848 -0.49808773  0.          0.08411098  0.32967832]
 [-0.40482104  7.10108167 -0.21817555  0.         -0.30567685  0.08744294]
 [-0.57805267 -1.47360324  8.35989938  0.          0.78734024 -0.09293533]
 [ 4.42401653  3.55172345 -0.18639653  0.         -0.75049118 -0.12497994]
 [-0.25972698  6.91718804 -0.29562013  0.          0.4547999  -0.11295446]
 [-0.44295442  6.94870678 -0.1525949   0.          0.79268806 -0.10042847]
 [-0.11308398  6.57984147  0.          0.         -1.01786651 -0.1680941 ]]
[04/02/2022, 16:04:24] computing sampling shap 270:280 within 35.3627 sec, 3.7718 on average
[04/02/2022, 16:04:24] instances left: 65
[04/02/2022, 16:04:24] estimating time left: 0:04:05.167000

[[-0.40653259 17.59468316 -0.25388006  0.          0.09045262  0.12161402]
 [-0.82481177 -2.69716955 -0.531063    0.          0.84722713 -0.04923261]
 [-0.91730304 -2.6743722  -0.41408771  0.          0.83516495 -0.12861904]
 [ 4.56059316  3.14399447  0.          0.         -1.13280401 -0.20799214]
 [-1.02192874 -2.57599439 -0.4289305   0.          0.82395064 -0.039109  ]
 [-0.75702647 -2.6654428  -0.64243728  0.          0.87965827 -0.1370819 ]
 [-0.95207932 -2.59568287 -0.5179438   0.         -0.96151262 -0.08868634]
 [-0.30083475  6.82607322 -0.15614605  0.         -0.53454913  0.15933744]
 [-1.00112598 -2.54394585 -0.44466338  0.         -0.31119265 -0.14074234]
 [-0.35903626  6.91833286 -0.31855142  0.          0.1984524   0.23214859]]
[04/02/2022, 16:05:02] computing sampling shap 280:290 within 37.9566 sec, 3.7758 on average
[04/02/2022, 16:05:02] instances left: 55
[04/02/2022, 16:05:02] estimating time left: 0:03:27.669000

[[-1.15562457e+00 -2.71754170e+00 -2.24740427e-01  0.00000000e+00
   8.90576733e-01 -1.14999997e-01]
 [ 4.51654584e+00  3.21535973e+00 -1.40791880e-01  0.00000000e+00
  -4.72706322e-01  3.17541696e-01]
 [-9.06429672e-01 -2.61444952e+00 -4.93901516e-01  0.00000000e+00
   1.51429146e-02  1.24091857e-01]
 [-3.86801277e-01  6.83579048e+00 -7.45189726e-02  0.00000000e+00
  -1.01933977e+00  1.98514490e-01]
 [-3.41234586e-01  6.87838358e+00 -2.09627479e-01  0.00000000e+00
  -6.26687678e-01  2.61914789e-01]
 [ 4.53196603e+00  3.39607042e+00 -2.59293444e-01  0.00000000e+00
  -6.04320940e-01 -1.53963639e-01]
 [-4.36248824e-01  7.06282714e+00 -2.25836806e-01  0.00000000e+00
   3.70897950e-01 -2.16579640e-03]
 [-8.96186157e-01 -2.66502982e+00 -4.42910941e-01  0.00000000e+00
  -3.48159594e-01  5.64248060e-01]
 [-1.09542550e+00 -2.37203396e+00 -5.41832699e-01  0.00000000e+00
   8.04514018e-01 -3.72339878e-02]
 [-8.15967005e-01 -2.57720338e+00 -7.39663910e-01  0.00000000e+00
  -1.08234481e+00  5.94316999e-01]]
[04/02/2022, 16:05:36] computing sampling shap 290:300 within 34.5847 sec, 3.7305 on average
[04/02/2022, 16:05:36] instances left: 45
[04/02/2022, 16:05:36] estimating time left: 0:02:47.872500

[[-0.90510888 -2.73403152 -0.43170987  0.          0.42474632  0.04608057]
 [-0.91958805 -2.53160056 -0.59109918  0.         -0.45778892  0.44182975]
 [-1.0101081  -2.73769262 -0.28668527  0.         -0.72322254 -0.18138044]
 [-0.88477787 -2.82439684 -0.40211488  0.          0.45168969 -0.08783104]
 [-1.10235694 -2.74235183 -0.31970639  0.         -0.5067036  -0.03010288]
 [-0.90927211 -2.84505464 -0.37928878  0.          0.54375641 -0.11649589]
 [-0.96751381 -2.71775333 -0.33147473  0.         -0.86524749  0.27333802]
 [-1.00115752 -2.66778764 -0.35975995  0.          0.84750889 -0.11802035]
 [-1.11548379 -2.65692516 -0.29622774  0.         -0.2064712  -0.16656213]
 [-1.00058175 -2.4625983  -0.58010044  0.         -1.24479555  0.14454674]]
[04/02/2022, 16:06:13] computing sampling shap 300:310 within 36.6825 sec, 3.7227 on average
[04/02/2022, 16:06:13] instances left: 35
[04/02/2022, 16:06:13] estimating time left: 0:02:10.294500

[[-0.43187779  6.86245481 -0.07284195  0.         -0.60447708  0.13893632]
 [-0.76348232 -2.63201804 -0.72587057  0.          0.50426584  0.17088318]
 [-1.04359441 -2.54471665 -0.40981766  0.         -0.17790124  0.35308062]
 [-0.53432578  7.2181636  -0.22011229  0.         -0.73628647 -0.03829235]
 [-0.85981115 -2.51637711 -0.59818309  0.         -0.7703511  -0.19040713]
 [ 4.41206506  3.41712201 -0.19305295  0.         -0.30205904 -0.22987923]
 [-0.86464252 -2.65734492 -0.52224205  0.          0.87118062 -0.12616807]
 [-0.90637476 -2.58408577 -0.50745279  0.         -1.26052823 -0.05715233]
 [-0.85381451 -2.5769516  -0.57329567  0.          0.01252288  0.40280239]
 [-0.92082869 -2.59413321 -0.38494143  0.         -0.78009025  0.16776479]]
[04/02/2022, 16:06:47] computing sampling shap 310:320 within 33.799 sec, 3.6847 on average
[04/02/2022, 16:06:47] instances left: 25
[04/02/2022, 16:06:47] estimating time left: 0:01:32.117500

[[-1.01110796 -2.69933569 -0.29071678  0.          0.845192   -0.16636155]
 [-1.18264233 -2.47438334 -0.44011822  0.         -0.53698588 -0.14958733]
 [-0.56153509 -2.93714264 -0.57773485  0.         -0.33142925  0.47831817]
 [-1.03182816 -2.59615216 -0.39666278  0.          0.84982502 -0.14751196]
 [-1.1233067  -2.55939938 -0.28530662  0.         -0.02075787 -0.17457807]
 [-1.01389906 -2.57872545 -0.43215902  0.          0.39248172  0.11462897]
 [-1.02481382 -2.68725353 -0.46630118  0.          0.99341231 -0.03274858]
 [-0.94394394 -2.66923403 -0.44043149  0.          0.40480849 -0.0986302 ]
 [-1.12404941 -2.47923431 -0.57432864  0.          0.97145251 -0.05878649]
 [-0.8240407  -2.77805466 -0.37029535  0.         -1.42942353 -0.17856941]]
[04/02/2022, 16:07:22] computing sampling shap 320:330 within 34.999 sec, 3.6662 on average
[04/02/2022, 16:07:22] instances left: 15
[04/02/2022, 16:07:22] estimating time left: 0:00:54.993000

[[-1.07076686 -2.54186604 -0.35502866  0.         -0.01207179 -0.08445542]
 [-0.86229365 -2.85019854 -0.37817423  0.          0.79479725  0.18140913]
 [-0.97289251 -2.88737975 -0.2012569   0.         -0.64133424 -0.11037869]
 [-0.98510794 -2.57816226 -0.34020582  0.         -0.75531231 -0.20010607]
 [-0.78946264 -2.56025615 -0.6061468   0.         -0.62348413  0.34508286]
 [10.80854955 -2.44928643 -0.32669878  0.          0.70517703 -0.05940632]
 [-0.66156269 -2.80231441 -0.63277996  0.          0.09592974 -0.13755776]
 [-0.76626241 -2.72297304 -0.44380708  0.         -1.21647939 -0.0880576 ]
 [-1.02378355 -2.75568531 -0.33622993  0.         -0.39253054 -0.05228041]
 [10.49879199  9.01501407 -0.09540249  0.         -1.37358597  0.38396317]]
[04/02/2022, 16:08:01] computing sampling shap 330:340 within 39.1738 sec, 3.689 on average
[04/02/2022, 16:08:01] instances left: 5
[04/02/2022, 16:08:01] estimating time left: 0:00:18.445000

[[-0.79234164  7.75347919 -0.3544208   0.         -0.50390757  0.57764851]
 [-0.53779997  7.66292694 -0.53073383  0.         -0.51208636  0.10945588]
 [-0.74794432 -2.78701003 -0.65778436  0.          0.57740866 -0.18856146]
 [-1.0344817  -2.5344847  -0.45161225  0.          0.40435909 -0.18767183]
 [-0.54195179  7.06071905 -0.14148147  0.          0.39972112 -0.13579736]
 [-1.22039783 -2.50143025 -0.40331383  0.          0.94063958 -0.13782767]
 [-0.45519236  6.79404563  0.          0.          0.13267202 -0.03852446]
 [-0.15061788  6.52202819  0.          0.          0.79331212 -0.09017509]
 [-1.03773042 -2.69264764 -0.36073105  0.          0.88811861 -0.11933946]
 [-0.63309144 -1.22940369  8.20286699  0.          0.79640532 -0.08485264]]
[04/02/2022, 16:08:01] finish computing sampling shap for range: [3, 8] within 405.796655 sec
