
Child #[14, 15]: psutil.Process(pid=14412, name='python', status='running', started='20:48:10'), affinity [14, 15]
Child #[14, 15]: Set my affinity to [14, 15], affinity now [14, 15]

[04/02/2022, 17:40:54] start anchor metrics
[04/02/2022, 17:41:04] start computing anchor from index: 3997 to 4561 with config: 0.9999 0.6
[04/02/2022, 17:41:18] (4006 / 4561) title: 10, abstract: 10, venue: 6, authors: 1, year: 7, n_citations: 3 within (13.295303 total / 1.3295 average)
estimate time left: 0:12:17.872500
[04/02/2022, 17:41:35] (4016 / 4561) title: 20, abstract: 20, venue: 14, authors: 4, year: 14, n_citations: 8 within (30.918685 total / 1.5459 average)
estimate time left: 0:14:02.515500
[04/02/2022, 17:41:48] (4026 / 4561) title: 30, abstract: 30, venue: 22, authors: 5, year: 21, n_citations: 12 within (43.31242 total / 1.4437 average)
estimate time left: 0:12:52.379500
[04/02/2022, 17:41:59] (4036 / 4561) title: 40, abstract: 39, venue: 30, authors: 5, year: 26, n_citations: 17 within (54.725902 total / 1.3681 average)
estimate time left: 0:11:58.252500
[04/02/2022, 17:42:12] (4046 / 4561) title: 50, abstract: 48, venue: 35, authors: 6, year: 33, n_citations: 22 within (67.853856 total / 1.3571 average)
estimate time left: 0:11:38.906500
[04/02/2022, 17:42:25] (4056 / 4561) title: 60, abstract: 57, venue: 43, authors: 8, year: 37, n_citations: 27 within (81.246907 total / 1.3541 average)
estimate time left: 0:11:23.820500
[04/02/2022, 17:42:40] (4066 / 4561) title: 70, abstract: 66, venue: 49, authors: 12, year: 46, n_citations: 30 within (96.223025 total / 1.3746 average)
estimate time left: 0:11:20.427000
[04/02/2022, 17:42:55] (4076 / 4561) title: 79, abstract: 76, venue: 57, authors: 14, year: 52, n_citations: 34 within (111.136102 total / 1.3892 average)
estimate time left: 0:11:13.762000
[04/02/2022, 17:43:08] (4086 / 4561) title: 88, abstract: 86, venue: 64, authors: 16, year: 60, n_citations: 39 within (124.162519 total / 1.3796 average)
estimate time left: 0:10:55.310000
[04/02/2022, 17:43:24] (4096 / 4561) title: 98, abstract: 95, venue: 73, authors: 18, year: 69, n_citations: 43 within (139.661159 total / 1.3966 average)
estimate time left: 0:10:49.419000
[04/02/2022, 17:43:36] (4106 / 4561) title: 108, abstract: 105, venue: 80, authors: 21, year: 74, n_citations: 49 within (152.039824 total / 1.3822 average)
estimate time left: 0:10:28.901000
[04/02/2022, 17:43:49] (4116 / 4561) title: 118, abstract: 115, venue: 89, authors: 22, year: 82, n_citations: 54 within (165.048238 total / 1.3754 average)
estimate time left: 0:10:12.053000
[04/02/2022, 17:44:02] (4126 / 4561) title: 126, abstract: 125, venue: 95, authors: 24, year: 90, n_citations: 58 within (177.973429 total / 1.369 average)
estimate time left: 0:09:55.515000
[04/02/2022, 17:44:19] (4136 / 4561) title: 135, abstract: 135, venue: 103, authors: 24, year: 99, n_citations: 60 within (194.798204 total / 1.3914 average)
estimate time left: 0:09:51.345000
[04/02/2022, 17:44:31] (4146 / 4561) title: 145, abstract: 145, venue: 109, authors: 26, year: 104, n_citations: 65 within (206.314964 total / 1.3754 average)
estimate time left: 0:09:30.791000
[04/02/2022, 17:44:44] (4156 / 4561) title: 154, abstract: 154, venue: 115, authors: 30, year: 112, n_citations: 71 within (219.578366 total / 1.3724 average)
estimate time left: 0:09:15.822000
[04/02/2022, 17:44:58] (4166 / 4561) title: 164, abstract: 164, venue: 125, authors: 31, year: 118, n_citations: 74 within (233.812481 total / 1.3754 average)
estimate time left: 0:09:03.283000
[04/02/2022, 17:45:15] (4176 / 4561) title: 173, abstract: 174, venue: 133, authors: 34, year: 125, n_citations: 79 within (250.542547 total / 1.3919 average)
estimate time left: 0:08:55.881500
[04/02/2022, 17:45:27] (4186 / 4561) title: 183, abstract: 183, venue: 140, authors: 35, year: 133, n_citations: 83 within (262.571333 total / 1.382 average)
estimate time left: 0:08:38.250000
[04/02/2022, 17:45:42] (4196 / 4561) title: 193, abstract: 193, venue: 148, authors: 39, year: 141, n_citations: 86 within (277.819789 total / 1.3891 average)
estimate time left: 0:08:27.021500
[04/02/2022, 17:45:56] (4206 / 4561) title: 202, abstract: 203, venue: 155, authors: 41, year: 151, n_citations: 89 within (291.305724 total / 1.3872 average)
estimate time left: 0:08:12.456000
[04/02/2022, 17:46:09] (4216 / 4561) title: 212, abstract: 213, venue: 162, authors: 42, year: 161, n_citations: 91 within (304.879134 total / 1.3858 average)
estimate time left: 0:07:58.101000
[04/02/2022, 17:46:20] (4226 / 4561) title: 222, abstract: 223, venue: 169, authors: 42, year: 168, n_citations: 94 within (315.763139 total / 1.3729 average)
estimate time left: 0:07:39.921500
[04/02/2022, 17:46:31] (4236 / 4561) title: 232, abstract: 233, venue: 177, authors: 43, year: 178, n_citations: 94 within (326.43373 total / 1.3601 average)
estimate time left: 0:07:22.032500
[04/02/2022, 17:46:40] (4246 / 4561) title: 242, abstract: 242, venue: 185, authors: 45, year: 184, n_citations: 97 within (335.774539 total / 1.3431 average)
estimate time left: 0:07:03.076500
[04/02/2022, 17:46:53] (4256 / 4561) title: 252, abstract: 252, venue: 195, authors: 46, year: 192, n_citations: 101 within (348.738112 total / 1.3413 average)
estimate time left: 0:06:49.096500
[04/02/2022, 17:47:05] (4266 / 4561) title: 262, abstract: 261, venue: 202, authors: 47, year: 199, n_citations: 105 within (360.269254 total / 1.3343 average)
estimate time left: 0:06:33.618500
[04/02/2022, 17:47:17] (4276 / 4561) title: 272, abstract: 271, venue: 209, authors: 49, year: 204, n_citations: 110 within (372.627357 total / 1.3308 average)
estimate time left: 0:06:19.278000
[04/02/2022, 17:47:27] (4286 / 4561) title: 282, abstract: 281, venue: 215, authors: 49, year: 211, n_citations: 115 within (383.182049 total / 1.3213 average)
estimate time left: 0:06:03.357500
[04/02/2022, 17:47:38] (4296 / 4561) title: 292, abstract: 291, venue: 221, authors: 49, year: 217, n_citations: 118 within (393.800018 total / 1.3127 average)
estimate time left: 0:05:47.865500
[04/02/2022, 17:47:52] (4306 / 4561) title: 302, abstract: 301, venue: 229, authors: 51, year: 224, n_citations: 122 within (407.459915 total / 1.3144 average)
estimate time left: 0:05:35.172000
[04/02/2022, 17:48:06] (4316 / 4561) title: 312, abstract: 311, venue: 238, authors: 53, year: 232, n_citations: 125 within (421.836275 total / 1.3182 average)
estimate time left: 0:05:22.959000
[04/02/2022, 17:48:21] (4326 / 4561) title: 322, abstract: 321, venue: 248, authors: 56, year: 241, n_citations: 129 within (436.722186 total / 1.3234 average)
estimate time left: 0:05:10.999000
[04/02/2022, 17:48:34] (4336 / 4561) title: 332, abstract: 331, venue: 253, authors: 57, year: 249, n_citations: 136 within (449.585809 total / 1.3223 average)
estimate time left: 0:04:57.517500
[04/02/2022, 17:48:48] (4346 / 4561) title: 342, abstract: 341, venue: 263, authors: 58, year: 258, n_citations: 138 within (463.301483 total / 1.3237 average)
estimate time left: 0:04:44.595500
[04/02/2022, 17:49:02] (4356 / 4561) title: 352, abstract: 351, venue: 269, authors: 59, year: 265, n_citations: 140 within (478.181674 total / 1.3283 average)
estimate time left: 0:04:32.301500
[04/02/2022, 17:49:14] (4366 / 4561) title: 362, abstract: 360, venue: 279, authors: 61, year: 273, n_citations: 142 within (489.650257 total / 1.3234 average)
estimate time left: 0:04:18.063000
[04/02/2022, 17:49:28] (4376 / 4561) title: 372, abstract: 369, venue: 287, authors: 65, year: 279, n_citations: 148 within (503.662744 total / 1.3254 average)
estimate time left: 0:04:05.199000
[04/02/2022, 17:49:38] (4386 / 4561) title: 381, abstract: 379, venue: 293, authors: 66, year: 285, n_citations: 153 within (513.871983 total / 1.3176 average)
estimate time left: 0:03:50.580000
[04/02/2022, 17:49:56] (4396 / 4561) title: 390, abstract: 389, venue: 301, authors: 69, year: 294, n_citations: 157 within (531.627196 total / 1.3291 average)
estimate time left: 0:03:39.301500
[04/02/2022, 17:50:11] (4406 / 4561) title: 400, abstract: 398, venue: 306, authors: 70, year: 301, n_citations: 162 within (546.968699 total / 1.3341 average)
estimate time left: 0:03:26.785500
[04/02/2022, 17:50:29] (4416 / 4561) title: 409, abstract: 408, venue: 314, authors: 71, year: 308, n_citations: 167 within (564.875204 total / 1.3449 average)
estimate time left: 0:03:15.010500
[04/02/2022, 17:50:45] (4426 / 4561) title: 419, abstract: 418, venue: 323, authors: 74, year: 314, n_citations: 171 within (580.515872 total / 1.35 average)
estimate time left: 0:03:02.250000
[04/02/2022, 17:50:58] (4436 / 4561) title: 429, abstract: 426, venue: 330, authors: 75, year: 322, n_citations: 176 within (593.443494 total / 1.3487 average)
estimate time left: 0:02:48.587500
[04/02/2022, 17:51:12] (4446 / 4561) title: 439, abstract: 436, venue: 339, authors: 76, year: 325, n_citations: 180 within (607.893064 total / 1.3509 average)
estimate time left: 0:02:35.353500
[04/02/2022, 17:51:25] (4456 / 4561) title: 448, abstract: 445, venue: 344, authors: 77, year: 333, n_citations: 184 within (621.128141 total / 1.3503 average)
estimate time left: 0:02:21.781500
[04/02/2022, 17:51:38] (4466 / 4561) title: 458, abstract: 455, venue: 348, authors: 77, year: 339, n_citations: 189 within (633.793143 total / 1.3485 average)
estimate time left: 0:02:08.107500
[04/02/2022, 17:51:53] (4476 / 4561) title: 467, abstract: 464, venue: 356, authors: 79, year: 347, n_citations: 193 within (649.115238 total / 1.3523 average)
estimate time left: 0:01:54.945500
[04/02/2022, 17:52:03] (4486 / 4561) title: 477, abstract: 474, venue: 364, authors: 79, year: 354, n_citations: 194 within (658.29347 total / 1.3435 average)
estimate time left: 0:01:40.762500
[04/02/2022, 17:52:16] (4496 / 4561) title: 487, abstract: 484, venue: 372, authors: 80, year: 363, n_citations: 196 within (671.736892 total / 1.3435 average)
estimate time left: 0:01:27.327500
[04/02/2022, 17:52:27] (4506 / 4561) title: 497, abstract: 494, venue: 379, authors: 83, year: 368, n_citations: 201 within (683.203681 total / 1.3396 average)
estimate time left: 0:01:13.678000
[04/02/2022, 17:52:38] (4516 / 4561) title: 507, abstract: 504, venue: 386, authors: 83, year: 375, n_citations: 204 within (693.89005 total / 1.3344 average)
estimate time left: 0:01:00.048000
[04/02/2022, 17:52:49] (4526 / 4561) title: 517, abstract: 514, venue: 394, authors: 85, year: 383, n_citations: 208 within (704.736636 total / 1.3297 average)
estimate time left: 0:00:46.539500
[04/02/2022, 17:53:00] (4536 / 4561) title: 527, abstract: 524, venue: 400, authors: 86, year: 391, n_citations: 212 within (715.377188 total / 1.3248 average)
estimate time left: 0:00:33.120000
[04/02/2022, 17:53:12] (4546 / 4561) title: 537, abstract: 534, venue: 406, authors: 88, year: 396, n_citations: 217 within (727.919286 total / 1.3235 average)
estimate time left: 0:00:19.852500
[04/02/2022, 17:53:26] (4556 / 4561) title: 546, abstract: 544, venue: 415, authors: 91, year: 403, n_citations: 222 within (741.950418 total / 1.3249 average)
estimate time left: 0:00:06.624500
[04/02/2022, 17:53:34] end anchor metrics witin 759.924321
