Child #[6, 7]: psutil.Process(pid=3915, name='python', status='running', started='19:35:01'), affinity [6, 7]
Child #[6, 7]: Set my affinity to [6, 7], affinity now [6, 7]

[04/02/2022, 16:01:06] start computing sampling shap for range: [4, 8]
[04/02/2022, 16:01:49] computing sampling shap 345:355 within 42.9121 sec, 4.2912 on average
[04/02/2022, 16:01:49] instances left: 105
[04/02/2022, 16:01:49] estimating time left: 0:07:30.576000

[[ 4.2878579   3.46565599 -0.24023687  0.         -0.89354671  0.18555872]
 [-0.86902207 -2.73358132 -0.44642654  0.         -0.87587349  0.16597922]
 [-0.77372506 -2.62721046 -0.44978637  0.         -0.94231132  0.32540805]
 [-0.99947923 -2.54411853 -0.59691283  0.         -0.94913429  0.28747879]
 [-0.92365928 -2.60322823 -0.54054665  0.         -0.22091511 -0.08603657]
 [-0.18794086  6.82566003 -0.24439058  0.         -0.42092669 -0.24418885]
 [-1.09140185 -2.61373327 -0.37914347  0.          0.90771984 -0.08838786]
 [ 4.57590258  3.27732647 -0.14334298  0.          0.07897682 -0.14507756]
 [ 4.43859466  3.3088136  -0.08371813  0.         -1.58485179 -0.08223976]
 [-0.63635522 -3.05830645 -0.37299159  0.          0.45806139 -0.096763  ]]
[04/02/2022, 16:02:28] computing sampling shap 355:365 within 39.4388 sec, 4.1176 on average
[04/02/2022, 16:02:28] instances left: 95
[04/02/2022, 16:02:28] estimating time left: 0:06:31.172000

[[-0.36355732  6.9695301  -0.31830558  0.         -0.35034856 -0.14048748]
 [-0.59651847  7.19100568 -0.13475065  0.          0.3836365  -0.09906781]
 [-0.95777906 -2.68592344 -0.39171156  0.         -1.3499882   0.10367013]
 [-1.13480497 -2.38452102 -0.48476857  0.         -0.52128674  0.57450537]
 [-1.09743991 -2.39685956 -0.5152477   0.         -0.66830271 -0.162224  ]
 [ 4.42459068  3.153949    0.          0.         -1.04993836  0.02226515]
 [-0.91634916 -2.44448434 -0.6185219   0.         -1.41961046  0.22174356]
 [-1.02887856 -2.63639906 -0.29006578  0.         -0.52623351 -0.01931955]
 [-0.99769555 -2.64708206 -0.47777454  0.          0.10332766 -0.14412444]
 [-0.37099575  6.98268288 -0.25803399  0.          0.07787633  0.38394657]]
[04/02/2022, 16:03:05] computing sampling shap 365:375 within 37.0995 sec, 3.9818 on average
[04/02/2022, 16:03:05] instances left: 85
[04/02/2022, 16:03:05] estimating time left: 0:05:38.453000

[[-9.68179226e-01 -2.72009231e+00 -3.42051003e-01  0.00000000e+00
   3.69397553e-01 -1.42966257e-01]
 [-6.66088540e-01  7.03441853e+00  0.00000000e+00  0.00000000e+00
   8.11808454e-01 -4.42021586e-02]
 [ 4.31079947e+00  3.32278156e+00 -2.15534212e-01  0.00000000e+00
   7.94908401e-01 -1.50015854e-01]
 [-1.11607779e+00 -2.89615314e+00  0.00000000e+00  0.00000000e+00
  -2.98182921e-01 -1.86799947e-04]
 [ 3.15626657e+00  2.26187833e+00  2.26258003e+00  0.00000000e+00
  -1.71410561e-01 -1.15367688e-01]
 [-1.11948449e+00 -2.38768637e+00 -5.68446456e-01  0.00000000e+00
   4.38244439e-01 -4.01038285e-02]
 [-9.37123264e-01 -2.60491389e+00 -4.62944800e-01  0.00000000e+00
  -1.63497413e-01  7.26740494e-01]
 [-9.67338322e-01 -2.73232423e+00 -4.36065627e-01  0.00000000e+00
  -6.34970640e-01 -1.65671618e-01]
 [-9.66986796e-01 -2.84900122e+00 -3.25598212e-01  0.00000000e+00
  -5.32533523e-01 -2.25594225e-01]
 [-1.16159771e+00 -2.69893538e+00 -1.50504942e-01  0.00000000e+00
  -3.52933117e-03 -2.87780385e-02]]
[04/02/2022, 16:03:41] computing sampling shap 375:385 within 35.3939 sec, 3.8712 on average
[04/02/2022, 16:03:41] instances left: 75
[04/02/2022, 16:03:41] estimating time left: 0:04:50.340000

[[-0.76932909 -2.58824504 -0.55006839  0.          0.72364142 -0.11521607]
 [-0.3372545   6.91820129 -0.2175969   0.         -0.95248032  0.1879707 ]
 [-0.42019385  6.99350734  0.          0.         -1.30504895 -0.11778245]
 [-0.92907981 -2.74897978 -0.50619898  0.         -0.17648184 -0.13945972]
 [-0.92433042 -2.7037874  -0.35138105  0.         -0.28434045  0.14676179]
 [-1.16991486 -2.6690657  -0.07609657  0.         -0.54827567  0.23047848]
 [-1.16311136 -2.54801783 -0.33636013  0.          0.43797412 -0.0907266 ]
 [ 4.45155808  3.17504448 -0.08210293  0.         -1.27134029 -0.07661347]
 [ 4.65420916  3.1011931  -0.080132    0.          0.32250498 -0.13749427]
 [-1.00029903 -2.393485   -0.604632    0.         -0.23500878  0.01544893]]
[04/02/2022, 16:04:17] computing sampling shap 385:395 within 36.5583 sec, 3.8282 on average
[04/02/2022, 16:04:17] instances left: 65
[04/02/2022, 16:04:17] estimating time left: 0:04:08.833000

[[-0.52979368  7.11450752 -0.18785204  0.         -0.55132216 -0.0799485 ]
 [-0.89746915 -2.60927737 -0.51960208  0.         -0.67241687  0.33983302]
 [-1.17312719 -2.31270516 -0.58686858  0.         -0.59349018 -0.17388231]
 [-0.99118846 -2.85679148 -0.26062278  0.          0.15647858  0.22301557]
 [-0.86973777 -2.47220997 -0.64222336  0.         -1.35671429  0.22859607]
 [-0.82053938 -2.73187053 -0.59261062  0.          0.12062689  0.47503274]
 [-0.61120618 -2.91036191 -0.49229664  0.          0.41354862 -0.14711501]
 [-0.69766545 -2.60082075 -0.64633184  0.          0.38400173 -0.14553897]
 [-0.47844763  6.83534957  0.          0.         -0.52031962  0.3365327 ]
 [-1.13909521 -2.45702005 -0.5221662   0.          0.48184082 -0.11099021]]
[04/02/2022, 16:04:54] computing sampling shap 395:405 within 36.7811 sec, 3.8032 on average
[04/02/2022, 16:04:54] instances left: 55
[04/02/2022, 16:04:54] estimating time left: 0:03:29.176000

[[-0.84838405 -2.57382124 -0.63126286  0.          0.40805832 -0.10202137]
 [-0.88933812 -2.58670477 -0.41043612  0.         -0.06410871 -0.09275808]
 [-0.72243227  7.10498058  0.          0.          0.12144022 -0.21242404]
 [-0.39813588  7.14049505 -0.14239217  0.         -0.79328842  0.27650724]
 [-0.99382369 -2.60218635 -0.44104302  0.         -0.59799959  0.17559211]
 [-0.98931041 -2.58357589 -0.55074252  0.          0.09159687  0.44671103]
 [-1.11425313 -2.49426445 -0.42824147  0.          0.84427411 -0.12984525]
 [-0.36875883  7.00853157 -0.28632903  0.          0.80739069 -0.11541762]
 [-1.18977482 -2.44859578 -0.41212264  0.         -0.53167365  0.11748554]
 [-0.99938303 -2.50360624 -0.55594021  0.         -0.30444644  0.56822061]]
[04/02/2022, 16:05:29] computing sampling shap 405:415 within 35.0038 sec, 3.7599 on average
[04/02/2022, 16:05:29] instances left: 45
[04/02/2022, 16:05:29] estimating time left: 0:02:49.195500

[[-3.54325559e-01  1.74704350e+01  0.00000000e+00  0.00000000e+00
  -1.16787476e+00  3.52820175e-01]
 [-1.11983741e+00 -2.63686956e+00 -2.65142353e-01  0.00000000e+00
  -4.57672941e-03 -1.36922544e-01]
 [-1.15593774e+00 -2.64408062e+00 -4.11843667e-01  0.00000000e+00
  -4.59340755e-01 -1.68870826e-01]
 [-8.71511536e-01 -2.43069350e+00 -6.38693355e-01  0.00000000e+00
   7.49374164e-01 -1.30806327e-01]
 [-9.78705721e-01 -2.80372901e+00 -2.45883737e-01  0.00000000e+00
  -1.30961910e+00 -1.88702544e-01]
 [-1.03341873e+00 -2.52138345e+00 -3.67126955e-01  0.00000000e+00
  -3.62889813e-01 -1.26991181e-02]
 [-2.07805248e-01  1.74094596e+01 -1.66417052e-01  0.00000000e+00
  -2.25767373e-01  4.47084886e-02]
 [-9.38065833e-01 -2.77083630e+00 -3.75773898e-01  0.00000000e+00
  -4.76307140e-01  4.87016299e-01]
 [-9.70953482e-01 -2.44396751e+00 -6.69725488e-01  0.00000000e+00
   6.77760148e-02  4.42777794e-01]
 [-1.12190692e+00 -2.47647952e+00 -4.64525856e-01  0.00000000e+00
  -1.10195019e+00  5.35771523e-01]]
[04/02/2022, 16:06:08] computing sampling shap 415:425 within 39.2037 sec, 3.78 on average
[04/02/2022, 16:06:08] instances left: 35
[04/02/2022, 16:06:08] estimating time left: 0:02:12.300000

[[-0.48204558  6.9611934  -0.16093097  0.         -1.14194431 -0.07555881]
 [ 4.29170629  3.22836945  0.          0.          0.67704648 -0.10482677]
 [-1.18900367 -2.3531519  -0.47044961  0.          0.04348699 -0.22795636]
 [-0.77779337 -2.46002669 -0.59367227  0.         -0.76756632  0.19257394]
 [-1.04409488 -2.80017604 -0.15018598  0.         -0.7474407  -0.10800091]
 [-0.4731103   7.12284655 -0.28295636  0.          0.82487699 -0.11711028]
 [-0.9175328  -2.73946593 -0.42827699  0.          0.42065461 -0.03562063]
 [-0.42509587  7.20343177 -0.38547771  0.         -0.98023147  0.27740445]
 [-0.37385307  6.67637258  0.          0.          0.17887138 -0.18982612]
 [-0.92757866 -2.80230025 -0.37090942  0.          0.90857515 -0.0628367 ]]
[04/02/2022, 16:06:44] computing sampling shap 425:435 within 35.9418 sec, 3.7594 on average
[04/02/2022, 16:06:44] instances left: 25
[04/02/2022, 16:06:44] estimating time left: 0:01:33.985000

[[-0.78148797 -2.69063249 -0.5642748   0.          0.43769039 -0.10765065]
 [ 3.08043588  2.09254141  2.22464495  0.          0.7995662  -0.13424914]
 [-0.35321308  6.94702546 -0.15590324  0.         -0.28778389 -0.05347237]
 [-0.93230651 -2.73572026 -0.41640214  0.          0.93633135 -0.17423258]
 [11.17773724 -2.44195516 -0.5376013   0.          0.38191545 -0.06113642]
 [-1.13433681 -2.46851796 -0.4934422   0.         -1.24575708  0.13867884]
 [-0.99146341 -2.60858013 -0.37175889  0.         -0.70716315  0.1682215 ]
 [-0.98003884 -2.64126104 -0.46862285  0.          0.47598832  0.15870415]
 [ 3.13560255  2.29926017  2.25295257  0.         -0.38359498  0.15078062]
 [-1.07571265 -2.71834679 -0.3047004   0.         -0.6655702  -0.0995563 ]]
[04/02/2022, 16:07:18] computing sampling shap 435:445 within 34.3036 sec, 3.7265 on average
[04/02/2022, 16:07:18] instances left: 15
[04/02/2022, 16:07:18] estimating time left: 0:00:55.897500

[[-0.65635234 -2.75162201 -0.65944857  0.          0.44375626 -0.14847995]
 [-1.05389998 -2.49705204 -0.48423686  0.          0.86364712 -0.15078863]
 [-0.86177985  7.92806354 -0.43558921  0.         -0.66379834 -0.11971077]
 [-0.86959736 -2.58762114 -0.62721184  0.          0.90207861 -0.1399785 ]
 [-0.58707972  7.43281315 -0.34238468  0.         -0.50472085  0.19185629]
 [-0.83941082 -2.72956303 -0.47326387  0.         -1.34988726  0.6628686 ]
 [-0.54605128  7.12304713 -0.06946296  0.          0.69092375 -0.15303969]
 [ 6.00543153  2.79068145 -0.53031417  0.         -0.26903738 -0.1479491 ]
 [-1.04136388 -2.63338244 -0.38492883  0.         -0.22684348 -0.08786696]
 [-0.16712586  6.60093169  0.          0.         -0.3510072   0.72415687]]
[04/02/2022, 16:07:55] computing sampling shap 445:455 within 36.3996 sec, 3.7186 on average
[04/02/2022, 16:07:55] instances left: 5
[04/02/2022, 16:07:55] estimating time left: 0:00:18.593000

[[-7.62093115e-01 -2.79374018e+00 -4.39103392e-01  0.00000000e+00
  -5.11057072e-01 -2.11538667e-01]
 [-1.02359578e+00 -2.69999158e+00 -2.80106818e-01  0.00000000e+00
   3.53175048e-01 -2.69574474e-02]
 [-9.94234012e-01 -2.65896455e+00 -3.86526254e-01  0.00000000e+00
   3.83380734e-02  4.16066066e-01]
 [-4.41290446e-01  6.81762942e+00 -1.08805196e-01  0.00000000e+00
   5.50700500e-01  1.50645080e-02]
 [-7.80422291e-01 -2.88615399e+00 -4.26676446e-01  0.00000000e+00
  -2.13797504e-01 -3.55054730e-03]
 [-8.68026955e-01 -2.60388755e+00 -5.86158776e-01  0.00000000e+00
   4.16861833e-01 -3.62648730e-02]
 [-7.43262790e-01 -2.57716539e+00 -6.14175658e-01  0.00000000e+00
  -5.74123875e-01  8.85768349e-01]
 [-1.05821703e+00 -2.89166038e+00  0.00000000e+00  0.00000000e+00
  -2.48483270e-01  4.82613022e-01]
 [-9.64535221e-01 -2.69091971e+00 -2.91234168e-01  0.00000000e+00
   7.78278100e-01 -1.53919060e-01]
 [-1.06612771e+00 -2.59412654e+00 -3.54408187e-01  0.00000000e+00
  -4.72405419e-01 -7.34422587e-02]]
[04/02/2022, 16:07:55] finish computing sampling shap for range: [4, 8] within 409.051417 sec
