
[08/25/2022, 18:06:02] start computing sampling shap for range: [1, 1]
[08/25/2022, 18:06:32] computing sampling shap 0:1000 within 30.1333 sec, 0.0301 on average
[08/25/2022, 18:06:32] instances left: 38345
[08/25/2022, 18:06:32] estimating time left: 0:19:14.184500

[[ 6.38138052e+00  5.29398085e+00  0.00000000e+00 -7.15879403e-02
   1.62189574e-01  5.28402058e-01]
 [ 0.00000000e+00  2.09434784e+01  0.00000000e+00 -7.67854025e-02
   1.62384040e+00  1.51290606e-01]
 [ 0.00000000e+00  0.00000000e+00  0.00000000e+00 -8.11335442e-02
  -6.43935722e-01  1.68363723e-02]
 ...
 [ 6.49037388e+00  5.27784116e+00  0.00000000e+00 -6.35935492e-02
   1.39819028e+00  2.93942753e-01]
 [ 1.16281260e+01  0.00000000e+00  0.00000000e+00 -8.16946739e-02
   5.91361304e-01  6.23445746e-01]
 [ 0.00000000e+00  0.00000000e+00  0.00000000e+00 -8.93683992e-02
   2.93956841e-01  2.68665010e-01]]
[08/25/2022, 18:07:03] computing sampling shap 1000:2000 within 31.099 sec, 0.0306 on average
[08/25/2022, 18:07:03] instances left: 37345
[08/25/2022, 18:07:03] estimating time left: 0:19:02.757000

[[ 6.43939768  5.27020923  0.         -0.05541186  1.70482993  0.08104311]
 [ 0.         10.46682795  0.         -0.08564989  1.28679964  0.        ]
 [ 0.          0.          0.         -0.08172398  1.33221657  0.        ]
 ...
 [ 6.44948677  5.27403064  0.         -0.05450276  1.67662865  0.01537864]
 [ 6.53764551  5.30441136  0.         -0.05654826  1.37148368  0.03747497]
 [ 0.         10.49598172  0.         -0.09490359  0.63048232  0.02337762]]
[08/25/2022, 18:07:34] computing sampling shap 2000:3000 within 30.4397 sec, 0.0306 on average
[08/25/2022, 18:07:34] instances left: 36345
[08/25/2022, 18:07:34] estimating time left: 0:18:32.157000

[[ 0.          0.          0.         -0.08296014 -0.39759218  0.5060047 ]
 [ 0.          0.          0.         -0.09900012 -0.01837012  0.90019613]
 [ 0.          0.          0.         -0.10470077  0.63302213  0.61271302]
 ...
 [ 0.          0.          0.         -0.08810885  0.15316583  0.56905191]
 [ 0.          0.          0.         -0.0893684   0.52141381  0.16167354]
 [ 0.         10.41564939  0.         -0.08497323  1.72852247  0.14775751]]
[08/25/2022, 18:08:04] computing sampling shap 3000:4000 within 30.0524 sec, 0.0304 on average
[08/25/2022, 18:08:04] instances left: 35345
[08/25/2022, 18:08:04] estimating time left: 0:17:54.488000

[[ 0.          0.          0.         -0.07567291  1.81075509  0.        ]
 [ 0.          0.          0.         -0.08296014 -0.44109375  0.33893627]
 [ 6.50622088  5.31406002  0.         -0.06974994  0.38503734  0.41228866]
 ...
 [ 0.         20.94437248  0.         -0.07136484  1.59457689  0.        ]
 [ 0.          0.          0.         -0.07815235  1.3861691   0.05518625]
 [ 0.         10.42954719  0.         -0.09204744  1.36094513  0.32065724]]
[08/25/2022, 18:08:33] computing sampling shap 4000:5000 within 29.7437 sec, 0.0303 on average
[08/25/2022, 18:08:33] instances left: 34345
[08/25/2022, 18:08:33] estimating time left: 0:17:20.653500

[[ 0.          0.          0.         -0.07567291  1.81075509  0.        ]
 [ 0.          0.          0.         -0.0893684   0.28306431  0.25777248]
 [ 0.          0.          0.         -0.09294003  0.17709445  0.        ]
 ...
 [ 0.          0.          0.         -0.07653722  1.85285604  0.08939329]
 [ 0.          0.          0.         -0.07815235  1.3861691   0.05518625]
 [ 0.          0.          0.         -0.07210127  1.8376611   0.02690601]]
[08/25/2022, 18:09:05] computing sampling shap 5000:6000 within 31.0945 sec, 0.0304 on average
[08/25/2022, 18:09:05] instances left: 33345
[08/25/2022, 18:09:05] estimating time left: 0:16:53.688000

[[ 0.         21.03856314  0.         -0.07310314  1.27097752  0.06509745]
 [ 0.         21.0732866   0.         -0.08670572  0.71572553  0.30604654]
 [ 0.         10.42007652  0.         -0.07959881  1.71858672  0.        ]
 ...
 [ 0.          0.          0.         -0.08113354 -0.65423662  0.        ]
 [ 0.         10.42277356  0.         -0.07602718  1.74818977  0.02960305]
 [ 6.55285813  5.30524941  0.         -0.05744611  1.3357287   0.        ]]
[08/25/2022, 18:09:37] computing sampling shap 6000:7000 within 32.3823 sec, 0.0307 on average
[08/25/2022, 18:09:37] instances left: 32345
[08/25/2022, 18:09:37] estimating time left: 0:16:32.991500

[[ 0.          0.          0.         -0.07567291  1.81075509  0.        ]
 [ 0.         10.42257039  0.         -0.07867249  1.73217407  0.01358735]
 [ 0.          0.          0.         -0.08062078 -0.15075053  0.04891712]
 ...
 [ 0.          0.          0.         -0.08172398  1.33221657  0.        ]
 [ 0.          0.          0.         -0.07567291  1.81075509  0.        ]
 [ 0.          0.          0.         -0.09240542  1.06336168  0.26786292]]
[08/25/2022, 18:10:07] computing sampling shap 7000:8000 within 30.1041 sec, 0.0306 on average
[08/25/2022, 18:10:07] instances left: 31345
[08/25/2022, 18:10:07] estimating time left: 0:15:59.157000

[[ 6.57065561  5.33077357  0.         -0.05979635  0.4195756   0.21117716]
 [ 0.         20.94437248  0.         -0.07136484  1.59457689  0.        ]
 [ 6.44769549  5.27312922  0.         -0.05542908  1.66235314  0.        ]
 ...
 [ 6.3851242   5.3212416   0.         -0.06553202 -0.07752622  0.45154079]
 [ 0.         21.08825504  0.         -0.09698936  0.57592903  0.84946622]
 [ 0.         20.94519562  0.         -0.06898051  1.62600822  0.03329435]]
[08/25/2022, 18:10:37] computing sampling shap 8000:9000 within 29.8443 sec, 0.0305 on average
[08/25/2022, 18:10:37] instances left: 30345
[08/25/2022, 18:10:37] estimating time left: 0:15:25.522500

[[ 0.00000000e+00  2.09475308e+01  0.00000000e+00 -7.09227312e-02
   1.60882869e+00  1.42517987e-02]
 [ 6.44769549e+00  5.27312922e+00  0.00000000e+00 -5.54290838e-02
   1.66235314e+00  0.00000000e+00]
 [ 0.00000000e+00  0.00000000e+00  0.00000000e+00 -7.56729052e-02
   1.81075509e+00  0.00000000e+00]
 ...
 [ 1.16960974e+01  0.00000000e+00  0.00000000e+00 -8.05508824e-02
   7.17388698e-01  4.64690348e-01]
 [ 0.00000000e+00  1.05628620e+01  0.00000000e+00 -7.92151473e-02
   1.33473087e+00  6.10583510e-02]
 [ 0.00000000e+00  0.00000000e+00  0.00000000e+00 -9.20137079e-02
   4.46531928e-01  4.07330401e-02]]
[08/25/2022, 18:11:07] computing sampling shap 9000:10000 within 30.231 sec, 0.0305 on average
[08/25/2022, 18:11:07] instances left: 29345
[08/25/2022, 18:11:07] estimating time left: 0:14:55.022500

[[ 0.         10.46682795  0.         -0.08564989  1.28679964  0.        ]
 [ 0.          0.          0.         -0.0893684   0.51294797  0.10714908]
 [ 0.          0.          0.         -0.0893684   0.52141381  0.16167354]
 ...
 [ 0.         20.94437248  0.         -0.07136484  1.59457689  0.        ]
 [ 0.          0.          0.         -0.09294003  0.21375081  0.        ]
 [ 6.64254305  5.329464    0.         -0.06069421  0.74571867  0.        ]]
[08/25/2022, 18:11:38] computing sampling shap 10000:11000 within 30.3049 sec, 0.0305 on average
[08/25/2022, 18:11:38] instances left: 28345
[08/25/2022, 18:11:38] estimating time left: 0:14:24.522500

[[13.2379872  10.563699    0.         -0.05246273  0.99577325  0.16090988]
 [11.59802652  0.          0.         -0.05657967  1.74687355  0.01447722]
 [ 0.          0.          0.         -0.07567291  1.81075509  0.        ]
 ...
 [ 0.          0.          0.         -0.08906552  0.97623294  0.02893156]
 [ 0.          0.          0.         -0.10512315  0.79696384  0.61904614]
 [ 0.          0.          0.         -0.08906552  0.97623294  0.02893156]]
[08/25/2022, 18:12:08] computing sampling shap 11000:12000 within 30.5353 sec, 0.0305 on average
[08/25/2022, 18:12:08] instances left: 27345
[08/25/2022, 18:12:08] estimating time left: 0:13:54.022500

[[ 0.          0.          0.         -0.08172398  1.33221657  0.        ]
 [ 0.          0.          0.         -0.08844377  1.41358527  0.34192359]
 [ 0.          0.          0.         -0.07567291  1.81075509  0.        ]
 ...
 [13.47855472 10.58180073  0.         -0.04246648  0.31363912  0.        ]
 [ 0.          0.          0.         -0.07567291  1.81075509  0.        ]
 [ 0.          0.          0.         -0.08113354 -0.65423662  0.        ]]
[08/25/2022, 18:12:39] computing sampling shap 12000:13000 within 30.4502 sec, 0.0305 on average
[08/25/2022, 18:12:39] instances left: 26345
[08/25/2022, 18:12:39] estimating time left: 0:13:23.522500

[[ 0.          0.          0.         -0.07567291  1.81075509  0.        ]
 [ 0.          0.          0.         -0.08172398  1.33221657  0.        ]
 [ 0.         10.42139669  0.         -0.07675297  1.75823635  0.04088335]
 ...
 [ 0.          0.          0.         -0.07263436  1.85195584  0.04243447]
 [ 0.          0.          0.         -0.08072317  1.41000404  0.12507981]
 [ 0.          0.          0.         -0.07868544  1.37767917  0.09275494]]
[08/25/2022, 18:13:09] computing sampling shap 13000:14000 within 30.5917 sec, 0.0305 on average
[08/25/2022, 18:13:09] instances left: 25345
[08/25/2022, 18:13:09] estimating time left: 0:12:53.022500

[[ 0.         10.42257039  0.         -0.07867249  1.73217407  0.01358735]
 [ 0.          0.          0.         -0.08681856 -0.40439193  0.60965105]
 [ 0.          0.          0.         -0.08372891  0.2755264   0.26986192]
 ...
 [ 0.          0.          0.         -0.08172398  1.33221657  0.        ]
 [ 0.          0.          0.         -0.07210127  1.84199257  0.03247121]
 [ 0.          0.          0.         -0.09294003  0.21375081  0.        ]]
[08/25/2022, 18:13:39] computing sampling shap 14000:15000 within 29.7988 sec, 0.0305 on average
[08/25/2022, 18:13:39] instances left: 24345
[08/25/2022, 18:13:39] estimating time left: 0:12:22.522500

[[ 0.          0.          0.         -0.1053549   0.51186268  0.77193409]
 [ 0.         21.09577605  0.         -0.08208409  0.2575986   0.26978674]
 [ 0.         20.98204378  0.         -0.08879985  0.45223707  0.12078513]
 ...
 [ 6.44769549  5.27312922  0.         -0.05542908  1.66235314  0.        ]
 [ 0.          0.          0.         -0.07567291  1.81075509  0.        ]
 [ 0.          0.          0.         -0.08642021  1.02176319  0.07569553]]
[08/25/2022, 18:14:10] computing sampling shap 15000:16000 within 30.6659 sec, 0.0305 on average
[08/25/2022, 18:14:10] instances left: 23345
[08/25/2022, 18:14:10] estimating time left: 0:11:52.022500

[[ 0.00000000e+00  0.00000000e+00  0.00000000e+00 -8.15597908e-02
  -5.78949990e-01  3.09701057e-02]
 [ 1.31513976e+01  1.05372404e+01  0.00000000e+00 -3.78649148e-02
   1.44768175e+00  0.00000000e+00]
 [ 0.00000000e+00  0.00000000e+00  0.00000000e+00 -8.08395002e-02
   1.80730100e+00  1.48348525e-01]
 ...
 [ 6.52886078e+00  5.34651119e+00  0.00000000e+00 -5.51225135e-02
  -4.35384961e-01  4.93160390e-03]
 [ 6.49107423e+00  5.28467201e+00  0.00000000e+00 -7.67390209e-02
   1.13248591e+00  4.19093203e-01]
 [ 0.00000000e+00  0.00000000e+00  0.00000000e+00 -8.17239840e-02
   1.33221657e+00  0.00000000e+00]]
[08/25/2022, 18:14:42] computing sampling shap 16000:17000 within 32.1758 sec, 0.0306 on average
[08/25/2022, 18:14:42] instances left: 22345
[08/25/2022, 18:14:42] estimating time left: 0:11:23.757000

[[ 0.         21.0426639   0.         -0.07237734  1.2600659   0.05418583]
 [ 0.         10.44753887  0.         -0.0995937   1.03445461  0.43137241]
 [ 0.          0.          0.         -0.10426807  0.63602408  0.6345574 ]
 ...
 [ 0.          0.          0.         -0.08172398  1.33221657  0.        ]
 [ 0.          0.          0.         -0.0769622  -0.12210802  0.48430598]
 [ 0.          0.          0.         -0.08172398  1.33221657  0.        ]]
[08/25/2022, 18:15:12] computing sampling shap 17000:18000 within 30.1751 sec, 0.0306 on average
[08/25/2022, 18:15:12] instances left: 21345
[08/25/2022, 18:15:12] estimating time left: 0:10:53.157000

[[ 0.00000000e+00  0.00000000e+00  0.00000000e+00 -7.87419318e-02
  -2.94018805e-01  2.92918956e-01]
 [ 0.00000000e+00  0.00000000e+00  0.00000000e+00 -8.07976594e-02
   1.35998359e+00  2.77670148e-02]
 [ 0.00000000e+00  0.00000000e+00  0.00000000e+00 -7.56729052e-02
   1.81075509e+00  0.00000000e+00]
 ...
 [ 0.00000000e+00  1.04603150e+01  0.00000000e+00 -8.42288337e-02
   1.35807415e+00  1.18566846e-01]
 [ 1.15942436e+01  0.00000000e+00  0.00000000e+00 -5.51426964e-02
   1.75890320e+00  2.65068577e-02]
 [ 0.00000000e+00  0.00000000e+00  0.00000000e+00 -7.47465805e-02
   1.82184857e+00  1.10934794e-02]]
[08/25/2022, 18:15:42] computing sampling shap 18000:19000 within 30.417 sec, 0.0305 on average
[08/25/2022, 18:15:42] instances left: 20345
[08/25/2022, 18:15:42] estimating time left: 0:10:20.522500

[[11.59275039  0.          0.         -0.05542921  1.76945025  0.03767078]
 [ 0.         20.94437248  0.         -0.07136484  1.59457689  0.        ]
 [ 0.          0.          0.         -0.07210127  1.8376611   0.02690601]
 ...
 [ 0.          0.          0.         -0.08172398  1.33221657  0.        ]
 [ 0.         10.49800717  0.         -0.09397727  0.63892893  0.03182423]
 [11.78899988  0.          0.         -0.06227897  1.06440286  0.        ]]
[08/25/2022, 18:16:13] computing sampling shap 19000:20000 within 30.494 sec, 0.0305 on average
[08/25/2022, 18:16:13] instances left: 19345
[08/25/2022, 18:16:13] estimating time left: 0:09:50.022500

[[ 0.          0.          0.         -0.07567291  1.81075509  0.        ]
 [ 6.44769549  5.27312922  0.         -0.05542908  1.66235314  0.        ]
 [ 6.54641859  5.30615083  0.         -0.05798523  1.35844692  0.02382135]
 ...
 [ 0.          0.          0.         -0.0893684   0.35766563  0.25489751]
 [ 0.         10.47218996  0.         -0.09288481  1.03728761  0.24916464]
 [ 0.          0.          0.         -0.08730054  0.15746709  0.        ]]
[08/25/2022, 18:16:44] computing sampling shap 20000:21000 within 30.894 sec, 0.0306 on average
[08/25/2022, 18:16:44] instances left: 18345
[08/25/2022, 18:16:44] estimating time left: 0:09:21.357000

[[ 0.          0.          0.         -0.07567291  1.81075509  0.        ]
 [ 0.          0.          0.         -0.07567291  1.81075509  0.        ]
 [ 0.          0.          0.         -0.0815471  -0.02099688  0.04161831]
 ...
 [ 0.          0.          0.         -0.07474658  1.82184857  0.01109348]
 [ 0.         10.46932182  0.         -0.08472357  1.31706053  0.03026089]
 [ 0.         10.44691127  0.         -0.1029746   0.75724207  0.47299991]]
[08/25/2022, 18:17:14] computing sampling shap 21000:22000 within 30.4111 sec, 0.0306 on average
[08/25/2022, 18:17:14] instances left: 17345
[08/25/2022, 18:17:14] estimating time left: 0:08:50.757000

[[ 0.         10.49498476  0.         -0.09490359  0.6071047   0.        ]
 [ 0.          0.          0.         -0.08172398  1.33221657  0.        ]
 [ 0.          0.          0.         -0.07815235  1.3861691   0.05518625]
 ...
 [ 0.         10.49498476  0.         -0.09490359  0.6071047   0.        ]
 [ 0.          0.          0.         -0.08042551 -0.34802815  0.48808264]
 [ 6.44344445  5.27209075  0.         -0.05326825  1.69726546  0.03663231]]
[08/25/2022, 18:17:45] computing sampling shap 22000:23000 within 30.8698 sec, 0.0306 on average
[08/25/2022, 18:17:45] instances left: 16345
[08/25/2022, 18:17:45] estimating time left: 0:08:20.157000

[[ 0.00000000e+00  0.00000000e+00  0.00000000e+00 -7.21012718e-02
   1.84199257e+00  3.24712097e-02]
 [ 6.54223150e+00  5.28966486e+00  0.00000000e+00 -7.45568087e-02
   1.11847951e+00  2.65797606e-01]
 [ 0.00000000e+00  0.00000000e+00  0.00000000e+00 -7.92983879e-02
   1.39359435e+00  6.26115053e-02]
 ...
 [ 6.61807968e+00  5.30876148e+00  0.00000000e+00 -5.27947712e-02
   1.65212430e+00  1.53786362e-02]
 [ 0.00000000e+00  2.10421683e+01  0.00000000e+00 -7.43195651e-02
   1.24160118e+00  3.38580935e-02]
 [ 0.00000000e+00  0.00000000e+00  0.00000000e+00 -8.08395002e-02
   1.83050124e+00  1.25148284e-01]]
[08/25/2022, 18:18:15] computing sampling shap 23000:24000 within 29.8864 sec, 0.0305 on average
[08/25/2022, 18:18:15] instances left: 15345
[08/25/2022, 18:18:15] estimating time left: 0:07:48.022500

[[ 0.00000000e+00  0.00000000e+00  0.00000000e+00 -7.97824079e-02
  -4.23759314e-01  2.69243585e-01]
 [ 0.00000000e+00  0.00000000e+00  0.00000000e+00 -7.80988347e-02
  -4.20527887e-01  5.00434490e-02]
 [ 1.31513976e+01  1.05372404e+01  0.00000000e+00 -3.78649148e-02
   1.44768175e+00  0.00000000e+00]
 ...
 [ 6.54861008e+00  5.29227973e+00  0.00000000e+00 -7.55395378e-02
   6.70650120e-01  3.83079711e-01]
 [ 0.00000000e+00  2.10403059e+01  0.00000000e+00 -7.47616780e-02
   1.22784428e+00  2.01011921e-02]
 [ 0.00000000e+00  1.04225704e+01  0.00000000e+00 -7.86724874e-02
   1.73217407e+00  1.35873496e-02]]
[08/25/2022, 18:18:45] computing sampling shap 24000:25000 within 29.955 sec, 0.0305 on average
[08/25/2022, 18:18:45] instances left: 14345
[08/25/2022, 18:18:45] estimating time left: 0:07:17.522500

[[ 0.          0.          0.         -0.09051444  0.35466213  0.29271393]
 [ 0.          0.          0.         -0.08844377  1.41358527  0.34192359]
 [ 0.         10.41954277  0.         -0.07817775  1.76924829  0.05189529]
 ...
 [ 6.55132544  5.29367584  0.         -0.07455681  1.14356279  0.22172673]
 [ 0.          0.          0.         -0.08172398  1.33221657  0.        ]
 [ 0.          0.          0.         -0.07567291  1.81075509  0.        ]]
[08/25/2022, 18:19:15] computing sampling shap 25000:26000 within 30.1919 sec, 0.0305 on average
[08/25/2022, 18:19:15] instances left: 13345
[08/25/2022, 18:19:15] estimating time left: 0:06:47.022500

[[ 0.00000000e+00  0.00000000e+00  0.00000000e+00 -8.64202118e-02
   1.02176319e+00  7.56955281e-02]
 [ 0.00000000e+00  0.00000000e+00  0.00000000e+00 -9.20137079e-02
   6.53166641e-01  2.88018180e-02]
 [ 0.00000000e+00  1.04200765e+01  0.00000000e+00 -7.95988120e-02
   1.71858672e+00  0.00000000e+00]
 ...
 [ 0.00000000e+00  2.10403059e+01  0.00000000e+00 -7.47616780e-02
   1.22784428e+00  2.01011921e-02]
 [ 0.00000000e+00  0.00000000e+00  0.00000000e+00 -8.99918451e-02
   9.64164232e-01  1.68628484e-02]
 [ 0.00000000e+00  0.00000000e+00  0.00000000e+00 -9.91143136e-02
   1.07321630e+00  4.74721779e-01]]
[08/25/2022, 18:19:46] computing sampling shap 26000:27000 within 30.2351 sec, 0.0305 on average
[08/25/2022, 18:19:46] instances left: 12345
[08/25/2022, 18:19:46] estimating time left: 0:06:16.522500

[[ 0.00000000e+00  1.04985667e+01  0.00000000e+00 -9.13319597e-02
   6.92275696e-01  8.64047211e-02]
 [ 0.00000000e+00  0.00000000e+00  0.00000000e+00 -9.42991642e-02
   1.76355818e-01  6.20503201e-04]
 [ 0.00000000e+00  0.00000000e+00  0.00000000e+00 -8.06334661e-02
  -5.80447076e-01  1.05604592e-01]
 ...
 [ 6.53505232e+00  5.30426902e+00  0.00000000e+00 -5.65482566e-02
   1.37285144e+00  3.88427338e-02]
 [ 0.00000000e+00  2.09800153e+01  0.00000000e+00 -9.11055990e-02
   5.94938315e-01  3.48579026e-02]
 [ 0.00000000e+00  0.00000000e+00  0.00000000e+00 -7.56729052e-02
   1.81075509e+00  0.00000000e+00]]
[08/25/2022, 18:20:16] computing sampling shap 27000:28000 within 29.9906 sec, 0.0305 on average
[08/25/2022, 18:20:16] instances left: 11345
[08/25/2022, 18:20:16] estimating time left: 0:05:46.022500

[[ 0.          0.          0.         -0.07474658  1.82184857  0.01109348]
 [ 0.         10.44550352  0.         -0.10254189  0.76221908  0.5048782 ]
 [ 6.44769549  5.27312922  0.         -0.05542908  1.66235314  0.        ]
 ...
 [ 0.          0.          0.         -0.09129019 -0.3757069   0.68409565]
 [ 0.          0.          0.         -0.08079766  1.35998359  0.02776701]
 [ 0.          0.          0.         -0.09294003  0.43754078  0.03050817]]
[08/25/2022, 18:20:46] computing sampling shap 28000:29000 within 30.7512 sec, 0.0305 on average
[08/25/2022, 18:20:46] instances left: 10345
[08/25/2022, 18:20:46] estimating time left: 0:05:15.522500

[[ 0.          0.          0.         -0.09201371  0.25590677  0.04338968]
 [ 6.62226939  5.32901351  0.         -0.05979635  0.81012975  0.06613107]
 [ 6.47665802  5.3323443   0.         -0.05850716  0.06835849  0.2401628 ]
 ...
 [ 0.         10.42007652  0.         -0.07959881  1.71858672  0.        ]
 [ 0.         10.45587818  0.         -0.09287528 -0.14206821  0.70953348]
 [ 0.          0.          0.         -0.08172398  1.34808906  0.01587249]]
[08/25/2022, 18:21:17] computing sampling shap 29000:30000 within 30.3976 sec, 0.0305 on average
[08/25/2022, 18:21:17] instances left: 9345
[08/25/2022, 18:21:17] estimating time left: 0:04:45.022500

[[ 0.          0.          0.         -0.09401877  0.06732647  0.82999389]
 [ 0.          0.          0.         -0.1053549   0.81133111  0.66324987]
 [ 6.51203514  5.29837816  0.         -0.05763793  1.36992078  0.11171807]
 ...
 [ 0.         21.067598    0.         -0.09069503  0.72990641  0.41464596]
 [ 0.         10.42007652  0.         -0.07959881  1.71858672  0.        ]
 [ 6.44769549  5.27312922  0.         -0.05542908  1.66235314  0.        ]]
[08/25/2022, 18:21:47] computing sampling shap 30000:31000 within 29.7631 sec, 0.0305 on average
[08/25/2022, 18:21:47] instances left: 8345
[08/25/2022, 18:21:47] estimating time left: 0:04:14.522500

[[ 0.          0.          0.         -0.09429916  0.17573531  0.        ]
 [ 0.         10.49800717  0.         -0.09397727  0.63892893  0.03182423]
 [ 0.          0.          0.         -0.10370298  0.39918695  0.57795624]
 ...
 [ 6.5497727   5.32175285  0.         -0.06998086  0.42723187  0.36158729]
 [ 0.          0.          0.         -0.08172398  1.33221657  0.        ]
 [ 0.          0.          0.         -0.09294003  0.43026768  0.02323507]]
[08/25/2022, 18:22:17] computing sampling shap 31000:32000 within 30.4545 sec, 0.0305 on average
[08/25/2022, 18:22:17] instances left: 7345
[08/25/2022, 18:22:17] estimating time left: 0:03:44.022500

[[ 0.          0.          0.         -0.10783102  0.71980276  0.81574229]
 [ 0.          0.          0.         -0.07210127  1.8376611   0.02690601]
 [ 0.          0.          0.         -0.07567291  1.81075509  0.        ]
 ...
 [ 0.          0.          0.         -0.09201371  0.25590677  0.04338968]
 [ 6.54571946  5.29092117  0.         -0.07686352  0.68356494  0.42848415]
 [ 0.          0.          0.         -0.0815471  -0.06138147  0.        ]]
[08/25/2022, 18:22:47] computing sampling shap 32000:33000 within 29.8485 sec, 0.0305 on average
[08/25/2022, 18:22:47] instances left: 6345
[08/25/2022, 18:22:47] estimating time left: 0:03:13.522500

[[ 6.63640685e+00  5.33973715e+00  0.00000000e+00 -6.06942064e-02
   3.72279903e-01  0.00000000e+00]
 [ 6.38267282e+00  1.57324025e+01  0.00000000e+00 -5.10658982e-02
   1.59286088e+00  0.00000000e+00]
 [ 0.00000000e+00  2.10643577e+01  0.00000000e+00 -8.10671928e-02
   8.51108417e-01  0.00000000e+00]
 ...
 [ 0.00000000e+00  0.00000000e+00  0.00000000e+00 -9.63595884e-02
   1.57756731e-01  1.00671096e+00]
 [ 0.00000000e+00  0.00000000e+00  0.00000000e+00 -8.07231684e-02
   1.37200338e+00  1.91589427e-01]
 [ 0.00000000e+00  0.00000000e+00  0.00000000e+00 -9.42991642e-02
   1.76355818e-01  6.20503201e-04]]
[08/25/2022, 18:23:17] computing sampling shap 33000:34000 within 30.2931 sec, 0.0304 on average
[08/25/2022, 18:23:17] instances left: 5345
[08/25/2022, 18:23:17] estimating time left: 0:02:42.488000

[[ 0.          0.          0.         -0.08922092  0.024076    0.59136393]
 [ 0.          0.          0.         -0.09603861  0.43022517  0.44712702]
 [ 0.         10.4688534   0.         -0.08564989  1.30469758  0.01789794]
 ...
 [ 6.59785386  5.31698937  0.         -0.06808582  0.63981393  0.23507969]
 [ 0.          0.          0.         -0.08155979 -0.62186172  0.03891037]
 [ 0.          0.          0.         -0.07874193 -0.24389371  0.46661091]]
[08/25/2022, 18:23:47] computing sampling shap 34000:35000 within 30.0721 sec, 0.0304 on average
[08/25/2022, 18:23:47] instances left: 4345
[08/25/2022, 18:23:47] estimating time left: 0:02:12.088000

[[ 6.52019897  5.28804834  0.         -0.07749053  0.70340865  0.49370599]
 [ 0.          0.          0.         -0.09072753  0.30885492  0.28492222]
 [ 0.         10.42007652  0.         -0.07959881  1.71858672  0.        ]
 ...
 [13.24221391 10.57259317  0.         -0.04002837  1.20392031  0.02796968]
 [ 0.         10.46885963  0.         -0.08207826  1.33519673  0.04963081]
 [ 6.61563984  5.32175516  0.         -0.06117692  1.05490062  0.01449262]]
[08/25/2022, 18:24:17] computing sampling shap 35000:36000 within 30.0891 sec, 0.0304 on average
[08/25/2022, 18:24:17] instances left: 3345
[08/25/2022, 18:24:17] estimating time left: 0:01:41.688000

[[ 0.00000000e+00  0.00000000e+00  2.05262624e+01 -4.00816752e-02
  -9.85250895e-02  0.00000000e+00]
 [ 0.00000000e+00  1.04303531e+01  0.00000000e+00 -9.29008758e-02
   1.33848748e+00  3.81046526e-01]
 [ 0.00000000e+00  0.00000000e+00  0.00000000e+00 -1.04268067e-01
   6.36024076e-01  6.34557397e-01]
 ...
 [ 0.00000000e+00  0.00000000e+00  0.00000000e+00 -7.21012718e-02
   1.83766110e+00  2.69060112e-02]
 [ 0.00000000e+00  2.10677549e+01  0.00000000e+00 -8.10671928e-02
   8.71368490e-01  2.02600727e-02]
 [ 0.00000000e+00  0.00000000e+00  0.00000000e+00 -7.47465805e-02
   1.82184857e+00  1.10934794e-02]]
[08/25/2022, 18:24:48] computing sampling shap 36000:37000 within 30.1684 sec, 0.0304 on average
[08/25/2022, 18:24:48] instances left: 2345
[08/25/2022, 18:24:48] estimating time left: 0:01:11.288000

[[ 6.48730972  5.2775192   0.         -0.06487969  1.38942898  0.31549812]
 [ 0.         10.47218996  0.         -0.09288481  1.04110457  0.2529816 ]
 [12.7371449  10.52340427  0.         -0.04231569  1.18378075  0.03707686]
 ...
 [ 0.         10.52951125  0.         -0.08687919  1.36315709  0.22155791]
 [ 0.          0.          0.         -0.09064556  1.38629801  0.50052856]
 [ 0.         21.07173108  0.         -0.08062508  0.88741334  0.03630493]]
[08/25/2022, 18:25:18] computing sampling shap 37000:38000 within 30.3273 sec, 0.0304 on average
[08/25/2022, 18:25:18] instances left: 1345
[08/25/2022, 18:25:18] estimating time left: 0:00:40.888000

[[ 1.20615469e+01  0.00000000e+00  0.00000000e+00 -6.31614431e-02
   7.85661125e-01  2.80095675e-02]
 [ 0.00000000e+00  1.04688534e+01  0.00000000e+00 -8.56498908e-02
   1.30469758e+00  1.78979401e-02]
 [ 0.00000000e+00  0.00000000e+00  0.00000000e+00 -7.56729052e-02
   1.81075509e+00  0.00000000e+00]
 ...
 [ 0.00000000e+00  1.04688534e+01  0.00000000e+00 -8.56498908e-02
   1.30469758e+00  1.78979401e-02]
 [ 0.00000000e+00  0.00000000e+00  0.00000000e+00 -7.47465805e-02
   1.82184857e+00  1.10934794e-02]
 [ 6.44769549e+00  5.27312922e+00  0.00000000e+00 -5.54290838e-02
   1.66235314e+00  0.00000000e+00]]
[08/25/2022, 18:25:48] computing sampling shap 38000:39000 within 30.1911 sec, 0.0304 on average
[08/25/2022, 18:25:48] instances left: 345
[08/25/2022, 18:25:48] estimating time left: 0:00:10.488000

[[ 0.          0.          0.         -0.08906552  0.97623294  0.02893156]
 [ 6.5827461   5.31935881  0.         -0.06100888  1.08459975  0.12061462]
 [ 6.48855188  5.28573212  0.         -0.07889231  0.89631533  0.4935723 ]
 ...
 [ 0.          0.          0.         -0.08925081  0.30665505  0.46675676]
 [ 6.49061047  5.28635337  0.         -0.07800731  0.72476873  0.54293694]
 [ 0.          0.          0.         -0.07567291  1.81075509  0.        ]]
[08/25/2022, 18:25:59] computing sampling shap 39000:39345 within 10.6859 sec, 0.0299 on average
[08/25/2022, 18:25:59] instances left: -655
[08/25/2022, 18:25:59] estimating time left: -1 day, 23:59:40.415500

[[ 0.00000000e+00  0.00000000e+00  0.00000000e+00 -8.93683992e-02
   5.12947971e-01  1.07149084e-01]
 [ 6.45039471e+00  5.26953652e+00  0.00000000e+00 -5.97141407e-02
   1.71244832e+00  1.27621174e-01]
 [ 0.00000000e+00  2.09475308e+01  0.00000000e+00 -7.09227312e-02
   1.60882869e+00  1.42517987e-02]
 ...
 [ 6.44769549e+00  5.27312922e+00  0.00000000e+00 -5.54290838e-02
   1.66235314e+00  0.00000000e+00]
 [ 0.00000000e+00  0.00000000e+00  0.00000000e+00 -7.21012718e-02
   1.84199257e+00  3.24712097e-02]
 [ 0.00000000e+00  0.00000000e+00  0.00000000e+00 -8.07976594e-02
   1.35998359e+00  2.77670148e-02]]
[08/25/2022, 18:25:59] finish computing sampling shap for range: [1, 1] within 1197.035457 sec
