Child #[15, 15]: psutil.Process(pid=4720, name='python', status='running', started='03:30:25'), affinity [15]
Child #[15, 15]: Set my affinity to [15, 15], affinity now [15]

[03/30/2022, 07:26:41] start computing sampling shap for range: [8, 8]
[03/30/2022, 07:27:21] computing sampling shap 1407:1417 within 39.7304 sec, 3.9731 on average
[03/30/2022, 07:27:21] instances left: 189
[03/30/2022, 07:27:21] estimating time left: 0:12:30.915900

[[-0.39533426  5.08665824 -0.3061686   0.          0.95574746 -0.12626709]
 [-1.21210183 -4.66109564 -0.13183728  0.          0.5698272  -0.2516064 ]
 [-0.81563403 -5.13035172 -0.26167283  0.          0.07647049  0.40909142]
 [-0.70805303 -5.28527096 -0.20478064  0.         -1.04715523 -0.14430607]
 [-0.95872146 -4.87603012 -0.16478136  0.          0.97306116 -0.1183687 ]
 [-0.46814108  5.25222977 -0.35070356  0.         -0.49627318 -0.14815442]
 [-0.23011319 15.4059683  -0.13942561  0.         -1.17989304  0.59442883]
 [-1.01374458 -4.77863811 -0.26882188  0.         -0.29612749 -0.18472308]
 [-0.9335978  -5.11636211 -0.0795249   0.          0.34844489  0.16432338]
 [-0.10692615 15.09514937 -0.0835657   0.         -0.3798363   0.48776422]]
[03/30/2022, 07:28:00] computing sampling shap 1417:1427 within 38.9867 sec, 3.936 on average
[03/30/2022, 07:28:00] instances left: 179
[03/30/2022, 07:28:00] estimating time left: 0:11:44.544000

[[-0.80493727 -5.17331812 -0.08485316  0.          0.61248491 -0.17972949]
 [-0.39393607  4.80404251 -0.08081397  0.         -0.17869953 -0.2209317 ]
 [-0.79619346 -5.30779825 -0.13417582  0.         -0.58241006 -0.21478405]
 [-0.48600291  4.8726455  -0.08469245  0.         -0.31556732  0.14362156]
 [-0.32347907  4.80030293 -0.07995328  0.         -0.39022711  0.05937562]
 [-0.32018139  4.89773883 -0.07771704  0.          0.5165454  -0.07778435]
 [-0.31063501  4.80889975 -0.07769577  0.         -0.03176778 -0.01174358]
 [-0.75096511  5.05396868  0.          0.         -0.41162468 -0.13917746]
 [-1.0025668  -4.9344511  -0.08393366  0.         -0.6897075   0.39770951]
 [-0.31443062  5.19466272 -0.32946966  0.         -0.76980341  0.50721419]]
[03/30/2022, 07:28:40] computing sampling shap 1427:1437 within 40.8148 sec, 3.9846 on average
[03/30/2022, 07:28:40] instances left: 169
[03/30/2022, 07:28:40] estimating time left: 0:11:13.397400

[[-0.90011332 -4.72928655 -0.46825354  0.         -0.30985732  0.27059736]
 [10.13672065  7.76214315 -0.09481057  0.         -0.24195057 -0.1587068 ]
 [ 4.62539942  1.57241895 -0.19713484  0.         -0.46571543  0.17381663]
 [-0.36172574  4.96905425 -0.31174265  0.         -1.02963029 -0.19693358]
 [-0.11795273  4.65373879 -0.07979632  0.          0.51407515  0.11644792]
 [-1.08517393 -4.97127952  0.          0.         -0.7808893  -0.24289186]
 [-1.02983816 -4.97267709  0.          0.          0.15523726  0.09086507]
 [-0.99857287 -5.06940928 -0.1428106   0.          0.40204073 -0.13966966]
 [-0.96094905 -4.93768761 -0.19624072  0.         -0.39682549  0.11125807]
 [-0.229415   15.18829985 -0.08299365  0.         -0.4715162  -0.22518464]]
[03/30/2022, 07:29:21] computing sampling shap 1437:1447 within 40.3204 sec, 3.9965 on average
[03/30/2022, 07:29:21] instances left: 159
[03/30/2022, 07:29:21] estimating time left: 0:10:35.443500

[[-2.62722253e-01  1.52187213e+01 -1.66292184e-01  0.00000000e+00
  -1.02463040e+00 -2.31146154e-01]
 [-3.75698796e-01  5.05369698e+00 -2.26118405e-01  0.00000000e+00
   5.67701226e-01 -9.95238950e-02]
 [-7.70390037e-01 -5.05488833e+00 -2.90618389e-01  0.00000000e+00
   2.64754944e-01 -1.33928591e-01]
 [ 1.05608516e+01  7.20273271e+00 -9.48248931e-02  0.00000000e+00
  -2.67502424e-01  1.79179785e-01]
 [-1.13184303e+00 -5.00358544e+00  0.00000000e+00  0.00000000e+00
  -7.50562652e-03 -1.76062398e-01]
 [-2.63343144e-01  4.80900263e+00 -7.50123218e-02  0.00000000e+00
  -4.54980877e-01  1.57749676e-01]
 [-8.36166917e-01 -5.05739618e+00 -1.58176496e-01  0.00000000e+00
   9.51468921e-01  7.12752174e-02]
 [ 4.09866140e+00  2.00400330e+00 -2.58753645e-01  0.00000000e+00
   8.56827936e-01 -9.69224939e-02]
 [-9.28496709e-01 -4.81582560e+00 -1.79883260e-01  0.00000000e+00
   4.71389961e-01  1.21955562e-01]
 [-4.08035863e-01  5.21803157e+00 -3.74790199e-01  0.00000000e+00
   6.04173254e-01 -1.85131543e-01]]
[03/30/2022, 07:30:00] computing sampling shap 1447:1457 within 39.4868 sec, 3.987 on average
[03/30/2022, 07:30:00] instances left: 149
[03/30/2022, 07:30:00] estimating time left: 0:09:54.063000

[[-0.89412673 -5.16347467  0.          0.         -0.30212704 -0.10646277]
 [-1.27514023 -4.83021789  0.          0.         -0.3085185   0.38145829]
 [-1.10691979 -4.88258906 -0.08397519  0.         -0.04824821  0.30108301]
 [-1.0922743  -4.83097079 -0.2251479   0.          0.2796757  -0.07839386]
 [-0.38338111  5.1800801  -0.15527492  0.         -1.29297531  0.09989408]
 [-1.09287055 -4.94466144 -0.13329208  0.          0.33928246 -0.2147295 ]
 [-1.00191319 -4.82651975 -0.24770004  0.          0.61904926 -0.22973014]
 [-0.42449733  4.85132542  0.          0.          0.30204343 -0.10043867]
 [-1.02649172 -5.07021655  0.          0.          0.24727299 -0.1968359 ]
 [-1.0416692  -5.04468046  0.          0.         -0.57420227  0.14521799]]
[03/30/2022, 07:30:40] computing sampling shap 1457:1467 within 39.889 sec, 3.9874 on average
[03/30/2022, 07:30:40] instances left: 139
[03/30/2022, 07:30:40] estimating time left: 0:09:14.248600

[[-4.42664817e-01  4.98112619e+00 -8.16410625e-02  0.00000000e+00
  -8.86163930e-01 -2.33369105e-01]
 [-1.35812877e-01  4.62289554e+00 -1.29383074e-01  0.00000000e+00
   6.13024357e-01  7.33068712e-02]
 [-9.07728492e-01 -4.84281105e+00 -2.86657549e-01  0.00000000e+00
  -5.06595284e-01  1.14782033e-01]
 [-8.09583105e-01 -5.23970644e+00 -2.32760201e-01  0.00000000e+00
  -3.51149418e-01  2.24608027e-01]
 [-3.35261504e-01  4.83541141e+00  0.00000000e+00  0.00000000e+00
  -5.56420946e-01 -1.18390708e-01]
 [-7.41671432e-01  5.10438807e+00  0.00000000e+00  0.00000000e+00
  -4.40360728e-01 -3.00416429e-03]
 [-4.65285486e-01  5.19271309e+00 -3.36200392e-01  0.00000000e+00
  -3.55354591e-01 -1.35195984e-01]
 [-9.65995101e-01 -4.84303335e+00 -2.41880953e-01  0.00000000e+00
   2.60876044e-01 -1.58388473e-01]
 [-9.20669904e-01 -5.03094838e+00 -1.86437449e-01  0.00000000e+00
  -2.92526317e-02 -1.12758548e-01]
 [-9.06688365e-01 -4.96089801e+00 -1.87891134e-01  0.00000000e+00
  -3.65082786e-02  3.61372836e-01]]
[03/30/2022, 07:31:21] computing sampling shap 1467:1477 within 41.3485 sec, 4.0085 on average
[03/30/2022, 07:31:21] instances left: 129
[03/30/2022, 07:31:21] estimating time left: 0:08:37.096500

[[-1.76586948e-01  1.48950653e+01  0.00000000e+00  0.00000000e+00
   8.86355552e-01 -1.27701643e-01]
 [-7.94343045e-01 -5.18810181e+00  0.00000000e+00  0.00000000e+00
  -1.11699435e+00  3.87393422e-01]
 [-3.54924307e-01  4.97588787e+00 -1.89309071e-01  0.00000000e+00
   9.37601624e-01 -1.19740537e-01]
 [-4.23577416e-01  5.13999833e+00 -2.15529973e-01  0.00000000e+00
  -1.01000961e+00  6.10805372e-01]
 [-7.78290867e-01 -5.20071180e+00 -8.13999383e-02  0.00000000e+00
  -4.28462307e-01  1.23618430e-01]
 [-9.82690982e-01 -5.04250856e+00 -8.29300882e-02  0.00000000e+00
  -4.70245273e-01 -2.38120537e-01]
 [-7.83965322e-01  5.19341740e+00  0.00000000e+00  0.00000000e+00
   2.24167852e-01 -2.58561440e-01]
 [-9.99059320e-01 -4.92693946e+00 -1.34671968e-01  0.00000000e+00
  -9.43670388e-02  3.13804781e-02]
 [-1.72671857e-01  4.62818346e+00  0.00000000e+00  0.00000000e+00
  -1.81737190e-01  6.57143600e-03]
 [-7.62171421e-01 -5.39094128e+00  0.00000000e+00  0.00000000e+00
  -1.09230090e+00 -1.40475996e-01]]
[03/30/2022, 07:32:01] computing sampling shap 1477:1487 within 39.6891 sec, 4.0036 on average
[03/30/2022, 07:32:01] instances left: 119
[03/30/2022, 07:32:01] estimating time left: 0:07:56.428400

[[ 4.27882971e+00  2.03130062e+00 -2.86162333e-01  0.00000000e+00
   5.45473706e-02 -1.78215116e-01]
 [-2.88829036e-01  4.85181722e+00 -1.31980416e-01  0.00000000e+00
  -4.28072159e-01  6.30832076e-02]
 [-9.17452208e-01 -5.09177744e+00 -1.40813194e-01  0.00000000e+00
  -2.22589408e-01  1.59303161e-01]
 [-6.69783464e-01  5.30828084e+00 -2.07517722e-01  0.00000000e+00
  -2.09315185e-01 -1.38231661e-03]
 [-1.06918407e+00 -5.03925433e+00  0.00000000e+00  0.00000000e+00
  -8.02806398e-01 -1.68990031e-01]
 [-1.35741847e+00 -4.79648963e+00  0.00000000e+00  0.00000000e+00
  -4.02940507e-01 -2.00006446e-01]
 [-1.18236150e+00 -4.82453656e+00 -8.39934544e-02  0.00000000e+00
   1.01632984e+00 -1.04549426e-01]
 [ 4.24328850e+00  1.83100729e+00  0.00000000e+00  0.00000000e+00
  -9.46448778e-02  1.65461913e-01]
 [-1.03339734e+00 -4.95339052e+00 -8.06348451e-02  0.00000000e+00
   1.01575557e+00 -1.27443480e-01]
 [ 4.96334677e+00  6.45837473e-01  0.00000000e+00  0.00000000e+00
   5.25106278e-01 -2.09516227e-01]]
[03/30/2022, 07:32:41] computing sampling shap 1487:1497 within 39.751 sec, 4.0004 on average
[03/30/2022, 07:32:41] instances left: 109
[03/30/2022, 07:32:41] estimating time left: 0:07:16.043600

[[-0.26508579 15.16982603 -0.12309569  0.         -0.7087627  -0.14772876]
 [-0.97094714 -4.83207051 -0.27333155  0.         -0.72277552  0.69565344]
 [-1.00257648 -4.87444597 -0.26434738  0.         -0.3208741   0.57639939]
 [-0.76277362 -5.29952441 -0.08004901  0.         -0.39621812 -0.21828977]
 [-0.85520202 -4.92657416 -0.17825438  0.          0.94427148 -0.18646551]
 [-1.05998035 -4.94174561 -0.17435673  0.         -0.64563297  0.27817849]
 [-0.47507616  5.09255864 -0.17276038  0.          0.24679211 -0.13745086]
 [-0.98221802 -4.93871028 -0.15697119  0.          1.04551526 -0.16984009]
 [-1.01687017 -4.70958604 -0.25182822  0.          0.16052091 -0.26223357]
 [-1.07022233 -4.95306425 -0.07778751  0.         -0.421393    0.08821039]]
[03/30/2022, 07:33:21] computing sampling shap 1497:1507 within 40.3546 sec, 4.004 on average
[03/30/2022, 07:33:21] instances left: 99
[03/30/2022, 07:33:21] estimating time left: 0:06:36.396000

[[-0.93250244 -4.98685709 -0.17643336  0.          1.07186288 -0.17829443]
 [-0.96804536 -4.87650196 -0.14526447  0.          0.49293082 -0.13347289]
 [-1.03814999 -4.65299402 -0.34547944  0.         -0.15388011 -0.17061701]
 [-1.07670256 -4.90106676 -0.08121517  0.          1.07648655 -0.19661325]
 [-0.9975559  -4.72545357 -0.38028771  0.          0.6477129  -0.19948493]
 [ 4.17666948  1.90465378 -0.08601228  0.          0.59041591 -0.17779906]
 [-1.04408696 -4.99585322  0.          0.         -0.60642291 -0.17074387]
 [-0.89090184 -4.87239995 -0.23786662  0.          0.98396236 -0.12763439]
 [-0.3586529   4.9597654  -0.15837745  0.         -0.49062322  0.22474003]
 [-0.22914256  4.83229267 -0.19035148  0.         -0.45725202 -0.13782203]]
[03/30/2022, 07:33:59] computing sampling shap 1507:1517 within 38.1835 sec, 3.9871 on average
[03/30/2022, 07:33:59] instances left: 89
[03/30/2022, 07:33:59] estimating time left: 0:05:54.851900

[[-1.18516978 -4.84386283 -0.13982005  0.         -0.40348785 -0.17079278]
 [-0.61972284 -5.15866089 -0.28142013  0.          0.58589916 -0.18116383]
 [-0.16270695  4.89310047 -0.19189891  0.         -1.34748965 -0.1076341 ]
 [-0.25803014  4.81555105 -0.13561349  0.          0.577094   -0.18257565]
 [-1.12066972 -4.71727233 -0.22485325  0.         -0.47569131  0.36437892]
 [-0.48604894  4.95285208  0.          0.          0.25137613 -0.19519601]
 [-0.84885007 -5.04916279 -0.19912035  0.          0.63141616 -0.10838657]
 [-0.93871929 -4.85946793 -0.33335495  0.         -0.22273054 -0.11191885]
 [-1.02410685 -4.7363369  -0.16676345  0.         -0.63926501  0.20514963]
 [15.0133676   2.69212365 -0.15833705  0.         -0.60713562  0.06331376]]
[03/30/2022, 07:34:39] computing sampling shap 1517:1527 within 39.2438 sec, 3.9819 on average
[03/30/2022, 07:34:39] instances left: 79
[03/30/2022, 07:34:39] estimating time left: 0:05:14.570100

[[-0.99095336 -4.81861915 -0.29117823  0.          0.21159427 -0.19084064]
 [ 4.02422914  2.09506    -0.08467774  0.         -0.26148644  0.19173089]
 [-0.93362678 -5.13332017 -0.0768252   0.         -0.49409985 -0.17312526]
 [-0.17757918  7.21677724  7.8650836   0.         -0.50586817  0.40102559]
 [-0.91365972 -4.96116402 -0.31636947  0.          0.33517184 -0.22397565]
 [-0.98572241 -5.13580515  0.          0.         -0.43363485 -0.06284049]
 [-0.29319834  4.80594787 -0.0805187   0.          0.56805751 -0.18386262]
 [-0.50532209 -5.2901822  -0.24118032  0.          0.98691627 -0.08517503]
 [-0.7559     -4.98351334 -0.26575919  0.          0.98281241 -0.17986423]
 [-1.00552637 -4.92289121 -0.08183767  0.         -0.16246977 -0.23315667]]
[03/30/2022, 07:35:21] computing sampling shap 1527:1537 within 42.7849 sec, 4.0047 on average
[03/30/2022, 07:35:21] instances left: 69
[03/30/2022, 07:35:21] estimating time left: 0:04:36.324300

[[-0.55456642  5.21140283 -0.19431183  0.         -0.86944835  1.08388163]
 [-1.05968182  5.49862585 -0.14686792  0.          0.31242571 -0.07033958]
 [-1.15358561 -4.97632492  0.          0.         -0.375378    0.51689922]
 [-0.88513136 -5.1084652   0.          0.         -1.02047283  0.33439876]
 [-0.65904611  5.25652033 -0.08407848  0.         -0.27657007 -0.08571264]
 [-0.75657829 -5.33108419  0.          0.          1.02194512 -0.02740094]
 [-0.88420437 -5.01996705 -0.08424385  0.          0.9351587  -0.08168727]
 [-0.9265706  -4.96426593 -0.15348425  0.         -0.30509823  0.67059664]
 [-0.47740155  5.1191426  -0.20364848  0.         -0.52550279 -0.09438393]
 [ 4.194325    1.81099922 -0.08380949  0.          0.84079008 -0.15848854]]
[03/30/2022, 07:36:00] computing sampling shap 1537:1547 within 39.0497 sec, 3.9976 on average
[03/30/2022, 07:36:00] instances left: 59
[03/30/2022, 07:36:00] estimating time left: 0:03:55.858400

[[-9.65861013e-01 -5.03643453e+00 -1.59139307e-01  0.00000000e+00
   3.11609053e-01  9.13572533e-02]
 [-9.65415473e-01 -5.14383373e+00  0.00000000e+00  0.00000000e+00
  -9.62222680e-01 -2.11810893e-01]
 [-1.45486893e-01  4.71343173e+00 -1.28584032e-01  0.00000000e+00
  -8.45741022e-01  5.92427260e-02]
 [-6.75489351e-01  4.98253835e+00  0.00000000e+00  0.00000000e+00
  -4.61242176e-02  4.98623055e-01]
 [ 9.19841948e+00 -3.07537001e+00 -2.62582764e-01  0.00000000e+00
   3.37331058e-01  3.82358297e-03]
 [-1.73584526e-01  4.91498445e+00 -2.74932766e-01  0.00000000e+00
  -7.20925427e-01  1.83679324e-01]
 [-3.05348700e-01  4.97988262e+00 -2.58761204e-01  0.00000000e+00
  -4.29992551e-01 -1.47741837e-01]
 [-4.95269664e-01  5.30672890e+00 -3.13997477e-01  0.00000000e+00
  -1.11833698e+00 -1.99950321e-01]
 [-1.18880120e+00 -4.66345302e+00 -2.36529536e-01  0.00000000e+00
  -4.82167113e-01 -9.63722716e-02]
 [-6.20623724e-01 -5.36849047e+00  0.00000000e+00  0.00000000e+00
  -4.92589958e-01  4.32861314e-01]]
[03/30/2022, 07:36:41] computing sampling shap 1547:1557 within 40.4307 sec, 4.0007 on average
[03/30/2022, 07:36:41] instances left: 49
[03/30/2022, 07:36:41] estimating time left: 0:03:16.034300

[[-0.91470229 -5.29926791  0.          0.          0.02168697 -0.2135981 ]
 [ 9.87722657 -4.26238317 -0.18965986  0.          0.56362817 -0.15945798]
 [-1.22945761 -4.95947204  0.          0.          0.32320029 -0.06539299]
 [-0.85457667 -4.74417419 -0.23350127  0.          0.79791127 -0.16788349]
 [-0.87278197 -5.01090854 -0.08167826  0.         -0.60592522 -0.15872984]
 [ 4.52100464  1.72335852 -0.21801933  0.         -0.18570449 -0.13825574]
 [ 4.41708379  1.61623461  0.          0.          0.29624886 -0.02682991]
 [-0.57765208  4.93520817  0.          0.          1.00612038 -0.17963541]
 [-0.90986061 -4.99727104 -0.13122805  0.         -0.42954252 -0.086586  ]
 [-0.16422555  4.56391867  0.          0.          0.98023051 -0.13040722]]
[03/30/2022, 07:37:24] computing sampling shap 1557:1567 within 42.9024 sec, 4.0188 on average
[03/30/2022, 07:37:24] instances left: 39
[03/30/2022, 07:37:24] estimating time left: 0:02:36.733200

[[-0.77287301  5.13663759  0.          0.         -0.43358704  0.0911449 ]
 [-0.86033704 -5.05222233 -0.083685    0.          0.9627216  -0.16870155]
 [-0.30838401  4.91079338 -0.16455607  0.         -0.40391181  0.22027095]
 [-0.79476371 -5.02176283 -0.18106059  0.          0.95870913 -0.16334642]
 [-0.29693593  4.92649491 -0.17633621  0.         -0.0385131   0.30954699]
 [-0.87234342  5.45935398 -0.14980864  0.         -0.59925356 -0.18658103]
 [-0.13411142 15.19175228 -0.18825104  0.         -0.5726247   0.60721553]
 [-0.39667201  4.99792118 -0.07759559  0.         -0.50954658  0.02163248]
 [-0.93242517 -4.79887591 -0.28330289  0.         -0.42706685  0.02755909]
 [-0.54929152  5.13175533 -0.08092264  0.         -1.03921317  0.12577315]]
[03/30/2022, 07:38:03] computing sampling shap 1567:1577 within 39.4286 sec, 4.0143 on average
[03/30/2022, 07:38:03] instances left: 29
[03/30/2022, 07:38:03] estimating time left: 0:01:56.414700

[[-0.4160498   5.18141181 -0.20412722  0.          0.45685333 -0.02042383]
 [-0.69864153 -5.22796382 -0.08171679  0.         -0.74234045  0.55024708]
 [-0.38644089  5.04391797 -0.26655112  0.          0.95915313 -0.16603804]
 [-0.63806276 -5.1160487  -0.29679985  0.          0.1541472   0.02596892]
 [-0.15812125  4.56943817 -0.08128064  0.          1.0234891  -0.13888925]
 [-0.39371042  4.95896285 -0.16473425  0.          0.62218603 -0.14233648]
 [-0.76157449 -5.11279803 -0.16872259  0.         -1.1264916  -0.15547421]
 [-0.53659813  5.23594547 -0.28670527  0.         -0.38368817 -0.14241191]
 [-0.67708613 -5.24364599 -0.1668029   0.          0.24390322 -0.23636535]
 [-0.85368012 -5.0078657  -0.20711318  0.         -0.49018998  0.02882126]]
[03/30/2022, 07:38:44] computing sampling shap 1577:1587 within 41.1556 sec, 4.02 on average
[03/30/2022, 07:38:44] instances left: 19
[03/30/2022, 07:38:44] estimating time left: 0:01:16.380000

[[-0.37324543  4.89882992 -0.1570375   0.         -0.33125495  0.23194511]
 [-0.43931774  4.96010619 -0.07827255  0.          0.24865063 -0.05022547]
 [-0.7891255  -5.125055   -0.07857195  0.         -0.74517609  0.36699121]
 [-0.71126828 -5.09536757 -0.18130379  0.          0.53749931 -0.13883733]
 [-0.7475199  -5.08446177 -0.24401009  0.         -0.50054112 -0.27809689]
 [-1.20852448 -4.73632399 -0.22052395  0.         -0.9096002   0.39530219]
 [-0.79181449 -5.35511833  0.          0.         -0.2318607   0.03520622]
 [ 4.45989987 11.94334198 -0.08607421  0.         -0.05149897  0.30110301]
 [-1.04065772 -4.91731933 -0.16175698  0.         -0.53348505 -0.12747441]
 [-0.35259785 15.14035404  0.          0.          0.86427294  0.0163651 ]]
[03/30/2022, 07:39:26] computing sampling shap 1587:1597 within 41.1078 sec, 4.0248 on average
[03/30/2022, 07:39:26] instances left: 9
[03/30/2022, 07:39:26] estimating time left: 0:00:36.223200

[[ 4.1298732   1.80291243 -0.14035624  0.         -0.69056218  0.08521184]
 [-1.08781842 -4.75953144 -0.17363643  0.          0.95293164 -0.02506425]
 [-0.89371711 -5.03678803 -0.21084956  0.          0.70317101  0.03991427]
 [-1.06976797 -4.63241077 -0.38999581  0.         -0.43614851 -0.18717798]
 [-0.58440291  5.31601513 -0.28951698  0.         -0.46934803 -0.23348757]
 [ 5.35304646 10.70732847  0.          0.         -0.48388874  0.01977281]
 [ 4.24894955  1.88833218 -0.08259617  0.         -0.48790013  0.02782518]
 [-0.83217336 -5.13982208  0.          0.         -0.20034894 -0.14665261]
 [-1.22010188 -4.48614908 -0.33398589  0.          0.53127022 -0.07419798]
 [-0.42533125  5.2079441  -0.22194598  0.          0.14804343 -0.0666252 ]]
[03/30/2022, 07:39:26] finish computing sampling shap for range: [8, 8] within 764.709352 sec
Child #[15, 15]: psutil.Process(pid=4720, name='python', status='running', started='03:30:25'), affinity [15]
Child #[15, 15]: Set my affinity to [15, 15], affinity now [15]

[03/30/2022, 07:39:40] start computing sampling shap for range: [8, 8]
[03/30/2022, 07:40:16] computing sampling shap 1239:1249 within 36.4722 sec, 3.6472 on average
[03/30/2022, 07:40:16] instances left: 161
[03/30/2022, 07:40:16] estimating time left: 0:09:47.199200

[[-9.46145252e-01 -2.21121576e+00  0.00000000e+00  0.00000000e+00
  -7.36244245e-01 -1.53756768e-01]
 [-9.65427295e-01 -2.14118819e+00  0.00000000e+00  0.00000000e+00
  -5.35837945e-01 -2.65922896e-02]
 [-7.03455653e-01 -2.46327675e+00  0.00000000e+00  0.00000000e+00
  -6.46345337e-01  7.12046133e-01]
 [-9.05821510e-01 -2.25367035e+00  0.00000000e+00  0.00000000e+00
   6.14944710e-01 -4.82208436e-02]
 [-7.02118426e-01 -2.36808786e+00  0.00000000e+00  0.00000000e+00
   5.23587542e-01 -4.61489163e-02]
 [-8.25274764e-01 -2.25052958e+00  0.00000000e+00  0.00000000e+00
  -5.98399237e-01 -1.31020602e-01]
 [-7.43784922e-01 -2.22330595e+00  0.00000000e+00  0.00000000e+00
   2.78491583e-02  8.31485954e-02]
 [-6.03469765e-01 -2.48788757e+00  0.00000000e+00  0.00000000e+00
  -2.08711688e-01  3.30586529e-01]
 [-1.10862197e-01  1.79287294e+01  0.00000000e+00  0.00000000e+00
  -5.68793079e-01  3.91668286e-03]
 [-6.53453863e-02 -3.14817370e+00  0.00000000e+00  0.00000000e+00
  -6.33596197e-01  1.15351594e-01]]
[03/30/2022, 07:40:52] computing sampling shap 1249:1259 within 35.3349 sec, 3.5905 on average
[03/30/2022, 07:40:52] instances left: 151
[03/30/2022, 07:40:52] estimating time left: 0:09:02.165500

[[-0.69770527 -2.44603302  0.          0.         -1.40869564  0.41143094]
 [-0.753997   -2.29118574  0.          0.         -0.24714682  0.26122389]
 [-0.01792545 -3.07767075  0.          0.          0.56337611 -0.1329366 ]
 [-0.90575223 -2.25406201  0.          0.          0.63675851 -0.14210166]
 [-0.76543216 -2.3399715   0.          0.         -0.22295713 -0.18084351]
 [-0.8674424  -2.25783176  0.          0.          0.13544401 -0.04209737]
 [-0.49008195 -2.62853134  0.          0.          0.59170268 -0.11513303]
 [-0.68846461 -2.37978333  0.          0.         -0.82661684 -0.19896715]
 [-0.90129748 -2.19952425  0.          0.          0.57515216 -0.02975334]
 [-0.87902044 -2.21388225  0.          0.          0.10965101 -0.13475043]]
[03/30/2022, 07:41:28] computing sampling shap 1259:1269 within 36.6897 sec, 3.6167 on average
[03/30/2022, 07:41:28] instances left: 141
[03/30/2022, 07:41:28] estimating time left: 0:08:29.954700

[[-7.91612332e-01 -2.22063348e+00  0.00000000e+00  0.00000000e+00
   4.75681886e-01 -1.28593505e-01]
 [ 1.08932097e+01  8.76047289e+00  0.00000000e+00  0.00000000e+00
  -1.22481019e-01  9.42612273e-02]
 [-9.11537090e-01 -2.12213174e+00  0.00000000e+00  0.00000000e+00
   5.10665029e-01 -1.42153566e-01]
 [-9.06152893e-01 -2.17728667e+00  0.00000000e+00  0.00000000e+00
   6.22240836e-01 -2.03958463e-01]
 [-4.72993181e-01 -2.67902022e+00  0.00000000e+00  0.00000000e+00
   4.81284332e-01  2.24682587e-01]
 [-7.10916066e-01 -2.26457674e+00  0.00000000e+00  0.00000000e+00
   4.51602877e-01 -1.41267492e-01]
 [-1.03543569e+00 -2.04042585e+00  0.00000000e+00  0.00000000e+00
  -2.89163316e-01  3.04582918e-03]
 [-5.96690349e-01 -2.43635678e+00  0.00000000e+00  0.00000000e+00
   8.40257727e-02  2.22884731e-01]
 [-6.39006862e-01 -2.48131946e+00  0.00000000e+00  0.00000000e+00
   1.06582176e-01 -1.36002926e-01]
 [-8.32364182e-01 -2.21688750e+00  0.00000000e+00  0.00000000e+00
   5.29627677e-01 -1.45533541e-01]]
[03/30/2022, 07:42:05] computing sampling shap 1269:1279 within 36.4521 sec, 3.6239 on average
[03/30/2022, 07:42:05] instances left: 131
[03/30/2022, 07:42:05] estimating time left: 0:07:54.730900

[[-8.55337735e-01 -2.09808472e+00  0.00000000e+00  0.00000000e+00
   4.39337696e-01 -8.85798019e-02]
 [-8.84221589e-01 -2.20182563e+00  0.00000000e+00  0.00000000e+00
  -2.39035575e-01 -1.59058041e-01]
 [-2.16694290e-01  1.79260199e+01  0.00000000e+00  0.00000000e+00
  -4.63914185e-01 -1.73315596e-01]
 [-6.46931118e-01 -2.38119106e+00  0.00000000e+00  0.00000000e+00
   4.81233320e-01 -1.18268374e-01]
 [-9.39970940e-01 -2.21456765e+00  0.00000000e+00  0.00000000e+00
  -4.69655860e-01 -8.44547900e-03]
 [-6.98026721e-01 -2.45489433e+00  0.00000000e+00  0.00000000e+00
   6.25610986e-01 -7.53542737e-02]
 [-1.33289978e-01  1.77338542e+01  0.00000000e+00  0.00000000e+00
   5.52376613e-01 -1.99798162e-01]
 [-5.29663062e-01 -2.50114954e+00  0.00000000e+00  0.00000000e+00
   5.18623857e-01 -9.04754765e-02]
 [-8.56074190e-01 -2.28680926e+00  0.00000000e+00  0.00000000e+00
   5.42451334e-01  8.56770905e-02]
 [-6.71097559e-01 -2.43853338e+00  0.00000000e+00  0.00000000e+00
   5.80954602e-01 -5.10536533e-02]]
[03/30/2022, 07:42:42] computing sampling shap 1279:1289 within 37.3314 sec, 3.6458 on average
[03/30/2022, 07:42:42] instances left: 121
[03/30/2022, 07:42:42] estimating time left: 0:07:21.141800

[[-0.89449342 -2.17247693  0.          0.          0.57849462 -0.17668147]
 [-0.32886735 -2.69703971  0.          0.          0.48531878 -0.12456868]
 [-0.75545558 -2.26189308  0.          0.          0.05426108 -0.18665934]
 [-0.71191942 -2.37978321  0.          0.         -0.78712606 -0.16853319]
 [-0.73764526 -2.26986856  0.          0.          0.51486256 -0.17250608]
 [-0.0910996  17.72914558  0.          0.          0.45889522 -0.06536274]
 [-0.72496274 -2.29478395  0.          0.          0.03882752  0.37540522]
 [-0.73503873 -2.31226818  0.          0.          0.52405805 -0.05012552]
 [10.67678437  9.02407821  0.          0.         -0.14656067 -0.062856  ]
 [-0.84623388 -2.29830911  0.          0.          0.63475465 -0.09287606]]
[03/30/2022, 07:43:18] computing sampling shap 1289:1299 within 35.3911 sec, 3.6281 on average
[03/30/2022, 07:43:18] instances left: 111
[03/30/2022, 07:43:18] estimating time left: 0:06:42.719100

[[-0.78497763 -2.34148913  0.          0.         -0.47129911  0.32087787]
 [-0.77568412 -2.31338949  0.          0.         -0.2667794   0.06142747]
 [-0.69453291 -2.43297484  0.          0.         -0.99218301 -0.13517225]
 [-0.62720273 -2.45447208  0.          0.         -0.48640595  0.28960796]
 [-0.94787115 -2.25247792  0.          0.          0.65779038 -0.0994852 ]
 [11.02973102  8.49080627  0.          0.          0.41280367 -0.09570064]
 [-0.86349714 -2.27637963  0.          0.          0.18624191  0.2774084 ]
 [-0.73075808 -2.42958007  0.          0.          0.6155197  -0.03491137]
 [-0.89109129 -2.23229408  0.          0.         -1.61324181  0.49791075]
 [-0.84077826 -2.19296616  0.          0.          0.50559185 -0.05157754]]
[03/30/2022, 07:43:55] computing sampling shap 1299:1309 within 37.0253 sec, 3.6387 on average
[03/30/2022, 07:43:55] instances left: 101
[03/30/2022, 07:43:55] estimating time left: 0:06:07.508700

[[-1.01552663 -2.08099809  0.          0.         -0.26585128 -0.1217645 ]
 [-1.00554705 -2.034914    0.          0.         -0.75873077  0.58449221]
 [-0.67553679 -2.36838609  0.          0.          0.50883862 -0.05768369]
 [-0.95186749 -2.20588205  0.          0.         -0.1892011  -0.04199574]
 [-0.70502867 -2.38921354  0.          0.         -0.40738936  0.36298505]
 [-0.83002864 -2.31559859  0.          0.         -0.54280254 -0.17532406]
 [-0.9057388  -2.2120803   0.          0.          0.58589919 -0.11012401]
 [-0.76317193 -2.31954709  0.          0.         -0.2665503  -0.0569761 ]
 [-0.75747488 -2.38076032  0.          0.          0.18979919  0.28191537]
 [-0.09352584 17.87980874  0.          0.         -0.55905877 -0.13143869]]
[03/30/2022, 07:44:32] computing sampling shap 1309:1319 within 37.3405 sec, 3.6507 on average
[03/30/2022, 07:44:32] instances left: 91
[03/30/2022, 07:44:32] estimating time left: 0:05:32.213700

[[-0.87494743 -2.32489912  0.          0.          0.26181134  0.15093645]
 [-0.84890847 -2.33220155  0.          0.          0.20563296 -0.14252511]
 [-0.85170964 -2.24325039  0.          0.         -0.59471325 -0.04826623]
 [-0.12112502 17.80601918  0.          0.          0.42168118 -0.15343265]
 [-0.95566835 -2.15762285  0.          0.          0.55354273  0.04657002]
 [-0.84322942 -2.18854599  0.          0.          0.51755948 -0.15094122]
 [-0.77858313 -2.33628223  0.          0.          0.12328519 -0.10170622]
 [10.39514836  9.2597737   0.          0.          0.10096717 -0.08092096]
 [-0.62343104 -2.50518832  0.          0.          0.13193584 -0.15306352]
 [-0.11305274 17.85627348  0.          0.         -0.21404795 -0.03053417]]
[03/30/2022, 07:45:10] computing sampling shap 1319:1329 within 38.4332 sec, 3.6721 on average
[03/30/2022, 07:45:10] instances left: 81
[03/30/2022, 07:45:10] estimating time left: 0:04:57.440100

[[-0.64968096 -2.34134117  0.          0.          0.0308105   0.10411825]
 [-0.65915956 -2.37714638 -0.08568395  0.         -0.24067175 -0.02628473]
 [-0.95865035 -2.20258277  0.          0.         -0.1052741   0.31647549]
 [-0.81532343 -2.24082577  0.          0.         -0.25876097 -0.04706888]
 [-0.5573833  -2.45895298  0.          0.          0.49126258 -0.14008358]
 [-0.02683043 -3.16684318  0.          0.          0.64999743 -0.05898747]
 [-0.03886677 17.79810508  0.          0.         -0.52695794 -0.1364942 ]
 [-0.63062233 -2.59777303  0.          0.          0.22195127 -0.14330243]
 [-0.50089203 -2.59339126  0.          0.          0.55317254 -0.06155368]
 [-0.49339652 -2.57087147  0.          0.          0.53190848 -0.06040797]]
[03/30/2022, 07:45:47] computing sampling shap 1329:1339 within 36.6347 sec, 3.6713 on average
[03/30/2022, 07:45:47] instances left: 71
[03/30/2022, 07:45:47] estimating time left: 0:04:20.662300

[[10.66963214  8.85428941  0.          0.          0.41863024 -0.16591165]
 [-0.29784711 -2.75472476  0.          0.         -0.26553385 -0.04387293]
 [-0.82684514 -2.25801785  0.          0.          0.53620446 -0.09338576]
 [-1.04189662 -2.12937513  0.          0.          0.18647041 -0.16494534]
 [10.40644487  9.22388017  0.          0.         -0.3823625   0.21028106]
 [-0.05506016 -3.06262017  0.          0.          0.6064585  -0.1539346 ]
 [10.77498283  8.85008993  0.          0.         -0.36826845  0.64419348]
 [-0.67610788 -2.38788328  0.          0.         -0.59667593 -0.02868384]
 [-0.8426059  -2.25537078  0.          0.          0.14307546 -0.16310054]
 [-0.65319197 -2.37053256  0.          0.          0.53109692 -0.1725296 ]]
[03/30/2022, 07:46:25] computing sampling shap 1339:1349 within 37.6822 sec, 3.6801 on average
[03/30/2022, 07:46:25] instances left: 61
[03/30/2022, 07:46:25] estimating time left: 0:03:44.486100

[[-0.81506378 -2.32403461  0.          0.         -0.46083905  0.49736883]
 [-0.7830105  -2.28438401  0.          0.         -1.04384453 -0.01890717]
 [-0.3509425  -2.70746937  0.          0.         -0.56650938  0.78111017]
 [-0.63137188 -2.46300434  0.          0.          0.14071319  0.1649797 ]
 [-0.7870697  -2.35068533  0.          0.          0.16819348  0.18949039]
 [-0.95918792 -2.1189536   0.          0.          0.10263687 -0.1742428 ]
 [10.98018192  8.77102464  0.          0.         -0.38775793 -0.07226527]
 [-0.68882779 -2.34013775  0.          0.         -0.63853589  0.03486176]
 [-0.07239631 -3.07824481  0.          0.         -0.2378418  -0.12072063]
 [-0.97649445 -2.17267805  0.          0.          0.62385422 -0.07734619]]
[03/30/2022, 07:47:01] computing sampling shap 1349:1359 within 36.8003 sec, 3.6801 on average
[03/30/2022, 07:47:01] instances left: 51
[03/30/2022, 07:47:01] estimating time left: 0:03:07.685100

[[-0.87855972 -2.31016851  0.          0.          0.20875816 -0.16977632]
 [-0.61173631 -2.50943437  0.          0.         -0.56446282  0.10921341]
 [-0.08721955 17.78376941  0.          0.          0.41730534 -0.07490572]
 [-0.88423129 -2.25052479  0.          0.          0.60402647 -0.11131425]
 [-0.03925389 17.79876032  0.          0.         -0.39459958  0.32396658]
 [-0.61797957 -2.40607739  0.          0.         -0.28267439 -0.09820355]
 [-0.88668192 -2.19624275  0.          0.          0.57362045 -0.15585319]
 [-0.80761967 -2.26687315  0.          0.         -0.23606018  0.15424174]
 [-0.41910839 -2.62212365  0.          0.          0.41988718  0.16757781]
 [-0.95228706 -2.14703991  0.          0.          0.11362975 -0.13230483]]
[03/30/2022, 07:47:37] computing sampling shap 1359:1369 within 35.7565 sec, 3.6721 on average
[03/30/2022, 07:47:37] instances left: 41
[03/30/2022, 07:47:37] estimating time left: 0:02:30.556100

[[-0.69265388 -2.41619072  0.          0.          0.58507809 -0.04960791]
 [-0.07218712 17.82551824  0.          0.          0.07498823  0.44053775]
 [-0.10068328 17.86653721  0.          0.         -0.86271247 -0.03946567]
 [-0.86533992 -2.2754272   0.          0.         -0.16468307  0.34690246]
 [-0.91620701 -2.11420714  0.          0.          0.07870427 -0.19803728]
 [-0.83533717 -2.26318383  0.          0.          0.12615634 -0.12092168]
 [-1.15046256 -1.96691998  0.          0.         -0.5031966   0.15457824]
 [-0.78113177 -2.3438297   0.          0.         -0.18656051  0.15521068]
 [-0.93577072 -2.21271704  0.          0.          0.21887986  0.13595726]
 [-0.56382014 -2.50978003  0.          0.          0.05522067 -0.0996223 ]]
[03/30/2022, 07:48:12] computing sampling shap 1369:1379 within 34.4094 sec, 3.6556 on average
[03/30/2022, 07:48:12] instances left: 31
[03/30/2022, 07:48:12] estimating time left: 0:01:53.323600

[[11.17054904  8.4767902   0.          0.         -0.07941062 -0.07977202]
 [-0.68937503 -2.40060875  0.          0.          0.13402613 -0.09114401]
 [-0.86440551 -2.29682158  0.          0.          0.64551379 -0.07705461]
 [-0.75049804 -2.28544787  0.          0.          0.0659751  -0.17977589]
 [-0.67314197 -2.47244261  0.          0.          0.62412416 -0.12058339]
 [-0.73151895 -2.31219957  0.          0.         -0.27589711  0.10537865]
 [10.33116677  9.21080479  0.          0.          0.4101197  -0.11036071]
 [-0.77792245 -2.35834808  0.          0.         -0.93259862 -0.17742492]
 [-0.8335644  -2.17263491  0.          0.          0.52072787 -0.06995182]
 [-1.0026034  -2.07018852  0.          0.          0.09666259 -0.17361762]]
[03/30/2022, 07:48:48] computing sampling shap 1379:1389 within 35.9957 sec, 3.6519 on average
[03/30/2022, 07:48:48] instances left: 21
[03/30/2022, 07:48:48] estimating time left: 0:01:16.689900

[[-0.69652093 -2.46786495  0.          0.          0.65694145 -0.13459946]
 [-0.73175211 -2.21724964 -0.10291238  0.         -0.5950918  -0.2167485 ]
 [-0.69187363 -2.33775575  0.          0.          0.51197648 -0.12439121]
 [-0.79685018 -2.43048671  0.          0.         -0.15718886 -0.12467854]
 [-0.53308221 -2.5056657   0.          0.         -0.25612929  0.07858462]
 [-0.66161585 -2.54312712  0.          0.          0.65346285 -0.11387691]
 [-0.87684401 -2.17512815  0.          0.         -1.35657438 -0.2165528 ]
 [-0.05453288 17.74207755  0.          0.         -0.41458129  0.22026117]
 [-0.68965507 -2.46157655  0.          0.          0.68161824 -0.1955439 ]
 [-0.73198986 -2.24102947 -0.11441218  0.         -0.1470309   0.26497982]]
[03/30/2022, 07:49:23] computing sampling shap 1389:1399 within 35.6646 sec, 3.6466 on average
[03/30/2022, 07:49:23] instances left: 11
[03/30/2022, 07:49:23] estimating time left: 0:00:40.112600

[[10.25249337  9.35610157  0.          0.         -0.12837983  0.1965625 ]
 [-0.95585327 -2.11542539  0.          0.         -0.60266933  0.11031999]
 [-1.03341104 -2.05606455  0.          0.          0.55678554 -0.1324674 ]
 [-0.76319401 -2.37503452  0.          0.         -1.03251276 -0.12841339]
 [-0.78345046 -2.39934904  0.          0.          0.24380058  0.1519004 ]
 [-0.68634049 -2.45557726  0.          0.         -0.24882924 -0.01418819]
 [-0.91038416 -2.11979781  0.          0.         -0.26939303  0.1508974 ]
 [-0.90474613 -2.1698235   0.          0.          0.065398   -0.084115  ]
 [-0.89458183 -2.21852773  0.          0.         -0.54168051  0.17926774]
 [-0.55549961 -2.55453245  0.          0.          0.12579942 -0.13376913]]
[03/30/2022, 07:50:02] computing sampling shap 1399:1409 within 39.0841 sec, 3.662 on average
[03/30/2022, 07:50:02] instances left: 1
[03/30/2022, 07:50:02] estimating time left: 0:00:03.662000

[[-6.98611792e-01 -2.48605932e+00  0.00000000e+00  0.00000000e+00
   6.44946291e-01 -1.25432109e-01]
 [-1.14062262e+00 -1.99725225e+00  0.00000000e+00  0.00000000e+00
  -1.38898066e-01  2.74621660e-01]
 [ 1.05597194e+01  9.04645795e+00  0.00000000e+00  0.00000000e+00
  -3.46240899e-01  2.77382275e-01]
 [-7.38686944e-01 -2.32306773e+00  0.00000000e+00  0.00000000e+00
   9.04384559e-02 -6.96719809e-02]
 [-6.10368231e-01 -2.48168961e+00  0.00000000e+00  0.00000000e+00
   5.46990991e-01 -1.20090165e-01]
 [-7.38183850e-01 -2.34168669e+00  0.00000000e+00  0.00000000e+00
  -2.18570991e-01  3.80738436e-01]
 [-9.94723332e-01 -2.06801126e+00  0.00000000e+00  0.00000000e+00
  -2.68469143e-01 -7.50418828e-02]
 [-1.04331262e+00 -2.04603687e+00  0.00000000e+00  0.00000000e+00
   5.65161138e-01 -1.40968693e-01]
 [-5.92169490e-02  1.78534944e+01  0.00000000e+00  0.00000000e+00
  -2.80045279e-01 -2.02031925e-01]
 [-7.10233017e-01 -2.35678010e+00  0.00000000e+00  0.00000000e+00
   5.29970437e-01 -1.39003045e-02]]
[03/30/2022, 07:50:02] finish computing sampling shap for range: [8, 8] within 622.542444 sec
