
Child #[12, 13]: psutil.Process(pid=128330, name='python', status='running', started='16:08:13'), affinity [12, 13]
Child #[12, 13]: Set my affinity to [12, 13], affinity now [12, 13]

[03/31/2022, 01:21:57] start anchor metrics
[03/31/2022, 01:22:11] start computing anchor from index: 6024 to 7027 with config: 0.9999 0.6
[03/31/2022, 01:22:24] (6033 / 7027) title: 10, abstract: 8, venue: 7, authors: 2, year: 9, n_citations: 3 within (13.694739 total / 1.3695 average)
estimate time left: 0:22:41.283000
[03/31/2022, 01:22:38] (6043 / 7027) title: 18, abstract: 17, venue: 13, authors: 3, year: 17, n_citations: 9 within (27.729647 total / 1.3865 average)
estimate time left: 0:22:44.316000
[03/31/2022, 01:22:52] (6053 / 7027) title: 28, abstract: 26, venue: 19, authors: 4, year: 27, n_citations: 13 within (41.313971 total / 1.3771 average)
estimate time left: 0:22:21.295400
[03/31/2022, 01:23:06] (6063 / 7027) title: 38, abstract: 35, venue: 25, authors: 6, year: 34, n_citations: 17 within (54.879455 total / 1.372 average)
estimate time left: 0:22:02.608000
[03/31/2022, 01:23:18] (6073 / 7027) title: 48, abstract: 45, venue: 32, authors: 9, year: 41, n_citations: 21 within (67.554854 total / 1.3511 average)
estimate time left: 0:21:28.949400
[03/31/2022, 01:23:32] (6083 / 7027) title: 58, abstract: 55, venue: 37, authors: 10, year: 48, n_citations: 27 within (81.225913 total / 1.3538 average)
estimate time left: 0:21:17.987200
[03/31/2022, 01:23:45] (6093 / 7027) title: 68, abstract: 65, venue: 42, authors: 12, year: 57, n_citations: 33 within (94.628362 total / 1.3518 average)
estimate time left: 0:21:02.581200
[03/31/2022, 01:23:58] (6103 / 7027) title: 78, abstract: 75, venue: 49, authors: 13, year: 64, n_citations: 40 within (107.464421 total / 1.3433 average)
estimate time left: 0:20:41.209200
[03/31/2022, 01:24:15] (6113 / 7027) title: 88, abstract: 84, venue: 57, authors: 16, year: 71, n_citations: 45 within (124.79788 total / 1.3866 average)
estimate time left: 0:21:07.352400
[03/31/2022, 01:24:31] (6123 / 7027) title: 98, abstract: 94, venue: 63, authors: 18, year: 79, n_citations: 50 within (139.961784 total / 1.3996 average)
estimate time left: 0:21:05.238400
[03/31/2022, 01:24:46] (6133 / 7027) title: 108, abstract: 104, venue: 71, authors: 20, year: 87, n_citations: 56 within (155.042359 total / 1.4095 average)
estimate time left: 0:21:00.093000
[03/31/2022, 01:24:59] (6143 / 7027) title: 118, abstract: 113, venue: 79, authors: 21, year: 95, n_citations: 61 within (168.550493 total / 1.4046 average)
estimate time left: 0:20:41.666400
[03/31/2022, 01:25:13] (6153 / 7027) title: 127, abstract: 123, venue: 84, authors: 21, year: 104, n_citations: 66 within (182.18008 total / 1.4014 average)
estimate time left: 0:20:24.823600
[03/31/2022, 01:25:27] (6163 / 7027) title: 137, abstract: 133, venue: 91, authors: 23, year: 111, n_citations: 71 within (196.038225 total / 1.4003 average)
estimate time left: 0:20:09.859200
[03/31/2022, 01:25:37] (6173 / 7027) title: 147, abstract: 142, venue: 94, authors: 23, year: 121, n_citations: 73 within (205.90157 total / 1.3727 average)
estimate time left: 0:19:32.285800
[03/31/2022, 01:25:48] (6183 / 7027) title: 157, abstract: 150, venue: 102, authors: 24, year: 130, n_citations: 78 within (217.492715 total / 1.3593 average)
estimate time left: 0:19:07.249200
[03/31/2022, 01:26:03] (6193 / 7027) title: 166, abstract: 160, venue: 106, authors: 26, year: 139, n_citations: 85 within (232.17656 total / 1.3657 average)
estimate time left: 0:18:58.993800
[03/31/2022, 01:26:21] (6203 / 7027) title: 176, abstract: 169, venue: 112, authors: 29, year: 148, n_citations: 89 within (250.081656 total / 1.3893 average)
estimate time left: 0:19:04.783200
[03/31/2022, 01:26:35] (6213 / 7027) title: 186, abstract: 178, venue: 120, authors: 29, year: 156, n_citations: 92 within (263.962623 total / 1.3893 average)
estimate time left: 0:18:50.890200
[03/31/2022, 01:26:55] (6223 / 7027) title: 195, abstract: 187, venue: 127, authors: 30, year: 164, n_citations: 97 within (284.077678 total / 1.4204 average)
estimate time left: 0:19:02.001600
[03/31/2022, 01:27:06] (6233 / 7027) title: 205, abstract: 196, venue: 134, authors: 31, year: 172, n_citations: 103 within (295.542287 total / 1.4073 average)
estimate time left: 0:18:37.396200
[03/31/2022, 01:27:20] (6243 / 7027) title: 215, abstract: 206, venue: 140, authors: 33, year: 179, n_citations: 108 within (309.627944 total / 1.4074 average)
estimate time left: 0:18:23.401600
[03/31/2022, 01:27:33] (6253 / 7027) title: 225, abstract: 216, venue: 146, authors: 35, year: 186, n_citations: 114 within (322.286669 total / 1.4012 average)
estimate time left: 0:18:04.528800
[03/31/2022, 01:27:45] (6263 / 7027) title: 235, abstract: 225, venue: 153, authors: 38, year: 192, n_citations: 122 within (334.137595 total / 1.3922 average)
estimate time left: 0:17:43.640800
[03/31/2022, 01:28:03] (6273 / 7027) title: 244, abstract: 234, venue: 159, authors: 42, year: 200, n_citations: 126 within (352.286019 total / 1.4091 average)
estimate time left: 0:17:42.461400
[03/31/2022, 01:28:16] (6283 / 7027) title: 254, abstract: 244, venue: 167, authors: 45, year: 206, n_citations: 130 within (365.579093 total / 1.4061 average)
estimate time left: 0:17:26.138400
[03/31/2022, 01:28:30] (6293 / 7027) title: 264, abstract: 254, venue: 173, authors: 46, year: 212, n_citations: 135 within (379.095718 total / 1.4041 average)
estimate time left: 0:17:10.609400
[03/31/2022, 01:28:43] (6303 / 7027) title: 273, abstract: 262, venue: 179, authors: 48, year: 218, n_citations: 141 within (392.633171 total / 1.4023 average)
estimate time left: 0:16:55.265200
[03/31/2022, 01:29:00] (6313 / 7027) title: 283, abstract: 272, venue: 187, authors: 52, year: 222, n_citations: 149 within (409.301385 total / 1.4114 average)
estimate time left: 0:16:47.739600
[03/31/2022, 01:29:13] (6323 / 7027) title: 293, abstract: 282, venue: 193, authors: 52, year: 232, n_citations: 151 within (421.935578 total / 1.4065 average)
estimate time left: 0:16:30.176000
[03/31/2022, 01:29:29] (6333 / 7027) title: 303, abstract: 291, venue: 199, authors: 53, year: 242, n_citations: 156 within (438.778848 total / 1.4154 average)
estimate time left: 0:16:22.287600
[03/31/2022, 01:29:47] (6343 / 7027) title: 313, abstract: 300, venue: 205, authors: 55, year: 251, n_citations: 163 within (455.861667 total / 1.4246 average)
estimate time left: 0:16:14.426400
[03/31/2022, 01:30:04] (6353 / 7027) title: 322, abstract: 309, venue: 207, authors: 56, year: 259, n_citations: 170 within (473.715215 total / 1.4355 average)
estimate time left: 0:16:07.527000
[03/31/2022, 01:30:16] (6363 / 7027) title: 332, abstract: 318, venue: 212, authors: 57, year: 266, n_citations: 171 within (485.378093 total / 1.4276 average)
estimate time left: 0:15:47.926400
[03/31/2022, 01:30:29] (6373 / 7027) title: 342, abstract: 328, venue: 217, authors: 57, year: 275, n_citations: 174 within (497.870129 total / 1.4225 average)
estimate time left: 0:15:30.315000
[03/31/2022, 01:30:45] (6383 / 7027) title: 352, abstract: 338, venue: 225, authors: 59, year: 284, n_citations: 178 within (514.801826 total / 1.43 average)
estimate time left: 0:15:20.920000
[03/31/2022, 01:30:59] (6393 / 7027) title: 362, abstract: 347, venue: 231, authors: 61, year: 291, n_citations: 182 within (527.986764 total / 1.427 average)
estimate time left: 0:15:04.718000
[03/31/2022, 01:31:14] (6403 / 7027) title: 372, abstract: 357, venue: 235, authors: 62, year: 299, n_citations: 186 within (542.986321 total / 1.4289 average)
estimate time left: 0:14:51.633600
[03/31/2022, 01:31:26] (6413 / 7027) title: 382, abstract: 366, venue: 240, authors: 64, year: 307, n_citations: 191 within (555.132666 total / 1.4234 average)
estimate time left: 0:14:33.967600
[03/31/2022, 01:31:39] (6423 / 7027) title: 392, abstract: 375, venue: 246, authors: 66, year: 315, n_citations: 195 within (568.771854 total / 1.4219 average)
estimate time left: 0:14:18.827600
[03/31/2022, 01:31:54] (6433 / 7027) title: 402, abstract: 385, venue: 249, authors: 66, year: 323, n_citations: 200 within (583.091654 total / 1.4222 average)
estimate time left: 0:14:04.786800
[03/31/2022, 01:32:08] (6443 / 7027) title: 412, abstract: 394, venue: 256, authors: 67, year: 329, n_citations: 206 within (597.192981 total / 1.4219 average)
estimate time left: 0:13:50.389600
[03/31/2022, 01:32:24] (6453 / 7027) title: 422, abstract: 404, venue: 264, authors: 69, year: 335, n_citations: 212 within (613.249025 total / 1.4262 average)
estimate time left: 0:13:38.638800
[03/31/2022, 01:32:39] (6463 / 7027) title: 432, abstract: 413, venue: 270, authors: 69, year: 343, n_citations: 217 within (627.991711 total / 1.4273 average)
estimate time left: 0:13:24.997200
[03/31/2022, 01:32:56] (6473 / 7027) title: 442, abstract: 423, venue: 278, authors: 70, year: 353, n_citations: 222 within (645.305103 total / 1.434 average)
estimate time left: 0:13:14.436000
[03/31/2022, 01:33:08] (6483 / 7027) title: 452, abstract: 433, venue: 283, authors: 71, year: 362, n_citations: 227 within (657.586282 total / 1.4295 average)
estimate time left: 0:12:57.648000
[03/31/2022, 01:33:20] (6493 / 7027) title: 462, abstract: 442, venue: 288, authors: 72, year: 371, n_citations: 229 within (669.294174 total / 1.424 average)
estimate time left: 0:12:40.416000
[03/31/2022, 01:33:34] (6503 / 7027) title: 472, abstract: 452, venue: 292, authors: 73, year: 378, n_citations: 235 within (683.550477 total / 1.4241 average)
estimate time left: 0:12:26.228400
[03/31/2022, 01:33:48] (6513 / 7027) title: 482, abstract: 462, venue: 298, authors: 76, year: 385, n_citations: 237 within (697.697107 total / 1.4239 average)
estimate time left: 0:12:11.884600
[03/31/2022, 01:34:02] (6523 / 7027) title: 492, abstract: 472, venue: 307, authors: 77, year: 390, n_citations: 240 within (711.421891 total / 1.4228 average)
estimate time left: 0:11:57.091200
[03/31/2022, 01:34:15] (6533 / 7027) title: 502, abstract: 481, venue: 313, authors: 80, year: 397, n_citations: 244 within (724.494947 total / 1.4206 average)
estimate time left: 0:11:41.776400
[03/31/2022, 01:34:29] (6543 / 7027) title: 512, abstract: 491, venue: 320, authors: 80, year: 404, n_citations: 249 within (738.703513 total / 1.4206 average)
estimate time left: 0:11:27.570400
[03/31/2022, 01:34:46] (6553 / 7027) title: 521, abstract: 501, venue: 326, authors: 82, year: 413, n_citations: 252 within (755.829943 total / 1.4261 average)
estimate time left: 0:11:15.971400
[03/31/2022, 01:34:58] (6563 / 7027) title: 531, abstract: 511, venue: 331, authors: 82, year: 422, n_citations: 255 within (767.209083 total / 1.4208 average)
estimate time left: 0:10:59.251200
[03/31/2022, 01:35:13] (6573 / 7027) title: 541, abstract: 521, venue: 336, authors: 86, year: 428, n_citations: 261 within (782.204951 total / 1.4222 average)
estimate time left: 0:10:45.678800
[03/31/2022, 01:35:30] (6583 / 7027) title: 551, abstract: 531, venue: 345, authors: 88, year: 435, n_citations: 269 within (799.292253 total / 1.4273 average)
estimate time left: 0:10:33.721200
[03/31/2022, 01:35:44] (6593 / 7027) title: 561, abstract: 541, venue: 350, authors: 88, year: 442, n_citations: 275 within (813.226522 total / 1.4267 average)
estimate time left: 0:10:19.187800
[03/31/2022, 01:35:57] (6603 / 7027) title: 571, abstract: 551, venue: 356, authors: 88, year: 449, n_citations: 281 within (826.184942 total / 1.4245 average)
estimate time left: 0:10:03.988000
[03/31/2022, 01:36:11] (6613 / 7027) title: 581, abstract: 561, venue: 363, authors: 90, year: 457, n_citations: 283 within (840.318598 total / 1.4243 average)
estimate time left: 0:09:49.660200
[03/31/2022, 01:36:29] (6623 / 7027) title: 591, abstract: 571, venue: 369, authors: 90, year: 466, n_citations: 288 within (858.131655 total / 1.4302 average)
estimate time left: 0:09:37.800800
[03/31/2022, 01:36:43] (6633 / 7027) title: 601, abstract: 580, venue: 374, authors: 91, year: 472, n_citations: 293 within (872.799547 total / 1.4308 average)
estimate time left: 0:09:23.735200
[03/31/2022, 01:36:55] (6643 / 7027) title: 611, abstract: 590, venue: 376, authors: 92, year: 482, n_citations: 298 within (884.348984 total / 1.4264 average)
estimate time left: 0:09:07.737600
[03/31/2022, 01:37:09] (6653 / 7027) title: 621, abstract: 599, venue: 383, authors: 94, year: 488, n_citations: 302 within (898.73763 total / 1.4266 average)
estimate time left: 0:08:53.548400
[03/31/2022, 01:37:24] (6663 / 7027) title: 630, abstract: 608, venue: 389, authors: 95, year: 496, n_citations: 305 within (912.950361 total / 1.4265 average)
estimate time left: 0:08:39.246000
[03/31/2022, 01:37:34] (6673 / 7027) title: 640, abstract: 618, venue: 395, authors: 96, year: 504, n_citations: 311 within (923.193375 total / 1.4203 average)
estimate time left: 0:08:22.786200
[03/31/2022, 01:37:46] (6683 / 7027) title: 650, abstract: 628, venue: 400, authors: 97, year: 510, n_citations: 317 within (935.736517 total / 1.4178 average)
estimate time left: 0:08:07.723200
[03/31/2022, 01:37:59] (6693 / 7027) title: 659, abstract: 638, venue: 407, authors: 97, year: 518, n_citations: 323 within (948.448049 total / 1.4156 average)
estimate time left: 0:07:52.810400
[03/31/2022, 01:38:13] (6703 / 7027) title: 669, abstract: 648, venue: 416, authors: 98, year: 527, n_citations: 329 within (962.780154 total / 1.4159 average)
estimate time left: 0:07:38.751600
[03/31/2022, 01:38:24] (6713 / 7027) title: 679, abstract: 658, venue: 423, authors: 99, year: 534, n_citations: 333 within (973.217587 total / 1.4105 average)
estimate time left: 0:07:22.897000
[03/31/2022, 01:38:38] (6723 / 7027) title: 689, abstract: 668, venue: 429, authors: 102, year: 540, n_citations: 338 within (987.006084 total / 1.41 average)
estimate time left: 0:07:08.640000
[03/31/2022, 01:38:51] (6733 / 7027) title: 699, abstract: 678, venue: 436, authors: 103, year: 550, n_citations: 341 within (1000.54995 total / 1.4092 average)
estimate time left: 0:06:54.304800
[03/31/2022, 01:39:04] (6743 / 7027) title: 709, abstract: 688, venue: 442, authors: 104, year: 556, n_citations: 348 within (1013.164853 total / 1.4072 average)
estimate time left: 0:06:39.644800
[03/31/2022, 01:39:20] (6753 / 7027) title: 718, abstract: 698, venue: 447, authors: 105, year: 565, n_citations: 349 within (1029.000282 total / 1.4096 average)
estimate time left: 0:06:26.230400
[03/31/2022, 01:39:34] (6763 / 7027) title: 728, abstract: 708, venue: 453, authors: 107, year: 573, n_citations: 356 within (1043.400323 total / 1.41 average)
estimate time left: 0:06:12.240000
[03/31/2022, 01:39:48] (6773 / 7027) title: 736, abstract: 718, venue: 461, authors: 108, year: 583, n_citations: 361 within (1057.098343 total / 1.4095 average)
estimate time left: 0:05:58.013000
[03/31/2022, 01:40:03] (6783 / 7027) title: 746, abstract: 728, venue: 467, authors: 109, year: 592, n_citations: 362 within (1072.403234 total / 1.4111 average)
estimate time left: 0:05:44.308400
[03/31/2022, 01:40:15] (6793 / 7027) title: 756, abstract: 738, venue: 473, authors: 111, year: 599, n_citations: 366 within (1084.724605 total / 1.4087 average)
estimate time left: 0:05:29.635800
[03/31/2022, 01:40:27] (6803 / 7027) title: 766, abstract: 748, venue: 476, authors: 111, year: 608, n_citations: 371 within (1096.624996 total / 1.4059 average)
estimate time left: 0:05:14.921600
[03/31/2022, 01:40:41] (6813 / 7027) title: 776, abstract: 757, venue: 482, authors: 112, year: 614, n_citations: 375 within (1110.391699 total / 1.4056 average)
estimate time left: 0:05:00.798400
[03/31/2022, 01:40:59] (6823 / 7027) title: 785, abstract: 766, venue: 491, authors: 113, year: 623, n_citations: 380 within (1128.084314 total / 1.4101 average)
estimate time left: 0:04:47.660400
[03/31/2022, 01:41:13] (6833 / 7027) title: 795, abstract: 775, venue: 499, authors: 114, year: 632, n_citations: 382 within (1142.222634 total / 1.4102 average)
estimate time left: 0:04:33.578800
[03/31/2022, 01:41:23] (6843 / 7027) title: 805, abstract: 784, venue: 505, authors: 116, year: 641, n_citations: 386 within (1152.758435 total / 1.4058 average)
estimate time left: 0:04:18.667200
[03/31/2022, 01:41:40] (6853 / 7027) title: 814, abstract: 794, venue: 512, authors: 117, year: 650, n_citations: 390 within (1169.097373 total / 1.4086 average)
estimate time left: 0:04:05.096400
[03/31/2022, 01:41:58] (6863 / 7027) title: 824, abstract: 803, venue: 517, authors: 120, year: 654, n_citations: 397 within (1187.367882 total / 1.4135 average)
estimate time left: 0:03:51.814000
[03/31/2022, 01:42:11] (6873 / 7027) title: 834, abstract: 812, venue: 521, authors: 122, year: 663, n_citations: 399 within (1200.029273 total / 1.4118 average)
estimate time left: 0:03:37.417200
[03/31/2022, 01:42:23] (6883 / 7027) title: 844, abstract: 822, venue: 525, authors: 123, year: 673, n_citations: 402 within (1211.870547 total / 1.4092 average)
estimate time left: 0:03:22.924800
[03/31/2022, 01:42:38] (6893 / 7027) title: 853, abstract: 831, venue: 529, authors: 124, year: 683, n_citations: 409 within (1226.857292 total / 1.4102 average)
estimate time left: 0:03:08.966800
[03/31/2022, 01:42:51] (6903 / 7027) title: 863, abstract: 841, venue: 535, authors: 126, year: 692, n_citations: 412 within (1240.179677 total / 1.4093 average)
estimate time left: 0:02:54.753200
[03/31/2022, 01:43:10] (6913 / 7027) title: 873, abstract: 851, venue: 543, authors: 128, year: 699, n_citations: 419 within (1259.628952 total / 1.4153 average)
estimate time left: 0:02:41.344200
[03/31/2022, 01:43:26] (6923 / 7027) title: 883, abstract: 860, venue: 549, authors: 130, year: 708, n_citations: 422 within (1275.065785 total / 1.4167 average)
estimate time left: 0:02:27.336800
[03/31/2022, 01:43:44] (6933 / 7027) title: 893, abstract: 869, venue: 555, authors: 133, year: 715, n_citations: 429 within (1293.040416 total / 1.4209 average)
estimate time left: 0:02:13.564600
[03/31/2022, 01:43:59] (6943 / 7027) title: 903, abstract: 879, venue: 562, authors: 133, year: 725, n_citations: 432 within (1308.554624 total / 1.4223 average)
estimate time left: 0:01:59.473200
[03/31/2022, 01:44:15] (6953 / 7027) title: 913, abstract: 889, venue: 568, authors: 135, year: 732, n_citations: 437 within (1324.267331 total / 1.4239 average)
estimate time left: 0:01:45.368600
[03/31/2022, 01:44:30] (6963 / 7027) title: 922, abstract: 899, venue: 575, authors: 138, year: 741, n_citations: 443 within (1338.871242 total / 1.4243 average)
estimate time left: 0:01:31.155200
[03/31/2022, 01:44:47] (6973 / 7027) title: 932, abstract: 908, venue: 579, authors: 139, year: 750, n_citations: 447 within (1356.523371 total / 1.4279 average)
estimate time left: 0:01:17.106600
[03/31/2022, 01:45:06] (6983 / 7027) title: 942, abstract: 918, venue: 584, authors: 140, year: 760, n_citations: 451 within (1375.497707 total / 1.4328 average)
estimate time left: 0:01:03.043200
[03/31/2022, 01:45:24] (6993 / 7027) title: 952, abstract: 928, venue: 591, authors: 142, year: 770, n_citations: 457 within (1393.526928 total / 1.4366 average)
estimate time left: 0:00:48.844400
[03/31/2022, 01:45:38] (7003 / 7027) title: 962, abstract: 938, venue: 595, authors: 144, year: 779, n_citations: 461 within (1407.036296 total / 1.4358 average)
estimate time left: 0:00:34.459200
[03/31/2022, 01:45:52] (7013 / 7027) title: 972, abstract: 947, venue: 599, authors: 145, year: 785, n_citations: 467 within (1421.563031 total / 1.4359 average)
estimate time left: 0:00:20.102600
[03/31/2022, 01:46:03] (7023 / 7027) title: 982, abstract: 957, venue: 604, authors: 147, year: 792, n_citations: 472 within (1432.715592 total / 1.4327 average)
estimate time left: 0:00:05.730800
[03/31/2022, 01:46:08] end anchor metrics witin 1450.689852

