Child #[0, 1]: psutil.Process(pid=4476, name='python', status='running', started='03:29:50'), affinity [0, 1]
Child #[0, 1]: Set my affinity to [0, 1], affinity now [0, 1]

[03/30/2022, 07:41:15] start computing sampling shap for range: [1, 8]
[03/30/2022, 07:41:55] computing sampling shap 0:10 within 40.0281 sec, 4.0028 on average
[03/30/2022, 07:41:55] instances left: 191
[03/30/2022, 07:41:55] estimating time left: 0:12:44.534800

[[-1.02260184 -5.04905048 -0.08253127  0.         -0.41870145  0.21984512]
 [-0.35327401  4.71661197  0.          0.         -0.8403847  -0.13357563]
 [-0.88584566 -5.00232855 -0.21084822  0.         -0.44390767  0.01974486]
 [-0.83209121 -4.94577828 -0.18268905  0.         -0.67390842 -0.21868525]
 [-0.90926552 -5.15452071  0.          0.         -0.4018026   0.42847531]
 [-0.56634454  5.16040897 -0.19857064  0.         -0.18520176  0.07005325]
 [-0.15379659 14.97607412  0.          0.          0.62290053 -0.09298909]
 [-0.68932455 -5.20732828  0.          0.          0.90960218 -0.19205996]
 [-1.14482088 -4.81701031 -0.08509901  0.         -1.06579028  0.79684828]
 [-1.06640027 -5.02431771  0.          0.         -1.10759452 -0.17351486]]
[03/30/2022, 07:42:35] computing sampling shap 10:20 within 40.0381 sec, 4.0034 on average
[03/30/2022, 07:42:35] instances left: 181
[03/30/2022, 07:42:35] estimating time left: 0:12:04.615400

[[10.46413079  7.36115421  0.          0.         -0.43998027 -0.03377642]
 [-0.95549243 -4.76984418 -0.30030221  0.          1.01007279 -0.16354501]
 [-0.51622886  5.10407081 -0.08295462  0.         -0.74305764 -0.14992018]
 [-1.18739704 -4.80693409  0.          0.         -0.3899813   0.68100355]
 [-0.49376327  4.87403713  0.          0.          0.95845084 -0.15468367]
 [-0.81670752  5.48386828 -0.23303861  0.          0.51270378 -0.1219343 ]
 [-1.14902962 -4.8161489  -0.08084541  0.         -0.2978567  -0.23286339]
 [-0.94938624 -5.16352345 -0.0822834   0.         -0.37472816  0.10315001]
 [-0.89803564 -4.68495417 -0.4148283   0.         -0.62838525 -0.15177233]
 [-0.60240395  5.02232357  0.          0.         -0.48691074 -0.11528466]]
[03/30/2022, 07:43:22] computing sampling shap 20:30 within 47.2714 sec, 4.2448 on average
[03/30/2022, 07:43:22] instances left: 171
[03/30/2022, 07:43:22] estimating time left: 0:12:05.860800

[[-4.38446038e-01  5.36833915e+00 -3.88561943e-01  0.00000000e+00
  -4.96395898e-01  8.26750767e-02]
 [-2.54230085e-01  4.73754765e+00  0.00000000e+00  0.00000000e+00
  -4.91392409e-01  1.33869950e-01]
 [-7.34942109e-01 -5.03680310e+00 -3.25008457e-01  0.00000000e+00
   1.08534148e+00 -1.90812188e-01]
 [-2.99181414e-01  1.53050431e+01 -2.20124170e-01  0.00000000e+00
  -7.32768666e-01 -2.44312802e-01]
 [-4.51563292e-01  5.10917804e+00 -1.87622957e-01  0.00000000e+00
   5.49596794e-01 -9.95316893e-02]
 [-1.15582252e+00 -4.81980005e+00 -1.56784075e-01  0.00000000e+00
   2.68574878e-01 -6.96374937e-03]
 [-1.11951709e+00 -4.87075600e+00 -1.40459582e-01  0.00000000e+00
  -4.58375473e-02  7.90420570e-01]
 [-1.42713797e-01  4.69494514e+00 -8.05284007e-02  0.00000000e+00
   8.86959925e-01 -1.44026627e-01]
 [-7.94978272e-01  5.18904459e+00 -8.19695742e-02  0.00000000e+00
  -4.67622186e-01 -1.58540754e-01]
 [-4.06447470e-01  5.03485078e+00 -1.95966118e-01  0.00000000e+00
  -6.31858840e-02  2.65879685e-01]]
[03/30/2022, 07:44:06] computing sampling shap 30:40 within 43.3294 sec, 4.2669 on average
[03/30/2022, 07:44:06] instances left: 161
[03/30/2022, 07:44:06] estimating time left: 0:11:26.970900

[[-0.27963579  4.76554766 -0.07717367  0.          0.61067846 -0.16516942]
 [-0.46153207  5.05695909 -0.13076907  0.          0.19755989 -0.13923499]
 [ 4.48965252 11.73939785 -0.08112366  0.          0.89233622 -0.20098195]
 [-0.37431882  4.85889019 -0.13231823  0.         -0.38202355 -0.01910637]
 [-0.09889833  4.65968565  0.          0.         -0.7382438   0.20773754]
 [-0.66513654 -5.2638326  -0.26806691  0.         -0.34420843  0.22687757]
 [-0.89989164 -5.14569703 -0.08264693  0.          0.3039721   0.1217222 ]
 [-0.28203853  4.65087214  0.          0.          0.60116183 -0.03139349]
 [-0.42108382  5.21051835 -0.25408171  0.         -0.53125924 -0.15993319]
 [ 4.16000118  2.06144938 -0.24522182  0.         -0.37980049  0.21337537]]
[03/30/2022, 07:44:49] computing sampling shap 40:50 within 43.2207 sec, 4.278 on average
[03/30/2022, 07:44:49] instances left: 151
[03/30/2022, 07:44:49] estimating time left: 0:10:45.978000

[[-0.87209581 -5.08836823 -0.16398447  0.         -0.41837319  0.17293525]
 [-0.06485886  4.84299079 -0.19551908  0.         -0.97237288 -0.27295223]
 [-0.71702329 -5.12525228 -0.22887196  0.          1.08734629 -0.19530965]
 [-0.98935782 -4.70794155 -0.34275865  0.         -0.46492836  0.32735768]
 [-0.31711826  4.82957768  0.          0.         -0.58758197 -0.12118603]
 [-0.16700593  4.64790345 -0.07925021  0.          0.31007851 -0.07078457]
 [-0.37457913 15.35012772  0.          0.          0.18606872 -0.10671625]
 [-0.89908233 -4.99003192 -0.15134922  0.          1.00679292 -0.11117022]
 [ 4.31748844  1.91425917 -0.21856149  0.          0.74040484 -0.16420984]
 [-0.54379127  4.99445762 -0.07381019  0.          0.02564889 -0.18764341]]
[03/30/2022, 07:45:29] computing sampling shap 50:60 within 40.222 sec, 4.2354 on average
[03/30/2022, 07:45:29] instances left: 141
[03/30/2022, 07:45:29] estimating time left: 0:09:57.191400

[[-0.83651859 -5.30283428 -0.1112238   0.         -0.32981277 -0.23610604]
 [ 8.95841972 -2.86832795 -0.16557759  0.          0.03063839 -0.15561895]
 [-0.82484116 -5.12658999 -0.14543662  0.         -0.5141134  -0.16971225]
 [-0.99255157 -5.22499901  0.          0.         -0.32659608 -0.27234868]
 [-1.1651117  -4.86230535 -0.0829757   0.          0.2974108   0.11449496]
 [-0.41890421  4.96499909 -0.1222649   0.         -0.97662559  0.08918761]
 [-0.50212742  5.04532583 -0.13177145  0.          0.91722004 -0.1446058 ]
 [-0.1898813  15.35307361 -0.12863748  0.         -1.01692494  0.75039513]
 [-0.35438759  4.76308386  0.          0.         -0.46614778  0.16580809]
 [-0.81595374 -5.3170498   0.          0.          1.1026713  -0.17189167]]
[03/30/2022, 07:46:12] computing sampling shap 60:70 within 43.4621 sec, 4.2513 on average
[03/30/2022, 07:46:12] instances left: 131
[03/30/2022, 07:46:12] estimating time left: 0:09:16.920300

[[-0.93996146 -4.91934894 -0.26785265  0.         -0.46617503  0.19795314]
 [-0.46972073  5.03812791 -0.24091772  0.          1.0139649  -0.15741321]
 [-0.93871392 -4.95552649 -0.14224846  0.          0.9766941  -0.11931624]
 [-1.28919149 -4.82622654 -0.08403141  0.         -0.25650801  0.22738721]
 [-1.01097336 -5.01127125 -0.08273884  0.         -0.25564614 -0.04594829]
 [-0.38527506  4.82596425 -0.20567152  0.          1.07053556 -0.02885586]
 [-0.92895315 -4.8107988  -0.33888859  0.          0.60302293 -0.17945136]
 [-0.95388271 -4.9295156  -0.15239768  0.          1.02701897 -0.17033411]
 [-0.17822806 15.08831703  0.          0.         -0.82192981 -0.2263998 ]
 [-0.94484645 -5.11163864 -0.11745729  0.         -0.18007017 -0.20818492]]
[03/30/2022, 07:46:58] computing sampling shap 70:80 within 45.3316 sec, 4.2865 on average
[03/30/2022, 07:46:58] instances left: 121
[03/30/2022, 07:46:58] estimating time left: 0:08:38.666500

[[-4.33364544e-01  5.00653713e+00 -8.37696153e-02  0.00000000e+00
   1.58330772e-01  3.10639139e-01]
 [-3.36254804e-01  4.85193498e+00 -1.66026997e-01  0.00000000e+00
  -2.09938752e-01 -1.16588136e-01]
 [-3.31192442e-01  1.51993405e+01 -1.27444125e-01  0.00000000e+00
  -1.25771894e-01 -2.36709595e-01]
 [-9.71820643e-01 -4.94903910e+00 -2.17613930e-01  0.00000000e+00
  -3.17577550e-01  2.17539744e-02]
 [-2.95151991e-01  5.41114370e+00  9.64590206e+00  0.00000000e+00
  -8.60006560e-02 -7.80360161e-02]
 [-7.58617812e-01 -5.17811198e+00 -2.60584287e-01  0.00000000e+00
  -9.68301411e-02  3.97785339e-01]
 [ 4.30720796e+00  1.80415552e+00 -1.51878981e-01  0.00000000e+00
  -1.44369911e-01 -1.74084770e-01]
 [-7.45458816e-01 -5.01257260e+00 -3.81582723e-01  0.00000000e+00
  -4.72470757e-01 -4.38921056e-02]
 [-1.04636239e+00 -4.73595406e+00 -2.80031678e-01  0.00000000e+00
   1.05120226e+00 -1.33695005e-01]
 [ 1.39949340e+01  2.87351320e+00 -8.23944255e-02  0.00000000e+00
  -1.39344121e-03  3.93405375e-01]]
[03/30/2022, 07:47:42] computing sampling shap 80:90 within 44.0422 sec, 4.2996 on average
[03/30/2022, 07:47:42] instances left: 111
[03/30/2022, 07:47:42] estimating time left: 0:07:57.255600

[[-1.09076267 -4.80724011 -0.14192857  0.         -0.40945413  0.54827128]
 [-0.42423995  4.92494864 -0.1333266   0.          0.32878808  0.13954626]
 [-0.33378177  4.92996511 -0.1333012   0.          0.2281827   0.22912186]
 [-1.15534049 -4.96417266  0.          0.          0.64550275 -0.10009296]
 [-1.00887439 -4.74898321 -0.40113725  0.          0.27110683 -0.13331941]
 [-0.35800112  5.01423977 -0.20903554  0.         -0.40171259  0.17437927]
 [-0.69696256 -5.25466004 -0.17007163  0.          1.10386824 -0.16128475]
 [-0.38614018 -5.53253714 -0.24764198  0.          0.66651939  0.01685472]
 [ 4.18793639  1.9201519  -0.14741536  0.          0.55416911 -0.06689958]
 [-0.70119282 -5.26922077 -0.14270706  0.         -0.80066698  0.49646906]]
[03/30/2022, 07:48:27] computing sampling shap 90:100 within 45.1636 sec, 4.3213 on average
[03/30/2022, 07:48:27] instances left: 101
[03/30/2022, 07:48:27] estimating time left: 0:07:16.451300

[[-0.62084751  5.3547019  -0.24653462  0.          0.88806214 -0.16074654]
 [ 3.91073134  2.13224578 -0.2521599   0.          0.92575019 -0.12718607]
 [-1.11072985 -4.92367724  0.          0.         -0.31093638  0.56987103]
 [-1.19119577 -4.82519032  0.          0.          1.00322376 -0.18906177]
 [-0.4527007  -5.46658012  0.          0.         -0.99896529  0.55662226]
 [-0.39165447  5.04494864 -0.18073825  0.          0.86453782 -0.15305314]
 [-0.88972667 -4.90952818 -0.24322761  0.          0.16766876 -0.02934122]
 [-0.42156439  5.05644867 -0.22398125  0.         -0.46864735 -0.13529742]
 [-0.72960935 -5.37821242  0.          0.         -0.22351305 -0.02170408]
 [10.26698199  7.50064004  0.          0.         -0.2377968  -0.1348284 ]]
[03/30/2022, 07:49:07] computing sampling shap 100:110 within 40.1001 sec, 4.2931 on average
[03/30/2022, 07:49:07] instances left: 91
[03/30/2022, 07:49:07] estimating time left: 0:06:30.672100

[[-0.51797512  5.20711906 -0.28588288  0.          0.60589464 -0.15490892]
 [-0.88354561 -4.9575859  -0.20608668  0.         -0.35762967  0.63327807]
 [-0.65217618 -5.25369671 -0.17332469  0.         -0.49424881 -0.01174829]
 [-0.76329811 -4.86807912 -0.28338799  0.          0.44366428 -0.11206342]
 [-0.98509569 -5.09258586  0.          0.          0.59320288 -0.07592003]
 [-0.50099364  5.12697342 -0.16137285  0.         -0.42921623 -0.13471414]
 [-1.0589087  -5.00697638  0.          0.         -0.41782479 -0.01729972]
 [ 4.24853334  1.80751967 -0.22621642  0.         -1.05665909 -0.1094658 ]
 [-0.26569645  4.82122492 -0.08092778  0.         -0.44265016  0.09805432]
 [-0.8023106  -5.45099541  0.          0.         -0.22493485  0.24967085]]
[03/30/2022, 07:49:52] computing sampling shap 110:120 within 44.6737 sec, 4.3076 on average
[03/30/2022, 07:49:52] instances left: 81
[03/30/2022, 07:49:52] estimating time left: 0:05:48.915600

[[-0.54278329  5.18423028 -0.12647857  0.          0.83278506 -0.09182127]
 [-0.7780756   5.08291341  0.          0.          0.27068097  0.20633611]
 [-0.8003628  -5.0139025  -0.23850466  0.          0.98504813 -0.07711896]
 [-0.30218363 15.20319331 -0.0775139   0.          0.33905317 -0.10764778]
 [ 4.25671428 11.96015567 -0.08433464  0.         -0.68419711 -0.19302901]
 [-0.23168736  4.8926759  -0.1762879   0.          0.8838974  -0.10648171]
 [-0.92738619  5.29222363 -0.07566932  0.         -0.21419683  0.56362866]
 [-1.1950463  -4.8277455  -0.14627226  0.         -0.44179917  0.08083551]
 [-0.81499294 -4.96866092 -0.26220311  0.          1.0324949  -0.16574876]
 [-1.24251168 -4.69604599 -0.18714523  0.          0.30724303 -0.22781175]]
[03/30/2022, 07:50:34] computing sampling shap 120:130 within 42.1317 sec, 4.3004 on average
[03/30/2022, 07:50:34] instances left: 71
[03/30/2022, 07:50:34] estimating time left: 0:05:05.328400

[[-1.05784892e+00 -4.65354135e+00 -3.60701337e-01  0.00000000e+00
   1.02550981e+00 -1.55642768e-01]
 [-4.84106584e-01 -5.58112393e+00 -1.36193995e-01  0.00000000e+00
  -1.55983470e-01 -1.84646691e-01]
 [-8.93076768e-01 -4.93895451e+00 -1.87286963e-01  0.00000000e+00
  -1.00258551e+00 -1.95384035e-01]
 [-9.76845240e-01 -5.01644849e+00 -7.76064378e-02  0.00000000e+00
   1.05491053e+00 -1.63121452e-01]
 [-1.31163145e+00 -4.83750362e+00  0.00000000e+00  0.00000000e+00
   1.10231475e+00 -1.55403817e-01]
 [-9.96011114e-01 -5.06195180e+00  0.00000000e+00  0.00000000e+00
  -5.63397850e-01  8.00634156e-02]
 [ 4.17600434e+00  2.09301775e+00 -4.29903801e-01  0.00000000e+00
  -8.11114872e-01 -1.59006984e-01]
 [-1.05723006e+00 -4.69698810e+00 -2.08585920e-01  0.00000000e+00
  -9.08426457e-01  4.42930284e-01]
 [-3.49344424e-01  5.10564944e+00 -2.21445272e-01  0.00000000e+00
  -5.07318614e-01  9.82541540e-02]
 [-3.28046743e-01  1.51813075e+01  0.00000000e+00  0.00000000e+00
   8.02445657e-01  1.26875669e-02]]
[03/30/2022, 07:51:15] computing sampling shap 130:140 within 40.8786 sec, 4.2852 on average
[03/30/2022, 07:51:15] instances left: 61
[03/30/2022, 07:51:15] estimating time left: 0:04:21.397200

[[ 4.27035080e+00  2.03204952e+00 -2.42381071e-01  0.00000000e+00
  -4.69881390e-03 -1.55020350e-01]
 [-3.17628957e-01  4.77134207e+00  0.00000000e+00  0.00000000e+00
  -3.73091740e-01  1.39248580e-01]
 [ 4.28058902e+00  1.22838927e+01 -1.82653219e-01  0.00000000e+00
  -4.14314171e-01  2.82626482e-01]
 [-9.32298322e-01 -4.88399770e+00 -2.47837134e-01  0.00000000e+00
   5.89215581e-01 -8.54815788e-02]
 [-7.89876822e-01  5.12966171e+00  0.00000000e+00  0.00000000e+00
  -2.33981037e-01  3.45980816e-01]
 [-1.35260367e+00 -4.83994819e+00  0.00000000e+00  0.00000000e+00
  -3.63252624e-01 -1.44694326e-01]
 [-7.35173261e-01  5.34670790e+00 -2.51133230e-01  0.00000000e+00
   5.15161636e-01  1.59136150e-01]
 [-1.02289601e+00 -5.03042522e+00 -8.41463582e-02  0.00000000e+00
   6.62903831e-01 -2.12250051e-01]
 [-2.47360308e-01  1.51014228e+01  0.00000000e+00  0.00000000e+00
  -4.31761569e-01 -1.77218565e-01]
 [ 4.85890344e+00  8.14200657e-01 -9.00632139e-02  0.00000000e+00
  -7.94259478e-01 -2.20808392e-01]]
[03/30/2022, 07:51:54] computing sampling shap 140:150 within 39.6645 sec, 4.264 on average
[03/30/2022, 07:51:54] instances left: 51
[03/30/2022, 07:51:54] estimating time left: 0:03:37.464000

[[-1.07536205 -4.66060047 -0.19421651  0.          0.94601445 -0.19494669]
 [-0.18621929  4.67050007 -0.0806787   0.          0.31530638 -0.05785341]
 [-0.77860142 -5.11218259 -0.08260303  0.          0.94854598 -0.17738329]
 [-1.10595408 -4.93373064  0.          0.         -0.52134728  0.30405356]
 [-0.71577047 -5.390761    0.          0.         -0.22596517  0.57381083]
 [-0.78249273 -5.15712157 -0.08308365  0.          1.01440736 -0.19393341]
 [-0.55352767  5.29904649 -0.07948315  0.         -0.68076805 -0.2645995 ]
 [-1.28649468 -4.77827288  0.          0.          1.00859982 -0.08867295]
 [-1.04253655 -4.89207994 -0.28590165  0.         -0.42945207 -0.20318158]
 [-1.0665573  -4.98233183 -0.1426818   0.          0.70295697 -0.10066392]]
[03/30/2022, 07:52:39] computing sampling shap 150:160 within 44.2262 sec, 4.2739 on average
[03/30/2022, 07:52:39] instances left: 41
[03/30/2022, 07:52:39] estimating time left: 0:02:55.229900

[[-1.04350573 -4.81558334 -0.32995797  0.         -0.34250852 -0.02293221]
 [-0.6681817  -5.48187843  0.          0.          0.66033908  0.15389486]
 [-1.01546157 -5.00530771 -0.1572548   0.          0.01048418  0.07023206]
 [-0.84854536 -5.00618302 -0.30350917  0.          0.69419144  0.16517037]
 [-0.41293231  4.80202069  0.          0.         -0.62931401  0.16705281]
 [ 4.24899534  1.74438193  0.          0.         -0.48252263  0.07807771]
 [-0.81611024 -4.90639329 -0.29473223  0.          0.95063477 -0.07823945]
 [ 8.71273442 -2.63083949 -0.23923     0.         -0.16714682  0.25931569]
 [-0.41756771  5.03095674 -0.21661459  0.         -0.45783466 -0.11360176]
 [-1.01369556 -4.89856474  0.          0.          0.86795669 -0.09064039]]
[03/30/2022, 07:53:21] computing sampling shap 160:170 within 41.8713 sec, 4.2688 on average
[03/30/2022, 07:53:21] instances left: 31
[03/30/2022, 07:53:21] estimating time left: 0:02:12.332800

[[20.08516099 -2.50456985 -0.08321755  0.          0.73660616 -0.12320042]
 [-0.22664911  4.82434116 -0.08269103  0.         -0.79731644  0.05565525]
 [-0.59756008  5.21744052 -0.08174507  0.         -0.55260103  0.16906475]
 [-0.88480185 -5.13142246 -0.13620992  0.          0.65097502  0.04702203]
 [-0.09068797  8.20618514  6.78489945  0.         -0.46204615 -0.15798215]
 [-1.00351515 -4.67834854 -0.2205514   0.         -0.50383865  0.26933991]
 [-0.85782414 -5.03792972 -0.14877894  0.          0.59744319  0.11622982]
 [-0.54782234  5.0312306  -0.08121215  0.         -0.18243058 -0.06865214]
 [-1.08399787 -4.99401668  0.          0.          0.61991627 -0.17225493]
 [-1.15711113 -4.68304525 -0.19447135  0.         -0.579882    0.23387271]]
[03/30/2022, 07:54:02] computing sampling shap 170:180 within 41.8437 sec, 4.2641 on average
[03/30/2022, 07:54:02] instances left: 21
[03/30/2022, 07:54:02] estimating time left: 0:01:29.546100

[[-0.15514957  4.72761392 -0.07407147  0.         -0.53917565 -0.21995709]
 [ 4.14319465  1.92308771 -0.14643939  0.          0.34340959  0.11884371]
 [14.40231156  2.40618035  0.          0.          0.34761143  0.11963857]
 [ 4.33599172  1.79680063 -0.2504889   0.         -0.0849875   0.04250212]
 [-0.78636404 -5.27287183  0.          0.         -0.53897515  0.2063048 ]
 [-0.32272582 15.07974054  0.          0.         -0.32992285 -0.20828467]
 [-1.10399315 -5.09302226  0.          0.          0.71647125 -0.17452462]
 [-0.89265036 -4.91522014 -0.20484965  0.         -0.80640286  0.63188094]
 [-0.74763923 -5.0911003  -0.26567461  0.         -0.07564469  0.16682095]
 [-0.99703755 -4.81980758 -0.31435652  0.          0.69236813  0.19363902]]
[03/30/2022, 07:54:45] computing sampling shap 180:190 within 42.2274 sec, 4.262 on average
[03/30/2022, 07:54:45] instances left: 11
[03/30/2022, 07:54:45] estimating time left: 0:00:46.882000

[[-0.82163029 -4.89068853 -0.31421925  0.          0.9761132  -0.04717407]
 [-1.01506616 -4.97505738  0.         -0.08120783  1.03223713 -0.10574663]
 [ 4.17332918  1.85412997 -0.08570022  0.          0.82963631 -0.2152873 ]
 [-0.46971087  5.03543761 -0.16931     0.          0.57089506  0.01357094]
 [-0.98435956 -5.02018811 -0.08020753  0.          0.21831262 -0.08197902]
 [-0.59536437  5.35701247 -0.3402533   0.          0.24213912 -0.14055127]
 [-0.41651824  5.07585046 -0.20735876  0.          0.90500962 -0.17294222]
 [-0.43628857  5.03164481 -0.12292443  0.         -0.27832261 -0.08935614]
 [-0.59578599  5.0338103  -0.08337634  0.         -0.30025178 -0.01865706]
 [ 4.27456331  1.83798848 -0.08406322  0.         -0.02713154  0.02428229]]
[03/30/2022, 07:55:27] computing sampling shap 190:200 within 42.2722 sec, 4.2602 on average
[03/30/2022, 07:55:27] instances left: 1
[03/30/2022, 07:55:27] estimating time left: 0:00:04.260200

[[ 4.55872905  1.7431189  -0.1428532   0.          0.2122755  -0.17909812]
 [-1.09181397 -4.68709521 -0.27987271  0.          0.55143323 -0.05305084]
 [ 4.09710159  2.02495457 -0.08269767  0.         -0.41231568 -0.05853505]
 [-0.47309868  4.87903068  0.          0.          0.94275066 -0.16464172]
 [-0.41188031  4.84386731  0.          0.          0.89547216 -0.14341825]
 [-0.52041433  5.35984394 -0.30637475  0.          0.21945833 -0.1253909 ]
 [-1.12739156 -4.71764006 -0.14998426  0.         -0.5503817  -0.0726057 ]
 [-0.98773391 -5.06876109  0.          0.          0.58203949 -0.09964833]
 [-0.91687548 -5.04257652 -0.12884101  0.          0.27447347 -0.2324514 ]
 [-0.56163026  5.14287368 -0.14063729  0.         -0.05625507 -0.16948965]]
[03/30/2022, 07:55:27] finish computing sampling shap for range: [1, 8] within 852.051356 sec