

[03/31/2022, 01:22:44] [get prediction of paper data for /home/youyinnn_gmail_com/s2search/pipelining/exp-csgt csgt [6, 8]]
============== start ==============
[03/31/2022, 01:22:44] [get prediction of paper data for /home/youyinnn_gmail_com/s2search/pipelining/exp-csgt csgt [6, 8]]
============== end 0 ==============


[03/31/2022, 01:22:44] [get categorical paper data for /home/youyinnn_gmail_com/s2search/pipelining/exp-csgt csgt [6, 8]]
============== start ==============
[03/31/2022, 01:22:56] [get categorical paper data for /home/youyinnn_gmail_com/s2search/pipelining/exp-csgt csgt [6, 8]]
============== end 32120 ==============


[03/31/2022, 01:22:56] [get anchor metrics for /home/youyinnn_gmail_com/s2search/pipelining/exp-csgt csgt [6, 8] from index: 5020 to 6023]
============== start ==============
[03/31/2022, 01:46:45] [get anchor metrics for /home/youyinnn_gmail_com/s2search/pipelining/exp-csgt csgt [6, 8] from index: 5020 to 6023]
============== end 1612103 ==============


[03/31/2022, 01:46:45] [get prediction of paper data for /home/youyinnn_gmail_com/s2search/pipelining/exp-cssd cssd [6, 8]]
============== start ==============
[03/31/2022, 01:46:45] [get prediction of paper data for /home/youyinnn_gmail_com/s2search/pipelining/exp-cssd cssd [6, 8]]
============== end 0 ==============


[03/31/2022, 01:46:45] [get categorical paper data for /home/youyinnn_gmail_com/s2search/pipelining/exp-cssd cssd [6, 8]]
============== start ==============
[03/31/2022, 01:46:55] [get categorical paper data for /home/youyinnn_gmail_com/s2search/pipelining/exp-cssd cssd [6, 8]]
============== end 28184 ==============


[03/31/2022, 01:46:55] [get anchor metrics for /home/youyinnn_gmail_com/s2search/pipelining/exp-cssd cssd [6, 8] from index: 4405 to 5285]
============== start ==============
[03/31/2022, 02:05:00] [get anchor metrics for /home/youyinnn_gmail_com/s2search/pipelining/exp-cssd cssd [6, 8] from index: 4405 to 5285]
============== end 1339960 ==============
