

[03/31/2022, 01:23:42] [get prediction of paper data for /home/youyinnn_gmail_com/s2search/pipelining/exp-csgt csgt [2, 8]]
============== start ==============
[03/31/2022, 01:23:42] [get prediction of paper data for /home/youyinnn_gmail_com/s2search/pipelining/exp-csgt csgt [2, 8]]
============== end 0 ==============


[03/31/2022, 01:23:42] [get categorical paper data for /home/youyinnn_gmail_com/s2search/pipelining/exp-csgt csgt [2, 8]]
============== start ==============
[03/31/2022, 01:23:54] [get categorical paper data for /home/youyinnn_gmail_com/s2search/pipelining/exp-csgt csgt [2, 8]]
============== end 32120 ==============


[03/31/2022, 01:23:54] [get anchor metrics for /home/youyinnn_gmail_com/s2search/pipelining/exp-csgt csgt [2, 8] from index: 1004 to 2007]
============== start ==============
[03/31/2022, 01:48:04] [get anchor metrics for /home/youyinnn_gmail_com/s2search/pipelining/exp-csgt csgt [2, 8] from index: 1004 to 2007]
============== end 1645485 ==============


[03/31/2022, 01:48:04] [get prediction of paper data for /home/youyinnn_gmail_com/s2search/pipelining/exp-cssd cssd [2, 8]]
============== start ==============
[03/31/2022, 01:48:04] [get prediction of paper data for /home/youyinnn_gmail_com/s2search/pipelining/exp-cssd cssd [2, 8]]
============== end 0 ==============


[03/31/2022, 01:48:04] [get categorical paper data for /home/youyinnn_gmail_com/s2search/pipelining/exp-cssd cssd [2, 8]]
============== start ==============
[03/31/2022, 01:48:14] [get categorical paper data for /home/youyinnn_gmail_com/s2search/pipelining/exp-cssd cssd [2, 8]]
============== end 28184 ==============


[03/31/2022, 01:48:14] [get anchor metrics for /home/youyinnn_gmail_com/s2search/pipelining/exp-cssd cssd [2, 8] from index: 881 to 1761]
============== start ==============
[03/31/2022, 02:06:25] [get anchor metrics for /home/youyinnn_gmail_com/s2search/pipelining/exp-cssd cssd [2, 8] from index: 881 to 1761]
============== end 1365044 ==============
