

[03/30/2022, 07:41:24] [get categorical paper data for /home/youyinnn_gmail_com/s2search/pipelining/exp-csgt csgt]
============== start ==============
[03/30/2022, 07:41:36] [get categorical paper data for /home/youyinnn_gmail_com/s2search/pipelining/exp-csgt csgt]
============== end 32120 ==============


[03/30/2022, 07:41:36] [sampling shap explainer training for /home/youyinnn_gmail_com/s2search/pipelining/exp-csgt csgt]
============== start ==============
[03/30/2022, 07:41:42] [sampling shap explainer training for /home/youyinnn_gmail_com/s2search/pipelining/exp-csgt csgt]
============== end 6424 ==============


[03/30/2022, 07:41:42] [sampling shap sv computing for /home/youyinnn_gmail_com/s2search/pipelining/exp-csgt csgt]
============== start ==============
instances left: 191
estimating time left: 0:13:23.040400
---- 10:40010
instances left: 181
estimating time left: 0:13:08.309300
---- 20:80020
instances left: 171
estimating time left: 0:12:12.187800
---- 30:120030
instances left: 161
estimating time left: 0:11:26.423500
---- 40:160040
instances left: 151
estimating time left: 0:10:46.174300
---- 50:200050
instances left: 141
estimating time left: 0:10:05.750100
---- 60:240060
instances left: 131
estimating time left: 0:09:23.693000
---- 70:280070
instances left: 121
estimating time left: 0:08:38.097800
---- 80:320080
instances left: 111
estimating time left: 0:07:53.514900
---- 90:360090
instances left: 101
estimating time left: 0:07:09.957000
---- 100:400100
instances left: 91
estimating time left: 0:06:27.450700
---- 110:440110
instances left: 81
estimating time left: 0:05:44.695500
---- 120:480120
instances left: 71
estimating time left: 0:05:03.290700
---- 130:520130
instances left: 61
estimating time left: 0:04:19.433000
---- 140:560140
instances left: 51
estimating time left: 0:03:38.229000
---- 150:600150
instances left: 41
estimating time left: 0:02:55.008500
---- 160:640160
instances left: 31
estimating time left: 0:02:12.636600
---- 170:680170
instances left: 21
estimating time left: 0:01:29.676300
---- 180:720180
instances left: 11
estimating time left: 0:00:46.950200
---- 190:760190
instances left: 1
estimating time left: 0:00:04.258200
---- 200:800200
[03/30/2022, 07:55:54] [sampling shap sv computing for /home/youyinnn_gmail_com/s2search/pipelining/exp-csgt csgt]
============== end 800200 ==============


