Child #[2, 3]: psutil.Process(pid=4510, name='python', status='running', started='03:29:56'), affinity [2, 3]
Child #[2, 3]: Set my affinity to [2, 3], affinity now [2, 3]

[03/30/2022, 06:33:49] start computing sampling shap for range: [2, 8]
[03/30/2022, 06:34:34] computing sampling shap 246:256 within 45.0503 sec, 4.505 on average
[03/30/2022, 06:34:34] instances left: 236
[03/30/2022, 06:34:34] estimating time left: 0:17:43.180000

[[-3.55314302 -6.60376797 -0.69293503  0.          0.54061112 -0.19924297]
 [-3.86814823 -6.33410939 -0.59053494  0.         -0.16225687 -0.28771435]
 [-3.96511027 -6.7947932   0.          0.         -1.36123506 -0.11946953]
 [-0.94997812 11.44657631 -0.35429558  0.         -0.13643866  0.5958723 ]
 [-3.88220664 -6.87216296 -0.09388597  0.         -0.09309149 -0.30141678]
 [-3.30060961 -6.98421722 -0.52216267  0.         -0.17446777 -0.26130629]
 [-3.55062849 -6.87434581 -0.43306427  0.         -0.56150854 -0.26314294]
 [ 7.12526882  5.8188777   0.          0.          0.53761876 -0.10026207]
 [-1.91289553  2.04144079 -0.42016859  0.         -1.37515499 -0.20090193]
 [ 7.5961594   5.22914761  0.          0.         -0.26828603  0.18294538]]
[03/30/2022, 06:35:17] computing sampling shap 256:266 within 42.6907 sec, 4.3872 on average
[03/30/2022, 06:35:17] instances left: 226
[03/30/2022, 06:35:17] estimating time left: 0:16:31.507200

[[-3.20680747e+00 -6.97684918e+00 -5.44019207e-01  0.00000000e+00
  -5.43235550e-01  9.71427111e-02]
 [-3.56375298e+00 -6.34230713e+00 -8.11978737e-01  0.00000000e+00
  -1.07347169e-01  7.52710071e-01]
 [ 3.66644401e+00  7.97152104e+00  0.00000000e+00  0.00000000e+00
  -2.22566735e-01  7.04625021e-01]
 [ 7.21417239e+00  5.57387900e+00 -1.45380984e-03  0.00000000e+00
  -4.27871028e-01  3.44900037e-01]
 [-3.65868710e+00 -6.93454282e+00 -2.66016720e-01  0.00000000e+00
   9.85809694e-01 -1.59083015e-01]
 [ 7.37285329e+00  5.54743525e+00  0.00000000e+00  0.00000000e+00
  -1.77153161e-01  2.31243148e-01]
 [-3.62900523e+00 -6.79932229e+00 -3.30777436e-01  0.00000000e+00
   9.11607630e-01 -1.50752552e-01]
 [-4.04215452e+00 -6.54189203e+00 -2.31985926e-01  0.00000000e+00
  -8.09778038e-01 -1.86954095e-01]
 [-3.72886071e+00 -6.95563430e+00 -2.02658498e-01  0.00000000e+00
   5.24665578e-01 -1.77734729e-01]
 [-3.92712776e+00 -6.72969653e+00 -2.01042196e-01  0.00000000e+00
  -5.21368661e-01 -3.01977700e-01]]
[03/30/2022, 06:36:00] computing sampling shap 266:276 within 42.8601 sec, 4.3535 on average
[03/30/2022, 06:36:00] instances left: 216
[03/30/2022, 06:36:00] estimating time left: 0:15:40.356000

[[-2.37749543e+00  2.17086536e+00 -9.03738473e-02  0.00000000e+00
   1.29683381e-01  3.45231225e-01]
 [-7.76719531e-01  1.11089916e+01  0.00000000e+00  0.00000000e+00
  -3.14963981e-01  3.76073891e-01]
 [-3.31781294e+00 -6.57095391e+00 -7.61533281e-01  0.00000000e+00
  -8.33090969e-01  2.79012116e-01]
 [-3.58571959e+00 -6.89048708e+00 -4.52655995e-01  0.00000000e+00
  -5.15823229e-01 -1.75338042e-01]
 [ 3.57343535e+00 -2.33588150e+00  9.68116430e+00  0.00000000e+00
  -9.61883059e-01 -1.34087232e-01]
 [-2.05167750e+00  2.15418116e+00 -3.76559499e-01  0.00000000e+00
  -2.77642757e-01  1.41459314e-02]
 [ 3.24616385e+00  8.35832925e+00 -1.90710199e-03  0.00000000e+00
  -1.59376607e-01  1.00764554e-01]
 [-3.94942262e+00 -6.85954798e+00  0.00000000e+00  0.00000000e+00
  -5.05103454e-01  5.17565665e-02]
 [ 7.29715178e+00  5.75503353e+00 -9.30140346e-02  0.00000000e+00
  -1.69193291e-01  1.09920527e-01]
 [-3.43188186e+00 -6.99200747e+00 -4.38821754e-01  0.00000000e+00
   2.15053843e-01 -2.26959517e-01]]
[03/30/2022, 06:36:46] computing sampling shap 276:286 within 45.7447 sec, 4.4088 on average
[03/30/2022, 06:36:46] instances left: 206
[03/30/2022, 06:36:46] estimating time left: 0:15:08.212800

[[-4.11030705e+00 -6.71596636e+00 -1.25053422e-01  0.00000000e+00
  -1.37825682e-02 -1.08360185e-01]
 [ 2.80983744e+00  8.85145887e+00  0.00000000e+00  0.00000000e+00
  -5.56249904e-01  4.21939029e-01]
 [ 5.62947590e+00  3.83800266e+00  3.61853943e+00  0.00000000e+00
   7.04487048e-02  2.45572146e-01]
 [ 7.65957998e+00  5.47359756e+00 -1.74897045e-01  0.00000000e+00
  -1.71203540e-01  1.56955114e-01]
 [-3.86915723e+00 -6.89775577e+00  0.00000000e+00  0.00000000e+00
  -1.03763784e-01  9.37318017e-02]
 [ 7.70628652e+00  5.23544050e+00 -4.65081289e-04  0.00000000e+00
   3.82831769e-01 -7.45998992e-02]
 [-8.91588753e-01  1.13803634e+01 -3.23843677e-01  0.00000000e+00
  -3.53409329e-01 -6.47386408e-02]
 [ 2.11425328e+00 -4.10895717e-01 -4.48286414e-01  0.00000000e+00
  -4.28922841e-01  8.88190111e-02]
 [-3.81916593e+00 -6.75647977e+00 -1.90241117e-01  0.00000000e+00
  -1.70127551e-01 -2.19864564e-01]
 [-2.44985817e+00 -4.77007067e+00  6.68450510e+00  0.00000000e+00
  -5.00697933e-01  2.25633628e-01]]
[03/30/2022, 06:37:31] computing sampling shap 286:296 within 45.6652 sec, 4.4404 on average
[03/30/2022, 06:37:31] instances left: 196
[03/30/2022, 06:37:31] estimating time left: 0:14:30.318400

[[ 7.14959266e+00  5.77634561e+00  0.00000000e+00  0.00000000e+00
   5.76789067e-01 -1.61447743e-01]
 [-3.51408122e+00 -6.95406480e+00 -3.33344967e-01  0.00000000e+00
   1.50950544e-01  4.79248204e-01]
 [-3.70003159e+00 -6.50760386e+00 -5.79781125e-01  0.00000000e+00
  -1.14449267e-01  2.64776609e-01]
 [ 2.40264712e+00 -1.08497502e+00  0.00000000e+00  0.00000000e+00
   3.55797638e-01 -6.32295332e-02]
 [-2.72872796e+00  2.70907038e+00 -2.81234019e-01  0.00000000e+00
  -4.58435047e-01 -1.25397218e-01]
 [-8.66851876e-01  1.14529499e+01 -1.83826666e-01  0.00000000e+00
  -3.52094619e-01  1.00557973e+00]
 [ 3.50494310e+00  8.18604941e+00 -8.94502977e-02  0.00000000e+00
   6.49387569e-01 -1.99145972e-01]
 [-3.73721149e+00 -6.74293726e+00 -3.83411651e-01  0.00000000e+00
  -2.50465917e-01 -3.53156719e-02]
 [ 2.63258473e+00  8.88504592e+00 -8.36202412e-04  0.00000000e+00
   7.96351296e-01 -1.51872593e-01]
 [-2.34505219e+00  2.09771789e+00  0.00000000e+00  0.00000000e+00
   4.56124327e-01 -8.80863524e-02]]
[03/30/2022, 06:38:16] computing sampling shap 296:306 within 44.3791 sec, 4.44 on average
[03/30/2022, 06:38:16] instances left: 186
[03/30/2022, 06:38:16] estimating time left: 0:13:45.840000

[[ 5.49192599e+00 -4.41504226e+00 -4.11426835e-04  0.00000000e+00
   7.77184317e-01 -8.47296420e-02]
 [-3.60814476e+00 -6.63304505e+00 -5.04440116e-01  0.00000000e+00
  -1.13298609e+00 -2.19673665e-01]
 [-3.32173984e+00 -7.24535033e+00 -2.74019570e-01  0.00000000e+00
  -1.19604226e+00 -1.84049875e-01]
 [-3.69343214e+00 -6.87221151e+00 -9.40016951e-02  0.00000000e+00
   8.01742845e-01 -1.97731041e-01]
 [-2.27864325e+00  2.42055257e+00 -3.50491877e-01  0.00000000e+00
   4.03327031e-01  8.87377482e-02]
 [ 7.59733935e+00  5.26991592e+00  0.00000000e+00  0.00000000e+00
   4.08724461e-01 -6.44188076e-02]
 [-8.51101692e-01  1.12348454e+01 -1.28419857e-01  0.00000000e+00
   1.08460680e-01 -2.06135254e-01]
 [-3.49853053e+00 -6.77567138e+00 -6.02827983e-01  0.00000000e+00
  -1.25182344e-01 -1.95790344e-01]
 [-3.35068940e+00 -7.45141962e+00  0.00000000e+00  0.00000000e+00
   4.83739279e-01 -1.90107975e-01]
 [-3.51145408e+00 -6.95936850e+00 -3.08928776e-01  0.00000000e+00
   4.65378491e-01 -2.25850688e-01]]
[03/30/2022, 06:39:00] computing sampling shap 306:316 within 44.7814 sec, 4.4455 on average
[03/30/2022, 06:39:00] instances left: 176
[03/30/2022, 06:39:00] estimating time left: 0:13:02.408000

[[-3.31152443 -7.11481259 -0.28319779  0.          0.41113711 -0.18536513]
 [-3.59111615 -6.53657682 -0.6269657   0.          0.15032245  0.23187284]
 [-0.95884139 11.43299991 -0.28471968  0.          0.43604453 -0.13935083]
 [ 1.56475645 -0.39065659  0.          0.          0.05661596  0.11124893]
 [-3.29465232 -7.02380211 -0.56021071  0.         -0.50500073  0.07756435]
 [ 2.42175975 -1.01942282 -0.32479551  0.         -1.41008906  0.20856858]
 [-3.41603535 -6.61386536 -0.72882674  0.          0.90730299 -0.18109602]
 [-2.09513499  1.81957005  0.          0.          0.18294905  0.21584354]
 [-3.60046796 -6.64146123 -0.6053135   0.         -0.45453859  0.10847392]
 [-3.76195101 -6.74825851 -0.09237103  0.          0.7608867  -0.19082619]]
[03/30/2022, 06:39:47] computing sampling shap 316:326 within 46.9234 sec, 4.4764 on average
[03/30/2022, 06:39:47] instances left: 166
[03/30/2022, 06:39:47] estimating time left: 0:12:23.082400

[[-1.34452030e+00  1.16951683e+01 -2.52964760e-01  0.00000000e+00
   2.30624076e-01 -1.25462528e-01]
 [ 1.13142680e+01  1.75834432e+00 -1.81958697e-01  0.00000000e+00
  -4.47405740e-01  2.98235503e-01]
 [-1.78179390e+00  2.12059557e+00 -6.45467293e-01  0.00000000e+00
   8.73229122e-01 -2.00420455e-01]
 [ 2.25387012e+00 -9.55769615e-01 -2.36166488e-01  0.00000000e+00
  -9.06889407e-01 -9.75455261e-05]
 [ 1.12337251e+01  2.01348519e+00 -1.62988296e-01  0.00000000e+00
  -1.19299842e-01 -1.70837407e-01]
 [-2.10500054e+00  2.17768561e+00 -2.44709856e-01  0.00000000e+00
   3.65041263e-01  9.04662438e-02]
 [-6.45177772e-01  1.07678731e+01 -2.01481222e-05  0.00000000e+00
   1.81604241e-01  9.04053365e-02]
 [-3.88758613e+00 -6.40966458e+00 -4.26807684e-01  0.00000000e+00
   8.65001200e-01 -1.96576494e-01]
 [-6.98113848e-01  1.08723283e+01  0.00000000e+00  0.00000000e+00
   1.89252822e-01 -2.42325946e-01]
 [ 6.85344602e+00  9.83918393e-01  5.04984968e+00  0.00000000e+00
   5.95539254e-01 -1.23524621e-01]]
[03/30/2022, 06:40:27] computing sampling shap 326:336 within 39.9138 sec, 4.4225 on average
[03/30/2022, 06:40:27] instances left: 156
[03/30/2022, 06:40:27] estimating time left: 0:11:29.910000

[[-3.72019673 -6.43865002 -0.61395065  0.          0.18053808  0.14330275]
 [-3.8961908  -6.8876392   0.          0.          0.09089632 -0.2404722 ]
 [-3.52726279 -6.96504181 -0.30727015  0.          0.47277498  0.2222434 ]
 [ 2.9057246   8.77856722 -0.15764534  0.          0.76769828 -0.14438194]
 [-3.72251825 -6.63881344 -0.36198383  0.          0.45858367 -0.24374645]
 [ 3.12510163  8.51973678  0.          0.          0.61318997 -0.17359029]
 [12.00991825  1.18161706 -0.09007847  0.         -0.26673198  0.02295452]
 [-3.49166969 -6.87840531 -0.51325209  0.         -0.09566565 -0.20524088]
 [-3.11035139 -6.89581814 -0.83446236  0.         -1.00275447 -0.28070058]
 [-3.59314612 -6.85727433 -0.47725059  0.         -0.45723221 -0.21085421]]
[03/30/2022, 06:41:10] computing sampling shap 336:346 within 42.9411 sec, 4.4097 on average
[03/30/2022, 06:41:10] instances left: 146
[03/30/2022, 06:41:10] estimating time left: 0:10:43.816200

[[-0.99872361  1.42042604  9.96420928  0.          0.43870893 -0.15688353]
 [-1.86527776  1.85834374 -0.15771693  0.         -0.3745681   0.61537238]
 [-3.58253137 -6.51388884 -0.57851298  0.          0.78136716 -0.05744261]
 [-3.56716631 -6.48154119 -0.73555554  0.         -0.6327718  -0.1804243 ]
 [-2.21818456  2.36375333 -0.46784516  0.          0.53246927 -0.14772292]
 [ 3.36246468  8.43137454 -0.09032047  0.         -0.1535747  -0.04320726]
 [ 7.48625185  5.5816602   0.          0.         -0.2900629  -0.08817616]
 [-4.09974241 -6.4827117  -0.26078666  0.         -0.58116331 -0.22592403]
 [ 2.15566013 -0.67185523 -0.23008359  0.         -0.25770446  0.76475732]
 [-2.5860629   2.70457522 -0.34786994  0.         -0.82188366 -0.28364697]]
[03/30/2022, 06:41:54] computing sampling shap 346:356 within 43.4096 sec, 4.4035 on average
[03/30/2022, 06:41:54] instances left: 136
[03/30/2022, 06:41:54] estimating time left: 0:09:58.876000

[[-2.91128460e+00 -7.15076227e+00 -7.12052332e-01  0.00000000e+00
  -5.72234201e-02  3.14384282e-01]
 [-2.43852850e+00  2.75180960e+00 -5.82221637e-01  0.00000000e+00
   1.46779211e-01 -5.51992299e-02]
 [-3.68649153e+00 -6.67610673e+00 -3.87929649e-01  0.00000000e+00
   1.50087462e-01  2.68214971e-01]
 [-3.63746791e+00 -6.54330262e+00 -5.66172707e-01  0.00000000e+00
   8.98940182e-01 -2.07630352e-01]
 [ 1.12288762e+01  1.74544000e+00 -4.11422402e-04  0.00000000e+00
  -5.52743348e-01 -1.39613375e-01]
 [ 3.21108999e+00  8.42151218e+00 -1.34902933e-03  0.00000000e+00
   2.50057254e-01 -1.96490529e-01]
 [-3.12083452e+00 -6.85226147e+00 -7.52915216e-01  0.00000000e+00
   1.15971433e-01  4.36134610e-01]
 [-3.81344586e+00 -6.82590954e+00 -1.98502048e-01  0.00000000e+00
  -6.01270391e-01 -1.58330939e-01]
 [-3.51868796e+00 -7.16846119e+00 -2.15658265e-01  0.00000000e+00
  -9.85869640e-01 -1.80284552e-01]
 [-2.23447348e+00  2.41738997e+00 -4.25142277e-01  0.00000000e+00
   4.80528977e-01 -2.57449477e-01]]
[03/30/2022, 06:42:38] computing sampling shap 356:366 within 44.5563 sec, 4.4078 on average
[03/30/2022, 06:42:38] instances left: 126
[03/30/2022, 06:42:38] estimating time left: 0:09:15.382800

[[-0.67791702 11.09610472 -0.2484425   0.          0.48228298 -0.19571322]
 [-2.47332789  2.49436408 -0.4244702   0.         -0.12662764  0.62296124]
 [ 2.2900651  -0.55284573 -0.4135659   0.          0.2180828  -0.08745913]
 [-3.5797382  -6.68698109 -0.55646158  0.          0.17711342  0.35575515]
 [ 1.72884104 -0.17723425 -0.22433844  0.          0.60644394 -0.1841692 ]
 [-3.99898552 -6.63173086 -0.16913186  0.          0.47412378 -0.08808382]
 [ 7.90381769  5.14081651 -0.16725875  0.          0.37774193  0.04515328]
 [-0.97896853 11.26995656 -0.1279572   0.         -0.43165806 -0.22507295]
 [ 6.1748954  -4.87983047 -0.15912858  0.          0.76124077 -0.24206163]
 [-2.19964743  2.25448315 -0.09128846  0.         -0.60582774 -0.14138546]]
[03/30/2022, 06:43:26] computing sampling shap 366:376 within 47.7934 sec, 4.4364 on average
[03/30/2022, 06:43:26] instances left: 116
[03/30/2022, 06:43:26] estimating time left: 0:08:34.622400

[[ 3.07365661e+00  8.58325506e+00 -1.54707478e-01  0.00000000e+00
   8.10399670e-01 -1.67989714e-01]
 [-2.97758562e+00 -7.27183066e+00 -5.87526241e-01  0.00000000e+00
   1.57376500e-01 -1.20954338e-01]
 [-3.53426705e+00 -6.68849413e+00 -5.65245054e-01  0.00000000e+00
   9.14803379e-01 -1.59317063e-01]
 [-3.88212561e+00 -6.67600134e+00 -1.87103136e-01  0.00000000e+00
  -4.69769786e-01  6.06280096e-01]
 [-3.80644670e+00 -6.41561246e+00 -5.46510303e-01  0.00000000e+00
   8.84098550e-01 -1.13779005e-01]
 [-2.09422827e+00  2.10403050e+00 -2.08544624e-01  0.00000000e+00
   1.25666782e-01  5.48364659e-03]
 [-9.52002568e-01  1.11675033e+01 -1.12561025e-03  0.00000000e+00
  -1.60420511e-01  9.14655585e-01]
 [-1.09775532e+00  1.13233949e+01 -1.61492843e-01  0.00000000e+00
   2.40302357e-01 -1.34864883e-01]
 [-3.86541452e+00 -6.52076428e+00 -4.05650439e-01  0.00000000e+00
  -5.13685904e-01  9.33395318e-02]
 [-1.03764191e+00  1.12485953e+01 -4.65079170e-04  0.00000000e+00
   4.44071719e-01 -2.42676751e-01]]
[03/30/2022, 06:44:10] computing sampling shap 376:386 within 44.1699 sec, 4.4351 on average
[03/30/2022, 06:44:10] instances left: 106
[03/30/2022, 06:44:10] estimating time left: 0:07:50.120600

[[ 2.84445423e+00  8.87128714e+00 -4.24786096e-04  0.00000000e+00
  -3.38780369e-01 -1.94971840e-01]
 [-3.37477289e+00 -7.13424408e+00 -2.68405668e-01  0.00000000e+00
   4.89143304e-01 -2.20198192e-01]
 [ 7.60848389e+00  5.31172215e+00 -9.51489287e-02  0.00000000e+00
  -1.50779535e-01  3.33280125e-01]
 [-8.00433165e-01  1.11490658e+01 -1.72404709e-01  0.00000000e+00
  -7.63970721e-02 -2.49854256e-01]
 [-3.28484396e+00 -6.82152952e+00 -7.01197638e-01  0.00000000e+00
   4.75744641e-01 -2.08397142e-01]
 [ 3.84168126e+00  7.82112368e+00  0.00000000e+00  0.00000000e+00
   2.13675686e-01 -1.06141748e-01]
 [ 2.15705121e+00 -3.85778651e-01 -4.89297638e-01  0.00000000e+00
  -6.57493978e-02  1.05047547e-01]
 [ 7.42729348e+00  5.39585312e+00  0.00000000e+00  0.00000000e+00
  -8.59618116e-02  2.24036272e-01]
 [-1.07887438e+00  1.11768168e+01 -4.02962272e-05  0.00000000e+00
   2.54167994e-02  7.76260234e-02]
 [-3.38211593e+00 -6.99669101e+00 -5.24005379e-01  0.00000000e+00
  -5.30174324e-01 -2.48226387e-01]]
[03/30/2022, 06:44:55] computing sampling shap 386:396 within 45.2488 sec, 4.4411 on average
[03/30/2022, 06:44:55] instances left: 96
[03/30/2022, 06:44:55] estimating time left: 0:07:06.345600

[[-3.73623426e+00 -6.88799301e+00 -2.28968104e-01  0.00000000e+00
   1.97026772e-01 -1.45661917e-01]
 [ 7.42840224e+00  5.53384926e+00 -1.49834750e-01  0.00000000e+00
   7.16953205e-01  7.22531597e-02]
 [ 1.16429649e+01  1.20306418e+00 -4.24786866e-04  0.00000000e+00
   4.26516196e-01 -7.52210614e-02]
 [ 1.14225472e+01  1.61491575e+00  0.00000000e+00  0.00000000e+00
  -5.90212981e-01 -1.65701902e-01]
 [-3.99977484e+00 -6.48858568e+00 -3.62247358e-01  0.00000000e+00
   1.00726297e+00 -2.12288522e-01]
 [ 7.27378663e+00  5.65977084e+00 -9.72914042e-02  0.00000000e+00
   4.48192779e-01  3.92548505e-03]
 [-3.49399642e+00 -6.55499576e+00 -6.91741337e-01  0.00000000e+00
  -1.46727181e+00 -2.85129371e-01]
 [ 7.70550288e+00  5.19552299e+00  0.00000000e+00  0.00000000e+00
  -4.59835565e-01  8.86336099e-02]
 [-4.72813833e-01  1.05908773e+01  0.00000000e+00  0.00000000e+00
  -4.78080275e-01 -1.97209372e-01]
 [-8.90999886e-01  1.11292633e+01 -2.01481085e-05  0.00000000e+00
  -4.78139253e-01  5.67713799e-01]]
[03/30/2022, 06:45:37] computing sampling shap 396:406 within 41.6033 sec, 4.4235 on average
[03/30/2022, 06:45:37] instances left: 86
[03/30/2022, 06:45:37] estimating time left: 0:06:20.421000

[[-4.14274434e+00 -6.35512351e+00 -3.45777602e-01  0.00000000e+00
   5.42091236e-01  2.00933760e-01]
 [-3.65030453e+00 -6.76866097e+00 -1.94231538e-01  0.00000000e+00
  -1.19293833e+00  8.25004746e-01]
 [-7.40231448e-01  1.10281778e+01 -2.01481010e-05  0.00000000e+00
  -1.10739504e+00 -1.50287537e-02]
 [-3.39366360e+00 -6.74226217e+00 -6.29944289e-01  0.00000000e+00
  -1.82698185e-01 -2.97633198e-02]
 [-3.54647242e+00 -6.47761270e+00 -7.69547868e-01  0.00000000e+00
   4.59911150e-01 -2.06501534e-01]
 [ 7.41809726e+00  5.59412078e+00 -1.70673272e-01  0.00000000e+00
   1.70341665e-01  1.56549686e-01]
 [-2.91121189e+00 -7.40202552e+00 -6.18534090e-01  0.00000000e+00
  -4.26679531e-01  3.63236897e-04]
 [-3.62583027e+00 -7.19261168e+00 -1.99534552e-01  0.00000000e+00
  -3.74712613e-01  1.33089984e-01]
 [-3.81537996e+00 -6.47407324e+00 -4.08499528e-01  0.00000000e+00
   8.39171289e-01 -1.16533980e-01]
 [-2.27990236e+00  2.18586504e+00 -2.44355783e-01  0.00000000e+00
  -1.92075897e-01  3.93040193e-01]]
[03/30/2022, 06:46:17] computing sampling shap 406:416 within 39.9663 sec, 4.3984 on average
[03/30/2022, 06:46:17] instances left: 76
[03/30/2022, 06:46:17] estimating time left: 0:05:34.278400

[[ 7.28896069  5.6224048  -0.09080254  0.         -0.35097513  0.3430082 ]
 [-2.53395434  2.42268488 -0.0893817   0.         -0.43667585  0.56539789]
 [-4.14228749 -6.66005027 -0.09302581  0.         -1.32183864  0.11013623]
 [-3.66785231 -6.77326108 -0.31579768  0.          0.09387506 -0.17544367]
 [-3.95266976 -6.51948692 -0.35040247  0.         -0.62639721 -0.16469291]
 [-3.41365897 -7.1540105  -0.31262263  0.         -0.5690039  -0.24590434]
 [ 1.88455168 -0.43491841 -0.22102017  0.          0.44509915  0.26077568]
 [-3.05450978 -7.04589881 -0.6113758   0.         -1.1223373   0.14215767]
 [-3.68548233 -6.3877185  -0.85741908  0.         -0.51244667 -0.24086423]
 [ 2.16768432 -0.73285759 -0.28812822  0.          0.79654767 -0.12712908]]
[03/30/2022, 06:46:59] computing sampling shap 416:426 within 42.136 sec, 4.3882 on average
[03/30/2022, 06:46:59] instances left: 66
[03/30/2022, 06:46:59] estimating time left: 0:04:49.621200

[[ 3.77456744e+00  8.20444035e+00 -2.32742370e-01  0.00000000e+00
   1.29522344e-01 -1.49322085e-01]
 [ 7.43843956e+00  5.62484037e+00 -1.51834053e-01  0.00000000e+00
  -3.64810785e-01  2.87388977e-01]
 [ 2.06055417e+00 -6.78618681e-01 -2.18279862e-01  0.00000000e+00
   7.81981999e-01 -1.96094211e-01]
 [-3.37261875e+00 -6.91637545e+00 -4.73070815e-01  0.00000000e+00
  -1.24203913e+00  1.76641899e-01]
 [-3.65268068e+00 -6.68618040e+00 -6.04305928e-01  0.00000000e+00
  -1.92521267e-01 -1.07771878e-01]
 [-3.49944446e+00 -6.88287721e+00 -5.02766935e-01  0.00000000e+00
  -5.31898268e-01 -4.76445036e-02]
 [-3.67259683e+00 -7.07125278e+00 -9.37251928e-02  0.00000000e+00
  -1.13291707e-01 -2.91897407e-01]
 [ 7.40797618e+00  5.63507685e+00 -1.54433914e-01  0.00000000e+00
  -2.73290963e-01  2.15439437e-01]
 [ 1.94109090e+00 -7.09952263e-01 -1.12559641e-03  0.00000000e+00
   5.11672036e-01 -1.40322058e-01]
 [-3.94585623e+00 -6.56257207e+00 -3.39935522e-01  0.00000000e+00
  -5.94922360e-01 -1.51454553e-01]]
[03/30/2022, 06:47:46] computing sampling shap 426:436 within 46.9599 sec, 4.4044 on average
[03/30/2022, 06:47:46] instances left: 56
[03/30/2022, 06:47:46] estimating time left: 0:04:06.646400

[[-2.94584525e+00 -7.49703971e+00 -4.84644258e-01  0.00000000e+00
  -8.69663839e-01 -2.60897989e-01]
 [-1.18279385e+00  1.15331130e+01 -8.88403807e-02  0.00000000e+00
   7.25882541e-01 -2.76952103e-01]
 [-1.12803770e+00  1.13658703e+01 -1.37513236e-03  0.00000000e+00
  -1.38472156e+00 -3.41097280e-01]
 [-2.54079452e+00  2.62983460e+00 -3.84713659e-01  0.00000000e+00
   8.32642884e-01 -1.14073037e-01]
 [-3.75130322e+00 -6.74761431e+00 -3.71798724e-01  0.00000000e+00
  -1.97357660e-01  3.41917717e-01]
 [ 3.28991862e+00  8.53581396e+00 -1.75675083e-01  0.00000000e+00
  -3.82682419e-01  5.55960726e-01]
 [ 7.31187863e+00  5.45096629e+00 -4.24784501e-04  0.00000000e+00
   7.05030678e-01 -8.59472516e-02]
 [ 1.19185796e+01  1.15855030e+00 -2.68558109e-01  0.00000000e+00
   6.28504960e-01 -5.96730656e-02]
 [-1.14804853e+00  1.14684318e+01 -1.82601759e-01  0.00000000e+00
   7.80387923e-01 -2.07760064e-01]
 [-9.75340505e-01  1.17281832e+00  1.01622867e+01  0.00000000e+00
  -2.19471799e-01  3.08566421e-01]]
[03/30/2022, 06:48:29] computing sampling shap 436:446 within 43.3543 sec, 4.401 on average
[03/30/2022, 06:48:29] instances left: 46
[03/30/2022, 06:48:29] estimating time left: 0:03:22.446000

[[ 7.41524187e+00  5.74903625e+00 -2.85957766e-01  0.00000000e+00
  -3.24581109e-01  2.08221695e-01]
 [-9.22064065e-01  1.10543043e+01 -8.92492422e-02  0.00000000e+00
   5.38631760e-01 -1.14509144e-01]
 [ 7.65721525e+00  5.41854760e+00 -1.29220242e-03  0.00000000e+00
  -1.51660557e-01 -8.89176415e-02]
 [-3.51053420e+00 -7.23271125e+00 -9.10902774e-02  0.00000000e+00
  -1.12327854e+00 -1.74177583e-01]
 [ 3.02570479e+00  8.66201707e+00 -7.00829013e-04  0.00000000e+00
   2.01171910e-01 -9.38192067e-02]
 [-1.08826759e+00  1.15393354e+01 -2.03198833e-01  0.00000000e+00
  -3.75022473e-01  2.96121834e-01]
 [-3.39791157e+00 -7.19513757e+00 -3.32051166e-01  0.00000000e+00
   2.26700813e-01 -2.01280717e-01]
 [-3.85821284e+00 -6.77595372e+00 -3.13378482e-01  0.00000000e+00
  -4.86372106e-01 -2.05140986e-01]
 [-3.87782214e+00 -6.27481523e+00 -5.63542532e-01  0.00000000e+00
  -7.85137915e-01  6.76033880e-01]
 [ 2.07188058e+00 -5.44197047e-01 -1.62237204e-01  0.00000000e+00
  -2.86681627e-01 -1.07903327e-01]]
[03/30/2022, 06:49:16] computing sampling shap 446:456 within 46.2795 sec, 4.4118 on average
[03/30/2022, 06:49:16] instances left: 36
[03/30/2022, 06:49:16] estimating time left: 0:02:38.824800

[[-3.63891259e+00 -6.32906287e+00 -7.19039170e-01  0.00000000e+00
   8.55561110e-01 -9.34074818e-02]
 [-3.53332924e+00 -6.93442882e+00 -4.89796537e-01  0.00000000e+00
  -4.21537967e-02 -7.37615152e-02]
 [-3.71454083e+00 -6.37417941e+00 -7.48102787e-01  0.00000000e+00
  -2.37901220e-01  2.04497776e-01]
 [-9.87811059e-01  1.10547232e+01 -2.01481047e-05  0.00000000e+00
   2.12462012e-01  1.92682760e-01]
 [-3.02542081e+00 -7.20523171e+00 -5.48394758e-01  0.00000000e+00
  -6.20142177e-01 -2.37150369e-01]
 [-1.10765373e+00  1.12995685e+01 -7.90894932e-04  0.00000000e+00
  -3.75284048e-01  5.55305800e-02]
 [ 2.44649023e+00  5.36415612e+00  4.09998805e+00  0.00000000e+00
   1.87930385e-01  8.17954797e-03]
 [-3.63459208e+00 -6.90920950e+00 -2.70685415e-01  0.00000000e+00
  -4.21176335e-01  2.55663678e-01]
 [ 3.08741839e+00  8.83673835e+00 -2.13586922e-01  0.00000000e+00
  -2.58055484e-02 -2.12715173e-01]
 [ 1.83844984e+00 -1.24633666e-01 -3.86004491e-01  0.00000000e+00
   2.26506398e-01 -1.15721991e-01]]
[03/30/2022, 06:49:59] computing sampling shap 456:466 within 42.9567 sec, 4.4065 on average
[03/30/2022, 06:49:59] instances left: 26
[03/30/2022, 06:49:59] estimating time left: 0:01:54.569000

[[-1.23996197e+00  1.15075643e+01 -2.01481040e-05  0.00000000e+00
   3.57815158e-01 -2.13514048e-01]
 [-3.64744873e+00 -7.17727175e+00 -9.11807476e-02  0.00000000e+00
  -8.75588657e-01 -1.69074376e-01]
 [-3.68331357e+00 -6.96928693e+00 -9.06113546e-02  0.00000000e+00
   8.89148862e-01 -2.01570263e-01]
 [-3.60907252e+00 -7.09341366e+00 -9.23793109e-02  0.00000000e+00
  -2.80455470e-01  4.40149901e-01]
 [-3.14805078e+00 -6.92142381e+00 -6.80241362e-01  0.00000000e+00
  -6.24923929e-01 -2.61700383e-01]
 [ 7.56701164e+00  5.59233444e+00 -2.25778048e-01  0.00000000e+00
  -3.92409774e-01  1.98807737e-01]
 [-3.58757798e+00 -6.83631421e+00 -3.55649136e-01  0.00000000e+00
   4.66976265e-01 -1.14947677e-01]
 [-5.74635393e-01  1.08443197e+01 -8.90517332e-02  0.00000000e+00
   7.53959505e-01 -1.56248934e-01]
 [-3.10809440e+00 -7.10899016e+00 -7.28631916e-01  0.00000000e+00
  -1.12821840e+00 -1.93499979e-01]
 [ 1.72108720e+00  2.30259830e-01 -5.67453692e-01  0.00000000e+00
  -4.77853065e-01 -1.02154912e-01]]
[03/30/2022, 06:50:45] computing sampling shap 466:476 within 45.7807 sec, 4.414 on average
[03/30/2022, 06:50:45] instances left: 16
[03/30/2022, 06:50:45] estimating time left: 0:01:10.624000

[[-3.5996727  -7.16415204 -0.09322369  0.          0.16177871 -0.10656123]
 [-3.21959538 -7.02414754 -0.54074449  0.         -0.40497838  0.58847074]
 [-3.50577392 -6.90520528 -0.34020577  0.         -0.2436769  -0.07860813]
 [-1.68748732  1.35944223  0.          0.          0.87511867 -0.15033486]
 [ 1.9754864  -0.40820009 -0.2121154   0.         -0.40087805 -0.02010732]
 [ 2.00358246 -0.42502926 -0.19570515  0.         -0.48757635 -0.0595246 ]
 [-3.30201697 -7.10646675 -0.3697624   0.          0.47048742 -0.12881432]
 [ 6.75563409  4.95372897 -0.08610435  0.          0.2205625  -0.13628541]
 [ 7.31283131  5.70259369 -0.09579015  0.          0.38736898 -0.05614192]
 [-3.03723399 -6.84248235 -1.04194656  0.          0.20242949 -0.0383309 ]]
[03/30/2022, 06:51:26] computing sampling shap 476:486 within 41.5898 sec, 4.4034 on average
[03/30/2022, 06:51:26] instances left: 6
[03/30/2022, 06:51:26] estimating time left: 0:00:26.420400

[[-3.72670555e+00 -6.40699210e+00 -5.51347641e-01  0.00000000e+00
   4.52413655e-01 -2.75846783e-01]
 [-3.72595793e+00 -6.73963804e+00 -4.05349139e-01  0.00000000e+00
  -2.97583838e-01 -8.26947850e-02]
 [-1.09219129e+00  1.13442738e+01 -2.01481082e-05  0.00000000e+00
  -9.53595565e-02  2.35738987e-01]
 [ 1.82854905e+00 -2.62777290e-01 -3.84693298e-01  0.00000000e+00
  -1.36780413e+00  2.82455042e-02]
 [-2.28342959e+00  2.71065166e+00 -5.76582703e-01  0.00000000e+00
   7.14205765e-01 -1.41948677e-01]
 [-3.40500385e+00 -7.17558313e+00 -2.64481802e-01  0.00000000e+00
  -3.92134125e-01 -1.41734201e-01]
 [ 1.77842024e+00 -4.64943318e-01  0.00000000e+00  0.00000000e+00
   2.63516366e-01 -1.87708157e-01]
 [-3.99678281e+00 -6.82796500e+00  0.00000000e+00  0.00000000e+00
   1.03785817e-01 -1.78718298e-01]
 [-2.63362338e+00  2.60683977e+00 -2.73035071e-01  0.00000000e+00
   4.89292936e-01 -1.04988421e-01]
 [-8.85710586e-01  1.12361670e+01 -1.55808575e-01  0.00000000e+00
   4.99989053e-01 -8.14494353e-02]]
[03/30/2022, 06:51:26] finish computing sampling shap for range: [2, 8] within 1056.811382 sec
