

[03/27/2022, 21:49:51] [exp-csne_csne_t1_origin]
============== start ==============
[03/27/2022, 21:49:51] [masking_exp-csne_csne_t1_origin]
get scores for 9834 papers
[03/27/2022, 21:49:56] [masking_exp-csne_csne_t1_origin]
task end within 5.13669 sec
[03/27/2022, 21:49:56] [exp-csne_csne_t1_origin]
============== end 9834 ==============


[03/27/2022, 21:49:56] [exp-csne_csne_t1_t]
============== start ==============
[03/27/2022, 21:49:57] [masking_exp-csne_csne_t1_t]
get scores for 9834 papers
[03/27/2022, 21:50:01] [masking_exp-csne_csne_t1_t]
task end within 4.774993 sec
[03/27/2022, 21:50:01] [exp-csne_csne_t1_t]
============== end 9834 ==============


[03/27/2022, 21:50:01] [exp-csne_csne_t1_abs]
============== start ==============
[03/27/2022, 21:50:02] [masking_exp-csne_csne_t1_abs]
get scores for 9834 papers
[03/27/2022, 21:50:05] [masking_exp-csne_csne_t1_abs]
task end within 3.333091 sec
[03/27/2022, 21:50:05] [exp-csne_csne_t1_abs]
============== end 9834 ==============


[03/27/2022, 21:50:05] [exp-csne_csne_t1_v]
============== start ==============
[03/27/2022, 21:50:05] [masking_exp-csne_csne_t1_v]
get scores for 9834 papers
[03/27/2022, 21:50:10] [masking_exp-csne_csne_t1_v]
task end within 5.026459 sec
[03/27/2022, 21:50:10] [exp-csne_csne_t1_v]
============== end 9834 ==============


[03/27/2022, 21:50:10] [exp-csne_csne_t1_au]
============== start ==============
[03/27/2022, 21:50:10] [masking_exp-csne_csne_t1_au]
get scores for 9834 papers
[03/27/2022, 21:50:15] [masking_exp-csne_csne_t1_au]
task end within 4.327749 sec
[03/27/2022, 21:50:15] [exp-csne_csne_t1_au]
============== end 9834 ==============


[03/27/2022, 21:50:15] [exp-csne_csne_t1_y]
============== start ==============
[03/27/2022, 21:50:15] [masking_exp-csne_csne_t1_y]
get scores for 9834 papers
[03/27/2022, 21:50:20] [masking_exp-csne_csne_t1_y]
task end within 5.282263 sec
[03/27/2022, 21:50:20] [exp-csne_csne_t1_y]
============== end 9834 ==============


[03/27/2022, 21:50:20] [exp-csne_csne_t1_c]
============== start ==============
[03/27/2022, 21:50:20] [masking_exp-csne_csne_t1_c]
get scores for 9834 papers
[03/27/2022, 21:50:26] [masking_exp-csne_csne_t1_c]
task end within 5.247217 sec
[03/27/2022, 21:50:26] [exp-csne_csne_t1_c]
============== end 9834 ==============


[03/27/2022, 21:50:26] [exp-csne_csne_t1_tabs]
============== start ==============
[03/27/2022, 21:50:26] [masking_exp-csne_csne_t1_tabs]
get scores for 9834 papers
[03/27/2022, 21:50:29] [masking_exp-csne_csne_t1_tabs]
task end within 3.10396 sec
[03/27/2022, 21:50:29] [exp-csne_csne_t1_tabs]
============== end 9834 ==============


[03/27/2022, 21:50:29] [exp-csne_csne_t1_tabsv]
============== start ==============
[03/27/2022, 21:50:29] [masking_exp-csne_csne_t1_tabsv]
get scores for 9834 papers
[03/27/2022, 21:50:32] [masking_exp-csne_csne_t1_tabsv]
task end within 2.870326 sec
[03/27/2022, 21:50:32] [exp-csne_csne_t1_tabsv]
============== end 9834 ==============


[03/27/2022, 21:50:32] [exp-csne_csne_t1_tabsvau]
============== start ==============
[03/27/2022, 21:50:32] [masking_exp-csne_csne_t1_tabsvau]
get scores for 9834 papers
[03/27/2022, 21:50:34] [masking_exp-csne_csne_t1_tabsvau]
task end within 1.877664 sec
[03/27/2022, 21:50:34] [exp-csne_csne_t1_tabsvau]
============== end 9834 ==============


[03/27/2022, 21:50:34] [exp-csne_csne_t1_tabsvauy]
============== start ==============
[03/27/2022, 21:50:34] [masking_exp-csne_csne_t1_tabsvauy]
get scores for 9834 papers
[03/27/2022, 21:50:36] [masking_exp-csne_csne_t1_tabsvauy]
task end within 2.008959 sec
[03/27/2022, 21:50:36] [exp-csne_csne_t1_tabsvauy]
============== end 9834 ==============


[03/27/2022, 21:50:36] [exp-csne_csne_t1_tabsvauyc]
============== start ==============
[03/27/2022, 21:50:37] [masking_exp-csne_csne_t1_tabsvauyc]
get scores for 9834 papers
[03/27/2022, 21:50:39] [masking_exp-csne_csne_t1_tabsvauyc]
task end within 1.864216 sec
[03/27/2022, 21:50:39] [exp-csne_csne_t1_tabsvauyc]
============== end 9834 ==============


[03/27/2022, 21:50:39] [exp-csne_csne_t1_tabsvauc]
============== start ==============
[03/27/2022, 21:50:39] [masking_exp-csne_csne_t1_tabsvauc]
get scores for 9834 papers
[03/27/2022, 21:50:41] [masking_exp-csne_csne_t1_tabsvauc]
task end within 1.933922 sec
[03/27/2022, 21:50:41] [exp-csne_csne_t1_tabsvauc]
============== end 9834 ==============


[03/27/2022, 21:50:41] [exp-csne_csne_t1_tabsvy]
============== start ==============
[03/27/2022, 21:50:41] [masking_exp-csne_csne_t1_tabsvy]
get scores for 9834 papers
[03/27/2022, 21:50:44] [masking_exp-csne_csne_t1_tabsvy]
task end within 2.84314 sec
[03/27/2022, 21:50:44] [exp-csne_csne_t1_tabsvy]
============== end 9834 ==============


[03/27/2022, 21:50:44] [exp-csne_csne_t1_tabsvyc]
============== start ==============
[03/27/2022, 21:50:44] [masking_exp-csne_csne_t1_tabsvyc]
get scores for 9834 papers
[03/27/2022, 21:50:47] [masking_exp-csne_csne_t1_tabsvyc]
task end within 2.74801 sec
[03/27/2022, 21:50:47] [exp-csne_csne_t1_tabsvyc]
============== end 9834 ==============


[03/27/2022, 21:50:47] [exp-csne_csne_t1_tabsvc]
============== start ==============
[03/27/2022, 21:50:47] [masking_exp-csne_csne_t1_tabsvc]
get scores for 9834 papers
[03/27/2022, 21:50:50] [masking_exp-csne_csne_t1_tabsvc]
task end within 2.757392 sec
[03/27/2022, 21:50:50] [exp-csne_csne_t1_tabsvc]
============== end 9834 ==============


[03/27/2022, 21:50:50] [exp-csne_csne_t1_tabsau]
============== start ==============
[03/27/2022, 21:50:50] [masking_exp-csne_csne_t1_tabsau]
get scores for 9834 papers
[03/27/2022, 21:50:52] [masking_exp-csne_csne_t1_tabsau]
task end within 2.258452 sec
[03/27/2022, 21:50:52] [exp-csne_csne_t1_tabsau]
============== end 9834 ==============


[03/27/2022, 21:50:52] [exp-csne_csne_t1_tabsauy]
============== start ==============
[03/27/2022, 21:50:52] [masking_exp-csne_csne_t1_tabsauy]
get scores for 9834 papers
[03/27/2022, 21:50:55] [masking_exp-csne_csne_t1_tabsauy]
task end within 2.196573 sec
[03/27/2022, 21:50:55] [exp-csne_csne_t1_tabsauy]
============== end 9834 ==============


[03/27/2022, 21:50:55] [exp-csne_csne_t1_tabsauyc]
============== start ==============
[03/27/2022, 21:50:55] [masking_exp-csne_csne_t1_tabsauyc]
get scores for 9834 papers
[03/27/2022, 21:50:57] [masking_exp-csne_csne_t1_tabsauyc]
task end within 2.160965 sec
[03/27/2022, 21:50:57] [exp-csne_csne_t1_tabsauyc]
============== end 9834 ==============


[03/27/2022, 21:50:57] [exp-csne_csne_t1_tabsauc]
============== start ==============
[03/27/2022, 21:50:57] [masking_exp-csne_csne_t1_tabsauc]
get scores for 9834 papers
[03/27/2022, 21:50:59] [masking_exp-csne_csne_t1_tabsauc]
task end within 2.142911 sec
[03/27/2022, 21:50:59] [exp-csne_csne_t1_tabsauc]
============== end 9834 ==============


[03/27/2022, 21:50:59] [exp-csne_csne_t1_tabsy]
============== start ==============
[03/27/2022, 21:51:00] [masking_exp-csne_csne_t1_tabsy]
get scores for 9834 papers
[03/27/2022, 21:51:03] [masking_exp-csne_csne_t1_tabsy]
task end within 3.009587 sec
[03/27/2022, 21:51:03] [exp-csne_csne_t1_tabsy]
============== end 9834 ==============


[03/27/2022, 21:51:03] [exp-csne_csne_t1_tabsyc]
============== start ==============
[03/27/2022, 21:51:03] [masking_exp-csne_csne_t1_tabsyc]
get scores for 9834 papers
[03/27/2022, 21:51:06] [masking_exp-csne_csne_t1_tabsyc]
task end within 3.061142 sec
[03/27/2022, 21:51:06] [exp-csne_csne_t1_tabsyc]
============== end 9834 ==============


[03/27/2022, 21:51:06] [exp-csne_csne_t1_tabsc]
============== start ==============
[03/27/2022, 21:51:06] [masking_exp-csne_csne_t1_tabsc]
get scores for 9834 papers
[03/27/2022, 21:51:09] [masking_exp-csne_csne_t1_tabsc]
task end within 3.006883 sec
[03/27/2022, 21:51:09] [exp-csne_csne_t1_tabsc]
============== end 9834 ==============


[03/27/2022, 21:51:09] [exp-csne_csne_t1_tv]
============== start ==============
[03/27/2022, 21:51:09] [masking_exp-csne_csne_t1_tv]
get scores for 9834 papers
[03/27/2022, 21:51:14] [masking_exp-csne_csne_t1_tv]
task end within 4.463855 sec
[03/27/2022, 21:51:14] [exp-csne_csne_t1_tv]
============== end 9834 ==============


[03/27/2022, 21:51:14] [exp-csne_csne_t1_tvau]
============== start ==============
[03/27/2022, 21:51:14] [masking_exp-csne_csne_t1_tvau]
get scores for 9834 papers
[03/27/2022, 21:51:18] [masking_exp-csne_csne_t1_tvau]
task end within 3.775069 sec
[03/27/2022, 21:51:18] [exp-csne_csne_t1_tvau]
============== end 9834 ==============


[03/27/2022, 21:51:18] [exp-csne_csne_t1_tvauy]
============== start ==============
[03/27/2022, 21:51:18] [masking_exp-csne_csne_t1_tvauy]
get scores for 9834 papers
[03/27/2022, 21:51:22] [masking_exp-csne_csne_t1_tvauy]
task end within 3.635822 sec
[03/27/2022, 21:51:22] [exp-csne_csne_t1_tvauy]
============== end 9834 ==============


[03/27/2022, 21:51:22] [exp-csne_csne_t1_tvauyc]
============== start ==============
[03/27/2022, 21:51:22] [masking_exp-csne_csne_t1_tvauyc]
get scores for 9834 papers
[03/27/2022, 21:51:26] [masking_exp-csne_csne_t1_tvauyc]
task end within 3.645092 sec
[03/27/2022, 21:51:26] [exp-csne_csne_t1_tvauyc]
============== end 9834 ==============


[03/27/2022, 21:51:26] [exp-csne_csne_t1_tvauc]
============== start ==============
[03/27/2022, 21:51:26] [masking_exp-csne_csne_t1_tvauc]
get scores for 9834 papers
[03/27/2022, 21:51:30] [masking_exp-csne_csne_t1_tvauc]
task end within 3.829766 sec
[03/27/2022, 21:51:30] [exp-csne_csne_t1_tvauc]
============== end 9834 ==============


[03/27/2022, 21:51:30] [exp-csne_csne_t1_tvy]
============== start ==============
[03/27/2022, 21:51:30] [masking_exp-csne_csne_t1_tvy]
get scores for 9834 papers
[03/27/2022, 21:51:34] [masking_exp-csne_csne_t1_tvy]
task end within 4.652493 sec
[03/27/2022, 21:51:34] [exp-csne_csne_t1_tvy]
============== end 9834 ==============


[03/27/2022, 21:51:34] [exp-csne_csne_t1_tvyc]
============== start ==============
[03/27/2022, 21:51:35] [masking_exp-csne_csne_t1_tvyc]
get scores for 9834 papers
[03/27/2022, 21:51:39] [masking_exp-csne_csne_t1_tvyc]
task end within 4.581182 sec
[03/27/2022, 21:51:39] [exp-csne_csne_t1_tvyc]
============== end 9834 ==============


[03/27/2022, 21:51:39] [exp-csne_csne_t1_tvc]
============== start ==============
[03/27/2022, 21:51:39] [masking_exp-csne_csne_t1_tvc]
get scores for 9834 papers
[03/27/2022, 21:51:44] [masking_exp-csne_csne_t1_tvc]
task end within 4.735495 sec
[03/27/2022, 21:51:44] [exp-csne_csne_t1_tvc]
============== end 9834 ==============


[03/27/2022, 21:51:44] [exp-csne_csne_t1_tau]
============== start ==============
[03/27/2022, 21:51:44] [masking_exp-csne_csne_t1_tau]
get scores for 9834 papers
[03/27/2022, 21:51:48] [masking_exp-csne_csne_t1_tau]
task end within 3.957652 sec
[03/27/2022, 21:51:48] [exp-csne_csne_t1_tau]
============== end 9834 ==============


[03/27/2022, 21:51:48] [exp-csne_csne_t1_tauy]
============== start ==============
[03/27/2022, 21:51:49] [masking_exp-csne_csne_t1_tauy]
get scores for 9834 papers
[03/27/2022, 21:51:52] [masking_exp-csne_csne_t1_tauy]
task end within 3.865743 sec
[03/27/2022, 21:51:53] [exp-csne_csne_t1_tauy]
============== end 9834 ==============


[03/27/2022, 21:51:53] [exp-csne_csne_t1_tauyc]
============== start ==============
[03/27/2022, 21:51:53] [masking_exp-csne_csne_t1_tauyc]
get scores for 9834 papers
[03/27/2022, 21:51:57] [masking_exp-csne_csne_t1_tauyc]
task end within 3.892779 sec
[03/27/2022, 21:51:57] [exp-csne_csne_t1_tauyc]
============== end 9834 ==============


[03/27/2022, 21:51:57] [exp-csne_csne_t1_tauc]
============== start ==============
[03/27/2022, 21:51:57] [masking_exp-csne_csne_t1_tauc]
get scores for 9834 papers
[03/27/2022, 21:52:01] [masking_exp-csne_csne_t1_tauc]
task end within 3.925741 sec
[03/27/2022, 21:52:01] [exp-csne_csne_t1_tauc]
============== end 9834 ==============


[03/27/2022, 21:52:01] [exp-csne_csne_t1_ty]
============== start ==============
[03/27/2022, 21:52:01] [masking_exp-csne_csne_t1_ty]
get scores for 9834 papers
[03/27/2022, 21:52:06] [masking_exp-csne_csne_t1_ty]
task end within 4.824279 sec
[03/27/2022, 21:52:06] [exp-csne_csne_t1_ty]
============== end 9834 ==============


[03/27/2022, 21:52:06] [exp-csne_csne_t1_tyc]
============== start ==============
[03/27/2022, 21:52:06] [masking_exp-csne_csne_t1_tyc]
get scores for 9834 papers
[03/27/2022, 21:52:11] [masking_exp-csne_csne_t1_tyc]
task end within 4.736042 sec
[03/27/2022, 21:52:11] [exp-csne_csne_t1_tyc]
============== end 9834 ==============


[03/27/2022, 21:52:11] [exp-csne_csne_t1_tc]
============== start ==============
[03/27/2022, 21:52:11] [masking_exp-csne_csne_t1_tc]
get scores for 9834 papers
[03/27/2022, 21:52:16] [masking_exp-csne_csne_t1_tc]
task end within 4.751652 sec
[03/27/2022, 21:52:16] [exp-csne_csne_t1_tc]
============== end 9834 ==============


[03/27/2022, 21:52:16] [exp-csne_csne_t1_absv]
============== start ==============
[03/27/2022, 21:52:16] [masking_exp-csne_csne_t1_absv]
get scores for 9834 papers
[03/27/2022, 21:52:19] [masking_exp-csne_csne_t1_absv]
task end within 3.176606 sec
[03/27/2022, 21:52:19] [exp-csne_csne_t1_absv]
============== end 9834 ==============


[03/27/2022, 21:52:19] [exp-csne_csne_t1_absvau]
============== start ==============
[03/27/2022, 21:52:19] [masking_exp-csne_csne_t1_absvau]
get scores for 9834 papers
[03/27/2022, 21:52:22] [masking_exp-csne_csne_t1_absvau]
task end within 2.509639 sec
[03/27/2022, 21:52:22] [exp-csne_csne_t1_absvau]
============== end 9834 ==============


[03/27/2022, 21:52:22] [exp-csne_csne_t1_absvauy]
============== start ==============
[03/27/2022, 21:52:22] [masking_exp-csne_csne_t1_absvauy]
get scores for 9834 papers
[03/27/2022, 21:52:25] [masking_exp-csne_csne_t1_absvauy]
task end within 2.392983 sec
[03/27/2022, 21:52:25] [exp-csne_csne_t1_absvauy]
============== end 9834 ==============


[03/27/2022, 21:52:25] [exp-csne_csne_t1_absvauyc]
============== start ==============
[03/27/2022, 21:52:25] [masking_exp-csne_csne_t1_absvauyc]
get scores for 9834 papers
[03/27/2022, 21:52:27] [masking_exp-csne_csne_t1_absvauyc]
task end within 2.400996 sec
[03/27/2022, 21:52:27] [exp-csne_csne_t1_absvauyc]
============== end 9834 ==============


[03/27/2022, 21:52:27] [exp-csne_csne_t1_absvauc]
============== start ==============
[03/27/2022, 21:52:27] [masking_exp-csne_csne_t1_absvauc]
get scores for 9834 papers
[03/27/2022, 21:52:30] [masking_exp-csne_csne_t1_absvauc]
task end within 2.380153 sec
[03/27/2022, 21:52:30] [exp-csne_csne_t1_absvauc]
============== end 9834 ==============


[03/27/2022, 21:52:30] [exp-csne_csne_t1_absvy]
============== start ==============
[03/27/2022, 21:52:30] [masking_exp-csne_csne_t1_absvy]
get scores for 9834 papers
[03/27/2022, 21:52:33] [masking_exp-csne_csne_t1_absvy]
task end within 3.261361 sec
[03/27/2022, 21:52:33] [exp-csne_csne_t1_absvy]
============== end 9834 ==============


[03/27/2022, 21:52:33] [exp-csne_csne_t1_absvyc]
============== start ==============
[03/27/2022, 21:52:33] [masking_exp-csne_csne_t1_absvyc]
get scores for 9834 papers
[03/27/2022, 21:52:37] [masking_exp-csne_csne_t1_absvyc]
task end within 3.162665 sec
[03/27/2022, 21:52:37] [exp-csne_csne_t1_absvyc]
============== end 9834 ==============


[03/27/2022, 21:52:37] [exp-csne_csne_t1_absvc]
============== start ==============
[03/27/2022, 21:52:37] [masking_exp-csne_csne_t1_absvc]
get scores for 9834 papers
[03/27/2022, 21:52:40] [masking_exp-csne_csne_t1_absvc]
task end within 3.310874 sec
[03/27/2022, 21:52:40] [exp-csne_csne_t1_absvc]
============== end 9834 ==============


[03/27/2022, 21:52:40] [exp-csne_csne_t1_absau]
============== start ==============
[03/27/2022, 21:52:40] [masking_exp-csne_csne_t1_absau]
get scores for 9834 papers
[03/27/2022, 21:52:43] [masking_exp-csne_csne_t1_absau]
task end within 2.527601 sec
[03/27/2022, 21:52:43] [exp-csne_csne_t1_absau]
============== end 9834 ==============


[03/27/2022, 21:52:43] [exp-csne_csne_t1_absauy]
============== start ==============
[03/27/2022, 21:52:43] [masking_exp-csne_csne_t1_absauy]
get scores for 9834 papers
[03/27/2022, 21:52:46] [masking_exp-csne_csne_t1_absauy]
task end within 2.617885 sec
[03/27/2022, 21:52:46] [exp-csne_csne_t1_absauy]
============== end 9834 ==============


[03/27/2022, 21:52:46] [exp-csne_csne_t1_absauyc]
============== start ==============
[03/27/2022, 21:52:46] [masking_exp-csne_csne_t1_absauyc]
get scores for 9834 papers
[03/27/2022, 21:52:49] [masking_exp-csne_csne_t1_absauyc]
task end within 2.527307 sec
[03/27/2022, 21:52:49] [exp-csne_csne_t1_absauyc]
============== end 9834 ==============


[03/27/2022, 21:52:49] [exp-csne_csne_t1_absauc]
============== start ==============
[03/27/2022, 21:52:49] [masking_exp-csne_csne_t1_absauc]
get scores for 9834 papers
[03/27/2022, 21:52:51] [masking_exp-csne_csne_t1_absauc]
task end within 2.600666 sec
[03/27/2022, 21:52:51] [exp-csne_csne_t1_absauc]
============== end 9834 ==============


[03/27/2022, 21:52:51] [exp-csne_csne_t1_absy]
============== start ==============
[03/27/2022, 21:52:52] [masking_exp-csne_csne_t1_absy]
get scores for 9834 papers
[03/27/2022, 21:52:55] [masking_exp-csne_csne_t1_absy]
task end within 3.351156 sec
[03/27/2022, 21:52:55] [exp-csne_csne_t1_absy]
============== end 9834 ==============


[03/27/2022, 21:52:55] [exp-csne_csne_t1_absyc]
============== start ==============
[03/27/2022, 21:52:55] [masking_exp-csne_csne_t1_absyc]
get scores for 9834 papers
[03/27/2022, 21:52:59] [masking_exp-csne_csne_t1_absyc]
task end within 3.393556 sec
[03/27/2022, 21:52:59] [exp-csne_csne_t1_absyc]
============== end 9834 ==============


[03/27/2022, 21:52:59] [exp-csne_csne_t1_absc]
============== start ==============
[03/27/2022, 21:52:59] [masking_exp-csne_csne_t1_absc]
get scores for 9834 papers
[03/27/2022, 21:53:02] [masking_exp-csne_csne_t1_absc]
task end within 3.278347 sec
[03/27/2022, 21:53:02] [exp-csne_csne_t1_absc]
============== end 9834 ==============


[03/27/2022, 21:53:02] [exp-csne_csne_t1_vau]
============== start ==============
[03/27/2022, 21:53:02] [masking_exp-csne_csne_t1_vau]
get scores for 9834 papers
[03/27/2022, 21:53:07] [masking_exp-csne_csne_t1_vau]
task end within 4.271864 sec
[03/27/2022, 21:53:07] [exp-csne_csne_t1_vau]
============== end 9834 ==============


[03/27/2022, 21:53:07] [exp-csne_csne_t1_vauy]
============== start ==============
[03/27/2022, 21:53:07] [masking_exp-csne_csne_t1_vauy]
get scores for 9834 papers
[03/27/2022, 21:53:11] [masking_exp-csne_csne_t1_vauy]
task end within 4.083325 sec
[03/27/2022, 21:53:11] [exp-csne_csne_t1_vauy]
============== end 9834 ==============


[03/27/2022, 21:53:11] [exp-csne_csne_t1_vauyc]
============== start ==============
[03/27/2022, 21:53:11] [masking_exp-csne_csne_t1_vauyc]
get scores for 9834 papers
[03/27/2022, 21:53:15] [masking_exp-csne_csne_t1_vauyc]
task end within 4.170927 sec
[03/27/2022, 21:53:15] [exp-csne_csne_t1_vauyc]
============== end 9834 ==============


[03/27/2022, 21:53:15] [exp-csne_csne_t1_vauc]
============== start ==============
[03/27/2022, 21:53:16] [masking_exp-csne_csne_t1_vauc]
get scores for 9834 papers
[03/27/2022, 21:53:20] [masking_exp-csne_csne_t1_vauc]
task end within 4.091851 sec
[03/27/2022, 21:53:20] [exp-csne_csne_t1_vauc]
============== end 9834 ==============


[03/27/2022, 21:53:20] [exp-csne_csne_t1_vy]
============== start ==============
[03/27/2022, 21:53:20] [masking_exp-csne_csne_t1_vy]
get scores for 9834 papers
[03/27/2022, 21:53:25] [masking_exp-csne_csne_t1_vy]
task end within 5.055943 sec
[03/27/2022, 21:53:25] [exp-csne_csne_t1_vy]
============== end 9834 ==============


[03/27/2022, 21:53:25] [exp-csne_csne_t1_vyc]
============== start ==============
[03/27/2022, 21:53:25] [masking_exp-csne_csne_t1_vyc]
get scores for 9834 papers
[03/27/2022, 21:53:30] [masking_exp-csne_csne_t1_vyc]
task end within 4.982546 sec
[03/27/2022, 21:53:30] [exp-csne_csne_t1_vyc]
============== end 9834 ==============


[03/27/2022, 21:53:30] [exp-csne_csne_t1_vc]
============== start ==============
[03/27/2022, 21:53:30] [masking_exp-csne_csne_t1_vc]
get scores for 9834 papers
[03/27/2022, 21:53:35] [masking_exp-csne_csne_t1_vc]
task end within 5.111114 sec
[03/27/2022, 21:53:35] [exp-csne_csne_t1_vc]
============== end 9834 ==============


[03/27/2022, 21:53:35] [exp-csne_csne_t1_auy]
============== start ==============
[03/27/2022, 21:53:36] [masking_exp-csne_csne_t1_auy]
get scores for 9834 papers
[03/27/2022, 21:53:40] [masking_exp-csne_csne_t1_auy]
task end within 4.278482 sec
[03/27/2022, 21:53:40] [exp-csne_csne_t1_auy]
============== end 9834 ==============


[03/27/2022, 21:53:40] [exp-csne_csne_t1_auyc]
============== start ==============
[03/27/2022, 21:53:40] [masking_exp-csne_csne_t1_auyc]
get scores for 9834 papers
[03/27/2022, 21:53:44] [masking_exp-csne_csne_t1_auyc]
task end within 4.333576 sec
[03/27/2022, 21:53:44] [exp-csne_csne_t1_auyc]
============== end 9834 ==============


[03/27/2022, 21:53:44] [exp-csne_csne_t1_auc]
============== start ==============
[03/27/2022, 21:53:45] [masking_exp-csne_csne_t1_auc]
get scores for 9834 papers
[03/27/2022, 21:53:49] [masking_exp-csne_csne_t1_auc]
task end within 4.346889 sec
[03/27/2022, 21:53:49] [exp-csne_csne_t1_auc]
============== end 9834 ==============


[03/27/2022, 21:53:49] [exp-csne_csne_t1_yc]
============== start ==============
[03/27/2022, 21:53:49] [masking_exp-csne_csne_t1_yc]
get scores for 9834 papers
[03/27/2022, 21:53:54] [masking_exp-csne_csne_t1_yc]
task end within 5.196916 sec
[03/27/2022, 21:53:54] [exp-csne_csne_t1_yc]
============== end 9834 ==============
