

[04/11/2022, 18:33:49] [ale_1w_/Users/yinnnyou/workspace/s2search/pipelining/exp-csne_csne_title]
============== start ==============
[04/11/2022, 18:33:49] [ale_1w_/Users/yinnnyou/workspace/s2search/pipelining/exp-csne_csne_title_sorting]
get scores for 9834 papers
[04/11/2022, 18:34:07] [ale_1w_/Users/yinnnyou/workspace/s2search/pipelining/exp-csne_csne_title_sorting]
task end within 17.309036 sec
[04/11/2022, 18:34:08] [ale_1w_/Users/yinnnyou/workspace/s2search/pipelining/exp-csne_csne_title]
get scores for 19668 papers
[04/11/2022, 18:34:21] [ale_1w_/Users/yinnnyou/workspace/s2search/pipelining/exp-csne_csne_title]
task end within 13.029986 sec
[04/11/2022, 18:34:22] [ale_1w_/Users/yinnnyou/workspace/s2search/pipelining/exp-csne_csne_title]
============== end 29502 ==============


[04/11/2022, 18:34:22] [ale_1w_/Users/yinnnyou/workspace/s2search/pipelining/exp-csne_csne_abstract]
============== start ==============
[04/11/2022, 18:34:22] [ale_1w_/Users/yinnnyou/workspace/s2search/pipelining/exp-csne_csne_abstract_sorting]
get scores for 9834 papers
[04/11/2022, 18:34:27] [ale_1w_/Users/yinnnyou/workspace/s2search/pipelining/exp-csne_csne_abstract_sorting]
task end within 4.788297 sec
[04/11/2022, 18:34:27] [ale_1w_/Users/yinnnyou/workspace/s2search/pipelining/exp-csne_csne_abstract]
get scores for 19668 papers
[04/11/2022, 18:34:40] [ale_1w_/Users/yinnnyou/workspace/s2search/pipelining/exp-csne_csne_abstract]
task end within 12.470734 sec
[04/11/2022, 18:34:40] [ale_1w_/Users/yinnnyou/workspace/s2search/pipelining/exp-csne_csne_abstract]
============== end 29502 ==============


[04/11/2022, 18:34:40] [ale_1w_/Users/yinnnyou/workspace/s2search/pipelining/exp-csne_csne_venue]
============== start ==============
[04/11/2022, 18:34:40] [ale_1w_/Users/yinnnyou/workspace/s2search/pipelining/exp-csne_csne_venue_sorting]
get scores for 9834 papers
[04/11/2022, 18:34:42] [ale_1w_/Users/yinnnyou/workspace/s2search/pipelining/exp-csne_csne_venue_sorting]
task end within 1.781021 sec
[04/11/2022, 18:34:43] [ale_1w_/Users/yinnnyou/workspace/s2search/pipelining/exp-csne_csne_venue]
get scores for 19668 papers
[04/11/2022, 18:34:56] [ale_1w_/Users/yinnnyou/workspace/s2search/pipelining/exp-csne_csne_venue]
task end within 13.153065 sec
[04/11/2022, 18:34:56] [ale_1w_/Users/yinnnyou/workspace/s2search/pipelining/exp-csne_csne_venue]
============== end 29502 ==============


[04/11/2022, 18:34:56] [ale_1w_/Users/yinnnyou/workspace/s2search/pipelining/exp-csne_csne_authors]
============== start ==============
[04/11/2022, 18:34:56] [ale_1w_/Users/yinnnyou/workspace/s2search/pipelining/exp-csne_csne_authors_sorting]
get scores for 9834 papers
[04/11/2022, 18:34:59] [ale_1w_/Users/yinnnyou/workspace/s2search/pipelining/exp-csne_csne_authors_sorting]
task end within 2.523732 sec
[04/11/2022, 18:34:59] [ale_1w_/Users/yinnnyou/workspace/s2search/pipelining/exp-csne_csne_authors]
get scores for 19668 papers
[04/11/2022, 18:35:12] [ale_1w_/Users/yinnnyou/workspace/s2search/pipelining/exp-csne_csne_authors]
task end within 13.04421 sec
[04/11/2022, 18:35:12] [ale_1w_/Users/yinnnyou/workspace/s2search/pipelining/exp-csne_csne_authors]
============== end 29502 ==============


[04/11/2022, 18:35:12] [ale_1w_/Users/yinnnyou/workspace/s2search/pipelining/exp-csne_csne_year]
============== start ==============
[04/11/2022, 18:35:13] [ale_1w_/Users/yinnnyou/workspace/s2search/pipelining/exp-csne_csne_year]
get scores for 19668 papers
[04/11/2022, 18:35:27] [ale_1w_/Users/yinnnyou/workspace/s2search/pipelining/exp-csne_csne_year]
task end within 13.391573 sec
[04/11/2022, 18:35:27] [ale_1w_/Users/yinnnyou/workspace/s2search/pipelining/exp-csne_csne_year]
============== end 19668 ==============


[04/11/2022, 18:35:27] [ale_1w_/Users/yinnnyou/workspace/s2search/pipelining/exp-csne_csne_n_citations]
============== start ==============
[04/11/2022, 18:35:28] [ale_1w_/Users/yinnnyou/workspace/s2search/pipelining/exp-csne_csne_n_citations]
get scores for 19668 papers
[04/11/2022, 18:35:41] [ale_1w_/Users/yinnnyou/workspace/s2search/pipelining/exp-csne_csne_n_citations]
task end within 13.31019 sec
[04/11/2022, 18:35:41] [ale_1w_/Users/yinnnyou/workspace/s2search/pipelining/exp-csne_csne_n_citations]
============== end 19668 ==============
