Child #[0, 1]: psutil.Process(pid=4476, name='python', status='running', started='03:29:50'), affinity [0, 1]
Child #[0, 1]: Set my affinity to [0, 1], affinity now [0, 1]

[03/30/2022, 07:55:41] start computing sampling shap for range: [1, 8]
[03/30/2022, 07:56:18] computing sampling shap 0:10 within 36.6917 sec, 3.6692 on average
[03/30/2022, 07:56:18] instances left: 167
[03/30/2022, 07:56:18] estimating time left: 0:10:12.756400

[[-0.69278648 -2.36237656  0.          0.         -0.23463591  0.2152579 ]
 [-0.81493388 -2.15176863  0.          0.          0.43525995 -0.06132508]
 [10.5531962   8.91053894  0.          0.          0.46984477 -0.15693906]
 [10.65604161  9.1598325   0.          0.         -0.49215879  0.09688267]
 [-0.71455809 -2.29592138 -0.10623953  0.         -0.93266683  0.19716234]
 [-0.61766704 -2.48343744  0.          0.          0.57613451 -0.14018788]
 [-0.74915683 -2.2928139   0.          0.         -0.3260311  -0.11613894]
 [-0.79123984 -2.28374446  0.          0.         -0.27600339 -0.15821643]
 [-0.61908352 -2.38621839  0.          0.         -0.75595158  0.52061327]
 [-0.73072313 -2.33998182  0.          0.         -1.0549803  -0.16219958]]
[03/30/2022, 07:56:53] computing sampling shap 10:20 within 35.5971 sec, 3.6146 on average
[03/30/2022, 07:56:53] instances left: 157
[03/30/2022, 07:56:53] estimating time left: 0:09:27.492200

[[-8.08085532e-01 -2.31713491e+00  0.00000000e+00  0.00000000e+00
   6.10145186e-01 -1.50082019e-01]
 [-8.30028685e-01 -2.22340115e+00  0.00000000e+00  0.00000000e+00
   5.27140079e-01 -7.63747370e-02]
 [-6.62329821e-01 -2.43171888e+00  0.00000000e+00  0.00000000e+00
   1.39822563e-01 -9.28752993e-02]
 [-7.56381637e-01 -2.32314039e+00  0.00000000e+00  0.00000000e+00
   1.38310834e-01 -9.97769297e-02]
 [-3.79512366e-01 -2.66952411e+00  0.00000000e+00  0.00000000e+00
  -3.23863983e-01 -1.36303440e-01]
 [-8.64043633e-01 -2.27391113e+00  0.00000000e+00  0.00000000e+00
   1.74544235e-01 -1.54591530e-01]
 [-6.46021977e-01 -2.41274588e+00  0.00000000e+00  0.00000000e+00
   9.38864710e-02 -1.84865513e-01]
 [-9.80863201e-01 -2.16575561e+00  0.00000000e+00  0.00000000e+00
  -6.63101046e-01  9.66999874e-02]
 [-8.96498718e-02  1.76605147e+01  0.00000000e+00  0.00000000e+00
   5.16961685e-01 -9.42532899e-02]
 [-8.27868622e-01 -2.34991250e+00  0.00000000e+00  0.00000000e+00
  -4.68162781e-01  1.33039991e-02]]
[03/30/2022, 07:57:30] computing sampling shap 20:30 within 36.5896 sec, 3.6294 on average
[03/30/2022, 07:57:30] instances left: 147
[03/30/2022, 07:57:30] estimating time left: 0:08:53.521800

[[-1.01747455 -2.17543129  0.          0.         -0.88723014  0.19704814]
 [-0.19100347 17.86419831  0.          0.          0.15257245  0.02885037]
 [-1.17049542 -2.01131343  0.          0.         -0.886729    0.33231513]
 [-0.61832078 -2.50083343  0.          0.          0.62349727 -0.16950033]
 [-1.13846472 -1.98061137  0.          0.          0.16142739  0.19184733]
 [-0.80904764 -2.17164869  0.          0.          0.47534469 -0.15980593]
 [-0.79292642 -2.3934065   0.          0.         -0.7400878  -0.0862526 ]
 [-0.88353947 -2.27839542  0.          0.         -0.17768553 -0.06531481]
 [-0.92753134 -2.16696198  0.          0.          0.56691418 -0.13757836]
 [-0.69260375 -2.44610031  0.          0.         -0.17498132  0.43376965]]
[03/30/2022, 07:58:08] computing sampling shap 30:40 within 37.6363 sec, 3.663 on average
[03/30/2022, 07:58:08] instances left: 137
[03/30/2022, 07:58:08] estimating time left: 0:08:21.831000

[[-0.84185841 -2.239154    0.          0.         -0.28709387 -0.03682864]
 [-0.09269564 -2.97095257  0.          0.         -0.60269256 -0.11052776]
 [-0.19521372 17.84706512  0.          0.          0.14456725 -0.11577964]
 [-0.57358816 -2.44545741  0.          0.          0.05208416 -0.18278539]
 [-0.17076654 17.8956827   0.          0.          0.38665613 -0.15842973]
 [-0.77949499 -2.25087076  0.          0.          0.51731829 -0.15210986]
 [-0.11696891 17.84881965  0.          0.         -0.45870867 -0.04136346]
 [-0.95151046 -2.05075252  0.          0.          0.50964481 -0.11004668]
 [-0.9572046  -2.08806134  0.          0.          0.51948703 -0.13937856]
 [-0.51173938 -2.5617118   0.          0.         -0.7140441   0.29627588]]
[03/30/2022, 07:58:44] computing sampling shap 40:50 within 36.7644 sec, 3.6658 on average
[03/30/2022, 07:58:44] instances left: 127
[03/30/2022, 07:58:44] estimating time left: 0:07:45.556600

[[-8.64374043e-01 -2.22056858e+00  0.00000000e+00  0.00000000e+00
  -2.65861394e-01 -9.71999933e-02]
 [-7.64860050e-01 -2.33224863e+00  0.00000000e+00  0.00000000e+00
   5.55137402e-01 -1.23186193e-01]
 [-3.86044572e-02  1.77984169e+01  0.00000000e+00  0.00000000e+00
   4.37816589e-02 -1.68851468e-01]
 [-7.18994001e-01 -2.32023450e+00  0.00000000e+00  0.00000000e+00
  -1.00483490e+00 -8.60829151e-02]
 [-7.93891727e-02  1.78204336e+01  0.00000000e+00  0.00000000e+00
  -7.05329140e-01  1.12072413e-02]
 [-9.85166886e-01 -2.20438601e+00  0.00000000e+00  0.00000000e+00
  -4.10758197e-01  3.21838230e-01]
 [-4.86062413e-01 -2.61940817e+00  0.00000000e+00  0.00000000e+00
  -9.66996086e-01 -1.55006467e-01]
 [-6.68973448e-01 -2.29756771e+00  0.00000000e+00  0.00000000e+00
   4.48289243e-01 -3.26911860e-02]
 [-1.72720482e-01  1.79070295e+01  0.00000000e+00  0.00000000e+00
  -1.47901098e+00  4.16150153e-01]
 [-8.72602468e-01 -2.29130027e+00  0.00000000e+00  0.00000000e+00
  -8.52299698e-01  1.12720051e-01]]
[03/30/2022, 07:59:20] computing sampling shap 50:60 within 35.5873 sec, 3.648 on average
[03/30/2022, 07:59:20] instances left: 117
[03/30/2022, 07:59:20] estimating time left: 0:07:06.816000

[[-7.05274401e-01 -2.38269807e+00  0.00000000e+00  0.00000000e+00
   1.41115718e-01 -5.65250051e-02]
 [-6.58715292e-01 -2.43669612e+00  0.00000000e+00  0.00000000e+00
   5.24397949e-01  5.62583251e-02]
 [-9.01226001e-01 -2.23432328e+00  0.00000000e+00  0.00000000e+00
   5.38927897e-01  8.18659671e-02]
 [-9.17206632e-01 -2.16870599e+00  0.00000000e+00  0.00000000e+00
  -2.67316408e-01  2.04551852e-01]
 [-8.34166366e-01 -2.21299537e+00  0.00000000e+00  0.00000000e+00
   7.20629813e-02 -1.42903251e-01]
 [-8.64754742e-01 -2.17146142e+00  0.00000000e+00  0.00000000e+00
   5.17718068e-01 -1.46659231e-01]
 [-3.76860243e-02  1.77092157e+01  0.00000000e+00  0.00000000e+00
   4.18289937e-01  1.56571296e-02]
 [-8.25699105e-01 -2.23506622e+00  0.00000000e+00  0.00000000e+00
  -2.87385563e-01 -1.61053355e-01]
 [-9.31621952e-01 -2.28623887e+00  0.00000000e+00  0.00000000e+00
   2.03433159e-01 -1.35318971e-01]
 [-9.19816458e-01 -2.30944149e+00  0.00000000e+00  0.00000000e+00
  -7.08057870e-01 -7.53576339e-02]]
[03/30/2022, 07:59:58] computing sampling shap 60:70 within 38.2937 sec, 3.6739 on average
[03/30/2022, 07:59:58] instances left: 107
[03/30/2022, 07:59:58] estimating time left: 0:06:33.107300

[[-9.21771929e-01 -2.09724850e+00  0.00000000e+00  0.00000000e+00
   5.02080940e-02  3.02291998e-01]
 [-7.92635364e-01 -2.36656324e+00  0.00000000e+00  0.00000000e+00
   6.29809612e-01 -7.32754042e-02]
 [-1.48524341e-01  1.78213741e+01  0.00000000e+00  0.00000000e+00
  -6.41905866e-01 -2.46757731e-01]
 [-7.17605423e-01 -2.29639426e+00  0.00000000e+00  0.00000000e+00
  -6.34511172e-01  1.58709989e-02]
 [-8.34825796e-01 -2.18225149e+00  0.00000000e+00  0.00000000e+00
   4.78010477e-01 -6.35976931e-02]
 [-5.87356755e-01 -2.52127518e+00  0.00000000e+00  0.00000000e+00
  -2.59051444e-01 -1.75246653e-01]
 [-8.87854858e-01 -2.21922284e+00  0.00000000e+00  0.00000000e+00
   1.46216865e-01 -1.88886510e-01]
 [-8.09299989e-01 -2.32462333e+00  0.00000000e+00  0.00000000e+00
   5.98271970e-01 -6.70130808e-02]
 [-8.07520472e-01 -2.34530716e+00  0.00000000e+00  0.00000000e+00
   2.14391831e-01  1.49752520e-01]
 [-8.58134751e-01 -2.24725870e+00  0.00000000e+00  0.00000000e+00
  -9.63233517e-01  6.68207693e-02]]
[03/30/2022, 08:00:35] computing sampling shap 70:80 within 36.3745 sec, 3.6694 on average
[03/30/2022, 08:00:35] instances left: 97
[03/30/2022, 08:00:35] estimating time left: 0:05:55.931800

[[-0.51114778 -2.53792128  0.          0.          0.51583476 -0.10880933]
 [-0.69317577 -2.55940953  0.          0.          0.27963082 -0.04526849]
 [-0.98852374 -2.1335154   0.          0.         -0.25557924 -0.10652243]
 [-0.7915432  -2.3186191   0.          0.         -0.92435569 -0.21177574]
 [-0.63490707 -2.46603118  0.          0.          0.58957325 -0.15379233]
 [-0.66968558 -2.49072484  0.          0.         -0.47519096 -0.05505996]
 [-1.01596417 -2.09061789  0.          0.          0.56923901 -0.12781407]
 [-0.56897424 -2.530149    0.          0.          0.18298927  0.1224832 ]
 [-0.74789362 -2.27390629  0.          0.          0.50293654 -0.14629404]
 [-0.82830829 -2.29540063  0.          0.          0.61340756 -0.15485585]]
[03/30/2022, 08:01:12] computing sampling shap 80:90 within 37.5105 sec, 3.6785 on average
[03/30/2022, 08:01:12] instances left: 87
[03/30/2022, 08:01:12] estimating time left: 0:05:20.029500

[[-9.14939291e-01 -2.24791217e+00  0.00000000e+00  0.00000000e+00
  -1.32484580e-01  4.49901607e-01]
 [-6.26851280e-01 -2.40376955e+00  0.00000000e+00  0.00000000e+00
   5.36783254e-01 -1.48206367e-01]
 [-7.75117012e-01 -2.34452064e+00  0.00000000e+00  0.00000000e+00
   5.77596301e-01 -5.07268611e-02]
 [-9.07644129e-01 -2.20266590e+00  0.00000000e+00  0.00000000e+00
  -6.64492360e-01  2.75948504e-01]
 [-8.06876801e-01 -2.32097341e+00  0.00000000e+00  0.00000000e+00
  -1.04473863e+00 -9.87605779e-02]
 [-9.99694277e-01 -2.17877789e+00  0.00000000e+00  0.00000000e+00
  -1.19530898e+00  5.18620477e-01]
 [-1.06694109e+00 -2.06101236e+00  0.00000000e+00  0.00000000e+00
  -8.07639273e-01 -9.72227054e-02]
 [-8.32327370e-01 -2.18952573e+00  0.00000000e+00  0.00000000e+00
   9.78622051e-02 -2.25755941e-01]
 [-8.66295862e-01 -2.23846072e+00  0.00000000e+00  0.00000000e+00
  -1.49435760e-01  2.13984763e-01]
 [-8.75885067e-02  1.78043531e+01  0.00000000e+00  0.00000000e+00
   7.10831430e-02 -8.89221289e-03]]
[03/30/2022, 08:01:49] computing sampling shap 90:100 within 37.0655 sec, 3.6813 on average
[03/30/2022, 08:01:49] instances left: 77
[03/30/2022, 08:01:49] estimating time left: 0:04:43.460100

[[-0.59314661 -2.5432091   0.          0.          0.19678901  0.1459163 ]
 [-0.87599463 -2.22979814  0.          0.         -0.20258218  0.1596976 ]
 [-0.17055021 17.87045684  0.          0.         -0.40376858  0.14549762]
 [-0.71445514 -2.31181163  0.          0.          0.03795255 -0.1296875 ]
 [-0.88477966 -2.20658615  0.          0.         -0.20836754  0.49202527]
 [-0.22660296 17.89618949  0.          0.          0.15736967  0.15902793]
 [-0.80555504 -2.25640736  0.          0.         -0.28461439 -0.19635304]
 [-0.66817827 -2.4682481   0.          0.         -0.22837886 -0.14439916]
 [-0.85417722 -2.17345212  0.          0.          0.10862336  0.13032254]
 [-0.88737409 -2.12954281  0.          0.          0.48377827 -0.10890558]]
[03/30/2022, 08:02:27] computing sampling shap 100:110 within 37.3129 sec, 3.6859 on average
[03/30/2022, 08:02:27] instances left: 67
[03/30/2022, 08:02:27] estimating time left: 0:04:06.955300

[[-3.56555175e-02  1.77853861e+01  0.00000000e+00  0.00000000e+00
   3.84885614e-01 -1.41043296e-01]
 [-9.94516445e-01 -2.13908404e+00  0.00000000e+00  0.00000000e+00
  -9.33557531e-01 -1.60315032e-01]
 [-6.46061281e-01 -2.37458665e+00  0.00000000e+00  0.00000000e+00
   5.11049806e-01 -1.55558911e-01]
 [-9.92417339e-01 -2.11695923e+00  0.00000000e+00  0.00000000e+00
   1.14282373e-01 -1.54652769e-01]
 [-7.62665942e-01 -2.35777653e+00  0.00000000e+00  0.00000000e+00
   5.22114275e-01  8.35729421e-02]
 [-7.94480861e-01 -2.23416620e+00  0.00000000e+00  0.00000000e+00
   4.60431320e-01  5.34601964e-02]
 [-9.14117957e-02  1.78436211e+01  0.00000000e+00  0.00000000e+00
  -5.07022267e-01 -1.07722391e-01]
 [-6.53019444e-01 -2.45342162e+00  0.00000000e+00  0.00000000e+00
   5.50230051e-01 -1.71632727e-02]
 [-8.63079901e-01 -2.29084956e+00  0.00000000e+00  0.00000000e+00
   1.87825801e-01 -1.51898054e-01]
 [-8.38561173e-01 -2.18105838e+00  0.00000000e+00  0.00000000e+00
   5.06444700e-01 -1.51982527e-01]]
[03/30/2022, 08:03:07] computing sampling shap 110:120 within 40.1015 sec, 3.7129 on average
[03/30/2022, 08:03:07] instances left: 57
[03/30/2022, 08:03:07] estimating time left: 0:03:31.635300

[[ 1.07816195e+01  8.89197111e+00  0.00000000e+00  0.00000000e+00
  -4.70037258e-01  2.68153679e-01]
 [-7.20853403e-01 -2.38664684e+00  0.00000000e+00  0.00000000e+00
  -2.41221274e-01 -1.32571493e-02]
 [ 1.09904374e+01  8.60384314e+00  0.00000000e+00  0.00000000e+00
   1.02690405e-01  5.92348263e-02]
 [-7.83357377e-01 -2.29954882e+00  0.00000000e+00  0.00000000e+00
  -3.00910995e-01 -2.11180560e-02]
 [-9.29082227e-01 -2.13650709e+00  0.00000000e+00  0.00000000e+00
   5.30940889e-01 -5.81192760e-02]
 [-8.01490005e-01 -2.16092739e+00  0.00000000e+00  0.00000000e+00
   4.64609056e-01 -1.04856561e-01]
 [-9.36800927e-01 -2.21089100e+00  0.00000000e+00  0.00000000e+00
  -2.11061729e-01 -3.22533999e-03]
 [-8.29547078e-01 -2.27939184e+00  0.00000000e+00  0.00000000e+00
   5.68727307e-01 -1.01832133e-01]
 [ 1.08325462e+01  8.68826357e+00  0.00000000e+00  0.00000000e+00
   4.47829672e-01 -1.30999106e-01]
 [-6.56303380e-01 -2.44718774e+00  0.00000000e+00  0.00000000e+00
  -1.97143530e-01  3.77902503e-01]]
[03/30/2022, 08:03:43] computing sampling shap 120:130 within 36.6846 sec, 3.7095 on average
[03/30/2022, 08:03:43] instances left: 47
[03/30/2022, 08:03:43] estimating time left: 0:02:54.346500

[[-0.60418153 -2.5156198   0.          0.          0.60692167 -0.15227709]
 [-0.81150102 -2.25600608  0.          0.         -0.59418147 -0.20206527]
 [-0.88414341 -2.23693185  0.          0.         -0.54202846 -0.20065041]
 [-0.6847034  -2.43606131  0.          0.         -0.72189106  0.06468683]
 [-0.98762298 -2.0408077   0.          0.          0.53727813 -0.17400476]
 [-0.78632997 -2.29539077  0.          0.          0.11653634  0.02441481]
 [-0.03582931 -3.11945073  0.          0.         -0.60448044  0.36455796]
 [-1.11029599 -1.96817618  0.          0.          0.59382799 -0.18051324]
 [10.71567428  8.88585854  0.          0.          0.11110025  0.02403055]
 [-0.90979962 -2.24965196  0.          0.         -0.50789492  0.09092609]]
[03/30/2022, 08:04:19] computing sampling shap 130:140 within 35.3734 sec, 3.6972 on average
[03/30/2022, 08:04:19] instances left: 37
[03/30/2022, 08:04:19] estimating time left: 0:02:16.796400

[[-0.09802877 17.84757637  0.          0.         -0.2316636  -0.11806873]
 [-0.64734114 -2.43535585  0.          0.          0.56609211 -0.1485527 ]
 [-0.60516398 -2.33416577  0.          0.         -0.92355038 -0.16993549]
 [-0.62314692 -2.50840515  0.          0.         -0.49403351  0.15958443]
 [-0.76497646 -2.35563293  0.          0.         -0.53669645 -0.14791823]
 [-0.81211134 -2.26430156  0.          0.         -0.74571621 -0.04995797]
 [-0.79271776 -2.32752393  0.          0.          0.5851129  -0.13002829]
 [-0.97290489 -2.11165404  0.          0.          0.51034568  0.02327021]
 [10.65351169  8.95044217  0.          0.          0.35834229 -0.18565544]
 [-0.31895303 -2.67210797  0.          0.         -1.87358928 -0.24505654]]
[03/30/2022, 08:04:55] computing sampling shap 140:150 within 36.4266 sec, 3.6936 on average
[03/30/2022, 08:04:55] instances left: 27
[03/30/2022, 08:04:55] estimating time left: 0:01:39.727200

[[-0.30565623 -2.65983172  0.          0.         -0.67399681 -0.02956047]
 [-0.68947588 -2.42933609  0.          0.         -0.20684415  0.25111543]
 [-0.76714389 -2.28157837  0.          0.         -0.30906523 -0.1263528 ]
 [-0.63774712 -2.37826498  0.          0.         -0.29883855 -0.13315291]
 [-0.05612203 17.73726632  0.          0.          0.12132068 -0.16772205]
 [10.32826576  9.20419989  0.          0.          0.40982267 -0.16564792]
 [-0.85932127 -2.237568    0.          0.         -1.06137505 -0.12962104]
 [-0.8319076  -2.22553119  0.          0.          0.53930475 -0.14702339]
 [10.58958138  9.04913677  0.          0.         -0.37504416  0.63732389]
 [-0.93559246 -2.06592829  0.          0.          0.49713381 -0.0982778 ]]
[03/30/2022, 08:05:30] computing sampling shap 150:160 within 35.1639 sec, 3.6826 on average
[03/30/2022, 08:05:30] instances left: 17
[03/30/2022, 08:05:30] estimating time left: 0:01:02.604200

[[-1.08589864e-01  1.77070688e+01  0.00000000e+00  0.00000000e+00
   2.19948550e-01  2.45447246e-01]
 [-8.78745704e-01 -2.23501168e+00  0.00000000e+00  0.00000000e+00
   5.82592152e-01 -1.33991966e-01]
 [-7.83408275e-01 -2.27058467e+00  0.00000000e+00  0.00000000e+00
   5.31825851e-01 -3.32559247e-02]
 [-9.55778425e-01 -2.03311361e+00  0.00000000e+00  0.00000000e+00
  -3.32493860e-01 -2.21544114e-01]
 [-4.79803662e-01 -2.63852213e+00  0.00000000e+00  0.00000000e+00
   1.06436964e-01 -1.37857913e-01]
 [-1.08011016e-01  1.77800801e+01  0.00000000e+00  0.00000000e+00
  -9.82290492e-02  4.75046270e-01]
 [-9.00917068e-01 -2.18276381e+00  0.00000000e+00  0.00000000e+00
   1.21086926e-01 -7.83944760e-02]
 [-8.11231834e-01 -2.40410608e+00  0.00000000e+00  0.00000000e+00
   1.98553791e-01 -1.51428896e-02]
 [-1.06257492e+00 -2.01104716e+00  0.00000000e+00  0.00000000e+00
  -5.53812768e-01  5.10143217e-02]
 [-7.70169957e-01 -2.36537387e+00  0.00000000e+00  0.00000000e+00
  -1.41003758e-01  3.17999770e-01]]
[03/30/2022, 08:06:07] computing sampling shap 160:170 within 36.8193 sec, 3.6825 on average
[03/30/2022, 08:06:07] instances left: 7
[03/30/2022, 08:06:07] estimating time left: 0:00:25.777500

[[-0.11539664 17.90264415  0.          0.         -0.26011318 -0.12731914]
 [-0.19562829 18.03317735  0.          0.         -0.55699966  0.16108593]
 [-0.74093476 -2.34759905  0.          0.         -1.29662444 -0.07556741]
 [-0.77013875 -2.27636499  0.          0.          0.53117429 -0.14982808]
 [-0.81183603 -2.27171306  0.          0.          0.10523561 -0.17143332]
 [10.75415176  8.77888761  0.          0.          0.40495854  0.17697197]
 [-0.22990291 -2.91945111  0.          0.         -0.73435946 -0.21011823]
 [-0.12492955 17.86290316  0.          0.         -0.83374676  0.04388249]
 [-0.52061811 -2.46994294  0.          0.          0.50618978 -0.1807862 ]
 [-0.74637446 -2.29584727  0.          0.         -0.29613877 -0.02361805]]
[03/30/2022, 08:06:07] finish computing sampling shap for range: [1, 8] within 626.03428 sec
