
Child #[0, 1]: psutil.Process(pid=128001, name='python', status='running', started='16:05:59'), affinity [0, 1]
Child #[0, 1]: Set my affinity to [0, 1], affinity now [0, 1]

[03/31/2022, 01:42:01] start anchor metrics
[03/31/2022, 01:42:17] start computing anchor from index: 0 to 880 with config: 0.9999 0.6
[03/31/2022, 01:42:29] (9 / 880) title: 10, abstract: 10, venue: 1, authors: 2, year: 7, n_citations: 3 within (11.732248 total / 1.1732 average)
estimate time left: 0:17:01.857200
[03/31/2022, 01:42:42] (19 / 880) title: 20, abstract: 18, venue: 4, authors: 4, year: 16, n_citations: 6 within (25.202545 total / 1.2601 average)
estimate time left: 0:18:04.946100
[03/31/2022, 01:42:56] (29 / 880) title: 29, abstract: 27, venue: 6, authors: 6, year: 24, n_citations: 9 within (39.126324 total / 1.3042 average)
estimate time left: 0:18:29.874200
[03/31/2022, 01:43:09] (39 / 880) title: 39, abstract: 37, venue: 8, authors: 9, year: 28, n_citations: 12 within (51.873528 total / 1.2968 average)
estimate time left: 0:18:10.608800
[03/31/2022, 01:43:20] (49 / 880) title: 48, abstract: 45, venue: 12, authors: 10, year: 34, n_citations: 16 within (63.261697 total / 1.2652 average)
estimate time left: 0:17:31.381200
[03/31/2022, 01:43:29] (59 / 880) title: 57, abstract: 54, venue: 14, authors: 10, year: 39, n_citations: 20 within (71.991241 total / 1.1999 average)
estimate time left: 0:16:25.117900
[03/31/2022, 01:43:39] (69 / 880) title: 67, abstract: 64, venue: 17, authors: 13, year: 47, n_citations: 23 within (82.206697 total / 1.1744 average)
estimate time left: 0:15:52.438400
[03/31/2022, 01:43:53] (79 / 880) title: 77, abstract: 72, venue: 17, authors: 14, year: 53, n_citations: 28 within (95.842035 total / 1.198 average)
estimate time left: 0:15:59.598000
[03/31/2022, 01:44:03] (89 / 880) title: 86, abstract: 81, venue: 20, authors: 15, year: 58, n_citations: 30 within (105.878634 total / 1.1764 average)
estimate time left: 0:15:30.532400
[03/31/2022, 01:44:15] (99 / 880) title: 96, abstract: 91, venue: 21, authors: 15, year: 65, n_citations: 34 within (117.787048 total / 1.1779 average)
estimate time left: 0:15:19.939900
[03/31/2022, 01:44:29] (109 / 880) title: 106, abstract: 100, venue: 22, authors: 17, year: 72, n_citations: 38 within (132.100442 total / 1.2009 average)
estimate time left: 0:15:25.893900
[03/31/2022, 01:44:41] (119 / 880) title: 116, abstract: 110, venue: 24, authors: 18, year: 78, n_citations: 41 within (144.370289 total / 1.2031 average)
estimate time left: 0:15:15.559100
[03/31/2022, 01:44:53] (129 / 880) title: 126, abstract: 120, venue: 26, authors: 20, year: 81, n_citations: 46 within (156.150472 total / 1.2012 average)
estimate time left: 0:15:02.101200
[03/31/2022, 01:45:04] (139 / 880) title: 136, abstract: 130, venue: 29, authors: 22, year: 88, n_citations: 49 within (167.044277 total / 1.1932 average)
estimate time left: 0:14:44.161200
[03/31/2022, 01:45:18] (149 / 880) title: 146, abstract: 139, venue: 30, authors: 23, year: 95, n_citations: 53 within (180.730937 total / 1.2049 average)
estimate time left: 0:14:40.781900
[03/31/2022, 01:45:29] (159 / 880) title: 156, abstract: 149, venue: 32, authors: 24, year: 101, n_citations: 58 within (191.985706 total / 1.1999 average)
estimate time left: 0:14:25.127900
[03/31/2022, 01:45:41] (169 / 880) title: 166, abstract: 159, venue: 35, authors: 25, year: 108, n_citations: 61 within (203.50741 total / 1.1971 average)
estimate time left: 0:14:11.138100
[03/31/2022, 01:45:55] (179 / 880) title: 176, abstract: 169, venue: 42, authors: 28, year: 114, n_citations: 66 within (217.803699 total / 1.21 average)
estimate time left: 0:14:08.210000
[03/31/2022, 01:46:05] (189 / 880) title: 186, abstract: 179, venue: 45, authors: 31, year: 118, n_citations: 70 within (227.872891 total / 1.1993 average)
estimate time left: 0:13:48.716300
[03/31/2022, 01:46:18] (199 / 880) title: 194, abstract: 189, venue: 50, authors: 33, year: 125, n_citations: 74 within (241.407339 total / 1.207 average)
estimate time left: 0:13:41.967000
[03/31/2022, 01:46:31] (209 / 880) title: 204, abstract: 199, venue: 53, authors: 34, year: 130, n_citations: 79 within (254.082706 total / 1.2099 average)
estimate time left: 0:13:31.842900
[03/31/2022, 01:46:41] (219 / 880) title: 212, abstract: 209, venue: 55, authors: 35, year: 135, n_citations: 84 within (264.130785 total / 1.2006 average)
estimate time left: 0:13:13.596600
[03/31/2022, 01:46:51] (229 / 880) title: 221, abstract: 219, venue: 57, authors: 37, year: 141, n_citations: 89 within (273.569039 total / 1.1894 average)
estimate time left: 0:12:54.299400
[03/31/2022, 01:47:07] (239 / 880) title: 231, abstract: 229, venue: 59, authors: 39, year: 145, n_citations: 95 within (289.893315 total / 1.2079 average)
estimate time left: 0:12:54.263900
[03/31/2022, 01:47:17] (249 / 880) title: 241, abstract: 239, venue: 60, authors: 40, year: 150, n_citations: 102 within (299.998708 total / 1.2 average)
estimate time left: 0:12:37.200000
[03/31/2022, 01:47:28] (259 / 880) title: 251, abstract: 248, venue: 63, authors: 41, year: 154, n_citations: 106 within (311.383165 total / 1.1976 average)
estimate time left: 0:12:23.709600
[03/31/2022, 01:47:41] (269 / 880) title: 261, abstract: 257, venue: 64, authors: 43, year: 163, n_citations: 110 within (323.702514 total / 1.1989 average)
estimate time left: 0:12:12.527900
[03/31/2022, 01:47:52] (279 / 880) title: 271, abstract: 267, venue: 67, authors: 43, year: 171, n_citations: 114 within (334.960476 total / 1.1963 average)
estimate time left: 0:11:58.976300
[03/31/2022, 01:48:05] (289 / 880) title: 281, abstract: 277, venue: 71, authors: 47, year: 177, n_citations: 120 within (348.112492 total / 1.2004 average)
estimate time left: 0:11:49.436400
[03/31/2022, 01:48:18] (299 / 880) title: 291, abstract: 286, venue: 73, authors: 49, year: 183, n_citations: 126 within (360.43799 total / 1.2015 average)
estimate time left: 0:11:38.071500
[03/31/2022, 01:48:28] (309 / 880) title: 300, abstract: 295, venue: 77, authors: 50, year: 190, n_citations: 127 within (370.816262 total / 1.1962 average)
estimate time left: 0:11:23.030200
[03/31/2022, 01:48:41] (319 / 880) title: 310, abstract: 305, venue: 80, authors: 52, year: 192, n_citations: 132 within (383.858624 total / 1.1996 average)
estimate time left: 0:11:12.975600
[03/31/2022, 01:48:54] (329 / 880) title: 318, abstract: 313, venue: 82, authors: 55, year: 199, n_citations: 135 within (397.332561 total / 1.204 average)
estimate time left: 0:11:03.404000
[03/31/2022, 01:49:05] (339 / 880) title: 327, abstract: 323, venue: 83, authors: 55, year: 206, n_citations: 139 within (407.533236 total / 1.1986 average)
estimate time left: 0:10:48.442600
[03/31/2022, 01:49:19] (349 / 880) title: 336, abstract: 332, venue: 86, authors: 58, year: 213, n_citations: 145 within (422.264074 total / 1.2065 average)
estimate time left: 0:10:40.651500
[03/31/2022, 01:49:33] (359 / 880) title: 346, abstract: 342, venue: 87, authors: 58, year: 222, n_citations: 148 within (436.158822 total / 1.2116 average)
estimate time left: 0:10:31.243600
[03/31/2022, 01:49:44] (369 / 880) title: 355, abstract: 352, venue: 88, authors: 58, year: 228, n_citations: 153 within (446.984184 total / 1.2081 average)
estimate time left: 0:10:17.339100
[03/31/2022, 01:49:57] (379 / 880) title: 364, abstract: 362, venue: 91, authors: 60, year: 235, n_citations: 156 within (459.600291 total / 1.2095 average)
estimate time left: 0:10:05.959500
[03/31/2022, 01:50:09] (389 / 880) title: 374, abstract: 372, venue: 94, authors: 62, year: 241, n_citations: 161 within (472.21846 total / 1.2108 average)
estimate time left: 0:09:54.502800
[03/31/2022, 01:50:21] (399 / 880) title: 384, abstract: 379, venue: 97, authors: 63, year: 249, n_citations: 166 within (484.294769 total / 1.2107 average)
estimate time left: 0:09:42.346700
[03/31/2022, 01:50:34] (409 / 880) title: 394, abstract: 388, venue: 98, authors: 64, year: 254, n_citations: 172 within (496.437496 total / 1.2108 average)
estimate time left: 0:09:30.286800
[03/31/2022, 01:50:43] (419 / 880) title: 404, abstract: 398, venue: 99, authors: 65, year: 263, n_citations: 174 within (506.270971 total / 1.2054 average)
estimate time left: 0:09:15.689400
[03/31/2022, 01:50:53] (429 / 880) title: 414, abstract: 408, venue: 101, authors: 65, year: 268, n_citations: 176 within (515.813931 total / 1.1996 average)
estimate time left: 0:09:01.019600
[03/31/2022, 01:51:04] (439 / 880) title: 424, abstract: 417, venue: 106, authors: 67, year: 272, n_citations: 181 within (526.497354 total / 1.1966 average)
estimate time left: 0:08:47.700600
[03/31/2022, 01:51:18] (449 / 880) title: 434, abstract: 426, venue: 110, authors: 68, year: 278, n_citations: 188 within (540.622126 total / 1.2014 average)
estimate time left: 0:08:37.803400
[03/31/2022, 01:51:35] (459 / 880) title: 441, abstract: 434, venue: 115, authors: 72, year: 286, n_citations: 194 within (557.56963 total / 1.2121 average)
estimate time left: 0:08:30.294100
[03/31/2022, 01:51:47] (469 / 880) title: 451, abstract: 444, venue: 116, authors: 73, year: 292, n_citations: 200 within (570.189223 total / 1.2132 average)
estimate time left: 0:08:18.625200
[03/31/2022, 01:52:01] (479 / 880) title: 461, abstract: 453, venue: 120, authors: 75, year: 296, n_citations: 204 within (583.723933 total / 1.2161 average)
estimate time left: 0:08:07.656100
[03/31/2022, 01:52:12] (489 / 880) title: 470, abstract: 463, venue: 121, authors: 77, year: 304, n_citations: 208 within (594.703577 total / 1.2137 average)
estimate time left: 0:07:54.556700
[03/31/2022, 01:52:27] (499 / 880) title: 478, abstract: 472, venue: 125, authors: 78, year: 310, n_citations: 214 within (610.317589 total / 1.2206 average)
estimate time left: 0:07:45.048600
[03/31/2022, 01:52:38] (509 / 880) title: 488, abstract: 482, venue: 127, authors: 79, year: 315, n_citations: 220 within (620.834448 total / 1.2173 average)
estimate time left: 0:07:31.618300
[03/31/2022, 01:52:51] (519 / 880) title: 497, abstract: 492, venue: 129, authors: 80, year: 324, n_citations: 222 within (634.011286 total / 1.2193 average)
estimate time left: 0:07:20.167300
[03/31/2022, 01:53:01] (529 / 880) title: 506, abstract: 502, venue: 129, authors: 81, year: 329, n_citations: 227 within (643.823408 total / 1.2148 average)
estimate time left: 0:07:06.394800
[03/31/2022, 01:53:15] (539 / 880) title: 516, abstract: 511, venue: 130, authors: 82, year: 335, n_citations: 233 within (658.105521 total / 1.2187 average)
estimate time left: 0:06:55.576700
[03/31/2022, 01:53:27] (549 / 880) title: 525, abstract: 521, venue: 134, authors: 83, year: 338, n_citations: 237 within (669.516467 total / 1.2173 average)
estimate time left: 0:06:42.926300
[03/31/2022, 01:53:38] (559 / 880) title: 535, abstract: 530, venue: 137, authors: 88, year: 342, n_citations: 243 within (680.949403 total / 1.216 average)
estimate time left: 0:06:30.336000
[03/31/2022, 01:53:54] (569 / 880) title: 544, abstract: 539, venue: 142, authors: 91, year: 349, n_citations: 247 within (697.007258 total / 1.2228 average)
estimate time left: 0:06:20.290800
[03/31/2022, 01:54:06] (579 / 880) title: 554, abstract: 549, venue: 146, authors: 93, year: 356, n_citations: 252 within (708.453917 total / 1.2215 average)
estimate time left: 0:06:07.671500
[03/31/2022, 01:54:18] (589 / 880) title: 563, abstract: 559, venue: 148, authors: 94, year: 361, n_citations: 258 within (721.174665 total / 1.2223 average)
estimate time left: 0:05:55.689300
[03/31/2022, 01:54:35] (599 / 880) title: 572, abstract: 568, venue: 152, authors: 95, year: 365, n_citations: 267 within (737.894444 total / 1.2298 average)
estimate time left: 0:05:45.573800
[03/31/2022, 01:54:45] (609 / 880) title: 582, abstract: 578, venue: 153, authors: 96, year: 374, n_citations: 272 within (747.475638 total / 1.2254 average)
estimate time left: 0:05:32.083400
[03/31/2022, 01:54:56] (619 / 880) title: 592, abstract: 587, venue: 155, authors: 97, year: 382, n_citations: 276 within (758.732142 total / 1.2238 average)
estimate time left: 0:05:19.411800
[03/31/2022, 01:55:04] (629 / 880) title: 602, abstract: 597, venue: 157, authors: 97, year: 387, n_citations: 278 within (767.222341 total / 1.2178 average)
estimate time left: 0:05:05.667800
[03/31/2022, 01:55:19] (639 / 880) title: 612, abstract: 607, venue: 158, authors: 99, year: 394, n_citations: 285 within (781.735647 total / 1.2215 average)
estimate time left: 0:04:54.381500
[03/31/2022, 01:55:30] (649 / 880) title: 621, abstract: 615, venue: 161, authors: 100, year: 401, n_citations: 290 within (793.226023 total / 1.2203 average)
estimate time left: 0:04:41.889300
[03/31/2022, 01:55:41] (659 / 880) title: 631, abstract: 624, venue: 162, authors: 102, year: 408, n_citations: 296 within (803.60377 total / 1.2176 average)
estimate time left: 0:04:29.089600
[03/31/2022, 01:55:55] (669 / 880) title: 641, abstract: 634, venue: 164, authors: 106, year: 412, n_citations: 302 within (818.269214 total / 1.2213 average)
estimate time left: 0:04:17.694300
[03/31/2022, 01:56:10] (679 / 880) title: 651, abstract: 644, venue: 169, authors: 109, year: 419, n_citations: 307 within (832.784932 total / 1.2247 average)
estimate time left: 0:04:06.164700
[03/31/2022, 01:56:18] (689 / 880) title: 661, abstract: 654, venue: 172, authors: 109, year: 426, n_citations: 311 within (841.181278 total / 1.2191 average)
estimate time left: 0:03:52.848100
[03/31/2022, 01:56:34] (699 / 880) title: 671, abstract: 662, venue: 175, authors: 113, year: 435, n_citations: 316 within (857.08262 total / 1.2244 average)
estimate time left: 0:03:41.616400
[03/31/2022, 01:56:46] (709 / 880) title: 680, abstract: 672, venue: 177, authors: 116, year: 438, n_citations: 322 within (869.093758 total / 1.2241 average)
estimate time left: 0:03:29.321100
[03/31/2022, 01:56:58] (719 / 880) title: 690, abstract: 681, venue: 178, authors: 117, year: 446, n_citations: 325 within (880.651067 total / 1.2231 average)
estimate time left: 0:03:16.919100
[03/31/2022, 01:57:14] (729 / 880) title: 700, abstract: 690, venue: 179, authors: 121, year: 454, n_citations: 329 within (896.717936 total / 1.2284 average)
estimate time left: 0:03:05.488400
[03/31/2022, 01:57:24] (739 / 880) title: 710, abstract: 699, venue: 181, authors: 123, year: 460, n_citations: 333 within (906.744179 total / 1.2253 average)
estimate time left: 0:02:52.767300
[03/31/2022, 01:57:34] (749 / 880) title: 720, abstract: 708, venue: 183, authors: 124, year: 465, n_citations: 337 within (916.722538 total / 1.2223 average)
estimate time left: 0:02:40.121300
[03/31/2022, 01:57:47] (759 / 880) title: 730, abstract: 717, venue: 185, authors: 127, year: 472, n_citations: 340 within (930.327144 total / 1.2241 average)
estimate time left: 0:02:28.116100
[03/31/2022, 01:58:03] (769 / 880) title: 738, abstract: 725, venue: 189, authors: 129, year: 479, n_citations: 345 within (945.48427 total / 1.2279 average)
estimate time left: 0:02:16.296900
[03/31/2022, 01:58:14] (779 / 880) title: 747, abstract: 734, venue: 191, authors: 132, year: 485, n_citations: 349 within (956.944474 total / 1.2269 average)
estimate time left: 0:02:03.916900
[03/31/2022, 01:58:25] (789 / 880) title: 756, abstract: 744, venue: 193, authors: 135, year: 492, n_citations: 353 within (968.328422 total / 1.2257 average)
estimate time left: 0:01:51.538700
[03/31/2022, 01:58:39] (799 / 880) title: 766, abstract: 754, venue: 196, authors: 137, year: 499, n_citations: 356 within (982.068801 total / 1.2276 average)
estimate time left: 0:01:39.435600
[03/31/2022, 01:58:51] (809 / 880) title: 776, abstract: 762, venue: 197, authors: 138, year: 505, n_citations: 359 within (993.988815 total / 1.2271 average)
estimate time left: 0:01:27.124100
[03/31/2022, 01:59:02] (819 / 880) title: 786, abstract: 771, venue: 200, authors: 139, year: 513, n_citations: 367 within (1005.31691 total / 1.226 average)
estimate time left: 0:01:14.786000
[03/31/2022, 01:59:17] (829 / 880) title: 795, abstract: 781, venue: 204, authors: 142, year: 521, n_citations: 371 within (1019.595644 total / 1.2284 average)
estimate time left: 0:01:02.648400
[03/31/2022, 01:59:30] (839 / 880) title: 805, abstract: 789, venue: 207, authors: 146, year: 527, n_citations: 375 within (1033.105837 total / 1.2299 average)
estimate time left: 0:00:50.425900
[03/31/2022, 01:59:42] (849 / 880) title: 815, abstract: 799, venue: 210, authors: 150, year: 531, n_citations: 379 within (1044.993328 total / 1.2294 average)
estimate time left: 0:00:38.111400
[03/31/2022, 01:59:53] (859 / 880) title: 824, abstract: 808, venue: 212, authors: 150, year: 535, n_citations: 384 within (1055.73813 total / 1.2276 average)
estimate time left: 0:00:25.779600
[03/31/2022, 02:00:10] (869 / 880) title: 832, abstract: 818, venue: 214, authors: 151, year: 540, n_citations: 390 within (1073.343248 total / 1.2337 average)
estimate time left: 0:00:13.570700
[03/31/2022, 02:00:24] (879 / 880) title: 842, abstract: 827, venue: 217, authors: 152, year: 548, n_citations: 392 within (1086.51145 total / 1.2347 average)
estimate time left: 0:00:01.234700
[03/31/2022, 02:00:25] end anchor metrics witin 1104.498937
