Child #[10, 11]: psutil.Process(pid=4651, name='python', status='running', started='03:30:14'), affinity [10, 11]
Child #[10, 11]: Set my affinity to [10, 11], affinity now [10, 11]

[03/30/2022, 07:56:48] start computing sampling shap for range: [6, 8]
[03/30/2022, 07:57:24] computing sampling shap 885:895 within 36.1558 sec, 3.6156 on average
[03/30/2022, 07:57:24] instances left: 167
[03/30/2022, 07:57:24] estimating time left: 0:10:03.805200

[[-0.91958973 -2.20248043  0.          0.         -0.21926903 -0.14280133]
 [-0.60901947 -2.38825693  0.          0.         -0.77551909  0.19180625]
 [10.38992573  9.13435953  0.          0.          0.14032316  0.08230999]
 [-0.01978541 17.75360721  0.          0.          0.38938984 -0.12963871]
 [-0.63306719 -2.31898626  0.          0.          0.51008528 -0.2231892 ]
 [-0.92541027 -2.16970871  0.          0.          0.15317319 -0.09904213]
 [-0.92634059 -2.31154597  0.          0.         -0.12730797 -0.02375182]
 [-1.09553551 -1.99487977  0.          0.         -0.24675557 -0.0677642 ]
 [-0.99345307 -2.23042745  0.          0.          0.22171587 -0.04493686]
 [-0.47876199 -2.53526119  0.          0.          0.04324838 -0.12251123]]
[03/30/2022, 07:58:03] computing sampling shap 895:905 within 38.763 sec, 3.7461 on average
[03/30/2022, 07:58:03] instances left: 157
[03/30/2022, 07:58:03] estimating time left: 0:09:48.137700

[[-0.65541946 -2.46854382  0.          0.         -0.77754432 -0.13130803]
 [-0.7950396  -2.37919434  0.          0.          0.21602118 -0.08888896]
 [-0.09809224 17.8287067   0.          0.         -0.65536027  0.12439633]
 [-0.80887279 -2.31107596  0.          0.         -1.03408696 -0.17476282]
 [-0.87363005 -2.21802153  0.          0.          0.09810023 -0.15619577]
 [10.98546233  8.73509937  0.          0.         -0.56769696  0.03251209]
 [-0.75587814 -2.24118409  0.          0.          0.47651257 -0.12149433]
 [-0.58324022 -2.70131745  0.          0.         -0.75398683  0.207789  ]
 [-0.85303279 -2.21628375  0.          0.          0.06232384 -0.11100927]
 [-0.88410236 -2.26829593  0.          0.         -1.27440751 -0.12492438]]
[03/30/2022, 07:58:37] computing sampling shap 905:915 within 34.1008 sec, 3.6341 on average
[03/30/2022, 07:58:37] instances left: 147
[03/30/2022, 07:58:37] estimating time left: 0:08:54.212700

[[-0.7151185  -2.28515886  0.          0.         -0.30062229  0.14458834]
 [-0.6260824  -2.44965485  0.          0.          0.55867671 -0.12498343]
 [-0.60463785 -2.55387624  0.          0.          0.60549104 -0.11213408]
 [-0.10022598 17.86193118  0.          0.         -0.47164247  0.04504991]
 [-0.72077706 -2.35430666  0.          0.         -0.27961033 -0.18823585]
 [-0.94194072 -2.27221964  0.          0.         -0.12840944  0.12833264]
 [-0.60830673 -2.32674669  0.          0.         -0.60067957  0.25726022]
 [-0.79121279 -2.33921479  0.          0.          0.14914948 -0.13672384]
 [-0.84338635 -2.17468775  0.          0.         -0.82289212 -0.09584354]
 [-0.92925038 -2.28662045  0.          0.         -0.45675305 -0.14636864]]
[03/30/2022, 07:59:12] computing sampling shap 915:925 within 34.779 sec, 3.5951 on average
[03/30/2022, 07:59:12] instances left: 137
[03/30/2022, 07:59:12] estimating time left: 0:08:12.528700

[[-0.76146157 -2.31648322  0.          0.          0.54642684 -0.13363935]
 [-0.78187174 -2.29092034  0.          0.          0.52726632 -0.11963169]
 [-0.71923088 -2.44981866  0.          0.         -1.31370038  0.32027385]
 [-0.86851723 -2.15417063  0.          0.          0.52405727 -0.16652678]
 [-0.94651042 -2.18766253  0.          0.          0.61799185 -0.14897641]
 [-0.74371362 -2.34234788  0.          0.         -0.59615501  0.53269232]
 [-0.95827311 -2.13788619  0.          0.          0.56915264 -0.13815087]
 [-0.95241871 -2.09089763  0.          0.          0.48561743 -0.10745858]
 [-0.76312296 -2.33428106  0.          0.          0.119506   -0.14010386]
 [-0.78415406 -2.2478084   0.          0.          0.52373916 -0.06515159]]
[03/30/2022, 07:59:47] computing sampling shap 925:935 within 35.7951 sec, 3.5921 on average
[03/30/2022, 07:59:47] instances left: 127
[03/30/2022, 07:59:47] estimating time left: 0:07:36.196700

[[-6.33349178e-01 -2.46849499e+00  0.00000000e+00  0.00000000e+00
   5.71058091e-01 -1.34371146e-01]
 [-8.24499313e-01 -2.23516591e+00  0.00000000e+00  0.00000000e+00
   5.50995101e-01 -1.56486931e-01]
 [-1.10044167e+00 -2.05111116e+00  0.00000000e+00  0.00000000e+00
  -9.51495092e-01  1.45431205e-01]
 [-7.66305762e-01 -2.35475882e+00  0.00000000e+00  0.00000000e+00
  -2.48281354e-01  7.36697594e-03]
 [ 1.08946166e+01  8.74064450e+00  0.00000000e+00  0.00000000e+00
  -1.70269939e-01  1.68565139e-01]
 [-1.39539877e-01  1.78294312e+01  0.00000000e+00  0.00000000e+00
   4.01320085e-01  4.09625806e-02]
 [-7.53399575e-01 -2.41068798e+00  0.00000000e+00  0.00000000e+00
  -3.82619577e-01  4.71032357e-01]
 [-2.04368059e-01  1.78624271e+01  0.00000000e+00  0.00000000e+00
   4.58821731e-01 -1.63738009e-01]
 [-7.46698748e-01 -2.31756094e+00  0.00000000e+00  0.00000000e+00
   1.10321830e-01 -1.39348775e-01]
 [-9.82306520e-01 -2.02962909e+00  0.00000000e+00  0.00000000e+00
  -1.01653084e+00 -1.15744835e-01]]
[03/30/2022, 08:00:24] computing sampling shap 935:945 within 36.7267 sec, 3.6055 on average
[03/30/2022, 08:00:24] instances left: 117
[03/30/2022, 08:00:24] estimating time left: 0:07:01.843500

[[-0.91808461 -2.23466399  0.          0.          0.16377497  0.20029021]
 [-0.86410937 -2.24143071  0.          0.         -0.26480172 -0.07766197]
 [-0.95665294 -2.1263996   0.          0.          0.51320844 -0.09531329]
 [-0.63165423 -2.50517437  0.          0.          0.59825968 -0.10347497]
 [-0.81187228 -2.38286806  0.          0.         -0.88211096 -0.21653213]
 [-0.82071388 -2.17884393  0.          0.         -0.82024357  0.11810386]
 [-0.64892288 -2.3285304   0.          0.         -0.68667345 -0.02653489]
 [-0.86385957 -2.17326577  0.          0.         -0.24175389  0.3093967 ]
 [-0.87570409 -2.2259      0.          0.         -0.19049016 -0.11415128]
 [-0.42428062 -2.68104697  0.          0.         -0.24585265 -0.13296002]]
[03/30/2022, 08:01:01] computing sampling shap 945:955 within 37.2551 sec, 3.6227 on average
[03/30/2022, 08:01:01] instances left: 107
[03/30/2022, 08:01:01] estimating time left: 0:06:27.628900

[[-0.59176516 -2.43182639  0.          0.          0.52721243 -0.16877847]
 [-0.19075059 17.74183482  0.          0.          0.57415863 -0.09243055]
 [-0.20766201 17.97414008  0.          0.         -0.29490302 -0.15937524]
 [-0.0378943  -3.09329365  0.          0.         -1.57956227 -0.11154585]
 [-0.6279883  -2.36389639  0.          0.          0.48517582 -0.06666553]
 [-0.92012258 -2.16151098  0.          0.          0.56953798 -0.15306173]
 [-0.84383271 -2.30524366  0.          0.          0.1747521  -0.14367789]
 [-0.54871909 -2.58764597  0.          0.          0.15130276 -0.01831922]
 [10.33465539  9.25249573  0.          0.          0.35208767 -0.16259889]
 [10.62014694  8.90395464  0.          0.          0.3885907  -0.02317075]]
[03/30/2022, 08:01:37] computing sampling shap 955:965 within 35.3836 sec, 3.6122 on average
[03/30/2022, 08:01:37] instances left: 97
[03/30/2022, 08:01:37] estimating time left: 0:05:50.383400

[[-0.8045631  -2.18661281 -0.12019127  0.          0.60252904 -0.15631949]
 [-0.59282001 -2.48887097  0.          0.          0.13355105 -0.14514649]
 [-0.96035368 -2.11573417  0.          0.          0.54041227 -0.12948195]
 [-0.51834612 -2.54477484  0.          0.         -0.22046518  0.36588352]
 [-0.68035791 -2.34665532  0.          0.          0.53506544 -0.17320923]
 [-0.733327   -2.23113736 -0.10935809  0.          0.06935533 -0.14527984]
 [-0.90756271 -2.26850216  0.          0.          0.19713093  0.12284049]
 [-0.76673042 -2.38421519  0.          0.          0.17013054  0.31507557]
 [-0.79776962 -2.28258743  0.          0.          0.54946281 -0.13426329]
 [-0.04082182 17.6417752   0.          0.          0.2394259  -0.12306083]]
[03/30/2022, 08:02:14] computing sampling shap 965:975 within 36.7724 sec, 3.6194 on average
[03/30/2022, 08:02:14] instances left: 87
[03/30/2022, 08:02:14] estimating time left: 0:05:14.887800

[[-5.92043076e-01 -2.55083483e+00  0.00000000e+00  0.00000000e+00
  -1.49153201e-01  3.33483913e-01]
 [-6.68682675e-01 -2.46459460e+00  0.00000000e+00  0.00000000e+00
  -7.62853411e-01 -1.97701242e-01]
 [-7.13691436e-01 -2.36446405e+00  0.00000000e+00  0.00000000e+00
   5.48875740e-01 -7.33847145e-02]
 [-6.96287748e-01 -2.53159797e+00  0.00000000e+00  0.00000000e+00
  -4.50420811e-01 -1.40685797e-01]
 [-8.44361812e-01 -2.11334727e+00 -1.12726788e-01  0.00000000e+00
   9.60976326e-02 -7.27636844e-02]
 [-7.93509178e-01 -2.34076026e+00  0.00000000e+00  0.00000000e+00
   5.56111145e-01 -6.38857948e-02]
 [-1.38824418e-02  1.77601546e+01  0.00000000e+00  0.00000000e+00
  -4.80407655e-01  2.78857176e-02]
 [-7.45246344e-01 -2.27921795e+00  0.00000000e+00  0.00000000e+00
   7.00674489e-02 -1.63605055e-01]
 [-4.80996777e-01 -2.59751943e+00  0.00000000e+00  0.00000000e+00
  -7.89426413e-01 -2.25889574e-01]
 [-7.58151664e-01 -2.33004068e+00  0.00000000e+00  0.00000000e+00
   5.78044612e-01 -1.55009511e-01]]
[03/30/2022, 08:02:50] computing sampling shap 975:985 within 35.9041 sec, 3.6166 on average
[03/30/2022, 08:02:50] instances left: 77
[03/30/2022, 08:02:50] estimating time left: 0:04:38.478200

[[ 1.06128466e+01  9.03668331e+00  0.00000000e+00  0.00000000e+00
   1.15764799e-01 -1.22285041e-01]
 [-6.15030482e-01 -2.52468981e+00  0.00000000e+00  0.00000000e+00
   6.08552363e-01 -4.85616382e-02]
 [-9.14231504e-01 -2.15112687e+00  0.00000000e+00  0.00000000e+00
   5.49998547e-01 -1.49797251e-01]
 [-9.27363732e-01 -2.27489074e+00  0.00000000e+00  0.00000000e+00
  -8.85060753e-01 -8.38017635e-02]
 [-1.48017314e-01  1.79703817e+01  0.00000000e+00  0.00000000e+00
  -2.76182080e-01 -6.20454059e-02]
 [-9.81571130e-01 -1.98938102e+00  0.00000000e+00  0.00000000e+00
   4.75758223e-01 -8.45362877e-02]
 [-5.73948429e-01 -2.45410722e+00  0.00000000e+00  0.00000000e+00
   4.21547732e-02 -1.74807477e-02]
 [-8.98865536e-01 -2.27054010e+00  0.00000000e+00  0.00000000e+00
  -5.00018853e-01 -1.35799318e-01]
 [-8.36040479e-01 -2.19067076e+00  0.00000000e+00  0.00000000e+00
  -5.90430741e-01  2.15530349e-01]
 [-8.24281936e-01 -2.29978492e+00  0.00000000e+00  0.00000000e+00
  -5.34437850e-01  6.42928392e-02]]
[03/30/2022, 08:03:27] computing sampling shap 985:995 within 37.4781 sec, 3.6285 on average
[03/30/2022, 08:03:27] instances left: 67
[03/30/2022, 08:03:27] estimating time left: 0:04:03.109500

[[-0.80805494 -2.25459702  0.          0.         -1.05895675 -0.12467715]
 [-0.79694162 -2.3373768   0.          0.         -0.55623859 -0.17319709]
 [-0.50833929 -2.65379039  0.          0.          0.62703789 -0.06757277]
 [-0.38141578 -2.64975145  0.          0.          0.51070092 -0.14469109]
 [-0.80406749 -2.34116766  0.          0.          0.1388272  -0.11159401]
 [-0.61302748 -2.47845168  0.          0.          0.56946381 -0.12002856]
 [-0.7892882  -2.24246655  0.          0.          0.51182712 -0.08273697]
 [-0.93687709 -2.23544729  0.          0.         -0.95019451 -0.12206545]
 [-0.73659828 -2.19417176 -0.11657635  0.          0.53848017 -0.15629108]
 [-0.86903499 -2.13969977  0.          0.          0.05119911 -0.19221116]]
[03/30/2022, 08:04:03] computing sampling shap 995:1005 within 35.5834 sec, 3.6227 on average
[03/30/2022, 08:04:03] instances left: 57
[03/30/2022, 08:04:03] estimating time left: 0:03:26.493900

[[-5.94393740e-01 -2.37566426e+00  0.00000000e+00  0.00000000e+00
  -1.04563865e-02 -6.04737733e-02]
 [-8.05446336e-01 -2.29687735e+00  0.00000000e+00  0.00000000e+00
   1.38427597e-01  3.20734499e-01]
 [-2.19405491e-02 -3.14748756e+00  0.00000000e+00  0.00000000e+00
   1.46748045e-01 -7.06057056e-02]
 [ 1.00566097e+01  9.61671038e+00  0.00000000e+00  0.00000000e+00
   8.51578940e-02 -8.35097804e-02]
 [-8.59272059e-01 -2.28640733e+00  0.00000000e+00  0.00000000e+00
  -1.59906626e-01  4.19630245e-01]
 [-7.30902714e-01 -2.21564273e+00 -8.70388550e-02  0.00000000e+00
   4.97562085e-01 -1.06021511e-01]
 [-8.17277974e-01 -2.26678802e+00  0.00000000e+00  0.00000000e+00
  -1.05436731e+00 -1.19147642e-01]
 [-7.82487645e-01 -2.23988601e+00  0.00000000e+00  0.00000000e+00
   5.05896330e-01 -1.48680379e-01]
 [-1.05038502e-01  1.77841756e+01  0.00000000e+00  0.00000000e+00
   1.36339760e-01  2.39088116e-01]
 [-7.41911058e-01 -2.30049581e+00  0.00000000e+00  0.00000000e+00
   4.34223245e-02 -4.39735502e-03]]
[03/30/2022, 08:04:37] computing sampling shap 1005:1015 within 34.5537 sec, 3.6098 on average
[03/30/2022, 08:04:37] instances left: 47
[03/30/2022, 08:04:37] estimating time left: 0:02:49.660600

[[-0.65402757 -2.41678344  0.          0.         -0.88823576 -0.11471633]
 [-0.96293253 -2.11519625 -0.08394225  0.         -0.48071426 -0.0131774 ]
 [-0.79485309 -2.38376315  0.          0.          0.66164895 -0.14819007]
 [-0.84426808 -2.35539558  0.          0.         -0.113552    0.23867445]
 [-0.75580144 -2.37999344  0.          0.          0.15713352 -0.03956159]
 [-0.75728974 -2.29641673  0.          0.          0.08213021 -0.07552525]
 [-0.67366957 -2.36782594  0.          0.          0.0927974  -0.20104896]
 [10.59397412  8.93845321  0.          0.          0.39359308 -0.1493795 ]
 [-0.80382748 -2.34978416  0.          0.          0.62870453 -0.11713699]
 [-1.03266657 -2.10003669  0.          0.         -1.06333494 -0.14674848]]
[03/30/2022, 08:05:13] computing sampling shap 1015:1025 within 35.7789 sec, 3.6076 on average
[03/30/2022, 08:05:13] instances left: 37
[03/30/2022, 08:05:13] estimating time left: 0:02:13.481200

[[-7.50799208e-01 -2.14083622e+00 -1.15395534e-01  0.00000000e+00
   5.05780984e-01 -1.63907303e-01]
 [-8.06466773e-01 -2.28815062e+00  0.00000000e+00  0.00000000e+00
  -8.09885784e-01 -1.89328716e-01]
 [-9.69853652e-01 -1.98518306e+00  0.00000000e+00  0.00000000e+00
  -8.57167473e-01 -1.18505949e-01]
 [-8.61929442e-01 -2.30389855e+00  0.00000000e+00  0.00000000e+00
  -1.33082044e-01  2.27339713e-01]
 [-8.82445584e-02  1.77174792e+01  0.00000000e+00  0.00000000e+00
   5.01754761e-01 -1.77846835e-01]
 [ 1.04879730e+01  8.99560165e+00  0.00000000e+00  0.00000000e+00
   2.30666562e-01 -1.52748599e-04]
 [-9.33844587e-01 -2.11801184e+00  0.00000000e+00  0.00000000e+00
  -2.99497408e-01 -5.35814869e-02]
 [-8.07652851e-01 -2.32055307e+00  0.00000000e+00  0.00000000e+00
  -6.27989877e-01  8.65098456e-01]
 [-3.27903804e-02 -3.05942934e+00  0.00000000e+00  0.00000000e+00
  -7.51343730e-01  2.50160134e-02]
 [-6.28814921e-01 -2.36429542e+00  0.00000000e+00  0.00000000e+00
   4.90782490e-01 -1.62829388e-01]]
[03/30/2022, 08:05:52] computing sampling shap 1025:1035 within 39.5755 sec, 3.6309 on average
[03/30/2022, 08:05:52] instances left: 27
[03/30/2022, 08:05:52] estimating time left: 0:01:38.034300

[[-0.80413157 -2.2845842   0.          0.          0.56459726 -0.04925616]
 [-0.19068773 17.86636174  0.          0.          0.45749392 -0.13959533]
 [-0.87771929 -2.31085514  0.          0.         -0.16419359 -0.1564362 ]
 [-0.99792932 -2.05827493  0.          0.          0.52506673 -0.04859265]
 [-0.78024322 -2.40965158  0.          0.          0.6639051  -0.13916764]
 [-0.62891576 -2.43186123  0.          0.          0.52833699 -0.07022474]
 [-0.97210311 -2.11276054  0.          0.         -0.27207672 -0.04799478]
 [-0.05756974 -3.15801054  0.          0.          0.67535938 -0.1018225 ]
 [-0.77695214 -2.40096576  0.          0.         -0.17992045 -0.18509135]
 [-1.08320126 -2.06281667  0.          0.          0.60766311 -0.12680255]]
[03/30/2022, 08:06:28] computing sampling shap 1035:1045 within 35.7982 sec, 3.6277 on average
[03/30/2022, 08:06:28] instances left: 17
[03/30/2022, 08:06:28] estimating time left: 0:01:01.670900

[[-7.74014409e-01 -2.26673394e+00  0.00000000e+00  0.00000000e+00
  -2.68253169e-01  2.37431246e-01]
 [-6.72347084e-01 -2.27765997e+00  0.00000000e+00  0.00000000e+00
   4.12064534e-01 -6.47220263e-02]
 [-6.85516117e-01 -2.27558022e+00  0.00000000e+00  0.00000000e+00
   4.24931218e-02 -1.28498036e-01]
 [-7.22857083e-01 -2.37221975e+00  0.00000000e+00  0.00000000e+00
   1.17500566e-01 -1.40425396e-01]
 [ 1.08223256e+01  8.83141479e+00  0.00000000e+00  0.00000000e+00
  -1.28546868e-01 -7.89423553e-03]
 [-7.46179131e-01 -2.36420385e+00  0.00000000e+00  0.00000000e+00
  -2.45260876e-01 -3.33028977e-02]
 [-6.99374798e-01 -2.32742643e+00  0.00000000e+00  0.00000000e+00
   5.11164131e-01 -1.26407009e-01]
 [-6.00660092e-01 -2.45589582e+00  0.00000000e+00  0.00000000e+00
  -5.86381092e-01  1.76936064e-01]
 [-7.09368437e-01 -2.36212778e+00  0.00000000e+00  0.00000000e+00
   1.18941012e-01  1.72483563e-01]
 [-7.53791557e-01 -2.43365384e+00  0.00000000e+00  0.00000000e+00
  -8.98289004e-01 -1.60559424e-01]]
[03/30/2022, 08:07:05] computing sampling shap 1045:1055 within 36.405 sec, 3.6285 on average
[03/30/2022, 08:07:05] instances left: 7
[03/30/2022, 08:07:05] estimating time left: 0:00:25.399500

[[-8.88393073e-01 -2.17082667e+00  0.00000000e+00  0.00000000e+00
   5.43668521e-01 -8.71132216e-02]
 [-1.00525678e+00 -2.14243061e+00  0.00000000e+00  0.00000000e+00
  -2.70856111e-01 -1.24386368e-01]
 [-8.34921650e-01 -2.27989257e+00  0.00000000e+00  0.00000000e+00
  -2.46516618e-01 -1.47873153e-01]
 [-9.63840794e-01 -2.20631985e+00  0.00000000e+00  0.00000000e+00
   2.07267062e-01  1.06800459e-01]
 [-6.97797312e-01 -2.39775873e+00  0.00000000e+00  0.00000000e+00
   5.34357097e-01  5.77579623e-03]
 [-8.66695660e-01 -2.14661756e+00 -7.62204030e-02  0.00000000e+00
  -8.16795328e-01  4.65135206e-01]
 [-1.19142781e-01  1.77792742e+01  0.00000000e+00  0.00000000e+00
   4.59684674e-01 -1.26243077e-01]
 [-9.16082624e-01 -2.24397306e+00  0.00000000e+00  0.00000000e+00
  -7.09392117e-01  5.08995135e-02]
 [-8.85250551e-01 -2.21113963e+00  0.00000000e+00  0.00000000e+00
   9.06951663e-02 -1.12306530e-01]
 [-8.78949954e-02  1.77381728e+01  0.00000000e+00  0.00000000e+00
   1.54948641e-01  4.93912339e-02]]
[03/30/2022, 08:07:05] finish computing sampling shap for range: [6, 8] within 616.849709 sec
