Child #[15, 15]: psutil.Process(pid=4720, name='python', status='running', started='03:30:25'), affinity [15]
Child #[15, 15]: Set my affinity to [15, 15], affinity now [15]

[03/30/2022, 07:39:40] start computing sampling shap for range: [8, 8]
[03/30/2022, 07:40:16] computing sampling shap 1239:1249 within 36.4722 sec, 3.6472 on average
[03/30/2022, 07:40:16] instances left: 161
[03/30/2022, 07:40:16] estimating time left: 0:09:47.199200

[[-9.46145252e-01 -2.21121576e+00  0.00000000e+00  0.00000000e+00
  -7.36244245e-01 -1.53756768e-01]
 [-9.65427295e-01 -2.14118819e+00  0.00000000e+00  0.00000000e+00
  -5.35837945e-01 -2.65922896e-02]
 [-7.03455653e-01 -2.46327675e+00  0.00000000e+00  0.00000000e+00
  -6.46345337e-01  7.12046133e-01]
 [-9.05821510e-01 -2.25367035e+00  0.00000000e+00  0.00000000e+00
   6.14944710e-01 -4.82208436e-02]
 [-7.02118426e-01 -2.36808786e+00  0.00000000e+00  0.00000000e+00
   5.23587542e-01 -4.61489163e-02]
 [-8.25274764e-01 -2.25052958e+00  0.00000000e+00  0.00000000e+00
  -5.98399237e-01 -1.31020602e-01]
 [-7.43784922e-01 -2.22330595e+00  0.00000000e+00  0.00000000e+00
   2.78491583e-02  8.31485954e-02]
 [-6.03469765e-01 -2.48788757e+00  0.00000000e+00  0.00000000e+00
  -2.08711688e-01  3.30586529e-01]
 [-1.10862197e-01  1.79287294e+01  0.00000000e+00  0.00000000e+00
  -5.68793079e-01  3.91668286e-03]
 [-6.53453863e-02 -3.14817370e+00  0.00000000e+00  0.00000000e+00
  -6.33596197e-01  1.15351594e-01]]
[03/30/2022, 07:40:52] computing sampling shap 1249:1259 within 35.3349 sec, 3.5905 on average
[03/30/2022, 07:40:52] instances left: 151
[03/30/2022, 07:40:52] estimating time left: 0:09:02.165500

[[-0.69770527 -2.44603302  0.          0.         -1.40869564  0.41143094]
 [-0.753997   -2.29118574  0.          0.         -0.24714682  0.26122389]
 [-0.01792545 -3.07767075  0.          0.          0.56337611 -0.1329366 ]
 [-0.90575223 -2.25406201  0.          0.          0.63675851 -0.14210166]
 [-0.76543216 -2.3399715   0.          0.         -0.22295713 -0.18084351]
 [-0.8674424  -2.25783176  0.          0.          0.13544401 -0.04209737]
 [-0.49008195 -2.62853134  0.          0.          0.59170268 -0.11513303]
 [-0.68846461 -2.37978333  0.          0.         -0.82661684 -0.19896715]
 [-0.90129748 -2.19952425  0.          0.          0.57515216 -0.02975334]
 [-0.87902044 -2.21388225  0.          0.          0.10965101 -0.13475043]]
[03/30/2022, 07:41:28] computing sampling shap 1259:1269 within 36.6897 sec, 3.6167 on average
[03/30/2022, 07:41:28] instances left: 141
[03/30/2022, 07:41:28] estimating time left: 0:08:29.954700

[[-7.91612332e-01 -2.22063348e+00  0.00000000e+00  0.00000000e+00
   4.75681886e-01 -1.28593505e-01]
 [ 1.08932097e+01  8.76047289e+00  0.00000000e+00  0.00000000e+00
  -1.22481019e-01  9.42612273e-02]
 [-9.11537090e-01 -2.12213174e+00  0.00000000e+00  0.00000000e+00
   5.10665029e-01 -1.42153566e-01]
 [-9.06152893e-01 -2.17728667e+00  0.00000000e+00  0.00000000e+00
   6.22240836e-01 -2.03958463e-01]
 [-4.72993181e-01 -2.67902022e+00  0.00000000e+00  0.00000000e+00
   4.81284332e-01  2.24682587e-01]
 [-7.10916066e-01 -2.26457674e+00  0.00000000e+00  0.00000000e+00
   4.51602877e-01 -1.41267492e-01]
 [-1.03543569e+00 -2.04042585e+00  0.00000000e+00  0.00000000e+00
  -2.89163316e-01  3.04582918e-03]
 [-5.96690349e-01 -2.43635678e+00  0.00000000e+00  0.00000000e+00
   8.40257727e-02  2.22884731e-01]
 [-6.39006862e-01 -2.48131946e+00  0.00000000e+00  0.00000000e+00
   1.06582176e-01 -1.36002926e-01]
 [-8.32364182e-01 -2.21688750e+00  0.00000000e+00  0.00000000e+00
   5.29627677e-01 -1.45533541e-01]]
[03/30/2022, 07:42:05] computing sampling shap 1269:1279 within 36.4521 sec, 3.6239 on average
[03/30/2022, 07:42:05] instances left: 131
[03/30/2022, 07:42:05] estimating time left: 0:07:54.730900

[[-8.55337735e-01 -2.09808472e+00  0.00000000e+00  0.00000000e+00
   4.39337696e-01 -8.85798019e-02]
 [-8.84221589e-01 -2.20182563e+00  0.00000000e+00  0.00000000e+00
  -2.39035575e-01 -1.59058041e-01]
 [-2.16694290e-01  1.79260199e+01  0.00000000e+00  0.00000000e+00
  -4.63914185e-01 -1.73315596e-01]
 [-6.46931118e-01 -2.38119106e+00  0.00000000e+00  0.00000000e+00
   4.81233320e-01 -1.18268374e-01]
 [-9.39970940e-01 -2.21456765e+00  0.00000000e+00  0.00000000e+00
  -4.69655860e-01 -8.44547900e-03]
 [-6.98026721e-01 -2.45489433e+00  0.00000000e+00  0.00000000e+00
   6.25610986e-01 -7.53542737e-02]
 [-1.33289978e-01  1.77338542e+01  0.00000000e+00  0.00000000e+00
   5.52376613e-01 -1.99798162e-01]
 [-5.29663062e-01 -2.50114954e+00  0.00000000e+00  0.00000000e+00
   5.18623857e-01 -9.04754765e-02]
 [-8.56074190e-01 -2.28680926e+00  0.00000000e+00  0.00000000e+00
   5.42451334e-01  8.56770905e-02]
 [-6.71097559e-01 -2.43853338e+00  0.00000000e+00  0.00000000e+00
   5.80954602e-01 -5.10536533e-02]]
[03/30/2022, 07:42:42] computing sampling shap 1279:1289 within 37.3314 sec, 3.6458 on average
[03/30/2022, 07:42:42] instances left: 121
[03/30/2022, 07:42:42] estimating time left: 0:07:21.141800

[[-0.89449342 -2.17247693  0.          0.          0.57849462 -0.17668147]
 [-0.32886735 -2.69703971  0.          0.          0.48531878 -0.12456868]
 [-0.75545558 -2.26189308  0.          0.          0.05426108 -0.18665934]
 [-0.71191942 -2.37978321  0.          0.         -0.78712606 -0.16853319]
 [-0.73764526 -2.26986856  0.          0.          0.51486256 -0.17250608]
 [-0.0910996  17.72914558  0.          0.          0.45889522 -0.06536274]
 [-0.72496274 -2.29478395  0.          0.          0.03882752  0.37540522]
 [-0.73503873 -2.31226818  0.          0.          0.52405805 -0.05012552]
 [10.67678437  9.02407821  0.          0.         -0.14656067 -0.062856  ]
 [-0.84623388 -2.29830911  0.          0.          0.63475465 -0.09287606]]
[03/30/2022, 07:43:18] computing sampling shap 1289:1299 within 35.3911 sec, 3.6281 on average
[03/30/2022, 07:43:18] instances left: 111
[03/30/2022, 07:43:18] estimating time left: 0:06:42.719100

[[-0.78497763 -2.34148913  0.          0.         -0.47129911  0.32087787]
 [-0.77568412 -2.31338949  0.          0.         -0.2667794   0.06142747]
 [-0.69453291 -2.43297484  0.          0.         -0.99218301 -0.13517225]
 [-0.62720273 -2.45447208  0.          0.         -0.48640595  0.28960796]
 [-0.94787115 -2.25247792  0.          0.          0.65779038 -0.0994852 ]
 [11.02973102  8.49080627  0.          0.          0.41280367 -0.09570064]
 [-0.86349714 -2.27637963  0.          0.          0.18624191  0.2774084 ]
 [-0.73075808 -2.42958007  0.          0.          0.6155197  -0.03491137]
 [-0.89109129 -2.23229408  0.          0.         -1.61324181  0.49791075]
 [-0.84077826 -2.19296616  0.          0.          0.50559185 -0.05157754]]
[03/30/2022, 07:43:55] computing sampling shap 1299:1309 within 37.0253 sec, 3.6387 on average
[03/30/2022, 07:43:55] instances left: 101
[03/30/2022, 07:43:55] estimating time left: 0:06:07.508700

[[-1.01552663 -2.08099809  0.          0.         -0.26585128 -0.1217645 ]
 [-1.00554705 -2.034914    0.          0.         -0.75873077  0.58449221]
 [-0.67553679 -2.36838609  0.          0.          0.50883862 -0.05768369]
 [-0.95186749 -2.20588205  0.          0.         -0.1892011  -0.04199574]
 [-0.70502867 -2.38921354  0.          0.         -0.40738936  0.36298505]
 [-0.83002864 -2.31559859  0.          0.         -0.54280254 -0.17532406]
 [-0.9057388  -2.2120803   0.          0.          0.58589919 -0.11012401]
 [-0.76317193 -2.31954709  0.          0.         -0.2665503  -0.0569761 ]
 [-0.75747488 -2.38076032  0.          0.          0.18979919  0.28191537]
 [-0.09352584 17.87980874  0.          0.         -0.55905877 -0.13143869]]
[03/30/2022, 07:44:32] computing sampling shap 1309:1319 within 37.3405 sec, 3.6507 on average
[03/30/2022, 07:44:32] instances left: 91
[03/30/2022, 07:44:32] estimating time left: 0:05:32.213700

[[-0.87494743 -2.32489912  0.          0.          0.26181134  0.15093645]
 [-0.84890847 -2.33220155  0.          0.          0.20563296 -0.14252511]
 [-0.85170964 -2.24325039  0.          0.         -0.59471325 -0.04826623]
 [-0.12112502 17.80601918  0.          0.          0.42168118 -0.15343265]
 [-0.95566835 -2.15762285  0.          0.          0.55354273  0.04657002]
 [-0.84322942 -2.18854599  0.          0.          0.51755948 -0.15094122]
 [-0.77858313 -2.33628223  0.          0.          0.12328519 -0.10170622]
 [10.39514836  9.2597737   0.          0.          0.10096717 -0.08092096]
 [-0.62343104 -2.50518832  0.          0.          0.13193584 -0.15306352]
 [-0.11305274 17.85627348  0.          0.         -0.21404795 -0.03053417]]
[03/30/2022, 07:45:10] computing sampling shap 1319:1329 within 38.4332 sec, 3.6721 on average
[03/30/2022, 07:45:10] instances left: 81
[03/30/2022, 07:45:10] estimating time left: 0:04:57.440100

[[-0.64968096 -2.34134117  0.          0.          0.0308105   0.10411825]
 [-0.65915956 -2.37714638 -0.08568395  0.         -0.24067175 -0.02628473]
 [-0.95865035 -2.20258277  0.          0.         -0.1052741   0.31647549]
 [-0.81532343 -2.24082577  0.          0.         -0.25876097 -0.04706888]
 [-0.5573833  -2.45895298  0.          0.          0.49126258 -0.14008358]
 [-0.02683043 -3.16684318  0.          0.          0.64999743 -0.05898747]
 [-0.03886677 17.79810508  0.          0.         -0.52695794 -0.1364942 ]
 [-0.63062233 -2.59777303  0.          0.          0.22195127 -0.14330243]
 [-0.50089203 -2.59339126  0.          0.          0.55317254 -0.06155368]
 [-0.49339652 -2.57087147  0.          0.          0.53190848 -0.06040797]]
[03/30/2022, 07:45:47] computing sampling shap 1329:1339 within 36.6347 sec, 3.6713 on average
[03/30/2022, 07:45:47] instances left: 71
[03/30/2022, 07:45:47] estimating time left: 0:04:20.662300

[[10.66963214  8.85428941  0.          0.          0.41863024 -0.16591165]
 [-0.29784711 -2.75472476  0.          0.         -0.26553385 -0.04387293]
 [-0.82684514 -2.25801785  0.          0.          0.53620446 -0.09338576]
 [-1.04189662 -2.12937513  0.          0.          0.18647041 -0.16494534]
 [10.40644487  9.22388017  0.          0.         -0.3823625   0.21028106]
 [-0.05506016 -3.06262017  0.          0.          0.6064585  -0.1539346 ]
 [10.77498283  8.85008993  0.          0.         -0.36826845  0.64419348]
 [-0.67610788 -2.38788328  0.          0.         -0.59667593 -0.02868384]
 [-0.8426059  -2.25537078  0.          0.          0.14307546 -0.16310054]
 [-0.65319197 -2.37053256  0.          0.          0.53109692 -0.1725296 ]]
[03/30/2022, 07:46:25] computing sampling shap 1339:1349 within 37.6822 sec, 3.6801 on average
[03/30/2022, 07:46:25] instances left: 61
[03/30/2022, 07:46:25] estimating time left: 0:03:44.486100

[[-0.81506378 -2.32403461  0.          0.         -0.46083905  0.49736883]
 [-0.7830105  -2.28438401  0.          0.         -1.04384453 -0.01890717]
 [-0.3509425  -2.70746937  0.          0.         -0.56650938  0.78111017]
 [-0.63137188 -2.46300434  0.          0.          0.14071319  0.1649797 ]
 [-0.7870697  -2.35068533  0.          0.          0.16819348  0.18949039]
 [-0.95918792 -2.1189536   0.          0.          0.10263687 -0.1742428 ]
 [10.98018192  8.77102464  0.          0.         -0.38775793 -0.07226527]
 [-0.68882779 -2.34013775  0.          0.         -0.63853589  0.03486176]
 [-0.07239631 -3.07824481  0.          0.         -0.2378418  -0.12072063]
 [-0.97649445 -2.17267805  0.          0.          0.62385422 -0.07734619]]
[03/30/2022, 07:47:01] computing sampling shap 1349:1359 within 36.8003 sec, 3.6801 on average
[03/30/2022, 07:47:01] instances left: 51
[03/30/2022, 07:47:01] estimating time left: 0:03:07.685100

[[-0.87855972 -2.31016851  0.          0.          0.20875816 -0.16977632]
 [-0.61173631 -2.50943437  0.          0.         -0.56446282  0.10921341]
 [-0.08721955 17.78376941  0.          0.          0.41730534 -0.07490572]
 [-0.88423129 -2.25052479  0.          0.          0.60402647 -0.11131425]
 [-0.03925389 17.79876032  0.          0.         -0.39459958  0.32396658]
 [-0.61797957 -2.40607739  0.          0.         -0.28267439 -0.09820355]
 [-0.88668192 -2.19624275  0.          0.          0.57362045 -0.15585319]
 [-0.80761967 -2.26687315  0.          0.         -0.23606018  0.15424174]
 [-0.41910839 -2.62212365  0.          0.          0.41988718  0.16757781]
 [-0.95228706 -2.14703991  0.          0.          0.11362975 -0.13230483]]
[03/30/2022, 07:47:37] computing sampling shap 1359:1369 within 35.7565 sec, 3.6721 on average
[03/30/2022, 07:47:37] instances left: 41
[03/30/2022, 07:47:37] estimating time left: 0:02:30.556100

[[-0.69265388 -2.41619072  0.          0.          0.58507809 -0.04960791]
 [-0.07218712 17.82551824  0.          0.          0.07498823  0.44053775]
 [-0.10068328 17.86653721  0.          0.         -0.86271247 -0.03946567]
 [-0.86533992 -2.2754272   0.          0.         -0.16468307  0.34690246]
 [-0.91620701 -2.11420714  0.          0.          0.07870427 -0.19803728]
 [-0.83533717 -2.26318383  0.          0.          0.12615634 -0.12092168]
 [-1.15046256 -1.96691998  0.          0.         -0.5031966   0.15457824]
 [-0.78113177 -2.3438297   0.          0.         -0.18656051  0.15521068]
 [-0.93577072 -2.21271704  0.          0.          0.21887986  0.13595726]
 [-0.56382014 -2.50978003  0.          0.          0.05522067 -0.0996223 ]]
[03/30/2022, 07:48:12] computing sampling shap 1369:1379 within 34.4094 sec, 3.6556 on average
[03/30/2022, 07:48:12] instances left: 31
[03/30/2022, 07:48:12] estimating time left: 0:01:53.323600

[[11.17054904  8.4767902   0.          0.         -0.07941062 -0.07977202]
 [-0.68937503 -2.40060875  0.          0.          0.13402613 -0.09114401]
 [-0.86440551 -2.29682158  0.          0.          0.64551379 -0.07705461]
 [-0.75049804 -2.28544787  0.          0.          0.0659751  -0.17977589]
 [-0.67314197 -2.47244261  0.          0.          0.62412416 -0.12058339]
 [-0.73151895 -2.31219957  0.          0.         -0.27589711  0.10537865]
 [10.33116677  9.21080479  0.          0.          0.4101197  -0.11036071]
 [-0.77792245 -2.35834808  0.          0.         -0.93259862 -0.17742492]
 [-0.8335644  -2.17263491  0.          0.          0.52072787 -0.06995182]
 [-1.0026034  -2.07018852  0.          0.          0.09666259 -0.17361762]]
[03/30/2022, 07:48:48] computing sampling shap 1379:1389 within 35.9957 sec, 3.6519 on average
[03/30/2022, 07:48:48] instances left: 21
[03/30/2022, 07:48:48] estimating time left: 0:01:16.689900

[[-0.69652093 -2.46786495  0.          0.          0.65694145 -0.13459946]
 [-0.73175211 -2.21724964 -0.10291238  0.         -0.5950918  -0.2167485 ]
 [-0.69187363 -2.33775575  0.          0.          0.51197648 -0.12439121]
 [-0.79685018 -2.43048671  0.          0.         -0.15718886 -0.12467854]
 [-0.53308221 -2.5056657   0.          0.         -0.25612929  0.07858462]
 [-0.66161585 -2.54312712  0.          0.          0.65346285 -0.11387691]
 [-0.87684401 -2.17512815  0.          0.         -1.35657438 -0.2165528 ]
 [-0.05453288 17.74207755  0.          0.         -0.41458129  0.22026117]
 [-0.68965507 -2.46157655  0.          0.          0.68161824 -0.1955439 ]
 [-0.73198986 -2.24102947 -0.11441218  0.         -0.1470309   0.26497982]]
[03/30/2022, 07:49:23] computing sampling shap 1389:1399 within 35.6646 sec, 3.6466 on average
[03/30/2022, 07:49:23] instances left: 11
[03/30/2022, 07:49:23] estimating time left: 0:00:40.112600

[[10.25249337  9.35610157  0.          0.         -0.12837983  0.1965625 ]
 [-0.95585327 -2.11542539  0.          0.         -0.60266933  0.11031999]
 [-1.03341104 -2.05606455  0.          0.          0.55678554 -0.1324674 ]
 [-0.76319401 -2.37503452  0.          0.         -1.03251276 -0.12841339]
 [-0.78345046 -2.39934904  0.          0.          0.24380058  0.1519004 ]
 [-0.68634049 -2.45557726  0.          0.         -0.24882924 -0.01418819]
 [-0.91038416 -2.11979781  0.          0.         -0.26939303  0.1508974 ]
 [-0.90474613 -2.1698235   0.          0.          0.065398   -0.084115  ]
 [-0.89458183 -2.21852773  0.          0.         -0.54168051  0.17926774]
 [-0.55549961 -2.55453245  0.          0.          0.12579942 -0.13376913]]
[03/30/2022, 07:50:02] computing sampling shap 1399:1409 within 39.0841 sec, 3.662 on average
[03/30/2022, 07:50:02] instances left: 1
[03/30/2022, 07:50:02] estimating time left: 0:00:03.662000

[[-6.98611792e-01 -2.48605932e+00  0.00000000e+00  0.00000000e+00
   6.44946291e-01 -1.25432109e-01]
 [-1.14062262e+00 -1.99725225e+00  0.00000000e+00  0.00000000e+00
  -1.38898066e-01  2.74621660e-01]
 [ 1.05597194e+01  9.04645795e+00  0.00000000e+00  0.00000000e+00
  -3.46240899e-01  2.77382275e-01]
 [-7.38686944e-01 -2.32306773e+00  0.00000000e+00  0.00000000e+00
   9.04384559e-02 -6.96719809e-02]
 [-6.10368231e-01 -2.48168961e+00  0.00000000e+00  0.00000000e+00
   5.46990991e-01 -1.20090165e-01]
 [-7.38183850e-01 -2.34168669e+00  0.00000000e+00  0.00000000e+00
  -2.18570991e-01  3.80738436e-01]
 [-9.94723332e-01 -2.06801126e+00  0.00000000e+00  0.00000000e+00
  -2.68469143e-01 -7.50418828e-02]
 [-1.04331262e+00 -2.04603687e+00  0.00000000e+00  0.00000000e+00
   5.65161138e-01 -1.40968693e-01]
 [-5.92169490e-02  1.78534944e+01  0.00000000e+00  0.00000000e+00
  -2.80045279e-01 -2.02031925e-01]
 [-7.10233017e-01 -2.35678010e+00  0.00000000e+00  0.00000000e+00
   5.29970437e-01 -1.39003045e-02]]
[03/30/2022, 07:50:02] finish computing sampling shap for range: [8, 8] within 622.542444 sec
