Child #[8, 9]: psutil.Process(pid=4615, name='python', status='running', started='03:30:10'), affinity [8, 9]
Child #[8, 9]: Set my affinity to [8, 9], affinity now [8, 9]

[03/30/2022, 07:56:09] start computing sampling shap for range: [5, 8]
[03/30/2022, 07:56:47] computing sampling shap 708:718 within 37.5154 sec, 3.7516 on average
[03/30/2022, 07:56:47] instances left: 167
[03/30/2022, 07:56:47] estimating time left: 0:10:26.517200

[[-8.17114428e-01 -2.31138781e+00  0.00000000e+00  0.00000000e+00
  -1.92206577e-01 -6.82378003e-02]
 [-1.09930570e-01  1.78533272e+01  0.00000000e+00  0.00000000e+00
   1.04107633e-01 -5.60402755e-02]
 [-9.19018668e-02 -2.93554085e+00  0.00000000e+00  0.00000000e+00
   8.56184559e-02 -2.07921893e-01]
 [-9.07792145e-01 -2.20584209e+00  0.00000000e+00  0.00000000e+00
  -4.89235990e-01  8.65818677e-03]
 [-7.01833825e-01 -2.35270792e+00  0.00000000e+00  0.00000000e+00
  -2.92145974e-01 -1.52912452e-02]
 [-7.87199053e-01 -2.32093972e+00  0.00000000e+00  0.00000000e+00
   5.94108474e-01 -6.56998773e-02]
 [-8.26610178e-01 -2.30451929e+00  0.00000000e+00  0.00000000e+00
   1.10027935e-01 -1.08258983e-02]
 [ 1.13184932e+01  8.47038600e+00  0.00000000e+00  0.00000000e+00
  -2.42743543e-01 -3.54302265e-02]
 [-1.24546027e-01  1.77669059e+01  0.00000000e+00  0.00000000e+00
  -9.31651466e-01 -1.46223336e-01]
 [-2.15093852e-01  1.79344031e+01  0.00000000e+00  0.00000000e+00
   8.91038097e-02 -1.73670287e-01]]
[03/30/2022, 07:57:22] computing sampling shap 718:728 within 35.2319 sec, 3.6375 on average
[03/30/2022, 07:57:22] instances left: 157
[03/30/2022, 07:57:22] estimating time left: 0:09:31.087500

[[-0.84861884 -2.27378693  0.          0.          0.16348996 -0.19083098]
 [-0.68780745 -2.39370797  0.          0.         -0.53409721  0.02140061]
 [-1.21035257 -1.94805432  0.          0.         -0.2096171  -0.14118009]
 [-0.93846919 -2.21460102  0.          0.         -0.20893685 -0.12213329]
 [-0.73053222 -2.43455925  0.          0.          0.19788859 -0.18254387]
 [-0.98908749 -2.26590653  0.          0.          0.29846688  0.23039011]
 [-0.85604274 -2.20356355  0.          0.          0.5264125  -0.05957369]
 [-0.72493711 -2.33952768  0.          0.          0.1045062  -0.07196891]
 [-0.72699055 -2.42759218  0.          0.         -0.84203043 -0.18950617]
 [-0.78152688 -2.38695605  0.          0.         -0.56478094  0.35781937]]
[03/30/2022, 07:58:00] computing sampling shap 728:738 within 37.9593 sec, 3.6904 on average
[03/30/2022, 07:58:00] instances left: 147
[03/30/2022, 07:58:00] estimating time left: 0:09:02.488800

[[-0.85540258 -2.22146107  0.          0.         -0.5938983  -0.10610731]
 [-0.57920573 -2.45808618  0.          0.         -1.3860131  -0.12842503]
 [-0.70491079 -2.44450227  0.          0.          0.60741229 -0.05076708]
 [-0.54074238 -2.40027209 -0.09326488  0.          0.50876723 -0.06725546]
 [10.51061929  9.02828476  0.          0.          0.3741038  -0.07536788]
 [-0.85616141 -2.29321686  0.          0.          0.12292413  0.56913621]
 [-0.95089196 -2.13282905  0.          0.          0.53199903 -0.11343543]
 [-0.84587088 -2.14701184  0.          0.          0.47340362 -0.14567832]
 [-0.83300239 -2.26953246  0.          0.          0.59118959 -0.13069898]
 [11.11196658  8.62803843  0.          0.         -1.15944278 -0.06864649]]
[03/30/2022, 07:58:36] computing sampling shap 738:748 within 35.8086 sec, 3.6631 on average
[03/30/2022, 07:58:36] instances left: 137
[03/30/2022, 07:58:36] estimating time left: 0:08:21.844700

[[-1.03217586e+00 -2.11158412e+00  0.00000000e+00  0.00000000e+00
   6.11741806e-01 -1.33139200e-01]
 [-5.60453971e-01 -2.35609953e+00 -1.08326696e-01  0.00000000e+00
   4.99898473e-01 -1.40175461e-01]
 [-8.01257370e-01 -2.23033883e+00  0.00000000e+00  0.00000000e+00
   5.05144870e-01 -1.38705862e-01]
 [-9.20558058e-02  1.77489629e+01  0.00000000e+00  0.00000000e+00
   4.42465656e-01 -1.46229904e-01]
 [-2.52450773e-01  1.78690669e+01  0.00000000e+00  0.00000000e+00
  -3.52746454e-01 -3.20909945e-02]
 [-7.99712193e-01 -2.23899743e+00  0.00000000e+00  0.00000000e+00
  -6.15182478e-01  9.02645575e-02]
 [-7.68973119e-01 -2.28056509e+00  0.00000000e+00  0.00000000e+00
   9.41731658e-02  2.78101085e-02]
 [-7.22377125e-01 -2.33657226e+00  0.00000000e+00  0.00000000e+00
   5.46519827e-01 -1.52728169e-01]
 [-8.74380477e-01 -2.18178462e+00  0.00000000e+00  0.00000000e+00
   9.47733563e-02 -1.56610325e-01]
 [-7.76969195e-01 -2.30311237e+00  0.00000000e+00  0.00000000e+00
  -2.84292165e-01  2.39480281e-03]]
[03/30/2022, 07:59:12] computing sampling shap 748:758 within 36.0633 sec, 3.6518 on average
[03/30/2022, 07:59:12] instances left: 127
[03/30/2022, 07:59:12] estimating time left: 0:07:43.778600

[[-7.08475050e-01 -2.23407782e+00  0.00000000e+00  0.00000000e+00
   1.74936432e-02 -2.24687587e-01]
 [-4.78164017e-01 -2.60610141e+00  0.00000000e+00  0.00000000e+00
   5.51060430e-01 -6.94591306e-02]
 [-9.27408616e-01 -2.14196947e+00  0.00000000e+00  0.00000000e+00
   5.43353335e-01 -1.39132740e-01]
 [-5.72161573e-02  1.78325901e+01  0.00000000e+00  0.00000000e+00
  -2.39725679e-01  1.11447133e-01]
 [-5.14735421e-01 -2.58893979e+00  0.00000000e+00  0.00000000e+00
   1.41361346e-01 -1.30972619e-01]
 [-9.38419564e-01 -2.19213046e+00  0.00000000e+00  0.00000000e+00
  -7.37121355e-01 -6.91377729e-02]
 [-8.30871300e-01 -2.32614541e+00  0.00000000e+00  0.00000000e+00
  -1.79179127e-01  7.57674365e-03]
 [ 1.07068939e+01  9.05755070e+00  0.00000000e+00  0.00000000e+00
  -4.06337193e-01 -5.88153412e-02]
 [-8.22842227e-01 -2.21382874e+00  0.00000000e+00  0.00000000e+00
   4.98683990e-01 -1.04056994e-01]
 [-6.56500188e-01 -2.45354990e+00  0.00000000e+00  0.00000000e+00
  -7.64400901e-01 -1.58364686e-01]]
[03/30/2022, 07:59:50] computing sampling shap 758:768 within 37.8433 sec, 3.6739 on average
[03/30/2022, 07:59:50] instances left: 117
[03/30/2022, 07:59:50] estimating time left: 0:07:09.846300

[[-0.77304382 -2.32200273  0.          0.         -0.74830493 -0.0364992 ]
 [-0.82978119 -2.27830556  0.          0.         -0.85433788  0.13166909]
 [-0.74774427 -2.27636025  0.          0.         -0.30307452 -0.0790666 ]
 [-0.57694063 -2.56247534  0.          0.          0.56877841 -0.09451931]
 [10.69882731  8.91550535  0.          0.         -0.1720052   0.27728658]
 [-0.76068128 -2.22557286  0.          0.          0.46726478 -0.14616817]
 [-0.80692196 -2.14962803  0.          0.         -0.32241041  0.17018824]
 [-0.89938285 -2.24034369  0.          0.          0.60278041 -0.10509767]
 [20.44164559 -0.88747942  0.          0.          0.13629883 -0.05357647]
 [-1.26188123 -1.76755113  0.          0.          0.49840189 -0.1341269 ]]
[03/30/2022, 08:00:28] computing sampling shap 768:778 within 38.1238 sec, 3.6937 on average
[03/30/2022, 08:00:28] instances left: 107
[03/30/2022, 08:00:28] estimating time left: 0:06:35.225900

[[-0.75694282 -2.2638686   0.          0.         -0.30142162 -0.08270239]
 [-0.84278732 -2.34661756  0.          0.          0.20557383  0.1277377 ]
 [-0.4560791  -2.55564621  0.          0.         -0.21433385  0.25657672]
 [-0.4757639  -2.67067853  0.          0.          0.65639845 -0.17511323]
 [-0.86354663 -2.17467599  0.          0.         -1.28724426 -0.13525887]
 [-0.81093086 -2.23040616  0.          0.          0.07675807 -0.06734849]
 [-0.66186027 -2.41233239  0.          0.          0.56047799 -0.08894983]
 [-0.70936609 -2.32990598  0.          0.         -0.84063008  0.2584003 ]
 [-1.01590579 -2.12077199  0.          0.          0.55127731  0.10395969]
 [-0.73173643 -2.47045781  0.          0.          0.19955364 -0.01558212]]
[03/30/2022, 08:01:06] computing sampling shap 778:788 within 38.5671 sec, 3.7141 on average
[03/30/2022, 08:01:06] instances left: 97
[03/30/2022, 08:01:06] estimating time left: 0:06:00.267700

[[-1.83007141e-02 -3.17840308e+00  0.00000000e+00  0.00000000e+00
  -1.73541284e-01 -1.38958355e-01]
 [-9.16930990e-01 -2.18856734e+00  0.00000000e+00  0.00000000e+00
   1.04597896e-01 -1.48846322e-01]
 [-6.91952193e-01 -2.31666715e+00  0.00000000e+00  0.00000000e+00
   4.88732785e-01 -5.98432603e-02]
 [-8.39039706e-01 -2.19552099e+00 -9.56987518e-02  0.00000000e+00
  -1.78732954e-01  5.47825454e-01]
 [-6.59683181e-01 -2.40500580e+00  0.00000000e+00  0.00000000e+00
   8.09655090e-02 -3.44992032e-02]
 [-8.30129305e-01 -2.20838926e+00  0.00000000e+00  0.00000000e+00
   5.01599306e-01  1.65987657e-02]
 [-1.76532357e-02  1.76685972e+01  0.00000000e+00  0.00000000e+00
   4.57013440e-01  5.33840518e-03]
 [-1.95862538e-02 -3.06344683e+00  0.00000000e+00  0.00000000e+00
   5.62166242e-01 -1.44289685e-01]
 [-5.90450190e-01 -2.53364818e+00  0.00000000e+00  0.00000000e+00
   6.12858720e-01 -1.53917340e-01]
 [-7.97986493e-01 -2.23676240e+00  0.00000000e+00  0.00000000e+00
  -6.26181724e-01  9.73028566e-02]]
[03/30/2022, 08:01:45] computing sampling shap 788:798 within 38.4271 sec, 3.7284 on average
[03/30/2022, 08:01:45] instances left: 87
[03/30/2022, 08:01:45] estimating time left: 0:05:24.370800

[[-0.63491372 -2.32720301 -0.11369877  0.         -0.26911429  0.0505043 ]
 [-0.29364035 18.07446556  0.          0.         -0.78541369  0.70400367]
 [-0.68601837 -2.39693851  0.          0.          0.0964409   0.36586396]
 [-1.19984133 -1.8954312   0.          0.         -0.2633511  -0.08938013]
 [-0.68002859 -2.31292881  0.          0.          0.50214413 -0.08891685]
 [-0.82838483 -2.32078486  0.          0.         -0.9002726  -0.12167485]
 [-0.96439616 -2.13116106  0.          0.          0.58022575 -0.12671269]
 [-0.81334433 -2.32076161  0.          0.         -0.75644974 -0.20327639]
 [-0.85264365 -2.26414512  0.          0.         -0.23323898 -0.05490728]
 [-0.58047876 -2.4767615   0.          0.          0.5310852  -0.13900229]]
[03/30/2022, 08:02:25] computing sampling shap 798:808 within 40.3731 sec, 3.7594 on average
[03/30/2022, 08:02:25] instances left: 77
[03/30/2022, 08:02:25] estimating time left: 0:04:49.473800

[[-1.03844131e+00 -2.11355767e+00  0.00000000e+00  0.00000000e+00
   6.05691872e-01 -9.57372394e-02]
 [-9.20321592e-01 -2.18123247e+00  0.00000000e+00  0.00000000e+00
   5.75041551e-01 -1.38645012e-01]
 [-9.81930932e-01 -2.24060763e+00  0.00000000e+00  0.00000000e+00
  -6.81405113e-02  2.27234343e-01]
 [-8.59743693e-01 -2.30765873e+00  0.00000000e+00  0.00000000e+00
  -1.87149370e-01 -1.29588776e-01]
 [-7.49407462e-01 -2.29887778e+00  0.00000000e+00  0.00000000e+00
  -5.86783556e-01 -2.08938827e-02]
 [-3.82795662e-02  1.76286766e+01  0.00000000e+00  0.00000000e+00
   5.24412554e-01 -8.32308391e-02]
 [-3.88602548e-01 -2.68217365e+00  0.00000000e+00  0.00000000e+00
   4.71326694e-01  1.21944744e-01]
 [-6.34729342e-01 -2.51067203e+00  0.00000000e+00  0.00000000e+00
  -7.15401794e-01 -1.51870160e-01]
 [-6.75371369e-01 -2.38649432e+00  0.00000000e+00  0.00000000e+00
  -3.05987358e-01  5.87420719e-03]
 [-6.04547258e-01 -2.53294812e+00  0.00000000e+00  0.00000000e+00
   6.18697845e-01 -8.38668775e-02]]
[03/30/2022, 08:03:05] computing sampling shap 808:818 within 40.2752 sec, 3.7838 on average
[03/30/2022, 08:03:05] instances left: 67
[03/30/2022, 08:03:05] estimating time left: 0:04:13.514600

[[-0.73197481 -2.34132492  0.          0.          0.12035365 -0.0941558 ]
 [-0.64228908 -2.42873395  0.          0.          0.52920591 -0.10022734]
 [-0.81604851 -2.22713905  0.          0.          0.52173349 -0.14370331]
 [-0.84305617 -2.30605536  0.          0.         -0.41815498  0.42862023]
 [-0.2525256  17.89838774  0.          0.          0.4736025  -0.12589197]
 [-1.0576268  -2.04957689  0.          0.          0.61149093 -0.10695177]
 [-0.59177455 -2.45670891  0.          0.          0.05744429 -0.04088821]
 [-0.78820073 -2.26314521  0.          0.         -0.49876076  0.45640438]
 [-0.67861254 -2.40902883  0.          0.          0.55094617 -0.04303499]
 [-0.76266683 -2.3171285   0.          0.          0.13523982  0.15090468]]
[03/30/2022, 08:03:42] computing sampling shap 818:828 within 36.7879 sec, 3.775 on average
[03/30/2022, 08:03:42] instances left: 57
[03/30/2022, 08:03:42] estimating time left: 0:03:35.175000

[[-8.10117563e-01 -2.14908215e+00  0.00000000e+00  0.00000000e+00
   4.24796113e-01  5.12780605e-03]
 [-6.54936519e-01 -2.45478279e+00  0.00000000e+00  0.00000000e+00
   1.45850424e-01 -1.29417378e-01]
 [-9.49036974e-01 -2.26590112e+00  0.00000000e+00  0.00000000e+00
  -1.58392226e-01 -1.56160406e-02]
 [-7.59474637e-01 -2.28745535e+00  0.00000000e+00  0.00000000e+00
   4.88506824e-01 -2.13069020e-02]
 [-8.63422350e-01 -2.26737539e+00  0.00000000e+00  0.00000000e+00
  -5.81239768e-01 -9.31867289e-02]
 [-8.49613048e-01 -2.29754989e+00  0.00000000e+00  0.00000000e+00
   1.64780687e-01  7.01217221e-02]
 [ 1.04101228e+01  9.19875593e+00  0.00000000e+00  0.00000000e+00
  -9.28907638e-02  1.17247291e-01]
 [-5.84928878e-01 -2.56137236e+00  0.00000000e+00  0.00000000e+00
   1.81532061e-01 -7.62187001e-02]
 [-7.16779144e-02  1.77144449e+01  0.00000000e+00  0.00000000e+00
   4.68615175e-01 -1.58239412e-01]
 [-7.71551565e-01 -2.30846784e+00  0.00000000e+00  0.00000000e+00
  -2.52268933e-01 -2.96903317e-02]]
[03/30/2022, 08:04:20] computing sampling shap 828:838 within 37.4104 sec, 3.7724 on average
[03/30/2022, 08:04:20] instances left: 47
[03/30/2022, 08:04:20] estimating time left: 0:02:57.302800

[[-0.88346815 -2.21799192  0.          0.          0.6199605  -0.18365758]
 [-0.80445964 -2.31024994  0.          0.         -0.51550694  0.08014592]
 [-0.35802275 -2.81889672  0.          0.         -0.80811188 -0.08873105]
 [-0.60527331 -2.399909    0.          0.          0.05839813 -0.2029627 ]
 [-0.71180833 -2.37696123  0.          0.          0.46103596  0.2384347 ]
 [-0.07280699 -3.02466513  0.          0.          0.56475014 -0.0227002 ]
 [-0.78117618 -2.35114528  0.          0.         -0.52240634 -0.12214109]
 [-0.07626881 17.83345746  0.          0.         -0.22001418 -0.09342194]
 [-0.83541647 -2.27753775  0.          0.         -0.16373742  0.21324666]
 [-0.67047792 -2.28107802  0.          0.          0.44589228 -0.15949385]]
[03/30/2022, 08:04:59] computing sampling shap 838:848 within 39.0473 sec, 3.7819 on average
[03/30/2022, 08:04:59] instances left: 37
[03/30/2022, 08:04:59] estimating time left: 0:02:19.930300

[[-0.61426377 -2.45316485  0.          0.         -0.2508076   0.20946396]
 [-0.93701698 -2.20771539  0.          0.         -0.19206088 -0.05215302]
 [-0.08953544 17.73988464  0.          0.          0.442468   -0.05386771]
 [-0.27626424 -2.6852979   0.          0.          0.43776759 -0.14136215]
 [-0.90394825 -2.23276621  0.          0.          0.59145652 -0.05740662]
 [10.58978306  9.124013    0.          0.          0.04876686 -0.08759512]
 [-0.75355634 -2.32053171  0.          0.         -0.32005929 -0.05385663]
 [-0.6167324  -2.560497    0.          0.         -1.61807855  0.49246009]
 [-0.91423483 -2.22593895  0.          0.          0.61337874 -0.1152489 ]
 [-1.10895442 -2.01756266  0.          0.          0.60030638 -0.07645398]]
[03/30/2022, 08:05:35] computing sampling shap 848:858 within 36.7193 sec, 3.7746 on average
[03/30/2022, 08:05:35] instances left: 27
[03/30/2022, 08:05:35] estimating time left: 0:01:41.914200

[[-8.35911462e-01 -2.32316432e+00  0.00000000e+00  0.00000000e+00
  -5.66399102e-01  3.30271243e-01]
 [-7.62397061e-01 -2.33142004e+00  0.00000000e+00  0.00000000e+00
   5.82055434e-01 -6.79683737e-02]
 [-6.78720087e-01 -2.40883672e+00  0.00000000e+00  0.00000000e+00
   5.11579794e-01  6.12218859e-02]
 [-8.32720007e-01 -2.27575635e+00  0.00000000e+00  0.00000000e+00
   1.70433099e-01 -1.02944916e-01]
 [-3.03844554e-01 -2.65642514e+00 -1.00578001e-01  0.00000000e+00
   5.18369065e-01 -8.46384026e-03]
 [-8.12716566e-01 -2.20180132e+00  0.00000000e+00  0.00000000e+00
   4.94844547e-01 -1.45483956e-01]
 [ 1.05533104e+01  9.04907351e+00  0.00000000e+00  0.00000000e+00
   1.61871419e-01 -1.38075666e-01]
 [ 1.07993338e+01  8.77658011e+00  0.00000000e+00  0.00000000e+00
   3.78997944e-01 -1.78270957e-01]
 [-4.20252898e-01 -2.63183309e+00  0.00000000e+00  0.00000000e+00
   5.41410138e-01 -1.54481223e-01]
 [-8.89716976e-01 -2.24429324e+00  0.00000000e+00  0.00000000e+00
  -2.51205187e-01 -1.97193917e-02]]
[03/30/2022, 08:06:10] computing sampling shap 858:868 within 34.9823 sec, 3.7573 on average
[03/30/2022, 08:06:10] instances left: 17
[03/30/2022, 08:06:10] estimating time left: 0:01:03.874100

[[-0.71325189 -2.32942351  0.          0.         -0.29122736 -0.07234288]
 [-0.80204272 -2.22341802  0.          0.          0.44198822  0.0702942 ]
 [-0.93338684 -2.20998552  0.          0.         -0.19798368  0.42706892]
 [-0.79132756 -2.27190827  0.          0.         -0.20407204  0.26515657]
 [-0.83913025 -2.13984631  0.          0.         -1.07571344 -0.18989446]
 [-0.67579302 -2.45447747  0.          0.          0.58341413 -0.0558079 ]
 [-0.586352   -2.51190987  0.          0.          0.12773157  0.20472896]
 [-0.98481836 -2.12697124  0.          0.         -0.24482827 -0.18631196]
 [-0.757781   -2.34058948  0.          0.          0.56759228 -0.13437926]
 [-0.99795721 -2.08874683  0.          0.         -0.2467625  -0.05062521]]
[03/30/2022, 08:06:46] computing sampling shap 868:878 within 35.6664 sec, 3.7461 on average
[03/30/2022, 08:06:46] instances left: 7
[03/30/2022, 08:06:46] estimating time left: 0:00:26.222700

[[-0.94121758 -2.10563203  0.          0.          0.5039108  -0.12221854]
 [-0.82365205 -2.23779526  0.          0.         -0.63281898  0.63743583]
 [-0.71511793 -2.42747941  0.          0.          0.614926   -0.13748572]
 [-0.64425721 -2.51629738  0.          0.          0.65812159 -0.16272424]
 [-0.68940621 -2.42111964  0.          0.         -0.22544192  0.11967544]
 [-0.70950028 -2.53267001  0.          0.         -0.4191479  -0.00772748]
 [-0.96335494 -2.08053425  0.          0.          0.53674576 -0.09552095]
 [-0.83626545 -2.27363182  0.          0.          0.58766249 -0.1198094 ]
 [-0.84362718 -2.25413339  0.          0.         -0.24472498 -0.16671891]
 [-0.86427499 -2.23521433  0.          0.         -0.25682113 -0.0486244 ]]
[03/30/2022, 08:06:46] finish computing sampling shap for range: [5, 8] within 636.845559 sec
