Child #[0, 1]: psutil.Process(pid=3718, name='python', status='running', started='19:34:10'), affinity [0, 1, 2, 3, 4, 5, 6, 7, 8, 9, 10, 11, 12, 13, 14, 15]
Child #[0, 1]: Set my affinity to [0, 1], affinity now [0, 1]

[04/02/2022, 15:34:27] start computing sampling shap for range: [1, 8]
[04/02/2022, 15:35:08] computing sampling shap 0:10 within 40.8019 sec, 4.0802 on average
[04/02/2022, 15:35:08] instances left: 146
[04/02/2022, 15:35:08] estimating time left: 0:09:55.709200

[[ 2.17244416e+00  1.96604454e-01 -1.63063660e-01  0.00000000e+00
  -9.20897232e-01  9.15384172e-02]
 [-4.95877526e-01 -4.97018495e-02  1.59333971e+00  0.00000000e+00
   7.06955015e-01 -1.05497597e-01]
 [-1.61932376e+00 -7.13373446e+00 -6.91868500e-01  0.00000000e+00
  -3.37965186e-01 -2.42238593e-01]
 [-4.88043575e-01  1.79901661e+00 -2.82864568e-01  0.00000000e+00
   3.60894819e-01 -4.85678929e-02]
 [-7.48321457e-01  1.91705565e+00 -1.27370101e-01  0.00000000e+00
  -3.73125880e-01 -2.51381844e-01]
 [-5.99043336e-01  1.20723785e+01 -8.03123448e-02  0.00000000e+00
  -3.22426820e-01 -2.20924428e-01]
 [ 1.79031799e+00  3.72485829e-01 -7.09914233e-02  0.00000000e+00
  -1.15190299e+00  3.70194305e-01]
 [-1.86131559e+00 -7.10038267e+00 -3.20100675e-01  0.00000000e+00
   5.99232621e-03  5.49758773e-01]
 [-1.03931744e+00 -3.69013228e+00  5.63713731e+00  0.00000000e+00
   1.16437583e+00 -3.69212631e-02]
 [ 2.33485396e+00  7.10520803e-02 -8.22059278e-02  0.00000000e+00
  -2.85321455e-01 -1.08998279e-01]]
[04/02/2022, 15:35:47] computing sampling shap 10:20 within 38.3407 sec, 3.9572 on average
[04/02/2022, 15:35:47] instances left: 136
[04/02/2022, 15:35:47] estimating time left: 0:08:58.179200

[[ 2.40744667 10.35264976 -0.15238309  0.         -0.09325134 -0.23079065]
 [-2.11236803 -7.12434986 -0.14632588  0.         -0.42233257 -0.14309982]
 [ 2.11800863 10.35870827  0.          0.         -0.30867821  0.61434648]
 [-0.61447367  1.85735541 -0.07757777  0.         -0.72102283 -0.22057925]
 [-0.72736632  2.12283339 -0.23603456  0.         -0.48105344 -0.26152235]
 [-0.67182842  1.80443679 -0.07636531  0.         -0.3947064  -0.21664883]
 [ 2.27416509  0.06329743 -0.07759277  0.         -0.33277991 -0.19622178]
 [-0.55316898  1.60051762  0.          0.         -0.3332172  -0.317107  ]
 [-1.87429689 -7.1689435  -0.403668    0.          0.12485429 -0.06153945]
 [-2.00074261 -6.91557007 -0.31056392  0.         -1.11924122 -0.27791955]]
[04/02/2022, 15:36:27] computing sampling shap 20:30 within 40.1457 sec, 3.9764 on average
[04/02/2022, 15:36:27] instances left: 126
[04/02/2022, 15:36:27] estimating time left: 0:08:21.026400

[[-1.61349318 -7.12696677 -0.44818587  0.         -0.73131769 -0.08084831]
 [-0.6571752   1.99940888 -0.19563461  0.         -0.36549112 -0.11610336]
 [-0.77018802  1.86183302 -0.08003134  0.          0.72799835 -0.17060011]
 [ 2.32298     0.27261245 -0.21524712  0.          0.03479998 -0.07276994]
 [-1.86284239 -7.04848543 -0.42729596  0.         -0.3886598   0.28003138]
 [-0.49493401 11.99594368  0.          0.          0.65339795 -0.1529021 ]
 [ 2.01373206  0.34420188  0.          0.         -0.34799278  0.03907531]
 [-0.63877145  1.8647959  -0.07926768  0.         -0.49704033 -0.13591514]
 [ 5.68685936  7.62965714 -0.2271139   0.         -0.14180962 -0.02900202]
 [ 2.14763852 10.45469368  0.          0.          0.7925878  -0.16962652]]
[04/02/2022, 15:37:08] computing sampling shap 30:40 within 40.8458 sec, 4.0035 on average
[04/02/2022, 15:37:08] instances left: 116
[04/02/2022, 15:37:08] estimating time left: 0:07:44.406000

[[-0.49708667  1.77534529 -0.23465243  0.         -0.82899    -0.16909217]
 [ 2.20743063  0.13150974 -0.08088522  0.          0.07459945  0.03871736]
 [-1.77936051 -6.93617695 -0.50707272  0.         -0.69222326 -0.33590271]
 [ 5.44124173  7.56716854  0.          0.          0.62033312 -0.06408033]
 [-0.49998308  0.16949118  1.45642626  0.          0.95952059 -0.11946208]
 [-0.64548015  1.96246274 -0.21664052  0.          1.02677849 -0.16112798]
 [-0.71391055  1.88110826 -0.07731367  0.         -0.7317299   0.4502218 ]
 [-0.72545964  2.02976282 -0.18507209  0.         -0.40321013  0.05522017]
 [-1.79143125 -7.27453339 -0.37312105  0.          0.40362165 -0.21184393]
 [-0.78734688  1.79516379 -0.07572312  0.         -0.27556389 -0.1738086 ]]
[04/02/2022, 15:37:49] computing sampling shap 40:50 within 41.5639 sec, 4.0341 on average
[04/02/2022, 15:37:49] instances left: 106
[04/02/2022, 15:37:49] estimating time left: 0:07:07.614600

[[-0.4632676   1.50594129  0.          0.          0.06619639 -0.20224925]
 [-0.73626367  1.82246328  0.          0.         -1.03261656 -0.15462501]
 [-0.73738165  1.82654852 -0.07840269  0.          1.08899661 -0.0979583 ]
 [-0.7034187   1.82201071 -0.0785967   0.         -0.08651352 -0.15862906]
 [-0.42003336 12.09468737  0.          0.          0.06656493  0.34041889]
 [-2.14079325 -7.27863886  0.          0.         -0.39477422 -0.17856199]
 [ 5.62952549  7.38721029  0.          0.          0.44829082 -0.14924092]
 [-0.4957241  12.1144538   0.          0.          0.22709384 -0.26099986]
 [-1.52097094 -7.16363269 -0.55604826  0.          0.24897449 -0.16070462]
 [-0.57605639  1.81821418 -0.07747076  0.         -0.26926093 -0.27217179]]
[04/02/2022, 15:38:27] computing sampling shap 50:60 within 38.2979 sec, 4.0 on average
[04/02/2022, 15:38:27] instances left: 96
[04/02/2022, 15:38:27] estimating time left: 0:06:24

[[-1.87617110e+00 -7.06740118e+00 -3.92320921e-01  0.00000000e+00
  -6.97843646e-01 -1.27382761e-01]
 [-6.18290851e-01  1.81656086e+00 -7.75733552e-02  0.00000000e+00
  -2.53128169e-02 -1.88763279e-01]
 [-1.95281775e+00 -6.77660061e+00 -5.95839710e-01  0.00000000e+00
   2.71469152e-01 -3.97902902e-02]
 [ 2.19070480e+00  1.34264564e-01  0.00000000e+00  0.00000000e+00
  -1.63605499e-01  3.78395981e-01]
 [ 1.94141898e+00  3.45787451e-01 -1.59501476e-01  0.00000000e+00
  -9.35563683e-01 -1.44368778e-01]
 [ 4.62191131e+00 -1.63493107e+00 -2.99570688e-01  0.00000000e+00
  -8.82923735e-01 -3.98623066e-02]
 [-8.02508437e-01  2.10798384e+00 -2.22431152e-01  0.00000000e+00
   6.97604074e-01 -2.49458091e-01]
 [-6.09877887e-01  1.77644408e+00  0.00000000e+00  0.00000000e+00
  -5.52868536e-01 -1.48976944e-01]
 [-4.62220997e-01  1.53537912e+00 -7.70722271e-02  0.00000000e+00
  -1.10580512e+00  1.48547350e-03]
 [ 1.73571852e+00  9.59602714e+00  1.19315664e+00  0.00000000e+00
   6.19765831e-01  1.05346680e-01]]
[04/02/2022, 15:39:10] computing sampling shap 60:70 within 42.5773 sec, 4.0369 on average
[04/02/2022, 15:39:10] instances left: 86
[04/02/2022, 15:39:10] estimating time left: 0:05:47.173400

[[-0.56007137  1.90823118 -0.18330729  0.         -0.37307865  0.74993998]
 [ 1.64554556 -0.44329804  0.89446863  0.          0.96928099  0.00873423]
 [-1.94021476 -6.73719167 -0.53277082  0.          0.58437914 -0.10191202]
 [-0.51596894  1.70472576 -0.07782425  0.         -0.4129259  -0.2531768 ]
 [-0.7207294   1.87749261 -0.1555296   0.          0.1246803   0.01215143]
 [-1.99306223 -7.06529766 -0.34318377  0.         -0.35933319 -0.2767643 ]
 [-0.49353218  1.60515855  0.          0.         -0.02213776  0.34443155]
 [-1.64960819  3.31277338 -0.43073473  0.         -0.20922978  0.01303728]
 [-0.58470447  1.7388628   0.          0.         -0.46523569 -0.29189877]
 [-0.58974876  1.86617553 -0.26271293  0.          1.0708319  -0.14914782]]
[04/02/2022, 15:39:50] computing sampling shap 70:80 within 39.5185 sec, 4.0263 on average
[04/02/2022, 15:39:50] instances left: 76
[04/02/2022, 15:39:50] estimating time left: 0:05:05.998800

[[ 1.95071022  0.73132217 -0.31644886  0.         -0.33859611 -0.19930877]
 [-0.73603623  1.90786941 -0.0784594   0.          0.62110156 -0.18328515]
 [-0.74864024  1.73552274  0.          0.          0.745666   -0.07162866]
 [-1.78511199 -6.93989016 -0.69895245  0.         -0.38755321 -0.13968679]
 [-1.86216311 -7.05326987 -0.49046458  0.          0.05149876 -0.17403268]
 [-0.59004061  1.69480762 -0.07272005  0.          0.66598112 -0.16683732]
 [-2.09986121 -6.86483202 -0.41994793  0.         -0.82417541  0.10935931]
 [ 2.26929526 10.33658348  0.          0.          0.07022476  0.0674231 ]
 [-0.42606588 10.41791398  1.47562749  0.          0.3584729   0.5190999 ]
 [-1.95537312 -6.99065787 -0.44927576  0.         -0.40343731  0.24684598]]
[04/02/2022, 15:40:34] computing sampling shap 80:90 within 44.1523 sec, 4.0695 on average
[04/02/2022, 15:40:34] instances left: 66
[04/02/2022, 15:40:34] estimating time left: 0:04:28.587000

[[-0.62156465  1.86518111 -0.07779078  0.          0.92540413 -0.12523695]
 [-0.41254108  1.65288073 -0.22788023  0.         -0.40513103 -0.21030437]
 [-0.41783953  1.60388078 -0.20031531  0.          0.41594742 -0.18194567]
 [ 5.89781239 -3.56667466 -0.16726911  0.          0.62554054 -0.10854777]
 [-0.40387789  1.55675727 -0.07538425  0.         -0.61890624  0.29630513]
 [ 1.94550125  0.37097024 -0.07839548  0.         -0.35218035 -0.1279183 ]
 [-2.03420317 -7.22221858 -0.08280469  0.         -1.08588821  0.15615449]
 [-2.1054785  -7.0556811  -0.25338706  0.         -0.39402573 -0.07558895]
 [-1.85454649 -7.10281955 -0.41036468  0.          0.37490983 -0.10075856]
 [-0.90393417  2.22571024 -0.17664069  0.         -0.92213513 -0.05034864]]
[04/02/2022, 15:41:17] computing sampling shap 90:100 within 42.9481 sec, 4.092 on average
[04/02/2022, 15:41:17] instances left: 56
[04/02/2022, 15:41:17] estimating time left: 0:03:49.152000

[[-0.68431504  1.8421509  -0.11312915  0.         -0.21212799 -0.20932443]
 [-0.76600908  1.88335621  0.          0.          1.01682475 -0.13236917]
 [-1.69495979 -7.04494933 -0.55927446  0.         -1.08836701 -0.22194963]
 [ 2.10351022  0.15495448 -0.13503662  0.          0.64509514  0.13961772]
 [-1.742443   -6.9528313  -0.56823159  0.         -0.73480348 -0.25242675]
 [-0.79448782  1.91652445 -0.07848285  0.         -0.30088879  0.83549054]
 [ 2.30805368 10.34659569 -0.07835737  0.         -0.3536146   0.09402695]
 [-1.9043448  -6.95849897 -0.41263458  0.         -0.37473321  0.49132088]
 [ 2.06254956  0.03204649  0.          0.         -0.7904694   0.44932063]
 [-1.6444312  -7.06523475 -0.62527568  0.          0.6865826  -0.09305607]]
[04/02/2022, 15:41:57] computing sampling shap 100:110 within 40.6264 sec, 4.0894 on average
[04/02/2022, 15:41:57] instances left: 46
[04/02/2022, 15:41:57] estimating time left: 0:03:08.112400

[[-1.63779370e+00 -7.11842231e+00 -6.02909121e-01  0.00000000e+00
  -4.09596711e-01  3.21469425e-01]
 [-2.09860051e+00 -6.79176028e+00 -4.52137844e-01  0.00000000e+00
   3.06741534e-01 -2.11551479e-01]
 [-6.98995199e-01  1.97029990e+00 -1.34753885e-01  0.00000000e+00
  -4.37562452e-01 -4.15930334e-03]
 [-1.81862206e+00 -6.78783232e+00 -4.79474219e-01  0.00000000e+00
   8.92591700e-01 -1.53085394e-01]
 [-6.57304940e-01  1.65785702e+00  0.00000000e+00  0.00000000e+00
   1.16536532e-01 -1.23928776e-01]
 [ 2.16050981e+00  1.94378333e-01  0.00000000e+00  0.00000000e+00
   3.03492846e-01 -7.72317084e-02]
 [-1.92520552e+00 -6.90233477e+00 -4.57543410e-01  0.00000000e+00
   7.14828382e-01 -2.27409638e-01]
 [ 4.13074445e+00 -1.08245979e+00 -3.88178302e-01  0.00000000e+00
  -3.18364662e-01  4.42256093e-01]
 [ 2.20001963e+00  1.03076359e+01  0.00000000e+00  0.00000000e+00
   6.48805468e-01 -1.36889862e-01]
 [-1.68548890e+00 -7.32635475e+00 -4.23979994e-01  0.00000000e+00
  -6.44972357e-02  6.35647555e-02]]
[04/02/2022, 15:42:35] computing sampling shap 110:120 within 38.1769 sec, 4.0668 on average
[04/02/2022, 15:42:35] instances left: 36
[04/02/2022, 15:42:35] estimating time left: 0:02:26.404800

[[-0.76469888  1.82647969 -0.12468063  0.         -0.23625838 -0.21975098]
 [-0.54803112  1.69328932 -0.07337363  0.         -0.71046034 -0.18558596]
 [ 1.99033466  0.26804303 -0.08186161  0.          0.97377316 -0.20990875]
 [ 2.1538115   0.28365588 -0.13182016  0.         -0.34573971 -0.15435223]
 [ 5.96873818 -3.48645065 -0.22645671  0.         -0.92522554 -0.21724327]
 [ 2.21234769  0.10973597 -0.08158833  0.          0.3562744   0.13121942]
 [-2.07617297 -6.97423437 -0.30815378  0.         -0.16781687 -0.20632052]
 [-1.97724492 -7.07562315 -0.32655792  0.          0.04650576 -0.19551129]
 [-1.91663077 -6.8740821  -0.5301922   0.          0.6789647  -0.21218467]
 [ 2.92795756 -2.76066706  1.9191452   0.         -0.2684388   0.09600522]]
[04/02/2022, 15:43:15] computing sampling shap 120:130 within 39.109 sec, 4.0548 on average
[04/02/2022, 15:43:15] instances left: 26
[04/02/2022, 15:43:15] estimating time left: 0:01:45.424800

[[-4.01097556e-01  1.67987838e+00 -1.85237216e-01  0.00000000e+00
   6.51265096e-01 -2.13617897e-01]
 [-1.96344746e+00 -7.34497962e+00 -8.46845927e-02  0.00000000e+00
   5.25561565e-02 -1.74106822e-01]
 [-4.65794126e-01  1.19447039e+01  0.00000000e+00  0.00000000e+00
  -1.70714241e-01  5.13950955e-03]
 [-7.07549104e-01  1.97755222e+00 -1.41545664e-01  0.00000000e+00
  -4.12511529e-01  2.96171975e-02]
 [-7.21779326e-01  3.02459149e-01  1.43801866e+00  0.00000000e+00
  -2.87756946e-01  1.57481541e-01]
 [-2.23109249e+00 -6.81316175e+00 -3.86152415e-01  0.00000000e+00
  -7.89827898e-01 -1.53384713e-01]
 [-1.01880498e+00 -4.16762079e+00  6.08197665e+00  0.00000000e+00
  -1.15279326e+00  3.24715785e-01]
 [-6.68139105e-01  1.85002632e+00 -7.63368370e-02  0.00000000e+00
  -1.12714371e+00  2.38804704e-01]
 [-1.92174601e+00 -6.95362306e+00 -4.21539112e-01  0.00000000e+00
   3.17125234e-01  3.49923091e-01]
 [-2.98554668e-01  1.18640075e+01  0.00000000e+00  0.00000000e+00
   3.48826059e-03 -1.43438229e-02]]
[04/02/2022, 15:43:56] computing sampling shap 130:140 within 41.4029 sec, 4.0609 on average
[04/02/2022, 15:43:56] instances left: 16
[04/02/2022, 15:43:56] estimating time left: 0:01:04.974400

[[-4.64336245e-01  1.22599952e+01 -1.64543683e-01  0.00000000e+00
  -2.36217738e-01  8.28937201e-02]
 [-1.80415111e+00 -7.05069845e+00 -4.11171573e-01  0.00000000e+00
  -1.29237926e+00 -2.74537702e-01]
 [ 2.23861934e+00  1.05790400e+01 -1.67681074e-01  0.00000000e+00
  -4.00475117e-01 -1.03226140e-02]
 [-9.03347800e-01  2.00426661e+00 -2.25949402e-01  0.00000000e+00
  -1.98611452e-01  3.59364355e-02]
 [-7.20284751e-01  1.74418714e+00  0.00000000e+00  0.00000000e+00
   9.70775931e-02 -2.14358829e-01]
 [ 1.96985124e+00  2.06498010e-01  0.00000000e+00  0.00000000e+00
  -1.22623110e+00 -5.60891044e-03]
 [-6.63286784e-01  2.02015537e+00 -7.61611798e-02  0.00000000e+00
  -1.29857514e+00  1.49421730e-01]
 [ 2.03754188e+00  8.82781802e-02  0.00000000e+00  0.00000000e+00
   9.74067008e-01 -1.02573433e-01]
 [ 2.43245068e+00  1.02836436e+01  0.00000000e+00  0.00000000e+00
  -1.05796299e-02 -1.52341823e-01]
 [-4.26033350e-01  1.40037139e+00  0.00000000e+00  0.00000000e+00
   1.09025084e+00 -1.29190306e-01]]
[04/02/2022, 15:44:40] computing sampling shap 140:150 within 43.5925 sec, 4.0808 on average
[04/02/2022, 15:44:40] instances left: 6
[04/02/2022, 15:44:40] estimating time left: 0:00:24.484800

[[-1.87771116e+00 -6.93860417e+00 -4.51711162e-01  0.00000000e+00
  -3.21338451e-03 -1.12353735e-01]
 [-6.07473009e-01  1.86002848e+00 -1.55761677e-01  0.00000000e+00
  -4.62665294e-01 -1.51407444e-01]
 [ 7.86623656e+00  5.42031971e+00  1.12110988e+00  0.00000000e+00
   2.00531192e-01  2.11486948e-01]
 [ 1.88009530e+00  3.35386275e-01 -1.01990093e-04  0.00000000e+00
  -7.59845655e-01 -2.12489627e-01]
 [ 2.17749206e+00  2.37530860e-01 -1.65031887e-01  0.00000000e+00
  -1.96455819e-01  6.16489245e-02]
 [ 2.12207050e+00  5.22726955e-02  0.00000000e+00  0.00000000e+00
  -3.35431848e-01  4.08154481e-01]
 [-4.77674525e-01  1.61118424e+00 -1.31635659e-01  0.00000000e+00
   1.22960825e-01  9.88199936e-02]
 [-1.34534966e+00 -7.28045832e+00 -6.03685549e-01  0.00000000e+00
   5.63833093e-01 -8.48151420e-02]
 [-6.89079012e-01  1.93899022e+00 -1.76629271e-01  0.00000000e+00
  -3.83337003e-01 -1.81506303e-01]
 [ 2.08637791e+00  4.43310246e-01 -2.22280407e-01  0.00000000e+00
  -1.33435701e+00 -2.85416882e-02]]
[04/02/2022, 15:44:40] finish computing sampling shap for range: [1, 8] within 612.122005 sec
