Child #[10, 11]: psutil.Process(pid=3987, name='python', status='running', started='19:35:09'), affinity [0, 1, 2, 3, 4, 5, 6, 7, 8, 9, 10, 11, 12, 13, 14, 15]
Child #[10, 11]: Set my affinity to [10, 11], affinity now [10, 11]

[04/02/2022, 15:35:25] start computing sampling shap for range: [6, 8]
[04/02/2022, 15:36:04] computing sampling shap 780:790 within 38.8513 sec, 3.8851 on average
[04/02/2022, 15:36:04] instances left: 146
[04/02/2022, 15:36:04] estimating time left: 0:09:27.224600

[[-0.58714202  1.65345304 -0.16269389  0.         -0.03165788 -0.02015763]
 [ 2.03559202  0.14223541 -0.08119601  0.         -0.5602699  -0.15694233]
 [ 2.07057681  0.1298643  -0.07915546  0.          0.76722946 -0.13835147]
 [-1.73805105 -7.3576776  -0.22810487  0.         -0.72250115 -0.10348928]
 [ 2.06334505  0.17836217 -0.13019193  0.          0.99379471 -0.10267245]
 [ 2.33896072  0.17922747 -0.13009742  0.         -0.42727739 -0.13313465]
 [-1.81354329 -6.90235751 -0.64062432  0.         -0.25509255  0.62640282]
 [-0.52582596  1.62694473  0.          0.          1.03659183 -0.17171742]
 [-2.04816645 -7.2399829  -0.18898378  0.         -0.2227154  -0.246328  ]
 [-0.7471758   2.02252396 -0.22222946  0.          0.36458936 -0.2361629 ]]
[04/02/2022, 15:36:44] computing sampling shap 790:800 within 39.4066 sec, 3.913 on average
[04/02/2022, 15:36:44] instances left: 136
[04/02/2022, 15:36:44] estimating time left: 0:08:52.168000

[[-7.77341682e-01  2.91549723e-01  1.60168904e+00  0.00000000e+00
   2.87276630e-01  1.20425858e-01]
 [-1.95956324e+00 -6.97455952e+00 -4.99256326e-01  0.00000000e+00
  -3.83408205e-01  2.04962325e-01]
 [-2.05259137e+00 -6.84343036e+00 -4.72220349e-01  0.00000000e+00
  -1.02266842e+00  5.64392931e-01]
 [ 6.00838134e+00 -3.72243056e+00 -8.52856471e-02  0.00000000e+00
  -3.24318874e-01 -2.04544557e-01]
 [-2.01677981e+00 -6.88711288e+00 -6.14475197e-01  0.00000000e+00
  -3.00217019e-01 -1.18596234e-01]
 [-6.40840228e-01  1.78309356e+00 -1.33427586e-01  0.00000000e+00
  -3.05932108e-01 -2.02982430e-01]
 [ 2.33268404e+00  1.02332966e+01  0.00000000e+00  0.00000000e+00
   5.66902645e-01 -1.62615287e-01]
 [-2.01159219e+00 -6.87149145e+00 -2.61826879e-01  0.00000000e+00
   9.44914769e-01 -1.69540069e-01]
 [-5.24820934e-01  1.80437460e+00 -1.73716559e-01  0.00000000e+00
   5.48564131e-03 -1.55096687e-01]
 [ 1.73971421e+00  9.92906523e+00  9.55077708e-01  0.00000000e+00
   3.05591549e-01 -1.66243376e-01]]
[04/02/2022, 15:37:24] computing sampling shap 800:810 within 40.8135 sec, 3.9691 on average
[04/02/2022, 15:37:24] instances left: 126
[04/02/2022, 15:37:24] estimating time left: 0:08:20.106600

[[ 2.21964342 10.38469739 -0.07609586  0.          0.62777348  0.21270603]
 [-0.79967196  2.07493804 -0.07386812  0.          0.91588421 -0.09625581]
 [-0.53369017  1.68986356  0.          0.          0.21236735 -0.18699517]
 [ 2.4345791   0.02954258 -0.18132877  0.         -0.33212063  0.30215251]
 [ 2.11734519  0.27055824 -0.13315173  0.         -0.33110603 -0.08737394]
 [-1.91504298 -7.25449149 -0.16484237  0.          0.35516631  0.16095095]
 [-0.65269175  1.81517153 -0.07654123  0.         -0.31505271  0.11950182]
 [ 2.33420122 -0.06510528  0.          0.         -0.31411704  0.3353213 ]
 [-1.63499346  3.13161826 -0.37376757  0.          0.4666182  -0.18365663]
 [-0.50598107 12.20309144 -0.22229851  0.         -0.3563155  -0.20641346]]
[04/02/2022, 15:38:03] computing sampling shap 810:820 within 38.2163 sec, 3.9323 on average
[04/02/2022, 15:38:03] instances left: 116
[04/02/2022, 15:38:03] estimating time left: 0:07:36.146800

[[-1.60472316  3.02451853 -0.39149168  0.          0.15443797 -0.13207963]
 [ 2.0670393   0.1345053  -0.0791451   0.          0.99090117 -0.17291976]
 [ 2.27513544  0.1002341   0.          0.         -0.09313402 -0.15442866]
 [-2.31649087 -6.69530758 -0.37924891  0.          0.33076853  0.02217206]
 [-2.06251152 -6.58696119 -0.61090282  0.         -0.06902099  0.06477744]
 [ 2.10953883  0.21464425 -0.08012147  0.         -0.32359729 -0.1908372 ]
 [-1.78672723 -7.20143502 -0.46151818  0.         -0.59211237 -0.20894336]
 [-0.80829235  1.97717116  0.          0.         -0.54559962  0.16781544]
 [-1.8683733  -7.41254493  0.          0.          0.62941845 -0.20262482]
 [-0.73148225  2.00264031 -0.1463146   0.         -1.00000982 -0.24958525]]
[04/02/2022, 15:38:42] computing sampling shap 820:830 within 39.5026 sec, 3.9359 on average
[04/02/2022, 15:38:42] instances left: 106
[04/02/2022, 15:38:42] estimating time left: 0:06:57.205400

[[-1.92408487 -6.84992087 -0.46152055  0.         -0.49653742  0.1487685 ]
 [-1.95955491 -6.88372409 -0.44784356  0.         -0.17700766  0.05011796]
 [-0.60412795  0.21445383  1.44384474  0.          0.322138   -0.03472903]
 [ 2.41238676 -0.09894377 -0.08014817  0.          0.63700779 -0.16370412]
 [-0.7036875   1.82651716  0.          0.         -0.47009001 -0.23464224]
 [-2.31579333 -6.74068551 -0.30449439  0.          0.06546515  0.56946011]
 [ 2.09879065  0.05063286  0.          0.          0.9389791  -0.14802176]
 [-0.5600425   1.61541348  0.          0.         -0.36580956  0.27268151]
 [-0.47509508 12.10440438  0.          0.         -0.4252078   0.15764052]
 [-0.50162985 12.20891507 -0.07180914  0.         -0.53042506 -0.21303918]]
[04/02/2022, 15:39:23] computing sampling shap 830:840 within 40.6804 sec, 3.958 on average
[04/02/2022, 15:39:23] instances left: 96
[04/02/2022, 15:39:23] estimating time left: 0:06:19.968000

[[-2.04382625 -6.78474935 -0.35849017  0.          0.99860672 -0.1810765 ]
 [-1.57084527 -7.13055977 -0.6113689   0.         -0.61749025  0.75439843]
 [-0.41794123  1.45322861  0.          0.         -1.03614072  0.15125964]
 [ 2.20877319  0.18896617 -0.08115521  0.         -0.29638811 -0.18278124]
 [-2.22352022 -6.84662069 -0.15344377  0.          0.58640729 -0.21694803]
 [-1.86838721 -7.33409039 -0.08183914  0.          1.09611219 -0.18133051]
 [ 5.55819409  7.69125927 -0.29335995  0.         -0.06312325  0.23808223]
 [ 2.06760975  0.18728357 -0.12664084  0.         -1.07396735 -0.16361662]
 [ 1.99682704  0.44502725 -0.2404458   0.         -1.11677752  0.1774374 ]
 [-0.64288458  1.85413271 -0.15481093  0.         -0.08793288  0.26768693]]
[04/02/2022, 15:40:03] computing sampling shap 840:850 within 40.5485 sec, 3.9718 on average
[04/02/2022, 15:40:03] instances left: 86
[04/02/2022, 15:40:03] estimating time left: 0:05:41.574800

[[-3.53232832e-01  1.19099053e+01 -7.53950881e-02  0.00000000e+00
   3.47222889e-01  9.70849478e-02]
 [-1.74360810e+00 -6.99107685e+00 -5.60059961e-01  0.00000000e+00
  -1.26749515e+00 -2.25147988e-01]
 [ 1.88587995e+00  2.40735242e-01  0.00000000e+00  0.00000000e+00
  -7.93379936e-01  1.52165194e-01]
 [ 2.03471305e+00  3.73782770e-01 -1.67052715e-01  0.00000000e+00
  -7.25062244e-01 -7.76567971e-02]
 [-5.91405269e-01  1.70247916e+00 -7.45386140e-02  0.00000000e+00
  -3.38088591e-01  8.43039035e-01]
 [ 2.19981003e+00  2.50263500e-01 -7.86748605e-02  0.00000000e+00
  -3.65559539e-01 -2.38317035e-01]
 [-1.57828939e+00 -7.08939044e+00 -5.83397103e-01  0.00000000e+00
   6.12173700e-01 -2.15221745e-01]
 [ 1.86214427e+00  2.70938188e-01  0.00000000e+00  0.00000000e+00
   7.13938127e-01 -9.68571925e-02]
 [ 4.29842137e+00 -1.61962133e+00  0.00000000e+00  0.00000000e+00
  -1.77184279e-01  2.08827629e-02]
 [ 4.06070382e+00 -9.87210315e-01 -4.27010325e-01  0.00000000e+00
  -9.30742375e-01 -5.17311183e-03]]
[04/02/2022, 15:40:42] computing sampling shap 850:860 within 39.0026 sec, 3.9629 on average
[04/02/2022, 15:40:42] instances left: 76
[04/02/2022, 15:40:42] estimating time left: 0:05:01.180400

[[-1.08659957 -3.74096668  5.71700216  0.         -0.15437253  0.1107334 ]
 [-1.98059252 -7.01063864 -0.25055101  0.         -0.82958961 -0.22241947]
 [-1.89257941 -7.07511338 -0.3790037   0.         -0.2796974   0.41877934]
 [-0.62056431  1.74103367 -0.07844288  0.         -0.71402751  0.34231319]
 [-0.52525413  1.68159718  0.          0.          0.61130275  0.06038033]
 [-0.63019199 12.09008294  0.          0.          0.32208761 -0.19715451]
 [-2.03565337 -6.98656254 -0.37941915  0.         -0.14887643 -0.24320383]
 [-0.32492002  1.57695021 -0.26553717  0.         -0.07076584 -0.24301146]
 [-1.93698344 -6.76429423 -0.58550468  0.          0.63945599 -0.20679899]
 [-0.67022206  1.99355894 -0.11248133  0.         -1.3585582  -0.226473  ]]
[04/02/2022, 15:41:23] computing sampling shap 860:870 within 40.3137 sec, 3.9705 on average
[04/02/2022, 15:41:23] instances left: 66
[04/02/2022, 15:41:23] estimating time left: 0:04:22.053000

[[-6.90234540e-01  1.86331629e+00 -1.28804806e-01  0.00000000e+00
   6.98098408e-01  9.06181020e-02]
 [-8.14267992e-01  2.10594858e+00 -1.59479544e-01  0.00000000e+00
   6.16807164e-01 -1.79996424e-01]
 [-1.81414718e+00 -7.02641705e+00 -4.63231412e-01  0.00000000e+00
   6.69905789e-01 -9.38205277e-02]
 [-4.44394412e-01  1.19656690e+01 -1.14881485e-01  0.00000000e+00
   1.52781016e-01  3.25531013e-01]
 [-4.43760364e-01  1.22044669e+01 -1.16377990e-01  0.00000000e+00
  -7.98239772e-01 -2.36489886e-01]
 [ 2.03336424e+00  2.82320506e-01 -7.65124639e-02  0.00000000e+00
  -1.21830193e+00  3.04758637e-01]
 [-2.13263783e+00 -6.82802641e+00 -3.83181271e-01  0.00000000e+00
   5.46355818e-03 -2.34810747e-01]
 [-9.63381951e-01  2.13753710e+00 -1.46883232e-01  0.00000000e+00
   2.04857162e-02 -1.88889033e-01]
 [-6.04454972e-01  1.78450258e+00 -8.14611615e-02  0.00000000e+00
   1.01240707e+00 -1.75595513e-01]
 [ 2.15336097e+00  1.04298074e+01 -1.34178293e-01  0.00000000e+00
   9.96062300e-01 -1.95939077e-01]]
[04/02/2022, 15:42:03] computing sampling shap 870:880 within 39.7996 sec, 3.9715 on average
[04/02/2022, 15:42:03] instances left: 56
[04/02/2022, 15:42:03] estimating time left: 0:03:42.404000

[[-5.99670192e-01  1.91405204e+00 -2.68584664e-01  0.00000000e+00
   3.77634667e-01 -8.18521449e-02]
 [-1.97697851e+00 -6.83556253e+00 -4.26204018e-01  0.00000000e+00
  -8.14489985e-01 -1.52628277e-01]
 [-1.83139681e+00 -6.98709753e+00 -5.29025155e-01  0.00000000e+00
  -3.94348216e-01  3.41938953e-02]
 [ 2.15750430e+00  3.23257183e-01 -7.60590998e-02  0.00000000e+00
   2.59677417e-01 -1.84292546e-01]
 [ 1.99935978e+00  3.37654962e-01 -8.00231301e-02  0.00000000e+00
  -7.84498582e-02  2.51695808e-02]
 [-4.25330607e-01  1.62525233e+00 -7.70852467e-02  0.00000000e+00
  -4.26158225e-01 -1.84858601e-03]
 [-3.77308309e-01  1.20649540e+01 -1.61675726e-01  0.00000000e+00
  -9.31396394e-01  8.48208441e-02]
 [-8.63045108e-01  2.13651767e+00 -1.37294774e-01  0.00000000e+00
   5.86462998e-01 -1.91450638e-01]
 [ 1.94784332e+00  2.74514550e-01  0.00000000e+00  0.00000000e+00
  -7.22427612e-01  1.68411821e-01]
 [ 2.07351231e+00  2.78695920e-01 -1.66810336e-01  0.00000000e+00
   7.86868791e-01 -1.68987862e-01]]
[04/02/2022, 15:42:41] computing sampling shap 880:890 within 38.9005 sec, 3.9641 on average
[04/02/2022, 15:42:41] instances left: 46
[04/02/2022, 15:42:41] estimating time left: 0:03:02.348600

[[-1.92550514 -6.92747248 -0.42793671  0.          0.59907143 -0.07474645]
 [ 2.21283841  0.05581667 -0.08228723  0.         -1.17136333  0.20731015]
 [-0.73304419  1.83200626  0.          0.         -0.77385468 -0.14950507]
 [ 2.17292678 10.55178011 -0.07675644  0.         -0.26612149  0.05743511]
 [-0.68931829  1.92276687 -0.18009316  0.          1.06464152 -0.18259905]
 [-0.35524946 11.81829161  0.          0.          1.01469883 -0.2184909 ]
 [-0.5383833   1.86568129 -0.26649797  0.         -0.36255908  0.46747705]
 [-2.08744675 -6.65514693 -0.55784065  0.          0.63781106 -0.0939656 ]
 [-0.57319845  1.85437307 -0.12660101  0.         -0.49514378  0.30281318]
 [-0.68310812  1.84335074  0.          0.          0.24886194 -0.22755937]]
[04/02/2022, 15:43:21] computing sampling shap 890:900 within 39.7012 sec, 3.9646 on average
[04/02/2022, 15:43:21] instances left: 36
[04/02/2022, 15:43:21] estimating time left: 0:02:22.725600

[[-2.04531596 -6.80100946 -0.45571978  0.          0.2491545  -0.19441754]
 [ 2.3406832  -0.09631804 -0.07731947  0.          0.68248463 -0.06790485]
 [-2.18000408 -6.6906718  -0.51998715  0.         -0.38429988 -0.13867094]
 [-1.30245182  3.47019547 -0.89925313  0.         -1.27924202  0.07288832]
 [ 1.83432943  0.40889467 -0.12642794  0.          0.9732238  -0.07354355]
 [ 2.03147026  0.02839773  0.          0.          1.02821385 -0.14770084]
 [-1.84493421 -7.07266739 -0.47635958  0.          0.32314527 -0.11770267]
 [-1.90653477 -6.88654081 -0.4756154   0.         -0.71976083 -0.26228452]
 [-1.40648238  3.12024942 -0.52134583  0.         -0.44706585 -0.19014026]
 [-0.80550357  1.9588815  -0.07827422  0.          0.63624043 -0.11621184]]
[04/02/2022, 15:43:58] computing sampling shap 900:910 within 36.6831 sec, 3.9418 on average
[04/02/2022, 15:43:58] instances left: 26
[04/02/2022, 15:43:58] estimating time left: 0:01:42.486800

[[-1.81953425 -7.30423976 -0.24797669  0.          0.35904119 -0.10171266]
 [-1.92977791 -7.00697485 -0.40139288  0.          1.17406533 -0.18234176]
 [-1.63401443 -7.02900316 -0.56261286  0.         -0.50582241 -0.18218157]
 [-1.77434509 -7.1806449  -0.45471536  0.         -0.41937534 -0.13519755]
 [-1.90059125 -7.09743253 -0.29821766  0.         -0.38935289 -0.26058248]
 [-0.34399307 12.15247056 -0.27325268  0.         -0.45713237  0.29147152]
 [-2.09162363 -6.87095698 -0.52237483  0.          0.8000306  -0.13745514]
 [-1.69653914 -7.19439163 -0.37204231  0.         -1.21290566 -0.24148865]
 [ 5.51349288  7.59591855  0.          0.         -0.29561537  0.14537705]
 [-0.65584643  1.85605219 -0.13408546  0.          0.65752998 -0.19246004]]
[04/02/2022, 15:44:41] computing sampling shap 910:920 within 42.714 sec, 3.9654 on average
[04/02/2022, 15:44:41] instances left: 16
[04/02/2022, 15:44:41] estimating time left: 0:01:03.446400

[[ 1.74898621 -0.2434208   0.77771164  0.          0.30494857  0.16501296]
 [-0.48888682  0.09854952  1.4089671   0.          0.35321924  0.04742794]
 [-0.60882845 12.11576004 -0.15396532  0.         -0.21724914 -0.14657179]
 [-0.24539297  1.55017892 -0.26335378  0.          0.7127797  -0.10499401]
 [-0.67461507  1.89037811 -0.12891228  0.          0.67581997 -0.2314802 ]
 [-0.57164613  1.71217635 -0.13040266  0.         -0.23138851  0.46769985]
 [ 2.13750332  0.24517378 -0.07855949  0.         -0.34581826  0.35889711]
 [-0.79262042  2.02527505 -0.12360775  0.         -1.17795804  0.17243639]
 [12.07957809  0.49074394  0.94155227  0.         -0.0808438   0.20369858]
 [-2.13811214 -7.05665272  0.          0.          0.97437496 -0.1491454 ]]
[04/02/2022, 15:45:20] computing sampling shap 920:930 within 39.8254 sec, 3.9665 on average
[04/02/2022, 15:45:20] instances left: 6
[04/02/2022, 15:45:20] estimating time left: 0:00:23.799000

[[-1.696891    3.16167163 -0.22653637  0.         -0.40525851  0.39260645]
 [-0.40572236 12.00979279 -0.15453691  0.          0.39729749 -0.26200705]
 [-1.56068053 -7.39283716 -0.38847252  0.         -0.60009106  0.36393895]
 [-0.46888694  1.5138379   0.          0.         -0.40681069 -0.24111604]
 [-1.01268596 -3.92576752  5.82644857  0.         -0.15838914  0.54258755]
 [ 2.19288393  0.13232261  0.          0.          0.05049469 -0.12744159]
 [-0.64097298  1.75789613  0.          0.          1.00459999 -0.11972058]
 [ 7.84462674  5.66621888 -0.09132647  0.         -0.24504565  0.19098847]
 [-0.65062712  2.0246704  -0.30657139  0.         -0.94135878 -0.25086461]
 [ 2.16716879 -0.06134713  0.          0.         -0.28683035  0.05642465]]
[04/02/2022, 15:45:20] finish computing sampling shap for range: [6, 8] within 594.981643 sec
