Child #[14, 15]: psutil.Process(pid=4066, name='python', status='running', started='19:35:16'), affinity [0, 1, 2, 3, 4, 5, 6, 7, 8, 9, 10, 11, 12, 13, 14, 15]
Child #[14, 15]: Set my affinity to [14, 15], affinity now [14, 15]

[04/02/2022, 15:35:33] start computing sampling shap for range: [8, 8]
[04/02/2022, 15:36:12] computing sampling shap 1092:1102 within 39.0905 sec, 3.9091 on average
[04/02/2022, 15:36:12] instances left: 144
[04/02/2022, 15:36:12] estimating time left: 0:09:22.910400

[[-1.87237291 -7.00257654 -0.54799688  0.         -0.42825875 -0.13640298]
 [-0.512453    1.84938301 -0.15866431  0.         -1.00658844  0.50456379]
 [-1.75570757 -6.97877565 -0.455243    0.          0.98988176 -0.16969128]
 [ 2.141894    0.17498516 -0.07674523  0.         -0.06275072 -0.20505274]
 [-0.72156623  1.93557388 -0.12802253  0.          0.63183363 -0.1866283 ]
 [ 2.1372673  10.37194749  0.          0.          0.87491999 -0.11283512]
 [-1.7982152  -7.00457189 -0.50588543  0.         -0.37482625 -0.30349777]
 [-2.16157816 -6.61156156 -0.64746505  0.          0.03635835 -0.18894652]
 [ 2.19879718  0.17646332 -0.23193172  0.          0.73614535 -0.15243759]
 [-2.00429654 -7.015449   -0.35783976  0.         -0.14953398 -0.10957312]]
[04/02/2022, 15:36:56] computing sampling shap 1102:1112 within 44.0764 sec, 4.1584 on average
[04/02/2022, 15:36:56] instances left: 134
[04/02/2022, 15:36:56] estimating time left: 0:09:17.225600

[[-0.60643075  2.01026466 -0.33256727  0.         -0.31850953  0.6478877 ]
 [-0.38641347 12.01531375 -0.15753831  0.         -0.10070685 -0.06538008]
 [-0.59291643 12.12033699  0.          0.         -0.37284246  0.14143193]
 [-0.51929275  1.68574078 -0.0769427   0.          0.29706764  0.08971569]
 [ 2.0337302   0.22116863 -0.07987785  0.          0.94494753 -0.1795877 ]
 [ 1.52610309 -0.42581289  1.08214691  0.         -0.26244356  0.21818032]
 [-1.87561342 -7.21113289 -0.32100219  0.          0.35344921 -0.19300886]
 [-0.79006489  2.03178825 -0.1500356   0.         -0.28221098  0.22670224]
 [ 1.50088588 -0.2346948   1.00112475  0.          0.13013004 -0.02607401]
 [-0.35019439  1.62657665 -0.07523038  0.          0.8939262  -0.15300019]]
[04/02/2022, 15:37:36] computing sampling shap 1112:1122 within 39.8891 sec, 4.102 on average
[04/02/2022, 15:37:36] instances left: 124
[04/02/2022, 15:37:36] estimating time left: 0:08:28.648000

[[ 2.35824854 10.40107582 -0.16902742  0.         -0.12182126 -0.15593123]
 [-1.63782162 -7.14961631 -0.4825485   0.          0.63237794  0.13447064]
 [ 2.110274    0.1238881   0.          0.          0.875633   -0.16941412]
 [-0.45388026 12.21421505 -0.14826992  0.          0.50470011 -0.19239536]
 [ 2.22143926  0.21690386 -0.12380134  0.         -0.40528145  0.38858636]
 [-0.7413176   1.79088778  0.          0.          0.70633142 -0.22471119]
 [ 5.46757563  7.65449003  0.          0.          0.31086911 -0.16642727]
 [-0.64585468  1.8206583  -0.07858873  0.         -0.35440526  0.3882302 ]
 [-1.7662076  -6.92282543 -0.54489618  0.          0.59166008 -0.08544121]
 [-1.84771047 -6.79003354 -0.68502832  0.         -0.41373933  0.17317303]]
[04/02/2022, 15:38:18] computing sampling shap 1122:1132 within 42.1136 sec, 4.1293 on average
[04/02/2022, 15:38:18] instances left: 114
[04/02/2022, 15:38:18] estimating time left: 0:07:50.740200

[[-0.51027019 12.16151759 -0.08141332  0.         -0.13484091 -0.23249677]
 [-1.99706526  3.58785181 -0.42531558  0.         -0.7086399   0.08220868]
 [ 2.13140727  0.32768701 -0.08009341  0.          0.04483378 -0.15807218]
 [ 5.12275813  7.82050297  0.          0.         -0.28402156  0.50314664]
 [-1.65100673 -7.24919515 -0.36517062  0.          0.65430503 -0.2430579 ]
 [ 2.34289921 10.28424621 -0.07880418  0.          0.37426926 -0.15940521]
 [ 2.18586401  0.12759499 -0.13306546  0.          0.69640012 -0.17019531]
 [ 2.13105636  0.19229901 -0.13717347  0.         -0.80162108  0.32621563]
 [ 2.08462577  0.0978444   0.          0.         -0.3786301   0.51899831]
 [-0.53981415  0.38625048  1.1837218   0.          1.06975224 -0.13391754]]
[04/02/2022, 15:39:02] computing sampling shap 1132:1142 within 44.2539 sec, 4.1886 on average
[04/02/2022, 15:39:02] instances left: 104
[04/02/2022, 15:39:02] estimating time left: 0:07:15.614400

[[-0.31323604  1.50590985 -0.20472576  0.          0.42281625 -0.15995685]
 [-1.62683303 -7.0534371  -0.51437698  0.          0.99588677 -0.04014543]
 [-1.58948957 -7.21698061 -0.49296433  0.          0.31303732  0.20533969]
 [ 1.99109499  0.32832306 -0.0802484   0.          0.89568124 -0.19447008]
 [ 1.91845054  0.35172802 -0.07539937  0.          0.06960315  0.42399065]
 [ 2.16435748  0.39168583 -0.23690578  0.         -0.41705253 -0.1441075 ]
 [-1.71281996 -7.15445895 -0.3737015   0.          0.61381032 -0.22695477]
 [ 2.14316808  0.26766712 -0.1491479   0.          0.14250641 -0.13843121]
 [-0.30892838 11.84316326 -0.07694573  0.          0.96899049 -0.16702912]
 [-1.93049225 -6.78373828 -0.51109227  0.          0.62208763 -0.15335404]]
[04/02/2022, 15:39:43] computing sampling shap 1142:1152 within 41.1267 sec, 4.1759 on average
[04/02/2022, 15:39:43] instances left: 94
[04/02/2022, 15:39:43] estimating time left: 0:06:32.534600

[[-0.6750416   1.93622754 -0.18392173  0.          0.63614105 -0.18221497]
 [-0.47518373  1.72080018 -0.15925611  0.          1.03552085 -0.18648322]
 [-0.81488022  1.91698248  0.          0.         -0.86815129 -0.05834895]
 [-0.50282138 12.00723221  0.          0.         -0.19670864 -0.14815634]
 [ 1.8269518   0.36796609 -0.16977476  0.          1.07751399 -0.10001976]
 [-0.38232214 12.10302067 -0.07517535  0.         -0.05034242 -0.25681548]
 [-0.53344533  1.73379022 -0.14896911  0.          1.0835375  -0.16892048]
 [ 2.23229912 10.37192014  0.          0.          0.3058244  -0.05605696]
 [-0.73186689  1.88869461 -0.1476853   0.          1.06390964 -0.06135312]
 [-1.86921623 -7.16714286 -0.23997077  0.          0.64520865 -0.19125925]]
[04/02/2022, 15:40:22] computing sampling shap 1152:1162 within 38.5068 sec, 4.1295 on average
[04/02/2022, 15:40:22] instances left: 84
[04/02/2022, 15:40:22] estimating time left: 0:05:46.878000

[[ 2.01302397e+00  2.47632173e-01 -7.84844829e-02  0.00000000e+00
  -7.85917172e-01  1.50944365e-01]
 [-6.19234022e-01  1.81755993e+00 -2.09739231e-01  0.00000000e+00
  -3.52133438e-01 -1.35351975e-01]
 [-1.60516338e+00 -7.11534593e+00 -6.46064156e-01  0.00000000e+00
  -2.96440497e-01 -1.10631850e-01]
 [-7.22615301e-01  1.77072200e+00 -2.01481124e-05  0.00000000e+00
  -1.44842308e-01 -1.88358614e-01]
 [-4.76945095e-01  1.60634957e+00 -1.26477046e-01  0.00000000e+00
  -1.27336747e-01 -2.02875222e-01]
 [-6.69164291e-01  2.02289846e+00 -2.85181286e-01  0.00000000e+00
  -3.89967749e-01  1.78897645e-01]
 [-3.34415248e-01  1.53467047e+00 -1.92607993e-01  0.00000000e+00
   6.82565485e-01 -1.59022105e-01]
 [-1.47655955e+00 -7.34539804e+00 -4.11478406e-01  0.00000000e+00
  -6.82779024e-01  8.34776835e-02]
 [-1.83287396e+00 -7.02113205e+00 -4.12680521e-01  0.00000000e+00
   5.96159811e-01 -7.99489183e-02]
 [-1.70916851e+00 -7.08170259e+00 -5.68738573e-01  0.00000000e+00
   1.14467072e+00 -1.31483224e-01]]
[04/02/2022, 15:41:04] computing sampling shap 1162:1172 within 41.9635 sec, 4.1379 on average
[04/02/2022, 15:41:04] instances left: 74
[04/02/2022, 15:41:04] estimating time left: 0:05:06.204600

[[-0.71335471  2.017055   -0.21526589  0.         -0.21698502 -0.17811172]
 [-0.6517251   1.68629052 -0.07891026  0.         -0.30376899 -0.23502941]
 [-0.74792531  1.83010631  0.          0.         -0.72301804 -0.20194006]
 [12.49565482  0.98043005 -0.07882637  0.          0.30839684 -0.05530899]
 [ 2.17487584  0.33635237 -0.25302275  0.          0.60298697 -0.15459428]
 [-1.63257614 -7.15422477 -0.45526584  0.         -0.8670245   0.76729856]
 [-2.01112449 -7.10218191 -0.16848252  0.          0.25712298 -0.22264222]
 [-2.30685354 -6.73634018 -0.27626344  0.          0.30069383 -0.19481913]
 [-0.6560012   1.89721859 -0.12917959  0.          0.28062474  0.02661413]
 [-0.47825416 12.03389065 -0.07971252  0.          0.68033497 -0.23188944]]
[04/02/2022, 15:41:42] computing sampling shap 1172:1182 within 37.8374 sec, 4.0985 on average
[04/02/2022, 15:41:42] instances left: 64
[04/02/2022, 15:41:42] estimating time left: 0:04:22.304000

[[-0.82880385  0.15314581  1.84519013  0.          0.60382503 -0.24216693]
 [-0.61080137  1.61428657  0.          0.          0.71381872 -0.0815524 ]
 [-0.63290184  0.20383819  1.49777326  0.         -0.23657752  0.47614344]
 [-0.48814525  2.00517004 -0.46461605  0.          1.02802415 -0.11444006]
 [-1.94424909 -6.9703706  -0.35496973  0.         -0.18595353  0.36199285]
 [-2.0419498  -6.77589722 -0.37326271  0.         -1.00896606 -0.26493657]
 [ 4.46953549 -1.23804972 -0.47906615  0.          0.80698039 -0.16487298]
 [-1.75744645 -6.91139889 -0.64072586  0.         -0.01021115  0.13923313]
 [-1.97278806 -6.9909706  -0.41229137  0.          0.36054155 -0.13687349]
 [-1.21098501 -3.8973693   6.10480649  0.         -0.92941262  0.24281968]]
[04/02/2022, 15:42:21] computing sampling shap 1182:1192 within 39.6571 sec, 4.0853 on average
[04/02/2022, 15:42:21] instances left: 54
[04/02/2022, 15:42:21] estimating time left: 0:03:40.606200

[[ 2.26087720e+00  2.68456382e-01 -2.90140346e-01  0.00000000e+00
   3.61815796e-01  1.26980114e-01]
 [ 2.30244936e+00  1.22793918e-01 -1.82309954e-01  0.00000000e+00
  -3.40333156e-01 -1.59132791e-01]
 [ 2.25959594e+00  3.37998306e-01 -2.30071130e-01  0.00000000e+00
   2.76052273e-01 -1.63488027e-01]
 [ 1.91840336e+00  2.66843185e-01  0.00000000e+00  0.00000000e+00
  -1.03942100e+00  2.01045700e-01]
 [-9.14675701e-01  1.99177635e+00 -7.45140416e-02  0.00000000e+00
   8.28792033e-02 -2.26597077e-01]
 [-1.75602094e+00 -7.59038934e+00  0.00000000e+00  0.00000000e+00
  -4.30901242e-01  2.26174095e-01]
 [ 1.66978078e+00  9.96804409e+00  8.83110739e-01  0.00000000e+00
  -7.53477783e-01  1.14173091e-01]
 [-4.31947325e-01  1.20245505e+01 -1.25359062e-01  0.00000000e+00
  -3.60386859e-01  3.96119107e-01]
 [-2.07088288e+00 -7.01015121e+00 -2.50259204e-01  0.00000000e+00
  -1.24149949e+00 -6.23410840e-03]
 [-1.94754933e+00 -6.77219012e+00 -6.81533470e-01  0.00000000e+00
  -2.76350033e-01 -2.68553993e-01]]
[04/02/2022, 15:43:03] computing sampling shap 1192:1202 within 41.8477 sec, 4.0943 on average
[04/02/2022, 15:43:03] instances left: 44
[04/02/2022, 15:43:03] estimating time left: 0:03:00.149200

[[-0.68732264  1.73936135 -0.07866555  0.         -1.10917203 -0.20954453]
 [-0.71564483  1.97219276 -0.21284298  0.          0.34615076 -0.0494205 ]
 [ 2.36447983 -0.11252012  0.          0.          0.58986502 -0.04202219]
 [ 2.35235376  0.10855958 -0.25086103  0.          0.93332609 -0.20299752]
 [-1.00792203  2.07275671  0.          0.          0.0327018  -0.23866816]
 [ 2.0332701   0.38427537 -0.14514091  0.          0.79000005  0.1750808 ]
 [-0.65759617  1.82300295 -0.07654965  0.          0.03930185  0.30576127]
 [ 2.19102216 -0.00946502 -0.08281068  0.         -0.82191261  0.20856654]
 [-0.57166025  1.73944224 -0.15042399  0.          1.08732928 -0.16928956]
 [-0.82111617  1.94992088 -0.08179509  0.         -0.4301951  -0.19995814]]
[04/02/2022, 15:43:40] computing sampling shap 1202:1212 within 37.3129 sec, 4.0641 on average
[04/02/2022, 15:43:40] instances left: 34
[04/02/2022, 15:43:40] estimating time left: 0:02:18.179400

[[-0.44216419  1.61011673 -0.12183264  0.         -0.29965239  0.09876545]
 [-0.52642694  1.76322263 -0.16346405  0.          0.65526908 -0.19741049]
 [-2.06942023 -6.98831149 -0.26866985  0.          1.15821349 -0.20134752]
 [-0.64041029  1.68750939  0.          0.          0.36537584 -0.12752733]
 [-2.05757003 -6.76815231 -0.48049738  0.         -0.48521027 -0.14676792]
 [-0.46415459  1.85516291 -0.3286145   0.          1.05843427 -0.15483521]
 [-0.4904828  12.17490873 -0.19350184  0.         -0.32792157  0.45008457]
 [ 2.09152852  0.1766884  -0.07634776  0.         -0.65482303  0.44891045]
 [-0.62127642  1.74745566  0.          0.         -0.81633955  0.27417023]
 [-1.81806813 -7.18050503 -0.40204571  0.          0.09297611 -0.07595071]]
[04/02/2022, 15:44:24] computing sampling shap 1212:1222 within 43.259 sec, 4.0842 on average
[04/02/2022, 15:44:24] instances left: 24
[04/02/2022, 15:44:24] estimating time left: 0:01:38.020800

[[-0.60902212  1.71125182  0.          0.         -0.49861809 -0.20534668]
 [-1.81694565 -7.08084456 -0.45976119  0.          0.31756604 -0.20732285]
 [ 2.10832963  0.31314255 -0.07798196  0.          0.79515462 -0.11944435]
 [ 2.19148185 10.46611739  0.          0.         -0.42137172 -0.15243792]
 [ 2.13104791 10.52195152  0.          0.          0.28431289  0.09824214]
 [-0.7911885   1.98621218 -0.15424991  0.          0.40241314 -0.22345953]
 [-1.67874063  3.2587244  -0.28176085  0.         -0.44384365  0.53675044]
 [ 2.23556605  0.1967299  -0.15916994  0.         -0.2750855   0.13619568]
 [-0.5061229  12.19436985 -0.17100877  0.          0.94804224 -0.20603068]
 [-0.53097426  0.1447484   1.47382432  0.         -0.34007372  0.1241184 ]]
[04/02/2022, 15:45:05] computing sampling shap 1222:1232 within 41.492 sec, 4.0889 on average
[04/02/2022, 15:45:05] instances left: 14
[04/02/2022, 15:45:05] estimating time left: 0:00:57.244600

[[ 2.03729976e+00  2.00394686e-01 -7.76097518e-02  0.00000000e+00
  -5.86444487e-01  2.96443833e-01]
 [-5.72208962e-01  1.71595537e+00  0.00000000e+00  0.00000000e+00
  -3.78430389e-01  1.25071688e-01]
 [-6.44893293e-01  1.81807139e+00 -8.14744437e-02  0.00000000e+00
  -3.69689499e-01  4.70404295e-01]
 [-2.09821897e+00 -6.63495449e+00 -5.38620536e-01  0.00000000e+00
  -5.14788238e-01 -2.06186021e-01]
 [-8.54285994e-01  1.96798961e+00 -7.74708342e-02  0.00000000e+00
   5.35597201e-02 -2.30923992e-01]
 [-2.27854439e-01  1.17752315e+01  0.00000000e+00  0.00000000e+00
   5.75892464e-01  2.06975104e-01]
 [-5.76226485e-01  1.72196693e+00 -2.17673694e-01  0.00000000e+00
  -6.11585070e-01 -1.40879025e-01]
 [-7.08353954e-01  1.78280054e+00 -1.78621107e-01  0.00000000e+00
  -1.47010347e-01  2.99811417e-01]
 [-2.00829981e+00 -7.04876298e+00 -4.00252129e-01  0.00000000e+00
   4.22562466e-01 -7.96698025e-02]
 [ 2.00032765e+00  1.06008711e+01 -5.42256313e-04  0.00000000e+00
  -2.82778909e-01 -1.63145722e-01]]
[04/02/2022, 15:45:47] computing sampling shap 1232:1242 within 41.415 sec, 4.0924 on average
[04/02/2022, 15:45:47] instances left: 4
[04/02/2022, 15:45:47] estimating time left: 0:00:16.369600

[[-0.72442157  1.86529069 -0.20805731  0.         -0.28759322  0.47944734]
 [-1.97148834  3.09148166  0.          0.         -0.1795857  -0.19479126]
 [-0.42133348 11.99107873 -0.07648093  0.         -0.3764028  -0.28702271]
 [-0.3822228  12.00986997 -0.07441381  0.         -0.3081621   0.58318893]
 [-0.84192469  2.03760633 -0.07993426  0.         -0.03442867  0.35260133]
 [10.41963876  2.49358867 -0.0783739   0.         -0.42536249  0.5220647 ]
 [-0.61264244  0.31588977  1.43528288  0.          0.94587067 -0.14900296]
 [ 2.10644921  0.15288612 -0.16430344  0.          1.03326794 -0.1570977 ]
 [ 2.55039956 10.30002027 -0.18516503  0.         -0.14547623 -0.06268721]
 [-0.37788533 -0.13149559  1.66010291  0.          0.93705255 -0.07607549]]
[04/02/2022, 15:45:47] finish computing sampling shap for range: [8, 8] within 613.862844 sec
