

[04/02/2022, 12:30:28] [ale_1w_/Users/yinnnyou/workspace/s2search/pipelining/exp-csdb_csdb_title]
============== start ==============
[04/02/2022, 12:30:28] [ale_1w_/Users/yinnnyou/workspace/s2search/pipelining/exp-csdb_csdb_title_sorting]
get scores for 6230 papers
[04/02/2022, 12:30:38] [ale_1w_/Users/yinnnyou/workspace/s2search/pipelining/exp-csdb_csdb_title_sorting]
task end within 9.997238 sec
[04/02/2022, 12:30:39] [ale_1w_/Users/yinnnyou/workspace/s2search/pipelining/exp-csdb_csdb_title]
get scores for 12460 papers
[04/02/2022, 12:30:47] [ale_1w_/Users/yinnnyou/workspace/s2search/pipelining/exp-csdb_csdb_title]
task end within 8.32978 sec
[04/02/2022, 12:30:47] [ale_1w_/Users/yinnnyou/workspace/s2search/pipelining/exp-csdb_csdb_title]
============== end 18690 ==============


[04/02/2022, 12:30:47] [ale_1w_/Users/yinnnyou/workspace/s2search/pipelining/exp-csdb_csdb_abstract]
============== start ==============
[04/02/2022, 12:30:47] [ale_1w_/Users/yinnnyou/workspace/s2search/pipelining/exp-csdb_csdb_abstract_sorting]
get scores for 6230 papers
[04/02/2022, 12:30:51] [ale_1w_/Users/yinnnyou/workspace/s2search/pipelining/exp-csdb_csdb_abstract_sorting]
task end within 3.082728 sec
[04/02/2022, 12:30:51] [ale_1w_/Users/yinnnyou/workspace/s2search/pipelining/exp-csdb_csdb_abstract]
get scores for 12460 papers
[04/02/2022, 12:31:00] [ale_1w_/Users/yinnnyou/workspace/s2search/pipelining/exp-csdb_csdb_abstract]
task end within 8.641387 sec
[04/02/2022, 12:31:00] [ale_1w_/Users/yinnnyou/workspace/s2search/pipelining/exp-csdb_csdb_abstract]
============== end 18690 ==============


[04/02/2022, 12:31:00] [ale_1w_/Users/yinnnyou/workspace/s2search/pipelining/exp-csdb_csdb_venue]
============== start ==============
[04/02/2022, 12:31:00] [ale_1w_/Users/yinnnyou/workspace/s2search/pipelining/exp-csdb_csdb_venue_sorting]
get scores for 6230 papers
[04/02/2022, 12:31:01] [ale_1w_/Users/yinnnyou/workspace/s2search/pipelining/exp-csdb_csdb_venue_sorting]
task end within 1.027332 sec
[04/02/2022, 12:31:01] [ale_1w_/Users/yinnnyou/workspace/s2search/pipelining/exp-csdb_csdb_venue]
get scores for 12460 papers
[04/02/2022, 12:31:10] [ale_1w_/Users/yinnnyou/workspace/s2search/pipelining/exp-csdb_csdb_venue]
task end within 8.667991 sec
[04/02/2022, 12:31:10] [ale_1w_/Users/yinnnyou/workspace/s2search/pipelining/exp-csdb_csdb_venue]
============== end 18690 ==============


[04/02/2022, 12:31:10] [ale_1w_/Users/yinnnyou/workspace/s2search/pipelining/exp-csdb_csdb_authors]
============== start ==============
[04/02/2022, 12:31:10] [ale_1w_/Users/yinnnyou/workspace/s2search/pipelining/exp-csdb_csdb_authors_sorting]
get scores for 6230 papers
[04/02/2022, 12:31:12] [ale_1w_/Users/yinnnyou/workspace/s2search/pipelining/exp-csdb_csdb_authors_sorting]
task end within 1.662103 sec
[04/02/2022, 12:31:12] [ale_1w_/Users/yinnnyou/workspace/s2search/pipelining/exp-csdb_csdb_authors]
get scores for 12460 papers
[04/02/2022, 12:31:21] [ale_1w_/Users/yinnnyou/workspace/s2search/pipelining/exp-csdb_csdb_authors]
task end within 8.348787 sec
[04/02/2022, 12:31:21] [ale_1w_/Users/yinnnyou/workspace/s2search/pipelining/exp-csdb_csdb_authors]
============== end 18690 ==============


[04/02/2022, 12:31:21] [ale_1w_/Users/yinnnyou/workspace/s2search/pipelining/exp-csdb_csdb_year]
============== start ==============
[04/02/2022, 12:31:21] [ale_1w_/Users/yinnnyou/workspace/s2search/pipelining/exp-csdb_csdb_year]
get scores for 12460 papers
[04/02/2022, 12:31:30] [ale_1w_/Users/yinnnyou/workspace/s2search/pipelining/exp-csdb_csdb_year]
task end within 8.443914 sec
[04/02/2022, 12:31:30] [ale_1w_/Users/yinnnyou/workspace/s2search/pipelining/exp-csdb_csdb_year]
============== end 12460 ==============


[04/02/2022, 12:31:30] [ale_1w_/Users/yinnnyou/workspace/s2search/pipelining/exp-csdb_csdb_n_citations]
============== start ==============
[04/02/2022, 12:31:30] [ale_1w_/Users/yinnnyou/workspace/s2search/pipelining/exp-csdb_csdb_n_citations]
get scores for 12460 papers
[04/02/2022, 12:31:39] [ale_1w_/Users/yinnnyou/workspace/s2search/pipelining/exp-csdb_csdb_n_citations]
task end within 8.467529 sec
[04/02/2022, 12:31:39] [ale_1w_/Users/yinnnyou/workspace/s2search/pipelining/exp-csdb_csdb_n_citations]
============== end 12460 ==============
