
Child #[10, 11]: psutil.Process(pid=128293, name='python', status='running', started='16:08:10'), affinity [10, 11]
Child #[10, 11]: Set my affinity to [10, 11], affinity now [10, 11]

[03/31/2022, 00:26:02] start anchor metrics
[03/31/2022, 00:26:16] start computing anchor from index: 5475 to 6569 with config: 0.9999 0.6
[03/31/2022, 00:26:31] (5484 / 6569) title: 10, abstract: 8, venue: 6, authors: 1, year: 9, n_citations: 5 within (14.879931 total / 1.488 average)
estimate time left: 0:26:54.480000
[03/31/2022, 00:26:48] (5494 / 6569) title: 20, abstract: 17, venue: 14, authors: 2, year: 19, n_citations: 7 within (32.019974 total / 1.601 average)
estimate time left: 0:28:41.075000
[03/31/2022, 00:26:59] (5504 / 6569) title: 30, abstract: 27, venue: 22, authors: 2, year: 28, n_citations: 11 within (43.182224 total / 1.4394 average)
estimate time left: 0:25:32.961000
[03/31/2022, 00:27:18] (5514 / 6569) title: 39, abstract: 36, venue: 31, authors: 3, year: 37, n_citations: 13 within (61.760078 total / 1.544 average)
estimate time left: 0:27:08.920000
[03/31/2022, 00:27:32] (5524 / 6569) title: 49, abstract: 44, venue: 38, authors: 3, year: 47, n_citations: 15 within (76.412091 total / 1.5282 average)
estimate time left: 0:26:36.969000
[03/31/2022, 00:27:51] (5534 / 6569) title: 59, abstract: 52, venue: 47, authors: 6, year: 55, n_citations: 20 within (95.065543 total / 1.5844 average)
estimate time left: 0:27:19.854000
[03/31/2022, 00:28:08] (5544 / 6569) title: 69, abstract: 59, venue: 56, authors: 7, year: 63, n_citations: 24 within (111.974906 total / 1.5996 average)
estimate time left: 0:27:19.590000
[03/31/2022, 00:28:24] (5554 / 6569) title: 78, abstract: 66, venue: 64, authors: 9, year: 71, n_citations: 27 within (128.1854 total / 1.6023 average)
estimate time left: 0:27:06.334500
[03/31/2022, 00:28:42] (5564 / 6569) title: 88, abstract: 74, venue: 73, authors: 11, year: 79, n_citations: 31 within (145.73487 total / 1.6193 average)
estimate time left: 0:27:07.396500
[03/31/2022, 00:28:58] (5574 / 6569) title: 97, abstract: 83, venue: 80, authors: 12, year: 87, n_citations: 35 within (162.055108 total / 1.6206 average)
estimate time left: 0:26:52.497000
[03/31/2022, 00:29:12] (5584 / 6569) title: 107, abstract: 90, venue: 87, authors: 14, year: 96, n_citations: 41 within (176.257806 total / 1.6023 average)
estimate time left: 0:26:18.265500
[03/31/2022, 00:29:33] (5594 / 6569) title: 116, abstract: 98, venue: 96, authors: 15, year: 105, n_citations: 46 within (197.46903 total / 1.6456 average)
estimate time left: 0:26:44.460000
[03/31/2022, 00:29:48] (5604 / 6569) title: 126, abstract: 107, venue: 104, authors: 15, year: 115, n_citations: 48 within (212.019876 total / 1.6309 average)
estimate time left: 0:26:13.818500
[03/31/2022, 00:30:07] (5614 / 6569) title: 135, abstract: 117, venue: 110, authors: 15, year: 124, n_citations: 52 within (230.563284 total / 1.6469 average)
estimate time left: 0:26:12.789500
[03/31/2022, 00:30:27] (5624 / 6569) title: 145, abstract: 124, venue: 117, authors: 17, year: 134, n_citations: 54 within (251.222741 total / 1.6748 average)
estimate time left: 0:26:22.686000
[03/31/2022, 00:30:48] (5634 / 6569) title: 154, abstract: 132, venue: 124, authors: 20, year: 143, n_citations: 62 within (271.714621 total / 1.6982 average)
estimate time left: 0:26:27.817000
[03/31/2022, 00:31:03] (5644 / 6569) title: 164, abstract: 142, venue: 133, authors: 20, year: 153, n_citations: 67 within (286.618505 total / 1.686 average)
estimate time left: 0:25:59.550000
[03/31/2022, 00:31:18] (5654 / 6569) title: 174, abstract: 152, venue: 142, authors: 22, year: 160, n_citations: 72 within (301.925406 total / 1.6774 average)
estimate time left: 0:25:34.821000
[03/31/2022, 00:31:35] (5664 / 6569) title: 184, abstract: 160, venue: 148, authors: 23, year: 168, n_citations: 77 within (319.390477 total / 1.681 average)
estimate time left: 0:25:21.305000
[03/31/2022, 00:31:54] (5674 / 6569) title: 194, abstract: 167, venue: 154, authors: 25, year: 176, n_citations: 85 within (337.681543 total / 1.6884 average)
estimate time left: 0:25:11.118000
[03/31/2022, 00:32:09] (5684 / 6569) title: 203, abstract: 176, venue: 161, authors: 26, year: 185, n_citations: 88 within (352.773872 total / 1.6799 average)
estimate time left: 0:24:46.711500
[03/31/2022, 00:32:28] (5694 / 6569) title: 213, abstract: 184, venue: 168, authors: 29, year: 192, n_citations: 91 within (372.432267 total / 1.6929 average)
estimate time left: 0:24:41.287500
[03/31/2022, 00:32:44] (5704 / 6569) title: 222, abstract: 192, venue: 173, authors: 29, year: 200, n_citations: 94 within (387.916577 total / 1.6866 average)
estimate time left: 0:24:18.909000
[03/31/2022, 00:32:56] (5714 / 6569) title: 231, abstract: 201, venue: 179, authors: 30, year: 208, n_citations: 99 within (399.943586 total / 1.6664 average)
estimate time left: 0:23:44.772000
[03/31/2022, 00:33:13] (5724 / 6569) title: 240, abstract: 211, venue: 188, authors: 30, year: 217, n_citations: 104 within (416.947467 total / 1.6678 average)
estimate time left: 0:23:29.291000
[03/31/2022, 00:33:30] (5734 / 6569) title: 249, abstract: 219, venue: 195, authors: 32, year: 225, n_citations: 109 within (434.541728 total / 1.6713 average)
estimate time left: 0:23:15.535500
[03/31/2022, 00:33:49] (5744 / 6569) title: 259, abstract: 228, venue: 200, authors: 34, year: 235, n_citations: 117 within (452.581279 total / 1.6762 average)
estimate time left: 0:23:02.865000
[03/31/2022, 00:34:05] (5754 / 6569) title: 268, abstract: 234, venue: 206, authors: 35, year: 244, n_citations: 122 within (468.748588 total / 1.6741 average)
estimate time left: 0:22:44.391500
[03/31/2022, 00:34:23] (5764 / 6569) title: 278, abstract: 244, venue: 212, authors: 37, year: 253, n_citations: 127 within (486.847293 total / 1.6788 average)
estimate time left: 0:22:31.434000
[03/31/2022, 00:34:36] (5774 / 6569) title: 288, abstract: 253, venue: 218, authors: 38, year: 261, n_citations: 131 within (499.754474 total / 1.6658 average)
estimate time left: 0:22:04.311000
[03/31/2022, 00:34:50] (5784 / 6569) title: 298, abstract: 261, venue: 224, authors: 40, year: 269, n_citations: 138 within (514.488454 total / 1.6596 average)
estimate time left: 0:21:42.786000
[03/31/2022, 00:35:07] (5794 / 6569) title: 308, abstract: 270, venue: 232, authors: 43, year: 279, n_citations: 146 within (530.882573 total / 1.659 average)
estimate time left: 0:21:25.725000
[03/31/2022, 00:35:22] (5804 / 6569) title: 318, abstract: 280, venue: 241, authors: 43, year: 289, n_citations: 148 within (545.835428 total / 1.654 average)
estimate time left: 0:21:05.310000
[03/31/2022, 00:35:38] (5814 / 6569) title: 328, abstract: 287, venue: 248, authors: 45, year: 297, n_citations: 153 within (561.913815 total / 1.6527 average)
estimate time left: 0:20:47.788500
[03/31/2022, 00:35:55] (5824 / 6569) title: 337, abstract: 294, venue: 257, authors: 46, year: 306, n_citations: 160 within (579.192494 total / 1.6548 average)
estimate time left: 0:20:32.826000
[03/31/2022, 00:36:10] (5834 / 6569) title: 347, abstract: 304, venue: 262, authors: 48, year: 314, n_citations: 164 within (594.041282 total / 1.6501 average)
estimate time left: 0:20:12.823500
[03/31/2022, 00:36:25] (5844 / 6569) title: 356, abstract: 313, venue: 270, authors: 50, year: 324, n_citations: 167 within (608.641307 total / 1.645 average)
estimate time left: 0:19:52.625000
[03/31/2022, 00:36:43] (5854 / 6569) title: 365, abstract: 322, venue: 277, authors: 52, year: 333, n_citations: 173 within (627.431111 total / 1.6511 average)
estimate time left: 0:19:40.536500
[03/31/2022, 00:37:01] (5864 / 6569) title: 375, abstract: 331, venue: 283, authors: 53, year: 343, n_citations: 176 within (645.202126 total / 1.6544 average)
estimate time left: 0:19:26.352000
[03/31/2022, 00:37:19] (5874 / 6569) title: 385, abstract: 339, venue: 288, authors: 56, year: 349, n_citations: 184 within (662.581873 total / 1.6565 average)
estimate time left: 0:19:11.267500
[03/31/2022, 00:37:36] (5884 / 6569) title: 394, abstract: 348, venue: 297, authors: 58, year: 359, n_citations: 188 within (680.248348 total / 1.6591 average)
estimate time left: 0:18:56.483500
[03/31/2022, 00:37:51] (5894 / 6569) title: 403, abstract: 356, venue: 303, authors: 59, year: 369, n_citations: 194 within (695.499707 total / 1.656 average)
estimate time left: 0:18:37.800000
[03/31/2022, 00:38:11] (5904 / 6569) title: 412, abstract: 364, venue: 310, authors: 62, year: 376, n_citations: 199 within (714.77863 total / 1.6623 average)
estimate time left: 0:18:25.429500
[03/31/2022, 00:38:32] (5914 / 6569) title: 422, abstract: 371, venue: 317, authors: 64, year: 385, n_citations: 205 within (735.939767 total / 1.6726 average)
estimate time left: 0:18:15.553000
[03/31/2022, 00:38:48] (5924 / 6569) title: 432, abstract: 381, venue: 324, authors: 66, year: 395, n_citations: 211 within (752.426112 total / 1.6721 average)
estimate time left: 0:17:58.504500
[03/31/2022, 00:39:04] (5934 / 6569) title: 440, abstract: 391, venue: 331, authors: 69, year: 404, n_citations: 215 within (767.89948 total / 1.6693 average)
estimate time left: 0:17:40.005500
[03/31/2022, 00:39:20] (5944 / 6569) title: 450, abstract: 398, venue: 340, authors: 73, year: 411, n_citations: 222 within (783.630544 total / 1.6673 average)
estimate time left: 0:17:22.062500
[03/31/2022, 00:39:38] (5954 / 6569) title: 460, abstract: 407, venue: 347, authors: 76, year: 419, n_citations: 226 within (801.630049 total / 1.6701 average)
estimate time left: 0:17:07.111500
[03/31/2022, 00:39:55] (5964 / 6569) title: 470, abstract: 417, venue: 355, authors: 80, year: 426, n_citations: 231 within (819.282682 total / 1.672 average)
estimate time left: 0:16:51.560000
[03/31/2022, 00:40:10] (5974 / 6569) title: 479, abstract: 425, venue: 364, authors: 80, year: 436, n_citations: 235 within (833.914083 total / 1.6678 average)
estimate time left: 0:16:32.341000
[03/31/2022, 00:40:26] (5984 / 6569) title: 489, abstract: 432, venue: 369, authors: 82, year: 442, n_citations: 242 within (850.320498 total / 1.6673 average)
estimate time left: 0:16:15.370500
[03/31/2022, 00:40:40] (5994 / 6569) title: 499, abstract: 441, venue: 377, authors: 84, year: 451, n_citations: 247 within (864.427168 total / 1.6624 average)
estimate time left: 0:15:55.880000
[03/31/2022, 00:40:54] (6004 / 6569) title: 509, abstract: 450, venue: 385, authors: 84, year: 461, n_citations: 251 within (877.917212 total / 1.6564 average)
estimate time left: 0:15:35.866000
[03/31/2022, 00:41:12] (6014 / 6569) title: 519, abstract: 458, venue: 391, authors: 84, year: 470, n_citations: 255 within (895.553363 total / 1.6584 average)
estimate time left: 0:15:20.412000
[03/31/2022, 00:41:28] (6024 / 6569) title: 529, abstract: 465, venue: 399, authors: 84, year: 478, n_citations: 258 within (911.884622 total / 1.658 average)
estimate time left: 0:15:03.610000
[03/31/2022, 00:41:48] (6034 / 6569) title: 538, abstract: 474, venue: 403, authors: 86, year: 487, n_citations: 264 within (931.97025 total / 1.6642 average)
estimate time left: 0:14:50.347000
[03/31/2022, 00:42:04] (6044 / 6569) title: 547, abstract: 484, venue: 413, authors: 87, year: 497, n_citations: 267 within (948.545531 total / 1.6641 average)
estimate time left: 0:14:33.652500
[03/31/2022, 00:42:23] (6054 / 6569) title: 557, abstract: 493, venue: 420, authors: 87, year: 507, n_citations: 272 within (966.637245 total / 1.6666 average)
estimate time left: 0:14:18.299000
[03/31/2022, 00:42:36] (6064 / 6569) title: 567, abstract: 502, venue: 429, authors: 87, year: 517, n_citations: 276 within (979.703149 total / 1.6605 average)
estimate time left: 0:13:58.552500
[03/31/2022, 00:42:54] (6074 / 6569) title: 577, abstract: 511, venue: 438, authors: 88, year: 526, n_citations: 281 within (997.885053 total / 1.6631 average)
estimate time left: 0:13:43.234500
[03/31/2022, 00:43:11] (6084 / 6569) title: 586, abstract: 520, venue: 447, authors: 91, year: 536, n_citations: 286 within (1015.376382 total / 1.6646 average)
estimate time left: 0:13:27.331000
[03/31/2022, 00:43:30] (6094 / 6569) title: 595, abstract: 526, venue: 453, authors: 93, year: 545, n_citations: 291 within (1034.05391 total / 1.6678 average)
estimate time left: 0:13:12.205000
[03/31/2022, 00:43:45] (6104 / 6569) title: 604, abstract: 536, venue: 459, authors: 96, year: 554, n_citations: 295 within (1049.077336 total / 1.6652 average)
estimate time left: 0:12:54.318000
[03/31/2022, 00:44:03] (6114 / 6569) title: 613, abstract: 545, venue: 468, authors: 97, year: 562, n_citations: 299 within (1066.750461 total / 1.6668 average)
estimate time left: 0:12:38.394000
[03/31/2022, 00:44:20] (6124 / 6569) title: 622, abstract: 553, venue: 475, authors: 99, year: 569, n_citations: 305 within (1083.795947 total / 1.6674 average)
estimate time left: 0:12:21.993000
[03/31/2022, 00:44:38] (6134 / 6569) title: 631, abstract: 563, venue: 480, authors: 99, year: 577, n_citations: 309 within (1102.173471 total / 1.67 average)
estimate time left: 0:12:06.450000
[03/31/2022, 00:44:57] (6144 / 6569) title: 640, abstract: 572, venue: 487, authors: 100, year: 585, n_citations: 317 within (1120.875017 total / 1.6729 average)
estimate time left: 0:11:50.982500
[03/31/2022, 00:45:17] (6154 / 6569) title: 649, abstract: 578, venue: 493, authors: 101, year: 594, n_citations: 321 within (1141.320406 total / 1.6784 average)
estimate time left: 0:11:36.536000
[03/31/2022, 00:45:37] (6164 / 6569) title: 657, abstract: 587, venue: 500, authors: 103, year: 602, n_citations: 326 within (1160.689798 total / 1.6822 average)
estimate time left: 0:11:21.291000
[03/31/2022, 00:45:58] (6174 / 6569) title: 667, abstract: 597, venue: 508, authors: 103, year: 610, n_citations: 327 within (1182.116833 total / 1.6887 average)
estimate time left: 0:11:07.036500
[03/31/2022, 00:46:09] (6184 / 6569) title: 676, abstract: 603, venue: 512, authors: 105, year: 618, n_citations: 333 within (1193.39875 total / 1.6808 average)
estimate time left: 0:10:47.108000
[03/31/2022, 00:46:31] (6194 / 6569) title: 685, abstract: 611, venue: 519, authors: 107, year: 628, n_citations: 335 within (1215.331935 total / 1.688 average)
estimate time left: 0:10:33
[03/31/2022, 00:46:48] (6204 / 6569) title: 695, abstract: 618, venue: 528, authors: 109, year: 637, n_citations: 337 within (1231.574116 total / 1.6871 average)
estimate time left: 0:10:15.791500
[03/31/2022, 00:47:06] (6214 / 6569) title: 705, abstract: 626, venue: 537, authors: 112, year: 645, n_citations: 341 within (1249.956884 total / 1.6891 average)
estimate time left: 0:09:59.630500
[03/31/2022, 00:47:22] (6224 / 6569) title: 715, abstract: 634, venue: 541, authors: 113, year: 654, n_citations: 346 within (1266.303575 total / 1.6884 average)
estimate time left: 0:09:42.498000
[03/31/2022, 00:47:39] (6234 / 6569) title: 725, abstract: 638, venue: 547, authors: 117, year: 663, n_citations: 352 within (1283.383382 total / 1.6887 average)
estimate time left: 0:09:25.714500
[03/31/2022, 00:47:58] (6244 / 6569) title: 734, abstract: 646, venue: 555, authors: 119, year: 673, n_citations: 354 within (1302.153101 total / 1.6911 average)
estimate time left: 0:09:09.607500
[03/31/2022, 00:48:13] (6254 / 6569) title: 744, abstract: 656, venue: 563, authors: 120, year: 682, n_citations: 360 within (1317.278279 total / 1.6888 average)
estimate time left: 0:08:51.972000
[03/31/2022, 00:48:28] (6264 / 6569) title: 754, abstract: 666, venue: 568, authors: 122, year: 692, n_citations: 364 within (1332.08058 total / 1.6862 average)
estimate time left: 0:08:34.291000
[03/31/2022, 00:48:46] (6274 / 6569) title: 763, abstract: 672, venue: 574, authors: 122, year: 700, n_citations: 369 within (1349.672883 total / 1.6871 average)
estimate time left: 0:08:17.694500
[03/31/2022, 00:49:00] (6284 / 6569) title: 773, abstract: 681, venue: 583, authors: 125, year: 708, n_citations: 375 within (1363.939693 total / 1.6839 average)
estimate time left: 0:07:59.911500
[03/31/2022, 00:49:16] (6294 / 6569) title: 782, abstract: 691, venue: 591, authors: 126, year: 714, n_citations: 378 within (1379.986516 total / 1.6829 average)
estimate time left: 0:07:42.797500
[03/31/2022, 00:49:29] (6304 / 6569) title: 792, abstract: 700, venue: 596, authors: 126, year: 723, n_citations: 382 within (1393.214703 total / 1.6786 average)
estimate time left: 0:07:24.829000
[03/31/2022, 00:49:44] (6314 / 6569) title: 801, abstract: 710, venue: 603, authors: 128, year: 733, n_citations: 387 within (1408.302961 total / 1.6766 average)
estimate time left: 0:07:07.533000
[03/31/2022, 00:50:00] (6324 / 6569) title: 811, abstract: 718, venue: 611, authors: 130, year: 741, n_citations: 390 within (1423.906728 total / 1.6752 average)
estimate time left: 0:06:50.424000
[03/31/2022, 00:50:14] (6334 / 6569) title: 821, abstract: 728, venue: 618, authors: 132, year: 751, n_citations: 395 within (1438.049633 total / 1.6722 average)
estimate time left: 0:06:32.967000
[03/31/2022, 00:50:26] (6344 / 6569) title: 830, abstract: 737, venue: 625, authors: 134, year: 759, n_citations: 397 within (1449.678703 total / 1.6663 average)
estimate time left: 0:06:14.917500
[03/31/2022, 00:50:54] (6354 / 6569) title: 839, abstract: 746, venue: 630, authors: 137, year: 769, n_citations: 403 within (1478.442409 total / 1.68 average)
estimate time left: 0:06:01.200000
[03/31/2022, 00:51:12] (6364 / 6569) title: 848, abstract: 754, venue: 636, authors: 141, year: 777, n_citations: 410 within (1495.92363 total / 1.6808 average)
estimate time left: 0:05:44.564000
[03/31/2022, 00:51:31] (6374 / 6569) title: 857, abstract: 763, venue: 645, authors: 143, year: 786, n_citations: 413 within (1515.020805 total / 1.6834 average)
estimate time left: 0:05:28.263000
[03/31/2022, 00:51:49] (6384 / 6569) title: 867, abstract: 772, venue: 651, authors: 144, year: 795, n_citations: 419 within (1532.846855 total / 1.6844 average)
estimate time left: 0:05:11.614000
[03/31/2022, 00:52:05] (6394 / 6569) title: 877, abstract: 782, venue: 659, authors: 144, year: 805, n_citations: 421 within (1549.543491 total / 1.6843 average)
estimate time left: 0:04:54.752500
[03/31/2022, 00:52:20] (6404 / 6569) title: 886, abstract: 790, venue: 666, authors: 144, year: 814, n_citations: 425 within (1564.491995 total / 1.6822 average)
estimate time left: 0:04:37.563000
[03/31/2022, 00:52:34] (6414 / 6569) title: 896, abstract: 798, venue: 674, authors: 145, year: 824, n_citations: 430 within (1578.26018 total / 1.679 average)
estimate time left: 0:04:20.245000
[03/31/2022, 00:52:52] (6424 / 6569) title: 906, abstract: 808, venue: 682, authors: 146, year: 834, n_citations: 434 within (1596.149765 total / 1.6802 average)
estimate time left: 0:04:03.629000
[03/31/2022, 00:53:09] (6434 / 6569) title: 916, abstract: 816, venue: 689, authors: 146, year: 844, n_citations: 440 within (1612.812643 total / 1.68 average)
estimate time left: 0:03:46.800000
[03/31/2022, 00:53:27] (6444 / 6569) title: 925, abstract: 823, venue: 698, authors: 148, year: 854, n_citations: 444 within (1631.117661 total / 1.6816 average)
estimate time left: 0:03:30.200000
[03/31/2022, 00:53:38] (6454 / 6569) title: 935, abstract: 831, venue: 703, authors: 149, year: 864, n_citations: 447 within (1642.022393 total / 1.6755 average)
estimate time left: 0:03:12.682500
[03/31/2022, 00:53:52] (6464 / 6569) title: 945, abstract: 840, venue: 710, authors: 152, year: 873, n_citations: 453 within (1656.344601 total / 1.6731 average)
estimate time left: 0:02:55.675500
[03/31/2022, 00:54:06] (6474 / 6569) title: 955, abstract: 849, venue: 718, authors: 152, year: 881, n_citations: 455 within (1670.451889 total / 1.6705 average)
estimate time left: 0:02:38.697500
[03/31/2022, 00:54:25] (6484 / 6569) title: 964, abstract: 858, venue: 725, authors: 153, year: 891, n_citations: 461 within (1689.399209 total / 1.6727 average)
estimate time left: 0:02:22.179500
[03/31/2022, 00:54:40] (6494 / 6569) title: 974, abstract: 866, venue: 732, authors: 153, year: 901, n_citations: 465 within (1703.839383 total / 1.6704 average)
estimate time left: 0:02:05.280000
[03/31/2022, 00:54:55] (6504 / 6569) title: 984, abstract: 874, venue: 738, authors: 154, year: 910, n_citations: 473 within (1718.880358 total / 1.6688 average)
estimate time left: 0:01:48.472000
[03/31/2022, 00:55:09] (6514 / 6569) title: 994, abstract: 882, venue: 745, authors: 155, year: 920, n_citations: 479 within (1732.779274 total / 1.6661 average)
estimate time left: 0:01:31.635500
[03/31/2022, 00:55:24] (6524 / 6569) title: 1004, abstract: 890, venue: 752, authors: 155, year: 929, n_citations: 483 within (1748.304344 total / 1.6651 average)
estimate time left: 0:01:14.929500
[03/31/2022, 00:55:42] (6534 / 6569) title: 1014, abstract: 898, venue: 760, authors: 155, year: 938, n_citations: 488 within (1766.316342 total / 1.6663 average)
estimate time left: 0:00:58.320500
[03/31/2022, 00:56:00] (6544 / 6569) title: 1023, abstract: 908, venue: 767, authors: 158, year: 947, n_citations: 493 within (1784.375737 total / 1.6676 average)
estimate time left: 0:00:41.690000
[03/31/2022, 00:56:22] (6554 / 6569) title: 1032, abstract: 918, venue: 772, authors: 159, year: 956, n_citations: 496 within (1805.56055 total / 1.6718 average)
estimate time left: 0:00:25.077000
[03/31/2022, 00:56:40] (6564 / 6569) title: 1042, abstract: 926, venue: 779, authors: 162, year: 965, n_citations: 501 within (1823.607487 total / 1.673 average)
estimate time left: 0:00:08.365000
[03/31/2022, 00:56:48] end anchor metrics witin 1845.491632

