

[04/11/2022, 18:46:07] [ale_1w_/Users/yinnnyou/workspace/s2search/pipelining/exp-cscc_cscc_title]
============== start ==============
[04/11/2022, 18:46:08] [ale_1w_/Users/yinnnyou/workspace/s2search/pipelining/exp-cscc_cscc_title_sorting]
get scores for 8752 papers
[04/11/2022, 18:46:09] [ale_1w_/Users/yinnnyou/workspace/s2search/pipelining/exp-cscc_cscc_title_sorting]
task end within 1.710199 sec
[04/11/2022, 18:46:10] [ale_1w_/Users/yinnnyou/workspace/s2search/pipelining/exp-cscc_cscc_title]
get scores for 17504 papers
[04/11/2022, 18:46:21] [ale_1w_/Users/yinnnyou/workspace/s2search/pipelining/exp-cscc_cscc_title]
task end within 11.668904 sec
[04/11/2022, 18:46:22] [ale_1w_/Users/yinnnyou/workspace/s2search/pipelining/exp-cscc_cscc_title]
============== end 26256 ==============


[04/11/2022, 18:46:22] [ale_1w_/Users/yinnnyou/workspace/s2search/pipelining/exp-cscc_cscc_abstract]
============== start ==============
[04/11/2022, 18:46:22] [ale_1w_/Users/yinnnyou/workspace/s2search/pipelining/exp-cscc_cscc_abstract_sorting]
get scores for 8752 papers
[04/11/2022, 18:46:26] [ale_1w_/Users/yinnnyou/workspace/s2search/pipelining/exp-cscc_cscc_abstract_sorting]
task end within 4.553808 sec
[04/11/2022, 18:46:27] [ale_1w_/Users/yinnnyou/workspace/s2search/pipelining/exp-cscc_cscc_abstract]
get scores for 17504 papers
[04/11/2022, 18:46:39] [ale_1w_/Users/yinnnyou/workspace/s2search/pipelining/exp-cscc_cscc_abstract]
task end within 12.465405 sec
[04/11/2022, 18:46:40] [ale_1w_/Users/yinnnyou/workspace/s2search/pipelining/exp-cscc_cscc_abstract]
============== end 26256 ==============


[04/11/2022, 18:46:40] [ale_1w_/Users/yinnnyou/workspace/s2search/pipelining/exp-cscc_cscc_venue]
============== start ==============
[04/11/2022, 18:46:40] [ale_1w_/Users/yinnnyou/workspace/s2search/pipelining/exp-cscc_cscc_venue_sorting]
get scores for 8752 papers
[04/11/2022, 18:46:41] [ale_1w_/Users/yinnnyou/workspace/s2search/pipelining/exp-cscc_cscc_venue_sorting]
task end within 1.541099 sec
[04/11/2022, 18:46:42] [ale_1w_/Users/yinnnyou/workspace/s2search/pipelining/exp-cscc_cscc_venue]
get scores for 17504 papers
[04/11/2022, 18:46:54] [ale_1w_/Users/yinnnyou/workspace/s2search/pipelining/exp-cscc_cscc_venue]
task end within 12.213762 sec
[04/11/2022, 18:46:54] [ale_1w_/Users/yinnnyou/workspace/s2search/pipelining/exp-cscc_cscc_venue]
============== end 26256 ==============


[04/11/2022, 18:46:54] [ale_1w_/Users/yinnnyou/workspace/s2search/pipelining/exp-cscc_cscc_authors]
============== start ==============
[04/11/2022, 18:46:54] [ale_1w_/Users/yinnnyou/workspace/s2search/pipelining/exp-cscc_cscc_authors_sorting]
get scores for 8752 papers
[04/11/2022, 18:46:57] [ale_1w_/Users/yinnnyou/workspace/s2search/pipelining/exp-cscc_cscc_authors_sorting]
task end within 2.04608 sec
[04/11/2022, 18:46:57] [ale_1w_/Users/yinnnyou/workspace/s2search/pipelining/exp-cscc_cscc_authors]
get scores for 17504 papers
[04/11/2022, 18:47:09] [ale_1w_/Users/yinnnyou/workspace/s2search/pipelining/exp-cscc_cscc_authors]
task end within 11.849669 sec
[04/11/2022, 18:47:09] [ale_1w_/Users/yinnnyou/workspace/s2search/pipelining/exp-cscc_cscc_authors]
============== end 26256 ==============


[04/11/2022, 18:47:09] [ale_1w_/Users/yinnnyou/workspace/s2search/pipelining/exp-cscc_cscc_year]
============== start ==============
[04/11/2022, 18:47:10] [ale_1w_/Users/yinnnyou/workspace/s2search/pipelining/exp-cscc_cscc_year]
get scores for 17504 papers
[04/11/2022, 18:47:22] [ale_1w_/Users/yinnnyou/workspace/s2search/pipelining/exp-cscc_cscc_year]
task end within 11.871139 sec
[04/11/2022, 18:47:22] [ale_1w_/Users/yinnnyou/workspace/s2search/pipelining/exp-cscc_cscc_year]
============== end 17504 ==============


[04/11/2022, 18:47:22] [ale_1w_/Users/yinnnyou/workspace/s2search/pipelining/exp-cscc_cscc_n_citations]
============== start ==============
[04/11/2022, 18:47:22] [ale_1w_/Users/yinnnyou/workspace/s2search/pipelining/exp-cscc_cscc_n_citations]
get scores for 17504 papers
[04/11/2022, 18:47:34] [ale_1w_/Users/yinnnyou/workspace/s2search/pipelining/exp-cscc_cscc_n_citations]
task end within 11.888934 sec
[04/11/2022, 18:47:34] [ale_1w_/Users/yinnnyou/workspace/s2search/pipelining/exp-cscc_cscc_n_citations]
============== end 17504 ==============
