

[03/30/2022, 07:10:44] [get categorical paper data for /home/youyinnn_gmail_com/s2search/pipelining/exp-cscc cscc]
============== start ==============
[03/30/2022, 07:10:58] [get categorical paper data for /home/youyinnn_gmail_com/s2search/pipelining/exp-cscc cscc]
============== end 35008 ==============


[03/30/2022, 07:10:58] [sampling shap explainer training for /home/youyinnn_gmail_com/s2search/pipelining/exp-cscc cscc]
============== start ==============
[03/30/2022, 07:11:04] [sampling shap explainer training for /home/youyinnn_gmail_com/s2search/pipelining/exp-cscc cscc]
============== end 7001 ==============


[03/30/2022, 07:11:04] [sampling shap sv computing for /home/youyinnn_gmail_com/s2search/pipelining/exp-cscc cscc]
============== start ==============
instances left: 209
estimating time left: 0:14:42.753300
---- 10:40010
instances left: 199
estimating time left: 0:14:03.600800
---- 20:80020
instances left: 189
estimating time left: 0:13:19.470000
---- 30:120030
instances left: 179
estimating time left: 0:12:32.945600
---- 40:160040
instances left: 169
estimating time left: 0:11:47.079100
---- 50:200050
instances left: 159
estimating time left: 0:11:11.536500
---- 60:240060
instances left: 149
estimating time left: 0:10:32.385800
---- 70:280070
instances left: 139
estimating time left: 0:09:51.695200
---- 80:320080
instances left: 129
estimating time left: 0:09:14.480700
---- 90:360090
instances left: 119
estimating time left: 0:08:31.676200
---- 100:400100
instances left: 109
estimating time left: 0:07:49.539300
---- 110:440110
instances left: 99
estimating time left: 0:07:08.066100
---- 120:480120
instances left: 89
estimating time left: 0:06:22.424100
---- 130:520130
instances left: 79
estimating time left: 0:05:42.070000
---- 140:560140
instances left: 69
estimating time left: 0:04:57.893700
---- 150:600150
instances left: 59
estimating time left: 0:04:14.136600
---- 160:640160
instances left: 49
estimating time left: 0:03:30.729400
---- 170:680170
instances left: 39
estimating time left: 0:02:47.458200
---- 180:720180
instances left: 29
estimating time left: 0:02:04.557900
---- 190:760190
instances left: 19
estimating time left: 0:01:21.867200
---- 200:800200
instances left: 9
estimating time left: 0:00:38.715300
---- 210:840210
[03/30/2022, 07:26:07] [sampling shap sv computing for /home/youyinnn_gmail_com/s2search/pipelining/exp-cscc cscc]
============== end 840210 ==============


