Child #[4, 5]: psutil.Process(pid=4544, name='python', status='running', started='03:30:00'), affinity [4, 5]
Child #[4, 5]: Set my affinity to [4, 5], affinity now [4, 5]

[03/30/2022, 02:11:15] start computing sampling shap for range: [3, 8]
[03/30/2022, 02:12:07] computing sampling shap 892:902 within 51.8538 sec, 5.1854 on average
[03/30/2022, 02:12:07] instances left: 436
[03/30/2022, 02:12:07] estimating time left: 0:37:40.834400

[[-2.83660643 -6.06293299 -2.06423843  0.          0.28688066 -0.1093618 ]
 [-2.82487624 -6.102805   -2.14290188  0.          0.02895959 -0.13583751]
 [-1.76933906  2.62310534 -1.42756418  0.          0.23436712  0.2388867 ]
 [ 7.28086927 -4.27161303 -1.37415512  0.          0.48876054 -0.08522523]
 [ 7.19178542  4.05539553 -0.42945224  0.          0.5198353  -0.10690632]
 [-2.37988427 -6.10787088 -2.3953778   0.          0.66436702 -0.09153542]
 [-2.13790508 -4.13770076  5.52506035  0.         -0.79369717  0.03066183]
 [ 3.60333213  8.07774256 -0.87488121  0.          0.54375881 -0.13396703]
 [-2.99466227 -5.72215302 -2.29380912  0.         -0.66873449  0.31196157]
 [-2.82455604 -6.07815653 -1.9867269   0.          0.6989952  -0.14297013]]
[03/30/2022, 02:12:58] computing sampling shap 902:912 within 50.9655 sec, 5.141 on average
[03/30/2022, 02:12:58] instances left: 426
[03/30/2022, 02:12:58] estimating time left: 0:36:30.066000

[[ 2.02661127 -0.37564145 -1.04212703  0.          0.24768226 -0.09111921]
 [ 2.84562677  8.21478122 -0.0870989   0.         -0.73658118  0.06581388]
 [ 1.16277691 -1.27700454  0.74117918  0.         -0.47505714  0.49190087]
 [-1.72938211  2.25760233 -1.03928354  0.          0.58063232 -0.12806454]
 [-1.94446941  2.44958595 -1.06545761  0.          0.62939493 -0.12754968]
 [-1.5959054  -4.91423372  5.7548856   0.         -0.7212157   0.1662341 ]
 [-2.00007385 -4.41135599  5.75090102  0.          0.1788052   0.01547773]
 [ 3.59805471  8.11450865 -0.76606218  0.         -0.03140295  0.19471632]
 [-2.88408116 -5.69649567 -2.4083411   0.          0.30885914 -0.08148519]
 [-2.07317398  3.24950577 -1.67053788  0.          0.57562613 -0.11025016]]
[03/30/2022, 02:13:54] computing sampling shap 912:922 within 56.4223 sec, 5.3082 on average
[03/30/2022, 02:13:54] instances left: 416
[03/30/2022, 02:13:54] estimating time left: 0:36:48.211200

[[ 3.14487401  8.58444323 -0.878244    0.          0.52318998  0.17267733]
 [-3.08917459 -6.07961284 -1.7253727   0.         -0.82583442 -0.18079701]
 [-2.74469466 -5.90906872 -2.14834635  0.          0.59679406 -0.1280989 ]
 [ 2.95418786  8.73839181 -0.78701262  0.         -0.0111833  -0.1310163 ]
 [-0.90609465  4.47793925  6.18653131  0.          0.23417041 -0.03835998]
 [-2.84212554 -6.26479027 -1.81689919  0.         -0.82660909  0.21342117]
 [ 2.06797462  0.17409687 -1.71175251  0.          0.25696842  0.10404234]
 [ 2.43625464 -0.68417281 -1.06979983  0.         -0.30463898  0.02066622]
 [ 2.36431506  0.0579125  -1.65235513  0.         -0.5471449   0.07074072]
 [ 1.22766785 -1.3194233   0.76042718  0.          0.30077119 -0.05918848]]
[03/30/2022, 02:14:49] computing sampling shap 922:932 within 54.844 sec, 5.3522 on average
[03/30/2022, 02:14:49] instances left: 406
[03/30/2022, 02:14:49] estimating time left: 0:36:12.993200

[[-2.96048176 -5.74947935 -2.26809496  0.         -0.82290854 -0.11693758]
 [-1.99850397  3.2287364  -1.69949712  0.          0.51541881 -0.01359532]
 [ 2.30698234 -0.16218499 -1.56982414  0.         -1.07023447 -0.02321011]
 [ 2.69399779  1.74723877  6.52553076  0.          0.35585836 -0.09940208]
 [ 3.4173846   8.26250785 -0.77075608  0.          0.18444863  0.19182617]
 [-1.51026932  2.3575962  -1.30972393  0.          0.55415158 -0.11965542]
 [-2.69509001 -6.27717024 -1.81659753  0.         -0.41715158  0.38481517]
 [ 1.4510735  -1.71696855  0.9579588   0.         -0.78601894 -0.13336443]
 [-2.22915866 -4.14646521  5.56402845  0.         -0.04002544 -0.11350499]
 [ 6.71641515  5.43311269 -0.4473509   0.         -0.24267991  0.18983565]]
[03/30/2022, 02:15:45] computing sampling shap 932:942 within 55.8183 sec, 5.3982 on average
[03/30/2022, 02:15:45] instances left: 396
[03/30/2022, 02:15:45] estimating time left: 0:35:37.687200

[[-2.98154133e+00 -5.90532057e+00 -2.11749780e+00  0.00000000e+00
  -6.47531800e-01  5.10947664e-01]
 [ 6.48525808e+00  5.52060753e+00 -3.62793291e-01  0.00000000e+00
   4.63228299e-01 -1.39739880e-01]
 [ 2.19852683e+00  4.60502626e+00  4.06473562e+00  0.00000000e+00
   5.26420523e-01 -1.19056922e-01]
 [-2.84936477e+00 -6.17277346e+00 -1.90440077e+00  0.00000000e+00
   2.91378703e-01 -1.82843620e-01]
 [-2.78478860e+00 -5.94672503e+00 -2.21045076e+00  0.00000000e+00
  -7.68487175e-02  2.19368590e-02]
 [ 2.09881339e+00 -4.61742744e-02 -1.56269629e+00  0.00000000e+00
   3.56251609e-01 -1.02156458e-01]
 [-2.50231917e+00 -6.24858412e+00 -2.37362896e+00  0.00000000e+00
   3.95922365e-01 -8.93943752e-02]
 [ 2.41925028e+00  1.75646578e+00  6.80288018e+00  0.00000000e+00
   1.30661720e-01 -4.53011881e-03]
 [-1.55772123e+00 -1.58824386e-01  1.48230360e+00  0.00000000e+00
   4.67914709e-01 -1.30258933e-01]
 [ 2.20100717e+00 -6.67155215e-01 -9.07529790e-01  0.00000000e+00
   2.16516523e-01 -9.78713622e-02]]
[03/30/2022, 02:16:36] computing sampling shap 942:952 within 51.6309 sec, 5.359 on average
[03/30/2022, 02:16:36] instances left: 386
[03/30/2022, 02:16:36] estimating time left: 0:34:28.574000

[[-2.87843505 -6.10808786 -2.03968573  0.         -0.01405695 -0.13719603]
 [-2.83399717 -5.87605062 -2.23692531  0.          0.74312586 -0.10645371]
 [-1.97053387  2.74058384 -1.42838143  0.         -0.74972118 -0.13756816]
 [-1.6066367  -4.51177987  5.32144818  0.         -0.70457225  0.52286471]
 [-1.67679893 -0.52301211  1.56397021  0.          0.68190556 -0.07489503]
 [-0.60439591  5.50931445  4.90318003  0.          0.57905657 -0.05579313]
 [ 2.02801531  7.70171416  1.1493631   0.         -0.22445526  0.07338813]
 [ 2.64915642 -0.18265012 -1.77024231  0.         -0.48952516  0.03315828]
 [-2.54898854 -6.29518229 -2.17290537  0.         -0.69371396  0.13398999]
 [ 2.39726149  0.08501586 -1.9143232   0.          0.30674483 -0.11022339]]
[03/30/2022, 02:17:30] computing sampling shap 952:962 within 54.1352 sec, 5.3668 on average
[03/30/2022, 02:17:30] instances left: 376
[03/30/2022, 02:17:30] estimating time left: 0:33:37.916800

[[ 3.36987517  2.03931466  5.57848049  0.          0.31675371 -0.08212998]
 [-2.86176357 -6.19326728 -1.84540706  0.          0.21278303 -0.09860427]
 [-1.47415719  2.06659218 -1.09777732  0.          0.19153184 -0.03179518]
 [-2.76495429 -5.94251596 -2.22728949  0.          0.27025489 -0.09703884]
 [-2.64622186 -5.99011502 -2.2927869   0.          0.25984041 -0.04607533]
 [ 1.21705662 -1.68842293  1.04452694  0.         -0.30114253  0.48240277]
 [-2.98250717 -5.97594442 -2.0482888   0.          0.32279749 -0.07760049]
 [ 3.13298727  5.11367508  2.39858839  0.         -0.35073986 -0.1100572 ]
 [-2.80541919 -5.8947128  -2.27468897  0.         -0.83741536  0.03108534]
 [-2.94024264 -6.17503242 -1.81854096  0.         -0.8980429   0.05447763]]
[03/30/2022, 02:18:27] computing sampling shap 962:972 within 57.021 sec, 5.4088 on average
[03/30/2022, 02:18:27] instances left: 366
[03/30/2022, 02:18:27] estimating time left: 0:32:59.620800

[[-1.94126924e+00 -4.84234213e+00  5.94929720e+00  0.00000000e+00
   3.55043253e-01 -1.01292493e-01]
 [ 2.65077639e+00 -3.66059559e+00  1.55072586e+00  0.00000000e+00
  -4.00866785e-02  2.25739608e-01]
 [ 2.69131225e+00  1.68513110e+00  6.46477251e+00  0.00000000e+00
  -3.92102878e-01  1.97665498e-01]
 [-2.85392574e+00 -5.77578111e+00 -2.23315831e+00  0.00000000e+00
  -4.85532635e-01  7.21754329e-01]
 [ 2.24561526e+00 -3.70339556e-01 -1.18686229e+00  0.00000000e+00
  -3.49776620e-02 -1.31536133e-01]
 [-1.78694742e+00 -4.42583210e+00  5.31095176e+00  0.00000000e+00
  -7.63922947e-01 -1.34339505e-01]
 [-6.02040538e-01  1.13622713e+01 -8.83254499e-01  0.00000000e+00
   5.23258999e-01 -1.42167677e-01]
 [-3.12068068e+00 -6.10806691e+00 -1.76289436e+00  0.00000000e+00
  -7.07007085e-01 -1.60788147e-01]
 [-3.01268545e+00 -5.71885248e+00 -2.11364156e+00  0.00000000e+00
   1.96736053e-01 -3.80363516e-02]
 [-2.89274239e+00 -5.93584576e+00 -1.98069011e+00  0.00000000e+00
   1.36290502e-01  1.34872307e-03]]
[03/30/2022, 02:19:26] computing sampling shap 972:982 within 58.4474 sec, 5.4572 on average
[03/30/2022, 02:19:26] instances left: 356
[03/30/2022, 02:19:26] estimating time left: 0:32:22.763200

[[-0.71918453 11.49285104 -1.05493669  0.          0.01745339 -0.11458348]
 [ 5.99066247 -4.34828068 -1.22496543  0.         -0.39588845  0.03372619]
 [ 3.3099979   4.97144264  2.62359504  0.         -0.75688718 -0.13130485]
 [-2.99816456 -5.98174574 -1.81888211  0.         -0.87241451  0.84141461]
 [-2.94187312 -5.98227894 -1.91359772  0.          0.62259975 -0.11826447]
 [-0.43819789 11.07754417 -0.84546263  0.          0.62636519 -0.12122179]
 [-1.61631224 -0.47913444  1.53041221  0.          0.63496992 -0.04373212]
 [ 7.63732411  0.9226258   2.37920444  0.         -0.07701067  0.04308596]
 [-3.27526674 -5.62080643 -2.10940005  0.         -0.32202575  0.02154117]
 [-1.65424864  2.14090449 -1.0360003   0.          0.19668192  0.0187593 ]]
[03/30/2022, 02:20:21] computing sampling shap 982:992 within 54.8801 sec, 5.4603 on average
[03/30/2022, 02:20:21] instances left: 346
[03/30/2022, 02:20:21] estimating time left: 0:31:29.263800

[[-1.77691992  2.05842539 -0.92082904  0.         -0.71061415  0.12979838]
 [-2.91810633 -6.03170603 -2.08005835  0.         -0.74731066 -0.05452458]
 [-0.73140691 11.40060647 -0.83216467  0.          0.66631084 -0.15070883]
 [ 6.40355083  5.36237521 -0.85682406  0.          0.30187285 -0.09135213]
 [ 2.63003691  1.29538861  7.0218865   0.          0.36499425 -0.08908193]
 [-2.00270607  2.94875296 -1.59778164  0.         -0.01542851  0.01277515]
 [ 2.46440358 -0.84541323 -1.02100958  0.         -0.41591277  0.20965158]
 [-1.7026196   2.81531462 -1.72750569  0.          0.69629551 -0.11031512]
 [-2.88450413 -6.03566914 -2.0827601   0.          0.33768407 -0.15275429]
 [-0.59433423 11.04963227 -0.63979094  0.          0.29971213 -0.06829628]]
[03/30/2022, 02:21:13] computing sampling shap 992:1002 within 52.7066 sec, 5.4431 on average
[03/30/2022, 02:21:13] instances left: 336
[03/30/2022, 02:21:13] estimating time left: 0:30:28.881600

[[-3.22066003 -6.09962632 -1.69647142  0.         -0.75899459  0.07781044]
 [ 3.47358753  8.08819537 -0.74619123  0.          0.5290608  -0.12866744]
 [-3.05276371 -5.66815367 -2.21322683  0.          0.28346999 -0.16733005]
 [ 3.14815256  8.34769254 -0.64334555  0.          0.52096293 -0.15747718]
 [ 2.03950698  0.01740709 -1.42905829  0.          0.24337991 -0.0395855 ]
 [-2.03356067 -4.57249805  5.82260543  0.          0.3174459  -0.04225006]
 [-1.97349322 -4.30914413  5.5220765   0.         -0.7505095   0.32343483]
 [ 6.47136256  5.51487563 -0.46951271  0.          0.5842827  -0.13444727]
 [-1.95082796 -4.33334291  5.47034673  0.         -0.33454261  0.01129218]
 [-1.61462334 -0.26858025  1.2653258   0.         -0.31514994  0.56720746]]
[03/30/2022, 02:22:08] computing sampling shap 1002:1012 within 54.4609 sec, 5.4433 on average
[03/30/2022, 02:22:08] instances left: 326
[03/30/2022, 02:22:08] estimating time left: 0:29:34.515800

[[ 1.98287419 -0.22394094 -1.07759697  0.         -0.24067801  0.21248232]
 [-2.98930081 -5.90578239 -1.97081192  0.         -0.72870228  0.42335141]
 [ 1.30788423 -1.54160594  0.83286455  0.          0.28134316 -0.0626744 ]
 [ 1.68692967 -0.28955016 -0.79118427  0.          0.2555803  -0.07324274]
 [ 6.45244964  5.4747879  -1.01343317  0.         -0.63955457 -0.08932583]
 [ 6.54870104  5.36027346 -0.27336198  0.          0.42844003 -0.09749121]
 [ 6.93280417  5.10743945 -0.43820355  0.          0.25441882 -0.02080661]
 [ 1.56152363 -0.7689045  -0.21564481  0.         -0.20346326  0.00884282]
 [ 2.33593645 -0.51926028 -1.10184981  0.         -0.72774834  0.04216522]
 [-2.03440874  2.79997279 -1.34826495  0.         -0.78202466  0.01744188]]
[03/30/2022, 02:23:01] computing sampling shap 1012:1022 within 52.9705 sec, 5.4321 on average
[03/30/2022, 02:23:01] instances left: 316
[03/30/2022, 02:23:01] estimating time left: 0:28:36.543600

[[ 7.02131940e+00 -2.36575233e+00  5.81338802e+00  0.00000000e+00
  -4.22361824e-01 -1.05202871e-01]
 [ 2.80952622e+00  8.52955466e+00 -5.60536332e-01  0.00000000e+00
   5.67480059e-01  7.55716704e-02]
 [ 2.49172445e+00 -2.29839628e-01 -1.68467418e+00  0.00000000e+00
   5.41232515e-01 -1.52774307e-01]
 [ 6.13311066e+00 -3.94059910e+00 -1.64416046e+00  0.00000000e+00
  -8.50371760e-03 -6.34800812e-02]
 [-1.37508008e+00  2.35587107e+00 -1.56118254e+00  0.00000000e+00
   6.76423710e-01 -1.55457491e-01]
 [ 9.86050375e+00  3.51198348e-01  1.32530666e+00  0.00000000e+00
  -4.12021757e-01 -7.02312016e-02]
 [-1.38791912e+00  2.19802925e+00 -1.36718039e+00  0.00000000e+00
  -9.12401317e-02 -1.22413152e-01]
 [-2.78620957e+00 -5.93954911e+00 -2.05074173e+00  0.00000000e+00
   5.56767055e-01 -1.13681015e-01]
 [-2.22671558e+00  3.13723388e+00 -1.65885782e+00  0.00000000e+00
   4.04767411e-01 -1.20060672e-01]
 [-2.77202530e+00 -6.16918420e+00 -1.89776930e+00  0.00000000e+00
   6.55829922e-01 -1.50265717e-01]]
[03/30/2022, 02:23:57] computing sampling shap 1022:1032 within 55.9541 sec, 5.4438 on average
[03/30/2022, 02:23:57] instances left: 306
[03/30/2022, 02:23:57] estimating time left: 0:27:45.802800

[[ 2.27697564e+00 -6.62443190e-01 -9.55975641e-01  0.00000000e+00
  -4.47806676e-01 -1.49507196e-01]
 [-2.68785995e+00 -6.24487050e+00 -2.09040719e+00  0.00000000e+00
  -5.77301605e-01 -3.58871808e-03]
 [-1.63017995e+00  2.59235612e+00 -1.50290171e+00  0.00000000e+00
   2.18696359e-01 -1.03781971e-01]
 [-1.98505787e+00  2.73543483e+00 -9.80751754e-01  0.00000000e+00
  -8.08848905e-01  3.10228838e-03]
 [ 2.13820351e+00  1.07349802e-01 -1.74759382e+00  0.00000000e+00
  -1.09725078e-02  4.84971123e-01]
 [-5.77325553e-01  1.09900574e+01 -6.57753368e-01  0.00000000e+00
   6.34407316e-01 -1.31317828e-01]
 [-2.26640402e+00 -4.15268736e+00  5.75337344e+00  0.00000000e+00
   6.71526425e-01 -4.59313919e-02]
 [-8.65050235e-01  5.08446647e+00  5.85590999e+00  0.00000000e+00
   3.74311043e-01 -2.73727027e-02]
 [ 3.60365063e+00  7.79157903e+00 -5.47115582e-01  0.00000000e+00
   2.01175759e-02  3.01077456e-01]
 [-1.54480004e+00  2.99549201e+00 -2.01774185e+00  0.00000000e+00
   6.30086051e-01 -1.22461536e-01]]
[03/30/2022, 02:24:52] computing sampling shap 1032:1042 within 55.566 sec, 5.4513 on average
[03/30/2022, 02:24:52] instances left: 296
[03/30/2022, 02:24:52] estimating time left: 0:26:53.584800

[[-5.80315408e-01  8.62931989e+00  1.85190788e+00  0.00000000e+00
  -2.45412786e-01  5.52939078e-01]
 [-2.92488422e+00 -5.86211403e+00 -2.21497709e+00  0.00000000e+00
   3.29646493e-01 -1.45675189e-01]
 [ 6.47007741e+00  4.67972103e+00  1.49766048e+00  0.00000000e+00
  -4.97177824e-01  3.57441436e-02]
 [ 2.77259360e+00  8.59641524e+00 -4.51570247e-01  0.00000000e+00
   2.52009821e-01 -1.64021715e-01]
 [-2.79684198e+00 -6.30432653e+00 -1.76417951e+00  0.00000000e+00
   6.86437749e-01 -1.31390703e-01]
 [ 5.75149070e+00  4.67350466e+00  1.34681262e+00  0.00000000e+00
  -6.71209001e-01  2.83847426e-02]
 [-1.50993544e+00  2.46376745e+00 -1.43905249e+00  0.00000000e+00
   6.15518806e-01 -1.88793798e-01]
 [-1.04909505e+00 -2.60319513e+00  1.36054236e+01  0.00000000e+00
   3.61178499e-01  4.09628131e-04]
 [-1.73395781e+00  3.05359093e+00 -1.65300288e+00  0.00000000e+00
   2.53985070e-01 -1.44633048e-01]
 [ 2.89370649e+00  5.36002480e+00  2.59489345e+00  0.00000000e+00
  -2.08965114e-01  1.02016431e-01]]
[03/30/2022, 02:25:48] computing sampling shap 1042:1052 within 55.7664 sec, 5.4592 on average
[03/30/2022, 02:25:48] instances left: 286
[03/30/2022, 02:25:48] estimating time left: 0:26:01.331200

[[ 2.37580346 -0.61087922 -1.18619903  0.          0.50822938 -0.12035615]
 [-3.18181568 -5.84651287 -1.8581091   0.          0.66923189 -0.09309541]
 [-2.77899386 -5.80923814 -2.36890369  0.         -0.35966707  0.04927276]
 [-1.76686729  2.13817739 -0.89602096  0.          0.59801659 -0.13180113]
 [-2.03973525  3.11800095 -1.68085116  0.         -0.7270511   0.31208129]
 [-0.94879573  1.82629339  8.95946995  0.         -0.40513521  0.28920308]
 [-2.96265907 -5.83367882 -2.06810554  0.          0.6578565  -0.12682737]
 [ 5.99305169  4.82603894  0.90737727  0.          0.17001839 -0.1353366 ]
 [-1.78320749 -4.29433253  5.32623316  0.         -0.91414193 -0.10693521]
 [-2.77925589 -5.97800269 -2.15979392  0.          0.26963816 -0.17058978]]
[03/30/2022, 02:26:45] computing sampling shap 1052:1062 within 57.1117 sec, 5.474 on average
[03/30/2022, 02:26:45] instances left: 276
[03/30/2022, 02:26:45] estimating time left: 0:25:10.824000

[[-1.7675198   2.3532259  -1.17227219  0.         -0.55103815  0.09021068]
 [ 2.38386326  2.13316185  6.45452373  0.          0.10052947 -0.06366172]
 [-0.86035726  4.90574991  5.5713211   0.         -0.50082257  0.15158611]
 [ 2.22577129 -0.66905319 -0.89476368  0.          0.20857859 -0.12556539]
 [ 3.33037418  8.03160434 -0.5955881   0.          0.55460858 -0.02570555]
 [-2.68467321 -6.15406682 -2.0392495   0.         -0.96624746 -0.09793166]
 [ 2.3947207  -0.17052432 -1.66468993  0.          0.29250868  0.03438469]
 [-2.18498687  3.43122189 -1.92048285  0.         -0.99167396 -0.09948824]
 [-1.65031557 -0.76787332  1.86204469  0.         -0.39570553 -0.1319801 ]
 [-1.78221063  2.97869949 -1.69391853  0.          0.20593019 -0.17213322]]
[03/30/2022, 02:27:37] computing sampling shap 1062:1072 within 51.9761 sec, 5.4586 on average
[03/30/2022, 02:27:37] instances left: 266
[03/30/2022, 02:27:37] estimating time left: 0:24:11.987600

[[-3.03688427 -5.98164291 -1.93203653  0.         -0.85033704  0.19142696]
 [-1.82440684  2.30811243 -1.07288008  0.         -0.58785206  0.27646276]
 [-1.60276848  2.43046311 -1.35784163  0.          0.58982773  0.05292806]
 [-2.79167399 -5.72992158 -2.40501556  0.         -0.83936206  0.20808275]
 [ 6.19209098  4.3738403   1.05186105  0.          0.30380875 -0.09153996]
 [-2.83334655 -5.95258751 -2.1536184   0.         -0.42810187 -0.16941757]
 [ 3.16790166  8.18217479 -0.54117505  0.          0.56015219 -0.1530685 ]
 [-2.32854231 -4.2072065   5.85897676  0.         -0.19237358 -0.09598044]
 [-2.76883412 -6.08862128 -2.05178725  0.          0.26317152 -0.11547291]
 [-3.02639422 -6.18605287 -1.81116903  0.         -0.74939304 -0.14489263]]
[03/30/2022, 02:28:29] computing sampling shap 1072:1082 within 51.8438 sec, 5.4442 on average
[03/30/2022, 02:28:29] instances left: 256
[03/30/2022, 02:28:29] estimating time left: 0:23:13.715200

[[ 1.87944101e+00  2.73687021e-03 -1.28663782e+00  0.00000000e+00
   4.93493786e-01 -1.23364976e-01]
 [ 2.11131891e+00 -3.87361874e-01 -9.60504319e-01  0.00000000e+00
   1.76442817e-01  8.64661889e-03]
 [ 1.98531908e+00 -3.02040096e-01 -1.04184108e+00  0.00000000e+00
   2.48336841e-01 -7.19632919e-02]
 [ 1.44588942e+01 -2.04678011e+00 -8.53264934e-01  0.00000000e+00
   2.45417621e-01 -4.32612127e-02]
 [-2.72582790e+00 -6.24711705e+00 -2.00150459e+00  0.00000000e+00
   3.21099792e-01 -1.64654288e-01]
 [ 1.08845465e+01  1.56213899e+00 -7.66687833e-01  0.00000000e+00
  -2.87164419e-03 -7.76296320e-02]
 [-2.22332131e+00 -4.04419066e+00  5.46771726e+00  0.00000000e+00
  -6.44645140e-01  2.73383919e-01]
 [ 2.93532056e+00  8.22032721e+00 -2.78097595e-01  0.00000000e+00
   2.63696933e-01 -5.35111415e-02]
 [ 6.25024626e+00 -3.94676872e+00 -1.89542761e+00  0.00000000e+00
   3.24965305e-01  4.03570594e-02]
 [ 1.77536470e+00 -2.97213022e-01 -8.21047482e-01  0.00000000e+00
  -8.19231699e-01 -3.80825737e-02]]
[03/30/2022, 02:29:22] computing sampling shap 1082:1092 within 52.6772 sec, 5.4354 on average
[03/30/2022, 02:29:22] instances left: 246
[03/30/2022, 02:29:22] estimating time left: 0:22:17.108400

[[ 1.77738847e+00  4.46746906e+00  4.62893516e+00  0.00000000e+00
   4.26176546e-02 -4.51067467e-03]
 [-1.81726812e+00  2.99685245e+00 -1.77389332e+00  0.00000000e+00
  -5.53274645e-01  9.67469910e-02]
 [ 6.83682749e+00  5.37112482e+00 -4.33395460e-01  0.00000000e+00
  -6.08127676e-01 -4.15262464e-02]
 [-3.12563524e+00 -5.95404912e+00 -1.87571337e+00  0.00000000e+00
  -6.05069509e-01  7.80525185e-02]
 [-3.09973016e+00 -5.70693887e+00 -2.13172508e+00  0.00000000e+00
  -6.05116303e-01 -6.05175621e-02]
 [ 1.21696516e+00 -1.51667213e+00  9.86882434e-01  0.00000000e+00
  -6.70950569e-02  6.97590794e-04]
 [-1.72430564e+00 -4.48321715e+00  5.36197171e+00  0.00000000e+00
  -7.35229732e-01  1.24088154e-01]
 [-3.06766845e+00 -5.91233834e+00 -1.99443831e+00  0.00000000e+00
  -1.12820534e+00 -1.21009600e-01]
 [ 5.57638699e+00 -4.02982555e+00 -1.03979747e+00  0.00000000e+00
  -7.56063683e-03 -1.23128144e-01]
 [-1.99905004e+00 -4.23136182e+00  5.34981371e+00  0.00000000e+00
  -2.42303824e-01 -3.57882425e-02]]
[03/30/2022, 02:30:18] computing sampling shap 1092:1102 within 55.7849 sec, 5.4422 on average
[03/30/2022, 02:30:18] instances left: 236
[03/30/2022, 02:30:18] estimating time left: 0:21:24.359200

[[-2.51423711 -6.39324924 -2.04728787  0.          0.26849197 -0.02907634]
 [-3.15874925 -5.98289537 -1.82343917  0.          0.77132989 -0.1396603 ]
 [-1.88572438 -4.54707886  5.50913517  0.         -0.99123056 -0.0611945 ]
 [ 2.78724705  8.45015704 -0.39684356  0.          0.25878294  0.22663792]
 [ 0.82957737 -1.28225765  1.12864249  0.          0.03516386 -0.07741996]
 [-2.87192045 -6.12486952 -1.92556563  0.          0.23663835  0.10519905]
 [ 2.06413193 -3.22489895  1.63451601  0.          0.55492882 -0.12036172]
 [-1.89804517  3.2570764  -1.88774585  0.          0.18585973  0.0211561 ]
 [-2.08025021 -4.61476196  5.87758949  0.         -0.83044723 -0.04799785]
 [ 2.05760017 -0.11988172 -1.32416773  0.          0.23417418 -0.01607413]]
[03/30/2022, 02:31:13] computing sampling shap 1102:1112 within 55.3741 sec, 5.4466 on average
[03/30/2022, 02:31:13] instances left: 226
[03/30/2022, 02:31:13] estimating time left: 0:20:30.931600

[[-1.91238647  3.12978113 -1.90228094  0.          0.72719744 -0.02543542]
 [ 2.6708263   2.04773735  6.25687976  0.          0.31266667 -0.06581575]
 [-3.01274935 -5.82937119 -2.04161267  0.          0.66747487 -0.11715621]
 [-2.60583264 -6.32097499 -1.91465916  0.          0.63825125 -0.13019875]
 [ 2.35171884 -0.04204975 -1.65155874  0.          0.24393832 -0.15801096]
 [-0.95927987 -2.90536623 13.66866948  0.          0.11859821 -0.07932276]
 [-1.92204455  2.84021563 -1.45682508  0.         -0.08269337 -0.04902931]
 [-2.8286893  -6.14609688 -2.05147147  0.         -0.53488533  0.20356593]
 [ 3.39211554  8.29030787 -0.74626758  0.         -0.29018662 -0.15901374]
 [ 3.52984826  4.95122118  2.41712414  0.         -0.69598792 -0.17364548]]
[03/30/2022, 02:32:08] computing sampling shap 1112:1122 within 55.0316 sec, 5.449 on average
[03/30/2022, 02:32:08] instances left: 216
[03/30/2022, 02:32:08] estimating time left: 0:19:36.984000

[[ 5.94057607  4.7196018   0.95500375  0.         -0.16492408  0.2681186 ]
 [-1.83254453  2.46332186 -1.25116052  0.          0.67659617 -0.11563823]
 [-3.02443243 -5.8349967  -2.08014291  0.         -0.66475248  0.5665988 ]
 [ 2.25492064 -0.52586489 -1.08768962  0.         -0.04059898  0.16167171]
 [-0.71189843 11.25170492 -0.67223974  0.          0.21322058  0.24827456]
 [-2.33181958  3.28632648 -1.64237136  0.          0.04773382 -0.10388531]
 [ 2.12975674 -0.02867539 -1.58659076  0.          0.58559022 -0.13441233]
 [ 2.6043776   1.87849864  6.30559254  0.         -0.17825011 -0.05516254]
 [ 6.18672901  4.41971753  1.16895593  0.         -0.90018342  0.16767554]
 [-1.87953751 -4.24736671  5.28941692  0.         -0.71442152  0.449576  ]]
[03/30/2022, 02:32:59] computing sampling shap 1122:1132 within 51.4166 sec, 5.4362 on average
[03/30/2022, 02:32:59] instances left: 206
[03/30/2022, 02:32:59] estimating time left: 0:18:39.857200

[[-1.54870781  2.77050524 -1.84371173  0.         -0.67663312  0.50385104]
 [-3.08300159 -5.66090777 -2.12128044  0.          0.21382911 -0.11018331]
 [-2.90045625 -5.79348832 -2.29552412  0.          0.32046482 -0.11725514]
 [-2.00472554 -4.29150299  5.61281486  0.         -0.45767587 -0.10380838]
 [-2.87845308 -6.44165733 -1.67860159  0.         -0.34279808  0.01222988]
 [-2.47898346 -6.08528274 -2.27088874  0.          0.65085706 -0.12600331]
 [ 5.42792542 -3.78975803 -1.10646645  0.          0.4991315  -0.0643792 ]
 [-2.82334552 -6.16963579 -1.94356014  0.          0.28275611 -0.16421885]
 [-1.87580618  2.91295614 -1.70555041  0.         -0.27197124  0.16472319]
 [-2.74410703 -5.97305406 -2.18276972  0.         -0.12330387  0.19461226]]
[03/30/2022, 02:33:50] computing sampling shap 1132:1142 within 50.3472 sec, 5.4202 on average
[03/30/2022, 02:33:50] instances left: 196
[03/30/2022, 02:33:50] estimating time left: 0:17:42.359200

[[-2.82604552 -6.20125792 -1.91707609  0.          0.73605455 -0.10197607]
 [-2.95425072 -6.15493627 -1.90929237  0.         -0.05120478 -0.1077771 ]
 [-2.71997881 -5.93758895 -2.04514991  0.          0.50510734 -0.13580418]
 [-2.23585185 -4.37232098  5.83060622  0.         -0.77019253  0.26764252]
 [ 3.33659191  5.52318596  2.07562094  0.          0.45050063 -0.1353589 ]
 [-3.14095439 -5.79345643 -2.05331237  0.          0.3232319  -0.09705225]
 [-1.91042325  2.68408747 -1.41617746  0.          0.28878892  0.01982097]
 [-0.73446605  8.45239703  2.15007086  0.          0.52420101  0.06032191]
 [ 3.45620678  8.0956319  -0.71460977  0.          0.50940388 -0.1306475 ]
 [-3.02983253 -5.6631237  -2.33312991  0.         -0.70386065  0.04423635]]
[03/30/2022, 02:34:44] computing sampling shap 1142:1152 within 54.7123 sec, 5.4221 on average
[03/30/2022, 02:34:44] instances left: 186
[03/30/2022, 02:34:44] estimating time left: 0:16:48.510600

[[-1.43464907e+00  2.30973955e+00 -1.44146128e+00  0.00000000e+00
  -6.79334398e-02 -1.74600963e-01]
 [-1.60884215e+00  3.02253462e+00 -1.95734191e+00  0.00000000e+00
  -7.22050355e-01  1.05032216e-01]
 [ 2.79225759e+00  2.10808270e+00  6.11713586e+00  0.00000000e+00
   3.02383387e-01 -6.68938311e-03]
 [ 2.19462679e+00 -4.75958684e-01 -1.04878932e+00  0.00000000e+00
  -5.04850112e-02 -9.74941561e-02]
 [-5.21468091e-01  8.30480145e+00  2.02890833e+00  0.00000000e+00
  -3.06302902e-01 -2.00853034e-02]
 [-2.94852428e+00 -5.96822918e+00 -1.95858572e+00  0.00000000e+00
   1.55365794e-01  1.07283884e-02]
 [-2.96279697e+00 -6.15466452e+00 -1.84974514e+00  0.00000000e+00
   7.37871153e-01 -1.04078941e-01]
 [-2.85305340e+00 -6.43654164e+00 -1.70242824e+00  0.00000000e+00
  -7.63376956e-01 -1.04037195e-01]
 [-1.84825259e+00  2.76180993e+00 -1.50101455e+00  0.00000000e+00
   6.51383764e-01 -1.23352026e-01]
 [ 1.90101873e+00 -5.78715715e-01 -6.95168772e-01  0.00000000e+00
   8.80734053e-03 -5.44465022e-02]]
[03/30/2022, 02:35:42] computing sampling shap 1152:1162 within 57.8303 sec, 5.4355 on average
[03/30/2022, 02:35:42] instances left: 176
[03/30/2022, 02:35:42] estimating time left: 0:15:56.648000

[[-0.81974302 11.34428571 -0.74190741  0.          0.29912278 -0.08702524]
 [ 6.87657327  4.52021752  1.24676404  0.         -0.58764611  0.06366968]
 [-0.74120351 11.00237254 -0.44109618  0.         -0.7999789  -0.13239382]
 [-2.7279567  -5.94379674 -2.24685655  0.         -0.38006244  0.14983217]
 [ 2.18616064 -0.23387475 -1.33160657  0.         -0.67460249  0.20395135]
 [-2.67645339 -6.04829664 -2.34746792  0.         -0.67857509 -0.0936421 ]
 [-1.88686266 -4.18454579  5.40718964  0.          0.20056804 -0.03849327]
 [-1.97396737 -4.40900653  5.6543894   0.          0.72196773 -0.05473228]
 [ 2.79872949  1.70063973  6.4463048   0.          0.02483647  0.07945241]
 [ 2.34102838  0.12780084 -1.86645502  0.         -0.43533758  0.27357428]]
[03/30/2022, 02:36:33] computing sampling shap 1162:1172 within 50.6106 sec, 5.4222 on average
[03/30/2022, 02:36:33] instances left: 166
[03/30/2022, 02:36:33] estimating time left: 0:15:00.085200

[[ 2.05606441 -0.09225767 -1.39164863  0.          0.49841314 -0.10397284]
 [-2.81763556 -6.07547467 -2.08763365  0.         -0.39329463 -0.16303308]
 [-2.9995811  -5.67688185 -2.21427638  0.          0.66649812 -0.08605994]
 [-3.00008995 -5.88711615 -2.03517012  0.          0.25670567 -0.15233357]
 [ 2.19432512 -0.50512697 -1.06861695  0.         -0.67392715 -0.12624907]
 [ 2.2501227   0.25782132 -1.95110353  0.         -1.16883738 -0.116833  ]
 [ 3.23235359  7.97204454 -0.35394328  0.          0.27070799 -0.01614566]
 [-0.79455875 11.44505483 -0.81128946  0.          0.54030701 -0.08645568]
 [-2.82592675 -5.8301849  -2.30308735  0.          0.29891042 -0.05507011]
 [-2.61718603 -5.9954641  -2.33146695  0.         -0.78974563  0.15945625]]
[03/30/2022, 02:37:29] computing sampling shap 1172:1182 within 55.7315 sec, 5.4274 on average
[03/30/2022, 02:37:29] instances left: 156
[03/30/2022, 02:37:29] estimating time left: 0:14:06.674400

[[ 5.97164815 -3.98351033 -1.51315351  0.          0.0246542  -0.05407759]
 [ 2.09473099 -0.17463478 -1.23523725  0.         -0.26008307 -0.13470439]
 [-2.83142394 -6.10069473 -2.02391332  0.         -0.0833826   0.15692077]
 [ 3.21628407  8.34354559 -0.74050083  0.          0.30022259 -0.01453462]
 [-0.62028078  7.89196644  2.35674642  0.         -0.72018545  0.08926954]
 [ 3.42446625  8.00763489 -0.52560911  0.          0.00998604 -0.06951566]
 [-2.24166743 -5.97745026 -2.53259241  0.          0.57298948 -0.15469373]
 [ 2.00948022 -0.47067868 -0.90241825  0.         -0.71117898  0.21528411]
 [-1.6886155   3.06166743 -1.64404784  0.          0.52261132 -0.09673131]
 [-1.7397819   2.52263263 -1.42556412  0.         -0.48917592  0.22890066]]
[03/30/2022, 02:38:24] computing sampling shap 1182:1192 within 54.9408 sec, 5.4296 on average
[03/30/2022, 02:38:24] instances left: 146
[03/30/2022, 02:38:24] estimating time left: 0:13:12.721600

[[-1.83982860e+00 -4.28151482e+00  5.36986061e+00  0.00000000e+00
  -9.59266590e-01  2.23537179e-01]
 [-2.83763211e+00 -5.83759045e+00 -2.22455787e+00  0.00000000e+00
   6.90766703e-01 -1.24400752e-01]
 [ 7.04531670e+00  5.25936348e+00 -5.54696414e-01  0.00000000e+00
  -7.43268875e-01  1.14546544e-01]
 [-2.41886884e+00 -6.29813687e+00 -2.21178984e+00  0.00000000e+00
   7.08333826e-01 -1.12952461e-01]
 [ 1.84161442e+00 -3.86831720e-01 -8.90200996e-01  0.00000000e+00
  -4.14545779e-01  6.94930056e-01]
 [-8.98112680e-01 -2.23858909e+00  1.31378882e+01  0.00000000e+00
   3.11499551e-01 -5.33935130e-02]
 [-7.77210149e-01  3.99385285e+00  6.72884665e+00  0.00000000e+00
   3.97294092e-01 -2.51652940e-02]
 [-2.33155341e+00 -5.96136842e+00 -2.50578237e+00  0.00000000e+00
   5.61778016e-01 -9.64885731e-02]
 [-2.06494672e+00 -4.36535683e+00  5.66338244e+00  0.00000000e+00
  -4.95382768e-02  1.75486368e-03]
 [ 2.87606930e+00  8.19344179e+00 -2.68297565e-01  0.00000000e+00
   5.66765523e-01 -9.23264806e-02]]
[03/30/2022, 02:39:16] computing sampling shap 1192:1202 within 52.7858 sec, 5.4247 on average
[03/30/2022, 02:39:16] instances left: 136
[03/30/2022, 02:39:16] estimating time left: 0:12:17.759200

[[-2.85458854e+00 -6.01187040e+00 -2.16592599e+00  0.00000000e+00
  -1.15451808e+00 -8.55231549e-02]
 [ 2.18393462e+00 -1.94368842e-01 -1.32719439e+00  0.00000000e+00
  -6.84878795e-01 -1.57087830e-01]
 [ 2.82293692e+00  8.56634982e+00 -4.28597820e-01  0.00000000e+00
  -6.06618686e-01  4.82505299e-01]
 [-2.75605184e+00 -5.81281079e+00 -2.45403751e+00  0.00000000e+00
  -7.02596656e-01 -1.94115098e-01]
 [-1.94965408e+00  3.01111062e+00 -1.38673340e+00  0.00000000e+00
   2.13893091e-01 -1.12633996e-01]
 [ 1.09193990e+01  1.31519505e+00 -4.37322793e-01  0.00000000e+00
  -5.79823223e-01 -1.42153007e-01]
 [-2.73014695e+00 -6.15299367e+00 -2.06323715e+00  0.00000000e+00
  -6.58677207e-01 -1.15625115e-01]
 [-1.86839353e+00 -3.23767004e-01  1.55325368e+00  0.00000000e+00
  -3.94316104e-01  5.75956926e-01]
 [ 2.44321955e+00 -3.06246933e-01 -1.54376891e+00  0.00000000e+00
  -6.57167731e-01 -1.68969299e-01]
 [ 1.34710945e+00  4.67128537e-01  8.84389607e+00  0.00000000e+00
  -3.98933136e-01 -4.05773611e-03]]
[03/30/2022, 02:40:06] computing sampling shap 1202:1212 within 49.8908 sec, 5.4111 on average
[03/30/2022, 02:40:06] instances left: 126
[03/30/2022, 02:40:06] estimating time left: 0:11:21.798600

[[-3.12952455 -5.77963562 -2.05192374  0.          0.28097423 -0.13789413]
 [-3.11103994 -5.98662549 -1.97053477  0.         -0.84095914 -0.02171432]
 [-1.73880813  2.45873872 -1.32382097  0.          0.67022325 -0.12482804]
 [-2.0764149  -4.49361986  5.75131203  0.         -0.5396419  -0.05037768]
 [-3.0810484  -5.65706011 -2.1471456   0.          0.6740622  -0.05972971]
 [-2.91709924 -5.91488231 -2.15455912  0.         -0.75154939 -0.17981216]
 [-1.80211444  2.49366375 -1.22231041  0.          0.62056889 -0.11770896]
 [ 2.84471142  8.34626408 -0.37741296  0.          0.52346796 -0.12104519]
 [-2.73492824 -6.22721252 -1.92469251  0.          0.68445261 -0.06345907]
 [ 6.59445472  5.65736481 -0.44188692  0.         -0.72371317 -0.10743428]]
[03/30/2022, 02:41:03] computing sampling shap 1212:1222 within 57.1416 sec, 5.4203 on average
[03/30/2022, 02:41:03] instances left: 116
[03/30/2022, 02:41:03] estimating time left: 0:10:28.754800

[[ 7.41987343e+00  4.13451878e+00 -8.35928345e-01  0.00000000e+00
   6.14694153e-01 -1.02500559e-01]
 [-2.92741773e+00 -5.72316270e+00 -2.30455149e+00  0.00000000e+00
  -3.03180242e-01  3.11582102e-01]
 [-1.32860752e+00 -2.39072014e+00  1.35199383e+01  0.00000000e+00
   4.36815732e-01 -6.35961499e-02]
 [-1.84966356e+00 -7.17383125e-01  1.94112793e+00  0.00000000e+00
  -3.04227955e-01  1.03330256e-02]
 [-2.69277930e+00 -6.22701772e+00 -2.08093202e+00  0.00000000e+00
  -4.55520892e-02 -1.64905982e-01]
 [-1.83774006e+00  3.05073537e+00 -1.77450772e+00  0.00000000e+00
  -6.99543254e-01  6.79024546e-01]
 [-1.85733425e+00  2.97784966e+00 -1.60467048e+00  0.00000000e+00
   5.80488709e-01 -1.55759415e-01]
 [ 3.19986232e+00  1.47804933e+00  6.34449072e+00  0.00000000e+00
   3.12116260e-01 -7.22297184e-02]
 [ 2.12771294e+00 -2.38680148e-01 -1.31390101e+00  0.00000000e+00
   2.70726599e-01 -1.00890698e-01]
 [-2.97049924e+00 -6.19291551e+00 -1.90214077e+00  0.00000000e+00
   3.81076134e-01 -1.33524563e-01]]
[03/30/2022, 02:41:57] computing sampling shap 1222:1232 within 54.0433 sec, 5.4198 on average
[03/30/2022, 02:41:57] instances left: 106
[03/30/2022, 02:41:57] estimating time left: 0:09:34.498800

[[-1.5675137   2.60709896 -1.71384338  0.          0.33763997  0.01492007]
 [-1.61308755  2.59507166 -1.57659694  0.         -0.84933404 -0.12964722]
 [ 7.31801528 -2.40213761  6.00986343  0.          0.3625915  -0.10724688]
 [ 3.11137781  8.34863289 -0.60458401  0.          0.51276109 -0.11764755]
 [-2.84092887 -5.76856317 -2.23508069  0.          0.65085482 -0.13969653]
 [-1.62992985  2.3115746  -1.19249909  0.          0.1943976  -0.08230437]
 [ 6.66975143  4.91060661 -0.81016211  0.          0.54059427 -0.12105681]
 [ 7.44108522  3.9392292  -0.5624648   0.          0.2714467   0.00926688]
 [-1.85892499  2.70256155 -1.41682741  0.         -0.80665576  0.20907433]
 [-2.82494052 -6.13086631 -1.95394109  0.          0.70503873 -0.12870522]]
[03/30/2022, 02:42:54] computing sampling shap 1232:1242 within 56.9554 sec, 5.4277 on average
[03/30/2022, 02:42:54] instances left: 96
[03/30/2022, 02:42:54] estimating time left: 0:08:41.059200

[[ 6.65708351  5.70815575 -0.74037156  0.          0.50418245 -0.10245297]
 [-2.72835892 -6.14360712 -2.08868873  0.          0.29122576 -0.04592973]
 [-1.80396362  2.94176994 -1.723898    0.          0.65021465 -0.09295319]
 [-1.8575941   3.23733912 -1.84576228  0.         -0.14962036 -0.03875041]
 [10.75832956  1.39957397 -0.51704332  0.          0.2241816  -0.07233743]
 [-2.06128274  3.0750794  -1.6539012   0.         -0.47011343  0.09447491]
 [ 3.23959184  1.88464399  5.63953011  0.         -0.37563055  0.13094103]
 [ 1.99546892  0.17502736 -1.72379347  0.          0.6408682  -0.12190227]
 [-3.06064603 -5.92962073 -2.01211171  0.         -0.728609   -0.18862403]
 [-2.74715317 -5.98361705 -2.23213608  0.         -0.83129175  0.12319841]]
[03/30/2022, 02:43:52] computing sampling shap 1242:1252 within 57.5452 sec, 5.4368 on average
[03/30/2022, 02:43:52] instances left: 86
[03/30/2022, 02:43:52] estimating time left: 0:07:47.564800

[[ 2.85947095e+00  8.51468623e+00 -4.40958880e-01  0.00000000e+00
   4.24341894e-01 -1.41555097e-01]
 [ 2.29216171e+00  1.33326543e+00  7.29372525e+00  0.00000000e+00
   2.22696386e-01  5.05285536e-02]
 [ 2.48633270e+00 -6.65145515e-01 -1.22465599e+00  0.00000000e+00
   5.10162701e-01 -8.53459351e-02]
 [-3.01620109e+00 -6.05967434e+00 -1.92346129e+00  0.00000000e+00
  -7.55338270e-01  1.80268437e-01]
 [ 3.42655085e+00  8.03823877e+00 -6.81522239e-01  0.00000000e+00
   5.70617067e-01 -7.16495682e-02]
 [-1.43721607e+00 -9.60739556e-01  1.66803497e+00  0.00000000e+00
  -5.78931012e-01  1.79799185e-01]
 [-2.05518202e+00  2.35536103e+00 -9.69180576e-01  0.00000000e+00
  -2.68765201e-03 -9.90341605e-02]
 [-2.96068287e+00 -5.79802297e+00 -2.11152533e+00  0.00000000e+00
   7.22878940e-01 -1.86062540e-01]
 [-2.67106328e+00 -6.05189466e+00 -2.19753795e+00  0.00000000e+00
   6.97332877e-01 -8.71384458e-02]
 [-1.72325715e+00  2.83976542e+00 -1.75085757e+00  0.00000000e+00
  -7.35516439e-01  7.47168103e-02]]
[03/30/2022, 02:44:46] computing sampling shap 1252:1262 within 54.4178 sec, 5.437 on average
[03/30/2022, 02:44:46] instances left: 76
[03/30/2022, 02:44:46] estimating time left: 0:06:53.212000

[[ 2.27121489e+00 -2.19611131e-01 -1.49515350e+00  0.00000000e+00
   5.67982546e-01 -1.27942947e-01]
 [-1.50399525e+00 -5.02286287e+00  5.83306245e+00  0.00000000e+00
   2.14165883e-01 -7.48126592e-02]
 [-7.61084851e-01  1.09907608e+01 -3.17139643e-01  0.00000000e+00
  -3.34718849e-01  1.86369936e-01]
 [-5.67655221e-01  8.06945838e+00  2.31158260e+00  0.00000000e+00
   5.96203273e-01 -1.16530522e-01]
 [-1.73944116e+00  2.41108016e+00 -1.14596548e+00  0.00000000e+00
   7.62818141e-02  1.92824886e-01]
 [-1.61522456e+00  2.02076837e+00 -9.82916031e-01  0.00000000e+00
  -8.23940135e-02 -8.47728703e-03]
 [ 2.13958056e+00 -3.14784657e-01 -1.18467955e+00  0.00000000e+00
   2.37296704e-01 -1.32444982e-01]
 [ 3.44276735e+00  5.33251569e+00  2.17608231e+00  0.00000000e+00
  -4.75304829e-01  1.95827045e-01]
 [ 2.12730308e+00  2.22184242e-01 -1.70035203e+00  0.00000000e+00
  -7.70044152e-01  3.95863318e-01]
 [-1.94079747e+00 -4.66234146e+00  5.87150536e+00  0.00000000e+00
  -1.05516362e-01 -1.63167310e-01]]
[03/30/2022, 02:45:42] computing sampling shap 1262:1272 within 56.0113 sec, 5.4413 on average
[03/30/2022, 02:45:42] instances left: 66
[03/30/2022, 02:45:42] estimating time left: 0:05:59.125800

[[-2.94127336e+00 -6.11677884e+00 -1.91791663e+00  0.00000000e+00
  -9.10537186e-01 -1.29598371e-01]
 [-2.82671872e+00 -5.99824727e+00 -1.99111294e+00  0.00000000e+00
   1.65802048e-01 -1.67727132e-01]
 [ 6.37110285e+00  5.65194765e-01  4.72568923e+00  0.00000000e+00
   2.00681649e-01  4.42383269e-02]
 [-3.20176693e+00 -5.69241517e+00 -2.10175214e+00  0.00000000e+00
  -7.94795368e-01 -1.27349922e-02]
 [ 3.32397972e+00  5.46654113e+00  2.15668019e+00  0.00000000e+00
   1.34493382e-02 -3.19708612e-02]
 [-2.94084248e+00 -6.17483261e+00 -1.93056944e+00  0.00000000e+00
   2.41680281e-02 -5.11156678e-02]
 [-1.72407741e+00  2.95626800e+00 -1.72217075e+00  0.00000000e+00
   5.67048583e-01 -6.01923759e-02]
 [ 2.77592750e+00  8.73479435e+00 -6.45988925e-01  0.00000000e+00
  -7.49960352e-01 -1.05577930e-01]
 [-2.72285313e+00 -6.16515451e+00 -2.01669617e+00  0.00000000e+00
  -8.99434168e-01 -2.04479482e-03]
 [ 2.05860627e+00 -5.59528705e-01 -8.46104549e-01  0.00000000e+00
   1.32996716e-01  2.49249471e-01]]
[03/30/2022, 02:46:33] computing sampling shap 1272:1282 within 50.3071 sec, 5.4308 on average
[03/30/2022, 02:46:33] instances left: 56
[03/30/2022, 02:46:33] estimating time left: 0:05:04.124800

[[ 2.13418396 -0.5493075  -0.98020702  0.          0.47214806 -0.11021912]
 [-2.87193929 -6.07961554 -1.97732821  0.          0.27104243 -0.12841858]
 [-2.98763386 -6.10951057 -1.96431707  0.          0.40108918 -0.15763169]
 [-2.94571991 -5.77322324 -2.19569296  0.         -0.9003456   0.1545515 ]
 [-0.87777593 11.41983877 -0.73577345  0.         -0.7199159  -0.11348933]
 [-2.8668398  -5.91118138 -2.16006108  0.         -0.89509835 -0.18416458]
 [ 3.47347487  8.02377058 -0.72695223  0.          0.57787886 -0.13218701]
 [-0.6934819  11.29838826 -0.7487308   0.         -0.08966136  0.05562022]
 [ 2.38305591 -0.069926   -1.64848818  0.          0.19525463 -0.11585851]
 [ 7.46274616  3.98426335 -0.57399478  0.         -0.02414124 -0.08350369]]
[03/30/2022, 02:47:27] computing sampling shap 1282:1292 within 53.8663 sec, 5.4297 on average
[03/30/2022, 02:47:27] instances left: 46
[03/30/2022, 02:47:27] estimating time left: 0:04:09.766200

[[-2.8400266  -5.92369919 -2.14107164  0.          0.20911334 -0.1223199 ]
 [-2.65817441 -6.40870883 -1.91536489  0.         -0.82667021 -0.15778273]
 [-3.06540769 -5.80010942 -1.95618436  0.          0.15214665 -0.14844903]
 [ 2.31511314  0.05256278 -1.76496493  0.         -0.65605648  0.21565212]
 [-1.93909166  2.82832281 -1.50265397  0.          0.65531967 -0.1013221 ]
 [-1.77719081 -4.36073078  5.4394203   0.          0.71211348 -0.06506447]
 [-1.7409101  -4.69186072  5.69766282  0.         -0.37852236  0.18358765]
 [ 4.8590184   3.27450489  3.41320607  0.          0.50940697 -0.08957544]
 [-2.86533135 -6.19256906 -1.95823388  0.         -0.83311741 -0.16809374]
 [-2.39520903 -3.991529    5.73864273  0.          0.17386272 -0.1063306 ]]
[03/30/2022, 02:48:21] computing sampling shap 1292:1302 within 54.8508 sec, 5.431 on average
[03/30/2022, 02:48:21] instances left: 36
[03/30/2022, 02:48:21] estimating time left: 0:03:15.516000

[[ 2.08283291 -0.32683552 -1.14790432  0.          0.50450805 -0.14600277]
 [ 2.20629767 -0.63455074 -0.87076577  0.         -0.77051537 -0.14642751]
 [-1.15374287 -2.31158623 13.52358711  0.          0.34547051  0.23123693]
 [ 2.13760195  0.01668332 -1.50957177  0.         -0.30126845  0.1977498 ]
 [-1.68170807  2.88883785 -1.80494911  0.         -0.04311769 -0.03074964]
 [-2.43783377 -6.0714805  -2.38552098  0.          0.69062439 -0.12920365]
 [ 1.39442083 -1.79387272  0.94375807  0.         -0.61806345  0.44809264]
 [-1.93949079  3.10249039 -1.49857406  0.         -0.09138031  0.29421608]
 [ 3.55321336  5.30916684  2.02784462  0.         -0.255745    0.316482  ]
 [-1.72968528  2.37723834 -1.19780845  0.          0.60994312 -0.05270842]]
[03/30/2022, 02:49:12] computing sampling shap 1302:1312 within 50.6109 sec, 5.4222 on average
[03/30/2022, 02:49:12] instances left: 26
[03/30/2022, 02:49:12] estimating time left: 0:02:20.977200

[[-2.91562319 -5.81860938 -2.18686308  0.         -1.16004742  0.33655144]
 [-2.5855746  -6.25712    -2.04840117  0.          0.24035841 -0.16726627]
 [ 5.58201322  4.48987389  1.4923304   0.          0.30243053 -0.07564577]
 [-2.18296895  2.96020887 -1.38435026  0.         -0.37418495 -0.08706203]
 [-2.93974292 -5.7896546  -2.07602187  0.          0.62730976 -0.15530496]
 [-2.62429787 -6.3485717  -2.05039054  0.         -0.76042318 -0.04802289]
 [-1.77890103  2.30538531 -1.08173079  0.          0.60883934 -0.11208854]
 [-2.89556876 -6.29545402 -1.7666221   0.          0.28645511 -0.14681385]
 [ 2.16623602  0.07796243 -1.66790803  0.          0.27992729 -0.09174192]
 [ 2.10711173 -0.33225691 -1.09056914  0.         -0.03587747 -0.096056  ]]
[03/30/2022, 02:50:06] computing sampling shap 1312:1322 within 53.877 sec, 5.4214 on average
[03/30/2022, 02:50:06] instances left: 16
[03/30/2022, 02:50:06] estimating time left: 0:01:26.742400

[[-2.99104089 -5.96951901 -2.0289143   0.         -0.77695022  0.22577263]
 [-2.81024418 -5.95100007 -2.21586139  0.         -0.05223578 -0.04516138]
 [-2.73788984 -5.85285727 -2.41537177  0.         -0.61671679 -0.06315584]
 [-1.89225482  3.16396293 -1.79225737  0.          0.20126009 -0.10652259]
 [-0.73248166 11.25437127 -0.662328    0.         -0.08923729 -0.13068384]
 [ 2.42323996  1.56651447  7.05967504  0.          0.13313956 -0.04595597]
 [-1.6904665  -0.74530484  1.88475833  0.          0.22341038 -0.07115838]
 [-1.73718159  2.20006429 -1.16643755  0.          0.04137013  0.27017362]
 [-1.92434475  2.65713452 -1.23309745  0.         -0.13587323 -0.01476446]
 [-2.4601833  -6.19418363 -2.24083663  0.          0.23688441 -0.15968492]]
[03/30/2022, 02:51:05] computing sampling shap 1322:1332 within 59.2236 sec, 5.4328 on average
[03/30/2022, 02:51:05] instances left: 6
[03/30/2022, 02:51:05] estimating time left: 0:00:32.596800

[[ 1.19442822 -1.22428592  0.73789815  0.         -0.29743841 -0.02480559]
 [ 2.99723816  8.35818949 -0.50634632  0.         -0.15464778  0.25126958]
 [-1.60126571 -0.77442154  1.65829414  0.          0.06745713  0.02224836]
 [ 3.2484742  -1.4799048   9.22651489  0.          0.27494855 -0.04848733]
 [ 2.97260542  8.48337714 -0.67019938  0.          0.59237546 -0.16217371]
 [-1.94814736 -0.42086169  1.79182206  0.         -0.04387602 -0.08443997]
 [-2.92306155 -5.77442265 -2.26186816  0.          0.28859128 -0.14724304]
 [-1.48891668  2.81787456 -1.84613631  0.         -0.76120703  0.05123037]
 [-2.73533607 -5.97926636 -2.14685848  0.          0.21599603 -0.17253932]
 [ 2.24237949 -0.53785678 -1.10621105  0.         -0.38471816 -0.03987103]]
[03/30/2022, 02:51:05] finish computing sampling shap for range: [3, 8] within 2390.434721 sec
