
[08/26/2022, 00:37:04] start computing sampling shap for range: [1, 1]
[08/26/2022, 00:37:37] computing sampling shap 0:1000 within 32.3135 sec, 0.0323 on average
[08/26/2022, 00:37:37] instances left: 16813
[08/26/2022, 00:37:37] estimating time left: 0:09:03.059900

[[ 4.50791131  3.54837088  3.39990831 -0.08710524  0.71252365  0.55563486]
 [ 0.          0.          0.         -0.10014873  1.34041338  0.02776701]
 [ 0.          0.          0.         -0.10934759  0.21931108  0.        ]
 ...
 [ 0.         15.74296334  5.10291198 -0.09669552  0.94462246  0.07702827]
 [ 0.          0.          0.         -0.11466844  1.0518563   0.42197915]
 [ 7.38207696 15.69725544  0.         -0.07937295  0.71029768  0.35997851]]
[08/26/2022, 00:38:10] computing sampling shap 1000:2000 within 33.0626 sec, 0.0327 on average
[08/26/2022, 00:38:10] instances left: 15813
[08/26/2022, 00:38:10] estimating time left: 0:08:37.085100

[[ 6.28467646  5.28160892  0.         -0.06875051  1.09411761  0.05870086]
 [ 0.         10.38333921  0.         -0.10526774  0.34055312  0.46398126]
 [ 6.14742358  5.22928159  0.         -0.06638347  1.68492244  0.        ]
 ...
 [ 0.         15.72651004  5.104063   -0.1059832   1.03103993  0.32136633]
 [ 6.31542989  5.29327852  0.         -0.07169713  0.39591785  0.09766568]
 [ 6.30312396  5.27796802  0.         -0.07017528  1.03618561  0.        ]]
[08/26/2022, 00:38:42] computing sampling shap 2000:3000 within 32.5459 sec, 0.0326 on average
[08/26/2022, 00:38:42] instances left: 14813
[08/26/2022, 00:38:42] estimating time left: 0:08:02.903800

[[ 6.01872241  5.53603839 10.2314121   0.14496979  0.64070208  0.35467028]
 [ 0.          0.          0.         -0.10107506  1.32851886  0.01587249]
 [ 6.19015155 15.7657454   0.         -0.07296715  0.78046424  0.205545  ]
 ...
 [ 0.          0.          0.         -0.10630904  0.49041978  0.27044945]
 [ 0.          0.          0.         -0.09145235  1.82497692  0.03502576]
 [ 0.         10.40987138  0.         -0.10240411  0.20335783  0.04688051]]
[08/26/2022, 00:39:15] computing sampling shap 3000:4000 within 32.5068 sec, 0.0326 on average
[08/26/2022, 00:39:15] instances left: 13813
[08/26/2022, 00:39:15] estimating time left: 0:07:30.303800

[[ 0.00000000e+00  0.00000000e+00  0.00000000e+00 -9.50239807e-02
   1.79118488e+00  0.00000000e+00]
 [ 0.00000000e+00  0.00000000e+00  0.00000000e+00 -1.08421264e-01
   2.70387923e-01  9.93999172e-02]
 [ 0.00000000e+00  1.03994996e+01  0.00000000e+00 -1.02917278e-01
   2.94353854e-01  4.06058930e-01]
 ...
 [ 0.00000000e+00  0.00000000e+00  0.00000000e+00 -1.00136463e-01
   2.35354958e-01  2.71219563e-01]
 [ 6.15222839e+00  1.56498937e+01  0.00000000e+00 -8.53479963e-02
   6.94595224e-01  5.28384400e-01]
 [ 0.00000000e+00  0.00000000e+00  0.00000000e+00 -9.40976561e-02
   1.80227836e+00  1.10934794e-02]]
[08/26/2022, 00:39:47] computing sampling shap 4000:5000 within 32.5552 sec, 0.0326 on average
[08/26/2022, 00:39:47] instances left: 12813
[08/26/2022, 00:39:47] estimating time left: 0:06:57.703800

[[ 0.          0.          0.         -0.09502398  1.79118488  0.        ]
 [ 0.         15.77624625  5.10143799 -0.0996437   0.22702942  0.17644136]
 [12.15038343 10.42669149  0.         -0.05014372  1.49301009  0.03041534]
 ...
 [ 0.         10.40913535  0.         -0.10333043  0.35657419  0.        ]
 [ 0.          0.          0.         -0.10107506  1.32851886  0.01587249]
 [ 0.          0.          0.         -0.09502398  1.79118488  0.        ]]
[08/26/2022, 00:40:20] computing sampling shap 5000:6000 within 33.0583 sec, 0.0327 on average
[08/26/2022, 00:40:20] instances left: 11813
[08/26/2022, 00:40:20] estimating time left: 0:06:26.285100

[[ 0.          0.         10.2040095  -0.09338624  1.83515779  0.04367161]
 [ 0.          0.          0.         -0.10577596  0.24666643  0.15839341]
 [ 0.         10.3444316   0.         -0.08900682  1.71472524  0.        ]
 ...
 [ 5.95974583 10.695994    4.81649091  0.16706993  0.38251543  0.21971603]
 [ 0.         10.41320221  0.         -0.10240411  0.29826086  0.090698  ]
 [ 6.14308221  5.23086945  0.         -0.06349326  1.71411055  0.0316784 ]]
[08/26/2022, 00:40:53] computing sampling shap 6000:7000 within 32.8007 sec, 0.0327 on average
[08/26/2022, 00:40:53] instances left: 10813
[08/26/2022, 00:40:53] estimating time left: 0:05:53.585100

[[ 0.00000000e+00  1.03450114e+01  0.00000000e+00 -8.71918378e-02
   1.76561205e+00  5.33770917e-02]
 [ 0.00000000e+00  2.08424140e+01  0.00000000e+00 -9.91807553e-02
   8.87804791e-01  2.01371383e-02]
 [ 6.24105445e+00  5.26293980e+00  0.00000000e+00 -6.84005011e-02
   1.33894932e+00  0.00000000e+00]
 ...
 [ 0.00000000e+00  0.00000000e+00  0.00000000e+00 -9.75034262e-02
   1.36156632e+00  5.01536821e-02]
 [ 0.00000000e+00  0.00000000e+00  2.11735624e+01 -5.36645392e-02
   1.67580091e-01  2.37331774e-01]
 [ 1.13612725e+01  0.00000000e+00  0.00000000e+00 -7.43801729e-02
   1.38224835e+00  1.22213121e-02]]
[08/26/2022, 00:41:26] computing sampling shap 7000:8000 within 32.8549 sec, 0.0327 on average
[08/26/2022, 00:41:26] instances left: 9813
[08/26/2022, 00:41:26] estimating time left: 0:05:20.885100

[[ 0.          0.          0.         -0.09502398  1.79118488  0.        ]
 [ 5.96230207  5.48984111 10.05905667  0.14650394  0.33207529  0.30619718]
 [ 0.         10.34661791  0.         -0.08900682  1.71346868  0.        ]
 ...
 [ 0.          4.95163891 16.07162052 -0.08427389  1.11362757  0.28487547]
 [ 6.14742358  5.23146789  0.         -0.06638347  1.68366588  0.        ]
 [ 0.         20.8544838   0.         -0.11265813  0.35931932  0.62756954]]
[08/26/2022, 00:41:59] computing sampling shap 8000:9000 within 33.1937 sec, 0.0328 on average
[08/26/2022, 00:41:59] instances left: 8813
[08/26/2022, 00:41:59] estimating time left: 0:04:49.066400

[[ 0.         10.36197768  0.         -0.10003839  1.3760556   0.23875611]
 [ 6.32278902  5.29394389  0.         -0.07169713  0.34938534  0.05113317]
 [ 6.14802985  5.230183    0.         -0.06545715  1.69911606  0.01419362]
 ...
 [ 0.          0.          0.         -0.10577596  0.25617922  0.27241647]
 [ 0.          0.         10.2040095  -0.09338624  1.83515779  0.04367161]
 [ 0.         10.34573552  0.         -0.08543519  1.74548973  0.03076448]]
[08/26/2022, 00:42:32] computing sampling shap 9000:10000 within 32.6318 sec, 0.0328 on average
[08/26/2022, 00:42:32] instances left: 7813
[08/26/2022, 00:42:32] estimating time left: 0:04:16.266400

[[ 0.          0.          0.         -0.11746527  0.57439403  0.50918598]
 [ 6.16130964  5.45449889  0.         -0.06332019  1.33576203  0.02236232]
 [ 0.         10.37616396  0.         -0.10662183  1.02872054  0.32100974]
 ...
 [ 0.          0.          0.         -0.10107506  1.31264636  0.        ]
 [ 4.44387866  3.53014169  3.40090634 -0.06362457  1.71177145  0.02784973]
 [ 0.         10.37308043  0.         -0.09324292  1.3177149   0.18041541]]
[08/26/2022, 00:43:04] computing sampling shap 10000:11000 within 32.4621 sec, 0.0327 on average
[08/26/2022, 00:43:04] instances left: 6813
[08/26/2022, 00:43:04] estimating time left: 0:03:42.785100

[[ 4.2858095   3.80615019 13.73750829  0.14616969  0.79939408  0.30450637]
 [ 0.         20.86152635  0.         -0.10168683  0.60885083  0.05366549]
 [ 0.          0.          0.         -0.10842126  0.66367838  0.063061  ]
 ...
 [11.44687516  0.          0.         -0.07713768  0.76356393  0.02237102]
 [ 6.3148491   0.          5.11963806 -0.08746088  0.54473143  0.40169234]
 [ 0.          5.53213291  5.10117246 -0.10261502  0.38189395  0.66561263]]
[08/26/2022, 00:43:39] computing sampling shap 11000:12000 within 34.3613 sec, 0.0329 on average
[08/26/2022, 00:43:39] instances left: 5813
[08/26/2022, 00:43:39] estimating time left: 0:03:11.247700

[[12.42413692 10.49489763  0.         -0.05700103  0.28330738  0.0130065 ]
 [ 0.          0.          0.         -0.10842126  0.41127226  0.04073304]
 [ 0.         10.40822391  0.         -0.08547283  0.03063439  0.29243229]
 ...
 [ 0.          0.         10.19300042 -0.10656381  0.29622561  0.28847359]
 [ 4.52507251  8.77241312  8.60322337 -0.07199394  0.71506831  0.02612284]
 [ 0.          0.          0.         -0.11466844  1.06819064  0.43831349]]
[08/26/2022, 00:44:11] computing sampling shap 12000:13000 within 32.4494 sec, 0.0328 on average
[08/26/2022, 00:44:11] instances left: 4813
[08/26/2022, 00:44:11] estimating time left: 0:02:37.866400

[[ 0.00000000e+00  0.00000000e+00  0.00000000e+00 -9.40976561e-02
   1.80227836e+00  1.10934794e-02]
 [ 1.14407246e+01  0.00000000e+00  0.00000000e+00 -7.56722400e-02
   2.68746958e-01  0.00000000e+00]
 [ 0.00000000e+00  0.00000000e+00  0.00000000e+00 -1.09682957e-01
   2.38129344e-01  3.75395716e-01]
 ...
 [ 0.00000000e+00  1.03846227e+01  0.00000000e+00 -9.50579032e-02
   1.27637782e+00  0.00000000e+00]
 [ 0.00000000e+00  0.00000000e+00  0.00000000e+00 -1.09347589e-01
   6.01851096e-01  0.00000000e+00]
 [ 0.00000000e+00  0.00000000e+00  0.00000000e+00 -1.02781771e-01
   1.58093966e-01  4.33896764e-02]]
[08/26/2022, 00:44:44] computing sampling shap 13000:14000 within 32.7686 sec, 0.0328 on average
[08/26/2022, 00:44:44] instances left: 3813
[08/26/2022, 00:44:44] estimating time left: 0:02:05.066400

[[ 0.          0.          0.         -0.09502398  1.79118488  0.        ]
 [ 0.         10.38883444  0.         -0.0950579   1.29301919  0.01789794]
 [ 0.          0.          0.         -0.09502398  1.79118488  0.        ]
 ...
 [ 0.          0.          0.         -0.1037081   0.11593801  0.        ]
 [ 0.          0.          0.         -0.10989603  0.72510048  0.275052  ]
 [ 6.22740738  5.26153364  0.         -0.06697573  1.3815686   0.043853  ]]
[08/26/2022, 00:45:16] computing sampling shap 14000:15000 within 32.4318 sec, 0.0328 on average
[08/26/2022, 00:45:16] instances left: 2813
[08/26/2022, 00:45:16] estimating time left: 0:01:32.266400

[[ 8.92501323  7.05314601  6.88201225 -0.05898136  0.6157124   0.02780714]
 [ 6.26149574  5.26298444  0.         -0.08370216  0.54521447  0.40736948]
 [ 0.          0.         10.20909476 -0.10734177  1.0200847   0.24332752]
 ...
 [ 6.14802985  5.230183    0.         -0.06545715  1.69911606  0.01419362]
 [ 6.00502154  5.53662135 10.27686227  0.13627814  0.97729269  0.20222728]
 [ 0.         10.3444316   0.         -0.08900682  1.71472524  0.        ]]
[08/26/2022, 00:45:49] computing sampling shap 15000:16000 within 32.6086 sec, 0.0328 on average
[08/26/2022, 00:45:49] instances left: 1813
[08/26/2022, 00:45:49] estimating time left: 0:00:59.466400

[[ 0.         10.3444316   0.         -0.08900682  1.71472524  0.        ]
 [ 0.          0.         10.20572063 -0.11150167  0.28842253  0.44977663]
 [10.45537054  8.72726338  3.40069401 -0.05190539  1.46471361  0.        ]
 ...
 [ 6.20832657 10.42976832  5.13600244 -0.08663328  0.87915924  0.44368127]
 [ 0.         15.75745181  5.10130997 -0.09975655  0.64804898  0.23351498]
 [ 0.          0.         10.21067262 -0.10976282  1.05537498  0.2786178 ]]
[08/26/2022, 00:46:22] computing sampling shap 16000:17000 within 32.7631 sec, 0.0328 on average
[08/26/2022, 00:46:22] instances left: 813
[08/26/2022, 00:46:22] estimating time left: 0:00:26.666400

[[ 7.47489389e+00  5.20858278e+00  0.00000000e+00 -7.98370838e-02
   6.87440236e-01  2.57729053e-01]
 [ 0.00000000e+00  1.03466179e+01  0.00000000e+00 -8.90068244e-02
   1.71346868e+00  0.00000000e+00]
 [ 1.14341958e+01  0.00000000e+00  0.00000000e+00 -7.56722400e-02
   3.08284876e-01  6.82698021e-03]
 ...
 [ 0.00000000e+00  1.03994997e+01  0.00000000e+00 -1.00484595e-01
   3.08276889e-01  2.88387623e-01]
 [ 0.00000000e+00  5.60123131e+00  5.10092014e+00 -9.06077488e-02
   6.33688145e-01  6.65336923e-02]
 [ 0.00000000e+00  0.00000000e+00  0.00000000e+00 -1.05473077e-01
   9.71170713e-01  4.76167784e-02]]
[08/26/2022, 00:46:49] computing sampling shap 17000:17813 within 26.6993 sec, 0.0325 on average
[08/26/2022, 00:46:49] instances left: -187
[08/26/2022, 00:46:49] estimating time left: -1 day, 23:59:53.922500

[[ 0.         20.8391397   0.         -0.09918076  0.86766765  0.        ]
 [ 0.          5.2780662   5.10022105 -0.10556275  0.52100587  0.41380998]
 [ 0.          0.          0.         -0.10842126  0.45225387  0.08171465]
 ...
 [ 6.14742358  5.23146789  0.         -0.06638347  1.68366588  0.        ]
 [ 0.          0.          0.         -0.09502398  1.79118488  0.        ]
 [ 0.          0.          0.         -0.09145235  1.82497692  0.03502576]]
[08/26/2022, 00:46:49] finish computing sampling shap for range: [1, 1] within 584.288442 sec
