Child #[8, 9]: psutil.Process(pid=4615, name='python', status='running', started='03:30:10'), affinity [8, 9]
Child #[8, 9]: Set my affinity to [8, 9], affinity now [8, 9]

[03/30/2022, 04:28:49] start computing sampling shap for range: [5, 8]
[03/30/2022, 04:29:38] computing sampling shap 1432:1442 within 48.5251 sec, 4.8525 on average
[03/30/2022, 04:29:38] instances left: 348
[03/30/2022, 04:29:38] estimating time left: 0:28:08.670000

[[ 3.04258028e+00  8.44692186e+00  0.00000000e+00  0.00000000e+00
   7.46918544e-01 -1.73233000e-01]
 [ 3.11705507e+00  8.01785250e+00  0.00000000e+00  0.00000000e+00
   2.26034701e-01  3.52054539e-01]
 [-2.07209443e+00  1.77622844e+00  0.00000000e+00  0.00000000e+00
   8.61190250e-01 -2.01444415e-01]
 [ 1.87251524e+00 -8.06796260e-01 -9.01223537e-02  0.00000000e+00
   9.73740465e-02 -1.63455189e-01]
 [-3.74342704e+00 -6.61438900e+00 -5.17890646e-01  0.00000000e+00
   1.82695017e-01 -1.43568745e-01]
 [-2.28626037e+00  2.15173961e+00 -2.64453419e-01  0.00000000e+00
   9.27009375e-01 -2.25924923e-01]
 [ 3.37785762e+00  8.29541204e+00  0.00000000e+00  0.00000000e+00
  -9.39490139e-02 -1.92124617e-01]
 [-9.21279581e-01  1.12044721e+01 -2.39202012e-01  0.00000000e+00
  -3.68719046e-01  9.28703510e-03]
 [-2.43436153e+00  2.31005798e+00 -2.87741445e-01  0.00000000e+00
  -4.54270884e-01 -2.14083370e-02]
 [-3.17984058e+00 -7.17523002e+00 -4.51124622e-01  0.00000000e+00
   5.61055147e-01 -1.59510613e-01]]
[03/30/2022, 04:30:27] computing sampling shap 1442:1452 within 49.3278 sec, 4.8927 on average
[03/30/2022, 04:30:27] instances left: 338
[03/30/2022, 04:30:27] estimating time left: 0:27:33.732600

[[ 1.61853197 -0.70765592  0.          0.         -0.26248519  0.10174203]
 [-2.02582575  1.80211764 -0.14642191  0.         -0.64271571  0.65478476]
 [-3.27884212 -7.14662173 -0.35905265  0.          0.488601   -0.10873503]
 [-0.93305688 10.99429943 -0.08521789  0.         -0.38326842  0.07147419]
 [ 2.57078956 -1.08616746 -0.15873836  0.         -0.60374808 -0.08057433]
 [-3.5376886  -6.90021165 -0.30765726  0.          0.49027391 -0.21515803]
 [-1.08365421 11.06476603  0.          0.         -0.1755891  -0.05584332]
 [ 3.24874816  7.90117625  0.          0.         -0.3024077   0.35714061]
 [ 7.45782929  5.37438408  0.          0.          0.5341643  -0.11591616]
 [-3.25431935 -7.35522074 -0.22040405  0.         -0.27045689  0.01877287]]
[03/30/2022, 04:31:20] computing sampling shap 1452:1462 within 52.8807 sec, 5.0246 on average
[03/30/2022, 04:31:20] instances left: 328
[03/30/2022, 04:31:20] estimating time left: 0:27:28.068800

[[ 2.93352475  8.53717469  0.          0.         -0.83164639  0.35411021]
 [-3.34145383 -6.64058132 -0.69115052  0.          0.85636942 -0.20078091]
 [-2.11548968  1.99614557 -0.17565533  0.         -0.59384227  0.11480968]
 [-3.27420071 -7.30854739 -0.23499313  0.         -0.10593211 -0.25281958]
 [ 2.28781681 -1.05184338 -0.15936692  0.         -1.16584269  0.08781219]
 [ 2.68172793  1.13926732  7.65589997  0.         -0.39292879 -0.03658019]
 [ 2.19027542 -1.01669181 -0.08902288  0.          0.81887996 -0.13429758]
 [ 7.36491502  5.57053669 -0.0919666   0.          0.4654343  -0.05708941]
 [-2.03563455  2.10658214 -0.35933603  0.         -0.60490958 -0.25726847]
 [ 7.84720486  4.93350073  0.          0.         -0.02879286  0.3458476 ]]
[03/30/2022, 04:32:09] computing sampling shap 1462:1472 within 48.6187 sec, 4.9839 on average
[03/30/2022, 04:32:09] instances left: 318
[03/30/2022, 04:32:09] estimating time left: 0:26:24.880200

[[ 5.6773484  -4.88121275 -0.08704721  0.          0.4326339   0.09424301]
 [ 1.72740709 -0.6982869  -0.23172458  0.          0.50250045 -0.19432263]
 [ 6.12101207 -4.73264425 -0.30036278  0.          0.31965337 -0.10148282]
 [-0.75040782 11.0467093  -0.16763592  0.          0.47477407 -0.19058832]
 [ 2.52663468 -1.13458681 -0.12984134  0.         -0.57282637 -0.2153875 ]
 [-1.00970706 11.13013039  0.          0.         -0.47658257  0.52541027]
 [ 7.63088627  5.58385368 -0.27225293  0.          0.20123921 -0.06173853]
 [-0.96766141 11.09060525 -0.08460188  0.          0.58551681 -0.16657655]
 [ 2.39033693 -0.96951285 -0.19703765  0.          0.47610639 -0.06635796]
 [-3.27611514 -7.05903999 -0.42397692  0.         -0.34672597  0.46690162]]
[03/30/2022, 04:32:56] computing sampling shap 1472:1482 within 46.97 sec, 4.9266 on average
[03/30/2022, 04:32:56] instances left: 308
[03/30/2022, 04:32:56] estimating time left: 0:25:17.392800

[[-3.38585116e+00 -6.96058855e+00 -4.12434042e-01  0.00000000e+00
  -9.91187811e-01 -1.73776546e-01]
 [-2.29711355e+00  2.06712370e+00 -1.95338543e-01  0.00000000e+00
   1.79035476e-01 -2.05449553e-01]
 [-3.31424841e+00 -7.24513196e+00 -1.57398084e-01  0.00000000e+00
  -4.70039229e-01  5.30112420e-01]
 [-3.16017733e+00 -7.17733541e+00 -5.76622739e-01  0.00000000e+00
  -2.31173830e-01 -1.36508305e-02]
 [ 2.44263572e+00 -9.60218289e-01 -2.18638727e-01  0.00000000e+00
   2.79994985e-01 -1.88467586e-01]
 [ 2.54198727e+00 -9.89905885e-01 -3.67958622e-01  0.00000000e+00
  -4.30630476e-01  1.72655125e-01]
 [ 7.43618967e+00  5.42072699e+00 -9.20724907e-02  0.00000000e+00
  -2.94407774e-01  3.53060630e-01]
 [ 1.41693498e+00 -1.63296503e-01 -3.88178575e-01  0.00000000e+00
   4.24274143e-01 -9.65483766e-02]
 [-1.78308600e+00  1.73541688e+00 -2.58472721e-01  0.00000000e+00
   7.95184092e-01  5.64455973e-03]
 [-2.36067277e+00  2.24342283e+00 -3.07238797e-01  0.00000000e+00
  -3.78946965e-01  6.47925275e-01]]
[03/30/2022, 04:33:44] computing sampling shap 1482:1492 within 48.3226 sec, 4.9109 on average
[03/30/2022, 04:33:44] instances left: 298
[03/30/2022, 04:33:44] estimating time left: 0:24:23.448200

[[ 6.05955847 -4.8313848  -0.15309121  0.          0.79788997 -0.20474013]
 [-2.16478811  1.89332113 -0.08656411  0.          0.26618383  0.05830464]
 [-2.35139484  2.36686137 -0.45088989  0.         -0.26921925  0.09530475]
 [ 2.99292002  8.45954035 -0.2475973   0.         -0.3437808   0.02619141]
 [ 2.54058676 -1.10165653 -0.15449394  0.          0.25518612 -0.18431647]
 [-1.98812102  1.92187312 -0.37102561  0.         -0.35080284  0.20938557]
 [ 2.42490398 -0.91515023 -0.25020779  0.          0.21976725 -0.05857753]
 [ 2.63262317 -1.14094641 -0.14902968  0.         -0.09418703 -0.12382916]
 [ 7.70271213  5.34726934 -0.09171413  0.          0.56565825 -0.18167777]
 [ 2.29712459 -0.96925517 -0.29013662  0.         -0.47737273  0.53191719]]
[03/30/2022, 04:34:32] computing sampling shap 1492:1502 within 47.6041 sec, 4.8894 on average
[03/30/2022, 04:34:32] instances left: 288
[03/30/2022, 04:34:32] estimating time left: 0:23:28.147200

[[-3.33688556e+00 -6.95643521e+00 -4.50739091e-01  0.00000000e+00
   8.94450719e-01 -1.44874986e-01]
 [-3.34236822e+00 -7.22634178e+00 -2.27042327e-01  0.00000000e+00
   1.55283984e-01  3.57428680e-01]
 [ 6.98604490e+00 -2.73276370e+00  6.87438999e+00  0.00000000e+00
   3.21288779e-01 -4.44165395e-02]
 [ 5.86792195e+00 -4.38933838e+00 -3.72136446e-01  0.00000000e+00
   3.33443337e-01 -1.85155673e-01]
 [-3.62213617e+00 -6.97123685e+00 -2.30164854e-01  0.00000000e+00
  -3.31015255e-01 -4.40660546e-03]
 [-3.38696352e+00 -7.00732988e+00 -4.03184658e-01  0.00000000e+00
   1.19591155e-01 -1.58693658e-01]
 [ 2.38843598e+00 -1.23253905e+00  0.00000000e+00  0.00000000e+00
  -3.74942000e-01  9.70567070e-02]
 [-3.66530058e+00 -6.73046490e+00 -4.66737929e-01  0.00000000e+00
  -5.31586101e-01 -2.15745184e-01]
 [-2.29286555e+00  2.31815625e+00 -3.07382307e-01  0.00000000e+00
  -8.24569757e-01 -4.78650168e-02]
 [-3.45783398e+00 -6.90489385e+00 -3.85805693e-01  0.00000000e+00
   9.03754755e-01 -1.72818521e-01]]
[03/30/2022, 04:35:22] computing sampling shap 1502:1512 within 50.6413 sec, 4.9113 on average
[03/30/2022, 04:35:22] instances left: 278
[03/30/2022, 04:35:22] estimating time left: 0:22:45.341400

[[-2.43184619  2.35672326 -0.38627886  0.         -0.4698621   0.16941016]
 [-1.03134858 11.3228858  -0.08664456  0.         -0.23493441  0.19380079]
 [ 3.28757535  8.41064501 -0.08354898  0.          0.16432872 -0.02298149]
 [-2.19149463  1.94651085 -0.19979233  0.         -0.17853713  0.44309776]
 [-0.93785027 11.13831688 -0.14510531  0.          0.26336428 -0.24053422]
 [-1.94708671  1.8742867  -0.1492773   0.          0.78138547 -0.19542831]
 [ 2.80454073  8.50135634 -0.15319425  0.         -0.40831672 -0.24508346]
 [-2.29904066  2.32424136 -0.39972543  0.          0.87584209 -0.19920743]
 [-3.37495401 -7.14292679 -0.25297152  0.          0.15333837  0.28510394]
 [-3.26434876 -7.27810231 -0.26408726  0.          0.52577767 -0.09501075]]
[03/30/2022, 04:36:13] computing sampling shap 1512:1522 within 50.8532 sec, 4.9306 on average
[03/30/2022, 04:36:13] instances left: 268
[03/30/2022, 04:36:13] estimating time left: 0:22:01.400800

[[-1.97827436 -3.31017086 14.90369604  0.         -0.2201529  -0.21234575]
 [-1.22386297 11.33095158  0.          0.          0.19241099 -0.22130796]
 [ 7.68293906  5.29192079  0.          0.          0.18164799 -0.13920775]
 [-2.15604135  1.91639705  0.          0.         -0.11101685 -0.04257266]
 [-3.38476092 -7.07597608 -0.4302425   0.          0.57942238 -0.15888445]
 [-0.94098585 11.06123508  0.          0.         -0.37053231  0.29647704]
 [-2.05010016  1.86008871 -0.25161853  0.          0.02499504 -0.07163732]
 [-3.42804194 -7.08447945 -0.31992576  0.         -0.08989924 -0.09622572]
 [-2.69027114 -5.27405464  7.34419364  0.         -0.26980953  0.04316526]
 [-1.87167727  1.89112908 -0.24868107  0.         -0.88885468  0.22982348]]
[03/30/2022, 04:37:02] computing sampling shap 1522:1532 within 48.5984 sec, 4.9236 on average
[03/30/2022, 04:37:02] instances left: 258
[03/30/2022, 04:37:02] estimating time left: 0:21:10.288800

[[ 1.87992425 -0.89143855 -0.15821431  0.          0.72165774 -0.16904553]
 [ 1.92961217  4.33901745  4.83030805  0.          0.53187186 -0.10835034]
 [ 2.25969032 -0.64523575 -0.41252743  0.          0.71027551 -0.19076853]
 [ 1.44829691 -0.14378986 -0.4910675   0.         -0.3201952   0.33946609]
 [-3.25516122 -7.46277588 -0.18000894  0.          0.5752125  -0.17945302]
 [-1.02572165 11.31066933 -0.08530209  0.         -0.72390431  0.34402911]
 [-2.53294784  2.48416903 -0.31895609  0.          0.49537993 -0.03618766]
 [-3.65958533 -7.18809607  0.          0.          0.22406219 -0.11802107]
 [-1.83080977  1.76846038 -0.31234363  0.         -0.41484705  0.22693219]
 [ 3.43403718  8.07032492  0.          0.          0.52601011 -0.18193004]]
[03/30/2022, 04:37:52] computing sampling shap 1532:1542 within 50.6674 sec, 4.9366 on average
[03/30/2022, 04:37:52] instances left: 248
[03/30/2022, 04:37:52] estimating time left: 0:20:24.276800

[[-2.58252329  2.11724863 -0.08541533  0.         -0.42217316 -0.09508932]
 [-3.48294427 -6.810768   -0.58026141  0.         -0.39495688  0.02595594]
 [ 3.02078737  8.35160459 -0.18738833  0.         -0.05346345  0.23533717]
 [-1.90454906 -1.18691916  2.70614309  0.          0.17655698  0.24431137]
 [-3.24428287 -7.13307109 -0.51182501  0.         -0.38508713  0.44980528]
 [-1.67468373 -0.68706191  1.99860284  0.          0.26764664 -0.11149253]
 [-3.24322417 -7.05639609 -0.43050529  0.          0.45975388 -0.20007017]
 [ 1.50323262 -0.59342307 -0.09039691  0.         -0.1769608  -0.11566973]
 [ 2.26664608 -1.03675931  0.          0.          0.68822376 -0.19667588]
 [ 7.55593447  5.63618156 -0.22350536  0.         -0.11585032 -0.01076168]]
[03/30/2022, 04:38:40] computing sampling shap 1542:1552 within 47.583 sec, 4.9218 on average
[03/30/2022, 04:38:40] instances left: 238
[03/30/2022, 04:38:40] estimating time left: 0:19:31.388400

[[ 7.37615563  5.50514045  0.          0.         -0.56624344  0.08571573]
 [ 7.32678718  5.6730598   0.          0.         -0.4636361  -0.03200628]
 [ 2.5335571  -0.78902925 -0.36064352  0.         -0.10388275 -0.12504516]
 [-2.51168064  2.32300584 -0.33631865  0.          0.31653317  0.05388571]
 [-2.17792937  2.19888415 -0.31224183  0.         -0.3573422   0.41526733]
 [-3.61724841 -6.7774977  -0.39229096  0.         -0.17755646 -0.21189953]
 [-2.2302439   2.07359827 -0.35234004  0.         -0.3316787  -0.24690166]
 [-0.73796032  8.26471096  2.60606513  0.          0.47630177 -0.05811567]
 [ 3.43654683  8.28083533 -0.13572527  0.         -0.36404952 -0.15364722]
 [-3.53361667 -6.96461031 -0.35241655  0.          0.57846999 -0.17355238]]
[03/30/2022, 04:39:28] computing sampling shap 1552:1562 within 47.5532 sec, 4.909 on average
[03/30/2022, 04:39:28] instances left: 228
[03/30/2022, 04:39:28] estimating time left: 0:18:39.252000

[[ 1.81418850e+00 -9.06593521e-01 -1.65323136e-01  0.00000000e+00
  -2.67113418e-01  1.40268700e-01]
 [-2.19439307e+00  2.05214772e+00 -2.72320509e-01  0.00000000e+00
  -9.39116970e-01 -1.57456613e-01]
 [-3.47082308e+00 -7.07856495e+00 -2.33709532e-01  0.00000000e+00
   5.10486465e-01 -1.16865267e-01]
 [ 2.25915847e+00 -9.95715715e-01  0.00000000e+00  0.00000000e+00
  -5.08074230e-01  7.09912977e-03]
 [ 2.98173636e+00  8.45335327e+00 -2.68807200e-01  0.00000000e+00
  -2.98532875e-01  7.46714074e-02]
 [-3.08157176e+00 -7.32406895e+00 -3.68167272e-01  0.00000000e+00
  -4.10653892e-01  5.50460929e-01]
 [ 3.05648686e+00  8.20247693e+00 -8.86847175e-02  0.00000000e+00
  -3.10806857e-02 -1.26192795e-01]
 [-1.95352478e+00  1.86429862e+00 -2.31034461e-01  0.00000000e+00
   2.05912152e-01  9.44102359e-02]
 [-3.42181505e+00 -7.12666544e+00 -3.41931693e-01  0.00000000e+00
  -2.60592630e-01 -2.26565131e-01]
 [-3.30148833e+00 -7.09752258e+00 -3.26001926e-01  0.00000000e+00
   4.64534902e-01  4.68358221e-02]]
[03/30/2022, 04:40:16] computing sampling shap 1562:1572 within 48.447 sec, 4.9044 on average
[03/30/2022, 04:40:16] instances left: 218
[03/30/2022, 04:40:16] estimating time left: 0:17:49.159200

[[-2.23741712  2.04075607 -0.27357314  0.          0.57637452 -0.10367645]
 [-2.21929534  2.00840674 -0.23331263  0.          0.06036163 -0.21556449]
 [-2.47021575  2.27728857 -0.15140873  0.         -0.47195025  0.65800546]
 [-3.16416318 -7.23523862 -0.44306996  0.         -0.0882729  -0.12252629]
 [-0.8419811  11.30245139 -0.40325267  0.          0.18571011 -0.1643583 ]
 [-3.45458498 -6.82785531 -0.49287944  0.         -0.35151971 -0.15472492]
 [ 3.10131513  8.44192562 -0.36453785  0.         -0.53576165 -0.24834605]
 [-3.60588163 -6.79092897 -0.44356531  0.         -0.57851301 -0.26238298]
 [-3.36702119 -7.14055596 -0.26778679  0.         -0.47295989  0.19322539]
 [ 1.3141412  -0.31979785 -0.08853897  0.         -0.5194434  -0.11558005]]
[03/30/2022, 04:41:07] computing sampling shap 1572:1582 within 50.7243 sec, 4.9156 on average
[03/30/2022, 04:41:07] instances left: 208
[03/30/2022, 04:41:07] estimating time left: 0:17:02.444800

[[ 1.8075115  -0.68960982 -0.38228814  0.         -0.88258179  0.17820669]
 [-3.30714876 -6.64324893 -0.74090713  0.          0.88797006 -0.21426255]
 [ 3.00019761  8.11311964  0.          0.          0.52210026 -0.192381  ]
 [ 7.25453796  5.69690545  0.          0.          0.23551696 -0.10634137]
 [-1.00398405 11.28710838 -0.14086611  0.         -0.54573169  0.08605821]
 [-2.15652057  2.34840286 -0.54665616  0.          0.51182789 -0.22133031]
 [-3.20625343 -7.31418874 -0.27738957  0.         -0.94170121  0.25634488]
 [-2.18284701  1.94914842 -0.08478462  0.          0.43574142 -0.11479443]
 [-3.8225545  -6.96545593 -0.08822755  0.          0.58976627 -0.18396982]
 [-3.46312161 -6.86312347 -0.33932426  0.         -0.93284533 -0.0472691 ]]
[03/30/2022, 04:41:57] computing sampling shap 1582:1592 within 50.1109 sec, 4.9216 on average
[03/30/2022, 04:41:57] instances left: 198
[03/30/2022, 04:41:57] estimating time left: 0:16:14.476800

[[ 6.29200749 -4.71275112 -0.33399962  0.         -0.0502774  -0.24077574]
 [-1.81855431  1.75174139 -0.29557556  0.          0.88622914 -0.15996078]
 [-2.39639775  2.37759602 -0.38298296  0.          0.89712901 -0.193234  ]
 [-3.25061124 -7.1538733  -0.50813755  0.         -0.26909131 -0.21040281]
 [ 2.0242636  -0.82002544 -0.08873639  0.          0.82290411 -0.21697172]
 [ 2.13466116 -0.70959885 -0.2758258   0.         -0.92660579  0.0146084 ]
 [ 5.39852618 -4.58771049 -0.15064061  0.          0.40063235  0.29397085]
 [ 6.2516704  -4.68769673 -0.39199719  0.         -0.95865421 -0.21610539]
 [ 2.14767693 -0.82505859 -0.09015446  0.          0.14611309  0.22646747]
 [ 2.276377   -0.96057649 -0.15658708  0.         -0.30958687  0.32809674]]
[03/30/2022, 04:42:45] computing sampling shap 1592:1602 within 48.5903 sec, 4.9179 on average
[03/30/2022, 04:42:45] instances left: 188
[03/30/2022, 04:42:45] estimating time left: 0:15:24.565200

[[-2.46841622e+00  2.30790008e+00 -2.70201230e-01  0.00000000e+00
   5.38881763e-01 -1.72440082e-01]
 [ 3.35126235e+00  8.47603706e+00 -1.11023696e-01  0.00000000e+00
   1.79687204e-01 -1.68529449e-01]
 [-1.91393889e+00  1.70836659e+00 -1.63610734e-01  0.00000000e+00
  -2.63948642e-01 -2.71318253e-01]
 [-8.15338073e-01  7.98999907e+00  2.92136669e+00  0.00000000e+00
  -4.59033576e-01 -1.70760654e-02]
 [-7.15098145e-01  1.09877564e+01 -1.59157749e-01  0.00000000e+00
  -1.21371184e-02 -1.02473150e-01]
 [-2.30162815e+00  2.13346695e+00 -2.85640452e-01  0.00000000e+00
   9.20951732e-01 -7.94107749e-02]
 [-9.60509504e-01  1.13442291e+01 -2.46904678e-01  0.00000000e+00
  -3.94994586e-01 -1.12613231e-01]
 [ 2.37027102e+00 -1.00020413e+00 -2.20066886e-01  0.00000000e+00
   7.73568891e-01 -2.02134811e-01]
 [-1.11161153e+00  1.11545380e+01 -8.37240321e-02  0.00000000e+00
  -1.51196659e-01 -2.45156204e-01]
 [ 7.63171864e+00  5.53622008e+00 -1.83759354e-01  0.00000000e+00
  -4.38018094e-01 -1.00055808e-02]]
[03/30/2022, 04:43:32] computing sampling shap 1602:1612 within 46.8827 sec, 4.9052 on average
[03/30/2022, 04:43:32] instances left: 178
[03/30/2022, 04:43:32] estimating time left: 0:14:33.125600

[[ 2.21484829 -0.74294805 -0.19931999  0.          0.21365998 -0.01943295]
 [-2.39704481  2.12353056 -0.08741385  0.          0.84968676 -0.15605328]
 [-3.33662741 -7.05591333 -0.44772336  0.         -0.57293816 -0.25679996]
 [ 1.92267467 -0.9154748  -0.17632945  0.          0.22749835 -0.08047721]
 [-3.70987975 -6.78759991 -0.37614326  0.          0.22472671 -0.11489798]
 [-2.42874969  2.12295783 -0.14474099  0.         -0.46734258  0.19041298]
 [-2.34425973  1.91793306  0.          0.         -0.62379564 -0.10189725]
 [ 1.78956467 -0.79046843 -0.08893448  0.         -0.03758931 -0.20783467]
 [-3.31697667 -7.11868722 -0.36008446  0.         -0.29556803  0.17190388]
 [-3.13391188 -7.4442547  -0.29325997  0.         -1.01755129  0.34243979]]
[03/30/2022, 04:44:22] computing sampling shap 1612:1622 within 49.6997 sec, 4.9086 on average
[03/30/2022, 04:44:22] instances left: 168
[03/30/2022, 04:44:22] estimating time left: 0:13:44.644800

[[-2.47600839e+00  2.43489107e+00 -3.60032576e-01  0.00000000e+00
   6.73599420e-01  2.94891271e-01]
 [-2.37796413e+00  2.14266985e+00 -1.49966918e-01  0.00000000e+00
  -8.22781272e-01 -1.83933134e-01]
 [-2.14853544e+00  2.14889828e+00 -3.98370844e-01  0.00000000e+00
   4.64012063e-01  4.39236207e-02]
 [ 7.75880869e+00  5.28336765e+00  0.00000000e+00  0.00000000e+00
  -3.31908027e-01  1.15973528e-03]
 [-2.32958669e+00  2.14886057e+00 -3.10562568e-01  0.00000000e+00
   2.77475050e-01 -1.68666898e-01]
 [-7.61029477e-01  1.10301405e+01 -8.43254701e-02  0.00000000e+00
   4.42740875e-01 -1.70243750e-01]
 [-3.16343208e+00 -7.48477298e+00 -1.61588143e-01  0.00000000e+00
   5.42895381e-01  1.15698617e-01]
 [-2.50860393e+00 -5.25512208e+00  7.20128032e+00  0.00000000e+00
  -1.03974591e-01  5.31560254e-01]
 [-3.51813625e+00 -6.68470590e+00 -5.16953839e-01 -8.32374111e-02
   1.77148912e-01 -1.74559091e-01]
 [-3.18247028e+00 -7.28058027e+00 -4.74058677e-01  0.00000000e+00
   2.89473996e-02 -2.68330941e-01]]
[03/30/2022, 04:45:13] computing sampling shap 1622:1632 within 50.4894 sec, 4.9156 on average
[03/30/2022, 04:45:13] instances left: 158
[03/30/2022, 04:45:13] estimating time left: 0:12:56.664800

[[ 3.42055975  8.16612805  0.          0.          0.50124505 -0.16845277]
 [-0.44483334 10.69563804 -0.14366699  0.          0.45619573 -0.19475547]
 [ 1.78822815 -0.78549384 -0.15717738  0.         -0.21348722  0.12681477]
 [ 7.080421    5.15649344  0.          0.         -0.76862929  0.25336104]
 [-3.54155345 -7.17006466  0.          0.          0.87497861 -0.15784395]
 [ 3.45219564  8.11706124  0.          0.          0.5577702  -0.16900078]
 [-3.4608983  -7.05665231 -0.31971551  0.         -0.5045056   0.09214213]
 [ 2.95501951  8.50468273 -0.27084384  0.         -0.56151679  0.29757107]
 [ 2.33580459 -0.92194421 -0.20898844  0.         -0.46882    -0.09954002]
 [ 1.61749791 -0.64635769 -0.15323016  0.         -0.47079378 -0.0992703 ]]
[03/30/2022, 04:46:02] computing sampling shap 1632:1642 within 49.3738 sec, 4.9167 on average
[03/30/2022, 04:46:02] instances left: 148
[03/30/2022, 04:46:02] estimating time left: 0:12:07.671600

[[ 6.13179034e+00 -4.90044107e+00 -4.68599398e-01  0.00000000e+00
   1.87213884e-01 -1.12060927e-01]
 [-2.44361361e+00  2.07587029e+00 -8.89971618e-02  0.00000000e+00
  -5.18765374e-01 -2.12952350e-01]
 [-3.31793949e+00 -7.04111651e+00 -3.72504054e-01  0.00000000e+00
   8.87701050e-01 -1.73738053e-01]
 [-1.95904059e+00  2.06676672e+00 -3.75863107e-01  0.00000000e+00
  -3.71005507e-01  9.40835773e-01]
 [-2.42330047e+00  2.48019756e+00 -4.14543704e-01  0.00000000e+00
  -5.35957407e-01 -1.54029841e-01]
 [-3.29250794e+00 -7.16809856e+00 -3.07341965e-01  0.00000000e+00
   4.85748107e-01  2.29126335e-01]
 [-2.52103230e+00  2.09600674e+00 -8.56813020e-02  0.00000000e+00
  -3.36974072e-01  1.27339114e-01]
 [ 1.83503027e+00 -1.12210397e+00  0.00000000e+00  0.00000000e+00
  -4.32314924e-01  4.47234152e-01]
 [-3.34302132e+00 -7.11951673e+00 -4.06683963e-01  0.00000000e+00
  -6.24642822e-02  5.44926232e-03]
 [-3.62737966e+00 -6.78398135e+00 -3.97961983e-01  0.00000000e+00
   5.31965400e-01 -1.93083872e-01]]
[03/30/2022, 04:46:54] computing sampling shap 1642:1652 within 52.3162 sec, 4.931 on average
[03/30/2022, 04:46:54] instances left: 138
[03/30/2022, 04:46:54] estimating time left: 0:11:20.478000

[[ 7.38997555  5.53769365  0.          0.          0.42159743 -0.08885609]
 [-0.70888469  0.89075202  9.97815361  0.          0.04919796 -0.03943245]
 [ 1.61250948 -0.68358862 -0.16695265  0.         -0.32804685  0.38836498]
 [ 1.64744204 -0.75132762 -0.08847561  0.          0.43853878 -0.06683035]
 [ 2.47638419 -1.28572642  0.          0.          0.44797643  0.01982579]
 [-2.00965845  1.68976474  0.          0.         -0.46215572  0.10688997]
 [ 7.46951194  5.4902464   0.          0.         -0.33482041  0.07435002]
 [-2.3573147   2.27368169 -0.30876354  0.          0.16640852 -0.22575429]
 [-0.88485749 11.11003375 -0.19634426  0.          0.15777104 -0.05534197]
 [-3.32148485 -7.40525253 -0.08723132  0.          0.98884036 -0.1924681 ]]
[03/30/2022, 04:47:44] computing sampling shap 1652:1662 within 49.6672 sec, 4.9326 on average
[03/30/2022, 04:47:44] instances left: 128
[03/30/2022, 04:47:44] estimating time left: 0:10:31.372800

[[ 7.86173087  5.14704053 -0.09203981  0.         -0.27173345 -0.15782926]
 [ 3.52258889  8.30531086 -0.19477928  0.         -0.06626919  0.13177161]
 [-2.93339245 -7.32736988 -0.58980223  0.         -0.14554037  0.08342409]
 [ 2.6211836  -1.02070988 -0.33756387  0.         -0.3558665   0.0589417 ]
 [-1.92656763  1.76131876 -0.14551237  0.          0.50708023 -0.17118505]
 [ 1.64900273 -0.64464007 -0.18813893  0.          0.69736438 -0.07591738]
 [ 6.02780436 -4.71712237 -0.29364604  0.          0.81287283 -0.16167616]
 [-2.39374371  2.55572519 -0.54395254  0.          0.85940485 -0.17532373]
 [-1.68511012  1.33970493  0.          0.         -0.08732151  0.31015199]
 [-0.78463304 11.17107831 -0.2055689   0.         -0.11764152  0.04280112]]
[03/30/2022, 04:48:32] computing sampling shap 1662:1672 within 48.1227 sec, 4.9276 on average
[03/30/2022, 04:48:32] instances left: 118
[03/30/2022, 04:48:32] estimating time left: 0:09:41.456800

[[-1.64449499e+00  1.83319351e+00 -4.43512356e-01  0.00000000e+00
  -8.11080926e-01  1.77633855e-01]
 [-2.31743427e+00  2.11610111e+00 -1.84763189e-01  0.00000000e+00
   1.63399179e-01  3.78302897e-01]
 [-2.03456319e+00  2.10835926e+00 -4.57773436e-01  0.00000000e+00
   1.49024091e-01 -1.50722484e-03]
 [ 1.43265351e+00 -4.93803341e-01 -9.19447772e-02  0.00000000e+00
  -3.36424556e-01  3.44130855e-01]
 [ 7.40015431e+00  5.70293931e+00  0.00000000e+00  0.00000000e+00
  -5.12148516e-01 -8.82064887e-02]
 [-3.05577915e+00 -7.21060085e+00 -5.53861942e-01  0.00000000e+00
  -4.56465496e-01 -1.41809767e-01]
 [-3.35068686e+00 -6.92859165e+00 -5.16275881e-01  0.00000000e+00
  -1.89155408e-01 -6.85615303e-02]
 [-3.42876788e+00 -6.92961583e+00 -3.48903805e-01  0.00000000e+00
  -4.58971244e-01  3.85999715e-01]
 [-2.98037378e+00 -6.98111325e+00 -7.40356467e-01  0.00000000e+00
   8.60495984e-01 -1.76249605e-01]
 [-3.43901817e+00 -7.25830265e+00 -8.83891311e-02  0.00000000e+00
  -5.91271132e-01  1.69702177e-01]]
[03/30/2022, 04:49:18] computing sampling shap 1672:1682 within 45.7574 sec, 4.9135 on average
[03/30/2022, 04:49:18] instances left: 108
[03/30/2022, 04:49:18] estimating time left: 0:08:50.658000

[[-1.16853619e+00  1.14687258e+01 -8.22430026e-02  0.00000000e+00
  -3.28581512e-01 -2.65549398e-01]
 [ 6.97646861e+00  5.32798849e+00 -9.15900507e-02  0.00000000e+00
   7.30952763e-02 -1.05854950e-01]
 [-3.01130798e+00 -7.47682696e+00 -4.31784140e-01  0.00000000e+00
  -1.85388875e-01  4.24248675e-02]
 [-9.93852814e-01  1.14478542e+01 -2.01970821e-01  0.00000000e+00
  -4.22255894e-01  6.36442670e-01]
 [-3.66789423e+00 -7.16465779e+00  0.00000000e+00  0.00000000e+00
  -1.05140675e-01 -2.83561161e-01]
 [-3.26991737e+00 -7.07916886e+00 -3.61256651e-01  0.00000000e+00
   4.67135710e-01 -1.61443433e-01]
 [-3.20668336e+00 -7.07507725e+00 -6.82187199e-01  0.00000000e+00
  -7.00910910e-03 -8.10036995e-02]
 [-7.14360197e-01  1.09312274e+01 -8.64753948e-02  0.00000000e+00
  -5.25832257e-01 -2.34104926e-01]
 [ 2.50180344e+00 -1.09258888e+00 -8.61660791e-02  0.00000000e+00
   2.50096086e-01 -1.68527312e-01]
 [-3.26931709e+00 -7.14709847e+00 -2.92697074e-01  0.00000000e+00
   9.10638192e-01 -2.19122284e-01]]
[03/30/2022, 04:50:07] computing sampling shap 1682:1692 within 49.3833 sec, 4.9144 on average
[03/30/2022, 04:50:07] instances left: 98
[03/30/2022, 04:50:07] estimating time left: 0:08:01.611200

[[ 5.90051336 -4.76246002 -0.4146303   0.         -0.28792849 -0.2229312 ]
 [-3.16879894 -7.17475811 -0.49137628  0.         -0.13795158 -0.18983974]
 [-3.70407942 -7.10786861 -0.09017306  0.          0.62407256 -0.19239276]
 [-0.87941859 11.42550106 -0.29024205  0.         -0.3714262   0.5361877 ]
 [-3.29922794 -7.17876629 -0.36027729  0.         -0.28681337 -0.15647925]
 [-1.86082271  1.96603708 -0.44297645  0.          0.87426652 -0.09239632]
 [-2.37560013  2.3553314  -0.33299393  0.          0.44236744  0.11060114]
 [-2.20825358  2.15757612 -0.38546883  0.         -0.12978077  0.79579324]
 [ 3.00519769  8.19505212  0.          0.         -0.35649959  0.40183363]
 [-3.30135818 -7.44274736 -0.33366058  0.         -0.25558531  0.01696948]]
[03/30/2022, 04:50:57] computing sampling shap 1692:1702 within 49.7006 sec, 4.9165 on average
[03/30/2022, 04:50:57] instances left: 88
[03/30/2022, 04:50:57] estimating time left: 0:07:12.652000

[[-9.18872983e-01  1.09893011e+01  0.00000000e+00  0.00000000e+00
   8.00536979e-01 -2.12151381e-01]
 [-3.08435994e+00 -7.56726099e+00 -1.61618506e-01  0.00000000e+00
  -4.04747430e-01  5.79211534e-01]
 [-2.14031787e+00  1.72144859e+00  0.00000000e+00  0.00000000e+00
  -1.82554642e-03 -6.62667811e-02]
 [ 1.54097052e+00  2.30141153e-01  9.52717514e+00  0.00000000e+00
  -1.30551069e-01 -1.50545468e-01]
 [-2.46596515e+00 -4.68315735e-01  2.46385336e+00  0.00000000e+00
   2.66114069e-01 -1.44026114e-01]
 [-1.32121841e+00  1.12942515e+01 -8.53961967e-02  0.00000000e+00
  -1.89214426e-01 -1.69313225e-01]
 [-3.40019965e+00 -6.90747499e+00 -3.71225935e-01  0.00000000e+00
  -5.83452322e-01  1.01272197e-01]
 [ 2.80317523e+00  8.38425971e+00  0.00000000e+00  0.00000000e+00
  -8.37922426e-01  2.87086708e-01]
 [ 3.01579645e+00  8.68567556e+00 -8.62679215e-02  0.00000000e+00
  -4.21322187e-02 -6.71361019e-02]
 [ 2.40796748e+00 -9.56869675e-01 -2.48688409e-01  0.00000000e+00
   8.91942226e-02 -1.84475852e-01]]
[03/30/2022, 04:51:46] computing sampling shap 1702:1712 within 48.8083 sec, 4.9152 on average
[03/30/2022, 04:51:46] instances left: 78
[03/30/2022, 04:51:46] estimating time left: 0:06:23.385600

[[-3.15143911 -6.90652068 -0.80005231  0.         -0.11179172  0.04356663]
 [ 3.1626046   8.54732072 -0.08600061  0.         -0.44937034 -0.2868119 ]
 [-1.67915235  1.71569025 -0.3128577   0.         -0.44662387 -0.02156213]
 [ 2.44892092 -1.00437561 -0.24607123  0.         -0.52644176 -0.02458367]
 [-2.10134976  1.84433152 -0.17455849  0.         -0.16776634 -0.25381154]
 [-2.40791676  2.33284926 -0.34023565  0.          0.52676036 -0.21355388]
 [-0.91337163 11.00890998  0.          0.         -0.20604606 -0.26567591]
 [-0.91741964 10.99257837 -0.08509102  0.         -0.12230611  0.18851336]
 [ 7.17311142  4.51084113 -0.08520447  0.         -0.53642812  0.15347923]
 [ 6.97802601  4.50276249  0.          0.          0.48429487 -0.02287657]]
[03/30/2022, 04:52:35] computing sampling shap 1712:1722 within 49.6463 sec, 4.917 on average
[03/30/2022, 04:52:35] instances left: 68
[03/30/2022, 04:52:35] estimating time left: 0:05:34.356000

[[-0.758781   10.94867131  0.          0.          0.1842422  -0.13460402]
 [ 2.38208875 -1.16848783  0.          0.         -0.5546801  -0.09078806]
 [-2.49883732  2.3647561  -0.28752599  0.         -0.394697    0.05465949]
 [-2.04319175  1.92541235 -0.15715973  0.          0.79457283 -0.15575417]
 [ 1.60795263 -0.61468998 -0.26177377  0.          0.52103956 -0.0731815 ]
 [ 1.55541534 -0.67270564 -0.08662168  0.          0.70427508 -0.14233766]
 [-2.29001782  2.11425242 -0.14923361  0.          0.80396827 -0.04270647]
 [-3.33015388 -7.10473695 -0.38552312  0.         -0.49210856  0.22039872]
 [ 2.40178885 -0.85828202 -0.33026186  0.         -0.07051284  0.26251977]
 [-3.31954763 -6.74621765 -0.60338665  0.          0.87630535 -0.20163744]]
[03/30/2022, 04:53:24] computing sampling shap 1722:1732 within 49.1116 sec, 4.9168 on average
[03/30/2022, 04:53:24] instances left: 58
[03/30/2022, 04:53:24] estimating time left: 0:04:45.174400

[[-3.23792269 -7.04743639 -0.58758691  0.         -0.51637956 -0.24254268]
 [-0.66369967 10.86845803  0.          0.         -0.4267491  -0.31626574]
 [-3.45495644 -6.94534886 -0.42148248  0.         -0.3808769   0.35662523]
 [-1.09347364 11.17677813 -0.08354594  0.          0.4899766  -0.1982941 ]
 [ 2.55448288 -1.09443427 -0.29041592  0.         -0.19597229  0.62979918]
 [ 2.37538519 -1.09085124 -0.08798547  0.         -0.55343362  0.15711872]
 [-3.46758516 -6.96792653 -0.39223754  0.         -0.47066709 -0.11719448]
 [ 3.32431944  8.17611755  0.          0.          0.41389425  0.23799096]
 [ 1.7319231  -0.74377767 -0.15860813  0.         -0.43369705  0.06405899]
 [ 6.54513703 -4.84411008 -0.50682346  0.         -0.27539417 -0.14112361]]
[03/30/2022, 04:54:16] computing sampling shap 1732:1742 within 51.1987 sec, 4.9233 on average
[03/30/2022, 04:54:16] instances left: 48
[03/30/2022, 04:54:16] estimating time left: 0:03:56.318400

[[ 1.71377332 -0.55760938 -0.46612534  0.          0.77705684 -0.06232497]
 [-3.22960467 -6.9210306  -0.60294452  0.          0.95059314 -0.21461022]
 [-1.02812693 11.05482402  0.          0.          0.61500476 -0.15460112]
 [ 2.19649998 -0.7333416  -0.21202727  0.         -0.48548218 -0.19878966]
 [-1.60181603  1.61195433 -0.23467341  0.         -0.82828453  0.08688265]
 [-1.86992438  1.54052149  0.          0.         -0.4572575   0.36345113]
 [-1.83107467  1.72269838 -0.24361238  0.          0.89972937 -0.18386102]
 [ 2.38586479 -1.17233674  0.          0.          0.23593336  0.03461935]
 [ 1.64290569 -0.67746349 -0.16370805  0.          0.50739127 -0.18311384]
 [-3.4427857  -6.9336574  -0.54512123  0.          0.27683476 -0.19185069]]
[03/30/2022, 04:55:06] computing sampling shap 1742:1752 within 50.218 sec, 4.9264 on average
[03/30/2022, 04:55:06] instances left: 38
[03/30/2022, 04:55:06] estimating time left: 0:03:07.203200

[[ 1.03869095e+01  9.03350846e-01  1.79165516e+00  0.00000000e+00
  -3.53780798e-01 -7.90172562e-02]
 [ 1.80909795e+00 -5.74626027e-01 -2.17295203e-01  0.00000000e+00
  -1.66524177e-01 -1.60409423e-01]
 [-2.13889771e+00  2.03093981e+00 -2.96703977e-01  0.00000000e+00
   9.26811633e-01 -1.53635118e-01]
 [-2.02542172e+00  1.83288332e+00 -1.50188001e-01  0.00000000e+00
  -5.38218271e-01  3.44054574e-02]
 [ 7.78589078e+00  5.36555762e+00 -9.05904625e-02  0.00000000e+00
  -4.49556730e-01 -7.51456953e-02]
 [ 1.49458414e+00 -5.67553259e-01 -8.86741151e-02  0.00000000e+00
  -2.27709601e-01  2.15526176e-01]
 [-2.69220064e+00  2.31034541e+00  0.00000000e+00  0.00000000e+00
  -4.74328037e-01 -5.86351099e-03]
 [-2.14111651e+00  2.13388117e+00 -2.70732355e-01  0.00000000e+00
  -5.02997853e-01 -1.66602797e-01]
 [-7.98798091e-01  8.68926703e+00  2.15921133e+00  0.00000000e+00
  -5.06216413e-01 -2.21928319e-01]
 [ 2.29593213e+00 -9.14537182e-01 -2.23556157e-01  0.00000000e+00
  -5.04741679e-01 -1.79104498e-01]]
[03/30/2022, 04:55:57] computing sampling shap 1752:1762 within 50.6347 sec, 4.9306 on average
[03/30/2022, 04:55:57] instances left: 28
[03/30/2022, 04:55:57] estimating time left: 0:02:18.056800

[[-3.25461848e+00 -7.00941815e+00 -4.68291076e-01  0.00000000e+00
   8.78458416e-01 -1.63727462e-01]
 [-3.18637603e+00 -6.91124023e+00 -5.96272785e-01  0.00000000e+00
  -4.63945356e-01  4.07363413e-01]
 [-3.48042020e+00 -6.88472271e+00 -4.68595701e-01  0.00000000e+00
  -1.99133937e-01  3.88717872e-01]
 [-2.08205464e+00  1.90025105e+00 -1.48073187e-01  0.00000000e+00
  -4.67388176e-01  1.87450250e-03]
 [-1.93536191e+00  1.77470009e+00 -8.42889344e-02  0.00000000e+00
   8.06640774e-01 -1.97810038e-01]
 [ 3.08165738e+00  8.69178527e+00 -1.92744206e-01  0.00000000e+00
   4.65903799e-01 -7.16978495e-02]
 [-2.40851797e+00  2.30740899e+00 -2.88447880e-01  0.00000000e+00
   8.65987047e-01 -1.74319984e-01]
 [ 2.28722954e+00 -9.53536357e-01 -1.91135386e-01  0.00000000e+00
   5.59413439e-01 -9.08951732e-02]
 [-9.34568014e-01  1.12993053e+01 -1.93885412e-01  0.00000000e+00
  -3.24364766e-01  8.64180301e-01]
 [-2.98112005e+00 -6.89357928e+00 -8.93099800e-01  0.00000000e+00
   9.32361575e-01 -1.82159467e-01]]
[03/30/2022, 04:56:49] computing sampling shap 1762:1772 within 52.0754 sec, 4.9387 on average
[03/30/2022, 04:56:49] instances left: 18
[03/30/2022, 04:56:49] estimating time left: 0:01:28.896600

[[ 7.67923018  5.19496663 -0.09108079  0.          0.72975794 -0.17062653]
 [-3.44496749 -6.81144528 -0.42831718  0.         -0.49932883  0.33801868]
 [-2.23848349  2.19580682 -0.38572785  0.          0.23043968  0.09424681]
 [15.13080746 -2.19998188 -0.20047828  0.         -0.57816824  0.27810417]
 [-1.84125682  1.49166359  0.          0.          0.52897297 -0.19206682]
 [ 2.26918486 -0.85183077 -0.15668793  0.         -0.53903479  0.160688  ]
 [-3.32123612 -7.15490924 -0.2979896   0.          0.49514634 -0.08194191]
 [-3.14439021 -7.03012268 -0.66142308  0.          0.23801708 -0.29745088]
 [ 7.24563784  5.07289782 -0.0901653   0.         -0.52274422 -0.15207689]
 [ 2.20506093 -4.24771321  2.7427026   0.          0.76387137 -0.13593297]]
[03/30/2022, 04:57:36] computing sampling shap 1772:1782 within 47.8544 sec, 4.9344 on average
[03/30/2022, 04:57:36] instances left: 8
[03/30/2022, 04:57:36] estimating time left: 0:00:39.475200

[[-2.37195817  2.12904637 -0.15279654  0.         -0.3087952  -0.2354459 ]
 [ 5.83145441 -4.73165332 -0.51667924  0.          0.57949334 -0.09093267]
 [-2.19502196  1.8546637  -0.08665988  0.         -0.32760693 -0.20594654]
 [-3.03082673 -6.99394258 -0.67959389  0.          0.46593839 -0.20730156]
 [-3.12037287 -7.37569005 -0.23932824  0.         -0.43321661  0.32081685]
 [ 1.52623519 -0.33309557 -0.49024547  0.          0.79153628 -0.08965993]
 [-3.60298074 -7.13956939 -0.16146182  0.          0.2579364  -0.24929389]
 [-1.79262138  1.59757084 -0.08754376 -0.08242954 -0.24198995 -0.29743609]
 [-1.7281356   1.83138083 -0.43903864  0.         -0.72758188 -0.25934336]
 [ 5.6640001  -4.97567081  0.          0.         -0.43171444 -0.18831331]]
[03/30/2022, 04:57:36] finish computing sampling shap for range: [5, 8] within 1727.02512 sec
