Child #[15, 15]: psutil.Process(pid=4720, name='python', status='running', started='03:30:25'), affinity [15]
Child #[15, 15]: Set my affinity to [15, 15], affinity now [15]

[03/30/2022, 04:21:37] start computing sampling shap for range: [8, 8]
[03/30/2022, 04:22:23] computing sampling shap 2506:2516 within 46.4794 sec, 4.6479 on average
[03/30/2022, 04:22:23] instances left: 340
[03/30/2022, 04:22:23] estimating time left: 0:26:20.286000

[[-2.44944216  2.33035462 -0.38610954  0.         -0.3596863  -0.28731371]
 [10.98557706  1.92418935 -0.08780714  0.         -0.31827649  0.18847697]
 [ 7.65086335  5.45363048  0.          0.         -0.81284071 -0.10523815]
 [-3.56938421 -6.78272352 -0.43636012  0.          0.52853066  0.12231736]
 [ 2.32996948 -0.85465601 -0.369565    0.         -0.41447674  0.36236225]
 [-0.99145035 11.33217387 -0.14023532  0.         -0.42777049  0.54891137]
 [ 2.51920212 -1.07213361 -0.25838089  0.         -0.47274261  0.03370568]
 [-3.4063087  -6.96340834 -0.55753054  0.         -0.07988131 -0.21412549]
 [-3.0954102  -7.23579976 -0.41577164  0.          0.91842503 -0.1890401 ]
 [-1.91605541  1.9280857  -0.2319927   0.          0.76847344 -0.18463107]]
[03/30/2022, 04:23:11] computing sampling shap 2516:2526 within 47.6998 sec, 4.7091 on average
[03/30/2022, 04:23:11] instances left: 330
[03/30/2022, 04:23:11] estimating time left: 0:25:54.003000

[[-3.37396907 -7.44625753 -0.08831803  0.         -0.56345119 -0.19528769]
 [-2.03065175  1.87905095 -0.22511991  0.          0.87395636 -0.16453036]
 [ 2.51371778 -1.02129409 -0.23920116  0.         -0.36043985 -0.12655532]
 [-0.96961234 11.11486072 -0.08498924  0.          0.4784017  -0.24721927]
 [ 2.00510894 -0.88039228 -0.28942722  0.         -0.51186367  0.0575653 ]
 [ 3.64380145  8.04330634 -0.15251399  0.         -0.42032395  0.20026172]
 [ 1.68332871 -0.53368776 -0.27949151  0.         -0.22033766  0.20153526]
 [-0.90014867  5.56800085  5.47007581  0.         -0.21589666 -0.0396727 ]
 [-2.04243262  1.93781685 -0.23835109  0.         -0.53963382 -0.25077522]
 [-1.80961875  1.88690023 -0.35916052  0.          0.17706812  0.23618706]]
[03/30/2022, 04:23:58] computing sampling shap 2526:2536 within 47.2496 sec, 4.7144 on average
[03/30/2022, 04:23:58] instances left: 320
[03/30/2022, 04:23:58] estimating time left: 0:25:08.608000

[[-2.21242560e+00  2.01799750e+00 -1.50869364e-01  0.00000000e+00
  -8.17211753e-02 -6.12539582e-02]
 [-3.30024470e+00 -7.14005020e+00 -4.24357918e-01  0.00000000e+00
  -3.83915254e-01  2.04625044e-01]
 [ 3.05949923e+00  8.38688141e+00 -3.29633461e-01  0.00000000e+00
   5.23438291e-03 -5.31742614e-02]
 [-3.49394366e+00 -6.94208894e+00 -3.83150176e-01  0.00000000e+00
  -5.64659279e-01  2.71721585e-02]
 [ 2.32020758e+00 -8.54409798e-01 -3.30652164e-01  0.00000000e+00
  -5.51543757e-01  4.86586480e-01]
 [-1.77450329e+00  1.85285718e+00 -4.28655032e-01  0.00000000e+00
   5.78766150e-01 -2.03331230e-01]
 [-1.09367568e+00  1.13571520e+01 -8.26113848e-02  0.00000000e+00
  -3.49460849e-01  6.01940891e-01]
 [ 2.38780957e+00 -1.02742454e+00 -8.75705297e-02  0.00000000e+00
  -4.41119781e-01 -9.35525834e-02]
 [-2.98169429e+00 -7.36414643e+00 -3.95478441e-01  0.00000000e+00
   8.15452614e-01  9.05754739e-02]
 [ 1.89759462e+00 -8.04277957e-01 -2.85860031e-01  0.00000000e+00
   2.39707266e-01 -6.82932966e-02]]
[03/30/2022, 04:24:47] computing sampling shap 2536:2546 within 48.7302 sec, 4.7541 on average
[03/30/2022, 04:24:47] instances left: 310
[03/30/2022, 04:24:47] estimating time left: 0:24:33.771000

[[-0.78919884 10.92431159 -0.25424921  0.          0.94620717 -0.13244532]
 [-3.3111503  -7.06504328 -0.41285659  0.         -0.11203068 -0.05574044]
 [ 2.19434191 -0.94586434 -0.08961052  0.          0.26108518  0.12527786]
 [-3.58829129 -6.78272466 -0.49840607  0.         -0.56595858 -0.09365275]
 [-2.52924163  2.33565352 -0.18779562  0.         -0.2204074   0.12542624]
 [ 6.74002678  5.6407473  -0.25087106  0.         -0.44056269  0.42632776]
 [ 2.53509485 -1.07658329 -0.24572995  0.         -0.35074603  0.08696141]
 [-3.33536757 -7.10645297 -0.32680703  0.          0.95270876 -0.20167809]
 [-3.12436153 -7.30595575 -0.3363281   0.         -0.58132844  0.10359088]
 [-3.46538803 -6.97774482 -0.24885325  0.         -0.46429283  0.54820074]]
[03/30/2022, 04:25:34] computing sampling shap 2546:2556 within 46.8671 sec, 4.7407 on average
[03/30/2022, 04:25:34] instances left: 300
[03/30/2022, 04:25:34] estimating time left: 0:23:42.210000

[[ 2.65424026 -1.22581506 -0.18152342  0.          0.47085209 -0.14669219]
 [-2.58832482  2.30901834 -0.08680908  0.          0.17980478  0.25347332]
 [-2.10217061  1.84568371  0.          0.          0.81245418 -0.16149268]
 [ 2.8881772   8.35260796 -0.11875287  0.         -0.19776332 -0.12594948]
 [-0.67835859 10.9061216  -0.08443526  0.          0.45579659 -0.14184168]
 [ 1.44978342 -0.4268856  -0.21149782  0.         -0.85325947  0.0168066 ]
 [-2.05622876  2.04096206 -0.35963084  0.         -0.35913011  0.34717911]
 [-3.4529776  -7.22077186  0.          0.          0.8809904  -0.22483775]
 [ 3.36525328  8.11883802 -0.08764653  0.          0.82115512 -0.21441385]
 [-2.04908552  1.96721258 -0.23310419  0.          0.47811985 -0.05150124]]
[03/30/2022, 04:26:21] computing sampling shap 2556:2566 within 47.1935 sec, 4.7371 on average
[03/30/2022, 04:26:21] instances left: 290
[03/30/2022, 04:26:21] estimating time left: 0:22:53.759000

[[-1.02091299 11.11467885  0.          0.         -0.09610423 -0.17752209]
 [ 3.06108787  8.10584315 -0.08549985  0.         -0.73272117  0.22289994]
 [ 1.76791376 -0.68650552 -0.25374634  0.          0.43723584  0.04246207]
 [-2.06723734  1.68861316  0.          0.         -0.41060201 -0.17795569]
 [-3.10983976 -7.42257604 -0.23038146  0.          0.92234415 -0.09682593]
 [-2.36337414  2.16504895 -0.28878345  0.         -0.05366448 -0.18589342]
 [-2.27170135  2.16638514 -0.2502342   0.          0.4741749  -0.2207217 ]
 [-1.97994901  2.21708516 -0.27266894  0.         -0.93740912  0.41567377]
 [-2.45004393  2.12126135 -0.08607566  0.         -0.19143484  0.2091971 ]
 [-1.94302195  2.14067986 -0.3988245   0.         -0.58714456  0.14444205]]
[03/30/2022, 04:27:09] computing sampling shap 2566:2576 within 48.4283 sec, 4.7523 on average
[03/30/2022, 04:27:09] instances left: 280
[03/30/2022, 04:27:09] estimating time left: 0:22:10.644000

[[ 1.62566413e+00 -5.11494761e-01 -2.78143359e-01  0.00000000e+00
   4.38170496e-01 -7.66723050e-02]
 [-2.11838176e+00  2.07277543e+00 -2.58639354e-01  0.00000000e+00
   8.52586877e-01 -1.84461548e-01]
 [-2.41763785e+00  2.65619124e+00 -5.45195152e-01  0.00000000e+00
  -4.80097119e-01  6.94936520e-01]
 [ 3.02283661e+00 -1.27803854e+00 -3.63149437e-01  0.00000000e+00
  -4.48115716e-01 -1.83343737e-01]
 [ 3.11435926e+00  8.21878318e+00 -1.52391215e-01  0.00000000e+00
  -4.59787528e-01 -7.18038957e-03]
 [-2.63814300e+00  2.46080789e+00 -2.17830240e-01  0.00000000e+00
   2.04911696e-01 -1.18587127e-01]
 [ 2.44255521e+00 -1.21407797e+00 -8.81965994e-02  0.00000000e+00
  -4.63242087e-01  2.44466353e-01]
 [-2.26695388e+00  2.33111646e+00 -4.70322412e-01  0.00000000e+00
   8.90203468e-01 -1.15528848e-01]
 [-2.26992727e+00  2.12261121e+00 -2.91271518e-01  0.00000000e+00
  -2.30195447e-01  3.33205771e-02]
 [-2.03588584e+00  1.94446373e+00 -2.02692053e-01  0.00000000e+00
  -4.91315146e-01  9.87600426e-01]]
[03/30/2022, 04:27:58] computing sampling shap 2576:2586 within 49.1019 sec, 4.772 on average
[03/30/2022, 04:27:58] instances left: 270
[03/30/2022, 04:27:58] estimating time left: 0:21:28.440000

[[-2.07088993  1.85588195 -0.1469633   0.          0.55049548 -0.201212  ]
 [-2.53831058  2.15402391 -0.08456377  0.         -0.35685496 -0.14548359]
 [-3.54607924 -6.8600528  -0.35246261  0.         -0.40336568 -0.27662641]
 [ 6.11988728 -4.5866108  -0.32207454  0.         -0.42082316 -0.22704623]
 [ 1.73565386 -0.23851379 -0.56535166  0.         -0.51511051 -0.25018062]
 [ 3.02550595  8.00018673  0.          0.          0.7630286  -0.14731356]
 [-2.46628123  2.3125937  -0.27611061  0.          0.49776968  0.20276708]
 [-3.22189579 -7.0700204  -0.39053529  0.          0.88902215 -0.16678406]
 [-3.34130161 -6.99754495 -0.53132426  0.          0.58995279 -0.19022321]
 [-2.31580608  2.23527943 -0.24988825  0.         -0.61656815 -0.1253286 ]]
[03/30/2022, 04:28:45] computing sampling shap 2586:2596 within 46.5712 sec, 4.7593 on average
[03/30/2022, 04:28:45] instances left: 260
[03/30/2022, 04:28:45] estimating time left: 0:20:37.418000

[[ 1.53634856e+00 -5.06644023e-01 -2.38235263e-01  0.00000000e+00
   4.57304440e-01 -9.96350448e-02]
 [-2.29459065e+00 -4.23149490e-01  2.29429305e+00  0.00000000e+00
   8.44046329e-01 -7.35037486e-03]
 [ 2.55045433e+00 -8.43584374e-01 -4.33339621e-01  0.00000000e+00
  -3.69439888e-01  2.61655625e-03]
 [-1.92073651e+00  1.91886577e+00 -1.72045238e-01  0.00000000e+00
   7.50243223e-01 -2.05768039e-01]
 [-2.59529231e+00  2.19696479e+00 -1.45556036e-01  0.00000000e+00
  -4.29954549e-01 -1.65962221e-01]
 [-2.50017750e+00  2.40096032e+00 -2.93995756e-01  0.00000000e+00
  -4.56878528e-01  1.98551407e-01]
 [-2.18351886e+00  2.05549723e+00 -1.43523452e-01  0.00000000e+00
  -1.79307317e-01 -2.17983115e-01]
 [-6.81263439e-01  1.08665108e+01  0.00000000e+00  0.00000000e+00
  -2.07810498e-01  1.02682420e-01]
 [-1.11715589e+00  1.12884964e+01 -1.82339105e-01  0.00000000e+00
   8.55019319e-01 -2.20197804e-01]
 [ 7.06545436e+00  4.25451711e+00 -1.52453833e-01  0.00000000e+00
  -2.33807855e-01 -1.50431631e-01]]
[03/30/2022, 04:29:34] computing sampling shap 2596:2606 within 49.2847 sec, 4.7762 on average
[03/30/2022, 04:29:34] instances left: 250
[03/30/2022, 04:29:34] estimating time left: 0:19:54.050000

[[-3.50259097e+00 -6.87800633e+00 -4.11928672e-01  0.00000000e+00
  -7.45668516e-02  6.74578789e-01]
 [ 1.77476016e+00 -7.44783795e-01 -2.18853858e-01  0.00000000e+00
  -4.35958402e-01  1.03928097e-01]
 [ 1.95482327e+00 -9.46109949e-01 -1.55088162e-01  0.00000000e+00
  -4.07083432e-01  3.81637482e-01]
 [-3.43791422e+00 -7.04871581e+00 -4.02014656e-01  0.00000000e+00
  -4.55776494e-01  6.49956345e-02]
 [ 3.43085818e+00  8.29129342e+00 -8.35559796e-02  0.00000000e+00
  -5.01709329e-01 -3.58011414e-03]
 [-2.09391148e+00  1.95671903e+00 -2.57245237e-01  0.00000000e+00
  -4.26262046e-01 -2.47374234e-01]
 [-2.02687834e+00  2.30732644e+00 -5.81225972e-01  0.00000000e+00
  -1.40585432e-01 -1.58040820e-01]
 [ 7.19395308e+00  4.27232050e+00  0.00000000e+00  0.00000000e+00
   4.99987119e-01 -7.11289154e-02]
 [-1.79639042e+00  1.61496361e+00 -8.57802861e-02  0.00000000e+00
   4.39297800e-01  1.23146901e-01]
 [ 7.27493925e+00  5.65449941e+00 -9.05138817e-02  0.00000000e+00
   6.70444559e-01 -1.67122122e-01]]
[03/30/2022, 04:30:22] computing sampling shap 2606:2616 within 47.7002 sec, 4.7757 on average
[03/30/2022, 04:30:22] instances left: 240
[03/30/2022, 04:30:22] estimating time left: 0:19:06.168000

[[ 1.39827513e+00 -6.37421304e-01 -9.04542254e-02  0.00000000e+00
   8.26108317e-01 -5.88368919e-02]
 [-3.33249074e+00 -7.26765867e+00 -2.80319660e-01  0.00000000e+00
   1.73563460e-01 -1.26221616e-02]
 [-3.49653731e+00 -6.82240479e+00 -5.02798074e-01  0.00000000e+00
  -2.05192038e-01  6.33577821e-01]
 [-3.39864736e+00 -7.09462266e+00 -4.16125967e-01  0.00000000e+00
   2.39177111e-01 -9.35751250e-02]
 [ 3.13900005e+00  8.52537042e+00 -1.65588176e-01  0.00000000e+00
   7.70577671e-01 -2.06172352e-01]
 [ 6.63810960e+00 -5.09754266e+00 -3.49924028e-01  0.00000000e+00
  -4.74522170e-01  4.29436071e-04]
 [ 7.83605889e+00  5.39783204e+00 -9.16981370e-02  0.00000000e+00
  -1.87932979e-01 -1.62845130e-01]
 [-3.66275473e+00 -6.79816888e+00 -3.74769563e-01  0.00000000e+00
  -5.66133278e-01 -2.68175563e-01]
 [ 1.69518458e+00 -5.46409463e-01 -2.88268134e-01  0.00000000e+00
  -5.21195314e-01  1.91522140e-01]
 [-3.30737951e+00 -7.21978032e+00 -1.61112016e-01  0.00000000e+00
  -5.80708605e-01  9.62878107e-01]]
[03/30/2022, 04:31:08] computing sampling shap 2616:2626 within 46.1485 sec, 4.7623 on average
[03/30/2022, 04:31:08] instances left: 230
[03/30/2022, 04:31:08] estimating time left: 0:18:15.329000

[[-1.9438643   1.92531208 -0.29323514  0.          0.87973228 -0.20406502]
 [-3.33381573 -7.49894973 -0.08590984  0.          0.30265298  0.3121674 ]
 [-3.60150092 -7.09721144 -0.16218331  0.         -0.47703524 -0.24513862]
 [-3.23566129 -7.08442301 -0.54422592  0.          0.24259055  0.11549365]
 [-2.46395493  2.44802882 -0.25052574  0.          0.78243379 -0.21387223]
 [ 2.00017112 -0.77245683  0.          0.         -0.47842358 -0.20186887]
 [-3.98050912 -6.5546839  -0.31393946  0.          0.23088065 -0.21832815]
 [-3.33616593 -7.46611651  0.          0.         -0.54752721  0.18139719]
 [-2.40043244 -0.33204804  2.42068691  0.          0.72183132  0.0400167 ]
 [-3.19299627 -6.82716539 -0.77538676  0.          0.19494349 -0.29476497]]
[03/30/2022, 04:31:53] computing sampling shap 2626:2636 within 45.319 sec, 4.7446 on average
[03/30/2022, 04:31:53] instances left: 220
[03/30/2022, 04:31:53] estimating time left: 0:17:23.812000

[[-3.50281804 -7.16024383 -0.12926905  0.         -0.35694531 -0.13228776]
 [-3.49010058 -6.95568556 -0.438257    0.         -0.3701959  -0.16137158]
 [-3.53986425 -6.97701203 -0.33278748  0.         -0.56391398 -0.25642438]
 [ 2.31050763 -0.93824647 -0.19849454  0.          0.4692994   0.02478511]
 [-3.27006678 -7.60658814 -0.08561231  0.          0.31461833 -0.18893102]
 [-3.74454632 -6.89789985 -0.15516748  0.         -0.59331561  0.13423311]
 [-1.98610412  1.83228316 -0.17368159  0.          0.87043563 -0.17905315]
 [ 6.14503591 -4.8994493  -0.08754657  0.         -0.4638587  -0.21739201]
 [-3.67826857 -6.62214647 -0.5248706   0.         -0.10735131 -0.23008769]
 [11.38235439  1.77338008 -0.17318027  0.          0.01786737 -0.10342946]]
[03/30/2022, 04:32:42] computing sampling shap 2636:2646 within 48.6764 sec, 4.7534 on average
[03/30/2022, 04:32:42] instances left: 210
[03/30/2022, 04:32:42] estimating time left: 0:16:38.214000

[[ 1.8535447  -0.58895807 -0.3328084   0.         -0.33171409 -0.18165836]
 [ 2.33124484 -0.92718906 -0.1589663   0.         -0.33132765 -0.16357241]
 [ 2.89124348 -1.10618268 -0.53964937  0.         -0.39107899  0.36196535]
 [ 2.1042665  -0.74603629 -0.20846099  0.         -0.47589001  0.48670727]
 [-0.77988151  5.83784479  5.10510632  0.         -0.48922287 -0.21210312]
 [-1.82960946  2.02644487 -0.42575537  0.          0.8058444  -0.21304508]
 [ 1.46188058 -0.40227682 -0.30303881  0.          0.50114814 -0.13170173]
 [-2.03617573  1.87451363 -0.23007477  0.         -0.21735963  0.32043475]
 [-3.23849654 -7.41295224 -0.08766208  0.         -0.17178926 -0.31035422]
 [-0.97721804 11.12989955  0.          0.         -0.45691321 -0.1678859 ]]
[03/30/2022, 04:33:28] computing sampling shap 2646:2656 within 46.2325 sec, 4.7447 on average
[03/30/2022, 04:33:28] instances left: 200
[03/30/2022, 04:33:28] estimating time left: 0:15:48.940000

[[ 2.53607841e+00 -1.19763047e+00 -8.87594721e-02  0.00000000e+00
   7.21575597e-03 -1.86970238e-01]
 [ 3.27213424e+00  8.18963430e+00  0.00000000e+00  0.00000000e+00
   7.53831725e-01  1.58181810e-01]
 [ 7.92635421e+00  5.18143366e+00 -1.95856171e-01  0.00000000e+00
   4.11068480e-01 -7.11702039e-02]
 [ 2.88515408e+00  8.44126624e+00 -1.75841567e-01  0.00000000e+00
   4.81304120e-03 -8.65843108e-02]
 [-3.52986940e+00 -7.09425118e+00 -1.64074572e-01  0.00000000e+00
  -2.05242992e-01 -1.40931360e-01]
 [-3.41244627e+00 -7.10734318e+00 -4.02167609e-01  0.00000000e+00
   2.43245670e-01 -8.37720415e-02]
 [ 6.22638657e+00 -4.99757877e+00 -8.75895274e-02  0.00000000e+00
  -2.14746138e-01 -4.07003778e-02]
 [ 3.26256185e+00  8.33316764e+00 -8.74948419e-02  0.00000000e+00
  -3.73570068e-01 -2.46921811e-01]
 [ 2.50948940e+00 -1.10335002e+00 -2.32132916e-01  0.00000000e+00
  -1.43155353e-01 -2.13990708e-02]
 [-2.33503985e+00  2.50998432e+00 -5.16688647e-01  0.00000000e+00
   8.33042347e-01 -1.89188253e-01]]
[03/30/2022, 04:34:18] computing sampling shap 2656:2666 within 49.441 sec, 4.7572 on average
[03/30/2022, 04:34:18] instances left: 190
[03/30/2022, 04:34:18] estimating time left: 0:15:03.868000

[[-3.7457614  -7.18792436  0.          0.         -0.4610614  -0.21508714]
 [-3.70919662 -6.31723417 -0.59559087  0.          0.87109893 -0.19939385]
 [-1.94069473  1.720328   -0.13897203  0.          0.55583203 -0.14523866]
 [-3.3415784  -7.21791792 -0.19533983  0.          0.94148338 -0.18113075]
 [ 2.15720119 -0.84978293 -0.08985958  0.          0.51628823 -0.17490516]
 [-3.28861426 -6.98623384 -0.55076394  0.         -0.26136156  0.27126054]
 [-2.18015766 -5.54655535  7.10949714  0.         -0.30328733  0.31514663]
 [ 7.42824566  5.45357069  0.          0.          0.46658013 -0.10804586]
 [-1.93181309  1.71410035  0.          0.         -0.19045268 -0.26066979]
 [ 5.79068346 -4.58967916 -0.50347751  0.          0.80463822 -0.20260416]]
[03/30/2022, 04:35:03] computing sampling shap 2666:2676 within 45.6513 sec, 4.7459 on average
[03/30/2022, 04:35:03] instances left: 180
[03/30/2022, 04:35:03] estimating time left: 0:14:14.262000

[[ 2.11371538 -0.71788932 -0.15609709  0.         -0.91857377 -0.17932223]
 [ 3.18105608  8.08983927 -0.22538966  0.          0.74207193 -0.20583719]
 [10.74559585  1.53548413 -0.08685783  0.         -0.34018196 -0.0551491 ]
 [ 2.35592762 -0.88848572 -0.26169378  0.          0.04529448 -0.09608622]
 [-3.13850155 -7.14732478 -0.43402304  0.         -0.6805868  -0.19291178]
 [-3.57179509 -7.08365978 -0.09197674  0.          0.483081    0.22322133]
 [ 1.68501299 -0.48422701 -0.38338888  0.         -0.20792055 -0.08269495]
 [-1.77959015  1.68718634 -0.22580392  0.          0.2088981  -0.24183426]
 [-2.04258074  1.83192701 -0.30564989  0.          0.60105875 -0.18685226]
 [-2.32204565  2.27324884 -0.37614457  0.          0.90905636 -0.15140991]]
[03/30/2022, 04:35:51] computing sampling shap 2676:2686 within 47.6312 sec, 4.7469 on average
[03/30/2022, 04:35:51] instances left: 170
[03/30/2022, 04:35:51] estimating time left: 0:13:26.973000

[[ 3.31949114  8.29128214  0.          0.         -0.49951417 -0.14447134]
 [-3.55503715 -7.00882163 -0.21264858  0.         -0.35833343 -0.30374535]
 [-3.44605116 -7.15408755 -0.28406948  0.         -0.70830341  0.23360145]
 [ 2.4337034  -0.94733397 -0.2849195   0.         -0.17307652  0.06792105]
 [-1.98988817  1.9278965  -0.25863846  0.         -0.52396476 -0.10264242]
 [-0.85898132 11.41752728 -0.32631819  0.         -0.39934908 -0.08512749]
 [ 1.85157007 -0.42937153 -0.20991914  0.         -0.3731181   0.08843413]
 [-2.3784519   2.14216213 -0.08502708  0.         -0.8036252   0.19466649]
 [-1.07844124 11.48037496 -0.24249114  0.          0.74055463 -0.1886206 ]
 [ 5.58643768 -4.76577049 -0.1885786   0.          0.81950008 -0.18173674]]
[03/30/2022, 04:36:38] computing sampling shap 2686:2696 within 46.5685 sec, 4.7421 on average
[03/30/2022, 04:36:38] instances left: 160
[03/30/2022, 04:36:38] estimating time left: 0:12:38.736000

[[-3.72408841 -7.10452409 -0.08841792  0.         -0.16111721 -0.0902639 ]
 [-3.51298265 -6.8123861  -0.44947015  0.          0.19067246  0.26269135]
 [ 6.04555302 -4.56025298 -0.4866342   0.         -0.89205049 -0.1409314 ]
 [-3.30911372 -7.014044   -0.44962245  0.         -0.5385245  -0.26092356]
 [-2.4676559   2.34817989 -0.19836778  0.          0.45790402 -0.13148288]
 [ 2.95377062  8.311963    0.          0.         -0.47554127 -0.31618567]
 [-0.7557059  10.90344025 -0.15215426  0.         -0.48939604 -0.23265948]
 [ 6.53584932 -4.8808527  -0.40496543  0.          0.16825036 -0.09317122]
 [-3.47614251 -6.96928575 -0.35259019  0.         -0.48521187  0.40670956]
 [-3.15278647 -7.09492727 -0.63466552  0.          0.24469569 -0.16276022]]
[03/30/2022, 04:37:25] computing sampling shap 2696:2706 within 47.1151 sec, 4.7406 on average
[03/30/2022, 04:37:25] instances left: 150
[03/30/2022, 04:37:25] estimating time left: 0:11:51.090000

[[-2.18049624e+00  2.10478373e+00 -2.54814178e-01  0.00000000e+00
   8.57916941e-01 -1.63510623e-01]
 [-3.54532227e+00 -6.98598130e+00 -8.80004457e-02  0.00000000e+00
  -3.86791521e-01  2.66089009e-01]
 [-1.07664002e+00  1.12056229e+01  0.00000000e+00  0.00000000e+00
   4.93618596e-01 -7.72736232e-02]
 [ 3.13432854e+00  8.37352133e+00 -3.06736810e-01  0.00000000e+00
  -3.56236417e-01  6.87013101e-02]
 [-2.24034406e+00  2.10392326e+00 -2.91924033e-01  0.00000000e+00
  -3.68483949e-01  3.91696300e-01]
 [ 3.01311677e+00  8.18913045e+00  0.00000000e+00  3.13013950e-03
  -3.60293734e-01  1.84879281e-01]
 [-2.53216805e+00  2.13635742e+00  0.00000000e+00  0.00000000e+00
  -2.13675754e-01  3.21530258e-01]
 [-2.11445934e+00  1.94780998e+00 -2.16758888e-01  0.00000000e+00
  -2.94601227e-01  5.00666743e-01]
 [-3.49584545e+00 -6.99231256e+00 -4.69699279e-01  0.00000000e+00
  -7.45524296e-01 -1.10222950e-01]
 [ 3.48160146e+00  8.13266941e+00  0.00000000e+00  0.00000000e+00
  -3.67942866e-01  1.32064052e-01]]
[03/30/2022, 04:38:15] computing sampling shap 2706:2716 within 50.5057 sec, 4.7554 on average
[03/30/2022, 04:38:15] instances left: 140
[03/30/2022, 04:38:15] estimating time left: 0:11:05.756000

[[-2.12393607e+00  1.87659446e+00 -8.53404317e-02  0.00000000e+00
   5.35930056e-01 -2.15935793e-01]
 [ 2.68052189e+00 -1.42299893e+00 -8.95022022e-02  0.00000000e+00
   3.06505151e-01  9.55521890e-03]
 [-3.26259668e+00 -7.16735497e+00 -4.09958670e-01  0.00000000e+00
  -5.02318047e-01 -2.89640100e-01]
 [-7.13961360e-01  1.11454551e+01 -2.81506178e-01  0.00000000e+00
  -2.20029785e-02  3.18900187e-01]
 [ 1.87459593e+00 -8.88357479e-01 -9.06225659e-02  0.00000000e+00
   4.02138187e-01 -1.71742744e-01]
 [ 2.34741214e+00 -8.84256257e-01 -2.47626583e-01  0.00000000e+00
  -2.01789101e-01 -1.19211943e-01]
 [ 2.51110636e+00 -9.36280475e-01 -3.03589550e-01  0.00000000e+00
   2.84795995e-01 -1.51415282e-01]
 [ 2.59734831e+00 -1.09711158e+00 -2.64253505e-01  0.00000000e+00
  -4.08575237e-01  3.05564835e-01]
 [ 7.96930508e+00  5.20541942e+00 -1.75341516e-01  0.00000000e+00
  -3.72158231e-01 -9.82232595e-02]
 [ 3.49487480e+00  8.29224109e+00 -1.75700900e-01  0.00000000e+00
   1.51780467e-02 -1.20656788e-01]]
[03/30/2022, 04:39:02] computing sampling shap 2716:2726 within 46.7932 sec, 4.7519 on average
[03/30/2022, 04:39:02] instances left: 130
[03/30/2022, 04:39:02] estimating time left: 0:10:17.747000

[[-2.15157416  1.88743375 -0.08584872  0.          0.89668917 -0.15222525]
 [ 5.63013625 -4.62554312 -0.3637285   0.         -0.36193284 -0.21451443]
 [-3.1764673  -7.28811574 -0.49811691  0.         -0.86630911 -0.20365107]
 [-3.19044289 -6.9762946  -0.55650858  0.         -0.53710052  0.26734523]
 [ 1.66631939 -0.67026817 -0.17782521  0.          0.5031013  -0.21575383]
 [-2.9182519  -7.38092542 -0.46484405  0.         -0.32523749  0.62812601]
 [-3.54918465 -7.07183192 -0.260925    0.         -0.09010731 -0.05960644]
 [ 2.45951196 -0.84360707 -0.29700076  0.         -0.39649871  0.07273919]
 [-2.03178308  1.88562099 -0.08393393  0.         -0.77667982  0.1058228 ]
 [-2.20248625  2.39833426 -0.58911393  0.         -0.3124913  -0.23419239]]
[03/30/2022, 04:39:50] computing sampling shap 2726:2736 within 47.6235 sec, 4.7524 on average
[03/30/2022, 04:39:50] instances left: 120
[03/30/2022, 04:39:50] estimating time left: 0:09:30.288000

[[-2.31735109  2.09630674 -0.1563346   0.          0.88071553 -0.20122665]
 [-3.70851563 -7.10251211  0.          0.         -0.7933785  -0.19028944]
 [-2.40252434  2.13604527 -0.19895456  0.          0.89695151 -0.02274891]
 [-3.09849899 -7.41072937 -0.29527844  0.         -0.45292823  0.2002815 ]
 [ 1.54953354 -0.51812556 -0.17226006  0.          0.46024964 -0.21382412]
 [-3.40630704 -6.85964525 -0.56776443  0.         -0.52964789  0.12495067]
 [ 1.96710649 -0.743607   -0.35109129  0.         -0.41752408 -0.09379529]
 [-3.55252376 -6.9128019  -0.29085017  0.          0.45768294 -0.17194869]
 [-2.57050618  2.29747146 -0.22320112  0.         -0.48533319 -0.15061795]
 [ 7.62305012  5.55913574 -0.09199353  0.         -0.39905396 -0.06747585]]
[03/30/2022, 04:40:38] computing sampling shap 2736:2746 within 48.5001 sec, 4.7565 on average
[03/30/2022, 04:40:38] instances left: 110
[03/30/2022, 04:40:38] estimating time left: 0:08:43.215000

[[ 2.58704634 -0.98125874 -0.39068505  0.          0.44194432  0.22656736]
 [-2.36729605  2.36804641 -0.45751702  0.         -0.2465771   0.09400562]
 [-2.14340546  1.781535   -0.08683083  0.         -0.49523099  0.13125297]
 [-3.17166651 -7.22924658 -0.51300468  0.         -0.37865058 -0.29847988]
 [-3.26117348 -7.26715776 -0.28513015  0.          0.57204433 -0.22902457]
 [-3.32155883 -7.16146597 -0.42295376  0.         -0.05199365 -0.09529915]
 [-0.89480975 11.21721116 -0.14897268  0.          0.1428148  -0.23805226]
 [ 2.47554707 -0.7872506  -0.50977772  0.         -0.34671073  0.07516927]
 [-0.92344009 11.19967691 -0.14135274  0.          0.54475858 -0.14282674]
 [-2.95672252 -7.10935102 -0.55779194 -0.08334455  0.4373409  -0.23231787]]
[03/30/2022, 04:41:24] computing sampling shap 2746:2756 within 45.7372 sec, 4.7492 on average
[03/30/2022, 04:41:24] instances left: 100
[03/30/2022, 04:41:24] estimating time left: 0:07:54.920000

[[-0.81033643 10.95947354  0.          0.          0.80110017 -0.23885968]
 [-3.62645256 -7.11927108 -0.090048    0.         -0.27932817  0.22318583]
 [-1.74294275  1.77245044 -0.4138374   0.          0.58183632 -0.21019374]
 [-2.17804161  2.09929309 -0.25299926  0.         -0.46267038  0.11997133]
 [-2.12351476  1.99613268 -0.30153313  0.          0.94334557 -0.21232001]
 [-0.83185265 11.01293235 -0.08400495  0.          0.19333954  0.17794787]
 [ 7.20205738  5.57184842 -0.09147803  0.         -0.70853743  0.36959373]
 [ 3.26726787  8.40320021 -0.1464614   0.          0.03388805  0.23480552]
 [-3.40282272 -6.93345274 -0.49234394  0.          0.55604621 -0.1031984 ]
 [-1.92771628  1.58016253  0.          0.         -0.47246378 -0.26871074]]
[03/30/2022, 04:42:15] computing sampling shap 2756:2766 within 50.9126 sec, 4.7623 on average
[03/30/2022, 04:42:15] instances left: 90
[03/30/2022, 04:42:15] estimating time left: 0:07:08.607000

[[-2.04534146e+00  2.05747473e+00 -3.57695092e-01  0.00000000e+00
  -2.68140299e-01  8.02276287e-02]
 [ 2.37085472e+00 -8.85332011e-01 -2.32129357e-01  0.00000000e+00
   6.76894623e-01 -2.08853703e-01]
 [-3.65197351e+00 -6.85900993e+00 -4.25823186e-01  0.00000000e+00
   6.06617410e-03 -8.28935322e-03]
 [ 2.71753252e+00 -1.32924736e+00 -1.54125989e-01  0.00000000e+00
  -3.46661812e-01  1.07646738e-01]
 [ 1.85277889e+00 -1.00048921e+00 -8.97003592e-02  0.00000000e+00
  -1.82169392e-01  3.74153832e-01]
 [-3.68550520e+00 -6.58568217e+00 -4.27166283e-01  0.00000000e+00
   8.62147289e-01 -1.81390529e-01]
 [-2.17058616e+00  2.17078112e+00 -4.33332931e-01  0.00000000e+00
  -4.52972652e-01  3.82862572e-01]
 [-3.39412537e+00 -6.97058958e+00 -4.36371740e-01  0.00000000e+00
  -4.64209216e-01  4.38116682e-01]
 [-1.88960641e+00 -1.05396593e+00  2.62252262e+00  0.00000000e+00
  -3.96890583e-01  5.50019353e-01]
 [-3.06855139e+00 -7.23200276e+00 -5.64991585e-01  0.00000000e+00
   5.67844846e-01 -1.72740882e-01]]
[03/30/2022, 04:43:02] computing sampling shap 2766:2776 within 46.8725 sec, 4.7596 on average
[03/30/2022, 04:43:02] instances left: 80
[03/30/2022, 04:43:02] estimating time left: 0:06:20.768000

[[-3.49404375e+00 -6.95152860e+00 -3.48247964e-01  0.00000000e+00
  -5.78003695e-01  1.51540641e-02]
 [-3.47023157e+00 -6.91975811e+00 -4.40317170e-01  0.00000000e+00
   5.66881443e-01 -2.07016234e-01]
 [-3.51815735e+00 -6.81933488e+00 -5.29821188e-01  0.00000000e+00
  -5.22251987e-01 -2.42303188e-01]
 [ 1.52242117e+01 -2.51060388e+00  0.00000000e+00  0.00000000e+00
   6.71266671e-01 -8.40090839e-02]
 [-3.21100595e+00 -6.93929430e+00 -5.95856383e-01  0.00000000e+00
  -5.31199651e-01  1.86269698e-01]
 [-3.54336023e+00 -6.82681770e+00 -4.02778293e-01  0.00000000e+00
   5.16711105e-01 -4.20735955e-02]
 [-2.19743334e+00  2.02635216e+00 -1.55880073e-01  0.00000000e+00
   5.13120580e-01 -6.64773193e-02]
 [-1.18249084e+00  1.12917188e+01 -2.01481179e-05  0.00000000e+00
   5.02747849e-01 -8.36244349e-02]
 [-2.01072216e+00  1.97454248e+00 -3.57874086e-01  0.00000000e+00
  -3.37666645e-01  4.89220734e-01]
 [-2.22812276e+00  2.22972171e+00 -3.39353849e-01  0.00000000e+00
  -1.27942862e-01 -2.41124259e-01]]
[03/30/2022, 04:43:49] computing sampling shap 2776:2786 within 46.9324 sec, 4.7572 on average
[03/30/2022, 04:43:49] instances left: 70
[03/30/2022, 04:43:49] estimating time left: 0:05:33.004000

[[ 7.81320129e+00  5.28823865e+00  0.00000000e+00  0.00000000e+00
  -5.04727379e-01 -6.20234265e-02]
 [-2.46301962e+00  2.27289604e+00 -2.30185693e-01  0.00000000e+00
   5.89385188e-01 -2.07230854e-01]
 [-3.12133319e+00 -7.07648473e+00 -5.07645110e-01  0.00000000e+00
  -2.94722652e-01  5.79258491e-02]
 [-2.70405868e+00  2.17410027e+00 -4.45293128e-04  0.00000000e+00
  -3.56520609e-01 -2.00641744e-01]
 [-1.02945192e+00  1.11438208e+01 -8.10083987e-02  0.00000000e+00
  -3.71542744e-01  3.17709051e-01]
 [-2.28029861e+00  2.12199332e+00 -2.88259933e-01  0.00000000e+00
  -4.53171416e-01  1.72273850e-01]
 [ 2.38552156e+00 -6.70826338e-01 -4.60973000e-01  0.00000000e+00
  -3.73641277e-01  3.58813382e-01]
 [-3.29617404e+00 -6.94200755e+00 -5.02463695e-01  0.00000000e+00
  -7.99669105e-01  1.60516315e-01]
 [ 1.84927840e+00 -6.45605440e-01 -3.18536117e-01  0.00000000e+00
  -3.44289675e-02 -2.49731089e-01]
 [ 5.65122100e+00 -4.57624984e+00 -4.06577654e-01  0.00000000e+00
  -3.98621318e-02  3.43467809e-01]]
[03/30/2022, 04:44:37] computing sampling shap 2786:2796 within 48.4867 sec, 4.7604 on average
[03/30/2022, 04:44:37] instances left: 60
[03/30/2022, 04:44:37] estimating time left: 0:04:45.624000

[[-3.43064162 -7.24788466 -0.09007104  0.          0.20402816  0.09824833]
 [-3.13790103 -7.07885014 -0.54131653  0.          0.50256228 -0.24668112]
 [-2.1785381  -5.38358642  7.11230833  0.          0.85972682 -0.17858673]
 [ 6.95473263  5.33052652 -0.09211168  0.          0.16445557 -0.0287306 ]
 [ 2.68569753 -1.15618997 -0.27615366  0.          0.25156492 -0.07758906]
 [-0.87338487 10.94461445  0.          0.          0.86174913 -0.22160137]
 [-3.28698307 -6.76370095 -0.5531731   0.          0.78959335 -0.18022018]
 [-1.76004536 -2.99627876 14.39884264  0.         -0.27873407 -0.07355053]
 [-2.03839376  1.9981481  -0.30493612  0.         -0.21733488 -0.0221167 ]
 [ 1.55517854 -0.39096899 -0.36194597  0.         -0.45282137  0.04453964]]
[03/30/2022, 04:45:26] computing sampling shap 2796:2806 within 48.7989 sec, 4.7644 on average
[03/30/2022, 04:45:26] instances left: 50
[03/30/2022, 04:45:26] estimating time left: 0:03:58.220000

[[-2.26177104  2.39486121 -0.43155162  0.          0.08819286 -0.24147408]
 [ 6.84385727  5.43647315 -0.09187001  0.          0.41171224 -0.14934797]
 [-2.10685057  1.95222517 -0.16786816  0.         -0.41622868  0.0635628 ]
 [ 7.30036     5.75748575  0.          0.         -0.31721432 -0.16100773]
 [-2.31406135  2.35354775 -0.42897666  0.         -0.28978784  0.30167943]
 [-1.0137099  11.0645922   0.          0.         -0.072466    0.15589208]
 [-2.25556884  2.11856791 -0.29562862  0.         -0.05689281 -0.10689781]
 [-3.3560705  -7.13120853 -0.35507894  0.         -0.05891573 -0.15199719]
 [-2.48781767  2.24366844 -0.20660695  0.         -0.44304587 -0.23957434]
 [ 3.09068516  8.58677508  0.          0.         -0.29362315  0.33032688]]
[03/30/2022, 04:46:17] computing sampling shap 2806:2816 within 51.3054 sec, 4.7762 on average
[03/30/2022, 04:46:17] instances left: 40
[03/30/2022, 04:46:17] estimating time left: 0:03:11.048000

[[-2.41131268  2.40695029 -0.38484743  0.         -1.01142171  0.1749643 ]
 [ 7.64038683  5.42644698  0.          0.         -0.38391486 -0.05210242]
 [ 2.53481199 -1.11197422 -0.24335341  0.          0.58116681 -0.149575  ]
 [ 7.95508764  5.15772034 -0.16315952  0.          0.23295662 -0.1133978 ]
 [-2.16167852  1.91759824 -0.08520387  0.         -1.02197878  1.43386772]
 [-2.55965845  2.4412203  -0.20887049  0.         -0.59958125 -0.26156859]
 [11.20845842  1.77942522 -0.08809833  0.         -0.10404602  0.06578529]
 [-3.56556261 -7.10353249 -0.19386551  0.          0.23031524 -0.13114898]
 [11.17664286  1.74932996  0.          0.         -0.10278682  0.18174639]
 [ 3.26160516  8.32497943 -0.0862404   0.          0.03467848 -0.07717774]]
[03/30/2022, 04:47:04] computing sampling shap 2816:2826 within 46.7783 sec, 4.7731 on average
[03/30/2022, 04:47:04] instances left: 30
[03/30/2022, 04:47:04] estimating time left: 0:02:23.193000

[[-2.48450811e+00  2.33139438e+00 -2.03740129e-01  0.00000000e+00
   8.89194803e-01 -2.30230826e-01]
 [-7.94129022e-01  1.09964127e+01 -8.40547771e-02  0.00000000e+00
  -7.22692711e-01  1.60897440e-01]
 [-3.47697195e+00 -7.19075390e+00 -1.55192439e-01  0.00000000e+00
   5.41646146e-01 -2.20914308e-01]
 [ 6.95504295e+00  4.14608140e+00 -1.58157910e-01  0.00000000e+00
   8.11706410e-01 -1.94839484e-01]
 [-2.55361262e+00  2.47996878e+00 -3.27422774e-01  0.00000000e+00
   5.13050998e-01 -2.14081758e-01]
 [ 2.45643400e+00 -8.54498551e-01 -2.83828383e-01  0.00000000e+00
  -6.47370367e-02 -1.28739398e-01]
 [ 6.23257489e+00 -4.83694069e+00 -2.29612375e-01  0.00000000e+00
  -4.84009726e-01  7.14032489e-03]
 [ 3.40044341e+00  8.13474639e+00 -8.24368170e-02  0.00000000e+00
   7.69439608e-01 -4.39364137e-02]
 [-2.97556240e+00 -7.16966774e+00 -7.28923282e-01  0.00000000e+00
  -5.36281733e-01 -4.15080816e-02]
 [-3.29373008e+00 -6.97581402e+00 -6.37410720e-01  0.00000000e+00
   2.27643910e-01 -8.31731162e-02]]
[03/30/2022, 04:47:52] computing sampling shap 2826:2836 within 47.7585 sec, 4.7732 on average
[03/30/2022, 04:47:52] instances left: 20
[03/30/2022, 04:47:52] estimating time left: 0:01:35.464000

[[ 6.12675449e+00 -4.78061448e+00 -1.56603682e-01  0.00000000e+00
   4.50685070e-01 -5.10207403e-02]
 [-3.29284071e+00 -7.41636215e+00 -9.02621671e-02  0.00000000e+00
  -5.70601319e-01  9.59292088e-03]
 [-3.11755242e+00 -7.15254403e+00 -5.19199082e-01  0.00000000e+00
   9.45269062e-01 -1.73570485e-01]
 [ 2.24634864e+00 -8.24832452e-01 -3.20184041e-01  0.00000000e+00
  -8.07501426e-01  1.84967751e-01]
 [ 1.12124303e+01  1.49555129e+00 -4.11424877e-04  0.00000000e+00
   7.32412904e-01 -1.33876091e-01]
 [-3.55180931e+00 -7.17485919e+00 -8.85182429e-02  0.00000000e+00
   1.91223032e-01  1.06049492e-01]
 [-3.36949020e+00 -7.15733937e+00 -2.70457373e-01  0.00000000e+00
  -1.84822474e-01  6.94292534e-02]
 [ 2.45279388e+00 -1.13716289e+00 -8.91830316e-02  0.00000000e+00
  -5.48840785e-01 -2.03614191e-01]
 [-2.53075793e+00  2.06659455e+00 -8.52338895e-02  0.00000000e+00
  -1.93550617e-01  1.18808115e-01]
 [ 3.24182302e+00  8.48419367e+00 -1.46793759e-01  0.00000000e+00
  -5.00331891e-01  5.09767857e-02]]
[03/30/2022, 04:48:40] computing sampling shap 2836:2846 within 47.8466 sec, 4.7735 on average
[03/30/2022, 04:48:40] instances left: 10
[03/30/2022, 04:48:40] estimating time left: 0:00:47.735000

[[-1.79408144e+00  1.60781189e+00 -1.86313051e-01  0.00000000e+00
   1.97229090e-01  2.90667326e-01]
 [-1.88353046e+00  1.94534118e+00 -4.14019683e-01  0.00000000e+00
  -3.68070804e-01  1.60688553e-01]
 [-9.54114673e-01  1.11798240e+01 -8.40561070e-02  0.00000000e+00
   2.40446622e-01  6.89686768e-02]
 [ 7.66798315e+00  5.23521879e+00 -9.30682124e-02  0.00000000e+00
  -7.73622422e-01  2.47553608e-01]
 [ 3.42196057e+00  8.12259578e+00  0.00000000e+00  0.00000000e+00
  -4.31275968e-01  4.94128227e-04]
 [ 3.27351284e+00  8.27003023e+00  0.00000000e+00  0.00000000e+00
  -2.52114785e-02  9.85646363e-02]
 [-1.82904196e+00  1.57428215e+00  0.00000000e+00  0.00000000e+00
  -5.01210909e-01  7.89962390e-02]
 [-2.07239179e+00  1.98933586e+00 -1.50455923e-01  0.00000000e+00
  -3.48127812e-01 -3.21883482e-02]
 [-9.94145452e-01  1.10893673e+01  0.00000000e+00  0.00000000e+00
   4.89971001e-01  1.62853376e-01]
 [ 1.58726172e+00 -1.96877679e-01 -5.63108161e-01  0.00000000e+00
   7.05819842e-01 -2.05891401e-01]]
[03/30/2022, 04:48:40] finish computing sampling shap for range: [8, 8] within 1623.006709 sec
