Child #[0, 1]: psutil.Process(pid=4476, name='python', status='running', started='03:29:50'), affinity [0, 1]
Child #[0, 1]: Set my affinity to [0, 1], affinity now [0, 1]

[03/30/2022, 06:51:33] start computing sampling shap for range: [1, 8]
[03/30/2022, 06:52:23] computing sampling shap 0:10 within 50.5362 sec, 5.0536 on average
[03/30/2022, 06:52:23] instances left: 235
[03/30/2022, 06:52:23] estimating time left: 0:19:47.596000

[[-6.95335466e-01 -2.11981407e+00  1.48832829e+01  0.00000000e+00
   4.39602033e-01  3.98777521e-03]
 [-1.90334673e-01  1.67620125e+00  1.01636901e+01  0.00000000e+00
  -2.81635201e-01 -3.09504418e-03]
 [-2.62473057e-01  1.48021121e+00  1.09177514e+01  0.00000000e+00
   4.16058915e-01 -1.90257635e-02]
 [ 1.27247804e+01  2.29172187e+00 -9.00595274e-01  0.00000000e+00
  -5.24085842e-01 -6.67206930e-02]
 [-5.41718802e-01  8.51625676e+00  3.84282181e+00  0.00000000e+00
   1.97866096e-01  1.65742924e-01]
 [ 2.92822233e+00  1.26685058e+00 -1.23463802e+00  0.00000000e+00
  -3.72841765e-01  1.30375876e-01]
 [-1.46533983e+00 -5.50393750e+00 -2.01590535e+00  0.00000000e+00
   9.08175604e-01 -1.05123973e-01]
 [-9.91261704e-01  3.67533898e+00 -1.36287699e+00  0.00000000e+00
   9.93519005e-01 -1.34197364e-01]
 [-8.36891780e-01  3.36913189e+00 -1.16390278e+00  0.00000000e+00
   2.73997442e-01 -1.36820130e-01]
 [-1.61028058e+00 -5.61930216e+00 -1.83142700e+00  0.00000000e+00
  -6.38336740e-01 -1.02827294e-01]]
[03/30/2022, 06:53:07] computing sampling shap 10:20 within 43.5561 sec, 4.7047 on average
[03/30/2022, 06:53:07] instances left: 225
[03/30/2022, 06:53:07] estimating time left: 0:17:38.557500

[[-1.80472534 -5.46905654 -1.79005833  0.         -0.38311883  0.43463345]
 [-1.39764723 -5.44656775 -2.12066018  0.          0.9046432  -0.09878598]
 [-1.84998021 -5.61010828 -1.56960639  0.         -1.2033635  -0.17834788]
 [-1.74905267 -5.85331603 -1.59976504  0.         -0.42433531  0.06136768]
 [-1.89244097 -5.49637266 -1.74190466  0.         -0.50890631  0.21839418]
 [ 3.06858522  0.89328797 -1.02218582  0.          0.74573489 -0.13350747]
 [-1.6625851  -5.42591793 -1.96775408  0.          1.00610774 -0.13198167]
 [-0.95079128  3.3325094  -0.85396623 -0.08564109 -0.12680341  0.39941334]
 [ 3.2797188   0.92374445 -1.2956147   0.         -0.8843056  -0.08210127]
 [-1.97955551 -5.16266175 -1.8405594   0.          0.45880982 -0.14275383]]
[03/30/2022, 06:53:54] computing sampling shap 20:30 within 46.5836 sec, 4.6894 on average
[03/30/2022, 06:53:54] instances left: 215
[03/30/2022, 06:53:54] estimating time left: 0:16:48.221000

[[-6.61734424e-01 -2.27835910e+00  1.44416798e+01  0.00000000e+00
   2.18100517e-01 -5.91693206e-02]
 [-1.48475160e+00 -5.44643279e+00 -2.13220684e+00  0.00000000e+00
  -1.95684740e-01  5.32468792e-01]
 [-2.11631234e+00 -5.43836419e+00 -1.42962792e+00  0.00000000e+00
   5.12045303e-01 -9.08117774e-02]
 [ 3.26072699e+00  8.20207417e-01 -1.29520202e+00  0.00000000e+00
   8.96301954e-01 -1.30119605e-01]
 [ 3.18378392e+00  1.08181268e+01 -5.94064778e-01  0.00000000e+00
  -5.31051692e-02 -6.70461456e-02]
 [ 1.62601992e+01 -1.58539133e+00 -7.20127952e-01  0.00000000e+00
  -1.15932196e+00 -9.12826929e-02]
 [-1.89142713e+00 -5.28178704e+00 -1.93963263e+00  0.00000000e+00
   2.27989341e-01 -1.75045952e-01]
 [-1.56203575e+00 -5.72154472e+00 -1.94571564e+00  0.00000000e+00
  -5.99968982e-03 -6.36078367e-02]
 [-1.89940180e+00 -5.32559655e+00 -1.87786036e+00  0.00000000e+00
   5.80595579e-01 -1.44457317e-01]
 [ 3.13528713e+00  9.91771203e-01 -1.17758747e+00  0.00000000e+00
  -1.21719898e+00 -1.00555745e-01]]
[03/30/2022, 06:54:37] computing sampling shap 30:40 within 43.5224 sec, 4.6051 on average
[03/30/2022, 06:54:37] instances left: 205
[03/30/2022, 06:54:37] estimating time left: 0:15:44.045500

[[ 3.45183456 10.44564604 -0.58696418  0.          0.74196399 -0.15450244]
 [-0.8594729   3.54229597 -1.24552162  0.         -0.47240785  0.05337742]
 [-0.46730018  3.06061096 -1.18751254  0.          0.87732975 -0.10260546]
 [-1.70055318 -5.53970863 -1.68761782  0.         -0.52580969  0.64725362]
 [-0.81039046  3.32276478 -1.05389216  0.         -0.60813858 -0.09509142]
 [ 2.26670599  0.05347393  0.4761386   0.          0.88569503 -0.09682546]
 [ 3.22366618  0.72535444 -1.00411559  0.          0.08423009 -0.05389083]
 [ 3.2137137   1.16367066 -1.37899254  0.         -1.02240867 -0.03454125]
 [ 3.79235817 -0.17853778 -1.01283765  0.         -0.38909764 -0.18604802]
 [ 3.57070744  0.5825051  -1.18370545  0.         -0.21177907  0.07076644]]
[03/30/2022, 06:55:26] computing sampling shap 40:50 within 48.5467 sec, 4.6551 on average
[03/30/2022, 06:55:26] instances left: 195
[03/30/2022, 06:55:26] estimating time left: 0:15:07.744500

[[-1.77502091 -5.59406312 -1.72513664  0.         -0.40839757  0.56148479]
 [-0.79843241  3.30995786 -1.17789734  0.          0.95400754 -0.10711376]
 [-0.29153924  1.50061434 10.83429203  0.         -0.18241689  0.37496348]
 [-0.70733399  3.45040069 -1.313925    0.          0.51874485  0.1315504 ]
 [-0.47399966  3.45152118 -1.53785682  0.          0.52767814 -0.04771799]
 [-1.48353655  4.36430276 -1.46232443  0.         -0.56534094 -0.13664655]
 [-1.90865074 -5.15513649 -1.97861687  0.         -0.52613648 -0.18704208]
 [-0.64930178  3.34907541 -1.25900783  0.          0.53509206 -0.06827191]
 [-2.08394577 -5.2564462  -1.72225612  0.          0.54899866 -0.15307109]
 [ 2.91639853  1.27446427 -1.29579019  0.         -1.00472174 -0.11852704]]
[03/30/2022, 06:56:15] computing sampling shap 50:60 within 49.105 sec, 4.6977 on average
[03/30/2022, 06:56:15] instances left: 185
[03/30/2022, 06:56:15] estimating time left: 0:14:29.074500

[[-1.53535565 -5.90794349 -1.61924465  0.         -0.61382673 -0.15816528]
 [-1.79647772 -5.48939811 -1.81859039  0.         -0.98967744 -0.0991206 ]
 [-0.39097284  4.19847734  7.93649495  0.         -0.04531162 -0.00852934]
 [-1.54794233 -5.29882368 -2.15131311  0.          0.95608261 -0.11702126]
 [ 8.08210845  5.5040133   1.09832233  0.          0.08047961 -0.00873444]
 [-0.82870302  3.55222407 -1.2301715   0.          0.16942691 -0.15726227]
 [ 3.15633176  1.25490508 -1.36741209  0.         -0.00896084 -0.09725562]
 [-1.3508238  -5.41525979 -2.21751543  0.         -0.41164977  0.07175423]
 [-0.87021451  3.33133823 -0.95743889  0.          0.81026114 -0.1028289 ]
 [-1.78498876 -5.62394167 -1.69017564  0.         -0.47267326  0.43039403]]
[03/30/2022, 06:57:04] computing sampling shap 60:70 within 49.248 sec, 4.7302 on average
[03/30/2022, 06:57:04] instances left: 175
[03/30/2022, 06:57:04] estimating time left: 0:13:47.785000

[[-1.54069432e+00 -5.43974654e+00 -2.21091118e+00  0.00000000e+00
  -4.20564729e-01 -5.57600102e-02]
 [-9.17150285e-01  3.32318385e+00 -9.96682549e-01  0.00000000e+00
   9.14814379e-01 -1.43643394e-01]
 [-2.43039383e-01  1.29119814e+01 -7.10892941e-01 -8.54188738e-02
  -4.57783264e-01  1.69054403e-01]
 [-7.21988589e-01 -2.32428444e+00  1.48574178e+01  0.00000000e+00
   3.15906387e-01 -2.63012564e-02]
 [-2.91364144e-01  1.05273405e+01  1.67542966e+00  0.00000000e+00
   8.02297868e-01 -1.34756962e-01]
 [-5.47052572e-01  3.39609553e+00 -1.45687731e+00  0.00000000e+00
   2.63082152e-01  1.70932636e-01]
 [-4.99059478e-01  6.24279070e+00  6.31775787e+00  0.00000000e+00
  -4.94190461e-01  4.38103062e-01]
 [-6.78155538e-01  1.28988415e+01 -4.11489768e-01  0.00000000e+00
  -5.76137010e-01 -1.80613547e-01]
 [ 2.90149844e+00  1.30723472e+00 -1.16031365e+00  0.00000000e+00
   4.17730361e-01 -1.07546463e-02]
 [-1.50869218e+00 -5.09296301e+00 -2.43653345e+00  0.00000000e+00
   9.72985512e-01 -1.16928037e-01]]
[03/30/2022, 06:57:50] computing sampling shap 70:80 within 45.5055 sec, 4.7077 on average
[03/30/2022, 06:57:50] instances left: 165
[03/30/2022, 06:57:50] estimating time left: 0:12:56.770500

[[-0.11505565  1.70313824 10.54361039  0.          0.460378   -0.05954812]
 [-1.51430831 -5.29975526 -2.27811223 -0.08418082  0.32953977  0.25316386]
 [13.51667318  2.08168289 -0.78460439  0.         -0.47826599 -0.04575921]
 [-0.83069227  3.29488221 -1.07635868  0.          0.55390694 -0.09996237]
 [-1.59112103 -5.42238064 -1.9366236   0.          0.9018403  -0.13384608]
 [ 9.19800386  5.87419742 -0.47678577  0.          0.52907203 -0.04876804]
 [-0.73534929  3.46650025 -1.19247222 -0.0805183   0.84816602 -0.12580423]
 [-1.81067071 -5.32934375 -1.83551407  0.         -0.64251763 -0.12854094]
 [-1.04388474 -5.94339195 -2.06140913  0.         -0.37352925  0.03573079]
 [ 3.17301516  1.06638764 -1.15392365  0.          0.43122513 -0.08958294]]
[03/30/2022, 06:58:42] computing sampling shap 80:90 within 52.6461 sec, 4.7696 on average
[03/30/2022, 06:58:42] instances left: 155
[03/30/2022, 06:58:42] estimating time left: 0:12:19.288000

[[ 3.99422576 -0.26648374 -1.18126042  0.         -0.40323033  0.40259928]
 [ 3.48272724 10.69568754 -0.77359591  0.         -0.08453417 -0.0814268 ]
 [ 2.00075152  1.21158617 10.35136114  0.          0.37459935 -0.0413793 ]
 [-1.68086437 -5.1680164  -2.1638892   0.         -0.69443229 -0.03938478]
 [-1.65144856 -5.60916998 -1.99144161  0.         -0.15195194  0.07106634]
 [ 2.10418997  1.24259405 10.20468243  0.          0.25566386  0.01495585]
 [ 3.50106518  0.59418891 -1.2066503   0.         -0.11024217  0.01943055]
 [-0.80042499  3.74081288 -1.45333668 -0.08282364 -0.06080681  0.03783356]
 [-0.89937463  3.68869724 -1.34090498  0.         -0.51367505 -0.2068289 ]
 [-0.32212808  6.00799538  6.2758057   0.          0.44570884 -0.11463342]]
[03/30/2022, 06:59:26] computing sampling shap 90:100 within 44.2208 sec, 4.7349 on average
[03/30/2022, 06:59:26] instances left: 145
[03/30/2022, 06:59:26] estimating time left: 0:11:26.560500

[[-6.87509796e-01  3.37415538e+00 -1.27215661e+00  0.00000000e+00
   8.97610055e-01 -1.31577004e-01]
 [-1.58579786e+00 -5.30081441e+00 -2.12868811e+00  0.00000000e+00
  -6.49713168e-01 -1.23172323e-01]
 [-8.40855650e-01  3.69427428e+00 -1.28903280e+00 -8.35459179e-02
   8.07491495e-01 -1.07809547e-01]
 [-1.39148562e+00 -4.92144834e+00  7.39409046e+00  0.00000000e+00
  -6.58742162e-03 -3.62575570e-02]
 [-1.60777672e+00 -5.27461734e+00 -2.08889929e+00  0.00000000e+00
  -1.33216156e+00 -7.89561331e-02]
 [-1.62108572e+00 -5.38644148e+00 -1.78790510e+00  0.00000000e+00
   7.61921831e-01 -1.48620603e-01]
 [-5.08004918e-01  1.99501852e+00  1.03679768e+01  0.00000000e+00
  -1.46008007e-01  4.31471350e-02]
 [-8.77249680e-01  3.28358087e+00 -1.11025424e+00  0.00000000e+00
  -1.02933274e-01  7.10066349e-01]
 [-1.69147557e+00 -5.32269723e+00 -2.10753287e+00  0.00000000e+00
  -2.82327011e-01 -4.20653044e-02]
 [-1.53727510e+00 -5.52931585e+00 -1.98902774e+00  0.00000000e+00
  -6.44757648e-01 -7.33077364e-02]]
[03/30/2022, 07:00:12] computing sampling shap 100:110 within 45.8435 sec, 4.7212 on average
[03/30/2022, 07:00:12] instances left: 135
[03/30/2022, 07:00:12] estimating time left: 0:10:37.362000

[[-7.47418208e-01 -3.34515757e+00  5.32620602e+00  0.00000000e+00
   9.94367403e-01 -8.24482555e-02]
 [ 2.88787653e+00  1.20624735e+00 -1.11916666e+00  0.00000000e+00
  -1.27135889e+00 -6.83441249e-03]
 [ 3.36090750e+00  9.61787323e-01 -1.38299855e+00  0.00000000e+00
   5.67617322e-01 -1.05771710e-01]
 [ 2.97279665e+00  9.35677474e-01 -9.88555017e-01  0.00000000e+00
  -9.05607717e-01 -1.38267780e-01]
 [ 1.35305399e+01  2.05525254e+00 -7.52335736e-01  0.00000000e+00
  -5.45520760e-01 -5.37857924e-03]
 [-1.55065759e+00 -5.48006506e+00 -1.89307742e+00  0.00000000e+00
  -1.34301642e+00 -1.44589784e-01]
 [ 2.40221824e+00  1.24403045e+00  9.57164083e+00  0.00000000e+00
  -7.05871134e-02 -1.27762153e-02]
 [-6.59613316e-01  3.30348056e+00 -1.26021310e+00  0.00000000e+00
  -2.46002165e-01  3.94469689e-01]
 [-1.52321405e+00 -5.43408638e+00 -1.98570564e+00  0.00000000e+00
   4.36388492e-01 -3.36882085e-02]
 [-4.23594668e-01  5.89299988e+00  6.44621776e+00  0.00000000e+00
  -4.50194962e-01  3.46702403e-01]]
[03/30/2022, 07:00:58] computing sampling shap 110:120 within 45.748 sec, 4.7091 on average
[03/30/2022, 07:00:58] instances left: 125
[03/30/2022, 07:00:58] estimating time left: 0:09:48.637500

[[ 3.3394807   0.02030432 -0.98838945  0.         -0.92215305  0.5775165 ]
 [-0.93814845  3.79452937 -1.4010884   0.          0.51926044 -0.04421627]
 [-1.45008388 -4.90171719  7.53261453  0.         -0.11879748 -0.15840623]
 [-1.80306242 -5.33971459 -1.84624777  0.         -1.05193169 -0.13207983]
 [-1.97745272 -5.47897883 -1.54134537  0.         -0.48856697 -0.26923846]
 [-1.24408972 -5.19594691  7.61183639  0.         -0.11050817  0.19614645]
 [-0.53037058  3.49792156 -1.47719342  0.         -0.54888416  0.20459106]
 [-0.788347    3.56051552 -1.29196568  0.          0.14240869 -0.15711262]
 [-0.62566805  0.97070037  1.05517401  0.          0.93550064 -0.15518479]
 [-1.97846858 -5.41478613 -1.74044866  0.          0.64047269 -0.17348985]]
[03/30/2022, 07:01:51] computing sampling shap 120:130 within 52.988 sec, 4.7544 on average
[03/30/2022, 07:01:51] instances left: 115
[03/30/2022, 07:01:51] estimating time left: 0:09:06.756000

[[ 3.28556185 10.90893099 -0.79253667  0.         -0.52276024  0.082905  ]
 [ 3.40647975 10.44735097 -0.60463967  0.         -1.4269648   0.06067951]
 [-1.9590647  -5.20626668 -1.88411127  0.          0.5803586   0.01944607]
 [-0.5977598   3.19713373 -1.15362974  0.          0.4966121  -0.13840144]
 [-0.9210148  -2.6550778  15.28709799  0.          0.08996058 -0.05046281]
 [-0.76179355  0.86137118  1.34722026  0.          0.18530316 -0.059706  ]
 [-0.4415344   2.13632298 10.32997011  0.          0.53133668 -0.06405353]
 [-0.67018778  3.64204391 -1.56436746  0.         -0.26584155  0.39047437]
 [ 3.00531229  1.19049839 -1.32061363  0.         -0.25066453 -0.10949235]
 [ 6.51679263  4.04392277  4.19691537  0.         -0.16302778  0.12301739]]
[03/30/2022, 07:02:35] computing sampling shap 130:140 within 44.1324 sec, 4.7301 on average
[03/30/2022, 07:02:35] instances left: 105
[03/30/2022, 07:02:35] estimating time left: 0:08:16.660500

[[-0.63837744 -2.21928793 14.79927809  0.          0.55251365 -0.02962306]
 [-0.80388037  3.58605441 -1.36741211 -0.08023923  0.9754998  -0.09890577]
 [-1.69582206 -5.5569611  -1.89167683  0.         -0.5801913  -0.02193542]
 [-1.47944126 -5.52819841 -1.99515802  0.          0.50185261 -0.10931536]
 [-0.63122016  3.56883642 -1.49102981  0.         -0.11385929 -0.11548919]
 [-1.8729222  -5.22751701 -1.99335715  0.         -0.4885875  -0.1130242 ]
 [-0.71631254  3.32974573 -1.26643093  0.         -0.35030023  0.07543519]
 [-0.53799041  3.39742244 -1.38276528  0.         -0.51588951  0.12875123]
 [-1.93218359 -5.18935657 -1.76883667  0.          0.85476799 -0.14652241]
 [-0.39459622 12.58706482 -0.42615405  0.          0.52466591 -0.16308296]]
[03/30/2022, 07:03:19] computing sampling shap 140:150 within 44.1098 sec, 4.7088 on average
[03/30/2022, 07:03:19] instances left: 95
[03/30/2022, 07:03:19] estimating time left: 0:07:27.336000

[[ 2.94413620e+00  1.33679395e+00 -1.57526499e+00  0.00000000e+00
  -9.94616972e-01  5.45913879e-01]
 [-1.88220386e+00 -5.63691551e+00 -1.56938435e+00  0.00000000e+00
  -5.56727883e-01  2.73418557e-01]
 [ 3.11995587e+00  1.07575522e+01 -5.64507356e-01  0.00000000e+00
  -4.64507672e-01  1.69600655e-01]
 [-1.57390624e+00 -5.54343418e+00 -1.98693090e+00  0.00000000e+00
   1.05015550e-03  3.06950827e-01]
 [-1.00535152e+00  3.84309781e+00 -1.45371200e+00  0.00000000e+00
   8.90974894e-01 -9.44870757e-02]
 [-1.78078635e+00 -5.56524553e+00 -1.73804915e+00  0.00000000e+00
   1.03485744e+00 -7.55238960e-02]
 [-2.98250848e-01  3.18667644e+00 -1.43272499e+00  0.00000000e+00
   8.39912518e-01 -8.44961144e-02]
 [-1.78729212e+00 -5.31268615e+00 -1.96940860e+00  0.00000000e+00
   1.84202648e-01 -4.18340847e-02]
 [-5.81786256e-01  1.31507543e+01 -5.14613001e-01  0.00000000e+00
  -1.36419627e+00 -1.31068362e-01]
 [-1.88496161e+00 -5.08548482e+00 -2.09220468e+00  0.00000000e+00
  -4.29155276e-01  7.22575291e-01]]
[03/30/2022, 07:04:03] computing sampling shap 150:160 within 43.5285 sec, 4.6866 on average
[03/30/2022, 07:04:03] instances left: 85
[03/30/2022, 07:04:03] estimating time left: 0:06:38.361000

[[ 3.33984235  1.07321705 -1.47770902  0.         -1.39162522  0.12377687]
 [-1.93545922 -5.1942887  -1.91160381  0.          0.53110485 -0.0437634 ]
 [-1.80462617 -5.50503434 -1.83909589  0.         -0.56734213 -0.08091547]
 [-0.73221097 12.95436599 -0.40234293  0.          0.8743973  -0.11526188]
 [ 3.03249947  1.20126084 -1.18853491  0.         -0.0202113  -0.06990284]
 [-1.51455468  4.42319722 -1.56599427  0.         -0.89035996 -0.17526422]
 [-1.65907914 -5.4196088  -2.03053325  0.         -1.28152206  0.22998351]
 [ 3.05483011  1.41062595 -1.47989206  0.         -0.54972837  0.04209366]
 [-1.56467739 -5.48174449 -2.03991362  0.         -0.41592156  0.36817157]
 [-1.77241431 -5.4799309  -1.73398731  0.          0.879244    0.06468497]]
[03/30/2022, 07:04:49] computing sampling shap 160:170 within 46.0702 sec, 4.6819 on average
[03/30/2022, 07:04:49] instances left: 75
[03/30/2022, 07:04:49] estimating time left: 0:05:51.142500

[[-1.52598967e+00 -5.47958487e+00 -1.96586653e+00  0.00000000e+00
  -6.52213449e-01 -2.09404210e-01]
 [-1.37233558e+00  4.19779732e+00 -1.43418859e+00  0.00000000e+00
  -6.05578852e-01  1.46836277e-01]
 [ 3.29087437e+00  1.03561144e+01 -3.89184543e-01  0.00000000e+00
  -1.42124992e+00  9.42054211e-02]
 [ 2.28395843e+00  9.82606261e-01  1.02088762e+01  0.00000000e+00
   9.23908433e-02 -4.41082950e-02]
 [-1.32290614e+00 -5.47716483e+00 -2.10286945e+00  0.00000000e+00
   8.37589263e-01 -4.94996368e-02]
 [-6.15337783e-01  3.07833230e+00 -1.04709788e+00  0.00000000e+00
   5.34315146e-01 -4.26254775e-02]
 [-1.87545214e+00 -5.09828528e+00 -2.19501138e+00  0.00000000e+00
  -4.23680976e-01 -1.63152727e-01]
 [-1.05741986e+00 -5.61303240e+00 -2.41400596e+00  0.00000000e+00
  -5.51414872e-01  2.74569401e-01]
 [-1.36188269e+00 -5.41525467e+00 -2.13490589e+00  0.00000000e+00
  -4.77669828e-01  3.22842770e-03]
 [ 3.19638964e+00  9.70260270e-01 -1.16720232e+00  0.00000000e+00
  -1.18364256e+00 -1.45046256e-01]]
[03/30/2022, 07:05:38] computing sampling shap 170:180 within 49.5522 sec, 4.6971 on average
[03/30/2022, 07:05:38] instances left: 65
[03/30/2022, 07:05:38] estimating time left: 0:05:05.311500

[[-0.30243675  1.3843981  10.56731134  0.         -0.53204367  0.16547078]
 [-0.59352162 13.07266827 -0.67084805  0.          0.28460173  0.20636078]
 [ 3.17676119 10.36426124 -0.37761136  0.          0.84113592 -0.07244857]
 [-0.90001528 -2.13986696 14.80044694  0.          0.29656624 -0.05350955]
 [-1.33558776 -5.70388026 -2.04551552  0.          0.55980151 -0.02882792]
 [-0.87160927 -3.04243933  5.12920459  0.          0.17716204  0.06072574]
 [-0.66037974 12.7726466  -0.41112682  0.          1.00197905 -0.09083484]
 [ 2.35830367  0.19104272  0.46665344  0.          0.50327366 -0.12985124]
 [-1.67147705 -5.31589994 -1.96205137  0.          0.9378997  -0.17060219]
 [-1.47295411 -5.60597297 -1.97850093  0.         -0.3426455  -0.14203039]]
[03/30/2022, 07:06:19] computing sampling shap 180:190 within 40.9074 sec, 4.6652 on average
[03/30/2022, 07:06:19] instances left: 55
[03/30/2022, 07:06:19] estimating time left: 0:04:16.586000

[[-1.68642832 -5.37273886 -2.05132577  0.         -0.33056197 -0.16206568]
 [-1.47810201 -5.61989052 -2.0834522   0.         -0.47989671 -0.17171729]
 [ 8.2915958   7.088477   -0.81055894  0.          0.69435423 -0.09636261]
 [ 3.05185627  0.8020033  -0.8964191   0.         -0.43634769 -0.04429119]
 [-1.59914825 -5.78268138 -1.67959881  0.         -0.12799346 -0.1516053 ]
 [ 3.04518298  1.12177143 -1.10343243  0.          0.22133256 -0.07889912]
 [-2.12029844 -5.06288413 -1.89563004  0.         -0.36649411 -0.157814  ]
 [ 3.12217227  0.94683972 -1.07662366  0.         -0.98263854 -0.13370657]
 [-2.14490368 -5.25445836 -1.77915235  0.          1.10554142 -0.04187768]
 [-0.80502176  3.31975427 -1.06644125  0.         -0.51277516 -0.06644198]]
[03/30/2022, 07:07:10] computing sampling shap 190:200 within 50.5755 sec, 4.6848 on average
[03/30/2022, 07:07:10] instances left: 45
[03/30/2022, 07:07:10] estimating time left: 0:03:30.816000

[[-1.53113067e+00 -5.46105412e+00 -2.04531642e+00  0.00000000e+00
  -5.67417622e-01 -1.42684539e-01]
 [-6.29245982e-01  3.44334511e+00 -1.41689426e+00  0.00000000e+00
  -8.21558824e-01 -1.30142720e-01]
 [-2.79083790e-01  1.80268066e+00  1.06259117e+01  0.00000000e+00
   3.77538534e-01 -7.54348134e-02]
 [-1.92667584e+00 -5.31669432e+00 -1.89577638e+00  0.00000000e+00
  -1.00887121e+00  4.24344169e-01]
 [ 8.83713413e+00  6.28727784e+00 -5.64773682e-01  0.00000000e+00
   7.29028396e-01 -1.21160921e-01]
 [ 8.91911188e+00  6.07239997e+00 -3.80340805e-01  0.00000000e+00
   4.87907402e-01 -1.18674015e-02]
 [-5.79646002e-01  3.47253319e+00 -1.39638173e+00  0.00000000e+00
  -5.11431626e-01 -1.81423384e-01]
 [-6.03269387e-01  6.51052976e-01  1.30584082e+00  0.00000000e+00
  -1.14718705e+00  1.86344166e-01]
 [-6.85217328e-01 -2.46483007e+00  1.51545149e+01  0.00000000e+00
   4.73385835e-01 -2.15588868e-02]
 [-1.64866326e+00 -5.36818911e+00 -2.01536243e+00  0.00000000e+00
  -1.79355286e-01 -1.15688689e-01]]
[03/30/2022, 07:07:53] computing sampling shap 200:210 within 43.0197 sec, 4.6666 on average
[03/30/2022, 07:07:53] instances left: 35
[03/30/2022, 07:07:53] estimating time left: 0:02:43.331000

[[-0.8969562   3.610808   -1.22169561  0.         -1.01638841 -0.15897887]
 [-1.73287768 -5.73043402 -1.53050847  0.         -0.60794609  0.09867431]
 [-0.76537602  3.19449559 -1.08694655  0.         -0.02753304  0.03391901]
 [-0.77066135 -3.15492194  5.21709288  0.          0.1363636   0.17445585]
 [-1.87948623 -5.45378574 -1.6834516   0.          0.53427745 -0.08062441]
 [-0.63697791  3.27767343 -1.16123327  0.         -0.62117157 -0.07183073]
 [-0.35338534 12.71092563 -0.46585806  0.          0.54036892 -0.10948434]
 [-1.61743642 -5.1812295  -2.2708562   0.         -0.52771804 -0.19916262]
 [-0.52124791 13.31536232 -0.92526861  0.         -0.26638344  0.4261285 ]
 [-1.5767197  -5.58998081 -1.86766408  0.          0.20276546  0.14915102]]
[03/30/2022, 07:08:37] computing sampling shap 210:220 within 43.9907 sec, 4.6545 on average
[03/30/2022, 07:08:37] instances left: 25
[03/30/2022, 07:08:37] estimating time left: 0:01:56.362500

[[-1.61896339 -5.42045154 -2.01686804  0.          1.01496279 -0.14081079]
 [-0.63084338  3.19552115 -1.13908802  0.          0.16812814  0.05407514]
 [-1.72042456  4.31916867 -1.39416515  0.          0.32264952  0.02029264]
 [-1.96027858 -5.2215688  -1.7445407   0.          0.06724874  0.52514248]
 [-0.70465527  3.31223602 -1.2473125   0.         -0.20444347 -0.0125208 ]
 [ 3.13601913  1.00589712 -1.165271    0.          0.71498628 -0.13971683]
 [-0.69940099  3.56106192 -1.33124558  0.         -0.60539335  0.19693923]
 [-1.56020713 -5.79842448 -1.76137007  0.         -0.52752123 -0.11307729]
 [-1.04529678  3.57076889 -1.07116349  0.         -0.52668653  0.21359688]
 [ 6.94358921 -2.85775287 -1.23984397  0.         -0.96630343 -0.14393761]]
[03/30/2022, 07:09:19] computing sampling shap 220:230 within 41.9823 sec, 4.6346 on average
[03/30/2022, 07:09:19] instances left: 15
[03/30/2022, 07:09:19] estimating time left: 0:01:09.519000

[[-1.80697478 -5.32855116 -1.72548762  0.         -1.25433636  0.84928622]
 [ 3.04385849  1.13809121 -1.20451292  0.          0.28727456  0.01538632]
 [-1.70302188 -5.22552514 -2.24260346  0.         -0.02046893 -0.19416908]
 [-1.88138104 -5.34606924 -1.73021189  0.         -0.69955472 -0.05177344]
 [ 3.32841961  1.16974322 -1.43430509  0.         -0.38681879 -0.14129885]
 [-1.68111369 -5.29624201 -1.99416665 -0.08990054 -1.26643417 -0.11582536]
 [ 3.21038789  0.7251118  -1.12033035  0.         -0.96900885  0.31564011]
 [-1.67161083 -5.25928751 -2.02577635  0.          0.90668069 -0.13213666]
 [-1.88134868 -5.24300019 -1.93840462  0.          0.2375796   0.19431883]
 [-1.56720239 -5.53657721 -2.02601223  0.          0.57944229  0.02488491]]
[03/30/2022, 07:10:02] computing sampling shap 230:240 within 43.3388 sec, 4.6221 on average
[03/30/2022, 07:10:02] instances left: 5
[03/30/2022, 07:10:02] estimating time left: 0:00:23.110500

[[ 7.77963283  6.86739595 -0.51190515  0.         -1.18506127  0.04351376]
 [-1.96566288 -4.96440432 -2.03615281  0.          0.91481982 -0.13073114]
 [-1.52682812 -5.60579856 -1.91272464  0.          1.01500731 -0.12867381]
 [ 3.1989687  10.67900388 -0.60199285  0.         -0.1359119  -0.11497328]
 [-1.71866518 -5.59160224 -1.90262253  0.         -0.47486437 -0.08661461]
 [-0.42922804 12.79624663 -0.48218795  0.         -0.08464415 -0.055475  ]
 [-1.21665916 -5.71653508 -1.95486474  0.          0.84006688 -0.1110254 ]
 [-1.6856775  -5.55236128 -2.04530839  0.          0.0587164  -0.11639604]
 [-1.50491467 -5.61720278 -1.95798714  0.         -1.03637833 -0.1467065 ]
 [ 9.0722803   6.09231363 -0.35591838  0.          0.12873727 -0.03820514]]
[03/30/2022, 07:10:02] finish computing sampling shap for range: [1, 8] within 1109.3129 sec
