
Child #[12, 13]: psutil.Process(pid=14998, name='python', status='running', started='20:51:34'), affinity [12, 13]
Child #[12, 13]: Set my affinity to [12, 13], affinity now [12, 13]

[04/02/2022, 19:22:32] start anchor metrics
[04/02/2022, 19:22:35] start computing anchor from index: 1464 to 1707 with config: 0.9999 0.6
[04/02/2022, 19:22:48] (1473 / 1707) title: 8, abstract: 8, venue: 3, authors: 2, year: 9, n_citations: 10 within (13.09776 total / 1.3098 average)
estimate time left: 0:05:06.493200
[04/02/2022, 19:23:04] (1483 / 1707) title: 14, abstract: 18, venue: 9, authors: 6, year: 16, n_citations: 17 within (29.058529 total / 1.4529 average)
estimate time left: 0:05:25.449600
[04/02/2022, 19:23:19] (1493 / 1707) title: 20, abstract: 27, venue: 13, authors: 8, year: 21, n_citations: 23 within (44.269867 total / 1.4757 average)
estimate time left: 0:05:15.799800
[04/02/2022, 19:23:31] (1503 / 1707) title: 30, abstract: 37, venue: 18, authors: 8, year: 30, n_citations: 33 within (55.947132 total / 1.3987 average)
estimate time left: 0:04:45.334800
[04/02/2022, 19:23:44] (1513 / 1707) title: 38, abstract: 47, venue: 23, authors: 11, year: 40, n_citations: 40 within (68.943962 total / 1.3789 average)
estimate time left: 0:04:27.506600
[04/02/2022, 19:23:56] (1523 / 1707) title: 44, abstract: 56, venue: 29, authors: 16, year: 47, n_citations: 49 within (81.178776 total / 1.353 average)
estimate time left: 0:04:08.952000
[04/02/2022, 19:24:10] (1533 / 1707) title: 53, abstract: 64, venue: 34, authors: 20, year: 56, n_citations: 57 within (94.526092 total / 1.3504 average)
estimate time left: 0:03:54.969600
[04/02/2022, 19:24:29] (1543 / 1707) title: 60, abstract: 72, venue: 39, authors: 23, year: 64, n_citations: 63 within (113.749105 total / 1.4219 average)
estimate time left: 0:03:53.191600
[04/02/2022, 19:24:42] (1553 / 1707) title: 68, abstract: 81, venue: 43, authors: 24, year: 73, n_citations: 71 within (127.28095 total / 1.4142 average)
estimate time left: 0:03:37.786800
[04/02/2022, 19:24:57] (1563 / 1707) title: 74, abstract: 90, venue: 49, authors: 29, year: 82, n_citations: 78 within (141.589412 total / 1.4159 average)
estimate time left: 0:03:23.889600
[04/02/2022, 19:25:12] (1573 / 1707) title: 82, abstract: 99, venue: 54, authors: 33, year: 91, n_citations: 86 within (157.449612 total / 1.4314 average)
estimate time left: 0:03:11.807600
[04/02/2022, 19:25:28] (1583 / 1707) title: 91, abstract: 109, venue: 59, authors: 38, year: 100, n_citations: 95 within (173.145727 total / 1.4429 average)
estimate time left: 0:02:58.919600
[04/02/2022, 19:25:41] (1593 / 1707) title: 97, abstract: 117, venue: 64, authors: 39, year: 107, n_citations: 101 within (186.35029 total / 1.4335 average)
estimate time left: 0:02:43.419000
[04/02/2022, 19:25:53] (1603 / 1707) title: 104, abstract: 126, venue: 67, authors: 40, year: 115, n_citations: 106 within (198.397014 total / 1.4171 average)
estimate time left: 0:02:27.378400
[04/02/2022, 19:26:11] (1613 / 1707) title: 113, abstract: 136, venue: 72, authors: 47, year: 121, n_citations: 113 within (216.013743 total / 1.4401 average)
estimate time left: 0:02:15.369400
[04/02/2022, 19:26:21] (1623 / 1707) title: 118, abstract: 146, venue: 75, authors: 50, year: 130, n_citations: 117 within (225.970321 total / 1.4123 average)
estimate time left: 0:01:58.633200
[04/02/2022, 19:26:37] (1633 / 1707) title: 124, abstract: 156, venue: 81, authors: 56, year: 139, n_citations: 125 within (242.314616 total / 1.4254 average)
estimate time left: 0:01:45.479600
[04/02/2022, 19:26:50] (1643 / 1707) title: 131, abstract: 166, venue: 85, authors: 57, year: 147, n_citations: 131 within (255.408621 total / 1.4189 average)
estimate time left: 0:01:30.809600
[04/02/2022, 19:27:05] (1653 / 1707) title: 139, abstract: 176, venue: 88, authors: 58, year: 154, n_citations: 139 within (270.157892 total / 1.4219 average)
estimate time left: 0:01:16.782600
[04/02/2022, 19:27:17] (1663 / 1707) title: 145, abstract: 186, venue: 91, authors: 60, year: 163, n_citations: 146 within (282.052538 total / 1.4103 average)
estimate time left: 0:01:02.053200
[04/02/2022, 19:27:31] (1673 / 1707) title: 154, abstract: 196, venue: 95, authors: 63, year: 172, n_citations: 152 within (295.980286 total / 1.4094 average)
estimate time left: 0:00:47.919600
[04/02/2022, 19:27:49] (1683 / 1707) title: 158, abstract: 205, venue: 105, authors: 66, year: 180, n_citations: 159 within (313.600755 total / 1.4255 average)
estimate time left: 0:00:34.212000
[04/02/2022, 19:28:01] (1693 / 1707) title: 165, abstract: 215, venue: 111, authors: 69, year: 190, n_citations: 167 within (326.058794 total / 1.4176 average)
estimate time left: 0:00:19.846400
[04/02/2022, 19:28:15] (1703 / 1707) title: 171, abstract: 225, venue: 114, authors: 71, year: 199, n_citations: 176 within (340.136618 total / 1.4172 average)
estimate time left: 0:00:05.668800
[04/02/2022, 19:28:20] end anchor metrics witin 347.46283
