Child #[12, 13]: psutil.Process(pid=4024, name='python', status='running', started='19:35:12'), affinity [12, 13]
Child #[12, 13]: Set my affinity to [12, 13], affinity now [12, 13]

[04/02/2022, 16:45:36] start computing sampling shap for range: [7, 8]
[04/02/2022, 16:46:04] computing sampling shap 294:304 within 27.8668 sec, 2.7867 on average
[04/02/2022, 16:46:04] instances left: 39
[04/02/2022, 16:46:04] estimating time left: 0:01:48.681300

[[-2.56771703e-01 -1.25306083e+00 -2.70349839e-01  0.00000000e+00
  -4.30808816e-01 -1.44718523e-01]
 [-5.46383496e-02 -6.70096593e-01  1.94762124e+01  0.00000000e+00
   8.64754693e-02 -1.80192366e-01]
 [ 0.00000000e+00 -1.41612653e+00 -3.46956466e-01  0.00000000e+00
  -6.54556058e-01 -1.60033693e-01]
 [ 0.00000000e+00 -1.61962329e+00 -2.14390289e-01  0.00000000e+00
  -2.81304002e-01  1.20923757e-01]
 [ 0.00000000e+00 -1.52088342e+00 -3.32297086e-01  0.00000000e+00
   4.05305977e-01 -1.07439687e-01]
 [-3.29505597e-01 -1.37400129e+00 -1.85871478e-01  0.00000000e+00
  -1.68115775e-02  4.35110664e-01]
 [-2.32138309e-01 -1.42804867e+00 -2.20176294e-01  0.00000000e+00
   2.14873338e-01 -1.18193806e-01]
 [-3.87292381e-01 -1.42986198e+00  0.00000000e+00  0.00000000e+00
   1.57006820e+00 -1.54392824e-01]
 [-1.59258531e-01 -1.67836076e+00  0.00000000e+00  0.00000000e+00
  -7.79490047e-01  2.51941728e-01]
 [ 1.15232900e+01  9.32913086e+00  0.00000000e+00  0.00000000e+00
  -4.74644128e-01 -1.85540902e-01]]
[04/02/2022, 16:46:31] computing sampling shap 304:314 within 27.289 sec, 2.7579 on average
[04/02/2022, 16:46:31] instances left: 29
[04/02/2022, 16:46:31] estimating time left: 0:01:19.979100

[[-1.45404554e-01 -1.53002421e+00 -1.51885807e-01  0.00000000e+00
  -9.60013642e-02 -1.44522787e-01]
 [ 0.00000000e+00 -1.53381431e+00 -3.99397103e-01  0.00000000e+00
   8.36509907e-02 -1.61323991e-01]
 [ 0.00000000e+00  1.89192355e+01  0.00000000e+00  0.00000000e+00
   6.53669966e-02 -2.43448593e-01]
 [-1.72672238e-02 -1.48339663e+00 -3.94171942e-01  0.00000000e+00
  -7.60089381e-01 -6.22556044e-02]
 [-1.97386941e-02 -1.65263327e+00 -2.40477627e-01  0.00000000e+00
   2.19542461e-02 -1.78184028e-01]
 [-4.08155090e-01 -1.44567394e+00  0.00000000e+00  0.00000000e+00
   6.93873125e-02 -1.08802977e-01]
 [-6.70369664e-02  1.91570681e+01 -9.28250020e-02  0.00000000e+00
  -7.11234687e-01  2.90611789e-01]
 [-1.85628663e-02 -1.75891069e+00 -8.43845114e-02  0.00000000e+00
   7.43473619e-01 -1.00612267e-01]
 [-2.05490664e-01 -1.32775712e+00 -2.77716817e-01  0.00000000e+00
   8.64865067e-02 -2.58137647e-01]
 [-8.55906561e-02 -1.44744121e+00 -2.76727316e-01  0.00000000e+00
   3.90756744e-01 -1.81073236e-01]]
[04/02/2022, 16:46:59] computing sampling shap 314:324 within 27.439 sec, 2.7533 on average
[04/02/2022, 16:46:59] instances left: 19
[04/02/2022, 16:46:59] estimating time left: 0:00:52.312700

[[-0.28319986 -1.31345427 -0.38619231  0.         -0.62200609 -0.06290752]
 [ 0.         -1.41619276 -0.37314696  0.         -0.71995673  0.78624395]
 [-0.01892399 -1.76019359  0.          0.         -0.68074121 -0.19302477]
 [ 0.         -1.67961861 -0.16772667  0.         -0.59982523  0.03618586]
 [-0.32211816 -1.39441254 -0.18974119  0.          0.02064785  0.12958409]
 [ 0.         -1.69587946  0.          0.         -0.67817379  0.16868494]
 [ 0.         -1.33021618 -0.54879555  0.         -0.29796156 -0.11767066]
 [-0.53121689 -1.36271289  0.          0.          1.1662797  -0.15841859]
 [-0.03557114 -1.5375308  -0.31270081  0.         -0.35583297 -0.08808268]
 [-0.34115761 -1.37654514 -0.15622486  0.          0.13113097 -0.01205654]]
[04/02/2022, 16:47:25] computing sampling shap 324:334 within 25.8214 sec, 2.7105 on average
[04/02/2022, 16:47:25] instances left: 9
[04/02/2022, 16:47:25] estimating time left: 0:00:24.394500

[[-0.09620676 -1.87954701  0.          0.         -0.47409252 -0.14929385]
 [ 0.         -1.55209955 -0.36203536  0.          1.18850618 -0.1272296 ]
 [-0.29074099 -1.46628804 -0.15224225  0.         -0.33292442 -0.137672  ]
 [-0.09916214 -1.82897476  0.          0.          0.45942712 -0.13136571]
 [-0.28872597 -1.52340154  0.          0.         -0.42650624  0.172871  ]
 [-0.22352459 -1.64031903  0.          0.         -0.02204061 -0.19322417]
 [-0.24292247 -1.2348931  -0.32569824  0.         -0.58953735 -0.20608927]
 [-0.11880469 -1.52173573 -0.33735268  0.          0.0951224   0.12328973]
 [-0.29960526 -1.45944526  0.          0.         -0.33336048 -0.09745923]
 [ 0.         -1.91892943  0.          0.         -0.61260343 -0.03714658]]
[04/02/2022, 16:47:25] finish computing sampling shap for range: [7, 8] within 108.423092 sec
