
Child #[4, 5]: psutil.Process(pid=15034, name='python', status='running', started='20:51:39'), affinity [4, 5]
Child #[4, 5]: Set my affinity to [4, 5], affinity now [4, 5]

[04/02/2022, 19:21:43] start anchor metrics
[04/02/2022, 19:21:45] start computing anchor from index: 488 to 731 with config: 0.9999 0.6
[04/02/2022, 19:22:00] (497 / 731) title: 6, abstract: 10, venue: 7, authors: 5, year: 9, n_citations: 7 within (14.639657 total / 1.464 average)
estimate time left: 0:05:42.576000
[04/02/2022, 19:22:15] (507 / 731) title: 13, abstract: 20, venue: 11, authors: 8, year: 18, n_citations: 13 within (29.53616 total / 1.4768 average)
estimate time left: 0:05:30.803200
[04/02/2022, 19:22:28] (517 / 731) title: 20, abstract: 30, venue: 15, authors: 8, year: 26, n_citations: 22 within (42.957541 total / 1.4319 average)
estimate time left: 0:05:06.426600
[04/02/2022, 19:22:41] (527 / 731) title: 26, abstract: 40, venue: 19, authors: 11, year: 34, n_citations: 30 within (55.454449 total / 1.3864 average)
estimate time left: 0:04:42.825600
[04/02/2022, 19:22:55] (537 / 731) title: 33, abstract: 48, venue: 26, authors: 14, year: 44, n_citations: 36 within (69.345013 total / 1.3869 average)
estimate time left: 0:04:29.058600
[04/02/2022, 19:23:11] (547 / 731) title: 39, abstract: 58, venue: 33, authors: 16, year: 53, n_citations: 44 within (85.306148 total / 1.4218 average)
estimate time left: 0:04:21.611200
[04/02/2022, 19:23:24] (557 / 731) title: 46, abstract: 67, venue: 39, authors: 20, year: 61, n_citations: 50 within (98.465729 total / 1.4067 average)
estimate time left: 0:04:04.765800
[04/02/2022, 19:23:37] (567 / 731) title: 53, abstract: 77, venue: 43, authors: 21, year: 71, n_citations: 57 within (111.831862 total / 1.3979 average)
estimate time left: 0:03:49.255600
[04/02/2022, 19:23:49] (577 / 731) title: 58, abstract: 85, venue: 49, authors: 26, year: 77, n_citations: 67 within (124.235209 total / 1.3804 average)
estimate time left: 0:03:32.581600
[04/02/2022, 19:24:04] (587 / 731) title: 64, abstract: 95, venue: 52, authors: 27, year: 86, n_citations: 73 within (138.604395 total / 1.386 average)
estimate time left: 0:03:19.584000
[04/02/2022, 19:24:19] (597 / 731) title: 70, abstract: 105, venue: 57, authors: 31, year: 93, n_citations: 78 within (153.453895 total / 1.395 average)
estimate time left: 0:03:06.930000
[04/02/2022, 19:24:33] (607 / 731) title: 77, abstract: 114, venue: 60, authors: 32, year: 101, n_citations: 86 within (167.422077 total / 1.3952 average)
estimate time left: 0:02:53.004800
[04/02/2022, 19:24:45] (617 / 731) title: 85, abstract: 123, venue: 64, authors: 35, year: 109, n_citations: 96 within (179.562588 total / 1.3813 average)
estimate time left: 0:02:37.468200
[04/02/2022, 19:25:00] (627 / 731) title: 93, abstract: 132, venue: 69, authors: 38, year: 117, n_citations: 102 within (194.277647 total / 1.3877 average)
estimate time left: 0:02:24.320800
[04/02/2022, 19:25:13] (637 / 731) title: 100, abstract: 142, venue: 75, authors: 42, year: 125, n_citations: 112 within (208.184751 total / 1.3879 average)
estimate time left: 0:02:10.462600
[04/02/2022, 19:25:30] (647 / 731) title: 107, abstract: 152, venue: 83, authors: 44, year: 135, n_citations: 121 within (224.489894 total / 1.4031 average)
estimate time left: 0:01:57.860400
[04/02/2022, 19:25:43] (657 / 731) title: 115, abstract: 162, venue: 90, authors: 49, year: 142, n_citations: 130 within (238.259165 total / 1.4015 average)
estimate time left: 0:01:43.711000
[04/02/2022, 19:25:58] (667 / 731) title: 122, abstract: 172, venue: 95, authors: 53, year: 151, n_citations: 138 within (252.791022 total / 1.4044 average)
estimate time left: 0:01:29.881600
[04/02/2022, 19:26:13] (677 / 731) title: 128, abstract: 182, venue: 99, authors: 53, year: 161, n_citations: 145 within (268.059245 total / 1.4108 average)
estimate time left: 0:01:16.183200
[04/02/2022, 19:26:30] (687 / 731) title: 136, abstract: 192, venue: 101, authors: 54, year: 170, n_citations: 150 within (285.221033 total / 1.4261 average)
estimate time left: 0:01:02.748400
[04/02/2022, 19:26:47] (697 / 731) title: 143, abstract: 202, venue: 107, authors: 58, year: 177, n_citations: 157 within (301.889441 total / 1.4376 average)
estimate time left: 0:00:48.878400
[04/02/2022, 19:26:59] (707 / 731) title: 150, abstract: 212, venue: 111, authors: 60, year: 186, n_citations: 166 within (313.744808 total / 1.4261 average)
estimate time left: 0:00:34.226400
[04/02/2022, 19:27:11] (717 / 731) title: 155, abstract: 222, venue: 114, authors: 64, year: 193, n_citations: 174 within (325.536907 total / 1.4154 average)
estimate time left: 0:00:19.815600
[04/02/2022, 19:27:21] (727 / 731) title: 164, abstract: 232, venue: 119, authors: 66, year: 203, n_citations: 182 within (335.907235 total / 1.3996 average)
estimate time left: 0:00:05.598400
[04/02/2022, 19:27:27] end anchor metrics witin 344.714865
