
Child #[4, 5]: psutil.Process(pid=128182, name='python', status='running', started='16:07:55'), affinity [4, 5]
Child #[4, 5]: Set my affinity to [4, 5], affinity now [4, 5]

[03/30/2022, 21:05:43] start anchor metrics
[03/30/2022, 21:06:01] start computing anchor from index: 2896 to 4343 with config: 0.9999 0.6
[03/30/2022, 21:06:11] (2905 / 4343) title: 9, abstract: 10, venue: 8, authors: 2, year: 10, n_citations: 4 within (10.116578 total / 1.0117 average)
estimate time left: 0:24:14.824600
[03/30/2022, 21:06:24] (2915 / 4343) title: 19, abstract: 19, venue: 17, authors: 4, year: 19, n_citations: 5 within (23.269001 total / 1.1635 average)
estimate time left: 0:27:41.478000
[03/30/2022, 21:06:35] (2925 / 4343) title: 29, abstract: 29, venue: 25, authors: 4, year: 28, n_citations: 6 within (33.803666 total / 1.1268 average)
estimate time left: 0:26:37.802400
[03/30/2022, 21:06:46] (2935 / 4343) title: 39, abstract: 38, venue: 31, authors: 5, year: 34, n_citations: 14 within (45.41801 total / 1.1355 average)
estimate time left: 0:26:38.784000
[03/30/2022, 21:06:59] (2945 / 4343) title: 48, abstract: 48, venue: 37, authors: 8, year: 41, n_citations: 20 within (58.001631 total / 1.16 average)
estimate time left: 0:27:01.680000
[03/30/2022, 21:07:16] (2955 / 4343) title: 58, abstract: 57, venue: 44, authors: 11, year: 50, n_citations: 22 within (75.124913 total / 1.2521 average)
estimate time left: 0:28:57.914800
[03/30/2022, 21:07:30] (2965 / 4343) title: 68, abstract: 67, venue: 51, authors: 15, year: 57, n_citations: 29 within (88.862451 total / 1.2695 average)
estimate time left: 0:29:09.371000
[03/30/2022, 21:07:40] (2975 / 4343) title: 78, abstract: 77, venue: 57, authors: 16, year: 65, n_citations: 34 within (99.657217 total / 1.2457 average)
estimate time left: 0:28:24.117600
[03/30/2022, 21:07:54] (2985 / 4343) title: 87, abstract: 86, venue: 64, authors: 17, year: 74, n_citations: 36 within (113.026558 total / 1.2559 average)
estimate time left: 0:28:25.512200
[03/30/2022, 21:08:08] (2995 / 4343) title: 97, abstract: 95, venue: 69, authors: 21, year: 83, n_citations: 42 within (127.283108 total / 1.2728 average)
estimate time left: 0:28:35.734400
[03/30/2022, 21:08:22] (3005 / 4343) title: 107, abstract: 105, venue: 77, authors: 22, year: 92, n_citations: 45 within (141.258963 total / 1.2842 average)
estimate time left: 0:28:38.259600
[03/30/2022, 21:08:35] (3015 / 4343) title: 117, abstract: 115, venue: 84, authors: 23, year: 101, n_citations: 47 within (153.687909 total / 1.2807 average)
estimate time left: 0:28:20.769600
[03/30/2022, 21:08:46] (3025 / 4343) title: 127, abstract: 124, venue: 90, authors: 26, year: 108, n_citations: 53 within (165.106445 total / 1.27 average)
estimate time left: 0:27:53.860000
[03/30/2022, 21:08:56] (3035 / 4343) title: 137, abstract: 133, venue: 96, authors: 27, year: 115, n_citations: 56 within (174.874568 total / 1.2491 average)
estimate time left: 0:27:13.822800
[03/30/2022, 21:09:07] (3045 / 4343) title: 146, abstract: 142, venue: 104, authors: 32, year: 122, n_citations: 60 within (186.253118 total / 1.2417 average)
estimate time left: 0:26:51.726600
[03/30/2022, 21:09:22] (3055 / 4343) title: 156, abstract: 150, venue: 112, authors: 34, year: 132, n_citations: 64 within (201.615733 total / 1.2601 average)
estimate time left: 0:27:03.008800
[03/30/2022, 21:09:36] (3065 / 4343) title: 166, abstract: 160, venue: 119, authors: 37, year: 139, n_citations: 70 within (215.419205 total / 1.2672 average)
estimate time left: 0:26:59.481600
[03/30/2022, 21:09:50] (3075 / 4343) title: 176, abstract: 169, venue: 126, authors: 40, year: 146, n_citations: 74 within (229.643534 total / 1.2758 average)
estimate time left: 0:26:57.714400
[03/30/2022, 21:10:04] (3085 / 4343) title: 186, abstract: 179, venue: 134, authors: 43, year: 153, n_citations: 79 within (243.093565 total / 1.2794 average)
estimate time left: 0:26:49.485200
[03/30/2022, 21:10:23] (3095 / 4343) title: 196, abstract: 187, venue: 138, authors: 43, year: 162, n_citations: 86 within (262.502097 total / 1.3125 average)
estimate time left: 0:27:18
[03/30/2022, 21:10:41] (3105 / 4343) title: 206, abstract: 197, venue: 143, authors: 47, year: 170, n_citations: 91 within (279.801498 total / 1.3324 average)
estimate time left: 0:27:29.511200
[03/30/2022, 21:10:53] (3115 / 4343) title: 215, abstract: 207, venue: 148, authors: 49, year: 178, n_citations: 98 within (291.676484 total / 1.3258 average)
estimate time left: 0:27:08.082400
[03/30/2022, 21:11:03] (3125 / 4343) title: 225, abstract: 216, venue: 154, authors: 51, year: 187, n_citations: 102 within (302.462985 total / 1.3151 average)
estimate time left: 0:26:41.791800
[03/30/2022, 21:11:18] (3135 / 4343) title: 234, abstract: 226, venue: 162, authors: 53, year: 194, n_citations: 105 within (317.533601 total / 1.3231 average)
estimate time left: 0:26:38.304800
[03/30/2022, 21:11:33] (3145 / 4343) title: 243, abstract: 236, venue: 169, authors: 56, year: 201, n_citations: 111 within (332.143005 total / 1.3286 average)
estimate time left: 0:26:31.662800
[03/30/2022, 21:11:46] (3155 / 4343) title: 253, abstract: 244, venue: 175, authors: 58, year: 210, n_citations: 112 within (344.899724 total / 1.3265 average)
estimate time left: 0:26:15.882000
[03/30/2022, 21:11:57] (3165 / 4343) title: 263, abstract: 254, venue: 180, authors: 59, year: 218, n_citations: 118 within (356.234474 total / 1.3194 average)
estimate time left: 0:25:54.253200
[03/30/2022, 21:12:09] (3175 / 4343) title: 273, abstract: 263, venue: 186, authors: 60, year: 224, n_citations: 123 within (367.812072 total / 1.3136 average)
estimate time left: 0:25:34.284800
[03/30/2022, 21:12:22] (3185 / 4343) title: 282, abstract: 273, venue: 191, authors: 63, year: 232, n_citations: 127 within (381.584393 total / 1.3158 average)
estimate time left: 0:25:23.696400
[03/30/2022, 21:12:33] (3195 / 4343) title: 291, abstract: 283, venue: 198, authors: 65, year: 239, n_citations: 132 within (392.402235 total / 1.308 average)
estimate time left: 0:25:01.584000
[03/30/2022, 21:12:49] (3205 / 4343) title: 301, abstract: 293, venue: 207, authors: 68, year: 245, n_citations: 137 within (408.259051 total / 1.317 average)
estimate time left: 0:24:58.746000
[03/30/2022, 21:13:03] (3215 / 4343) title: 311, abstract: 303, venue: 213, authors: 74, year: 251, n_citations: 145 within (422.364865 total / 1.3199 average)
estimate time left: 0:24:48.847200
[03/30/2022, 21:13:16] (3225 / 4343) title: 321, abstract: 313, venue: 217, authors: 77, year: 260, n_citations: 149 within (434.682696 total / 1.3172 average)
estimate time left: 0:24:32.629600
[03/30/2022, 21:13:30] (3235 / 4343) title: 331, abstract: 323, venue: 225, authors: 79, year: 267, n_citations: 156 within (448.697549 total / 1.3197 average)
estimate time left: 0:24:22.227600
[03/30/2022, 21:13:43] (3245 / 4343) title: 341, abstract: 332, venue: 232, authors: 82, year: 273, n_citations: 162 within (461.6592 total / 1.319 average)
estimate time left: 0:24:08.262000
[03/30/2022, 21:13:57] (3255 / 4343) title: 351, abstract: 342, venue: 237, authors: 83, year: 283, n_citations: 166 within (476.336319 total / 1.3232 average)
estimate time left: 0:23:59.641600
[03/30/2022, 21:14:08] (3265 / 4343) title: 360, abstract: 352, venue: 245, authors: 85, year: 292, n_citations: 170 within (487.42038 total / 1.3174 average)
estimate time left: 0:23:40.157200
[03/30/2022, 21:14:19] (3275 / 4343) title: 370, abstract: 362, venue: 252, authors: 88, year: 299, n_citations: 175 within (498.353927 total / 1.3115 average)
estimate time left: 0:23:20.682000
[03/30/2022, 21:14:34] (3285 / 4343) title: 379, abstract: 369, venue: 258, authors: 90, year: 306, n_citations: 182 within (512.948986 total / 1.3153 average)
estimate time left: 0:23:11.587400
[03/30/2022, 21:14:51] (3295 / 4343) title: 388, abstract: 379, venue: 264, authors: 93, year: 314, n_citations: 188 within (529.815677 total / 1.3245 average)
estimate time left: 0:23:08.076000
[03/30/2022, 21:15:02] (3305 / 4343) title: 398, abstract: 389, venue: 273, authors: 96, year: 322, n_citations: 192 within (541.231706 total / 1.3201 average)
estimate time left: 0:22:50.263800
[03/30/2022, 21:15:16] (3315 / 4343) title: 408, abstract: 399, venue: 280, authors: 98, year: 330, n_citations: 199 within (554.91152 total / 1.3212 average)
estimate time left: 0:22:38.193600
[03/30/2022, 21:15:29] (3325 / 4343) title: 418, abstract: 409, venue: 286, authors: 102, year: 338, n_citations: 203 within (568.534148 total / 1.3222 average)
estimate time left: 0:22:25.999600
[03/30/2022, 21:15:43] (3335 / 4343) title: 428, abstract: 418, venue: 294, authors: 103, year: 347, n_citations: 206 within (582.101199 total / 1.323 average)
estimate time left: 0:22:13.584000
[03/30/2022, 21:15:54] (3345 / 4343) title: 438, abstract: 428, venue: 303, authors: 106, year: 357, n_citations: 208 within (592.8547 total / 1.3175 average)
estimate time left: 0:21:54.865000
[03/30/2022, 21:16:07] (3355 / 4343) title: 448, abstract: 438, venue: 310, authors: 107, year: 367, n_citations: 211 within (606.41309 total / 1.3183 average)
estimate time left: 0:21:42.480400
[03/30/2022, 21:16:19] (3365 / 4343) title: 457, abstract: 447, venue: 318, authors: 109, year: 373, n_citations: 216 within (618.106953 total / 1.3151 average)
estimate time left: 0:21:26.167800
[03/30/2022, 21:16:31] (3375 / 4343) title: 467, abstract: 457, venue: 325, authors: 110, year: 383, n_citations: 219 within (630.258391 total / 1.313 average)
estimate time left: 0:21:10.984000
[03/30/2022, 21:16:43] (3385 / 4343) title: 477, abstract: 467, venue: 333, authors: 112, year: 389, n_citations: 224 within (642.411324 total / 1.311 average)
estimate time left: 0:20:55.938000
[03/30/2022, 21:17:01] (3395 / 4343) title: 487, abstract: 477, venue: 340, authors: 114, year: 396, n_citations: 230 within (659.767921 total / 1.3195 average)
estimate time left: 0:20:50.886000
[03/30/2022, 21:17:11] (3405 / 4343) title: 497, abstract: 487, venue: 348, authors: 116, year: 400, n_citations: 237 within (670.481777 total / 1.3147 average)
estimate time left: 0:20:33.188600
[03/30/2022, 21:17:27] (3415 / 4343) title: 506, abstract: 497, venue: 358, authors: 119, year: 407, n_citations: 242 within (686.134056 total / 1.3195 average)
estimate time left: 0:20:24.496000
[03/30/2022, 21:17:40] (3425 / 4343) title: 516, abstract: 505, venue: 363, authors: 120, year: 417, n_citations: 245 within (699.534106 total / 1.3199 average)
estimate time left: 0:20:11.668200
[03/30/2022, 21:17:51] (3435 / 4343) title: 526, abstract: 514, venue: 370, authors: 122, year: 424, n_citations: 251 within (710.01615 total / 1.3148 average)
estimate time left: 0:19:53.838400
[03/30/2022, 21:18:06] (3445 / 4343) title: 536, abstract: 522, venue: 376, authors: 126, year: 431, n_citations: 258 within (725.534053 total / 1.3192 average)
estimate time left: 0:19:44.641600
[03/30/2022, 21:18:18] (3455 / 4343) title: 546, abstract: 532, venue: 382, authors: 128, year: 438, n_citations: 262 within (737.343048 total / 1.3167 average)
estimate time left: 0:19:29.229600
[03/30/2022, 21:18:32] (3465 / 4343) title: 556, abstract: 540, venue: 391, authors: 130, year: 446, n_citations: 267 within (750.904967 total / 1.3174 average)
estimate time left: 0:19:16.677200
[03/30/2022, 21:18:45] (3475 / 4343) title: 566, abstract: 550, venue: 398, authors: 131, year: 454, n_citations: 269 within (763.800475 total / 1.3169 average)
estimate time left: 0:19:03.069200
[03/30/2022, 21:18:58] (3485 / 4343) title: 576, abstract: 558, venue: 408, authors: 132, year: 461, n_citations: 271 within (777.328891 total / 1.3175 average)
estimate time left: 0:18:50.415000
[03/30/2022, 21:19:08] (3495 / 4343) title: 586, abstract: 568, venue: 416, authors: 133, year: 468, n_citations: 274 within (787.010927 total / 1.3117 average)
estimate time left: 0:18:32.321600
[03/30/2022, 21:19:18] (3505 / 4343) title: 596, abstract: 578, venue: 424, authors: 134, year: 473, n_citations: 282 within (797.615273 total / 1.3076 average)
estimate time left: 0:18:15.768800
[03/30/2022, 21:19:29] (3515 / 4343) title: 606, abstract: 588, venue: 432, authors: 136, year: 480, n_citations: 287 within (808.140273 total / 1.3035 average)
estimate time left: 0:17:59.298000
[03/30/2022, 21:19:44] (3525 / 4343) title: 616, abstract: 598, venue: 441, authors: 138, year: 488, n_citations: 293 within (823.381825 total / 1.307 average)
estimate time left: 0:17:49.126000
[03/30/2022, 21:19:57] (3535 / 4343) title: 626, abstract: 608, venue: 449, authors: 142, year: 496, n_citations: 298 within (836.295899 total / 1.3067 average)
estimate time left: 0:17:35.813600
[03/30/2022, 21:20:12] (3545 / 4343) title: 636, abstract: 617, venue: 457, authors: 145, year: 505, n_citations: 301 within (850.738091 total / 1.3088 average)
estimate time left: 0:17:24.422400
[03/30/2022, 21:20:25] (3555 / 4343) title: 646, abstract: 627, venue: 464, authors: 146, year: 512, n_citations: 305 within (863.998003 total / 1.3091 average)
estimate time left: 0:17:11.570800
[03/30/2022, 21:20:38] (3565 / 4343) title: 656, abstract: 636, venue: 472, authors: 147, year: 519, n_citations: 310 within (877.105492 total / 1.3091 average)
estimate time left: 0:16:58.479800
[03/30/2022, 21:20:50] (3575 / 4343) title: 666, abstract: 643, venue: 479, authors: 147, year: 525, n_citations: 314 within (889.060414 total / 1.3074 average)
estimate time left: 0:16:44.083200
[03/30/2022, 21:21:02] (3585 / 4343) title: 676, abstract: 653, venue: 487, authors: 149, year: 533, n_citations: 321 within (901.41748 total / 1.3064 average)
estimate time left: 0:16:30.251200
[03/30/2022, 21:21:16] (3595 / 4343) title: 686, abstract: 662, venue: 495, authors: 152, year: 542, n_citations: 327 within (915.163069 total / 1.3074 average)
estimate time left: 0:16:17.935200
[03/30/2022, 21:21:28] (3605 / 4343) title: 696, abstract: 672, venue: 502, authors: 154, year: 549, n_citations: 332 within (927.359533 total / 1.3061 average)
estimate time left: 0:16:03.901800
[03/30/2022, 21:21:39] (3615 / 4343) title: 706, abstract: 682, venue: 511, authors: 154, year: 555, n_citations: 336 within (938.23821 total / 1.3031 average)
estimate time left: 0:15:48.656800
[03/30/2022, 21:21:53] (3625 / 4343) title: 716, abstract: 691, venue: 516, authors: 155, year: 562, n_citations: 342 within (952.212627 total / 1.3044 average)
estimate time left: 0:15:36.559200
[03/30/2022, 21:22:04] (3635 / 4343) title: 726, abstract: 701, venue: 525, authors: 157, year: 571, n_citations: 347 within (963.129914 total / 1.3015 average)
estimate time left: 0:15:21.462000
[03/30/2022, 21:22:20] (3645 / 4343) title: 736, abstract: 711, venue: 534, authors: 160, year: 580, n_citations: 350 within (979.355877 total / 1.3058 average)
estimate time left: 0:15:11.448400
[03/30/2022, 21:22:38] (3655 / 4343) title: 746, abstract: 721, venue: 542, authors: 163, year: 588, n_citations: 354 within (997.201098 total / 1.3121 average)
estimate time left: 0:15:02.724800
[03/30/2022, 21:22:51] (3665 / 4343) title: 756, abstract: 731, venue: 548, authors: 164, year: 594, n_citations: 358 within (1009.773047 total / 1.3114 average)
estimate time left: 0:14:49.129200
[03/30/2022, 21:23:01] (3675 / 4343) title: 765, abstract: 741, venue: 556, authors: 166, year: 600, n_citations: 362 within (1020.415199 total / 1.3082 average)
estimate time left: 0:14:33.877600
[03/30/2022, 21:23:14] (3685 / 4343) title: 775, abstract: 751, venue: 564, authors: 169, year: 609, n_citations: 367 within (1033.112966 total / 1.3077 average)
estimate time left: 0:14:20.466600
[03/30/2022, 21:23:27] (3695 / 4343) title: 785, abstract: 759, venue: 569, authors: 171, year: 618, n_citations: 372 within (1046.652841 total / 1.3083 average)
estimate time left: 0:14:07.778400
[03/30/2022, 21:23:40] (3705 / 4343) title: 795, abstract: 768, venue: 578, authors: 174, year: 625, n_citations: 378 within (1058.808765 total / 1.3072 average)
estimate time left: 0:13:53.993600
[03/30/2022, 21:23:51] (3715 / 4343) title: 805, abstract: 778, venue: 584, authors: 175, year: 634, n_citations: 383 within (1069.762709 total / 1.3046 average)
estimate time left: 0:13:39.288800
[03/30/2022, 21:24:02] (3725 / 4343) title: 815, abstract: 787, venue: 590, authors: 175, year: 641, n_citations: 388 within (1080.882655 total / 1.3023 average)
estimate time left: 0:13:24.821400
[03/30/2022, 21:24:15] (3735 / 4343) title: 825, abstract: 796, venue: 597, authors: 177, year: 648, n_citations: 392 within (1093.743374 total / 1.3021 average)
estimate time left: 0:13:11.676800
[03/30/2022, 21:24:26] (3745 / 4343) title: 835, abstract: 805, venue: 606, authors: 177, year: 655, n_citations: 395 within (1105.391184 total / 1.3005 average)
estimate time left: 0:12:57.699000
[03/30/2022, 21:24:43] (3755 / 4343) title: 844, abstract: 815, venue: 613, authors: 179, year: 664, n_citations: 400 within (1122.300395 total / 1.305 average)
estimate time left: 0:12:47.340000
[03/30/2022, 21:24:56] (3765 / 4343) title: 854, abstract: 825, venue: 620, authors: 180, year: 673, n_citations: 405 within (1134.68542 total / 1.3042 average)
estimate time left: 0:12:33.827600
[03/30/2022, 21:25:07] (3775 / 4343) title: 864, abstract: 835, venue: 625, authors: 181, year: 680, n_citations: 410 within (1146.446789 total / 1.3028 average)
estimate time left: 0:12:19.990400
[03/30/2022, 21:25:18] (3785 / 4343) title: 874, abstract: 845, venue: 633, authors: 182, year: 688, n_citations: 412 within (1157.056673 total / 1.3001 average)
estimate time left: 0:12:05.455800
[03/30/2022, 21:25:29] (3795 / 4343) title: 884, abstract: 854, venue: 641, authors: 183, year: 696, n_citations: 414 within (1167.927836 total / 1.2977 average)
estimate time left: 0:11:51.139600
[03/30/2022, 21:25:40] (3805 / 4343) title: 894, abstract: 864, venue: 650, authors: 183, year: 702, n_citations: 418 within (1179.346282 total / 1.296 average)
estimate time left: 0:11:37.248000
[03/30/2022, 21:25:51] (3815 / 4343) title: 904, abstract: 874, venue: 657, authors: 187, year: 708, n_citations: 423 within (1189.881423 total / 1.2933 average)
estimate time left: 0:11:22.862400
[03/30/2022, 21:26:03] (3825 / 4343) title: 914, abstract: 884, venue: 663, authors: 189, year: 714, n_citations: 430 within (1202.297243 total / 1.2928 average)
estimate time left: 0:11:09.670400
[03/30/2022, 21:26:19] (3835 / 4343) title: 924, abstract: 894, venue: 670, authors: 191, year: 722, n_citations: 436 within (1217.84336 total / 1.2956 average)
estimate time left: 0:10:58.164800
[03/30/2022, 21:26:34] (3845 / 4343) title: 934, abstract: 904, venue: 678, authors: 195, year: 731, n_citations: 441 within (1232.884684 total / 1.2978 average)
estimate time left: 0:10:46.304400
[03/30/2022, 21:26:51] (3855 / 4343) title: 944, abstract: 913, venue: 686, authors: 196, year: 740, n_citations: 447 within (1249.821568 total / 1.3019 average)
estimate time left: 0:10:35.327200
[03/30/2022, 21:27:02] (3865 / 4343) title: 954, abstract: 923, venue: 692, authors: 199, year: 746, n_citations: 453 within (1261.157822 total / 1.3002 average)
estimate time left: 0:10:21.495600
[03/30/2022, 21:27:16] (3875 / 4343) title: 964, abstract: 933, venue: 700, authors: 200, year: 753, n_citations: 458 within (1275.009192 total / 1.301 average)
estimate time left: 0:10:08.868000
[03/30/2022, 21:27:29] (3885 / 4343) title: 973, abstract: 943, venue: 706, authors: 202, year: 760, n_citations: 461 within (1287.985778 total / 1.301 average)
estimate time left: 0:09:55.858000
[03/30/2022, 21:27:44] (3895 / 4343) title: 983, abstract: 952, venue: 713, authors: 205, year: 765, n_citations: 466 within (1302.720705 total / 1.3027 average)
estimate time left: 0:09:43.609600
[03/30/2022, 21:27:57] (3905 / 4343) title: 993, abstract: 962, venue: 719, authors: 207, year: 772, n_citations: 470 within (1316.36741 total / 1.3033 average)
estimate time left: 0:09:30.845400
[03/30/2022, 21:28:10] (3915 / 4343) title: 1003, abstract: 972, venue: 724, authors: 207, year: 780, n_citations: 475 within (1329.129806 total / 1.3031 average)
estimate time left: 0:09:17.726800
[03/30/2022, 21:28:23] (3925 / 4343) title: 1013, abstract: 982, venue: 733, authors: 209, year: 790, n_citations: 478 within (1341.912351 total / 1.3028 average)
estimate time left: 0:09:04.570400
[03/30/2022, 21:28:37] (3935 / 4343) title: 1023, abstract: 991, venue: 739, authors: 211, year: 799, n_citations: 481 within (1356.561975 total / 1.3044 average)
estimate time left: 0:08:52.195200
[03/30/2022, 21:28:50] (3945 / 4343) title: 1033, abstract: 999, venue: 742, authors: 213, year: 805, n_citations: 486 within (1369.651746 total / 1.3044 average)
estimate time left: 0:08:39.151200
[03/30/2022, 21:29:06] (3955 / 4343) title: 1043, abstract: 1009, venue: 749, authors: 214, year: 812, n_citations: 491 within (1385.313555 total / 1.3069 average)
estimate time left: 0:08:27.077200
[03/30/2022, 21:29:19] (3965 / 4343) title: 1053, abstract: 1019, venue: 758, authors: 219, year: 820, n_citations: 497 within (1398.308985 total / 1.3068 average)
estimate time left: 0:08:13.970400
[03/30/2022, 21:29:34] (3975 / 4343) title: 1062, abstract: 1028, venue: 764, authors: 220, year: 826, n_citations: 502 within (1412.680104 total / 1.308 average)
estimate time left: 0:08:01.344000
[03/30/2022, 21:29:47] (3985 / 4343) title: 1072, abstract: 1038, venue: 769, authors: 221, year: 834, n_citations: 507 within (1426.329585 total / 1.3086 average)
estimate time left: 0:07:48.478800
[03/30/2022, 21:30:01] (3995 / 4343) title: 1082, abstract: 1046, venue: 777, authors: 222, year: 842, n_citations: 511 within (1440.614631 total / 1.3096 average)
estimate time left: 0:07:35.740800
[03/30/2022, 21:30:15] (4005 / 4343) title: 1091, abstract: 1056, venue: 784, authors: 224, year: 847, n_citations: 516 within (1454.562597 total / 1.3104 average)
estimate time left: 0:07:22.915200
[03/30/2022, 21:30:28] (4015 / 4343) title: 1101, abstract: 1066, venue: 791, authors: 225, year: 855, n_citations: 520 within (1467.154905 total / 1.31 average)
estimate time left: 0:07:09.680000
[03/30/2022, 21:30:39] (4025 / 4343) title: 1110, abstract: 1075, venue: 797, authors: 227, year: 863, n_citations: 522 within (1477.740945 total / 1.3077 average)
estimate time left: 0:06:55.848600
[03/30/2022, 21:30:50] (4035 / 4343) title: 1120, abstract: 1085, venue: 804, authors: 228, year: 872, n_citations: 524 within (1488.902783 total / 1.3061 average)
estimate time left: 0:06:42.278800
[03/30/2022, 21:31:06] (4045 / 4343) title: 1130, abstract: 1094, venue: 812, authors: 229, year: 880, n_citations: 530 within (1505.00407 total / 1.3087 average)
estimate time left: 0:06:29.992600
[03/30/2022, 21:31:24] (4055 / 4343) title: 1140, abstract: 1102, venue: 820, authors: 231, year: 889, n_citations: 535 within (1523.360885 total / 1.3132 average)
estimate time left: 0:06:18.201600
[03/30/2022, 21:31:38] (4065 / 4343) title: 1150, abstract: 1112, venue: 829, authors: 232, year: 896, n_citations: 539 within (1536.8738 total / 1.3136 average)
estimate time left: 0:06:05.180800
[03/30/2022, 21:32:00] (4075 / 4343) title: 1160, abstract: 1121, venue: 838, authors: 234, year: 903, n_citations: 549 within (1559.60225 total / 1.3217 average)
estimate time left: 0:05:54.215600
[03/30/2022, 21:32:16] (4085 / 4343) title: 1169, abstract: 1130, venue: 848, authors: 238, year: 908, n_citations: 554 within (1575.208143 total / 1.3237 average)
estimate time left: 0:05:41.514600
[03/30/2022, 21:32:28] (4095 / 4343) title: 1179, abstract: 1139, venue: 855, authors: 240, year: 917, n_citations: 557 within (1587.653432 total / 1.323 average)
estimate time left: 0:05:28.104000
[03/30/2022, 21:32:40] (4105 / 4343) title: 1189, abstract: 1149, venue: 863, authors: 242, year: 924, n_citations: 563 within (1599.168973 total / 1.3216 average)
estimate time left: 0:05:14.540800
[03/30/2022, 21:32:55] (4115 / 4343) title: 1199, abstract: 1159, venue: 872, authors: 244, year: 930, n_citations: 567 within (1613.690409 total / 1.3227 average)
estimate time left: 0:05:01.575600
[03/30/2022, 21:33:10] (4125 / 4343) title: 1208, abstract: 1168, venue: 879, authors: 245, year: 939, n_citations: 572 within (1628.825028 total / 1.3242 average)
estimate time left: 0:04:48.675600
[03/30/2022, 21:33:22] (4135 / 4343) title: 1218, abstract: 1177, venue: 884, authors: 246, year: 946, n_citations: 577 within (1641.508238 total / 1.3238 average)
estimate time left: 0:04:35.350400
[03/30/2022, 21:33:36] (4145 / 4343) title: 1228, abstract: 1186, venue: 891, authors: 247, year: 955, n_citations: 584 within (1655.06354 total / 1.3241 average)
estimate time left: 0:04:22.171800
[03/30/2022, 21:33:49] (4155 / 4343) title: 1238, abstract: 1196, venue: 896, authors: 247, year: 963, n_citations: 588 within (1667.852901 total / 1.3237 average)
estimate time left: 0:04:08.855600
[03/30/2022, 21:34:03] (4165 / 4343) title: 1248, abstract: 1206, venue: 904, authors: 251, year: 970, n_citations: 595 within (1681.735496 total / 1.3242 average)
estimate time left: 0:03:55.707600
[03/30/2022, 21:34:20] (4175 / 4343) title: 1258, abstract: 1216, venue: 911, authors: 253, year: 979, n_citations: 601 within (1699.223915 total / 1.3275 average)
estimate time left: 0:03:43.020000
[03/30/2022, 21:34:29] (4185 / 4343) title: 1268, abstract: 1226, venue: 918, authors: 253, year: 985, n_citations: 604 within (1707.983058 total / 1.324 average)
estimate time left: 0:03:29.192000
[03/30/2022, 21:34:41] (4195 / 4343) title: 1278, abstract: 1236, venue: 926, authors: 253, year: 993, n_citations: 608 within (1720.315417 total / 1.3233 average)
estimate time left: 0:03:15.848400
[03/30/2022, 21:34:55] (4205 / 4343) title: 1288, abstract: 1244, venue: 931, authors: 255, year: 1002, n_citations: 612 within (1734.030145 total / 1.3237 average)
estimate time left: 0:03:02.670600
[03/30/2022, 21:35:06] (4215 / 4343) title: 1298, abstract: 1254, venue: 939, authors: 257, year: 1012, n_citations: 615 within (1745.05871 total / 1.322 average)
estimate time left: 0:02:49.216000
[03/30/2022, 21:35:17] (4225 / 4343) title: 1307, abstract: 1264, venue: 945, authors: 260, year: 1016, n_citations: 621 within (1755.689374 total / 1.3201 average)
estimate time left: 0:02:35.771800
[03/30/2022, 21:35:29] (4235 / 4343) title: 1317, abstract: 1274, venue: 951, authors: 262, year: 1024, n_citations: 626 within (1768.027543 total / 1.3194 average)
estimate time left: 0:02:22.495200
[03/30/2022, 21:35:43] (4245 / 4343) title: 1327, abstract: 1283, venue: 958, authors: 265, year: 1033, n_citations: 630 within (1782.175697 total / 1.3201 average)
estimate time left: 0:02:09.369800
[03/30/2022, 21:36:01] (4255 / 4343) title: 1337, abstract: 1293, venue: 966, authors: 267, year: 1041, n_citations: 635 within (1800.27774 total / 1.3237 average)
estimate time left: 0:01:56.485600
[03/30/2022, 21:36:10] (4265 / 4343) title: 1347, abstract: 1302, venue: 975, authors: 268, year: 1046, n_citations: 640 within (1809.416745 total / 1.3207 average)
estimate time left: 0:01:43.014600
[03/30/2022, 21:36:24] (4275 / 4343) title: 1356, abstract: 1312, venue: 982, authors: 270, year: 1055, n_citations: 641 within (1822.865958 total / 1.3209 average)
estimate time left: 0:01:29.821200
[03/30/2022, 21:36:39] (4285 / 4343) title: 1366, abstract: 1322, venue: 991, authors: 272, year: 1061, n_citations: 645 within (1837.793068 total / 1.3222 average)
estimate time left: 0:01:16.687600
[03/30/2022, 21:36:54] (4295 / 4343) title: 1376, abstract: 1331, venue: 995, authors: 275, year: 1068, n_citations: 647 within (1852.732972 total / 1.3234 average)
estimate time left: 0:01:03.523200
[03/30/2022, 21:37:05] (4305 / 4343) title: 1386, abstract: 1341, venue: 1002, authors: 276, year: 1076, n_citations: 650 within (1864.473884 total / 1.3223 average)
estimate time left: 0:00:50.247400
[03/30/2022, 21:37:18] (4315 / 4343) title: 1396, abstract: 1349, venue: 1009, authors: 278, year: 1083, n_citations: 653 within (1876.987189 total / 1.3218 average)
estimate time left: 0:00:37.010400
[03/30/2022, 21:37:32] (4325 / 4343) title: 1406, abstract: 1359, venue: 1017, authors: 279, year: 1091, n_citations: 657 within (1891.043197 total / 1.3224 average)
estimate time left: 0:00:23.803200
[03/30/2022, 21:37:50] (4335 / 4343) title: 1414, abstract: 1367, venue: 1022, authors: 280, year: 1099, n_citations: 662 within (1909.383127 total / 1.326 average)
estimate time left: 0:00:10.608000
[03/30/2022, 21:38:00] end anchor metrics witin 1936.450985

