Child #[2, 3]: psutil.Process(pid=4510, name='python', status='running', started='03:29:56'), affinity [2, 3]
Child #[2, 3]: Set my affinity to [2, 3], affinity now [2, 3]

[03/30/2022, 05:16:10] start computing sampling shap for range: [2, 8]
[03/30/2022, 05:16:55] computing sampling shap 290:300 within 44.6456 sec, 4.4646 on average
[03/30/2022, 05:16:55] instances left: 280
[03/30/2022, 05:16:55] estimating time left: 0:20:50.088000

[[-8.41240228e-01 -6.48232657e+00 -2.11875344e-01  0.00000000e+00
   4.81513282e-01 -1.16771655e-01]
 [-5.56121651e-01  3.44448134e+00  0.00000000e+00  0.00000000e+00
   2.19306711e-02  2.64932298e-01]
 [-9.45889622e-01 -6.21800963e+00 -3.43843250e-01  0.00000000e+00
   4.01733437e-01  2.58901546e-03]
 [-5.60248180e-01  3.78551864e+00 -2.24857949e-01  0.00000000e+00
  -3.72340947e-01 -4.24845675e-02]
 [-8.85005531e-01  3.93971138e+00 -8.25998586e-02  0.00000000e+00
  -1.28493365e+00  2.85511753e-01]
 [-9.49302282e-01 -6.40951162e+00 -3.08585247e-01  0.00000000e+00
  -5.92474912e-01  5.09416760e-01]
 [-8.48880914e-01  3.64662803e+00  0.00000000e+00  0.00000000e+00
   1.44099629e-01 -9.38967274e-02]
 [-1.08159302e+00 -6.18609186e+00 -3.20546958e-01  0.00000000e+00
   4.97807553e-01 -8.02759968e-02]
 [-4.89337796e-01  4.82238883e+00  8.83346539e+00  0.00000000e+00
   7.42025853e-02 -4.48583262e-02]
 [ 9.38190854e+00 -5.35629815e+00 -2.13377521e-01  0.00000000e+00
  -1.86282964e+00 -1.53128195e-02]]
[03/30/2022, 05:17:37] computing sampling shap 300:310 within 41.8605 sec, 4.3254 on average
[03/30/2022, 05:17:37] instances left: 270
[03/30/2022, 05:17:37] estimating time left: 0:19:27.858000

[[-0.54523739  3.41899374 -0.1673513   0.          0.59229275 -0.08313216]
 [-1.09896796 -6.15222775 -0.29865248  0.          0.01449002  0.02132431]
 [ 3.78536693  0.74815066 -0.08623011  0.         -0.12090797 -0.10268303]
 [ 8.50953224 -3.95379195 -0.08397849  0.         -0.25297955 -0.06716522]
 [-0.95597339 -6.46915013 -0.08164414  0.          0.40368256 -0.06761484]
 [-0.44022088 13.7858191  -0.16386816  0.         -0.17791583  0.19518514]
 [-1.10972933 -6.46984114 -0.08030741  0.         -0.91518527  0.06529003]
 [-1.02399064 -6.24180936 -0.40490856  0.         -0.97988614  0.30072182]
 [-1.04538644  3.973952   -0.07925834  0.         -0.24136597 -0.09344987]
 [-0.85217221 -6.59220917 -0.24029502  0.         -0.80783035 -0.01802413]]
[03/30/2022, 05:18:19] computing sampling shap 310:320 within 41.9386 sec, 4.2816 on average
[03/30/2022, 05:18:19] instances left: 260
[03/30/2022, 05:18:19] estimating time left: 0:18:33.216000

[[-0.67451016  3.55032485 -0.16166113  0.         -0.35806867  0.44153123]
 [-0.60145496  3.73034143 -0.19859496  0.         -0.28214839  0.02546646]
 [-1.066587   -6.32344936 -0.15021401  0.          0.03852785 -0.05603141]
 [-1.20420515 -6.01441272 -0.29657819  0.          0.452291   -0.10779517]
 [ 4.44868612 -0.21844312 -0.31918082  0.         -0.38359058  0.25681296]
 [ 2.76598993  0.05096234  1.63396549  0.         -0.1587582  -0.0482945 ]
 [-0.87950749 -6.45228181 -0.22646799  0.         -0.96300742  0.32627374]
 [-0.97280304 -6.55229764  0.          0.          0.47985385 -0.05817272]
 [-1.11958065 -6.04910248 -0.30257553  0.          0.40614635 -0.10558785]
 [-0.66626656  3.72698878 -0.29059643  0.         -0.21790811  0.25427955]]
[03/30/2022, 05:19:01] computing sampling shap 320:330 within 42.4853 sec, 4.2734 on average
[03/30/2022, 05:19:01] instances left: 250
[03/30/2022, 05:19:01] estimating time left: 0:17:48.350000

[[-1.21385961e+00 -6.23646733e+00 -1.77515827e-01  0.00000000e+00
  -9.37108887e-01  3.56750277e-01]
 [-5.34033235e-01  3.62824276e+00 -2.18271419e-01  0.00000000e+00
  -7.55461898e-01  1.31330362e-01]
 [-1.07447822e+00 -6.51401725e+00 -8.29938030e-02  0.00000000e+00
  -1.00590074e+00  6.39809091e-02]
 [-9.31700671e-01 -6.44266562e+00 -2.83163901e-01  0.00000000e+00
   1.28350310e-01 -1.26109813e-01]
 [ 4.51359699e+00 -2.61427767e-01 -3.59612564e-01  0.00000000e+00
   3.55025970e-01 -2.06480053e-03]
 [-4.40289983e-01  3.39445453e+00 -7.91482310e-02  0.00000000e+00
   4.25181074e-01 -8.46320938e-02]
 [-5.37832569e-01  3.59041400e+00 -4.21825850e-01  0.00000000e+00
  -1.51910835e+00 -1.01498096e-01]
 [ 4.93010398e+00  9.65488212e+00 -2.44191812e-01  0.00000000e+00
  -2.53319869e-01  1.70715680e-01]
 [-9.16108715e-01 -6.07420988e+00 -5.84635263e-01  0.00000000e+00
   5.56043184e-02 -2.32297903e-02]
 [-9.61231250e-01 -6.39200822e+00 -2.15738194e-01  0.00000000e+00
  -8.90053737e-01 -5.14996837e-02]]
[03/30/2022, 05:19:45] computing sampling shap 330:340 within 44.0396 sec, 4.2995 on average
[03/30/2022, 05:19:45] instances left: 240
[03/30/2022, 05:19:45] estimating time left: 0:17:11.880000

[[ 8.23366998 -3.58007869 -0.34511179  0.          0.34960716 -0.1236563 ]
 [ 8.17447885 -3.73081111 -0.084144    0.          0.3304559   0.18628253]
 [-0.45469183 13.69870029 -0.13824891  0.         -0.13111879 -0.08678133]
 [-0.91656366 -6.30193382 -0.25759481  0.          0.40130352 -0.07279822]
 [-0.73022456  3.80537792 -0.08155342  0.          0.31903184 -0.09706673]
 [-0.69145835  3.76661932 -0.26458064  0.         -0.86119333  0.20974763]
 [-0.89949071  3.86596546 -0.16963746  0.          0.45907814 -0.1069085 ]
 [-1.12134274 -6.0584527  -0.39647649  0.         -0.35183654  0.03336464]
 [-1.10328827 -6.33427409 -0.30136582  0.         -0.86921649  0.29476764]
 [-1.24740446 -6.04620902 -0.31756926  0.         -0.30759215 -0.12969829]]
[03/30/2022, 05:20:27] computing sampling shap 340:350 within 41.7474 sec, 4.2788 on average
[03/30/2022, 05:20:27] instances left: 230
[03/30/2022, 05:20:27] estimating time left: 0:16:24.124000

[[-1.37176237 -6.34235895  0.          0.         -0.9801026  -0.08253115]
 [-1.15988571 -6.19130534 -0.27895505  0.         -0.60972129  0.58581008]
 [ 4.43982464 -0.40537822  0.          0.         -0.86056749  0.1961354 ]
 [-1.19010485 -6.10196808 -0.29111837  0.          0.49220084  0.02491519]
 [-0.81087797  3.71895778 -0.08195949  0.         -0.29761201  0.00954748]
 [-0.82177609  3.81059576 -0.07865287  0.         -0.94987553  0.28701127]
 [-1.00025299 -6.1199938  -0.50957169  0.         -0.24949917  0.1449071 ]
 [-0.65875138  3.85366503 -0.32879041  0.          0.3925578  -0.02404528]
 [-1.23679743 -6.18049879 -0.20467896  0.          0.07843394 -0.05528823]
 [-1.06682897 -6.17313584 -0.25436091  0.          0.41741569 -0.09379027]]
[03/30/2022, 05:21:11] computing sampling shap 350:360 within 43.511 sec, 4.2891 on average
[03/30/2022, 05:21:11] instances left: 220
[03/30/2022, 05:21:11] estimating time left: 0:15:43.602000

[[-1.04767595 -6.18066671 -0.29154572  0.          0.42975394 -0.08056582]
 [-0.71304152  3.69915899 -0.24444862  0.          0.48756877  0.01175403]
 [-0.9335477  -6.3366988  -0.25382921  0.          0.44138431 -0.08800881]
 [-0.99589803 -6.47054782 -0.08316052  0.          0.45395605 -0.00776927]
 [-0.70762614  3.62284372 -0.08362016  0.         -0.86809356  0.2837991 ]
 [-0.8557021  -6.33035258 -0.34120069  0.          0.45146255 -0.01458948]
 [-0.88371951 -6.71672675  0.          0.         -0.60445704  0.7973432 ]
 [-0.97421767 -6.1628271  -0.4508727   0.         -0.25339085  0.40438477]
 [-0.75019186  3.77359191 -0.08258442  0.          0.35863028 -0.08388093]
 [-0.63716913  3.51460464  0.          0.         -0.93172705  0.15183499]]
[03/30/2022, 05:21:51] computing sampling shap 360:370 within 40.4374 sec, 4.2585 on average
[03/30/2022, 05:21:51] instances left: 210
[03/30/2022, 05:21:51] estimating time left: 0:14:54.285000

[[-1.00315052  4.04854385 -0.14686388  0.         -0.24390268 -0.06903997]
 [-1.24537472 -5.99717652 -0.32517745  0.          0.03189836 -0.0877148 ]
 [ 3.59845746  0.81890134  0.          0.          0.0994524  -0.03734471]
 [-1.00572419  4.03840833 -0.08273927  0.         -1.65789633 -0.11963981]
 [-0.72090319  3.8166857  -0.28981332  0.          0.5117245  -0.10212853]
 [-1.1552209  -6.16284265 -0.15984449  0.          0.41436837 -0.10716059]
 [-1.13102895 -6.23480416 -0.14456459  0.          0.03212937  0.17396571]
 [-0.40287696 -4.24538729  7.34247264  0.          0.49601818 -0.04314305]
 [-0.71499939  3.85633596 -0.1826802   0.         -0.81556334  0.18437727]
 [-0.66294283  3.53153021  0.          0.          0.06575687 -0.08639453]]
[03/30/2022, 05:22:34] computing sampling shap 370:380 within 42.73 sec, 4.2601 on average
[03/30/2022, 05:22:34] instances left: 200
[03/30/2022, 05:22:34] estimating time left: 0:14:12.020000

[[-1.18705859e+00 -6.03772221e+00 -2.90904576e-01  0.00000000e+00
  -3.77041360e-01 -2.41708518e-02]
 [-7.31371344e-01 -4.28626371e+00  7.58151985e+00  0.00000000e+00
  -9.42045495e-01  2.46898007e-01]
 [-5.86522258e-01  3.38917131e+00  0.00000000e+00  0.00000000e+00
   4.93034413e-01 -8.01179683e-02]
 [-1.08844581e+00 -6.46567515e+00 -8.32442600e-02  0.00000000e+00
   5.46262367e-01  7.07689776e-03]
 [-1.18763830e+00 -6.30279697e+00 -8.46900053e-02  0.00000000e+00
  -3.42145295e-01 -3.62760464e-02]
 [-4.68757008e-01  1.36129273e+01  0.00000000e+00  0.00000000e+00
   9.48617975e-02 -9.63268963e-02]
 [-7.79577721e-01 -6.58832812e+00 -2.12429892e-01  0.00000000e+00
   5.04579643e-01 -7.18306484e-02]
 [-1.04993621e+00 -6.26238421e+00 -3.05347121e-01  0.00000000e+00
  -8.64686817e-01  5.06246692e-01]
 [ 3.41766722e+00  8.16151269e-01  0.00000000e+00  0.00000000e+00
   4.52015592e-01 -9.82018644e-02]
 [-2.22659963e-01  1.34586150e+01  0.00000000e+00  0.00000000e+00
   3.58000081e-02  1.07239409e-01]]
[03/30/2022, 05:23:19] computing sampling shap 380:390 within 45.0517 sec, 4.2846 on average
[03/30/2022, 05:23:19] instances left: 190
[03/30/2022, 05:23:19] estimating time left: 0:13:34.074000

[[-7.43756083e-01  3.58733188e+00 -1.38544224e-01  0.00000000e+00
  -1.35816304e+00  1.59210775e-01]
 [-2.37817236e-01  1.34361417e+01 -7.40676613e-02  0.00000000e+00
   4.76489763e-01 -1.25659708e-01]
 [-6.83429683e-01  3.59967267e+00  0.00000000e+00  0.00000000e+00
   3.79010601e-01 -1.61341251e-03]
 [-3.42288867e-01  1.37549783e+01 -7.84413581e-02  0.00000000e+00
  -3.93467374e-02  8.40929952e-02]
 [-4.14667123e-01  3.39024761e+00 -7.94622286e-02  0.00000000e+00
   4.09011836e-01 -2.40898847e-02]
 [-7.18518727e-01 -6.51469092e+00 -4.38070651e-01  0.00000000e+00
  -1.64637786e+00 -7.85883195e-02]
 [-1.15703352e+00 -6.04464731e+00 -3.86202495e-01  0.00000000e+00
   4.95263957e-01 -7.80811410e-02]
 [-6.92207021e-01  3.54492307e+00  0.00000000e+00  0.00000000e+00
   4.45358694e-01 -5.19143464e-02]
 [-1.04878744e+00 -6.29893743e+00 -2.40105946e-01  0.00000000e+00
  -9.36736043e-01  4.48101589e-01]
 [-1.03303378e+00 -6.37488725e+00 -1.42920801e-01  0.00000000e+00
  -9.65974649e-01  5.07069379e-01]]
[03/30/2022, 05:24:00] computing sampling shap 390:400 within 41.3457 sec, 4.271 on average
[03/30/2022, 05:24:00] instances left: 180
[03/30/2022, 05:24:00] estimating time left: 0:12:48.780000

[[-1.19993232e+00 -6.29868647e+00 -2.05856436e-01  0.00000000e+00
  -1.04277200e+00 -8.83685884e-02]
 [-5.65683359e-01  3.69821289e+00 -2.57112984e-01  0.00000000e+00
   4.47312741e-01 -1.07164218e-01]
 [-1.17440374e+00 -6.19760768e+00 -2.51935897e-01  0.00000000e+00
  -1.08404750e+00 -1.12392238e-01]
 [-7.45930343e-01  3.90671344e+00 -3.28773633e-01  0.00000000e+00
  -8.25718113e-01 -9.93445561e-02]
 [-6.61975230e-01  3.61101829e+00 -7.49238302e-02  0.00000000e+00
   2.25337043e-02 -1.14031876e-01]
 [-8.28987309e-01  3.87268571e+00 -1.79501638e-01  0.00000000e+00
   4.35839232e-01 -1.89963001e-02]
 [-8.07431547e-01  3.98578331e+00 -2.13729107e-01  0.00000000e+00
  -3.23960618e-01  1.43223271e-01]
 [ 9.79641683e+00  4.62833736e+00 -2.50353219e-01  0.00000000e+00
   3.58779028e-01 -1.26449879e-01]
 [-7.64360891e-01  3.60258920e+00  0.00000000e+00  0.00000000e+00
   1.16438652e-01 -1.06716902e-01]
 [-6.15263824e-01  3.73021764e+00 -2.88502577e-01  0.00000000e+00
   2.09343513e-03 -1.98030893e-02]]
[03/30/2022, 05:24:43] computing sampling shap 400:410 within 42.9036 sec, 4.2726 on average
[03/30/2022, 05:24:43] instances left: 170
[03/30/2022, 05:24:43] estimating time left: 0:12:06.342000

[[-0.68299998  3.67438743 -0.07543833  0.          0.4163288  -0.08611797]
 [-0.73111349 -6.59625563 -0.27221124  0.          0.04827797  0.03726892]
 [-0.4651033  13.63536284  0.          0.          0.13010517 -0.11176289]
 [-0.82080443  3.8444707  -0.08348193  0.          0.03770944 -0.12994412]
 [-0.76761997  3.78459273 -0.13219725  0.          0.11046474 -0.1094689 ]
 [ 8.09010283  7.11445111  0.          0.          0.38405778 -0.07320254]
 [ 4.42833978 -0.425962   -0.18655493  0.          0.44440783 -0.08955435]
 [-0.77280179  3.66811586  0.          0.          0.40604965 -0.08579838]
 [-0.58826392  3.62170046 -0.13002294  0.          0.40744328 -0.09529168]
 [-0.43515355 13.77168944  0.          0.         -0.83274866 -0.0260226 ]]
[03/30/2022, 05:25:26] computing sampling shap 410:420 within 43.3527 sec, 4.2775 on average
[03/30/2022, 05:25:26] instances left: 160
[03/30/2022, 05:25:26] estimating time left: 0:11:24.400000

[[-1.13410253e+00 -6.02437268e+00 -3.97683586e-01  0.00000000e+00
  -1.94741805e+00 -1.22098527e-01]
 [-5.26677814e-01  3.46359898e+00  0.00000000e+00  0.00000000e+00
   3.97396913e-01 -5.32776882e-02]
 [-8.54697750e-01  3.95365743e+00 -1.28812900e-01  0.00000000e+00
   3.43675303e-01 -6.76619273e-02]
 [-1.11909731e+00 -6.37625980e+00 -9.96993355e-02  0.00000000e+00
   7.23207713e-02 -1.00808979e-01]
 [-9.91672482e-01 -6.22697768e+00 -2.69838808e-01  0.00000000e+00
   4.21522602e-01 -1.03733674e-01]
 [-6.48430219e-01  3.81713979e+00 -1.69578618e-01  0.00000000e+00
   2.96583018e-01 -8.01487395e-02]
 [-6.27717530e-01  3.69014621e+00 -1.78362504e-01  0.00000000e+00
  -2.33947887e-01  8.52832350e-03]
 [ 9.74695869e+00  4.55520762e+00 -1.38669758e-01  0.00000000e+00
  -9.75749601e-02 -1.04749517e-01]
 [-9.35255619e-01 -6.25253906e+00 -4.61332561e-01  0.00000000e+00
  -1.08640812e+00 -8.48520847e-02]
 [-1.14533943e+00 -6.15502646e+00 -2.10229196e-01  0.00000000e+00
  -9.18392381e-03  2.22028532e-01]]
[03/30/2022, 05:26:10] computing sampling shap 420:430 within 43.4943 sec, 4.2826 on average
[03/30/2022, 05:26:10] instances left: 150
[03/30/2022, 05:26:10] estimating time left: 0:10:42.390000

[[-5.08064509e-01  3.53144965e+00 -1.75968104e-01  0.00000000e+00
   1.35218338e-01 -1.34685200e-01]
 [-6.60674022e-01  3.71361048e+00 -2.57981086e-01  0.00000000e+00
   5.02936152e-01 -5.17317172e-02]
 [-7.02586009e-01 -6.93552989e+00 -1.35964339e-01  0.00000000e+00
  -1.67951256e-01  2.51345796e-02]
 [-9.13923120e-01 -6.57524987e+00 -8.04679069e-02  0.00000000e+00
   4.93418737e-01 -9.44777230e-02]
 [-1.04602178e+00 -6.25983798e+00 -2.58543393e-01  0.00000000e+00
   4.66984617e-01 -6.00149218e-03]
 [-7.38093772e-01  3.53035808e+00  0.00000000e+00  0.00000000e+00
   5.04354105e-01 -8.10527985e-02]
 [-9.69993457e-01 -6.12357492e+00 -4.30796514e-01  0.00000000e+00
   4.48475204e-01 -2.75304862e-02]
 [ 3.48262976e+00  8.91812814e-01  0.00000000e+00  0.00000000e+00
   1.17179672e-01 -5.21704356e-02]
 [-8.52073891e-01 -6.08460581e+00 -6.40354150e-01  0.00000000e+00
   7.28765855e-02 -5.35963709e-02]
 [-7.54174739e-01  3.80357433e+00 -1.46507396e-01  0.00000000e+00
   5.80071131e-02 -7.51284586e-02]]
[03/30/2022, 05:26:50] computing sampling shap 430:440 within 40.4113 sec, 4.2665 on average
[03/30/2022, 05:26:50] instances left: 140
[03/30/2022, 05:26:50] estimating time left: 0:09:57.310000

[[ 8.35167588 -3.91388743 -0.15418361  0.          0.33648881 -0.08566339]
 [-1.32141362 -6.2313501  -0.08277042  0.         -0.63316747 -0.06089463]
 [ 3.58190532  0.82691453 -0.0842353   0.          0.31933002 -0.05628225]
 [-1.01987361 -6.31965448 -0.18660068  0.          0.46056269 -0.10513376]
 [-0.30494553 13.62700334 -0.14037887  0.          0.38680338 -0.09339556]
 [-1.05222005 -6.22238569 -0.2598422   0.         -0.86211645  0.21475911]
 [ 9.57766111  4.9664041  -0.32088014  0.          0.11619561 -0.03888711]
 [-1.03419443 -6.42911414  0.          0.          0.41386478 -0.06387254]
 [-0.86281983 -6.56288217 -0.14032912  0.          0.46294072 -0.06760998]
 [-0.91107908 -6.27775284 -0.38173833  0.          0.51932197 -0.11277235]]
[03/30/2022, 05:27:33] computing sampling shap 440:450 within 42.2805 sec, 4.2641 on average
[03/30/2022, 05:27:33] instances left: 130
[03/30/2022, 05:27:33] estimating time left: 0:09:14.333000

[[-0.23265083 10.7711907   2.69559146  0.          0.36039645 -0.0500602 ]
 [-0.90348142 -6.54502485 -0.08136029  0.          0.45279102 -0.07051143]
 [-0.92097291  3.9624347  -0.18639992  0.          0.43895922 -0.0784563 ]
 [-0.82064942 -6.52544026 -0.17088012  0.          0.44351819 -0.09724844]
 [-1.11234683 -6.27848775 -0.19722466  0.          0.02520152 -0.06068698]
 [-0.81402809 -6.67254647 -0.08435182  0.          0.05464163 -0.03535532]
 [-0.82288658 -6.53592109 -0.22540707  0.          0.48553671 -0.07202175]
 [-0.97744064 -6.39959291 -0.24303947  0.         -0.29080363  0.01127828]
 [-0.77257401  3.83095138 -0.26043264  0.          0.44748967 -0.02012655]
 [-0.78133255  3.9690489  -0.28007079  0.         -0.54839705 -0.09301781]]
[03/30/2022, 05:28:16] computing sampling shap 450:460 within 43.1377 sec, 4.2671 on average
[03/30/2022, 05:28:16] instances left: 120
[03/30/2022, 05:28:16] estimating time left: 0:08:32.052000

[[-0.8739536  -6.21974904 -0.48633603  0.          0.48537171 -0.07603341]
 [-0.85419881 -6.30902513 -0.47195215  0.          0.07690495 -0.09701856]
 [-0.54881088  3.40074552  0.          0.          0.13437112 -0.03472427]
 [-0.71747571  3.67883822 -0.23040572  0.          0.51308444 -0.06443924]
 [-0.66901141  3.61682809 -0.13348682  0.          0.43114721 -0.03006549]
 [-0.79427435  3.617621    0.          0.          0.50054411 -0.04285066]
 [-0.95932519 -6.22482385 -0.43007581  0.         -1.06871103 -0.01462381]
 [-0.62141775  3.57887774 -0.16917051  0.         -0.24859351  0.01549291]
 [-1.08853074 -6.30682775 -0.20715083  0.         -1.06860767  0.04618904]
 [-0.57127555  3.47775071  0.          0.          0.0303645  -0.05106833]]
[03/30/2022, 05:28:57] computing sampling shap 460:470 within 41.3114 sec, 4.2595 on average
[03/30/2022, 05:28:57] instances left: 110
[03/30/2022, 05:28:57] estimating time left: 0:07:48.545000

[[-1.22782570e+00 -6.32655861e+00 -2.09964086e-01  0.00000000e+00
   1.94782891e-01 -8.57241965e-02]
 [-1.24359187e+00 -5.97860584e+00 -3.66586134e-01  0.00000000e+00
  -8.77913573e-01  4.43519463e-01]
 [-7.63744368e-01  3.60388490e+00  0.00000000e+00  0.00000000e+00
  -1.84847827e-01 -1.00785662e-01]
 [-3.27868719e-01  1.36853081e+01 -1.42237142e-01  0.00000000e+00
   5.30362454e-02 -6.11404513e-03]
 [-7.65387045e-01  3.95810828e+00 -2.96828712e-01  0.00000000e+00
  -2.60504453e-01  2.45683613e-02]
 [-8.29700768e-01  3.80355669e+00  0.00000000e+00  0.00000000e+00
  -3.04217876e-01 -9.68115774e-03]
 [-7.53958713e-01  3.98061998e+00 -3.67663698e-01  0.00000000e+00
   4.29708118e-01 -7.31408008e-02]
 [-1.25787545e+00 -6.26038032e+00  0.00000000e+00  0.00000000e+00
   3.33516166e-01  3.22192053e-01]
 [-5.00980666e-01  3.74238710e+00 -4.34994339e-01  0.00000000e+00
  -8.46476775e-01  3.75670661e-01]
 [-8.22575610e-01 -6.58386795e+00 -2.27048806e-01  0.00000000e+00
   6.81443893e-02 -3.34813012e-02]]
[03/30/2022, 05:29:37] computing sampling shap 470:480 within 39.6925 sec, 4.2443 on average
[03/30/2022, 05:29:37] instances left: 100
[03/30/2022, 05:29:37] estimating time left: 0:07:04.430000

[[-0.9059806  -6.28687499 -0.39231875  0.         -1.13557427 -0.11486727]
 [ 4.46444433 -0.11693468 -0.30409203  0.         -0.87666178 -0.0846783 ]
 [-1.21757159 -6.43332123 -0.18154506  0.         -1.63045291 -0.06144955]
 [-1.11869508 -6.41703517 -0.08198382  0.         -0.76968253  0.60029296]
 [-1.53100984 -6.06657673  0.          0.          0.51433255 -0.08744627]
 [-0.69918927  3.76276105 -0.22563039  0.         -0.20640342  0.027108  ]
 [-0.7432395   3.79689428 -0.08291096  0.         -0.00931323 -0.11348093]
 [-0.22330697  3.34892708 -0.25238998  0.          0.44266574 -0.0697354 ]
 [-0.71044045  3.61951474  0.          0.         -0.59291819 -0.02016534]
 [-0.73435593  3.55243762 -0.07868469  0.          0.21472428  0.1589481 ]]
[03/30/2022, 05:30:19] computing sampling shap 480:490 within 41.9296 sec, 4.2417 on average
[03/30/2022, 05:30:19] instances left: 90
[03/30/2022, 05:30:19] estimating time left: 0:06:21.753000

[[-0.46327616  3.56979855 -0.21924968  0.          0.06234867  0.02050457]
 [-1.03504734 -6.54132761  0.          0.         -0.36784563 -0.10425203]
 [-0.74594047  3.66243341  0.          0.         -0.99975438 -0.11917702]
 [-1.09481561 -6.13040715 -0.48781449  0.         -0.39912178  0.48329453]
 [ 4.49434879  9.79252039 -0.08738011  0.          0.33758098 -0.10701099]
 [-0.99979637 -6.06101436 -0.43204375  0.          0.41150173 -0.08934751]
 [ 3.30422625  1.1598019  -0.0833267   0.          0.13096997 -0.07221942]
 [-0.46955821  3.51766976 -0.13050433  0.          0.3884411  -0.09048299]
 [-0.92581775  3.7475285   0.          0.          0.47438535 -0.04993601]
 [-0.69680571  3.75691082 -0.13855668  0.          0.40850137 -0.11448477]]
[03/30/2022, 05:31:02] computing sampling shap 490:500 within 43.6855 sec, 4.2478 on average
[03/30/2022, 05:31:02] instances left: 80
[03/30/2022, 05:31:02] estimating time left: 0:05:39.824000

[[-9.34335467e-01 -6.35887311e+00 -2.95067543e-01  0.00000000e+00
  -6.07489130e-01  8.58403182e-02]
 [-1.06412205e+00 -6.25963425e+00 -2.33678753e-01  0.00000000e+00
   4.76120354e-01 -6.62720846e-02]
 [-7.83123561e-01  3.76890280e+00 -1.28765971e-01  0.00000000e+00
   4.31389440e-01 -7.36266731e-03]
 [-4.79073632e-01  1.38697130e+01 -1.37639577e-01  0.00000000e+00
   3.32262249e-01 -4.07947257e-02]
 [ 9.42455012e+00 -5.44567831e+00 -8.13484304e-02  0.00000000e+00
  -2.19841408e-01 -9.65996092e-02]
 [-5.51046895e-01  3.63236856e+00 -1.96449083e-01  0.00000000e+00
   4.25300245e-01 -9.46076801e-02]
 [-5.40793725e-01  3.56082906e+00 -1.93908103e-01  0.00000000e+00
  -8.34230710e-01  4.51587461e-01]
 [-1.35551799e+00 -6.21886796e+00 -1.95330418e-01  0.00000000e+00
  -8.78921055e-01  2.68851904e-01]
 [-7.71121210e-01  3.90248678e+00 -2.86209266e-01  0.00000000e+00
  -8.49767700e-01  7.03676877e-02]
 [-7.12174771e-01  3.80599369e+00 -1.59128653e-01  0.00000000e+00
   3.65154241e-01 -6.20429523e-03]]
[03/30/2022, 05:31:42] computing sampling shap 500:510 within 39.36 sec, 4.2336 on average
[03/30/2022, 05:31:42] instances left: 70
[03/30/2022, 05:31:42] estimating time left: 0:04:56.352000

[[ 9.19766788 -5.07781704 -0.23727797  0.          0.05876969  0.096194  ]
 [-0.8270741   3.77296763 -0.13411302  0.          0.49429321 -0.01243315]
 [-0.80765443  3.63734023  0.          0.         -0.64392968  0.1417142 ]
 [-1.17879199 -6.16822256 -0.18141463  0.          0.44566459 -0.06482234]
 [-0.95698192 -6.24236208 -0.34146881  0.          0.46013998 -0.02274709]
 [-1.2090594  -6.0859314  -0.26857056  0.          0.49320997 -0.10034879]
 [-1.20140268 -6.15520396 -0.18552546  0.          0.01256959 -0.09398246]
 [-1.17679261 -6.27327411 -0.1924636   0.          0.11418177 -0.07048087]
 [-1.01148953 -6.33936287 -0.34355702  0.         -1.53282935  0.11173551]
 [-1.12051813 -6.42649137 -0.0838528   0.          0.55057703 -0.06730189]]
[03/30/2022, 05:32:24] computing sampling shap 510:520 within 41.8937 sec, 4.2317 on average
[03/30/2022, 05:32:24] instances left: 60
[03/30/2022, 05:32:24] estimating time left: 0:04:13.902000

[[ 4.73162876e+00 -5.95280130e-01 -1.21570862e-01  0.00000000e+00
  -1.87490892e-01  1.64985310e-03]
 [-5.77332380e-01  3.71676383e+00 -1.96641253e-01  0.00000000e+00
   3.82697332e-01 -3.80311140e-02]
 [-8.74651143e-01 -6.27347393e+00 -3.93321547e-01  0.00000000e+00
   4.31248215e-01  4.41232076e-02]
 [-9.92001840e-01 -6.21114002e+00 -3.50937011e-01  0.00000000e+00
   4.77839233e-01 -3.70768176e-02]
 [-7.39132831e-01  3.75785705e+00 -1.99431879e-01  0.00000000e+00
  -3.08416206e-01 -1.23192873e-02]
 [ 3.35473546e+00  1.23174616e+00 -1.91114215e-01  0.00000000e+00
   2.98882680e-01 -5.89091065e-02]
 [-1.06502597e+00 -6.37817204e+00 -1.58564563e-01  0.00000000e+00
  -3.41453737e-01 -7.15308453e-02]
 [-5.43539804e-01  3.42516662e+00  0.00000000e+00  0.00000000e+00
   4.28521102e-01 -9.45825540e-02]
 [-6.68148674e-01  3.81543999e+00 -2.84044441e-01  0.00000000e+00
  -9.59788849e-01 -1.26551689e-01]
 [-9.61445454e-01 -6.54544530e+00 -8.03903271e-02  0.00000000e+00
   4.83390810e-01  7.29180761e-02]]
[03/30/2022, 05:33:09] computing sampling shap 520:530 within 45.8506 sec, 4.2464 on average
[03/30/2022, 05:33:09] instances left: 50
[03/30/2022, 05:33:09] estimating time left: 0:03:32.320000

[[-5.81813741e-01  3.75034568e+00 -2.64625633e-01  0.00000000e+00
   3.94981857e-01 -5.27282430e-02]
 [ 9.20885803e+00 -5.12966528e+00 -2.09704331e-01  0.00000000e+00
   3.50396227e-01 -7.68518951e-02]
 [-9.40031437e-01 -6.08322993e+00 -5.21875943e-01  0.00000000e+00
  -3.56223463e-01 -1.13386475e-01]
 [-7.80733270e-01  3.85793120e+00 -2.19896524e-01  0.00000000e+00
   4.25579698e-01  5.20140216e-02]
 [-9.66647425e-01 -6.50477502e+00 -2.70641750e-01  0.00000000e+00
   1.91181685e-01 -1.04407174e-01]
 [-6.61950612e-01  3.56088265e+00  0.00000000e+00  0.00000000e+00
   3.92946343e-01 -4.57179925e-02]
 [-9.98750921e-01 -6.39051829e+00 -1.83864348e-01  0.00000000e+00
   4.82056633e-01 -7.96229649e-02]
 [ 4.68080135e+00  1.76733209e+00  7.89084899e+00  0.00000000e+00
  -3.75719607e-02  7.52649805e-03]
 [-6.38884106e-01  3.82207477e+00 -2.43926450e-01  0.00000000e+00
   4.09700302e-01 -1.33399398e-01]
 [ 9.41766863e+00  5.02857973e+00 -2.06986977e-01  0.00000000e+00
   2.50986025e-01 -8.35174365e-02]]
[03/30/2022, 05:33:50] computing sampling shap 530:540 within 40.7471 sec, 4.2396 on average
[03/30/2022, 05:33:50] instances left: 40
[03/30/2022, 05:33:50] estimating time left: 0:02:49.584000

[[-8.56226375e-01 -6.37687468e+00 -3.58629549e-01  0.00000000e+00
   6.91803225e-02 -7.62791200e-02]
 [-9.17878713e-01  3.75197434e+00  0.00000000e+00  0.00000000e+00
  -1.93230289e-01  2.55429103e-01]
 [-4.32921746e-01  1.37733096e+01 -1.35530474e-01  0.00000000e+00
  -1.02048128e+00 -1.09233855e-01]
 [-8.92328580e-01 -6.53436629e+00 -2.14884748e-01  0.00000000e+00
  -9.54340501e-01  3.75239775e-01]
 [-2.81440433e-01  1.36278172e+01  0.00000000e+00  0.00000000e+00
   1.04076125e-02  3.54402968e-02]
 [ 9.39831938e+00  4.82071531e+00  0.00000000e+00  0.00000000e+00
  -1.39799954e+00 -4.03871786e-02]
 [-1.06044061e+00 -5.99585080e+00 -4.41962388e-01  0.00000000e+00
  -3.19039899e-02 -9.33871963e-02]
 [-6.78402630e-01  3.92548369e+00 -3.39989538e-01  0.00000000e+00
  -2.79700503e-01 -4.18037997e-02]
 [-2.35391382e-01  1.34844657e+01  0.00000000e+00  0.00000000e+00
   1.36042920e-02  7.93112368e-03]
 [-6.93514975e-01  3.62062471e+00  0.00000000e+00  0.00000000e+00
   3.59697106e-01 -4.06466215e-02]]
[03/30/2022, 05:34:34] computing sampling shap 540:550 within 44.0378 sec, 4.2459 on average
[03/30/2022, 05:34:34] instances left: 30
[03/30/2022, 05:34:34] estimating time left: 0:02:07.377000

[[-0.78051545  3.66414883 -0.081876    0.         -1.16775713 -0.09108384]
 [-0.87943809  4.12858622 -0.27906     0.          0.34602396 -0.03507258]
 [-0.33668113 13.52551206  0.          0.          0.37065218 -0.08439607]
 [-0.35464255  3.22901658 -0.07820177  0.         -0.22791921  0.27022468]
 [ 3.90697635 10.76503008  0.          0.         -0.11172876  0.01616386]
 [-0.89235088 -6.36229709 -0.27230883  0.          0.45862611 -0.07925654]
 [-0.66939196  3.50305736 -0.07927905  0.          0.53771244 -0.07653339]
 [-1.0278698  -6.24235288 -0.31405636  0.          0.06348303 -0.10274866]
 [-0.12804641 13.35675348 -0.07561936  0.          0.45522942 -0.13323004]
 [-1.15768678 -6.42288937  0.          0.          0.0296869  -0.10440035]]
[03/30/2022, 05:35:17] computing sampling shap 550:560 within 42.6422 sec, 4.2466 on average
[03/30/2022, 05:35:17] instances left: 20
[03/30/2022, 05:35:17] estimating time left: 0:01:24.932000

[[-5.39196901e-01  1.38200659e+01  0.00000000e+00  0.00000000e+00
   1.20133957e-01 -2.57749503e-02]
 [-9.19304011e-01  3.93170494e+00 -1.87193492e-01  0.00000000e+00
   4.69498135e-01 -7.91406682e-02]
 [-6.78826033e-01  3.77327527e+00 -1.81197331e-01  0.00000000e+00
   4.05414200e-01 -1.03101429e-01]
 [-1.17204462e+00 -6.14956260e+00 -2.74552210e-01  0.00000000e+00
   5.04230599e-01 -7.87716251e-02]
 [-9.41421238e-01 -6.49881262e+00 -1.37316112e-01  0.00000000e+00
   4.90684513e-01 -1.65540572e-02]
 [-7.34508663e-01  3.79769406e+00 -1.82907015e-01  0.00000000e+00
   4.31157106e-01 -6.52756341e-02]
 [-6.06174465e-01  3.57068348e+00 -2.47441743e-01  0.00000000e+00
  -2.04637075e-01 -7.90939093e-02]
 [-6.63593383e-01  3.69453045e+00 -1.55476121e-01  0.00000000e+00
   4.31823353e-01 -9.17192255e-02]
 [-6.12093149e-01  1.38816034e+01  0.00000000e+00  0.00000000e+00
  -6.85706963e-01  7.67990828e-01]
 [-5.96638144e-01  3.86135972e+00 -3.39690640e-01  0.00000000e+00
   1.26246817e-02  4.05104557e-02]]
[03/30/2022, 05:35:59] computing sampling shap 560:570 within 41.692 sec, 4.2438 on average
[03/30/2022, 05:35:59] instances left: 10
[03/30/2022, 05:35:59] estimating time left: 0:00:42.438000

[[-8.80174754e-01  3.86932455e+00 -7.81657563e-02  0.00000000e+00
   6.56096411e-02  1.57255687e-03]
 [-1.19611697e+00 -6.35123233e+00 -1.06233488e-01  0.00000000e+00
  -1.32828389e+00  3.24686737e-01]
 [-7.17562962e-01  3.68563513e+00 -7.79844236e-02  0.00000000e+00
   4.24868973e-01 -6.87965160e-02]
 [-9.71626129e-01 -6.18563159e+00 -4.05768892e-01  0.00000000e+00
   5.01547180e-01 -8.61076095e-02]
 [-8.82109208e-01  3.91415370e+00 -1.57396157e-01  0.00000000e+00
   4.11262633e-01 -4.87109738e-03]
 [ 8.29415158e+00 -3.96570072e+00  0.00000000e+00  0.00000000e+00
   1.05054081e-01 -6.74763436e-02]
 [-9.01575772e-01  4.01667017e+00 -2.45289946e-01  0.00000000e+00
   4.17050487e-01 -4.06947970e-02]
 [ 3.62635447e+00  7.81848085e-01 -8.59672529e-02  0.00000000e+00
   3.62879445e-01 -4.97736629e-02]
 [-9.27385299e-01 -6.40363331e+00 -1.72191510e-01  0.00000000e+00
  -2.49621608e-02 -2.95812159e-02]
 [-1.09104306e+00 -6.26617176e+00 -1.40223761e-01  0.00000000e+00
   4.11174170e-01 -6.13226649e-02]]
[03/30/2022, 05:35:59] finish computing sampling shap for range: [2, 8] within 1188.26803 sec
