

[03/30/2022, 21:06:21] [get prediction of paper data for /home/youyinnn_gmail_com/s2search/pipelining/exp-csna csna [7, 8]]
============== start ==============
[03/30/2022, 21:06:21] [get prediction of paper data for /home/youyinnn_gmail_com/s2search/pipelining/exp-csna csna [7, 8]]
============== end 0 ==============


[03/30/2022, 21:06:21] [get categorical paper data for /home/youyinnn_gmail_com/s2search/pipelining/exp-csna csna [7, 8]]
============== start ==============
[03/30/2022, 21:06:39] [get categorical paper data for /home/youyinnn_gmail_com/s2search/pipelining/exp-csna csna [7, 8]]
============== end 46324 ==============


[03/30/2022, 21:06:39] [get anchor metrics for /home/youyinnn_gmail_com/s2search/pipelining/exp-csna csna [7, 8] from index: 8688 to 10135]
============== start ==============
[03/30/2022, 21:37:43] [get anchor metrics for /home/youyinnn_gmail_com/s2search/pipelining/exp-csna csna [7, 8] from index: 8688 to 10135]
============== end 2196234 ==============


[03/30/2022, 21:37:43] [get prediction of paper data for /home/youyinnn_gmail_com/s2search/pipelining/exp-cscy cscy [7, 8]]
============== start ==============
[03/30/2022, 21:37:43] [get prediction of paper data for /home/youyinnn_gmail_com/s2search/pipelining/exp-cscy cscy [7, 8]]
============== end 0 ==============


[03/30/2022, 21:37:43] [get categorical paper data for /home/youyinnn_gmail_com/s2search/pipelining/exp-cscy cscy [7, 8]]
============== start ==============
[03/30/2022, 21:38:00] [get categorical paper data for /home/youyinnn_gmail_com/s2search/pipelining/exp-cscy cscy [7, 8]]
============== end 43976 ==============


[03/30/2022, 21:38:00] [get anchor metrics for /home/youyinnn_gmail_com/s2search/pipelining/exp-cscy cscy [7, 8] from index: 8250 to 9624]
============== start ==============
[03/30/2022, 22:08:36] [get anchor metrics for /home/youyinnn_gmail_com/s2search/pipelining/exp-cscy cscy [7, 8] from index: 8250 to 9624]
============== end 2098934 ==============


[03/30/2022, 22:08:37] [get prediction of paper data for /home/youyinnn_gmail_com/s2search/pipelining/exp-csdm csdm [7, 8]]
============== start ==============
[03/30/2022, 22:08:37] [get prediction of paper data for /home/youyinnn_gmail_com/s2search/pipelining/exp-csdm csdm [7, 8]]
============== end 0 ==============


[03/30/2022, 22:08:37] [get categorical paper data for /home/youyinnn_gmail_com/s2search/pipelining/exp-csdm csdm [7, 8]]
============== start ==============
[03/30/2022, 22:08:52] [get categorical paper data for /home/youyinnn_gmail_com/s2search/pipelining/exp-csdm csdm [7, 8]]
============== end 41776 ==============


[03/30/2022, 22:08:52] [get anchor metrics for /home/youyinnn_gmail_com/s2search/pipelining/exp-csdm csdm [7, 8] from index: 7836 to 9141]
============== start ==============
[03/30/2022, 22:44:20] [get anchor metrics for /home/youyinnn_gmail_com/s2search/pipelining/exp-csdm csdm [7, 8] from index: 7836 to 9141]
============== end 2516118 ==============


[03/30/2022, 22:44:20] [get prediction of paper data for /home/youyinnn_gmail_com/s2search/pipelining/exp-csir csir [7, 8]]
============== start ==============
[03/30/2022, 22:44:20] [get prediction of paper data for /home/youyinnn_gmail_com/s2search/pipelining/exp-csir csir [7, 8]]
============== end 0 ==============


[03/30/2022, 22:44:20] [get categorical paper data for /home/youyinnn_gmail_com/s2search/pipelining/exp-csir csir [7, 8]]
============== start ==============
[03/30/2022, 22:44:36] [get categorical paper data for /home/youyinnn_gmail_com/s2search/pipelining/exp-csir csir [7, 8]]
============== end 41092 ==============


[03/30/2022, 22:44:36] [get anchor metrics for /home/youyinnn_gmail_com/s2search/pipelining/exp-csir csir [7, 8] from index: 7710 to 8994]
============== start ==============
[03/30/2022, 23:13:23] [get anchor metrics for /home/youyinnn_gmail_com/s2search/pipelining/exp-csir csir [7, 8] from index: 7710 to 8994]
============== end 1976382 ==============


[03/30/2022, 23:13:23] [get prediction of paper data for /home/youyinnn_gmail_com/s2search/pipelining/exp-csne csne [7, 8]]
============== start ==============
[03/30/2022, 23:13:23] [get prediction of paper data for /home/youyinnn_gmail_com/s2search/pipelining/exp-csne csne [7, 8]]
============== end 0 ==============


[03/30/2022, 23:13:23] [get categorical paper data for /home/youyinnn_gmail_com/s2search/pipelining/exp-csne csne [7, 8]]
============== start ==============
[03/30/2022, 23:13:39] [get categorical paper data for /home/youyinnn_gmail_com/s2search/pipelining/exp-csne csne [7, 8]]
============== end 39336 ==============


[03/30/2022, 23:13:39] [get anchor metrics for /home/youyinnn_gmail_com/s2search/pipelining/exp-csne csne [7, 8] from index: 7380 to 8609]
============== start ==============
[03/30/2022, 23:49:47] [get anchor metrics for /home/youyinnn_gmail_com/s2search/pipelining/exp-csne csne [7, 8] from index: 7380 to 8609]
============== end 2473359 ==============


[03/30/2022, 23:49:47] [get prediction of paper data for /home/youyinnn_gmail_com/s2search/pipelining/exp-csse csse [7, 8]]
============== start ==============
[03/30/2022, 23:49:47] [get prediction of paper data for /home/youyinnn_gmail_com/s2search/pipelining/exp-csse csse [7, 8]]
============== end 0 ==============


[03/30/2022, 23:49:47] [get categorical paper data for /home/youyinnn_gmail_com/s2search/pipelining/exp-csse csse [7, 8]]
============== start ==============
[03/30/2022, 23:50:03] [get categorical paper data for /home/youyinnn_gmail_com/s2search/pipelining/exp-csse csse [7, 8]]
============== end 39044 ==============


[03/30/2022, 23:50:03] [get anchor metrics for /home/youyinnn_gmail_com/s2search/pipelining/exp-csse csse [7, 8] from index: 7326 to 8546]
============== start ==============
[03/31/2022, 00:25:24] [get anchor metrics for /home/youyinnn_gmail_com/s2search/pipelining/exp-csse csse [7, 8] from index: 7326 to 8546]
============== end 2251558 ==============


[03/31/2022, 00:25:24] [get prediction of paper data for /home/youyinnn_gmail_com/s2search/pipelining/exp-cscc cscc [7, 8]]
============== start ==============
[03/31/2022, 00:25:24] [get prediction of paper data for /home/youyinnn_gmail_com/s2search/pipelining/exp-cscc cscc [7, 8]]
============== end 0 ==============


[03/31/2022, 00:25:24] [get categorical paper data for /home/youyinnn_gmail_com/s2search/pipelining/exp-cscc cscc [7, 8]]
============== start ==============
[03/31/2022, 00:25:38] [get categorical paper data for /home/youyinnn_gmail_com/s2search/pipelining/exp-cscc cscc [7, 8]]
============== end 35008 ==============


[03/31/2022, 00:25:38] [get anchor metrics for /home/youyinnn_gmail_com/s2search/pipelining/exp-cscc cscc [7, 8] from index: 6570 to 7664]
============== start ==============
[03/31/2022, 00:56:21] [get anchor metrics for /home/youyinnn_gmail_com/s2search/pipelining/exp-cscc cscc [7, 8] from index: 6570 to 7664]
============== end 2045161 ==============


[03/31/2022, 00:56:21] [get prediction of paper data for /home/youyinnn_gmail_com/s2search/pipelining/exp-cshc cshc [7, 8]]
============== start ==============
[03/31/2022, 00:56:21] [get prediction of paper data for /home/youyinnn_gmail_com/s2search/pipelining/exp-cshc cshc [7, 8]]
============== end 0 ==============


[03/31/2022, 00:56:21] [get categorical paper data for /home/youyinnn_gmail_com/s2search/pipelining/exp-cshc cshc [7, 8]]
============== start ==============
[03/31/2022, 00:56:35] [get categorical paper data for /home/youyinnn_gmail_com/s2search/pipelining/exp-cshc cshc [7, 8]]
============== end 34432 ==============


[03/31/2022, 00:56:35] [get anchor metrics for /home/youyinnn_gmail_com/s2search/pipelining/exp-cshc cshc [7, 8] from index: 6462 to 7538]
============== start ==============
[03/31/2022, 01:21:57] [get anchor metrics for /home/youyinnn_gmail_com/s2search/pipelining/exp-cshc cshc [7, 8] from index: 6462 to 7538]
============== end 1710793 ==============


[03/31/2022, 01:21:58] [get prediction of paper data for /home/youyinnn_gmail_com/s2search/pipelining/exp-csgt csgt [7, 8]]
============== start ==============
[03/31/2022, 01:21:58] [get prediction of paper data for /home/youyinnn_gmail_com/s2search/pipelining/exp-csgt csgt [7, 8]]
============== end 0 ==============


[03/31/2022, 01:21:58] [get categorical paper data for /home/youyinnn_gmail_com/s2search/pipelining/exp-csgt csgt [7, 8]]
============== start ==============
[03/31/2022, 01:22:11] [get categorical paper data for /home/youyinnn_gmail_com/s2search/pipelining/exp-csgt csgt [7, 8]]
============== end 32120 ==============


[03/31/2022, 01:22:11] [get anchor metrics for /home/youyinnn_gmail_com/s2search/pipelining/exp-csgt csgt [7, 8] from index: 6024 to 7027]
============== start ==============
[03/31/2022, 01:46:08] [get anchor metrics for /home/youyinnn_gmail_com/s2search/pipelining/exp-csgt csgt [7, 8] from index: 6024 to 7027]
============== end 1635197 ==============


[03/31/2022, 01:46:08] [get prediction of paper data for /home/youyinnn_gmail_com/s2search/pipelining/exp-cssd cssd [7, 8]]
============== start ==============
[03/31/2022, 01:46:08] [get prediction of paper data for /home/youyinnn_gmail_com/s2search/pipelining/exp-cssd cssd [7, 8]]
============== end 0 ==============


[03/31/2022, 01:46:08] [get categorical paper data for /home/youyinnn_gmail_com/s2search/pipelining/exp-cssd cssd [7, 8]]
============== start ==============
[03/31/2022, 01:46:18] [get categorical paper data for /home/youyinnn_gmail_com/s2search/pipelining/exp-cssd cssd [7, 8]]
============== end 28184 ==============


[03/31/2022, 01:46:18] [get anchor metrics for /home/youyinnn_gmail_com/s2search/pipelining/exp-cssd cssd [7, 8] from index: 5286 to 6166]
============== start ==============
[03/31/2022, 02:04:24] [get anchor metrics for /home/youyinnn_gmail_com/s2search/pipelining/exp-cssd cssd [7, 8] from index: 5286 to 6166]
============== end 1349647 ==============
