

[03/30/2022, 05:07:15] [get categorical paper data for /home/youyinnn_gmail_com/s2search/pipelining/exp-csna csna]
============== start ==============
[03/30/2022, 05:07:32] [get categorical paper data for /home/youyinnn_gmail_com/s2search/pipelining/exp-csna csna]
============== end 46324 ==============


[03/30/2022, 05:07:32] [sampling shap explainer training for /home/youyinnn_gmail_com/s2search/pipelining/exp-csna csna]
============== start ==============
[03/30/2022, 05:07:39] [sampling shap explainer training for /home/youyinnn_gmail_com/s2search/pipelining/exp-csna csna]
============== end 9264 ==============


[03/30/2022, 05:07:39] [sampling shap sv computing for /home/youyinnn_gmail_com/s2search/pipelining/exp-csna csna]
============== start ==============
instances left: 277
estimating time left: 0:20:10.933200
---- 10:40010
instances left: 267
estimating time left: 0:18:49.276500
---- 20:80020
instances left: 257
estimating time left: 0:18:06.930100
---- 30:120030
instances left: 247
estimating time left: 0:17:38.913700
---- 40:160040
instances left: 237
estimating time left: 0:16:50.757600
---- 50:200050
instances left: 227
estimating time left: 0:16:04.568400
---- 60:240060
instances left: 217
estimating time left: 0:15:20.665900
---- 70:280070
instances left: 207
estimating time left: 0:14:40.267500
---- 80:320080
instances left: 197
estimating time left: 0:13:56.442300
---- 90:360090
instances left: 187
estimating time left: 0:13:14.095500
---- 100:400100
instances left: 177
estimating time left: 0:12:30.851700
---- 110:440110
instances left: 167
estimating time left: 0:11:47.695900
---- 120:480120
instances left: 157
estimating time left: 0:11:03.152300
---- 130:520130
instances left: 147
estimating time left: 0:10:19.178700
---- 140:560140
instances left: 137
estimating time left: 0:09:37.413900
---- 150:600150
instances left: 127
estimating time left: 0:08:53.006300
---- 160:640160
instances left: 117
estimating time left: 0:08:10.932000
---- 170:680170
instances left: 107
estimating time left: 0:07:27.773600
---- 180:720180
instances left: 97
estimating time left: 0:06:46.721000
---- 190:760190
instances left: 87
estimating time left: 0:06:06.348300
---- 200:800200
instances left: 77
estimating time left: 0:05:23.484700
---- 210:840210
instances left: 67
estimating time left: 0:04:41.158800
---- 220:880220
instances left: 57
estimating time left: 0:03:59.662200
---- 230:920230
instances left: 47
estimating time left: 0:03:17.475200
---- 240:960240
instances left: 37
estimating time left: 0:02:35.666400
---- 250:1000250
instances left: 27
estimating time left: 0:01:53.783400
---- 260:1040260
instances left: 17
estimating time left: 0:01:11.785900
---- 270:1080270
instances left: 7
estimating time left: 0:00:29.592500
---- 280:1120280
[03/30/2022, 05:27:23] [sampling shap sv computing for /home/youyinnn_gmail_com/s2search/pipelining/exp-csna csna]
============== end 1120280 ==============


[03/30/2022, 05:27:23] [get categorical paper data for /home/youyinnn_gmail_com/s2search/pipelining/exp-cscy cscy]
============== start ==============
[03/30/2022, 05:27:39] [get categorical paper data for /home/youyinnn_gmail_com/s2search/pipelining/exp-cscy cscy]
============== end 43976 ==============


[03/30/2022, 05:27:39] [sampling shap explainer training for /home/youyinnn_gmail_com/s2search/pipelining/exp-cscy cscy]
============== start ==============
[03/30/2022, 05:27:46] [sampling shap explainer training for /home/youyinnn_gmail_com/s2search/pipelining/exp-cscy cscy]
============== end 8795 ==============


[03/30/2022, 05:27:46] [sampling shap sv computing for /home/youyinnn_gmail_com/s2search/pipelining/exp-cscy cscy]
============== start ==============
instances left: 264
estimating time left: 0:17:53.001600
---- 10:40010
instances left: 254
estimating time left: 0:17:30.620200
---- 20:80020
instances left: 244
estimating time left: 0:16:55.088800
---- 30:120030
instances left: 234
estimating time left: 0:16:26.310000
---- 40:160040
instances left: 224
estimating time left: 0:15:39.814400
---- 50:200050
instances left: 214
estimating time left: 0:14:58.800000
---- 60:240060
instances left: 204
estimating time left: 0:14:14.902800
---- 70:280070
instances left: 194
estimating time left: 0:13:34.489600
---- 80:320080
instances left: 184
estimating time left: 0:12:49.616800
---- 90:360090
instances left: 174
estimating time left: 0:12:09.442800
---- 100:400100
instances left: 164
estimating time left: 0:11:25.421600
---- 110:440110
instances left: 154
estimating time left: 0:10:41.856600
---- 120:480120
instances left: 144
estimating time left: 0:09:57.225600
---- 130:520130
instances left: 134
estimating time left: 0:09:13.554000
---- 140:560140
instances left: 124
estimating time left: 0:08:34.054400
---- 150:600150
instances left: 114
estimating time left: 0:07:52.188000
---- 160:640160
instances left: 104
estimating time left: 0:07:09.894400
---- 170:680170
instances left: 94
estimating time left: 0:06:28.605400
---- 180:720180
instances left: 84
estimating time left: 0:05:47.617200
---- 190:760190
instances left: 74
estimating time left: 0:05:06.027000
---- 200:800200
instances left: 64
estimating time left: 0:04:25.939200
---- 210:840214
instances left: 54
estimating time left: 0:03:43.959600
---- 220:880224
instances left: 44
estimating time left: 0:03:02.393200
---- 230:920234
instances left: 34
estimating time left: 0:02:21.015000
---- 240:960244
instances left: 24
estimating time left: 0:01:39.595200
---- 250:1000254
instances left: 14
estimating time left: 0:00:58.070600
---- 260:1040264
instances left: 4
estimating time left: 0:00:16.550400
---- 270:1080274
[03/30/2022, 05:46:23] [sampling shap sv computing for /home/youyinnn_gmail_com/s2search/pipelining/exp-cscy cscy]
============== end 1080274 ==============


[03/30/2022, 05:46:23] [get categorical paper data for /home/youyinnn_gmail_com/s2search/pipelining/exp-csdm csdm]
============== start ==============
[03/30/2022, 05:46:38] [get categorical paper data for /home/youyinnn_gmail_com/s2search/pipelining/exp-csdm csdm]
============== end 41776 ==============


[03/30/2022, 05:46:38] [sampling shap explainer training for /home/youyinnn_gmail_com/s2search/pipelining/exp-csdm csdm]
============== start ==============
[03/30/2022, 05:46:44] [sampling shap explainer training for /home/youyinnn_gmail_com/s2search/pipelining/exp-csdm csdm]
============== end 8355 ==============


[03/30/2022, 05:46:44] [sampling shap sv computing for /home/youyinnn_gmail_com/s2search/pipelining/exp-csdm csdm]
============== start ==============
instances left: 245
estimating time left: 0:16:20.073500
---- 10:40010
instances left: 235
estimating time left: 0:15:31.070000
---- 20:80020
instances left: 225
estimating time left: 0:14:40.807500
---- 30:120030
instances left: 215
estimating time left: 0:13:46.395500
---- 40:160040
instances left: 205
estimating time left: 0:13:15.523000
---- 50:200050
instances left: 195
estimating time left: 0:12:40.558500
---- 60:240060
instances left: 185
estimating time left: 0:12:00.649000
---- 70:280070
instances left: 175
estimating time left: 0:11:22.640000
---- 80:320080
instances left: 165
estimating time left: 0:10:47.295000
---- 90:360090
instances left: 155
estimating time left: 0:10:08.499000
---- 100:400100
instances left: 145
estimating time left: 0:09:36.665000
---- 110:440110
instances left: 135
estimating time left: 0:08:59.851500
---- 120:480120
instances left: 125
estimating time left: 0:08:18.487500
---- 130:520130
instances left: 115
estimating time left: 0:07:38.838500
---- 140:560140
instances left: 105
estimating time left: 0:07:00.231000
---- 150:600150
instances left: 95
estimating time left: 0:06:20.038000
---- 160:640160
instances left: 85
estimating time left: 0:05:39.524000
---- 170:680170
instances left: 75
estimating time left: 0:04:59.670000
---- 180:720180
instances left: 65
estimating time left: 0:04:19.207000
---- 190:760190
instances left: 55
estimating time left: 0:03:40.154000
---- 200:800200
instances left: 45
estimating time left: 0:03:00.652500
---- 210:840210
instances left: 35
estimating time left: 0:02:20.850500
---- 220:880220
instances left: 25
estimating time left: 0:01:40.447500
---- 230:920230
instances left: 15
estimating time left: 0:01:00.463500
---- 240:960240
instances left: 5
estimating time left: 0:00:20.122500
---- 250:1000250
[03/30/2022, 06:03:30] [sampling shap sv computing for /home/youyinnn_gmail_com/s2search/pipelining/exp-csdm csdm]
============== end 1000250 ==============


[03/30/2022, 06:03:30] [get categorical paper data for /home/youyinnn_gmail_com/s2search/pipelining/exp-csir csir]
============== start ==============
[03/30/2022, 06:03:46] [get categorical paper data for /home/youyinnn_gmail_com/s2search/pipelining/exp-csir csir]
============== end 41092 ==============


[03/30/2022, 06:03:46] [sampling shap explainer training for /home/youyinnn_gmail_com/s2search/pipelining/exp-csir csir]
============== start ==============
[03/30/2022, 06:03:53] [sampling shap explainer training for /home/youyinnn_gmail_com/s2search/pipelining/exp-csir csir]
============== end 8218 ==============


[03/30/2022, 06:03:53] [sampling shap sv computing for /home/youyinnn_gmail_com/s2search/pipelining/exp-csir csir]
============== start ==============
instances left: 246
estimating time left: 0:17:30.936600
---- 10:40010
instances left: 236
estimating time left: 0:16:54.847200
---- 20:80020
instances left: 226
estimating time left: 0:16:03.754400
---- 30:120030
instances left: 216
estimating time left: 0:15:19.382400
---- 40:160040
instances left: 206
estimating time left: 0:14:34.820200
---- 50:200050
instances left: 196
estimating time left: 0:13:48.335200
---- 60:240060
instances left: 186
estimating time left: 0:13:06.073200
---- 70:280070
instances left: 176
estimating time left: 0:12:26.152000
---- 80:320080
instances left: 166
estimating time left: 0:11:42.910400
---- 90:360090
instances left: 156
estimating time left: 0:10:58.444800
---- 100:400100
instances left: 146
estimating time left: 0:10:18.353800
---- 110:440110
instances left: 136
estimating time left: 0:09:35.375200
---- 120:480120
instances left: 126
estimating time left: 0:08:52.324800
---- 130:520130
instances left: 116
estimating time left: 0:08:08.998000
---- 140:560140
instances left: 106
estimating time left: 0:07:25.814800
---- 150:600150
instances left: 96
estimating time left: 0:06:44.016000
---- 160:640160
instances left: 86
estimating time left: 0:06:02.404000
---- 170:680170
instances left: 76
estimating time left: 0:05:19.686400
---- 180:720180
instances left: 66
estimating time left: 0:04:38.150400
---- 190:760190
instances left: 56
estimating time left: 0:03:55.502400
---- 200:800200
instances left: 46
estimating time left: 0:03:13.250600
---- 210:840210
instances left: 36
estimating time left: 0:02:30.811200
---- 220:880220
instances left: 26
estimating time left: 0:01:48.960800
---- 230:920230
instances left: 16
estimating time left: 0:01:07.164800
---- 240:960240
instances left: 6
estimating time left: 0:00:25.203600
---- 250:1000250
[03/30/2022, 06:21:23] [sampling shap sv computing for /home/youyinnn_gmail_com/s2search/pipelining/exp-csir csir]
============== end 1000250 ==============


[03/30/2022, 06:21:23] [get categorical paper data for /home/youyinnn_gmail_com/s2search/pipelining/exp-csne csne]
============== start ==============
[03/30/2022, 06:21:38] [get categorical paper data for /home/youyinnn_gmail_com/s2search/pipelining/exp-csne csne]
============== end 39336 ==============


[03/30/2022, 06:21:38] [sampling shap explainer training for /home/youyinnn_gmail_com/s2search/pipelining/exp-csne csne]
============== start ==============
[03/30/2022, 06:21:45] [sampling shap explainer training for /home/youyinnn_gmail_com/s2search/pipelining/exp-csne csne]
============== end 7867 ==============


[03/30/2022, 06:21:45] [sampling shap sv computing for /home/youyinnn_gmail_com/s2search/pipelining/exp-csne csne]
============== start ==============
instances left: 235
estimating time left: 0:16:29.796500
---- 10:40010
instances left: 225
estimating time left: 0:16:18.795000
---- 20:80020
instances left: 215
estimating time left: 0:15:07.429000
---- 30:120030
instances left: 205
estimating time left: 0:14:15.936500
---- 40:160040
instances left: 195
estimating time left: 0:13:28.450500
---- 50:200050
instances left: 185
estimating time left: 0:13:04.881000
---- 60:240060
instances left: 175
estimating time left: 0:12:22.787500
---- 70:280070
instances left: 165
estimating time left: 0:11:38.230500
---- 80:320080
instances left: 155
estimating time left: 0:10:58.440000
---- 90:360090
instances left: 145
estimating time left: 0:10:13.277500
---- 100:400100
instances left: 135
estimating time left: 0:09:37.489500
---- 110:440110
instances left: 125
estimating time left: 0:08:53.350000
---- 120:480120
instances left: 115
estimating time left: 0:08:09.842500
---- 130:520130
instances left: 105
estimating time left: 0:07:26.638500
---- 140:560140
instances left: 95
estimating time left: 0:06:43.455500
---- 150:600150
instances left: 85
estimating time left: 0:06:03.256000
---- 160:640160
instances left: 75
estimating time left: 0:05:21.255000
---- 170:680170
instances left: 65
estimating time left: 0:04:40.007000
---- 180:720180
instances left: 55
estimating time left: 0:03:56.714500
---- 190:760190
instances left: 45
estimating time left: 0:03:14.787000
---- 200:800200
instances left: 35
estimating time left: 0:02:31.350500
---- 210:840210
instances left: 25
estimating time left: 0:01:47.932500
---- 220:880220
instances left: 15
estimating time left: 0:01:04.605000
---- 230:920230
instances left: 5
estimating time left: 0:00:21.632000
---- 240:960240
[03/30/2022, 06:39:03] [sampling shap sv computing for /home/youyinnn_gmail_com/s2search/pipelining/exp-csne csne]
============== end 960240 ==============


[03/30/2022, 06:39:03] [get categorical paper data for /home/youyinnn_gmail_com/s2search/pipelining/exp-csse csse]
============== start ==============
[03/30/2022, 06:39:19] [get categorical paper data for /home/youyinnn_gmail_com/s2search/pipelining/exp-csse csse]
============== end 39044 ==============


[03/30/2022, 06:39:19] [sampling shap explainer training for /home/youyinnn_gmail_com/s2search/pipelining/exp-csse csse]
============== start ==============
[03/30/2022, 06:39:26] [sampling shap explainer training for /home/youyinnn_gmail_com/s2search/pipelining/exp-csse csse]
============== end 7808 ==============


[03/30/2022, 06:39:26] [sampling shap sv computing for /home/youyinnn_gmail_com/s2search/pipelining/exp-csse csse]
============== start ==============
instances left: 228
estimating time left: 0:16:18.142800
---- 10:40010
instances left: 218
estimating time left: 0:15:58.807600
---- 20:80020
instances left: 208
estimating time left: 0:15:19.900800
---- 30:120030
instances left: 198
estimating time left: 0:14:31.378200
---- 40:160040
instances left: 188
estimating time left: 0:14:15.569200
---- 50:200050
instances left: 178
estimating time left: 0:13:45.955600
---- 60:240060
instances left: 168
estimating time left: 0:12:57.151200
---- 70:280070
instances left: 158
estimating time left: 0:12:03.624200
---- 80:320080
instances left: 148
estimating time left: 0:11:18.032400
---- 90:360090
instances left: 138
estimating time left: 0:10:36.759600
---- 100:400100
instances left: 128
estimating time left: 0:09:51.872000
---- 110:440110
instances left: 118
estimating time left: 0:09:02.811800
---- 120:480120
instances left: 108
estimating time left: 0:08:20.191200
---- 130:520130
instances left: 98
estimating time left: 0:07:31.221400
---- 140:560140
instances left: 88
estimating time left: 0:06:44.078400
---- 150:600150
instances left: 78
estimating time left: 0:05:57.466200
---- 160:640160
instances left: 68
estimating time left: 0:05:12.446400
---- 170:680170
instances left: 58
estimating time left: 0:04:26.805800
---- 180:720180
instances left: 48
estimating time left: 0:03:40.286400
---- 190:760190
instances left: 38
estimating time left: 0:02:54.040000
---- 200:800200
instances left: 28
estimating time left: 0:02:07.904000
---- 210:840210
instances left: 18
estimating time left: 0:01:22.404000
---- 220:880220
instances left: 8
estimating time left: 0:00:36.568000
---- 230:920230
[03/30/2022, 06:56:58] [sampling shap sv computing for /home/youyinnn_gmail_com/s2search/pipelining/exp-csse csse]
============== end 920230 ==============


[03/30/2022, 06:56:58] [get categorical paper data for /home/youyinnn_gmail_com/s2search/pipelining/exp-cscc cscc]
============== start ==============
[03/30/2022, 06:57:11] [get categorical paper data for /home/youyinnn_gmail_com/s2search/pipelining/exp-cscc cscc]
============== end 35008 ==============


[03/30/2022, 06:57:11] [sampling shap explainer training for /home/youyinnn_gmail_com/s2search/pipelining/exp-cscc cscc]
============== start ==============
[03/30/2022, 06:57:17] [sampling shap explainer training for /home/youyinnn_gmail_com/s2search/pipelining/exp-cscc cscc]
============== end 7001 ==============


[03/30/2022, 06:57:17] [sampling shap sv computing for /home/youyinnn_gmail_com/s2search/pipelining/exp-cscc cscc]
============== start ==============
instances left: 208
estimating time left: 0:17:35.142400
---- 10:40010
instances left: 198
estimating time left: 0:15:32.896800
---- 20:80020
instances left: 188
estimating time left: 0:14:17.712400
---- 30:120030
instances left: 178
estimating time left: 0:13:17.707000
---- 40:160040
instances left: 168
estimating time left: 0:12:19.183200
---- 50:200050
instances left: 158
estimating time left: 0:11:34.789200
---- 60:240060
instances left: 148
estimating time left: 0:10:41.284000
---- 70:280070
instances left: 138
estimating time left: 0:09:56.836200
---- 80:320080
instances left: 128
estimating time left: 0:09:10.259200
---- 90:360090
instances left: 118
estimating time left: 0:08:28.202400
---- 100:400100
instances left: 108
estimating time left: 0:07:44.637600
---- 110:440110
instances left: 98
estimating time left: 0:06:59.822200
---- 120:480120
instances left: 88
estimating time left: 0:06:15.936000
---- 130:520130
instances left: 78
estimating time left: 0:05:33.473400
---- 140:560140
instances left: 68
estimating time left: 0:04:49.986000
---- 150:600150
instances left: 58
estimating time left: 0:04:06.134600
---- 160:640160
instances left: 48
estimating time left: 0:03:23.961600
---- 170:680170
instances left: 38
estimating time left: 0:02:41.169400
---- 180:720180
instances left: 28
estimating time left: 0:01:59.014000
---- 190:760190
instances left: 18
estimating time left: 0:01:16.271400
---- 200:800200
instances left: 8
estimating time left: 0:00:33.791200
---- 210:840210
[03/30/2022, 07:12:04] [sampling shap sv computing for /home/youyinnn_gmail_com/s2search/pipelining/exp-cscc cscc]
============== end 840210 ==============


[03/30/2022, 07:12:04] [get categorical paper data for /home/youyinnn_gmail_com/s2search/pipelining/exp-cshc cshc]
============== start ==============
[03/30/2022, 07:12:18] [get categorical paper data for /home/youyinnn_gmail_com/s2search/pipelining/exp-cshc cshc]
============== end 34432 ==============


[03/30/2022, 07:12:18] [sampling shap explainer training for /home/youyinnn_gmail_com/s2search/pipelining/exp-cshc cshc]
============== start ==============
[03/30/2022, 07:12:23] [sampling shap explainer training for /home/youyinnn_gmail_com/s2search/pipelining/exp-cshc cshc]
============== end 6886 ==============


[03/30/2022, 07:12:23] [sampling shap sv computing for /home/youyinnn_gmail_com/s2search/pipelining/exp-cshc cshc]
============== start ==============
instances left: 200
estimating time left: 0:14:23
---- 10:40010
instances left: 190
estimating time left: 0:13:07.018000
---- 20:80020
instances left: 180
estimating time left: 0:12:42.552000
---- 30:120030
instances left: 170
estimating time left: 0:12:10.915000
---- 40:160040
instances left: 160
estimating time left: 0:11:21.568000
---- 50:200050
instances left: 150
estimating time left: 0:10:38.235000
---- 60:240060
instances left: 140
estimating time left: 0:09:54.202000
---- 70:280070
instances left: 130
estimating time left: 0:09:08.392000
---- 80:320080
instances left: 120
estimating time left: 0:08:27.540000
---- 90:360090
instances left: 110
estimating time left: 0:07:44.277000
---- 100:400100
instances left: 100
estimating time left: 0:07:04.210000
---- 110:440110
instances left: 90
estimating time left: 0:06:21.195000
---- 120:480120
instances left: 80
estimating time left: 0:05:40.328000
---- 130:520130
instances left: 70
estimating time left: 0:04:56.275000
---- 140:560140
instances left: 60
estimating time left: 0:04:14.058000
---- 150:600150
instances left: 50
estimating time left: 0:03:31.340000
---- 160:640160
instances left: 40
estimating time left: 0:02:48.376000
---- 170:680170
instances left: 30
estimating time left: 0:02:06.159000
---- 180:720180
instances left: 20
estimating time left: 0:01:24.152000
---- 190:760190
instances left: 10
estimating time left: 0:00:41.987000
---- 200:800200
[03/30/2022, 07:26:23] [sampling shap sv computing for /home/youyinnn_gmail_com/s2search/pipelining/exp-cshc cshc]
============== end 800200 ==============


[03/30/2022, 07:26:23] [get categorical paper data for /home/youyinnn_gmail_com/s2search/pipelining/exp-csgt csgt]
============== start ==============
[03/30/2022, 07:26:35] [get categorical paper data for /home/youyinnn_gmail_com/s2search/pipelining/exp-csgt csgt]
============== end 32120 ==============


[03/30/2022, 07:26:35] [sampling shap explainer training for /home/youyinnn_gmail_com/s2search/pipelining/exp-csgt csgt]
============== start ==============
[03/30/2022, 07:26:41] [sampling shap explainer training for /home/youyinnn_gmail_com/s2search/pipelining/exp-csgt csgt]
============== end 6424 ==============


[03/30/2022, 07:26:41] [sampling shap sv computing for /home/youyinnn_gmail_com/s2search/pipelining/exp-csgt csgt]
============== start ==============
instances left: 189
estimating time left: 0:12:30.915900
---- 10:40010
instances left: 179
estimating time left: 0:11:44.544000
---- 20:80020
instances left: 169
estimating time left: 0:11:13.397400
---- 30:120030
instances left: 159
estimating time left: 0:10:35.443500
---- 40:160040
instances left: 149
estimating time left: 0:09:54.063000
---- 50:200050
instances left: 139
estimating time left: 0:09:14.248600
---- 60:240060
instances left: 129
estimating time left: 0:08:37.096500
---- 70:280070
instances left: 119
estimating time left: 0:07:56.428400
---- 80:320080
instances left: 109
estimating time left: 0:07:16.043600
---- 90:360090
instances left: 99
estimating time left: 0:06:36.396000
---- 100:400100
instances left: 89
estimating time left: 0:05:54.851900
---- 110:440110
instances left: 79
estimating time left: 0:05:14.570100
---- 120:480120
instances left: 69
estimating time left: 0:04:36.324300
---- 130:520130
instances left: 59
estimating time left: 0:03:55.858400
---- 140:560140
instances left: 49
estimating time left: 0:03:16.034300
---- 150:600150
instances left: 39
estimating time left: 0:02:36.733200
---- 160:640160
instances left: 29
estimating time left: 0:01:56.414700
---- 170:680170
instances left: 19
estimating time left: 0:01:16.380000
---- 180:720180
instances left: 9
estimating time left: 0:00:36.223200
---- 190:760190
[03/30/2022, 07:39:26] [sampling shap sv computing for /home/youyinnn_gmail_com/s2search/pipelining/exp-csgt csgt]
============== end 760190 ==============


[03/30/2022, 07:39:26] [get categorical paper data for /home/youyinnn_gmail_com/s2search/pipelining/exp-cssd cssd]
============== start ==============
[03/30/2022, 07:39:36] [get categorical paper data for /home/youyinnn_gmail_com/s2search/pipelining/exp-cssd cssd]
============== end 28184 ==============


[03/30/2022, 07:39:36] [sampling shap explainer training for /home/youyinnn_gmail_com/s2search/pipelining/exp-cssd cssd]
============== start ==============
[03/30/2022, 07:39:40] [sampling shap explainer training for /home/youyinnn_gmail_com/s2search/pipelining/exp-cssd cssd]
============== end 5636 ==============


[03/30/2022, 07:39:40] [sampling shap sv computing for /home/youyinnn_gmail_com/s2search/pipelining/exp-cssd cssd]
============== start ==============
instances left: 161
estimating time left: 0:09:47.199200
---- 10:40010
instances left: 151
estimating time left: 0:09:02.165500
---- 20:80020
instances left: 141
estimating time left: 0:08:29.954700
---- 30:120030
instances left: 131
estimating time left: 0:07:54.730900
---- 40:160040
instances left: 121
estimating time left: 0:07:21.141800
---- 50:200050
instances left: 111
estimating time left: 0:06:42.719100
---- 60:240060
instances left: 101
estimating time left: 0:06:07.508700
---- 70:280070
instances left: 91
estimating time left: 0:05:32.213700
---- 80:320080
instances left: 81
estimating time left: 0:04:57.440100
---- 90:360090
instances left: 71
estimating time left: 0:04:20.662300
---- 100:400100
instances left: 61
estimating time left: 0:03:44.486100
---- 110:440110
instances left: 51
estimating time left: 0:03:07.685100
---- 120:480120
instances left: 41
estimating time left: 0:02:30.556100
---- 130:520130
instances left: 31
estimating time left: 0:01:53.323600
---- 140:560140
instances left: 21
estimating time left: 0:01:16.689900
---- 150:600150
instances left: 11
estimating time left: 0:00:40.112600
---- 160:640160
instances left: 1
estimating time left: 0:00:03.662000
---- 170:680170
[03/30/2022, 07:50:02] [sampling shap sv computing for /home/youyinnn_gmail_com/s2search/pipelining/exp-cssd cssd]
============== end 680170 ==============
