

[03/30/2022, 05:16:40] [get categorical paper data for /home/youyinnn_gmail_com/s2search/pipelining/exp-csna csna]
============== start ==============
[03/30/2022, 05:17:00] [get categorical paper data for /home/youyinnn_gmail_com/s2search/pipelining/exp-csna csna]
============== end 46324 ==============


[03/30/2022, 05:17:00] [sampling shap explainer training for /home/youyinnn_gmail_com/s2search/pipelining/exp-csna csna]
============== start ==============
[03/30/2022, 05:17:07] [sampling shap explainer training for /home/youyinnn_gmail_com/s2search/pipelining/exp-csna csna]
============== end 9264 ==============


[03/30/2022, 05:17:07] [sampling shap sv computing for /home/youyinnn_gmail_com/s2search/pipelining/exp-csna csna]
============== start ==============
instances left: 280
estimating time left: 0:20:10.020000
---- 10:40010
instances left: 270
estimating time left: 0:19:28.236000
---- 20:80020
instances left: 260
estimating time left: 0:18:39.846000
---- 30:120030
instances left: 250
estimating time left: 0:17:52.425000
---- 40:160040
instances left: 240
estimating time left: 0:17:03.192000
---- 50:200050
instances left: 230
estimating time left: 0:16:21.686000
---- 60:240060
instances left: 220
estimating time left: 0:15:43.272000
---- 70:280070
instances left: 210
estimating time left: 0:14:59.829000
---- 80:320080
instances left: 200
estimating time left: 0:14:13.460000
---- 90:360090
instances left: 190
estimating time left: 0:13:28.925000
---- 100:400100
instances left: 180
estimating time left: 0:12:47.898000
---- 110:440110
instances left: 170
estimating time left: 0:11:59.610000
---- 120:480120
instances left: 160
estimating time left: 0:11:18.064000
---- 130:520130
instances left: 150
estimating time left: 0:10:37.110000
---- 140:560140
instances left: 140
estimating time left: 0:09:57.394000
---- 150:600150
instances left: 130
estimating time left: 0:09:14.593000
---- 160:640160
instances left: 120
estimating time left: 0:08:32.484000
---- 170:680170
instances left: 110
estimating time left: 0:07:48.083000
---- 180:720180
instances left: 100
estimating time left: 0:07:06.480000
---- 190:760190
instances left: 90
estimating time left: 0:06:23.265000
---- 200:800200
instances left: 80
estimating time left: 0:05:41.040000
---- 210:840210
instances left: 70
estimating time left: 0:04:58.312000
---- 220:880220
instances left: 60
estimating time left: 0:04:15.636000
---- 230:920230
instances left: 50
estimating time left: 0:03:32.370000
---- 240:960240
instances left: 40
estimating time left: 0:02:49.380000
---- 250:1000250
instances left: 30
estimating time left: 0:02:06.891000
---- 260:1040260
instances left: 20
estimating time left: 0:01:24.358000
---- 270:1080270
instances left: 10
estimating time left: 0:00:42.112000
---- 280:1120280
[03/30/2022, 05:36:46] [sampling shap sv computing for /home/youyinnn_gmail_com/s2search/pipelining/exp-csna csna]
============== end 1120280 ==============


