

[03/30/2022, 05:15:39] [get categorical paper data for /home/youyinnn_gmail_com/s2search/pipelining/exp-csna csna]
============== start ==============
[03/30/2022, 05:15:58] [get categorical paper data for /home/youyinnn_gmail_com/s2search/pipelining/exp-csna csna]
============== end 46324 ==============


[03/30/2022, 05:15:58] [sampling shap explainer training for /home/youyinnn_gmail_com/s2search/pipelining/exp-csna csna]
============== start ==============
[03/30/2022, 05:16:05] [sampling shap explainer training for /home/youyinnn_gmail_com/s2search/pipelining/exp-csna csna]
============== end 9264 ==============


[03/30/2022, 05:16:05] [sampling shap sv computing for /home/youyinnn_gmail_com/s2search/pipelining/exp-csna csna]
============== start ==============
instances left: 280
estimating time left: 0:20:31.076000
---- 10:40010
instances left: 270
estimating time left: 0:18:51.975000
---- 20:80020
instances left: 260
estimating time left: 0:17:52.110000
---- 30:120030
instances left: 250
estimating time left: 0:17:18.800000
---- 40:160040
instances left: 240
estimating time left: 0:16:56.400000
---- 50:200050
instances left: 230
estimating time left: 0:16:23.480000
---- 60:240060
instances left: 220
estimating time left: 0:15:43.756000
---- 70:280070
instances left: 210
estimating time left: 0:14:58.128000
---- 80:320080
instances left: 200
estimating time left: 0:14:20.580000
---- 90:360090
instances left: 190
estimating time left: 0:13:53.948000
---- 100:400100
instances left: 180
estimating time left: 0:13:14.160000
---- 110:440110
instances left: 170
estimating time left: 0:12:23.597000
---- 120:480120
instances left: 160
estimating time left: 0:11:35.328000
---- 130:520130
instances left: 150
estimating time left: 0:10:48.705000
---- 140:560140
instances left: 140
estimating time left: 0:10:04.030000
---- 150:600150
instances left: 130
estimating time left: 0:09:19.312000
---- 160:640160
instances left: 120
estimating time left: 0:08:38.556000
---- 170:680170
instances left: 110
estimating time left: 0:07:55.123000
---- 180:720180
instances left: 100
estimating time left: 0:07:11.040000
---- 190:760190
instances left: 90
estimating time left: 0:06:28.899000
---- 200:800200
instances left: 80
estimating time left: 0:05:47.008000
---- 210:840210
instances left: 70
estimating time left: 0:05:02.316000
---- 220:880220
instances left: 60
estimating time left: 0:04:18.066000
---- 230:920230
instances left: 50
estimating time left: 0:03:35.460000
---- 240:960240
instances left: 40
estimating time left: 0:02:52.080000
---- 250:1000250
instances left: 30
estimating time left: 0:02:09.087000
---- 260:1040260
instances left: 20
estimating time left: 0:01:26.018000
---- 270:1080270
instances left: 10
estimating time left: 0:00:42.883000
---- 280:1120280
[03/30/2022, 05:36:06] [sampling shap sv computing for /home/youyinnn_gmail_com/s2search/pipelining/exp-csna csna]
============== end 1120280 ==============


