
[08/25/2022, 23:38:51] start computing sampling shap for range: [1, 1]
[08/25/2022, 23:39:19] computing sampling shap 0:1000 within 27.7493 sec, 0.0277 on average
[08/25/2022, 23:39:19] instances left: 671
[08/25/2022, 23:39:19] estimating time left: 0:00:18.586700

[[ 0.          0.          0.         -0.09201371  0.48446385  0.07866496]
 [ 0.          0.          0.         -0.10832079  0.58753054  0.83593194]
 [ 0.          0.          0.         -0.08990149  0.70123125  0.22866904]
 ...
 [ 0.          0.          0.         -0.08172398  1.33221657  0.        ]
 [ 0.         10.58574466  0.         -0.09038836  0.2281011   0.04046878]
 [ 0.          0.          0.         -0.1053549   0.64487796  0.70362026]]
[08/25/2022, 23:39:38] computing sampling shap 1000:1671 within 18.7934 sec, 0.0233 on average
[08/25/2022, 23:39:38] instances left: -329
[08/25/2022, 23:39:38] estimating time left: -1 day, 23:59:52.334300

[[ 0.         20.99661845  0.         -0.08658195  0.30991416  0.30953624]
 [ 0.         10.47100097  0.         -0.07714346  1.70740599  0.        ]
 [ 0.         10.50151857  0.         -0.10027982  0.56830211  0.45547323]
 ...
 [ 0.          0.          0.         -0.09201371  0.34120955  0.08787253]
 [ 0.          0.          0.         -0.09294003  0.21025925  0.03439852]
 [ 0.          0.          0.         -0.09337284  0.27460185  0.10010026]]
[08/25/2022, 23:39:38] finish computing sampling shap for range: [1, 1] within 46.547839 sec
