Child #[12, 13]: psutil.Process(pid=4024, name='python', status='running', started='19:35:12'), affinity [12, 13]
Child #[12, 13]: Set my affinity to [12, 13], affinity now [12, 13]

[04/02/2022, 16:49:28] start computing sampling shap for range: [7, 8]
[04/02/2022, 16:49:59] computing sampling shap 252:262 within 31.0084 sec, 3.1008 on average
[04/02/2022, 16:49:59] instances left: 32
[04/02/2022, 16:49:59] estimating time left: 0:01:39.225600

[[-0.39361023 -2.91551013 -0.06866763  0.          0.62082231 -0.16937056]
 [ 5.38677982 13.4132197  -0.08279961  0.          0.99980397 -0.17884479]
 [-0.59161505 -2.82336729  0.          0.          1.07470204 -0.15792689]
 [-0.48527    -2.92689391  0.          0.         -0.62994458  0.82672982]
 [-0.43046916 -2.93219374  0.          0.          0.58356662 -0.14724011]
 [-0.45860536 -2.9981395   0.          0.          0.67250609 -0.10102177]
 [-0.52050922 -2.85085546 -0.07237738  0.          1.07227971 -0.12674469]
 [-0.21320661 -3.22316766  0.          0.          0.24421164 -0.18381691]
 [-0.2685259  -1.94624811  9.03891873  0.         -0.38906144  0.04909166]
 [-0.52867621 -2.92289071  0.          0.          1.13629051 -0.10261239]]
[04/02/2022, 16:50:32] computing sampling shap 262:272 within 32.6477 sec, 3.1829 on average
[04/02/2022, 16:50:32] instances left: 22
[04/02/2022, 16:50:32] estimating time left: 0:01:10.023800

[[ 1.04014544e+01 -1.91481234e+00  0.00000000e+00  0.00000000e+00
  -2.86219947e-01  1.16483193e-02]
 [-4.62804157e-01 -2.93677662e+00 -7.77050974e-02  0.00000000e+00
   8.33918918e-03 -1.88156444e-01]
 [-8.83644707e-02  7.12163392e+00  0.00000000e+00  0.00000000e+00
  -3.68843703e-01 -2.08514288e-01]
 [ 5.22456599e+00  3.39976188e+00  0.00000000e+00  0.00000000e+00
   3.69804116e-01 -1.33864768e-02]
 [-5.15437170e-01 -2.69352495e+00 -1.72386849e-01  0.00000000e+00
   1.04254602e+00 -9.21239729e-02]
 [-3.40047594e-01 -3.10718210e+00 -7.13904677e-02  0.00000000e+00
   2.91668055e-02 -2.12410711e-01]
 [-5.51687487e-01 -2.93132900e+00  0.00000000e+00  0.00000000e+00
   3.41190657e-01 -1.75364473e-01]
 [-2.68636382e-01  7.39707462e+00  0.00000000e+00  0.00000000e+00
  -3.92491419e-01  6.65608257e-01]
 [-8.33770423e-02  7.08126069e+00  0.00000000e+00  0.00000000e+00
  -2.66474930e-01  3.88051692e-01]
 [-2.33134137e-01  7.33290362e+00  0.00000000e+00  0.00000000e+00
  -4.13295632e-01  5.31597595e-02]]
[04/02/2022, 16:51:02] computing sampling shap 272:282 within 30.2292 sec, 3.1296 on average
[04/02/2022, 16:51:02] instances left: 12
[04/02/2022, 16:51:02] estimating time left: 0:00:37.555200

[[-0.63822405 -2.76288815 -0.07267162  0.         -0.40956039 -0.14172258]
 [-0.60212694 -2.89553097  0.          0.         -0.93076193  0.02011665]
 [-0.18569925  7.25192715  0.          0.          0.03309292 -0.26406209]
 [-0.62722776 -2.8065236   0.          0.          0.66398149 -0.11549063]
 [-0.61720147 -2.9237241  -0.07222952  0.         -0.03487953  0.10454083]
 [-0.7979288  -2.74931761  0.          0.          0.75902692  0.02250573]
 [-0.58062022 -2.87469886  0.          0.         -1.00431876 -0.28558349]
 [-0.44546785 -2.88196537 -0.0676396   0.          1.08696485 -0.19009903]
 [-0.32262958 -3.00210527 -0.20429933  0.         -0.79105902  0.19045112]
 [-0.34168639 -3.18004941  0.          0.         -0.5466857   1.08833329]]
[04/02/2022, 16:51:34] computing sampling shap 282:292 within 31.7528 sec, 3.1411 on average
[04/02/2022, 16:51:34] instances left: 2
[04/02/2022, 16:51:34] estimating time left: 0:00:06.282200

[[-0.5899373  -2.77262348 -0.12465987  0.          0.11055797  0.38018836]
 [-0.28494732  7.36421389 -0.06903799  0.         -0.2584981   0.25631973]
 [-0.5253178   7.55938006  0.          0.         -0.38434514  0.39075122]
 [-0.35728369  7.47235414 -0.06852259  0.         -0.59319672 -0.1461621 ]
 [-0.24455644  7.31187307 -0.11087464  0.          0.41525089 -0.11184574]
 [-0.41852385 -3.01472741 -0.08286593  0.         -0.36803973  0.24327333]
 [ 5.40829966  3.310424    0.          0.          0.32517185 -0.12440359]
 [-0.46496918 -3.07935902  0.          0.          0.06560025  0.07188107]
 [-0.44452596 -3.00558525  0.          0.         -0.3287321   0.66144409]
 [-0.54629344 -2.78718187 -0.07322778  0.         -0.22458083  1.05259885]]
[04/02/2022, 16:51:34] finish computing sampling shap for range: [7, 8] within 125.644112 sec
