Child #[12, 13]: psutil.Process(pid=4685, name='python', status='running', started='03:30:19'), affinity [12, 13]
Child #[12, 13]: Set my affinity to [12, 13], affinity now [12, 13]

[03/30/2022, 04:03:41] start computing sampling shap for range: [7, 8]
[03/30/2022, 04:04:31] computing sampling shap 2214:2224 within 49.9326 sec, 4.9933 on average
[03/30/2022, 04:04:31] instances left: 359
[03/30/2022, 04:04:31] estimating time left: 0:29:52.594700

[[ 4.800312   10.59221222 -0.08694018  0.         -0.51950092  0.2358296 ]
 [-0.31260447  4.15283047 -0.24148568  0.         -1.4068087  -0.09910383]
 [-1.16440826 -5.36521471 -0.58070111  0.         -1.34573377 -0.16322069]
 [-1.32010178 -5.43616341 -0.42405091  0.         -0.3234914   0.39176778]
 [-1.41549645 -5.25407636 -0.40443933  0.         -0.34889015  0.44439238]
 [-1.61366644 -5.14430723 -0.28685438  0.          0.2458234  -0.17004544]
 [-1.617926   -5.21651339 -0.21338756  0.         -0.54053154 -0.16776318]
 [-1.26171988  4.88441376 -0.21640712  0.         -0.27097244 -0.19902592]
 [-1.3911646  -4.97618912 -0.5632925   0.          0.47028649 -0.17429718]
 [ 3.93987048  1.2265261  -0.08693681  0.          0.46886667 -0.11608189]]
[03/30/2022, 04:05:21] computing sampling shap 2224:2234 within 50.3281 sec, 5.0131 on average
[03/30/2022, 04:05:21] instances left: 349
[03/30/2022, 04:05:21] estimating time left: 0:29:09.571900

[[-1.01142877  4.78762879 -0.42724555  0.         -0.83003209 -0.16690777]
 [-0.52227992  4.21463327 -0.294051    0.          0.95089382 -0.11455509]
 [ 4.27178912 11.06763326  0.          0.         -0.18308967 -0.03051791]
 [-1.14332565 -5.53954602 -0.33116556  0.          0.9977501  -0.13377943]
 [-1.50577317 -5.09708156 -0.38572523  0.         -0.07349146  0.31603876]
 [-0.53710513  4.13116594 -0.07909376  0.          0.22190279 -0.1014036 ]
 [ 3.15058389 -0.2026397   1.99085474  0.         -1.11048044 -0.11899644]
 [-1.40369177 -5.1060263  -0.55121661  0.          0.18365428  0.02528261]
 [-1.22582101  5.05719953 -0.4011995   0.         -0.31031609 -0.16295247]
 [-1.54477265 -5.02502982 -0.54703962  0.         -0.04839638 -0.18848599]]
[03/30/2022, 04:06:08] computing sampling shap 2234:2244 within 46.8015 sec, 4.9022 on average
[03/30/2022, 04:06:08] instances left: 339
[03/30/2022, 04:06:08] estimating time left: 0:27:41.845800

[[-1.57935883e+00 -5.02335200e+00 -3.99667157e-01  0.00000000e+00
  -1.00903604e-01  1.42201114e-01]
 [-1.58890057e+00 -5.11974656e+00 -2.20919892e-01  0.00000000e+00
  -1.22307459e+00 -1.84767061e-01]
 [-1.69043517e+00 -5.25079458e+00 -1.48385949e-01  0.00000000e+00
   2.73062526e-01 -1.16360323e-01]
 [-3.01663375e-01  3.96713425e+00 -1.60338654e-01  0.00000000e+00
   5.31333625e-01 -4.98331534e-03]
 [-1.00059005e+00 -5.45155677e+00 -4.17305987e-01  0.00000000e+00
   4.09659906e-01  5.75130186e-02]
 [-1.25514443e+00  4.85306494e+00 -2.40408401e-01  0.00000000e+00
   9.54964532e-01 -1.07562258e-01]
 [-1.19404019e+00 -5.37275811e+00 -3.80781831e-01  0.00000000e+00
   1.38225294e-01  1.58970751e-01]
 [-1.32279044e+00 -5.21541176e+00 -4.06737029e-01  0.00000000e+00
   9.65884876e-01 -1.71012566e-01]
 [-1.04732250e+00 -5.63384977e+00 -3.52075490e-01  0.00000000e+00
   1.99035847e-01  1.27900890e-01]
 [-1.16574593e+00 -5.22710348e+00 -6.49949892e-01  0.00000000e+00
   5.59388512e-01 -9.98997475e-03]]
[03/30/2022, 04:06:58] computing sampling shap 2244:2254 within 50.2539 sec, 4.933 on average
[03/30/2022, 04:06:58] instances left: 329
[03/30/2022, 04:06:58] estimating time left: 0:27:02.957000

[[-0.60296946 -3.92435904  7.87296156  0.          0.91144219 -0.15822115]
 [-0.38920728 14.27961664 -0.16630637  0.          0.9426773  -0.17106   ]
 [-1.22927796 -5.41088217 -0.43790637  0.         -0.51381923 -0.12263698]
 [-1.13771435 -5.69934347 -0.21604222  0.         -0.5752567  -0.17411525]
 [ 4.21214314  1.24918399 -0.63201285  0.          0.55074459 -0.10559286]
 [ 4.35577558 11.03061617  0.          0.          0.56721206 -0.11291127]
 [-0.7011674   4.21556113  0.          0.          0.54105765 -0.07868115]
 [-1.16546393 -5.45785185 -0.41532654  0.         -0.4845493  -0.24114677]
 [ 4.32405398 11.09991024 -0.14375126  0.         -0.81637104 -0.17197463]
 [-0.19263248 14.16075959 -0.12998102  0.          0.81313952 -0.15556558]]
[03/30/2022, 04:07:47] computing sampling shap 2254:2264 within 48.9145 sec, 4.9247 on average
[03/30/2022, 04:07:47] instances left: 319
[03/30/2022, 04:07:47] estimating time left: 0:26:10.979300

[[-1.35690043e+00 -5.32841796e+00 -3.42469591e-01  0.00000000e+00
   2.43523332e-01  2.42891744e-01]
 [ 4.55654129e+00  1.10273703e+01 -8.51938241e-02  0.00000000e+00
  -1.11451161e-01 -1.22537075e-01]
 [-1.31199461e+00 -5.37335519e+00 -3.69907852e-01  0.00000000e+00
  -1.81839447e-01  3.64620918e-01]
 [-1.16709029e+00 -5.19070954e+00 -5.59268421e-01  0.00000000e+00
   9.45870254e-01 -1.78869259e-01]
 [-1.35344845e+00 -5.37449156e+00 -2.97757509e-01  0.00000000e+00
   5.67126950e-01 -1.19625572e-01]
 [-5.60315524e-01  4.32467620e+00 -2.72665457e-01  0.00000000e+00
  -6.61979358e-02  5.88286205e-02]
 [-3.62731693e-01  4.32174684e+00 -3.48250716e-01  0.00000000e+00
  -1.33395607e+00 -2.29726451e-01]
 [-1.22552091e+00  5.00196365e+00 -3.81354008e-01  0.00000000e+00
  -5.14459615e-01 -1.85992055e-01]
 [ 4.53175866e+00  1.10601911e+01 -8.68628192e-02  0.00000000e+00
  -6.43314812e-02 -5.35483440e-03]
 [-1.10759364e+00 -5.43673387e+00 -5.18490750e-01  0.00000000e+00
  -5.71085732e-01 -1.79837636e-01]]
[03/30/2022, 04:08:37] computing sampling shap 2264:2274 within 50.4908 sec, 4.9455 on average
[03/30/2022, 04:08:37] instances left: 309
[03/30/2022, 04:08:37] estimating time left: 0:25:28.159500

[[-1.37600336e+00  5.01216252e+00 -1.38446737e-01  0.00000000e+00
  -4.35578271e-01 -1.21836555e-01]
 [-1.32842186e+00 -5.04041246e+00 -7.28913860e-01  0.00000000e+00
   3.02243233e-01 -2.32334734e-01]
 [-1.29737071e+00 -5.35389528e+00 -3.03678516e-01  0.00000000e+00
   9.54005046e-01 -1.49127204e-01]
 [-1.63918229e+00  5.52552732e+00 -5.08065764e-01  0.00000000e+00
  -1.88596641e-01  3.83698403e-01]
 [-1.11493085e+00 -5.17171044e+00 -6.16086369e-01  0.00000000e+00
   9.19769736e-02 -1.58299587e-01]
 [-1.31233984e+00 -5.29061985e+00 -5.29532000e-01  0.00000000e+00
  -8.96733393e-01  3.45766728e-01]
 [-1.14559595e+00  5.25656804e+00 -6.02041302e-01  0.00000000e+00
  -4.45144832e-01  5.14981148e-01]
 [-1.33733783e+00 -5.30404646e+00 -3.66598447e-01  0.00000000e+00
  -2.90679862e-01  7.23231888e-03]
 [-1.32203652e+00 -4.97295921e+00 -7.84313605e-01  0.00000000e+00
  -1.85297567e-01  1.82411052e-01]
 [ 4.84478552e+00  1.04797249e+01 -8.83800038e-02  0.00000000e+00
   7.97780340e-01 -1.54443388e-01]]
[03/30/2022, 04:09:24] computing sampling shap 2274:2284 within 46.7903 sec, 4.9074 on average
[03/30/2022, 04:09:24] instances left: 299
[03/30/2022, 04:09:24] estimating time left: 0:24:27.312600

[[ 8.40839751 -3.4238403  -0.18268498  0.          0.89525709 -0.15403662]
 [-0.65865771  4.34156428 -0.19470637  0.          0.21942069  0.18777997]
 [-1.46392172 -4.87725836 -0.62665064  0.         -0.49961559  0.01097607]
 [ 8.67056789 -3.35988343 -0.30294946  0.         -0.39627788 -0.1901749 ]
 [-1.31739918 -5.35054977 -0.39501432  0.         -0.39398847  0.07481211]
 [-1.44395055 -5.34019527 -0.22493216  0.          0.56902445 -0.13814231]
 [-1.02617064 -5.49461092 -0.44034478  0.         -0.29767826  0.39494064]
 [-1.07203128 -3.67545801  7.88211689  0.          0.27789997 -0.11861999]
 [-0.21080315  3.82417755 -0.21880129  0.          0.32304937 -0.03107843]
 [-1.00308529 -5.27447742 -0.6284752   0.          0.91553755 -0.13645334]]
[03/30/2022, 04:10:14] computing sampling shap 2284:2294 within 49.7373 sec, 4.9158 on average
[03/30/2022, 04:10:14] instances left: 289
[03/30/2022, 04:10:14] estimating time left: 0:23:40.666200

[[ 4.41902404 10.80636414  0.          0.          0.3490604   0.14356236]
 [-1.33449494 -5.05778969 -0.52399998  0.         -1.05619523  0.18146508]
 [-1.5374814  -5.20781906 -0.27196528  0.          0.54628015  0.25290136]
 [-1.26839059 -5.05798795 -0.62156472  0.          0.93017105 -0.13229518]
 [-1.28188919 -5.16756763 -0.54540752  0.          0.98631622 -0.1415187 ]
 [ 4.15561076  1.01604702 -0.24720355  0.         -0.48990251 -0.14622343]
 [-0.95590146  4.95549221 -0.58532136  0.          0.24201725 -0.14689159]
 [ 4.30237149  0.74890397 -0.08521274  0.          0.77771106 -0.14903717]
 [-1.24063465 -5.23248705 -0.47544495  0.          0.91919806 -0.03402465]
 [-0.53664256  4.22701931 -0.07971144  0.         -1.01228723 -0.16339846]]
[03/30/2022, 04:11:04] computing sampling shap 2294:2304 within 49.7499 sec, 4.9224 on average
[03/30/2022, 04:11:04] instances left: 279
[03/30/2022, 04:11:04] estimating time left: 0:22:53.349600

[[ 4.09470157  1.37015319 -0.51461502  0.         -0.0439131  -0.03771099]
 [-1.19236989  5.05496681 -0.39381071  0.         -0.45345216 -0.15148088]
 [-1.30784398 -5.28639379 -0.38192795  0.         -0.59023643 -0.19243783]
 [-0.45443919  4.14433954 -0.14218819  0.          0.48740176 -0.03787186]
 [-1.31483875 -5.17338668 -0.46765956  0.          0.8689405   0.08374729]
 [-0.5820211   4.24041426 -0.13159214  0.          0.52635468 -0.12218804]
 [-1.2533313  -5.15402039 -0.55227381  0.          0.50079322  0.11271993]
 [-1.23057681 -5.36864869 -0.44976956  0.         -1.24057243  0.13953956]
 [-1.1653366  -5.4203     -0.42058209  0.         -0.13130643 -0.21619931]
 [-0.42737152 14.56593539 -0.30638654  0.          0.55951002 -0.22512992]]
[03/30/2022, 04:11:54] computing sampling shap 2304:2314 within 50.7221 sec, 4.9374 on average
[03/30/2022, 04:11:54] instances left: 269
[03/30/2022, 04:11:54] estimating time left: 0:22:08.160600

[[ 4.17667862e+00  1.06074916e+00 -8.68141635e-02  0.00000000e+00
  -2.98056889e-01 -1.10086945e-01]
 [-1.35409174e+00 -5.42951271e+00 -1.83467844e-01  0.00000000e+00
   4.99860320e-01 -1.67444376e-01]
 [-1.25738197e+00 -5.49571417e+00 -3.82640579e-01  0.00000000e+00
   2.97852407e-01 -5.83795561e-02]
 [-1.42497059e+00 -5.02481290e+00 -4.18893022e-01  0.00000000e+00
   4.33568962e-01 -7.31342116e-02]
 [-4.28045389e-01  1.43606559e+01 -8.03823767e-02  0.00000000e+00
   2.06018181e-01 -1.82785925e-02]
 [-1.46393240e+00 -5.10451012e+00 -3.49567306e-01  0.00000000e+00
  -6.92135322e-01 -1.31474828e-01]
 [-6.73953554e-01  4.11463026e+00  0.00000000e+00  0.00000000e+00
  -3.14734130e-01  7.22728725e-02]
 [ 8.73966434e+00  5.84942924e+00  2.18124972e+00  0.00000000e+00
  -1.28457842e+00  2.68548950e-01]
 [-1.24121117e+00 -5.56021672e+00 -1.81503319e-01  0.00000000e+00
   1.72433102e-01 -8.13975222e-03]
 [ 4.24814919e+00  6.77663720e-01  0.00000000e+00  0.00000000e+00
   7.80308189e-01 -5.95851496e-02]]
[03/30/2022, 04:12:44] computing sampling shap 2314:2324 within 49.3702 sec, 4.9373 on average
[03/30/2022, 04:12:44] instances left: 259
[03/30/2022, 04:12:44] estimating time left: 0:21:18.760700

[[ 4.46461704  0.66355124 -0.08566574  0.         -0.01861194  0.83045323]
 [ 4.4918901  10.86578425  0.          0.          0.54899132 -0.18194226]
 [ 8.48471847 -3.52142595 -0.08151997  0.          0.61317608 -0.14178136]
 [-1.0502393   4.86536426 -0.41520947  0.         -0.38689572 -0.19075901]
 [-1.22679907 -5.26030566 -0.56770396  0.         -0.2490667   0.10852174]
 [-0.63065304  4.32809389 -0.1926959   0.         -0.89174511  0.74237984]
 [-0.55711678  4.39065038 -0.2438706   0.         -0.1518623  -0.08913828]
 [-0.53195633  4.11810374 -0.07981843  0.          0.53372525 -0.13520752]
 [-1.25125138 -5.43604781 -0.2843742   0.         -0.63155909 -0.19923915]
 [ 8.81689099 -3.58630585 -0.31220363  0.          0.56530096 -0.13051508]]
[03/30/2022, 04:13:31] computing sampling shap 2324:2334 within 46.7175 sec, 4.9152 on average
[03/30/2022, 04:13:31] instances left: 249
[03/30/2022, 04:13:31] estimating time left: 0:20:23.884800

[[-1.00665744 -5.29191607 -0.66352194  0.          0.93001754 -0.11798882]
 [-0.6309066  14.68072594 -0.07766813  0.         -0.61303616 -0.20399651]
 [-1.50766072 -5.22338264 -0.32417121  0.         -1.12070093  0.197628  ]
 [-1.25380806  5.08613752 -0.31663522  0.         -0.54570438  0.11581324]
 [-1.36569334 -5.34936573 -0.23811539  0.         -0.15189951 -0.04596824]
 [-1.71537359 -4.87382065 -0.43458865  0.         -0.08543917  0.01993043]
 [-1.06995056  4.62843783 -0.21276576  0.         -0.36731464  0.44472654]
 [-1.52414414 -5.14356439 -0.31573782  0.         -0.5922348  -0.18044066]
 [-1.51563152 -5.08236801 -0.22070403  0.          0.8496025  -0.18096621]
 [-1.23075224 -5.32179821 -0.33166201  0.         -0.36922215  0.64875859]]
[03/30/2022, 04:14:19] computing sampling shap 2334:2344 within 48.3012 sec, 4.9087 on average
[03/30/2022, 04:14:19] instances left: 239
[03/30/2022, 04:14:19] estimating time left: 0:19:33.179300

[[-2.40924692e-01  1.41647094e+01 -7.96918387e-02  0.00000000e+00
   2.25562425e-01 -7.27222484e-02]
 [-1.44835911e+00 -5.19701521e+00 -4.57817943e-01  0.00000000e+00
   6.31405555e-01 -1.31125142e-01]
 [ 4.42530830e+00  7.80714510e-01 -8.73016271e-02  0.00000000e+00
   2.50897859e-01 -1.41010515e-01]
 [-1.50715720e+00 -5.03125926e+00 -3.69127813e-01  0.00000000e+00
   9.00021285e-01 -5.58702940e-02]
 [-1.34949973e+00 -5.40027917e+00 -1.39218316e-01  0.00000000e+00
   4.69267655e-01  7.36177964e-02]
 [-1.17284603e+00  4.80092482e+00 -3.22327817e-01  0.00000000e+00
  -2.05838350e-01 -1.43001797e-01]
 [-7.24472480e-01  4.37243979e+00 -1.36005225e-01  0.00000000e+00
  -3.16933158e-01 -1.26300439e-01]
 [-5.45467669e-01  4.21897675e+00 -1.63933951e-01  0.00000000e+00
   8.17395649e-01  3.98923268e-02]
 [-1.30524467e+00 -5.39703490e+00 -2.50338138e-01  0.00000000e+00
  -3.03213643e-01 -4.47096736e-03]
 [-1.24948604e+00 -5.17931668e+00 -5.20448392e-01  0.00000000e+00
   9.53207236e-01 -1.54023236e-01]]
[03/30/2022, 04:15:09] computing sampling shap 2344:2354 within 50.0665 sec, 4.9157 on average
[03/30/2022, 04:15:09] instances left: 229
[03/30/2022, 04:15:09] estimating time left: 0:18:45.695300

[[-1.15010461 -5.12118278 -0.60196941  0.         -0.85627573  0.28101604]
 [ 8.6094175  -3.53692166 -0.18175327  0.          0.36172662 -0.12287445]
 [ 4.36325035 11.04799476 -0.08257958  0.          0.8219959  -0.17068732]
 [ 4.28872302  0.98717233 -0.14464588  0.          0.39072571  0.02846613]
 [-0.62627996  4.18434599  0.          0.          0.81262231 -0.13604755]
 [ 4.32255059 10.98367374  0.          0.          0.52898675 -0.05359799]
 [-1.41253119 -5.23967822 -0.33600502  0.         -0.25590879  0.04876928]
 [-0.62514063  4.46969519 -0.23560882  0.         -0.64139277 -0.20252356]
 [ 4.29012927 -2.92515999  3.5528382   0.          0.35394854 -0.09072089]
 [ 3.9381092   1.205957   -0.15021539  0.         -0.95484257 -0.12503383]]
[03/30/2022, 04:15:55] computing sampling shap 2354:2364 within 46.0692 sec, 4.8951 on average
[03/30/2022, 04:15:55] instances left: 219
[03/30/2022, 04:15:55] estimating time left: 0:17:52.026900

[[-1.30722531 -5.73648847  0.          0.         -0.60011253 -0.15988617]
 [ 4.40707525 10.91446209  0.          0.         -0.1886968   0.3278036 ]
 [-1.3266934  -5.34111541 -0.29529368  0.         -0.63770973 -0.11371053]
 [-0.33126642 14.21263776  0.          0.          0.78741385 -0.17306475]
 [-1.52611614 -5.12036472 -0.37258188  0.         -0.93339433 -0.18851535]
 [-1.19878093 -5.2117762  -0.57447986  0.          0.50467739 -0.04158697]
 [ 4.03139492  1.23369976 -0.39750189  0.          0.52160767 -0.12961759]
 [-0.62143716 -6.09941736 -0.38984315  0.         -0.72513561 -0.19224388]
 [-1.25593595 -5.21202755 -0.47785486  0.          0.51497575 -0.17206919]
 [-0.70546697  4.27432685 -0.13106795  0.          0.9195648  -0.1227159 ]]
[03/30/2022, 04:16:43] computing sampling shap 2364:2374 within 48.0519 sec, 4.8895 on average
[03/30/2022, 04:16:43] instances left: 209
[03/30/2022, 04:16:43] estimating time left: 0:17:01.905500

[[ 8.76632863e+00 -3.56470141e+00 -2.84159877e-01  0.00000000e+00
  -1.01046491e+00 -6.47086469e-02]
 [ 5.04820142e+00  1.01353448e+01 -8.70436081e-02  0.00000000e+00
   2.63275855e-02  2.63884928e-01]
 [ 3.90017923e+00  1.19919453e+00 -3.59018033e-01  0.00000000e+00
   8.67152914e-01 -9.09294298e-02]
 [-5.54965551e-01  4.27415931e+00 -2.01630388e-01  0.00000000e+00
  -7.89136840e-01 -1.21734328e-01]
 [-1.15337153e+00 -5.45264699e+00 -3.69898118e-01  0.00000000e+00
   9.40130445e-01 -1.14280726e-01]
 [-1.28269772e+00  5.26384863e+00 -5.60456181e-01  0.00000000e+00
  -9.00088990e-02 -2.08244563e-01]
 [-1.31320677e+00 -5.42856276e+00 -2.08462450e-01  0.00000000e+00
  -5.71169904e-01  1.32235593e-01]
 [-1.46702402e+00 -5.14998116e+00 -3.95034401e-01  0.00000000e+00
  -1.19823170e+00 -1.40075831e-01]
 [-1.28641664e+00 -5.22456417e+00 -5.22866052e-01  0.00000000e+00
  -5.97197903e-01 -1.82696752e-01]
 [-1.54074778e+00 -5.00396021e+00 -4.79722895e-01  0.00000000e+00
   1.70019242e-01  2.41415717e-03]]
[03/30/2022, 04:17:32] computing sampling shap 2374:2384 within 48.8126 sec, 4.889 on average
[03/30/2022, 04:17:32] instances left: 199
[03/30/2022, 04:17:32] estimating time left: 0:16:12.911000

[[-1.17357194e+00  4.89527784e+00 -2.75788623e-01  0.00000000e+00
  -8.48644713e-01  6.02148058e-01]
 [-1.49104053e+00 -5.20156885e+00 -3.41441844e-01  0.00000000e+00
   1.03654892e+00 -1.52564717e-01]
 [ 4.27882673e+00  7.96860086e-01 -8.47524553e-02  0.00000000e+00
  -6.31552396e-04  3.01939385e-01]
 [-9.86078239e-01 -5.67154119e+00 -4.05726792e-01  0.00000000e+00
   1.02992961e+00 -9.35364916e-02]
 [-1.36517931e+00 -5.22590315e+00 -4.68281084e-01  0.00000000e+00
  -1.37431763e-01 -9.83991085e-02]
 [ 4.43730423e+00  1.10559523e+01 -1.48897733e-01  0.00000000e+00
   5.07949925e-01 -1.12671074e-01]
 [ 4.03762288e+00  9.13521532e-01 -8.72179994e-02  0.00000000e+00
   5.63085039e-01  2.83330316e-01]
 [ 4.63143699e+00  1.08892554e+01 -8.39665188e-02  0.00000000e+00
  -5.06213641e-01  6.57322053e-02]
 [ 4.00856288e+00  1.20823589e+00 -8.77149420e-02  0.00000000e+00
   1.40982253e-01  1.46858263e-01]
 [-6.74377233e-01  4.43924331e+00 -7.98235525e-02  0.00000000e+00
   3.32651861e-01 -2.84933466e-02]]
[03/30/2022, 04:18:20] computing sampling shap 2384:2394 within 47.733 sec, 4.8826 on average
[03/30/2022, 04:18:20] instances left: 189
[03/30/2022, 04:18:20] estimating time left: 0:15:22.811400

[[-1.29884509 -5.32586866 -0.46151176  0.          0.24198239 -0.18359652]
 [ 4.39775481 10.94354098  0.          0.         -0.32330772  0.31179007]
 [-0.9157333   4.36494339  0.          0.          0.882636   -0.1269308 ]
 [-0.58888557  4.60193583 -0.54391666  0.          0.85915791 -0.15397191]
 [-0.35675737  4.05483359 -0.18828829  0.         -0.51627811 -0.20252447]
 [-1.40369612 -5.05199179 -0.60542366  0.          0.23371156 -0.14165036]
 [-1.02254399 -5.4484033  -0.53591085  0.          0.57287302 -0.07425644]
 [-1.30406711 -5.38581766 -0.42584171  0.          0.67651338 -0.16369858]
 [ 4.27352758  0.89170155 -0.14514479  0.          0.03135783  0.04947912]
 [-0.40459155  4.12797268 -0.16742015  0.         -0.86487492  1.34705037]]
[03/30/2022, 04:19:10] computing sampling shap 2394:2404 within 50.1469 sec, 4.8896 on average
[03/30/2022, 04:19:10] instances left: 179
[03/30/2022, 04:19:10] estimating time left: 0:14:35.238400

[[-1.23221858 -5.33872097 -0.53652453  0.         -0.44827172 -0.13523985]
 [-1.70452806 -5.18241894 -0.18415384  0.          1.04306523 -0.12203113]
 [-1.28401987 -5.36604189 -0.35475019  0.         -0.49648163 -0.10300097]
 [-1.65341826 -5.13262757 -0.16703373  0.         -0.04569472  0.25274179]
 [ 4.00642312  1.05124511 -0.08684363  0.          0.59380505 -0.13238535]
 [-1.30391404 -5.19638988 -0.4142121   0.         -0.1910508  -0.08017411]
 [ 4.43215458  0.72359781 -0.08705251  0.          0.32712537 -0.16721632]
 [-0.46226222  4.11058265 -0.17364891  0.          0.5629137  -0.10661753]
 [-1.11936003 -5.24374897 -0.61882698  0.          0.14816018 -0.09913776]
 [ 4.29668259  0.81262376  0.          0.          0.28235527 -0.11374218]]
[03/30/2022, 04:19:59] computing sampling shap 2404:2414 within 49.5347 sec, 4.8928 on average
[03/30/2022, 04:19:59] instances left: 169
[03/30/2022, 04:19:59] estimating time left: 0:13:46.883200

[[-1.19909536 -5.55037713 -0.2062823   0.          0.50980607 -0.18870756]
 [-1.11090257  5.1636428  -0.47006125  0.          0.75610855 -0.16446817]
 [-1.28358382 -5.31699162 -0.27203178  0.         -0.22141055 -0.17282151]
 [-0.60969266  4.1161546  -0.0778095   0.         -1.14525371  0.16614037]
 [-1.55436439 -5.10882762 -0.56519712  0.          0.71809781 -0.12436511]
 [-1.40295629 -4.97501014 -0.57422333  0.          0.48244729 -0.10845389]
 [-1.40970614 -5.25324059 -0.31504462  0.         -0.59931969 -0.15612066]
 [-0.62837908  4.34538382 -0.20017303  0.          0.54339588 -0.12926006]
 [-0.28538749  4.21501778 -0.32833087  0.         -0.14247487 -0.17851553]
 [ 3.04339681 -0.23286355  2.01843158  0.          0.74219951 -0.11477927]]
[03/30/2022, 04:20:46] computing sampling shap 2414:2424 within 46.4327 sec, 4.8809 on average
[03/30/2022, 04:20:46] instances left: 159
[03/30/2022, 04:20:46] estimating time left: 0:12:56.063100

[[-1.63402564e+00 -5.34319662e+00  0.00000000e+00  0.00000000e+00
  -3.64948185e-01 -1.22493581e-02]
 [-1.54251982e+00 -5.39495412e+00 -1.70707974e-01  0.00000000e+00
  -1.14163646e+00  1.55574955e-01]
 [-1.30683889e+00  4.90677490e+00 -1.68708638e-01  0.00000000e+00
  -2.64534533e-01  3.27643245e-01]
 [-1.44449103e+00 -5.15822882e+00 -4.88349896e-01  0.00000000e+00
  -4.70083477e-01 -2.03185067e-01]
 [-1.28818193e+00 -5.45807949e+00 -3.88368440e-01  0.00000000e+00
  -4.80716114e-01 -1.85648886e-01]
 [-1.31969308e+00 -5.39086408e+00 -1.37315313e-01  0.00000000e+00
   8.62383697e-01 -1.64578197e-01]
 [-1.48076402e+00 -5.36948289e+00 -1.78972395e-01  0.00000000e+00
  -4.15650078e-01  4.89922169e-01]
 [-1.15490435e+00 -5.62158725e+00 -2.36832612e-01  0.00000000e+00
  -5.05997347e-02  7.92813416e-01]
 [-1.22822455e+00 -5.31120482e+00 -3.86878320e-01  0.00000000e+00
   9.04061187e-01  2.80974108e-03]
 [ 4.54796867e+00  1.09235095e+01 -8.52290413e-02  0.00000000e+00
  -4.87266974e-01  1.98571832e-01]]
[03/30/2022, 04:21:34] computing sampling shap 2424:2434 within 48.6013 sec, 4.88 on average
[03/30/2022, 04:21:34] instances left: 149
[03/30/2022, 04:21:34] estimating time left: 0:12:07.120000

[[-1.38161974 -5.22742372 -0.41688087  0.         -0.07520026 -0.20783831]
 [-1.55399269 -5.00888507 -0.5402087   0.          0.31312191  0.14363454]
 [-1.23305306 -5.2082103  -0.46256107  0.          0.47234863  0.08536328]
 [-1.74891093 -4.88414528 -0.35340159  0.          0.95663977 -0.09713583]
 [-0.4110573   3.96173748 -0.08202637  0.          0.28098462 -0.0769132 ]
 [ 9.0722298   7.056583   -0.17094182  0.          0.02424739  0.27659509]
 [-1.42998502 -5.19171147 -0.30882933  0.          0.50229041 -0.20642121]
 [-1.35361474 -5.23192232 -0.43751412  0.          1.03099831 -0.15801373]
 [-0.98901547  4.43097123  0.          0.          0.39281108  0.44549911]
 [-1.10729483 -5.52811123 -0.30991839  0.         -0.63724533  0.09342974]]
[03/30/2022, 04:22:24] computing sampling shap 2434:2444 within 49.4287 sec, 4.8827 on average
[03/30/2022, 04:22:24] instances left: 139
[03/30/2022, 04:22:24] estimating time left: 0:11:18.695300

[[ 4.60030273 10.94012467  0.          0.         -0.46433275 -0.14720442]
 [-0.59151655  4.1093841   0.          0.          0.51409661 -0.1649381 ]
 [-1.24889654 -5.31017889 -0.2950273   0.          0.43581618  0.17156843]
 [-0.94431667  4.78674084 -0.39054438  0.         -0.40610588  0.67920094]
 [-0.45302714 14.33493594 -0.08001035  0.          0.21304541 -0.10139707]
 [-1.50419578 -5.21246584 -0.253462    0.         -0.61359987  0.29201686]
 [-1.22447076 -5.13760734 -0.61432805  0.          0.18080264 -0.09935019]
 [-1.37293439 -5.22293641 -0.35643751  0.          0.91812761 -0.11588629]
 [-1.24244768 -5.33438411 -0.38156002  0.         -0.15573733  0.21743859]
 [-1.09707195 -5.4855976  -0.40368312  0.         -0.67865915  1.0993701 ]]
[03/30/2022, 04:23:13] computing sampling shap 2444:2454 within 48.8543 sec, 4.8828 on average
[03/30/2022, 04:23:13] instances left: 129
[03/30/2022, 04:23:13] estimating time left: 0:10:29.881200

[[-1.58294767 -4.96941193 -0.3296861   0.          0.445868   -0.10094227]
 [-1.38458284 -5.32749135 -0.37804249  0.         -0.25395905 -0.0638589 ]
 [ 4.37042986  0.67655563  0.          0.          0.32990648 -0.1482835 ]
 [ 4.2971103  11.12269914  0.          0.         -0.48662973 -0.15211289]
 [-0.48403473  4.23146606 -0.18851868  0.         -0.79357092  0.08849071]
 [ 4.47899269 10.87630207  0.          0.          0.2159643   0.17170766]
 [-1.0126443  -5.48871942 -0.54902846  0.         -0.44308732 -0.21121835]
 [ 9.03022249  7.12425743  0.          0.         -0.0618991  -0.14721829]
 [-1.1730594  -5.50316027 -0.25889939  0.          0.93817018 -0.15311778]
 [-0.47400963 14.40378434  0.          0.          0.42981475 -0.05553444]]
[03/30/2022, 04:24:01] computing sampling shap 2454:2464 within 48.2619 sec, 4.8806 on average
[03/30/2022, 04:24:01] instances left: 119
[03/30/2022, 04:24:01] estimating time left: 0:09:40.791400

[[-0.77230278  4.66313745 -0.32951174  0.         -0.28463496  0.01839169]
 [-0.97049081 -5.51929688 -0.51999336  0.         -0.58589142 -0.20532189]
 [-1.46813965 -5.08740683 -0.49486772  0.         -0.09056446 -0.12586127]
 [-1.43495862 -5.14406687 -0.34638328  0.          0.92977349 -0.13131843]
 [-1.32776657 -5.24855119 -0.30422119  0.          0.07359739 -0.18717252]
 [-1.34572841 -5.24099709 -0.32003926  0.          0.53037885 -0.25827073]
 [-0.4611859  14.43097602 -0.1411764   0.         -1.00501285  0.18144726]
 [-0.50063874  4.23170511 -0.18052602  0.         -0.50410577 -0.13390331]
 [-1.68998343 -5.06205343 -0.20891681  0.         -0.31027907 -0.25335369]
 [-0.70326018  4.3898164  -0.15588151  0.         -0.4964863  -0.03564724]]
[03/30/2022, 04:24:47] computing sampling shap 2464:2474 within 46.1801 sec, 4.8705 on average
[03/30/2022, 04:24:47] instances left: 109
[03/30/2022, 04:24:47] estimating time left: 0:08:50.884500

[[-1.12464352 -5.29604004 -0.50981706  0.         -1.45443025 -0.20314933]
 [-1.24907452 -5.32481425 -0.47876803  0.         -0.45757918  0.1330833 ]
 [-0.98921835  4.84681731 -0.42209972  0.          0.23766114 -0.19484549]
 [-1.34778061  4.94815351 -0.28018216  0.          0.32043021 -0.13122576]
 [-1.50254043 -5.16998628 -0.35432756  0.         -0.31842601 -0.06265436]
 [-0.39732075  4.16635622 -0.29268616  0.          0.90711587 -0.11822926]
 [-1.30873414 -5.35646054 -0.33672848  0.          0.55329336 -0.04477064]
 [ 4.20163741  1.04761696 -0.15350881  0.         -0.25868192  0.13547373]
 [-1.06512508 -5.17997823 -0.56637364  0.          0.3599647  -0.15139934]
 [ 8.60955213 -3.51227992 -0.20480119  0.         -1.45389119 -0.09736828]]
[03/30/2022, 04:25:41] computing sampling shap 2474:2484 within 53.58 sec, 4.8886 on average
[03/30/2022, 04:25:41] instances left: 99
[03/30/2022, 04:25:41] estimating time left: 0:08:03.971400

[[-1.43459751 -5.14530258 -0.50102629  0.         -0.53654407 -0.11104033]
 [-0.56848318  4.28759534 -0.21901046  0.         -1.03313028  0.12030196]
 [-1.29259544 -5.50433523 -0.24618254  0.         -0.42900935  0.63599882]
 [ 4.44466643 10.87567367 -0.0870717   0.          0.55371871  0.21187423]
 [-1.2898122  -5.22417443 -0.40539162  0.          0.93686839 -0.16755695]
 [-0.8072141   4.60498452 -0.38811881  0.          0.91073484 -0.14606619]
 [-0.58170498  4.43653109 -0.24351073  0.         -0.50518977  0.13041631]
 [ 8.98032591 -3.72535419 -0.4096973   0.          0.39406901  0.02772974]
 [-1.51977337 -5.05656237 -0.44346022  0.         -1.18967377 -0.16987271]
 [-0.62127388  6.97577108  7.46251121  0.          0.40465447 -0.10651151]]
[03/30/2022, 04:26:30] computing sampling shap 2484:2494 within 49.2646 sec, 4.8899 on average
[03/30/2022, 04:26:30] instances left: 89
[03/30/2022, 04:26:30] estimating time left: 0:07:15.201100

[[-1.34520423 -5.26390184 -0.54441606  0.          0.31307342 -0.05450522]
 [ 4.4258908  10.9507491   0.          0.         -0.4902214  -0.16097707]
 [-1.10666922  5.07218657 -0.52049809  0.         -0.50136242 -0.18785308]
 [-0.69441095  4.35767758 -0.13528169  0.         -0.47080364 -0.26619656]
 [-1.41399265 -5.45114933 -0.18317732  0.         -0.50224946 -0.15412914]
 [ 4.02421352  0.78918861  0.          0.          0.68031306  0.11273349]
 [-1.10899958 -5.51566821 -0.36741209  0.          0.97023687 -0.12822383]
 [-0.57645491  4.08998298  0.          0.         -0.57334135 -0.10562606]
 [-0.86681671 -3.52133451  7.55730724  0.         -0.43614678 -0.05867062]
 [ 4.02006853  0.97315042  0.          0.          0.1098569  -0.06323179]]
[03/30/2022, 04:27:19] computing sampling shap 2494:2504 within 48.8159 sec, 4.8896 on average
[03/30/2022, 04:27:19] instances left: 79
[03/30/2022, 04:27:19] estimating time left: 0:06:26.278400

[[-1.33622452e+00  4.76914791e+00  0.00000000e+00  0.00000000e+00
  -4.91993250e-01 -7.70766571e-02]
 [-7.15191712e-01  4.42928146e+00 -2.97539023e-01  0.00000000e+00
   1.27535728e-02  4.80271119e-02]
 [-4.12403830e-01  1.45017699e+01 -1.88634107e-01  0.00000000e+00
  -1.15398713e+00  5.24036224e-01]
 [-1.45777288e+00 -5.15596095e+00 -3.93166399e-01  0.00000000e+00
  -4.65352654e-01 -1.63359637e-01]
 [-2.91856607e-01  1.45440517e+01 -3.47728510e-01  0.00000000e+00
   4.89091249e-01 -2.27000010e-01]
 [-1.09877643e+00  4.72754242e+00 -2.30411448e-01  0.00000000e+00
  -5.26827716e-01 -1.50157392e-01]
 [-1.52498323e+00 -5.04047826e+00 -3.02160147e-01  0.00000000e+00
   9.46221144e-02 -1.59914154e-01]
 [-1.45415363e+00 -5.30207388e+00 -3.06270162e-01  0.00000000e+00
  -4.79017595e-01  3.91851796e-02]
 [-1.37336577e+00  5.16408994e+00 -3.04403993e-01  0.00000000e+00
   8.40916030e-01 -1.22321577e-01]
 [-7.07022328e-01 -3.90372539e+00  7.77696748e+00  0.00000000e+00
   2.87086690e-01  3.18015197e-02]]
[03/30/2022, 04:28:06] computing sampling shap 2504:2514 within 47.2005 sec, 4.884 on average
[03/30/2022, 04:28:06] instances left: 69
[03/30/2022, 04:28:06] estimating time left: 0:05:36.996000

[[ 4.45891707  0.8036695  -0.14904006  0.         -0.0322891  -0.03816212]
 [-1.19238041  4.8855571  -0.27155836  0.         -0.07526185 -0.17616323]
 [-0.68610902  4.22346198  0.          0.         -0.10111416  0.21535866]
 [-1.35849941 -5.34677908 -0.43278064  0.         -0.10097981  0.36656279]
 [-1.32937383 -5.16973062 -0.50209763  0.          0.14866747 -0.17530516]
 [-0.64709823  4.15560669 -0.08209521  0.          0.91425333 -0.10602564]
 [-1.0928098  -5.19861177 -0.71778945  0.         -0.32169887  0.13555632]
 [-1.53292009 -5.08471392 -0.42473418  0.          0.19996159 -0.18543326]
 [-1.19987102 -5.46643661 -0.28848877  0.          0.95257565 -0.12473291]
 [-1.05615923  5.13578588 -0.63887904  0.         -0.27363204 -0.23082774]]
[03/30/2022, 04:28:54] computing sampling shap 2514:2524 within 48.0555 sec, 4.8815 on average
[03/30/2022, 04:28:54] instances left: 59
[03/30/2022, 04:28:54] estimating time left: 0:04:48.008500

[[-1.21399022  4.88918042 -0.24013323  0.          0.19729839 -0.12296079]
 [-1.37797218 -5.23585507 -0.41868274  0.          0.20371267 -0.16531634]
 [-0.94793138 -5.44262599 -0.58156336  0.         -0.23176049 -0.1498432 ]
 [-0.85585079 -5.49252715 -0.71718152  0.         -0.37417745 -0.06259304]
 [-1.27145184 -5.1503682  -0.60222542  0.          1.04574849 -0.17177006]
 [-1.48867437 -5.1144675  -0.46976699  0.         -0.00815137  0.19315435]
 [-1.30697096  5.25740367 -0.609282    0.         -0.48356251 -0.11632841]
 [-1.33791694  5.10672662 -0.23334904  0.         -0.45455358  0.03051788]
 [-1.44441917 -4.9084269  -0.54996081  0.         -0.41922328  0.81309512]
 [-1.34919047 -5.24567463 -0.47171113  0.         -0.91418788  0.10959609]]
[03/30/2022, 04:29:41] computing sampling shap 2524:2534 within 47.1686 sec, 4.8763 on average
[03/30/2022, 04:29:41] instances left: 49
[03/30/2022, 04:29:41] estimating time left: 0:03:58.938700

[[-1.22569294e+00 -5.28367232e+00 -5.34217556e-01  0.00000000e+00
   1.03637838e+00 -1.19749066e-01]
 [-9.25005116e-01  4.74785575e+00 -3.16328506e-01  0.00000000e+00
  -9.92264838e-01 -2.35982771e-01]
 [-1.30072966e+00 -5.18469394e+00 -5.23362913e-01  0.00000000e+00
   5.42329073e-01 -1.68199046e-01]
 [-3.13624763e-01  1.42667941e+01 -1.60121695e-01  0.00000000e+00
   2.72727617e-01 -1.52228813e-01]
 [-1.58576121e+00 -4.86674595e+00 -4.69688999e-01  0.00000000e+00
   9.45037775e-01 -1.72908561e-01]
 [-1.42194985e+00 -5.28097485e+00 -3.46385422e-01  0.00000000e+00
   5.86750769e-01 -1.72097359e-01]
 [-8.12000556e-01 -3.88046238e+00  7.83469193e+00  0.00000000e+00
  -4.86045897e-01 -1.97006539e-01]
 [ 4.30812723e+00  1.00060357e+00 -3.72075190e-01  0.00000000e+00
  -9.06209602e-01 -4.61699476e-02]
 [-1.61765654e+00 -5.19770648e+00 -2.40267518e-01  0.00000000e+00
  -8.43282104e-02 -1.10833542e-02]
 [-1.16803568e+00 -5.20256128e+00 -6.72402824e-01  0.00000000e+00
   2.26553019e-01  3.80121553e-01]]
[03/30/2022, 04:30:30] computing sampling shap 2534:2544 within 48.612 sec, 4.8759 on average
[03/30/2022, 04:30:30] instances left: 39
[03/30/2022, 04:30:30] estimating time left: 0:03:10.160100

[[ 8.34801704 -3.40041705  0.          0.         -1.14438121 -0.08834692]
 [-0.1879437  14.18720195 -0.24557064  0.          0.89008708 -0.14805454]
 [-0.3160042   3.91182942 -0.08096648  0.          0.52527091 -0.06947212]
 [-1.14379673  5.15660541 -0.59402536  0.          0.51146825  0.0377306 ]
 [-1.66024181 -5.31269109  0.          0.          0.940789   -0.11792324]
 [-1.32942114 -5.53439011 -0.1393844   0.          0.16874673 -0.19339039]
 [-1.4260194   4.91995159 -0.08190244  0.          0.91238909 -0.08462418]
 [-1.62462436 -5.16443303 -0.35802977  0.          0.29152334 -0.13855026]
 [ 4.44920689 10.99476931  0.          0.         -0.39130221  0.04029477]
 [-0.28092099 14.0356177   0.          0.          0.8729995  -0.09840625]]
[03/30/2022, 04:31:18] computing sampling shap 2544:2554 within 48.5301 sec, 4.8752 on average
[03/30/2022, 04:31:18] instances left: 29
[03/30/2022, 04:31:18] estimating time left: 0:02:21.380800

[[-1.50523445 -5.58654863  0.          0.          0.22240976 -0.12474052]
 [-1.54251609 -5.24029104 -0.25038163  0.          1.01241093 -0.129289  ]
 [-1.1151597  -5.5328497  -0.31058482  0.          0.89390624  0.05434848]
 [-0.31178408 14.30255066 -0.1362392   0.         -0.03282006  0.14180676]
 [-1.57334826 -4.95305586 -0.44487432  0.         -0.31528165  0.1199674 ]
 [ 4.18777743  1.00212409  0.          0.         -0.60797257 -0.08459385]
 [-1.142635   -5.37101338 -0.53673742  0.         -0.51462661 -0.15052685]
 [-1.48080738 -5.14733144 -0.25676557  0.          0.48596512 -0.20397217]
 [-1.33935109 -5.29334357 -0.44192626  0.          0.6568526  -0.10417811]
 [-1.60082031 -5.05638671 -0.40788529  0.         -0.57764231 -0.15973754]]
[03/30/2022, 04:32:06] computing sampling shap 2554:2564 within 47.3854 sec, 4.8713 on average
[03/30/2022, 04:32:06] instances left: 19
[03/30/2022, 04:32:06] estimating time left: 0:01:32.554700

[[-0.30844795 14.4029168  -0.18866863  0.         -0.02250984  0.6272119 ]
 [-1.19276275 -5.29916418 -0.54500776  0.         -0.12698032 -0.14504809]
 [-1.33582304  5.17413247 -0.35064237  0.         -0.12045715 -0.04442372]
 [-1.35828535  5.14135796 -0.41124699  0.         -0.17419464  0.37575013]
 [-0.89254011  4.77588116 -0.3838516   0.         -0.87829116  0.24907624]
 [-1.43923977 -5.09947893 -0.52858054  0.         -0.52157493 -0.08899231]
 [-0.39044329  4.06002456 -0.29145401  0.          1.0213317  -0.09934313]
 [-1.48134541 -5.13198476 -0.39999904  0.          1.01926067 -0.1559986 ]
 [ 8.68893362  7.25963675  0.          0.         -0.40707489  0.25198147]
 [-1.32601    -5.24050546 -0.4996159   0.          0.23080541  0.13107027]]
[03/30/2022, 04:32:54] computing sampling shap 2564:2574 within 48.1058 sec, 4.8696 on average
[03/30/2022, 04:32:54] instances left: 9
[03/30/2022, 04:32:54] estimating time left: 0:00:43.826400

[[-1.36561924 -5.19208717 -0.40130896  0.         -1.19312225  0.1048066 ]
 [-1.34323738 -5.41817155 -0.34282306  0.         -1.2762266  -0.14430122]
 [-0.38908928  3.74699378  0.          0.          0.63849361 -0.01962722]
 [-1.04480569 -5.37377547 -0.477417    0.          0.91394849 -0.16801717]
 [-1.27441439 -5.45794011 -0.28882808  0.         -0.11633551 -0.12932144]
 [-1.39077814 -5.25408305 -0.32118188  0.          0.52703881 -0.13919178]
 [-1.5415448  -4.99335981 -0.42209673  0.         -0.36280142 -0.25125373]
 [-1.28352476 -5.19078306 -0.46627075  0.         -0.57290676  0.22074169]
 [-0.51125204 14.43705696  0.          0.          0.15017464 -0.19894105]
 [ 4.1172376   1.13404954 -0.47525339  0.          0.61616422 -0.07771728]]
[03/30/2022, 04:32:54] finish computing sampling shap for range: [7, 8] within 1753.069793 sec
