Child #[10, 11]: psutil.Process(pid=4651, name='python', status='running', started='03:30:14'), affinity [10, 11]
Child #[10, 11]: Set my affinity to [10, 11], affinity now [10, 11]

[03/30/2022, 04:00:24] start computing sampling shap for range: [6, 8]
[03/30/2022, 04:01:15] computing sampling shap 1845:1855 within 51.2933 sec, 5.1293 on average
[03/30/2022, 04:01:15] instances left: 359
[03/30/2022, 04:01:15] estimating time left: 0:30:41.418700

[[-1.18977942 -5.55653845 -0.33319015  0.          0.6057054  -0.12910855]
 [-1.28663961  4.87736547 -0.18674003  0.         -0.04244853 -0.19134388]
 [-1.19024847 -5.28090386 -0.38860292  0.         -0.65049335 -0.16761813]
 [-0.41427603  4.09565963 -0.16284787  0.          0.15184396  0.31888543]
 [-0.45757373  4.12814635 -0.07802643  0.         -0.31569295 -0.01693955]
 [-1.45630935 -4.97085466 -0.54456874  0.          0.50487106 -0.16779505]
 [-0.56918507  4.08785307  0.          0.          0.87965662 -0.13308867]
 [-1.13877044  5.11757425 -0.54208396  0.         -1.05226906  0.06392328]
 [-1.49871951 -5.41744068 -0.21313618  0.         -0.16590655  0.22047323]
 [-1.55960069 -5.02317528 -0.46178098  0.         -0.375225    0.10669219]]
[03/30/2022, 04:02:03] computing sampling shap 1855:1865 within 48.5465 sec, 4.9921 on average
[03/30/2022, 04:02:03] instances left: 349
[03/30/2022, 04:02:03] estimating time left: 0:29:02.242900

[[-0.61965823  0.99520143  3.05756177  0.         -0.46122263 -0.08211899]
 [-1.15816528 -5.62518245 -0.18772425  0.         -0.34217774 -0.19679019]
 [ 4.12587685  1.09579297 -0.36322469  0.          0.73292928 -0.08863403]
 [-1.30880732  5.02636151 -0.33480846  0.          0.5824709  -0.14416246]
 [-1.32225215 -5.28580607 -0.38473704  0.         -0.52922544 -0.12632065]
 [-1.52893861 -5.24002432 -0.43014188  0.         -0.44941518 -0.09378475]
 [-1.37044039 -5.12512635 -0.52913234  0.         -0.92222209  0.21128539]
 [-0.67715781  4.68113861 -0.50858908  0.         -0.98274714 -0.16063013]
 [-0.5951886   4.11392633 -0.08413555  0.         -0.03260658 -0.01055445]
 [-1.22696331  4.84733928 -0.30465513  0.         -0.19779773 -0.18163542]]
[03/30/2022, 04:02:51] computing sampling shap 1865:1875 within 47.8784 sec, 4.9241 on average
[03/30/2022, 04:02:51] instances left: 339
[03/30/2022, 04:02:51] estimating time left: 0:27:49.269900

[[-0.95402825  4.73368629 -0.28326173  0.          0.4631581  -0.17632099]
 [-1.17412401 -5.25700294 -0.54374864  0.          0.95487745 -0.13006874]
 [ 4.2317707  11.05810804 -0.08608732  0.         -0.47190664  0.82499257]
 [-1.30266101 -5.39724933 -0.33514381  0.          1.01971825 -0.07734722]
 [-1.47396342 -5.23883211 -0.38777278  0.         -0.87755412 -0.08948082]
 [-1.35876297 -5.28156951 -0.45830154  0.         -0.04634159 -0.16398727]
 [-0.16595049  3.89340445 -0.19973746  0.         -0.87259131 -0.19849472]
 [-0.64903093  4.29927206 -0.08149431  0.         -0.10152638 -0.2067564 ]
 [-0.19592406 14.28766534 -0.17334036  0.         -1.18445031 -0.18155633]
 [-0.53458628 14.40101965 -0.08243648  0.         -0.39435479 -0.19789292]]
[03/30/2022, 04:03:40] computing sampling shap 1875:1885 within 49.1917 sec, 4.9229 on average
[03/30/2022, 04:03:40] instances left: 329
[03/30/2022, 04:03:40] estimating time left: 0:26:59.634100

[[-6.93935600e-01 -3.82675372e+00  7.82506944e+00  0.00000000e+00
   9.29796294e-01 -1.05839287e-01]
 [-1.41118458e+00 -5.62566468e+00  0.00000000e+00  0.00000000e+00
  -5.46294583e-01 -1.26853251e-03]
 [ 3.87852735e+00  1.14970241e+00  0.00000000e+00  0.00000000e+00
   7.36895721e-01 -1.70388557e-01]
 [-1.26289754e+00 -5.26045642e+00 -5.32030664e-01  0.00000000e+00
   5.67256375e-01  8.58488138e-02]
 [-1.15378079e+00 -5.27936450e+00 -4.30499667e-01  0.00000000e+00
  -5.12236797e-01  8.42852851e-01]
 [-1.52763127e+00 -5.06701523e+00 -4.67413554e-01  0.00000000e+00
  -3.20865379e-01 -1.41660794e-01]
 [-9.89362739e-01  4.74762655e+00 -3.17039714e-01  0.00000000e+00
   5.70532621e-01 -1.11426496e-01]
 [ 4.66748716e+00  1.07521690e+01  0.00000000e+00  0.00000000e+00
  -4.91469610e-01 -9.45287605e-02]
 [-1.35880586e+00 -5.10955477e+00 -4.56354683e-01  0.00000000e+00
   4.91537503e-01 -1.69733970e-01]
 [-6.15651119e-01  4.34254133e+00 -2.56762737e-01  0.00000000e+00
   5.55212797e-01 -3.61389982e-02]]
[03/30/2022, 04:04:30] computing sampling shap 1885:1895 within 49.2475 sec, 4.9233 on average
[03/30/2022, 04:04:30] instances left: 319
[03/30/2022, 04:04:30] estimating time left: 0:26:10.532700

[[-1.36627822e+00 -5.12327782e+00 -4.60139064e-01  0.00000000e+00
  -1.30911595e+00  5.07818018e-01]
 [-5.24900112e-01  4.18434628e+00 -1.98978363e-01  0.00000000e+00
   9.00505830e-01 -9.57376852e-02]
 [-1.27981438e+00  4.81399153e+00 -8.07665089e-02  0.00000000e+00
   8.52993637e-01 -1.14662307e-03]
 [-1.50888084e+00 -4.92536808e+00 -4.67461062e-01  0.00000000e+00
  -1.21093888e-01  3.96922123e-01]
 [-1.43316985e+00 -5.10995389e+00 -4.51870333e-01  0.00000000e+00
   1.83098150e-01  1.07640074e-01]
 [-1.41066259e+00 -5.09889861e+00 -4.66725854e-01  0.00000000e+00
   9.78821377e-01 -1.52601215e-01]
 [-1.42933175e+00 -5.28396932e+00 -2.76304376e-01  0.00000000e+00
   1.03251352e+00 -1.92974751e-01]
 [-1.09017869e+00 -5.16698156e+00 -7.72323696e-01  0.00000000e+00
  -4.86384782e-01 -1.47475173e-01]
 [-1.18992717e+00  5.06145075e+00 -3.54469431e-01  0.00000000e+00
   4.53333050e-01  6.31095116e-02]
 [-1.42267606e+00 -5.25038826e+00 -3.97888386e-01  0.00000000e+00
  -2.96667964e-01 -1.22277126e-01]]
[03/30/2022, 04:05:19] computing sampling shap 1895:1905 within 49.3369 sec, 4.925 on average
[03/30/2022, 04:05:19] instances left: 309
[03/30/2022, 04:05:19] estimating time left: 0:25:21.825000

[[-1.28524816e+00 -5.24990259e+00 -4.37376363e-01  0.00000000e+00
  -5.50016798e-01 -1.25797575e-01]
 [-5.94069031e-01  4.20360359e+00 -8.13241542e-02  0.00000000e+00
   1.80554020e-01 -1.40179126e-01]
 [-4.70187013e-01  4.07750103e+00 -1.60344557e-01  0.00000000e+00
   9.74823587e-01 -1.15260800e-01]
 [-5.34267859e-01  3.97536839e+00  0.00000000e+00  0.00000000e+00
   2.77559186e-01 -8.31932606e-02]
 [-6.58765815e-01  4.31994754e+00 -1.33001448e-01  0.00000000e+00
  -4.93352900e-01 -2.43842704e-01]
 [ 8.35673480e+00 -3.31710361e+00 -1.68503566e-01  0.00000000e+00
   4.41491393e-03  2.51220111e-01]
 [-1.05022330e+00 -5.41499208e+00 -4.90855177e-01  0.00000000e+00
  -6.65922521e-01  2.82244037e-01]
 [-1.24138838e+00 -5.17945788e+00 -5.71594178e-01  0.00000000e+00
  -5.86012624e-01 -2.25260125e-01]
 [-6.06827947e-01  4.20008139e+00 -8.02983490e-02  0.00000000e+00
   8.50748350e-01 -1.29062345e-01]
 [ 4.18928932e+00  1.03582765e+00 -8.69458905e-02  0.00000000e+00
  -5.76932079e-02 -2.74435929e-02]]
[03/30/2022, 04:06:07] computing sampling shap 1905:1915 within 47.7122 sec, 4.9031 on average
[03/30/2022, 04:06:07] instances left: 299
[03/30/2022, 04:06:07] estimating time left: 0:24:26.026900

[[ 4.48176343 11.15253171 -0.08542671  0.          0.15849967 -0.07653913]
 [-1.3234569  -5.18606053 -0.44752034  0.         -0.18962209 -0.01746526]
 [-1.46654429 -5.13205142 -0.47894872  0.         -0.2710093  -0.06548021]
 [ 4.14858939  0.96122069 -0.1720089   0.          0.80759827 -0.15066253]
 [-1.14933474 -5.47257088 -0.43596027  0.         -0.06640155  0.1631874 ]
 [-1.44194244 -5.25011986 -0.37701847  0.          0.27913425  0.3536214 ]
 [-1.37438494 -5.32544651 -0.22861516  0.          0.54226929  0.10250822]
 [-1.37388817 -5.22011075 -0.44803378  0.         -0.56020848 -0.15388072]
 [-1.49571109 -5.05546073 -0.36109397  0.          0.89244434 -0.04357206]
 [-0.41127824  3.97513336 -0.08207383  0.         -0.27955538 -0.15504426]]
[03/30/2022, 04:06:56] computing sampling shap 1915:1925 within 48.933 sec, 4.9019 on average
[03/30/2022, 04:06:56] instances left: 289
[03/30/2022, 04:06:56] estimating time left: 0:23:36.649100

[[-0.32498062 14.44507784 -0.19780283  0.         -0.44121788  0.44742546]
 [-0.5815889   4.1473787  -0.08271406  0.         -0.24750471  0.40133763]
 [-1.06093818  4.88324228 -0.45564392  0.         -0.5437382  -0.06511425]
 [-1.23066414 -5.3687523  -0.44446289  0.          0.5815586  -0.17233563]
 [-0.46482054  4.01319486  0.          0.         -0.49747632  0.58378733]
 [-1.36810337 -5.20477003 -0.48796025  0.         -1.29321476 -0.24975269]
 [-1.52798249 -5.23352084 -0.19256453  0.         -0.64574203 -0.21393199]
 [-1.30694772 -5.31992891 -0.5410004   0.          0.3090461  -0.03612275]
 [-0.49066806  4.06719209 -0.12993474  0.         -0.37767383 -0.11479166]
 [ 4.22070758  0.86380126 -0.08392886  0.         -0.13596827 -0.14862495]]
[03/30/2022, 04:07:47] computing sampling shap 1925:1935 within 51.2354 sec, 4.9265 on average
[03/30/2022, 04:07:47] instances left: 279
[03/30/2022, 04:07:47] estimating time left: 0:22:54.493500

[[ 8.53728888  6.75818404  0.          0.         -1.49886033  0.04060398]
 [-1.44916958 -5.27487147 -0.29085754  0.         -0.13861129  0.0257908 ]
 [-0.49804382  4.24883615 -0.34858958  0.         -0.01793375 -0.12380501]
 [-1.34754737 -5.37620293 -0.1967336   0.         -1.03611657 -0.20852968]
 [-1.19307101 -5.21506228 -0.5680473   0.         -0.51948446 -0.15267682]
 [-1.4795152  -5.17582951 -0.42412915  0.          1.0804485  -0.15104158]
 [-1.48592649 -5.27626581 -0.26757378  0.          1.01393896 -0.13423985]
 [-1.09292274 -5.50177282 -0.26251865  0.         -1.05247951  0.44961397]
 [-0.51307406  4.16853167 -0.13489129  0.          0.85215624 -0.13808161]
 [-1.20077927 -5.46323699 -0.44467451  0.         -1.27122497 -0.20816436]]
[03/30/2022, 04:08:33] computing sampling shap 1935:1945 within 45.7816 sec, 4.8917 on average
[03/30/2022, 04:08:33] instances left: 269
[03/30/2022, 04:08:33] estimating time left: 0:21:55.867300

[[-1.28202399 -5.23603685 -0.57321177  0.         -0.5250932  -0.15374439]
 [-1.33799074 -5.26085932 -0.41661724  0.          1.026292   -0.10350808]
 [-1.3657011  -4.89337639 -0.80122609  0.         -0.62674039  0.55196502]
 [-1.41260316 -5.3771595  -0.16013228  0.          0.95599458 -0.15616654]
 [-1.3507425  -5.18648629 -0.66273798  0.         -0.21552482  0.43523038]
 [-0.21681929  3.89934398 -0.22915216  0.         -0.19609568  0.15825641]
 [-1.32419711 -5.03499426 -0.58115539  0.         -0.30497489  0.1934389 ]
 [ 4.21405434  1.00295017 -0.25092777  0.          0.3299554   0.11065433]
 [-1.22105773  4.69777771 -0.08392299  0.         -0.04754909 -0.04407723]
 [-1.50482597 -5.00968152 -0.45339224  0.         -0.65654085 -0.10407024]]
[03/30/2022, 04:09:18] computing sampling shap 1945:1955 within 45.0732 sec, 4.8568 on average
[03/30/2022, 04:09:18] instances left: 259
[03/30/2022, 04:09:18] estimating time left: 0:20:57.911200

[[-1.27979121 -5.36514326 -0.35928605  0.         -0.57298569 -0.11376947]
 [-0.53817174  1.02423479  3.07622947  0.          0.50065162 -0.13197651]
 [-1.44212422 -5.06864412 -0.48463691  0.         -0.25982321  0.7883301 ]
 [-1.4205893  -4.94324311 -0.50707616  0.          0.88123153 -0.02961725]
 [-1.37891786 -5.36621992 -0.20809541  0.         -1.16992494  0.72321571]
 [ 4.44113502 10.88883947  0.          0.          0.0300629   0.02678052]
 [-1.26484158 -5.33445495 -0.48425366  0.         -0.27374088 -0.21376579]
 [-1.36893893 -5.22589249 -0.51632332  0.          0.29701607 -0.17997519]
 [-0.23734063 14.41105245 -0.26578797  0.          0.47004787 -0.21141388]
 [-1.38267084 -5.31278943 -0.24975071  0.          0.97200383 -0.17685983]]
[03/30/2022, 04:10:06] computing sampling shap 1955:1965 within 48.2274 sec, 4.854 on average
[03/30/2022, 04:10:06] instances left: 249
[03/30/2022, 04:10:06] estimating time left: 0:20:08.646000

[[-1.40860291 -5.10339102 -0.47133432  0.         -0.15932831  0.01493737]
 [-1.50876595 -5.05485273 -0.4732544   0.         -0.1075885   0.08575449]
 [-0.98849088 -5.53780599 -0.46697112  0.          0.54519702 -0.08904922]
 [-1.2156957   5.05421951 -0.48219885  0.          0.02954934 -0.2156807 ]
 [-0.34180605 14.24788153 -0.12381105  0.          0.88229941 -0.16884345]
 [-0.29869827  4.05508741 -0.17957353  0.         -1.14013247 -0.05728452]
 [-1.36424816 -5.45247577 -0.13535535  0.         -1.06892789 -0.06467477]
 [-1.33311397 -5.50695113 -0.14441106  0.         -0.308344    0.84798107]
 [-1.4586427  -5.36267147 -0.24136654  0.         -1.15681471 -0.07823247]
 [ 4.36317678 10.95351538  0.          0.          0.71510167 -0.15232628]]
[03/30/2022, 04:10:55] computing sampling shap 1965:1975 within 49.2129 sec, 4.8592 on average
[03/30/2022, 04:10:55] instances left: 239
[03/30/2022, 04:10:55] estimating time left: 0:19:21.348800

[[-0.49998211  4.10402783  0.          0.         -1.19683404  0.72134202]
 [-1.41688661 -5.42750673 -0.17067555  0.          0.16637038  0.52120698]
 [-0.7386493   4.52616482 -0.23131693  0.          0.48053024 -0.16970325]
 [-1.34388439  5.07888725 -0.3335307   0.         -0.45634125 -0.24258253]
 [-1.35633086 -5.17322605 -0.53428805  0.         -0.47910786  0.07192521]
 [-1.09953546  4.98203415 -0.45427096  0.          0.92809113 -0.15140411]
 [ 9.21574749 -4.00346686 -0.43661048  0.         -0.59743307 -0.14683435]
 [-1.59913385 -5.41361977  0.          0.         -0.62551605  0.0344499 ]
 [-0.69597649  4.36375107 -0.12932625  0.          0.47980119 -0.03760733]
 [-0.65514941 -3.76179912  7.83513624  0.          0.39074046 -0.16042565]]
[03/30/2022, 04:11:45] computing sampling shap 1975:1985 within 49.4567 sec, 4.8653 on average
[03/30/2022, 04:11:45] instances left: 229
[03/30/2022, 04:11:45] estimating time left: 0:18:34.153700

[[ 8.36207264 -3.12770562 -0.17639466  0.         -0.46885253 -0.16783742]
 [-1.02017945 -5.61607912 -0.38068186  0.         -0.9329389   0.05130562]
 [-1.38021827  4.75605537  0.          0.         -0.38657265  0.09653888]
 [-0.8837949   4.9634988  -0.60878441  0.         -1.09774081  0.28901796]
 [-1.67789535 -5.21000331 -0.2848737   0.         -0.30559512 -0.22633051]
 [-0.544124    4.02953814  0.          0.          0.23179768  0.19119019]
 [-1.44245226 -5.38073113 -0.08543884  0.         -0.83964073 -0.02989028]
 [ 3.9302332   1.1849229  -0.14575612  0.          0.59287536 -0.13003115]
 [-1.2111917  -5.35133083 -0.47406745  0.         -0.30629886 -0.22816784]
 [ 8.55031322 -3.36882729 -0.24372107  0.          0.54497751 -0.12957493]]
[03/30/2022, 04:12:32] computing sampling shap 1985:1995 within 47.4412 sec, 4.8573 on average
[03/30/2022, 04:12:32] instances left: 219
[03/30/2022, 04:12:32] estimating time left: 0:17:43.748700

[[-0.5033011   4.11717075 -0.13366492  0.          0.87079953  0.01318897]
 [-1.17815842 -5.30377869 -0.51699893  0.         -0.92179446  0.1185258 ]
 [-1.37753673 -5.37168964 -0.22768761  0.         -0.25748876  0.59239704]
 [-1.37835454 -5.20384597 -0.40566858  0.          0.1429907  -0.18296124]
 [-1.58361821 -4.97951116 -0.44833356  0.         -0.12896125 -0.04531651]
 [-1.03986125  4.86410447 -0.35336814  0.          0.88456413 -0.18111956]
 [-1.35824689 -5.27832831 -0.43434082  0.         -0.90521776 -0.09146963]
 [ 4.36287528  1.06119832 -0.20756464  0.          0.18503172 -0.17293221]
 [-1.41238915 -4.968482   -0.65844782  0.          0.20439236 -0.19291321]
 [-1.19657115 -5.41056911 -0.36995877  0.          0.1283734  -0.17911394]]
[03/30/2022, 04:13:24] computing sampling shap 1995:2005 within 52.289 sec, 4.8805 on average
[03/30/2022, 04:13:24] instances left: 209
[03/30/2022, 04:13:24] estimating time left: 0:17:00.024500

[[-1.29186859e+00  4.84821642e+00 -1.78619880e-01  0.00000000e+00
  -2.00931616e-01  3.14932070e-02]
 [-1.22582640e+00 -5.24914823e+00 -4.35835733e-01  0.00000000e+00
   9.32089149e-01 -1.71345747e-01]
 [-1.20489611e+00 -5.38145338e+00 -3.53790648e-01  0.00000000e+00
   5.06743218e-01  2.36424150e-01]
 [-1.08863541e+00 -5.32028068e+00 -4.74397389e-01  0.00000000e+00
  -5.89053985e-01  1.78817407e-01]
 [-1.28080155e+00 -5.17559421e+00 -4.67831716e-01  0.00000000e+00
  -1.18546378e+00  3.53992602e-01]
 [-4.98495934e-01  4.20653318e+00 -3.27497881e-01  0.00000000e+00
   9.89485190e-01 -1.35383623e-01]
 [-9.60864524e-01 -5.43569203e+00 -6.61509673e-01  0.00000000e+00
  -8.09063338e-01 -1.16075259e-01]
 [-1.23254173e+00 -5.16303543e+00 -7.07527509e-01  0.00000000e+00
  -9.74009648e-04 -1.62760718e-01]
 [-7.30245941e-01 -3.75329935e+00  7.81150313e+00  0.00000000e+00
   8.96775782e-01  1.59388736e-02]
 [-1.14392665e+00  4.88012395e+00 -3.15018545e-01  0.00000000e+00
  -1.16834968e-01 -3.17315699e-03]]
[03/30/2022, 04:14:14] computing sampling shap 2005:2015 within 49.7573 sec, 4.8861 on average
[03/30/2022, 04:14:14] instances left: 199
[03/30/2022, 04:14:14] estimating time left: 0:16:12.333900

[[-0.92061676  4.95057431 -0.57932289  0.         -0.4805378   0.43001697]
 [-1.31770932  5.09047681 -0.37093747  0.         -0.5289498  -0.17824322]
 [-0.48811295  4.17104211 -0.13870189  0.          0.85706364 -0.16665006]
 [-0.65501281  4.21701142 -0.07696569  0.          0.93238383 -0.15218063]
 [-1.40738555 -5.03400112 -0.50050592  0.          0.47944126 -0.0309491 ]
 [-0.82279778 -3.67700921  7.81569987  0.          0.91149542 -0.1285342 ]
 [-1.46654258 -5.21881038 -0.23809558  0.         -0.86549197 -0.23913711]
 [ 3.87009454  1.16758067  0.          0.          0.47804846 -0.01750649]
 [-1.50827579 -5.43584953 -0.14682148  0.          0.2345547  -0.17144746]
 [-1.53612553 -5.27158533 -0.23547177  0.          0.99625438 -0.08002534]]
[03/30/2022, 04:15:03] computing sampling shap 2015:2025 within 48.5472 sec, 4.8844 on average
[03/30/2022, 04:15:03] instances left: 189
[03/30/2022, 04:15:03] estimating time left: 0:15:23.151600

[[ 3.93633069e+00  1.04309043e+00  0.00000000e+00  0.00000000e+00
   5.64747702e-01 -1.11924267e-01]
 [-1.23099450e+00 -5.25476350e+00 -5.67140216e-01  0.00000000e+00
  -7.38137627e-01  2.99655797e-01]
 [-1.43745154e+00 -5.14665122e+00 -4.10157084e-01  0.00000000e+00
   2.33180875e-01  2.19705629e-01]
 [-1.08465760e+00  5.10894539e+00 -3.89645495e-01  0.00000000e+00
  -1.04173099e+00  2.19584263e-01]
 [-8.17692982e-01 -5.50620098e+00 -6.27827543e-01  0.00000000e+00
   4.86230476e-01  6.32113339e-02]
 [-1.15730830e+00 -5.25184482e+00 -5.62099109e-01  0.00000000e+00
   2.12630013e-01  1.08237926e-01]
 [-1.31983601e+00 -5.17003928e+00 -4.68367219e-01  0.00000000e+00
  -2.55868905e-01  5.43080349e-01]
 [-5.11972056e-01  4.07043303e+00  0.00000000e+00  0.00000000e+00
  -7.56355120e-01  1.54555480e-01]
 [-1.49094544e+00 -5.24490203e+00 -3.38610833e-01  0.00000000e+00
   3.78981338e-03 -2.83055346e-01]
 [ 4.11759173e+00  9.45252370e-01 -8.53512204e-02  0.00000000e+00
   5.25477767e-01  5.18310689e-02]]
[03/30/2022, 04:15:51] computing sampling shap 2025:2035 within 48.5603 sec, 4.8829 on average
[03/30/2022, 04:15:51] instances left: 179
[03/30/2022, 04:15:51] estimating time left: 0:14:34.039100

[[-0.22208535 14.24428019 -0.0751342   0.         -1.16649015  0.46582416]
 [-1.3288066  -5.45874154 -0.36191743  0.          0.30283764 -0.03233725]
 [-0.62131217  4.16000689  0.          0.          0.46597331  0.19544168]
 [-1.11999457 -5.29289436 -0.5396647   0.          0.10661341 -0.18189953]
 [-1.22451944 -5.18708274 -0.54507639  0.          0.49705599 -0.14328909]
 [-1.44477886 -5.21958654 -0.41330224  0.          0.2241312  -0.07937732]
 [-1.03499802  5.0297369  -0.60686082  0.         -0.44922156  0.12536162]
 [-0.61711748  4.2810962  -0.0813034   0.          0.48519832 -0.09721691]
 [-1.37761608 -5.15299632 -0.50766165  0.         -0.51447669  0.11906978]
 [-0.57263918  4.23394334 -0.08438856  0.          0.12153902 -0.12986894]]
[03/30/2022, 04:16:38] computing sampling shap 2035:2045 within 46.7981 sec, 4.8728 on average
[03/30/2022, 04:16:38] instances left: 169
[03/30/2022, 04:16:38] estimating time left: 0:13:43.503200

[[-1.41964183 -5.22238679 -0.4633732   0.         -0.40240223 -0.12780863]
 [-0.90623111 -3.63545248  7.69354862  0.         -0.24084218 -0.0967991 ]
 [ 4.44946085  0.74931228  0.          0.         -0.55255719 -0.08723404]
 [-1.13108842 -5.59894902 -0.25268095  0.          0.53557216 -0.07479989]
 [-0.73054686 -3.69179701  7.75894461  0.          0.11282105 -0.22067316]
 [ 4.23074192  0.74324294  0.          0.          0.47129812  0.24358671]
 [ 3.89340773  1.34062267 -0.14383684  0.         -0.53174797  0.29495268]
 [ 4.49015382 10.97738856  0.          0.         -0.20358498 -0.0762725 ]
 [-1.36477007 -5.30153345 -0.4158169   0.         -0.8702757   0.40768036]
 [-1.28534195  4.92137001 -0.27857578  0.         -0.20247319  0.0533102 ]]
[03/30/2022, 04:17:25] computing sampling shap 2045:2055 within 47.3707 sec, 4.8663 on average
[03/30/2022, 04:17:25] instances left: 159
[03/30/2022, 04:17:25] estimating time left: 0:12:53.741700

[[-1.52757808 -4.82508909 -0.67267507  0.          0.57204742 -0.1249015 ]
 [-0.99506987  4.84749588 -0.42164137  0.          0.86440962 -0.12087398]
 [-0.39896972  3.94788101 -0.13974156  0.         -1.04601056  0.17376709]
 [-1.35613788 -5.2954339  -0.37316569  0.         -0.46693732  0.27938772]
 [-0.47116919 14.30370275  0.          0.         -0.40878153  0.17926983]
 [ 4.10041082  1.09535415 -0.17213771  0.         -0.91925004 -0.19040256]
 [-1.31802914 -5.26997138 -0.49178509  0.         -1.10797878 -0.19157777]
 [-1.37947585 -5.23629036 -0.28591694  0.          0.42855322 -0.12978157]
 [-0.98555562 -3.76487958  8.0057636   0.         -0.27424457  0.52353005]
 [-1.32895154 -5.32031564 -0.41496126  0.         -0.38632565  0.06841424]]
[03/30/2022, 04:18:13] computing sampling shap 2055:2065 within 47.7442 sec, 4.8621 on average
[03/30/2022, 04:18:13] instances left: 149
[03/30/2022, 04:18:13] estimating time left: 0:12:04.452900

[[-1.09491263  4.99570892 -0.50672713  0.         -0.5302098  -0.16922242]
 [-1.57204934 -5.24697343 -0.20099776  0.         -1.21224629 -0.15458584]
 [ 4.3518105   0.79216315  0.          0.         -1.10927089 -0.02680829]
 [ 4.3542869  11.17998684 -0.08548933  0.         -0.24921124 -0.18271291]
 [-1.38060447 -5.10872482 -0.62357231  0.          0.26918123 -0.05254407]
 [-0.57825434  4.39144034 -0.22977394  0.         -0.11395415  0.01486764]
 [ 4.11963766  0.79246731  0.          0.          0.83376344 -0.15113128]
 [-0.65753808  4.38601506 -0.16089056  0.         -1.17218404 -0.01600368]
 [ 4.50249546 10.86154036  0.          0.          0.31609521 -0.1708456 ]
 [ 4.39560839  0.66505314 -0.14655914  0.         -0.45209228  0.05589088]]
[03/30/2022, 04:19:00] computing sampling shap 2065:2075 within 46.8079 sec, 4.8543 on average
[03/30/2022, 04:19:00] instances left: 139
[03/30/2022, 04:19:00] estimating time left: 0:11:14.747700

[[-1.2819975   4.85080876 -0.17961782  0.         -0.47450802  0.47724083]
 [-1.26527418 -5.56552242 -0.3080889   0.          0.64946509 -0.14523589]
 [-1.25863341 -5.32633057 -0.45154946  0.          1.02443971 -0.05767478]
 [-1.55999841 -5.02795814 -0.37291433  0.         -0.52882686 -0.1459148 ]
 [-1.30368408  5.24014671 -0.50594574  0.         -0.41325255  0.10523751]
 [-1.57192642 -5.04013688 -0.53917447  0.         -0.47910833 -0.12577592]
 [-1.33932439 -5.30520503 -0.46409926  0.          0.64576221 -0.17179022]
 [-1.24084924 -5.36538307 -0.26127421  0.          0.45522175 -0.22237191]
 [-0.48901929  3.96542108  0.          0.          0.88282797 -0.12458856]
 [-1.48146575 -5.04620584 -0.45995991  0.          0.99630647 -0.15874207]]
[03/30/2022, 04:19:49] computing sampling shap 2075:2085 within 49.106 sec, 4.8566 on average
[03/30/2022, 04:19:49] instances left: 129
[03/30/2022, 04:19:49] estimating time left: 0:10:26.501400

[[-1.71091416 -5.2468769  -0.20984575  0.         -0.3242801  -0.05616386]
 [-1.54609011 -5.00374958 -0.41507261  0.         -1.24070147 -0.04682656]
 [-1.19796069  4.98165349 -0.47946449  0.          0.65360758 -0.07097145]
 [-0.70823229  4.15139127  0.          0.         -0.71840516  0.26454572]
 [-1.17497471 -5.53880796 -0.30339664  0.         -0.52094749 -0.1387993 ]
 [-1.45905424 -4.95687167 -0.55868622  0.         -0.5143045  -0.01341358]
 [-1.0381582  -5.37685535 -0.51295748  0.          0.92109951 -0.08581157]
 [-1.57228169 -4.9671406  -0.42219304  0.          0.93846168 -0.12691363]
 [ 4.49507799  1.00929745 -0.54934216  0.         -0.47717202  0.03400843]
 [-1.08172999  4.90264835 -0.40176879  0.          0.878098   -0.12292805]]
[03/30/2022, 04:20:39] computing sampling shap 2085:2095 within 49.4687 sec, 4.8602 on average
[03/30/2022, 04:20:39] instances left: 119
[03/30/2022, 04:20:39] estimating time left: 0:09:38.363800

[[ 3.94940663  1.24254825 -0.15102682  0.          0.71517792 -0.16136905]
 [-0.89074515  4.96829266 -0.6082088   0.          0.21137234 -0.09825699]
 [-1.35423641 -5.1674054  -0.42656451  0.          0.13268838 -0.06344735]
 [ 9.02372249  7.03441302  0.          0.          0.18956386 -0.12697152]
 [-1.33114356  4.79571957 -0.08312547  0.          0.26290686  0.16737908]
 [-0.22420056 14.46853904 -0.27005534  0.          0.10619848  0.58749067]
 [-0.36265603 14.27254396  0.          0.          0.48604566 -0.18347924]
 [-1.29178169 -5.1356358  -0.5367601   0.         -0.57017569 -0.22998507]
 [-0.51774838  4.18675504 -0.23711261  0.          0.61499609 -0.14204325]
 [-1.45107569 -5.46039917 -0.07897441  0.         -0.82716982  1.18762278]]
[03/30/2022, 04:21:24] computing sampling shap 2095:2105 within 45.3965 sec, 4.8479 on average
[03/30/2022, 04:21:24] instances left: 109
[03/30/2022, 04:21:24] estimating time left: 0:08:48.421100

[[-1.30287138  5.03942368 -0.37311439  0.         -0.49266449 -0.19720968]
 [-1.59872936 -4.99773545 -0.45992756  0.          0.59862028  0.11166002]
 [-0.70970792 -3.67653846  7.64814337  0.         -0.05815996  0.28782302]
 [ 4.68277491 10.97365079 -0.27553975  0.          0.03080674 -0.13076724]
 [-1.02713095  5.04828175 -0.46734261  0.         -0.5440469   0.16805216]
 [-0.20312399 13.99479806  0.          0.          0.88480368 -0.14718831]
 [-0.97976187  4.82835168 -0.41430835  0.         -0.51995965 -0.22092566]
 [-1.34740115 -5.17186724 -0.4367711   0.         -0.16338857 -0.06631271]
 [-0.54021755  4.32815854 -0.39766922  0.         -0.32406939 -0.19948088]
 [-1.28527499 -5.48833518 -0.23748691  0.          1.02825056 -0.0999399 ]]
[03/30/2022, 04:22:14] computing sampling shap 2105:2115 within 49.8157 sec, 4.8529 on average
[03/30/2022, 04:22:14] instances left: 99
[03/30/2022, 04:22:14] estimating time left: 0:08:00.437100

[[-1.34939161 -5.25500095 -0.32550771  0.          0.94476889 -0.10755174]
 [-1.15784922 -5.32174631 -0.50106128  0.         -0.45434091 -0.26970019]
 [-1.15041921 -5.33056982 -0.57737931  0.          0.59434962 -0.04422291]
 [-1.54265398 -5.16877967 -0.31597729  0.         -1.38473966 -0.19165045]
 [-0.55793919  4.36688648 -0.25788521  0.          0.83840641 -0.12423276]
 [-0.34059105 14.12648653  0.          0.         -0.44523806 -0.14890758]
 [ 4.48611901 11.18641491 -0.14877393  0.          0.19079372 -0.08372483]
 [ 8.70494995  7.60378805 -0.09318018  0.         -0.37038878 -0.08426713]
 [-1.29964089 -5.17346565 -0.49229864  0.          0.96770452 -0.152366  ]
 [-1.38549946 -5.40211806 -0.27753496  0.          0.57738171  0.07019697]]
[03/30/2022, 04:23:01] computing sampling shap 2115:2125 within 47.1999 sec, 4.8481 on average
[03/30/2022, 04:23:01] instances left: 89
[03/30/2022, 04:23:01] estimating time left: 0:07:11.480900

[[-1.22878048  5.22597037 -0.62501422  0.          0.93138471 -0.12924069]
 [-0.5993859   4.32739781 -0.08008451  0.         -0.56501722 -0.21618892]
 [-1.20321242  5.31833773 -0.58588842  0.          0.14975452 -0.09653782]
 [-1.16915749 -5.18734125 -0.61327416  0.         -0.60394902 -0.22603168]
 [-0.47224803  4.29816139 -0.20854298  0.          0.42127234 -0.04944138]
 [ 4.14327534  0.96765406  0.          0.         -0.49939932 -0.13240159]
 [ 4.31149674  0.72515235  0.          0.          0.55611454 -0.12282037]
 [-1.16792202  4.98905839 -0.26799044  0.         -0.61144387 -0.07784866]
 [-1.25923378 -5.52285169 -0.1803345   0.         -0.62691881 -0.15296574]
 [-1.2289305  -5.17201882 -0.46994059  0.          0.85539241 -0.13456951]]
[03/30/2022, 04:23:51] computing sampling shap 2125:2135 within 49.9025 sec, 4.853 on average
[03/30/2022, 04:23:51] instances left: 79
[03/30/2022, 04:23:51] estimating time left: 0:06:23.387000

[[ 4.20725222 11.12207001  0.          0.          0.55837588 -0.12296317]
 [-0.79634886  4.39267377 -0.08135042  0.          0.84746905 -0.12780259]
 [-0.61283953  4.23914583 -0.2273583   0.          0.97348314 -0.1377901 ]
 [ 4.48690746  0.90010778 -0.39135456  0.         -0.23219524 -0.14375664]
 [-0.3422418  14.20580891  0.          0.          0.4978407  -0.11913518]
 [-0.42355046  4.27275522 -0.33533108  0.         -0.44461805  0.19875303]
 [-1.12981425  4.94652996 -0.39605359  0.          0.50424314 -0.02457469]
 [ 4.3051876   0.89098803 -0.20627097  0.         -1.31144732 -0.13189309]
 [-1.52654708 -4.96531932 -0.45551096  0.          0.07594148  0.08699142]
 [ 4.113257    1.03505001 -0.08681536  0.          0.71297356 -0.17972823]]
[03/30/2022, 04:24:38] computing sampling shap 2135:2145 within 46.8894 sec, 4.8476 on average
[03/30/2022, 04:24:38] instances left: 69
[03/30/2022, 04:24:38] estimating time left: 0:05:34.484400

[[-1.29973397  4.9470623  -0.24951482  0.         -0.4718945  -0.23252297]
 [-1.29722748 -5.24186246 -0.43038302  0.          0.96764208 -0.14823622]
 [-0.43435393 14.36223649  0.          0.         -0.45324176  0.09895636]
 [-0.64357982  4.14868298  0.          0.         -0.28867848 -0.14769639]
 [-1.07978198  4.75707958 -0.30713182  0.          0.23678457  0.32049288]
 [-1.1680876  -5.24063056 -0.58490656  0.          0.15473341 -0.18894836]
 [-1.09783624 -5.55109819 -0.43480513  0.          0.30754476 -0.25164455]
 [-0.5112559  -3.84028457  7.76564329  0.          0.8904135  -0.13679965]
 [-0.48250578  4.03029255 -0.08139558  0.         -0.46076033 -0.19399116]
 [ 4.61797214  0.70964995 -0.29254666  0.         -0.22061376  0.06544239]]
[03/30/2022, 04:25:27] computing sampling shap 2145:2155 within 49.4956 sec, 4.8509 on average
[03/30/2022, 04:25:27] instances left: 59
[03/30/2022, 04:25:27] estimating time left: 0:04:46.203100

[[-6.92461297e-01 -3.71091223e+00  7.62907807e+00  0.00000000e+00
   1.93814956e-01 -5.15822483e-03]
 [-2.48165068e-01  6.32680863e+00  7.63767370e+00  0.00000000e+00
  -1.26773362e-01 -1.24539180e-01]
 [-1.16512021e+00 -5.26821659e+00 -4.89972504e-01  0.00000000e+00
  -1.01190668e+00 -1.79764843e-01]
 [-9.58591301e-01 -3.60262846e+00  7.83046939e+00  0.00000000e+00
   5.12526612e-01 -1.89566134e-02]
 [-1.41204209e+00 -4.92986036e+00 -7.61416354e-01  0.00000000e+00
   1.06207312e+00 -1.08821364e-01]
 [-4.33730385e-01  4.41340639e+00 -4.89684077e-01  0.00000000e+00
   4.56034933e-01  2.70221131e-01]
 [-1.37923660e+00 -5.16480258e+00 -5.07452424e-01  0.00000000e+00
   1.05263283e+00 -8.39279597e-02]
 [-1.41641174e+00 -4.92731058e+00 -5.99439371e-01  0.00000000e+00
  -5.45838942e-01 -2.34517832e-01]
 [-1.37237698e+00 -5.15713076e+00 -4.38965214e-01  0.00000000e+00
   1.36817198e-01 -1.37394308e-01]
 [ 3.59810756e+00  9.75725732e+00  2.03671485e+00  0.00000000e+00
  -3.90906331e-01  2.90659672e-01]]
[03/30/2022, 04:26:15] computing sampling shap 2155:2165 within 48.0229 sec, 4.8494 on average
[03/30/2022, 04:26:15] instances left: 49
[03/30/2022, 04:26:15] estimating time left: 0:03:57.620600

[[-1.32608797 -5.12591275 -0.45546182  0.         -1.1404149   0.40290662]
 [-1.26847528 -5.2659252  -0.3381017   0.          0.88861001 -0.08585657]
 [-1.35429176 -4.94643717 -0.60919654  0.         -0.494869    0.02524803]
 [-1.41502331 -5.59046044 -0.0775868   0.         -0.41425982 -0.22618796]
 [ 4.28107239  0.72570594 -0.08675824  0.          0.81031531 -0.13559836]
 [-1.25252478 -5.49124524 -0.32147005  0.          0.20973782 -0.13861178]
 [-1.44524908 -5.12832872 -0.49418969  0.          0.20995546 -0.03845246]
 [-1.39432933 -5.4275639  -0.32156433  0.          0.67790902 -0.02785205]
 [ 4.48373512  1.03011208 -0.55139149  0.         -0.35948052 -0.1951565 ]
 [-1.33572902 -5.13741469 -0.52871928  0.          0.57629421  0.07945636]]
[03/30/2022, 04:27:03] computing sampling shap 2165:2175 within 47.7379 sec, 4.8471 on average
[03/30/2022, 04:27:03] instances left: 39
[03/30/2022, 04:27:03] estimating time left: 0:03:09.036900

[[-0.52237069 14.39544316  0.          0.         -0.46473969  0.06472142]
 [-1.01529994 -3.7414658   7.87789425  0.          1.11195467 -0.06536674]
 [-1.5352135  -5.1207953  -0.36962369  0.          0.58215384 -0.08752821]
 [-1.36506857 -5.38586758 -0.23757164  0.          0.97419147 -0.13575092]
 [-0.66590349  4.54580045 -0.28588871  0.         -0.54941652 -0.11244725]
 [-0.23651733 14.13629067  0.          0.         -0.48983067  0.12792668]
 [-0.39695808 14.54658143 -0.32434385  0.         -0.21333644  0.14613189]
 [-0.38184898  4.21016984 -0.34432461  0.          0.54218726 -0.12133658]
 [ 4.23703492  0.87645977 -0.08667553  0.         -0.29858428 -0.10759334]
 [-1.57241131 -5.12680902 -0.40781904  0.          0.63731849 -0.13319064]]
[03/30/2022, 04:27:52] computing sampling shap 2175:2185 within 48.5935 sec, 4.8474 on average
[03/30/2022, 04:27:52] instances left: 29
[03/30/2022, 04:27:52] estimating time left: 0:02:20.574600

[[-0.56867224  4.14493861 -0.08006842  0.          0.20071241 -0.12832484]
 [ 3.91175067  1.00327713 -0.0906196   0.          0.48408168  0.09964826]
 [-0.32090874  3.76750735  0.          0.          0.90194196 -0.11389911]
 [-0.92084976  4.95584488 -0.51458324  0.          0.47946043 -0.11300795]
 [-0.4491824  14.39216902 -0.08245321  0.         -0.0615195   0.16450037]
 [-1.47591859 -5.3757741  -0.22886366  0.         -0.24833903 -0.16100243]
 [ 4.00451362  1.01316011 -0.15386715  0.          0.90083996 -0.16990911]
 [ 4.06037033  0.81271053  0.          0.          0.86934141 -0.14768546]
 [-1.22821114  4.93733903 -0.29616598  0.          0.55475926 -0.18448776]
 [-1.48401691 -5.27273858 -0.29423995  0.         -0.59027568 -0.02023193]]
[03/30/2022, 04:28:39] computing sampling shap 2185:2195 within 47.0747 sec, 4.8435 on average
[03/30/2022, 04:28:39] instances left: 19
[03/30/2022, 04:28:39] estimating time left: 0:01:32.026500

[[-6.40947010e-01  4.41769527e+00 -2.37078258e-01  0.00000000e+00
  -1.32515519e+00 -7.49501441e-02]
 [-1.40956867e+00 -5.32944748e+00 -2.76698692e-01  0.00000000e+00
   1.46884983e-01 -2.61237137e-02]
 [-1.63956179e-01  3.63746129e+00  0.00000000e+00  0.00000000e+00
  -7.90030398e-01 -1.97861030e-01]
 [-1.27940770e+00 -5.44508152e+00 -3.34821897e-01  0.00000000e+00
  -1.08650268e-01 -1.41001784e-01]
 [-4.43265854e-01  1.42665142e+01  0.00000000e+00  0.00000000e+00
  -4.46365498e-01  4.17306189e-01]
 [-1.38716061e+00 -5.21435927e+00 -4.44100189e-01  0.00000000e+00
  -9.68061718e-01 -1.27290497e-01]
 [-8.10887116e-01 -3.77862015e+00  7.78050718e+00  0.00000000e+00
   6.25424741e-01 -9.56166655e-02]
 [-1.40062800e+00 -5.31515976e+00 -3.89689378e-01  0.00000000e+00
  -4.50122171e-01 -1.31531840e-02]
 [ 3.37900764e+00 -1.18404508e-01  1.83571953e+00  0.00000000e+00
   2.34961798e-01 -5.21194677e-02]
 [-5.91924776e-01  4.01910121e+00  0.00000000e+00  0.00000000e+00
  -1.72933048e-02  8.04355836e-02]]
[03/30/2022, 04:29:29] computing sampling shap 2195:2205 within 50.5552 sec, 4.8494 on average
[03/30/2022, 04:29:29] instances left: 9
[03/30/2022, 04:29:29] estimating time left: 0:00:43.644600

[[-1.63525259 -5.02025808 -0.34813102  0.         -0.10677649 -0.24330632]
 [-1.13043873  4.85732465 -0.35855983  0.          0.9500261  -0.06866112]
 [ 4.13991235  0.77828692  0.          0.          0.43820361 -0.1076254 ]
 [-1.35811437 -5.23789754 -0.33528134  0.          0.90526521 -0.100926  ]
 [ 4.11081792  1.04497301 -0.28105107  0.         -0.81366154 -0.18167317]
 [ 4.02683765  1.66743508 -0.59572551  0.         -0.55195468 -0.21465739]
 [-0.28668355  3.81484548 -0.07955781  0.          0.92248642 -0.13644905]
 [-1.28526288 -5.20626905 -0.48429998  0.          0.12512355  0.03207034]
 [-0.51409322 14.53286488 -0.13658818  0.          0.80031115 -0.18677454]
 [ 8.51254617 -3.36995241 -0.08412713  0.         -0.06256588 -0.07714023]]
[03/30/2022, 04:29:29] finish computing sampling shap for range: [6, 8] within 1745.768937 sec
