

[03/29/2022, 19:13:55] [ale_1w_/Users/yinnnyou/workspace/s2search/pipelining/exp-csdc_csdc_title]
============== start ==============
[03/29/2022, 19:13:55] [ale_1w_/Users/yinnnyou/workspace/s2search/pipelining/exp-csdc_csdc_title_sorting]
get scores for 14754 papers
[03/29/2022, 19:14:08] [ale_1w_/Users/yinnnyou/workspace/s2search/pipelining/exp-csdc_csdc_title_sorting]
task end within 12.584717 sec
[03/29/2022, 19:14:09] [ale_1w_/Users/yinnnyou/workspace/s2search/pipelining/exp-csdc_csdc_title]
get scores for 29508 papers
[03/29/2022, 19:14:30] [ale_1w_/Users/yinnnyou/workspace/s2search/pipelining/exp-csdc_csdc_title]
task end within 20.884818 sec
[03/29/2022, 19:14:30] [ale_1w_/Users/yinnnyou/workspace/s2search/pipelining/exp-csdc_csdc_title]
============== end 44262 ==============


[03/29/2022, 19:14:30] [ale_1w_/Users/yinnnyou/workspace/s2search/pipelining/exp-csdc_csdc_abstract]
============== start ==============
[03/29/2022, 19:14:31] [ale_1w_/Users/yinnnyou/workspace/s2search/pipelining/exp-csdc_csdc_abstract_sorting]
get scores for 14754 papers
[03/29/2022, 19:14:38] [ale_1w_/Users/yinnnyou/workspace/s2search/pipelining/exp-csdc_csdc_abstract_sorting]
task end within 7.719313 sec
[03/29/2022, 19:14:39] [ale_1w_/Users/yinnnyou/workspace/s2search/pipelining/exp-csdc_csdc_abstract]
get scores for 29508 papers
[03/29/2022, 19:14:58] [ale_1w_/Users/yinnnyou/workspace/s2search/pipelining/exp-csdc_csdc_abstract]
task end within 18.795507 sec
[03/29/2022, 19:14:58] [ale_1w_/Users/yinnnyou/workspace/s2search/pipelining/exp-csdc_csdc_abstract]
============== end 44262 ==============


[03/29/2022, 19:14:58] [ale_1w_/Users/yinnnyou/workspace/s2search/pipelining/exp-csdc_csdc_venue]
============== start ==============
[03/29/2022, 19:14:59] [ale_1w_/Users/yinnnyou/workspace/s2search/pipelining/exp-csdc_csdc_venue_sorting]
get scores for 14754 papers
[03/29/2022, 19:15:01] [ale_1w_/Users/yinnnyou/workspace/s2search/pipelining/exp-csdc_csdc_venue_sorting]
task end within 2.501993 sec
[03/29/2022, 19:15:02] [ale_1w_/Users/yinnnyou/workspace/s2search/pipelining/exp-csdc_csdc_venue]
get scores for 29508 papers
[03/29/2022, 19:15:23] [ale_1w_/Users/yinnnyou/workspace/s2search/pipelining/exp-csdc_csdc_venue]
task end within 21.148584 sec
[03/29/2022, 19:15:24] [ale_1w_/Users/yinnnyou/workspace/s2search/pipelining/exp-csdc_csdc_venue]
============== end 44262 ==============


[03/29/2022, 19:15:24] [ale_1w_/Users/yinnnyou/workspace/s2search/pipelining/exp-csdc_csdc_authors]
============== start ==============
[03/29/2022, 19:15:24] [ale_1w_/Users/yinnnyou/workspace/s2search/pipelining/exp-csdc_csdc_authors_sorting]
get scores for 14754 papers
[03/29/2022, 19:15:28] [ale_1w_/Users/yinnnyou/workspace/s2search/pipelining/exp-csdc_csdc_authors_sorting]
task end within 4.073557 sec
[03/29/2022, 19:15:29] [ale_1w_/Users/yinnnyou/workspace/s2search/pipelining/exp-csdc_csdc_authors]
get scores for 29508 papers
[03/29/2022, 19:15:50] [ale_1w_/Users/yinnnyou/workspace/s2search/pipelining/exp-csdc_csdc_authors]
task end within 20.637445 sec
[03/29/2022, 19:15:50] [ale_1w_/Users/yinnnyou/workspace/s2search/pipelining/exp-csdc_csdc_authors]
============== end 44262 ==============


[03/29/2022, 19:15:50] [ale_1w_/Users/yinnnyou/workspace/s2search/pipelining/exp-csdc_csdc_year]
============== start ==============
[03/29/2022, 19:15:51] [ale_1w_/Users/yinnnyou/workspace/s2search/pipelining/exp-csdc_csdc_year]
get scores for 29508 papers
[03/29/2022, 19:16:12] [ale_1w_/Users/yinnnyou/workspace/s2search/pipelining/exp-csdc_csdc_year]
task end within 21.045025 sec
[03/29/2022, 19:16:12] [ale_1w_/Users/yinnnyou/workspace/s2search/pipelining/exp-csdc_csdc_year]
============== end 29508 ==============


[03/29/2022, 19:16:12] [ale_1w_/Users/yinnnyou/workspace/s2search/pipelining/exp-csdc_csdc_n_citations]
============== start ==============
[03/29/2022, 19:16:14] [ale_1w_/Users/yinnnyou/workspace/s2search/pipelining/exp-csdc_csdc_n_citations]
get scores for 29508 papers
[03/29/2022, 19:16:35] [ale_1w_/Users/yinnnyou/workspace/s2search/pipelining/exp-csdc_csdc_n_citations]
task end within 21.009591 sec
[03/29/2022, 19:16:35] [ale_1w_/Users/yinnnyou/workspace/s2search/pipelining/exp-csdc_csdc_n_citations]
============== end 29508 ==============
