

[03/30/2022, 03:56:11] [get categorical paper data for /home/youyinnn_gmail_com/s2search/pipelining/exp-csdc csdc]
============== start ==============
[03/30/2022, 03:56:33] [get categorical paper data for /home/youyinnn_gmail_com/s2search/pipelining/exp-csdc csdc]
============== end 59016 ==============


[03/30/2022, 03:56:33] [sampling shap explainer training for /home/youyinnn_gmail_com/s2search/pipelining/exp-csdc csdc]
============== start ==============
[03/30/2022, 03:56:43] [sampling shap explainer training for /home/youyinnn_gmail_com/s2search/pipelining/exp-csdc csdc]
============== end 11803 ==============


[03/30/2022, 03:56:43] [sampling shap sv computing for /home/youyinnn_gmail_com/s2search/pipelining/exp-csdc csdc]
============== start ==============
instances left: 359
estimating time left: 0:27:13.198700
---- 10:40010
instances left: 349
estimating time left: 0:26:44.248300
---- 20:80020
instances left: 339
estimating time left: 0:26:26.994600
---- 30:120030
instances left: 329
estimating time left: 0:26:11.304000
---- 40:160040
instances left: 319
estimating time left: 0:25:20.896300
---- 50:200050
instances left: 309
estimating time left: 0:24:22.218900
---- 60:240060
instances left: 299
estimating time left: 0:23:25.599000
---- 70:280070
instances left: 289
estimating time left: 0:22:41.999200
---- 80:320080
instances left: 279
estimating time left: 0:22:00.507000
---- 90:360090
instances left: 269
estimating time left: 0:21:15.329000
---- 100:400100
instances left: 259
estimating time left: 0:20:39.030100
---- 110:440110
instances left: 249
estimating time left: 0:19:44.044800
---- 120:480120
instances left: 239
estimating time left: 0:19:05.383600
---- 130:520130
instances left: 229
estimating time left: 0:18:20.528200
---- 140:560140
instances left: 219
estimating time left: 0:17:34.901100
---- 150:600150
instances left: 209
estimating time left: 0:16:44.976500
---- 160:640160
instances left: 199
estimating time left: 0:15:57.190000
---- 170:680170
instances left: 189
estimating time left: 0:15:12.189600
---- 180:720180
instances left: 179
estimating time left: 0:14:23.370700
---- 190:760190
instances left: 169
estimating time left: 0:13:36.422100
---- 200:800200
instances left: 159
estimating time left: 0:12:45.903000
---- 210:840210
instances left: 149
estimating time left: 0:11:57.375400
---- 220:880220
instances left: 139
estimating time left: 0:11:09.285000
---- 230:920230
instances left: 129
estimating time left: 0:10:20.283600
---- 240:960240
instances left: 119
estimating time left: 0:09:32.306700
---- 250:1000250
instances left: 109
estimating time left: 0:08:44.191900
---- 260:1040260
instances left: 99
estimating time left: 0:07:56.774100
---- 270:1080270
instances left: 89
estimating time left: 0:07:08.997800
---- 280:1120280
instances left: 79
estimating time left: 0:06:21.822800
---- 290:1160290
instances left: 69
estimating time left: 0:05:33.932400
---- 300:1200300
instances left: 59
estimating time left: 0:04:45.613100
---- 310:1240310
instances left: 49
estimating time left: 0:03:57.792100
---- 320:1280320
instances left: 39
estimating time left: 0:03:09.754500
---- 330:1320330
instances left: 29
estimating time left: 0:02:21.444600
---- 340:1360340
instances left: 19
estimating time left: 0:01:32.644000
---- 350:1400350
instances left: 9
estimating time left: 0:00:43.988400
---- 360:1440360
[03/30/2022, 04:26:03] [sampling shap sv computing for /home/youyinnn_gmail_com/s2search/pipelining/exp-csdc csdc]
============== end 1440360 ==============


