Child #[2, 3]: psutil.Process(pid=4510, name='python', status='running', started='03:29:56'), affinity [2, 3]
Child #[2, 3]: Set my affinity to [2, 3], affinity now [2, 3]

[03/30/2022, 03:27:08] start computing sampling shap for range: [2, 8]
[03/30/2022, 03:27:55] computing sampling shap 403:413 within 46.554 sec, 4.6554 on average
[03/30/2022, 03:27:55] instances left: 393
[03/30/2022, 03:27:55] estimating time left: 0:30:29.572200

[[-2.23421549e-01 -1.92572306e+00 -4.17340730e+00  0.00000000e+00
   1.69969323e-01  1.07451002e-01]
 [-1.75421461e-01 -5.72564243e-01  1.50596847e+01  0.00000000e+00
   4.96445714e-01 -1.42036379e-02]
 [-1.51754344e-01 -1.71712651e+00 -4.43167723e+00  0.00000000e+00
   6.24941620e-01 -1.78578745e-01]
 [-5.14834553e-01 -1.54008484e+00 -4.26781331e+00  0.00000000e+00
   6.38796110e-01 -1.47145682e-01]
 [-7.47158979e-02  6.78849033e+00  7.78140502e+00  0.00000000e+00
  -6.71000771e-01  6.72979348e-01]
 [-1.56269344e-01 -1.57904990e+00 -4.61718150e+00  0.00000000e+00
  -4.98777034e-01 -1.61813677e-01]
 [ 0.00000000e+00 -1.72935753e+00 -4.62492603e+00  0.00000000e+00
   6.65895551e-01 -1.65806856e-01]
 [-6.29369524e-01 -1.46600898e+00 -4.29954274e+00  0.00000000e+00
  -7.58129045e-01  4.16900735e-01]
 [-4.88495875e-01 -1.65158867e+00 -4.10223886e+00  0.00000000e+00
   5.14699804e-01 -1.03458470e-01]
 [-1.84672416e-02  1.67867794e+01 -2.36294322e+00  0.00000000e+00
   5.62423525e-01 -1.91490555e-01]]
[03/30/2022, 03:28:40] computing sampling shap 413:423 within 45.4808 sec, 4.6018 on average
[03/30/2022, 03:28:40] instances left: 383
[03/30/2022, 03:28:40] estimating time left: 0:29:22.489400

[[-1.84717066e-02 -2.27028811e+00 -4.10174938e+00  0.00000000e+00
  -4.49763340e-01  1.70651367e-01]
 [-6.28578864e-01 -1.34862793e+00 -4.25275169e+00  0.00000000e+00
  -9.40502240e-01 -4.36345633e-02]
 [-6.18886790e-01 -1.51325175e+00 -4.26022300e+00  0.00000000e+00
  -4.82149186e-01 -1.83342144e-01]
 [ 0.00000000e+00  1.64620645e+01 -1.90547227e+00  0.00000000e+00
  -5.09475527e-01 -1.89886629e-01]
 [ 1.00195357e+01  7.71419474e+00 -1.26593433e+00  0.00000000e+00
  -8.98750396e-02 -6.22934231e-03]
 [-3.05434724e-01 -1.23038547e+00 -4.69088355e+00  0.00000000e+00
   5.33698284e-01 -1.38076408e-01]
 [-2.29370973e-01 -1.46968337e+00 -4.64550937e+00  0.00000000e+00
   1.77180191e-01 -1.71401248e-01]
 [-1.50865809e-01 -8.50588172e-01  1.52090443e+01  0.00000000e+00
   5.85571754e-01 -5.58836542e-02]
 [-6.30204458e-02 -1.95634404e+00 -4.42325193e+00  0.00000000e+00
  -1.50832965e-01 -7.97289799e-02]
 [-1.93502978e-01 -1.75014923e+00 -4.47287645e+00  0.00000000e+00
  -1.19036310e-01  2.95172818e-01]]
[03/30/2022, 03:29:24] computing sampling shap 423:433 within 44.1477 sec, 4.5395 on average
[03/30/2022, 03:29:24] instances left: 373
[03/30/2022, 03:29:24] estimating time left: 0:28:13.233500

[[-0.20867717 16.59932848 -1.86854201  0.         -0.19080643  0.07123608]
 [-0.51615902 -1.52413725 -4.3364512   0.         -0.42785245 -0.07884988]
 [-0.06088957 16.48297765 -1.98847981  0.          0.50755525 -0.08642528]
 [-0.0415027  -2.07614725 -4.21026431  0.          0.21507812  0.13014751]
 [-0.27434453 -1.86913279 -4.11748715  0.         -1.0472461  -0.17105505]
 [-0.30844662 -1.78888518 -4.27500428  0.          0.1820455  -0.09203367]
 [-0.0182342  -1.88199113 -4.49149469  0.          0.21580542 -0.10640958]
 [-0.42171965 -1.6366033  -4.23596415  0.          0.13646    -0.04943381]
 [-0.44492015 -1.37572797 -4.58774107  0.          0.23075131 -0.16114695]
 [-0.30428548 -1.54768964 -4.44442898  0.         -0.48503607 -0.10332005]]
[03/30/2022, 03:30:12] computing sampling shap 433:443 within 47.3967 sec, 4.5896 on average
[03/30/2022, 03:30:12] instances left: 363
[03/30/2022, 03:30:12] estimating time left: 0:27:46.024800

[[ 0.         -1.50286243 -4.86473956  0.         -0.1242512   0.40122171]
 [-0.10421707 -0.94198603 15.2039334   0.         -0.06690495  0.05753364]
 [ 0.         -1.99573181 -4.33548185  0.          0.51966213  0.14107295]
 [-0.26225705 -1.70056196 -4.41513809  0.          0.65401925 -0.10714416]
 [-0.39552667 -1.74344253 -4.23739313  0.         -0.99310148 -0.08711136]
 [ 0.          7.3271164   7.11717734  0.          0.48959908 -0.07915484]
 [-0.28672466 -1.8956295  -4.14275486  0.          0.14981787 -0.06084843]
 [-0.13669801 -1.71105659 -4.46166429  0.          0.6032581  -0.14803464]
 [-0.41715477 -1.78314052 -4.14283507  0.          0.16825841 -0.16391302]
 [-0.29096104 -1.65846584 -4.36873255  0.          0.1613979  -0.18202339]]
[03/30/2022, 03:30:56] computing sampling shap 443:453 within 44.0019 sec, 4.5517 on average
[03/30/2022, 03:30:56] instances left: 353
[03/30/2022, 03:30:56] estimating time left: 0:26:46.750100

[[-0.06196605 -1.9312278  -4.37421571  0.         -0.9152541  -0.13145549]
 [-0.02211933 -2.087341   -4.29501558  0.          0.2236313  -0.12619522]
 [-0.0381604  16.61182667 -2.08662879  0.         -0.6031054   0.65226411]
 [-0.03444794 -1.473459   -4.81957802  0.          0.16691211 -0.17821214]
 [-0.15241533 -0.94288747 15.26631037  0.          0.60700532 -0.08406819]
 [-0.3136998  -0.5624812  15.12755567  0.          0.1856827  -0.11453934]
 [-0.57052811 -1.7370732  -3.98377209  0.          0.5731096  -0.07343901]
 [-0.13426601 -1.7955981  -4.55390492  0.          0.31797407 -0.11652917]
 [-0.3684324  -1.69360034 -4.4008386   0.         -0.44592557 -0.02324147]
 [-0.03861294 -1.89597162 -4.38814749  0.         -0.2193786  -0.15613148]]
[03/30/2022, 03:31:40] computing sampling shap 453:463 within 44.1139 sec, 4.5284 on average
[03/30/2022, 03:31:40] instances left: 343
[03/30/2022, 03:31:40] estimating time left: 0:25:53.241200

[[-0.53585792 -1.57270336 -4.21169161  0.          0.14475878 -0.1315459 ]
 [ 0.         -1.80012616 -4.63527476  0.         -0.09952838 -0.03820063]
 [-0.3731853  -1.75974602 -4.4027227   0.         -0.03422052 -0.06716711]
 [-0.13913386 -1.65866057 -4.50091373  0.         -0.73300441 -0.20974795]
 [-0.02346426 -0.97050872 15.17941086  0.          0.60758318 -0.04630068]
 [-0.18738248 16.41234054 -1.75659668  0.         -0.35366041  0.21168599]
 [-0.01828989 -1.84026121 -4.46999561  0.         -0.48994977 -0.06495297]
 [-0.52927349 -1.89151731 -3.85457568  0.         -1.20576326  0.56776859]
 [-0.41457658 -1.59296445 -4.27962172  0.          0.56349085 -0.13052337]
 [-0.06301251 -1.68815807 -4.70333631  0.         -0.79231178 -0.19357381]]
[03/30/2022, 03:32:24] computing sampling shap 463:473 within 44.276 sec, 4.514 on average
[03/30/2022, 03:32:24] instances left: 333
[03/30/2022, 03:32:24] estimating time left: 0:25:03.162000

[[-7.79417033e-02 -2.02113677e+00 -4.32691488e+00  0.00000000e+00
  -1.25831495e-01 -4.21482279e-02]
 [-2.67098962e-01 -8.43833616e-01  1.53488001e+01  0.00000000e+00
  -8.40970845e-02  3.74235055e-01]
 [-2.85484373e-01 -1.65712426e+00 -4.36278134e+00  0.00000000e+00
  -9.20971316e-01 -3.85938391e-02]
 [-3.47303145e-01 -1.77595896e+00 -4.24312857e+00  0.00000000e+00
   2.40792487e-01 -1.10541494e-01]
 [-4.32931872e-01 -1.85321505e+00 -3.85648100e+00  0.00000000e+00
  -1.06768270e+00 -1.27999524e-01]
 [ 0.00000000e+00 -1.89868082e+00 -4.42701253e+00  0.00000000e+00
   1.68116792e-01 -1.81207780e-01]
 [-1.45109287e-01 -7.07051477e-01  1.51659295e+01  0.00000000e+00
  -1.38067996e-01  1.41493712e-01]
 [-2.13352751e-02 -1.79097565e+00 -4.58892881e+00  0.00000000e+00
  -1.78841776e-01  6.95184926e-03]
 [-2.55972923e-01 -7.60124343e-01  1.51951981e+01  0.00000000e+00
  -7.22722148e-01 -1.55943218e-01]
 [-1.40250411e-01 -1.71981297e+00 -4.46301230e+00  0.00000000e+00
   6.10197233e-01 -1.41316840e-01]]
[03/30/2022, 03:33:09] computing sampling shap 473:483 within 45.3434 sec, 4.5166 on average
[03/30/2022, 03:33:09] instances left: 323
[03/30/2022, 03:33:09] estimating time left: 0:24:18.861800

[[-0.30284934 -1.60871707 -4.42803786  0.         -0.49473181 -0.02880831]
 [-0.03586163  7.42824906  7.22782349  0.         -0.46859406  0.29121781]
 [-0.41118138 -1.68274778 -4.19334378  0.         -0.73583203 -0.26482592]
 [ 0.         -1.85295939 -4.37300928  0.          0.42431111  0.20757895]
 [10.01896821  7.86148382 -1.36512898  0.         -0.79118448 -0.07399514]
 [-0.19187929 -1.84623305 -4.38105409  0.          0.68000199 -0.05253796]
 [-0.28942537 -1.59994274 -4.46825057  0.          0.64287343 -0.13945004]
 [-0.3127494  -1.34951912 -4.67911481  0.          0.60922781 -0.12203981]
 [-0.21932143 -1.52029196 -4.52653754  0.          0.09651549 -0.13740457]
 [-0.15420889 -0.61927566 15.08338776  0.          0.20046993  0.13702237]]
[03/30/2022, 03:33:56] computing sampling shap 483:493 within 46.8266 sec, 4.535 on average
[03/30/2022, 03:33:56] instances left: 313
[03/30/2022, 03:33:56] estimating time left: 0:23:39.455000

[[-0.36855622 -1.7892557  -4.20591767  0.         -0.14790946 -0.03937829]
 [-0.17351654 -0.86191197 15.3318462   0.          0.14616903 -0.12006841]
 [-0.29495946 -1.9398626  -4.03224728  0.          0.58860293 -0.15261559]
 [ 0.         16.7159632  -2.30508917  0.          0.54685845 -0.18143023]
 [-0.14548643 -1.41657301 -4.78407128  0.          0.61739331 -0.12545766]
 [-0.61735397 -1.85535377 -3.9435994   0.         -0.10462369 -0.21103734]
 [-0.25894831 -1.38148155 -4.7073267   0.          0.62354254 -0.12998147]
 [-0.23962319 -0.86228303 15.32791457  0.          0.56716081  0.02537177]
 [-0.39147515 -1.6808677  -4.18528706  0.          0.55573977 -0.08981254]
 [-0.15398218 -2.20523541 -3.94270188  0.          0.12065594 -0.10106103]]
[03/30/2022, 03:34:45] computing sampling shap 493:503 within 48.9995 sec, 4.5716 on average
[03/30/2022, 03:34:45] instances left: 303
[03/30/2022, 03:34:45] estimating time left: 0:23:05.194800

[[ 0.         16.49437154 -2.11018266  0.          0.2864663  -0.07177522]
 [ 0.         -1.84893525 -4.58250736  0.         -0.44343991 -0.12443988]
 [-0.16678466 -0.63205198 15.01718931  0.         -0.05174147  0.16331032]
 [-0.05719739 16.6473892  -2.26776771  0.          0.58640834 -0.04672364]
 [ 0.         -1.85711179 -4.5331525   0.          0.69579305 -0.15972391]
 [-0.22149845 -0.56538959 15.08890448  0.          0.21117636  0.20950947]
 [-0.55937578 -1.63741048 -4.17693066  0.         -0.48835867 -0.10889235]
 [-0.15640589 -1.04746815 15.39319401  0.         -0.58657757  0.17248415]
 [-0.15940045 -1.9357089  -4.23829019  0.          0.63500716 -0.1326895 ]
 [-0.03870274 -1.87734743 -4.46841405  0.          0.64689626 -0.0312    ]]
[03/30/2022, 03:35:32] computing sampling shap 503:513 within 46.4806 sec, 4.5785 on average
[03/30/2022, 03:35:32] instances left: 293
[03/30/2022, 03:35:32] estimating time left: 0:22:21.500500

[[-0.295407   -1.28839456 -4.70799592  0.          0.57967366 -0.14207133]
 [ 0.         -1.75496748 -4.69854654  0.          0.28062122 -0.057133  ]
 [-0.29573549 -2.00653375 -4.05669777  0.          0.20386743 -0.08104033]
 [-0.51302623 -1.47838349 -4.51111561  0.          0.30758717 -0.14384682]
 [-0.14784104 -1.74487264 -4.41952415  0.          0.13936195 -0.03438451]
 [-0.19354986 -1.81984507 -4.35341143  0.          0.22577159  0.09590323]
 [-0.0194042  -0.91574119 15.24898469  0.          0.15183841  0.20180975]
 [-0.24201228 -1.89338384 -4.19020276  0.          0.18078692  0.09968041]
 [-0.26557069 -1.51188562 -4.57844465  0.          0.63365675 -0.13195144]
 [-0.14497749 -2.01215648 -4.18761316  0.          0.61594249 -0.10227712]]
[03/30/2022, 03:36:16] computing sampling shap 513:523 within 44.4619 sec, 4.5675 on average
[03/30/2022, 03:36:16] instances left: 283
[03/30/2022, 03:36:16] estimating time left: 0:21:32.602500

[[-0.02173398 -1.8407976  -4.54654003  0.         -0.44560626  0.08415941]
 [-0.15111875 -0.64731111 15.02189126  0.          0.21874583  0.20518805]
 [ 6.43077001  5.34290419  4.69051691  0.         -0.66748928  0.49090617]
 [-0.01757757  7.25137792  7.28648043  0.         -0.44270424 -0.14284008]
 [-0.02101803 -1.63570606 -4.67269355  0.          0.16850507 -0.06005282]
 [ 0.         -1.96367438 -4.31055933  0.         -1.06687156 -0.09656118]
 [-0.30030012 -1.84658229 -4.19287758  0.         -0.46767097  0.36237919]
 [-0.43754882 -2.01920265 -3.79808492  0.          0.0672539  -0.15120242]
 [-0.58617971 -1.69510068 -4.07355132  0.         -1.50893251  0.19867549]
 [-0.42440128 -1.68759682 -4.31686357  0.         -0.35055932  0.4785807 ]]
[03/30/2022, 03:37:01] computing sampling shap 523:533 within 44.6002 sec, 4.5593 on average
[03/30/2022, 03:37:01] instances left: 273
[03/30/2022, 03:37:01] estimating time left: 0:20:44.688900

[[-3.21132618e-01 -1.69450060e+00 -4.36454420e+00  0.00000000e+00
  -9.92879781e-01  6.14900037e-01]
 [-5.94478833e-02 -6.32257617e-01  1.49566668e+01  0.00000000e+00
  -1.24099756e-01  2.98752380e-01]
 [-2.03789688e-01 -1.83847835e+00 -4.26339072e+00  0.00000000e+00
  -1.75819483e-01  2.17899293e-01]
 [-1.37219900e-01 -1.64058466e+00 -4.55414933e+00  0.00000000e+00
   6.24146467e-01 -1.23274380e-01]
 [-4.40058046e-01 -1.72766173e+00 -4.13470751e+00  0.00000000e+00
  -2.29120987e-01 -1.94686386e-02]
 [-1.62435379e-01 -1.65449321e+00 -4.50611225e+00  0.00000000e+00
  -6.35084937e-01 -1.39413950e-02]
 [-2.14960044e-01 -1.27321843e+00  1.56986862e+01  0.00000000e+00
   5.76136875e-01  7.29635389e-03]
 [-1.90668840e-01 -1.54964308e+00 -4.65196982e+00  0.00000000e+00
  -8.49360573e-01  2.30057783e-01]
 [-1.97236891e-02 -7.12169022e-01  1.49983041e+01  0.00000000e+00
   2.50275826e-01  1.42202000e-01]
 [-3.06472035e-01 -9.37701223e-01  1.55576142e+01  0.00000000e+00
   5.01363109e-01 -1.20859542e-01]]
[03/30/2022, 03:37:47] computing sampling shap 533:543 within 45.6737 sec, 4.5598 on average
[03/30/2022, 03:37:47] instances left: 263
[03/30/2022, 03:37:47] estimating time left: 0:19:59.227400

[[-0.13919433 -0.87973146 15.41523644  0.         -0.55454316 -0.04216517]
 [-0.27608253 -1.61735169 -4.40965024  0.          0.59604165 -0.14715275]
 [-0.47194543 -1.67119902 -4.24894606  0.         -0.54872858  0.72057362]
 [-0.02069272 16.5548826  -2.06257922  0.          0.49146132 -0.1463393 ]
 [-0.04434627 -0.95579404 15.1166108   0.         -0.6608589   0.17508212]
 [-0.01830377 -1.48611461 -4.7185348   0.          0.54079707 -0.17203871]
 [ 0.         -0.45830264 14.71452989  0.          0.55157705 -0.07052549]
 [-0.1538091  -2.06622821 -4.12465645  0.          0.64364906 -0.1531505 ]
 [-0.48785282 -1.74176432 -4.00668495  0.          0.52750283 -0.14539643]
 [ 0.         -1.82939039 -4.40324179  0.          0.53303273 -0.15459542]]
[03/30/2022, 03:38:32] computing sampling shap 543:553 within 45.898 sec, 4.5619 on average
[03/30/2022, 03:38:32] instances left: 253
[03/30/2022, 03:38:32] estimating time left: 0:19:14.160700

[[-0.38987702 -1.97223354 -3.94981282  0.         -0.47554936  0.33127433]
 [-0.02043238 16.50180587 -2.01490369  0.         -0.69711782  0.29208603]
 [ 0.         -2.46294092 -3.91569564  0.          0.15410237 -0.0577901 ]
 [-0.03923985  7.33905465  7.28149257  0.         -0.68296145  0.11412206]
 [-0.02211914 16.44796114 -1.99190113  0.          0.20510466 -0.04016565]
 [-0.36386645 -0.50674392 15.04125685  0.         -0.75788653  0.21793325]
 [-0.14860258 -1.81327459 -4.47875396  0.         -0.44390965  0.09622975]
 [-0.02054647 16.69509247 -2.21926978  0.         -0.51143441  0.38807033]
 [-0.27264618 -1.58992406 -4.36415423  0.          0.55457103 -0.18204194]
 [ 0.         16.43646789 -1.98880998  0.         -0.37623356 -0.21419429]]
[03/30/2022, 03:39:18] computing sampling shap 553:563 within 45.6462 sec, 4.562 on average
[03/30/2022, 03:39:18] instances left: 243
[03/30/2022, 03:39:18] estimating time left: 0:18:28.566000

[[-0.27528088 -1.33280176 -4.74001132  0.          0.18736562 -0.17805663]
 [-0.14888305 -1.70633909 -4.55815984  0.         -0.08817353  0.49854667]
 [-0.30805679 -1.88637835 -4.14300106  0.          0.63784246 -0.15460193]
 [-0.19913712 -0.58929759 15.05118607  0.          0.15314577  0.32997548]
 [-0.31748451 -1.73888141 -4.2436143   0.         -0.27287437  0.02183749]
 [-0.31956018 -1.95392574 -4.08053728  0.          0.63408091 -0.13425288]
 [-0.17282278 -1.77954628 -4.40509009  0.         -0.12354689 -0.11427737]
 [-0.29708516 -1.80188534 -4.14775654  0.         -0.33241463  0.02812474]
 [-0.04026952 -1.63190306 -4.80449696  0.         -0.89211187 -0.1541156 ]
 [-0.12930613 -0.95162922 15.31915814  0.          0.57532598 -0.1604993 ]]
[03/30/2022, 03:40:05] computing sampling shap 563:573 within 46.8756 sec, 4.5694 on average
[03/30/2022, 03:40:05] instances left: 233
[03/30/2022, 03:40:05] estimating time left: 0:17:44.670200

[[-0.01923492  7.20225669  7.28842089  0.          0.48734176 -0.1824825 ]
 [-0.25274669 -0.45768036 14.99130332  0.         -0.41340102  0.50020677]
 [19.15721125 -0.75680139 -1.97252764  0.         -0.54133836  0.21144412]
 [-0.03901947 -0.77580175 15.19960318  0.         -0.26304036 -0.04499519]
 [-0.17180236 -1.63121948 -4.57660631  0.         -0.65157993 -0.03497739]
 [-0.14210729 -1.82699205 -4.32430198  0.          0.60709716 -0.16789111]
 [-0.33144824 -1.37662979 -4.54679758  0.          0.51733005 -0.02486668]
 [-0.52896631 -1.64500926 -4.13386913  0.         -0.23079333 -0.05533549]
 [-0.16133806 -1.84898614 -4.32889034  0.          0.19239222  0.03022927]
 [-0.39895024 -1.59920008 -4.19551633  0.         -0.62088066  0.05682079]]
[03/30/2022, 03:40:48] computing sampling shap 573:583 within 43.4547 sec, 4.557 on average
[03/30/2022, 03:40:48] instances left: 223
[03/30/2022, 03:40:48] estimating time left: 0:16:56.211000

[[-1.67211097e-01 -1.69640813e+00 -4.46108654e+00  0.00000000e+00
   6.05807074e-01 -1.12183371e-01]
 [ 1.92425036e+01 -7.89562718e-01 -2.14869375e+00  0.00000000e+00
   4.29375792e-01 -1.12044856e-01]
 [-5.90891321e-02 -9.76209161e-01  1.52298243e+01  0.00000000e+00
   2.32639112e-01 -1.41326400e-01]
 [-4.52574424e-01 -1.67124663e+00 -4.21043032e+00  0.00000000e+00
   5.52542869e-01  1.20306414e-01]
 [-3.69152833e-01 -1.76952179e+00 -4.11767505e+00  0.00000000e+00
   5.41262796e-01 -1.39108574e-01]
 [-1.42228289e-01 -8.85772737e-01  1.51577431e+01  0.00000000e+00
   6.68390588e-01 -4.19159822e-03]
 [ 0.00000000e+00 -7.15343606e-01  1.49587578e+01  0.00000000e+00
   5.64090382e-01 -1.13559521e-01]
 [-2.76184397e-01 -1.71865521e+00 -4.32447559e+00  0.00000000e+00
   5.91123456e-01 -1.26003593e-01]
 [-1.85164522e-02 -2.01638826e+00 -4.31115663e+00  0.00000000e+00
  -9.36700702e-01 -2.40135109e-01]
 [-1.37789609e-01 -9.84629036e-01  1.53870804e+01  0.00000000e+00
  -1.70919200e-01 -6.10216879e-02]]
[03/30/2022, 03:41:33] computing sampling shap 583:593 within 44.431 sec, 4.551 on average
[03/30/2022, 03:41:33] instances left: 213
[03/30/2022, 03:41:33] estimating time left: 0:16:09.363000

[[-4.22280546e-02 -5.13812277e-01  1.48863274e+01  0.00000000e+00
  -6.92021112e-01  1.05393650e-01]
 [-3.85634990e-01 -2.15868473e+00 -3.83549724e+00  0.00000000e+00
   2.16832076e-01 -1.75800280e-01]
 [ 0.00000000e+00 -6.27402422e-01  1.48545700e+01  0.00000000e+00
   1.80885951e-01  8.22441268e-05]
 [-2.54672785e-01 -1.62796417e+00 -4.46005102e+00  0.00000000e+00
  -1.45009881e+00  1.96904751e-02]
 [-2.96907582e-01 -1.49663627e+00 -4.48222727e+00  0.00000000e+00
  -2.96948825e-01 -1.25522786e-01]
 [-1.51004420e-01 -6.27630070e-01  1.51690731e+01  0.00000000e+00
  -1.41730643e+00  1.08900349e+00]
 [-5.19853138e-02 -1.50679116e+00 -4.82111351e+00  0.00000000e+00
   6.44406511e-01 -1.18711528e-01]
 [-1.54841702e-01  1.66445000e+01 -1.99195635e+00  0.00000000e+00
  -7.43275353e-01  4.83553284e-01]
 [-1.66251416e-01 -1.68119435e+00 -4.51511926e+00  0.00000000e+00
   2.12570581e-01 -4.24252452e-02]
 [-5.98689993e-02 -8.03057422e-01  1.50441176e+01  0.00000000e+00
  -1.10487483e-01 -2.34806132e-02]]
[03/30/2022, 03:42:20] computing sampling shap 593:603 within 47.3495 sec, 4.5602 on average
[03/30/2022, 03:42:20] instances left: 203
[03/30/2022, 03:42:20] estimating time left: 0:15:25.720600

[[-1.92393278e-02 -8.58863650e-01  1.50670056e+01  0.00000000e+00
   5.96453040e-01 -1.32306098e-01]
 [-6.18442843e-02 -1.11392575e-02  1.42995795e+01  0.00000000e+00
   5.99967939e-01 -1.73513161e-01]
 [-1.91179177e-02 -1.84865550e+00 -4.52429807e+00  0.00000000e+00
   6.85158785e-01 -1.47282546e-01]
 [-4.12700626e-01 -1.67504250e+00 -4.28868102e+00  0.00000000e+00
   6.89434287e-01 -1.44092216e-01]
 [-3.63614564e-01 -1.66419130e+00 -4.33882428e+00  0.00000000e+00
   6.50005689e-01 -7.50781744e-02]
 [-1.53308614e-01 -1.65717715e+00 -4.49120080e+00  0.00000000e+00
   1.16317688e-01 -2.18919315e-02]
 [-6.15311298e-02 -7.94947161e-01  1.51125720e+01  0.00000000e+00
  -1.53004268e-01 -7.03687232e-02]
 [-5.72200287e-02 -1.77691278e+00 -4.43503017e+00  0.00000000e+00
  -2.86133271e-01 -1.76671491e-01]
 [-1.52814910e-01 -1.66315038e+00 -4.56735142e+00  0.00000000e+00
  -9.21735430e-01 -9.59577320e-02]
 [-2.96019028e-01 -1.47925213e+00 -4.68748956e+00  0.00000000e+00
   7.21485062e-01 -1.12919802e-01]]
[03/30/2022, 03:43:08] computing sampling shap 603:613 within 47.951 sec, 4.5714 on average
[03/30/2022, 03:43:08] instances left: 193
[03/30/2022, 03:43:08] estimating time left: 0:14:42.280200

[[-1.96138139e-02 -1.83676287e+00 -4.47427187e+00  0.00000000e+00
  -4.77777517e-01  2.93313090e-01]
 [ 0.00000000e+00 -2.09308773e+00 -4.18523856e+00  0.00000000e+00
   5.61071502e-01 -1.13827166e-01]
 [-2.65866565e-01 -1.71940872e+00 -4.29076932e+00  0.00000000e+00
   6.09652451e-01 -1.64690121e-01]
 [-2.19820195e-02 -6.39895763e-01  1.48613391e+01  0.00000000e+00
  -5.71957513e-01  2.61277187e-01]
 [-1.56804023e-01 -9.51763345e-01  1.53012825e+01  0.00000000e+00
   2.04067494e-01 -3.23240024e-03]
 [-3.80023325e-02  1.68368249e+01 -2.26238057e+00  0.00000000e+00
  -7.18671881e-01 -1.94633535e-01]
 [-5.78692322e-02 -3.21811043e-01  1.46022549e+01  0.00000000e+00
   6.07211737e-01 -9.25070950e-02]
 [-2.08864204e-02  1.66862197e+01 -2.30784809e+00  0.00000000e+00
   5.63158674e-01 -6.59057573e-02]
 [-5.28514814e-01 -1.84387876e+00 -4.11311886e+00  0.00000000e+00
   7.90896603e-01 -1.59579475e-01]
 [-3.09428170e-01 -1.59815354e+00 -4.40060162e+00  0.00000000e+00
   5.72150604e-01 -1.18162390e-01]]
[03/30/2022, 03:43:54] computing sampling shap 613:623 within 45.6727 sec, 4.5712 on average
[03/30/2022, 03:43:54] instances left: 183
[03/30/2022, 03:43:54] estimating time left: 0:13:56.529600

[[-0.13072005 -1.86444503 -4.22934525  0.          0.52703535 -0.13360706]
 [-0.60941813 -1.70595404 -4.04067683  0.         -0.75499365  0.79482295]
 [-0.29739723 -2.04438018 -4.04262109  0.          0.24894602 -0.08551315]
 [-0.29524076 -1.89700259 -4.11320037  0.          0.65454946 -0.20330107]
 [-0.28120261 -1.85941921 -4.19719056  0.          0.5941134  -0.11049625]
 [-0.03621035 -1.87107367 -4.44597184  0.          0.65192464 -0.15286372]
 [-0.03997791 -1.93966506 -4.3977163   0.          0.22286752 -0.08164791]
 [-0.03980007 -0.896762   15.26120285  0.          0.49851518 -0.08587755]
 [-0.03743993 -0.83180405 15.07634418  0.          0.63311826 -0.09349763]
 [-0.29444521 -1.60026803 -4.38989866  0.          0.57001388 -0.13959728]]
[03/30/2022, 03:44:41] computing sampling shap 623:633 within 47.5205 sec, 4.5791 on average
[03/30/2022, 03:44:41] instances left: 173
[03/30/2022, 03:44:41] estimating time left: 0:13:12.184300

[[-2.31578956e-02 -8.48570015e-01  1.51381103e+01  0.00000000e+00
  -6.62750375e-01  3.02647453e-02]
 [-4.09311284e-02  7.41450865e+00  7.25020479e+00  0.00000000e+00
  -4.90820282e-01  3.29923147e-01]
 [-3.83515616e-01 -1.69511704e+00 -4.30752648e+00  0.00000000e+00
   6.68336871e-01 -1.36373020e-01]
 [-5.11401606e-01 -1.81290682e+00 -4.09089615e+00  0.00000000e+00
   6.97875267e-01 -1.36865795e-01]
 [-1.76345357e-01 -1.92903984e+00 -4.33102159e+00  0.00000000e+00
  -4.03271104e-01 -1.03833160e-02]
 [ 0.00000000e+00 -1.80160885e+00 -4.44443736e+00  0.00000000e+00
   5.27825903e-01 -1.12861348e-01]
 [-1.54186799e-01 -1.70168189e+00 -4.55424390e+00  0.00000000e+00
   6.87453808e-01 -1.31536534e-01]
 [-6.69870423e-01 -1.41121540e+00 -4.18683861e+00  0.00000000e+00
  -7.47968430e-01 -1.90879607e-01]
 [-2.82977181e-01 -1.97754871e+00 -4.11828639e+00  0.00000000e+00
   2.36208200e-01  9.74726930e-02]
 [-1.81853195e-02  7.49827627e+00  7.06246460e+00  0.00000000e+00
  -1.63463748e-01  3.27684336e-01]]
[03/30/2022, 03:45:30] computing sampling shap 633:643 within 48.4719 sec, 4.5903 on average
[03/30/2022, 03:45:30] instances left: 163
[03/30/2022, 03:45:30] estimating time left: 0:12:28.218900

[[-3.73911359e-02 -7.62087529e-01  1.50799532e+01  0.00000000e+00
   5.42421130e-01 -8.43834975e-02]
 [ 0.00000000e+00 -9.61780816e-01  1.51356306e+01  0.00000000e+00
   6.54682115e-01 -1.75482222e-01]
 [-2.20883693e-01 -1.78471183e+00 -4.38702775e+00  0.00000000e+00
  -1.70220046e-01 -1.10334941e-01]
 [-1.46023623e-01 -1.96096126e+00 -4.23688014e+00  0.00000000e+00
   6.80509443e-01 -1.90839516e-01]
 [-2.18225299e-02  1.71550634e+01 -2.61714789e+00  0.00000000e+00
  -1.79854271e-01 -4.31455553e-03]
 [-7.22147129e-01 -1.94510595e+00 -3.84679181e+00  0.00000000e+00
  -7.73107704e-02 -3.92755042e-03]
 [-3.02715462e-01 -1.84583277e+00 -4.20141263e+00  0.00000000e+00
  -1.96128543e-01 -1.85878518e-01]
 [ 0.00000000e+00 -1.40588324e-01  1.44360532e+01  0.00000000e+00
   4.91729922e-01  4.19613313e-02]
 [-7.04351080e-02  1.68489194e+01 -2.21929854e+00  0.00000000e+00
  -1.72482950e+00 -1.03800059e-01]
 [-6.08552405e-02 -7.51653173e-01  1.51785072e+01  0.00000000e+00
  -5.19172575e-01 -6.26994757e-02]]
[03/30/2022, 03:46:19] computing sampling shap 643:653 within 49.1999 sec, 4.6035 on average
[03/30/2022, 03:46:19] instances left: 153
[03/30/2022, 03:46:19] estimating time left: 0:11:44.335500

[[-0.16855801 -1.05050155 15.51369252  0.          0.2135623   0.28070954]
 [-0.31738858 -1.54241357 -4.51614037  0.         -0.1505842  -0.17171515]
 [10.13494365  7.91485893 -1.57149107  0.         -1.21980839 -0.06025894]
 [-0.31254618 -1.85569005 -4.15872656  0.          0.65011354 -0.1773461 ]
 [-0.020121   -1.01504787 15.24795101  0.          0.20016191 -0.17346704]
 [-0.03560871 16.56688137 -2.00455367  0.         -0.42846835  0.54667125]
 [-0.01905665 -0.84839645 15.0934208   0.          0.60910112 -0.14112351]
 [-0.0559953  -0.82841425 15.10074274  0.          0.57396677 -0.05302144]
 [-0.31452838 -1.71138204 -4.33495055  0.         -0.12273438  0.58015159]
 [-0.4772244  -1.37680422 -4.48603117  0.          0.6292223  -0.0808647 ]]
[03/30/2022, 03:47:04] computing sampling shap 653:663 within 45.1215 sec, 4.6 on average
[03/30/2022, 03:47:04] instances left: 143
[03/30/2022, 03:47:04] estimating time left: 0:10:57.800000

[[-0.27270818 -1.78561188 -4.33198044  0.          0.23596448 -0.18444894]
 [-0.31726301 16.80324737 -2.02746432  0.         -0.59979004 -0.12560944]
 [-0.32010981 -2.11185628 -3.973632    0.         -0.41714274  0.30762843]
 [-0.36098947 -1.27045798 -4.82818107  0.         -0.41068918 -0.10064985]
 [-0.37762346 -2.12559279 -3.99208716  0.         -0.34602547  0.08360271]
 [-0.62613826 -1.33768736 -4.31697703  0.         -0.26056527 -0.05260527]
 [-0.24297523 -1.852732   -4.21668025  0.          0.5813065  -0.03133155]
 [-0.14271408 -1.8120971  -4.35844545  0.         -0.49242169  0.01736767]
 [-0.5958989  -1.7653585  -3.92537327  0.         -0.45327958  0.29485856]
 [-0.3142842  -1.64213724 -4.43436928  0.          0.74140882 -0.19813434]]
[03/30/2022, 03:47:50] computing sampling shap 663:673 within 46.0627 sec, 4.6002 on average
[03/30/2022, 03:47:50] instances left: 133
[03/30/2022, 03:47:50] estimating time left: 0:10:11.826600

[[ 0.         -1.32845238 -5.02277841  0.         -0.67906306 -0.03589142]
 [-0.03563361 -2.10945939 -4.18928368  0.          0.64929911 -0.10662465]
 [-0.01827337  7.35503444  7.17515684  0.          0.14135488 -0.0459084 ]
 [-0.47971403 -1.66711811 -4.16944891  0.         -0.87214503  0.16357124]
 [-0.14046041 -2.12223908 -4.16222011  0.         -0.10067335  0.27311036]
 [-0.29836636 -1.58809644 -4.47448072  0.          0.18725418 -0.04727581]
 [-0.03872829 -1.80544364 -4.51516302  0.         -1.1214988   0.27820025]
 [ 0.         -2.1434235  -4.15841448  0.          0.13239478  0.05285023]
 [-0.04415501 -1.03940435 15.30296785  0.         -0.11801803 -0.06866954]
 [-0.01938627 -2.0893845  -4.20611111  0.          0.59490954 -0.13422292]]
[03/30/2022, 03:48:40] computing sampling shap 673:683 within 49.9862 sec, 4.6145 on average
[03/30/2022, 03:48:40] instances left: 123
[03/30/2022, 03:48:40] estimating time left: 0:09:27.583500

[[-5.71868341e-02 -1.77302033e+00 -4.51214594e+00  0.00000000e+00
   6.58616059e-01 -1.07965491e-01]
 [-1.56209887e-01 -1.74564261e+00 -4.42503656e+00  0.00000000e+00
   6.53145001e-01 -1.80451208e-01]
 [-1.53721445e-01 -1.68764727e+00 -4.42920273e+00  0.00000000e+00
   5.31833896e-01 -1.15457380e-01]
 [-4.21782342e-02 -6.56134197e-01  1.49000107e+01  0.00000000e+00
  -6.48018354e-01 -4.79809633e-02]
 [-3.77453097e-01 -5.31364864e-01  1.52103303e+01  0.00000000e+00
  -7.54782298e-01  3.22577819e-01]
 [-2.22858293e-01 -2.10726754e+00 -4.04712483e+00  0.00000000e+00
  -8.23847673e-01 -2.39294143e-01]
 [-3.58327099e-01 -1.84494000e+00 -4.13786579e+00  0.00000000e+00
  -1.37219920e-01  7.30221444e-02]
 [-1.58794230e-01 -2.04960323e+00 -4.14931977e+00  0.00000000e+00
  -6.46466633e-01 -8.46302921e-03]
 [-7.58944017e-02 -7.12264307e-01  1.50255174e+01  0.00000000e+00
   5.49187463e-01 -3.37884542e-02]
 [-4.17121446e-01 -1.55344562e+00 -4.29707225e+00  0.00000000e+00
  -1.33513612e+00 -1.90431861e-01]]
[03/30/2022, 03:49:26] computing sampling shap 683:693 within 45.5815 sec, 4.6125 on average
[03/30/2022, 03:49:26] instances left: 113
[03/30/2022, 03:49:26] estimating time left: 0:08:41.212500

[[-0.01814768 -1.81604376 -4.48956396  0.          0.18169358 -0.16497817]
 [-0.16008878 -1.76129352 -4.34376966  0.          0.58601168 -0.15194212]
 [-0.06004326 -1.80095867 -4.49653185  0.         -0.15541444  0.02948531]
 [-0.30163263 -2.1771216  -3.80562046  0.         -0.83085059  0.70521013]
 [ 0.         -1.97632227 -4.33554806  0.         -0.72887007  0.16780365]
 [ 0.         -1.45539569 -4.91113406  0.          0.18700617  0.52475059]
 [-0.15336582 -2.08394865 -4.08891361  0.         -0.89332792  0.31395342]
 [-0.08310748 16.40272789 -1.83664055  0.         -0.14650751 -0.19098702]
 [-0.19334467 -0.80948024 15.23582588  0.          0.55781912 -0.0968753 ]
 [ 9.64265408 -0.54638898  7.21681246  0.         -0.12989587  0.40195539]]
[03/30/2022, 03:50:13] computing sampling shap 693:703 within 47.4516 sec, 4.6169 on average
[03/30/2022, 03:50:13] instances left: 103
[03/30/2022, 03:50:13] estimating time left: 0:07:55.540700

[[ 0.         -1.85086465 -4.51359024  0.          0.1953411  -0.0609122 ]
 [-0.17696235 16.83087073 -2.23601352  0.          0.53403032 -0.17562264]
 [-0.13071702 -1.96651247 -4.27898455  0.          0.19803686 -0.10414743]
 [ 0.         -0.95266255 15.17715076  0.         -0.18875937 -0.13682776]
 [-0.02146936 -0.63010015 14.89427585  0.          0.59951999 -0.10371415]
 [-0.01849955 -0.67652425 15.01403758  0.         -0.47537003  0.9519243 ]
 [ 0.         -1.722692   -4.63676188  0.         -0.80534018  0.35324805]
 [-0.03593458 -1.705665   -4.56575806  0.          0.56049013 -0.03493836]
 [-0.5789048  -1.64873298 -4.05475209  0.          0.56867668 -0.14048227]
 [-0.1606725  -1.62320203 -4.57245426  0.         -0.75876514  0.48699172]]
[03/30/2022, 03:50:57] computing sampling shap 703:713 within 43.6918 sec, 4.609 on average
[03/30/2022, 03:50:57] instances left: 93
[03/30/2022, 03:50:57] estimating time left: 0:07:08.637000

[[ 0.00000000e+00 -1.75132600e+00 -4.60734279e+00  0.00000000e+00
  -4.88591588e-01 -2.80038292e-03]
 [ 0.00000000e+00 -1.50270770e+00 -4.79334635e+00  0.00000000e+00
  -5.09020877e-01 -7.96852525e-02]
 [ 0.00000000e+00 -5.57044606e-01  1.48719309e+01  0.00000000e+00
  -5.87000876e-01 -1.84159655e-01]
 [ 0.00000000e+00 -1.97990872e+00 -4.38832197e+00  0.00000000e+00
  -1.70630069e-01 -9.81808965e-02]
 [-2.09364530e-02 -4.70934170e-01  1.47334252e+01  0.00000000e+00
   1.91484803e-01 -1.10520854e-01]
 [-1.44405985e-01 -1.85734702e+00 -4.25114480e+00  0.00000000e+00
  -1.48934925e+00  4.94981816e-01]
 [ 1.96151510e+01 -7.58861229e-01 -2.38868827e+00  0.00000000e+00
  -3.78035463e-01 -5.74134343e-02]
 [-4.29256858e-02 -7.12617510e-01  1.49385982e+01  0.00000000e+00
   2.39942662e-01 -2.94463860e-02]
 [-4.28697926e-01 -1.68263463e+00 -4.17129980e+00  0.00000000e+00
  -1.28395009e+00 -1.32985636e-01]
 [-5.61421811e-02 -5.49648569e-01  1.49189795e+01  0.00000000e+00
  -4.07703074e-01  4.63489064e-01]]
[03/30/2022, 03:51:41] computing sampling shap 713:723 within 44.1738 sec, 4.603 on average
[03/30/2022, 03:51:41] instances left: 83
[03/30/2022, 03:51:41] estimating time left: 0:06:22.049000

[[-0.29704821 -1.84170962 -4.11968211  0.          0.53796542 -0.04829341]
 [-0.02190593 -1.98500622 -4.39487509  0.          0.6560614  -0.04597649]
 [-0.03874034 -1.81445297 -4.55005915  0.         -0.09618595  0.23585972]
 [-0.48197417 -1.6439185  -4.25928893  0.         -0.44042823  0.22989963]
 [ 0.         -1.96961858 -4.51456492  0.         -0.38225424 -0.06560026]
 [ 0.         -0.84575819 15.0428213   0.          0.57228572 -0.03083644]
 [-0.34579693 -1.87060558 -4.27634391  0.         -0.91995662 -0.02768169]
 [-0.22034662 -1.80643774 -4.13204583  0.          0.53592904 -0.23129447]
 [-0.29475344 -1.70575678 -4.29420425  0.          0.59266757 -0.12903479]
 [-0.3512353  -1.96839374 -4.13088926  0.          0.31084288 -0.16736481]]
[03/30/2022, 03:52:30] computing sampling shap 723:733 within 49.1357 sec, 4.6124 on average
[03/30/2022, 03:52:30] instances left: 73
[03/30/2022, 03:52:30] estimating time left: 0:05:36.705200

[[-0.02012155 -1.8696096  -4.45006335  0.         -0.21008711 -0.04409174]
 [-0.27993455 -1.46478781 -4.64560801  0.         -0.43266721 -0.06045205]
 [-0.0547054  -0.31149947 14.55486493  0.          0.59647397 -0.13208393]
 [-0.05750191 -0.45608168 14.77078881  0.          0.57974891 -0.14300893]
 [-0.15567039 16.90817764 -2.28289016  0.         -0.81106464 -0.22935542]
 [-0.02214546 -1.95009899 -4.38801604  0.          0.62062698 -0.11456201]
 [ 0.         -1.86973309 -4.44769203  0.          0.61702681 -0.15379725]
 [-0.10375873 -0.98563995 15.29843986  0.         -0.09541105  0.14091468]
 [ 0.         -1.85662403 -4.41937325  0.          0.57089646 -0.1259813 ]
 [-0.2635122  -1.83672607 -4.27405705  0.         -0.72675129  0.47294399]]
[03/30/2022, 03:53:16] computing sampling shap 733:743 within 45.6233 sec, 4.6109 on average
[03/30/2022, 03:53:16] instances left: 63
[03/30/2022, 03:53:16] estimating time left: 0:04:50.486700

[[-0.51767525 -1.39578356 -4.41189367  0.          0.17106802 -0.07574171]
 [-0.01716075  7.49093756  7.04707328  0.         -0.59617298  0.10708866]
 [ 0.         -1.80411266 -4.57424509  0.         -0.14643023  0.5280422 ]
 [-0.42456726 -1.63205071 -4.21482235  0.         -1.62774016 -0.114592  ]
 [-0.58678245 -1.57113865 -4.24516235  0.          0.20651368  0.45612101]
 [-0.15586644 -1.84789243 -4.36146893  0.          0.65351575 -0.07999037]
 [-0.14126669 -0.58896858 14.9556572   0.          0.57856546 -0.05122948]
 [ 0.         -1.97779236 -4.31152152  0.         -1.43897334  0.50013564]
 [-0.22962901 -1.72451949 -4.41232431  0.         -0.52429983 -0.08019554]
 [-0.17253806 -0.80244212 15.2445066   0.          0.56738452 -0.18386236]]
[03/30/2022, 03:54:03] computing sampling shap 743:753 within 47.0931 sec, 4.6137 on average
[03/30/2022, 03:54:03] instances left: 53
[03/30/2022, 03:54:03] estimating time left: 0:04:04.526100

[[-0.21747012 -1.82992532 -4.30196501  0.          0.65272596 -0.15756076]
 [-0.01847069 -1.74118787 -4.5949704   0.          0.65272693 -0.15229339]
 [-0.0445002  -0.30253278 14.67488961  0.          0.50934316 -0.09992097]
 [-0.04400782 -0.77096048 15.16721854  0.         -0.25194585  0.0167132 ]
 [-0.24821705 -1.93030432 -4.13997196  0.          0.17731582 -0.06608399]
 [-0.42319232 -1.71776579 -4.27647949  0.          0.25057536 -0.06927766]
 [-0.69101081 -1.54098299 -4.07222588  0.          0.14995355 -0.15277362]
 [-0.35522432 -1.83539088 -4.16694151  0.          0.21116152 -0.08974473]
 [-0.16909462 -1.94404778 -4.26137835  0.         -0.18766179  0.61459042]
 [-0.18112054 -0.95778241 15.38848252  0.         -0.54453918  0.55150712]]
[03/30/2022, 03:54:48] computing sampling shap 753:763 within 45.4441 sec, 4.6118 on average
[03/30/2022, 03:54:48] instances left: 43
[03/30/2022, 03:54:48] estimating time left: 0:03:18.307400

[[ 0.         -1.80608579 -4.50362398  0.         -0.52238292 -0.09994526]
 [-0.4278013  -2.03708373 -3.94393288  0.          0.70141866 -0.12368333]
 [ 0.         -1.91285997 -4.35241776  0.          0.55957622 -0.14849373]
 [-0.62379311 -1.09925931 -4.63561776  0.          0.6496565  -0.14518152]
 [-0.14465091 -1.97128993 -4.32857845  0.          0.31112982 -0.1489349 ]
 [-0.2689211  -1.51152983 -4.55533397  0.          0.14516778 -0.14816808]
 [-0.01958287 -0.80872343 15.09830279  0.         -0.12888328  0.36159228]
 [-0.02156773 -1.93486952 -4.44271773  0.         -0.44870266 -0.15146484]
 [-0.0403518  -0.98559903 15.30216793  0.          0.53705827 -0.16022638]
 [-0.31158581 -1.54404207 -4.49898598  0.          0.21548247 -0.19965341]]
[03/30/2022, 03:55:33] computing sampling shap 763:773 within 44.3252 sec, 4.607 on average
[03/30/2022, 03:55:33] instances left: 33
[03/30/2022, 03:55:33] estimating time left: 0:02:32.031000

[[-0.47457959 -1.73684308 -4.17645402  0.         -0.64163947  0.26586867]
 [-0.19442202 -1.88888695 -4.37370511  0.         -0.3829289  -0.09209492]
 [-0.30698375 16.41230602 -1.65929888  0.          0.19957642 -0.09136071]
 [-0.23284449 -1.98913559 -4.19934065  0.         -0.56035974  0.29636161]
 [-0.31076419 -1.60368915 -4.55114253  0.         -0.88390207 -0.18862848]
 [-0.13277935 -1.6606813  -4.52950002  0.          0.61459106 -0.14582508]
 [-0.48246594 -1.70362112 -4.12355002  0.         -0.49126256 -0.06224518]
 [-0.14220082 -1.75640625 -4.39233082  0.         -0.17252843  0.33350009]
 [-0.13495749 -1.78979083 -4.51755401  0.         -0.4664941   0.63763243]
 [ 0.         -1.83698452 -4.41993324  0.         -1.38865422 -0.11402567]]
[03/30/2022, 03:56:19] computing sampling shap 773:783 within 46.6943 sec, 4.6086 on average
[03/30/2022, 03:56:19] instances left: 23
[03/30/2022, 03:56:19] estimating time left: 0:01:45.997800

[[-5.86114465e-02 -6.60813914e-01  1.49549395e+01  0.00000000e+00
   5.68968732e-01 -1.51433198e-01]
 [ 9.81705706e+00  8.29831385e+00 -1.59670063e+00  0.00000000e+00
  -1.43035710e-01 -1.31589725e-02]
 [-4.21557604e-01 -1.19751126e+00 -4.78843431e+00  0.00000000e+00
  -1.45705792e-01 -1.45033140e-01]
 [-1.69916092e-01 -7.38521115e-01  1.51095500e+01  0.00000000e+00
   5.90395131e-01 -4.47869600e-02]
 [-1.56509788e-01 -9.11178118e-01  1.53524357e+01  0.00000000e+00
  -4.59402783e-01  4.78223920e-02]
 [-7.52138735e-02  1.65037412e+01 -1.97342325e+00  0.00000000e+00
   4.88494165e-01 -1.26865601e-01]
 [ 0.00000000e+00 -1.83708088e+00 -4.42696119e+00  0.00000000e+00
   5.91056891e-01 -1.81210244e-01]
 [-1.65663357e-01 -6.71212641e-01  1.51951652e+01  0.00000000e+00
  -1.72858750e-01  2.28092255e-01]
 [-1.41290084e-01 -2.07667785e+00 -4.18536435e+00  0.00000000e+00
  -4.67708018e-01  6.50794589e-01]
 [-1.50211523e-01 -1.99820703e+00 -4.18348380e+00  0.00000000e+00
  -5.08754009e-01 -4.41038307e-02]]
[03/30/2022, 03:57:05] computing sampling shap 783:793 within 45.4696 sec, 4.6071 on average
[03/30/2022, 03:57:05] instances left: 13
[03/30/2022, 03:57:05] estimating time left: 0:00:59.892300

[[-0.52179041 -1.25812655 -4.48675487  0.          0.57772014 -0.10275095]
 [-0.0198363  16.30799726 -1.84393605  0.          0.22343979 -0.19600092]
 [ 0.         -0.78791285 15.08040187  0.         -0.90111477 -0.15502859]
 [-0.30150385 -1.43652924 -4.62443832  0.         -0.69108706 -0.17335606]
 [-0.3230683  -1.8247722  -4.25325254  0.          0.69521099 -0.08582059]
 [-0.24809553 -1.84034199 -4.26159315  0.         -0.15533422 -0.08860851]
 [-0.42328796 -1.60273682 -4.33974789  0.          0.22874641 -0.09300002]
 [-0.13856579 -1.93288896 -4.211824    0.         -0.59383579 -0.135977  ]
 [-0.53907607 -1.51535994 -4.28344006  0.         -0.52782166 -0.19215503]
 [10.25805798  7.78433581 -1.75001091  0.          0.46766812 -0.02772667]]
[03/30/2022, 03:57:52] computing sampling shap 793:803 within 46.8793 sec, 4.6091 on average
[03/30/2022, 03:57:52] instances left: 3
[03/30/2022, 03:57:52] estimating time left: 0:00:13.827300

[[-0.54913477 -1.85965516 -3.92744962  0.          0.64263508 -0.16059112]
 [-0.27059003 -1.88534666 -4.20007768  0.          0.60646028 -0.08152789]
 [-0.28304591 -1.6306859  -4.42737069  0.         -0.48979269  0.17079509]
 [-0.42992963 -1.78388069 -4.11359121  0.         -0.6785808   0.31302963]
 [-0.07371495 16.9911943  -2.50324561  0.          0.21862684  0.11600435]
 [-0.17629148 16.7295213  -2.04398154  0.          0.15090742 -0.04427938]
 [ 0.         16.38019381 -1.96735648  0.          0.51190829 -0.06263649]
 [ 0.         -1.86409416 -4.39746229  0.         -0.2765119  -0.05590457]
 [-0.27271482 -1.95452291 -4.04533147  0.         -0.27197969 -0.18741903]
 [ 0.         -0.92775494 15.11076494  0.          0.63100632 -0.07673757]]
[03/30/2022, 03:57:52] finish computing sampling shap for range: [2, 8] within 1843.635947 sec
