

[03/30/2022, 03:25:27] [get categorical paper data for /home/youyinnn_gmail_com/s2search/pipelining/exp-csro csro]
============== start ==============
[03/30/2022, 03:25:51] [get categorical paper data for /home/youyinnn_gmail_com/s2search/pipelining/exp-csro csro]
============== end 64352 ==============


[03/30/2022, 03:25:51] [sampling shap explainer training for /home/youyinnn_gmail_com/s2search/pipelining/exp-csro csro]
============== start ==============
[03/30/2022, 03:26:01] [sampling shap explainer training for /home/youyinnn_gmail_com/s2search/pipelining/exp-csro csro]
============== end 12870 ==============


[03/30/2022, 03:26:01] [sampling shap sv computing for /home/youyinnn_gmail_com/s2search/pipelining/exp-csro csro]
============== start ==============
instances left: 393
estimating time left: 0:29:08.457000
---- 10:40014
instances left: 383
estimating time left: 0:29:52.861300
---- 20:80024
instances left: 373
estimating time left: 0:29:25.334400
---- 30:120034
instances left: 363
estimating time left: 0:28:09.873900
---- 40:160044
instances left: 353
estimating time left: 0:27:07.259400
---- 50:200054
instances left: 343
estimating time left: 0:26:14.129900
---- 60:240064
instances left: 333
estimating time left: 0:25:21.776700
---- 70:280074
instances left: 323
estimating time left: 0:24:31.620300
---- 80:320088
instances left: 313
estimating time left: 0:23:39.987100
---- 90:360098
instances left: 303
estimating time left: 0:22:58.286400
---- 100:400108
instances left: 293
estimating time left: 0:22:13.032800
---- 110:440118
instances left: 283
estimating time left: 0:21:23.688000
---- 120:480128
instances left: 273
estimating time left: 0:20:36.280500
---- 130:520138
instances left: 263
estimating time left: 0:19:49.785700
---- 140:560148
instances left: 253
estimating time left: 0:19:05.305700
---- 150:600158
instances left: 243
estimating time left: 0:18:19.963800
---- 160:640168
instances left: 233
estimating time left: 0:17:35.257000
---- 170:680182
instances left: 223
estimating time left: 0:16:48.093800
---- 180:720192
instances left: 213
estimating time left: 0:16:04.442700
---- 190:760202
instances left: 203
estimating time left: 0:15:18.737400
---- 200:800212
instances left: 193
estimating time left: 0:14:32.302100
---- 210:840222
instances left: 183
estimating time left: 0:13:46.299900
---- 220:880232
instances left: 173
estimating time left: 0:13:01.510200
---- 230:920242
instances left: 163
estimating time left: 0:12:15.390800
---- 240:960252
instances left: 153
estimating time left: 0:11:31.024500
---- 250:1000262
instances left: 143
estimating time left: 0:10:45.816600
---- 260:1040272
instances left: 133
estimating time left: 0:10:00.295500
---- 270:1080282
instances left: 123
estimating time left: 0:09:16.464300
---- 280:1120292
instances left: 113
estimating time left: 0:08:30.940800
---- 290:1160302
instances left: 103
estimating time left: 0:07:46.497300
---- 300:1200312
instances left: 93
estimating time left: 0:07:00.955200
---- 310:1240322
instances left: 83
estimating time left: 0:06:15.317700
---- 320:1280332
instances left: 73
estimating time left: 0:05:29.821300
---- 330:1320342
instances left: 63
estimating time left: 0:04:44.778900
---- 340:1360352
instances left: 53
estimating time left: 0:03:59.660700
---- 350:1400362
instances left: 43
estimating time left: 0:03:14.600800
---- 360:1440372
instances left: 33
estimating time left: 0:02:29.661600
---- 370:1480382
instances left: 23
estimating time left: 0:01:44.187700
---- 380:1520392
instances left: 13
estimating time left: 0:00:58.862700
---- 390:1560402
instances left: 3
estimating time left: 0:00:13.573800
---- 400:1600412
[03/30/2022, 03:56:11] [sampling shap sv computing for /home/youyinnn_gmail_com/s2search/pipelining/exp-csro csro]
============== end 1600412 ==============


