Child #[14, 15]: psutil.Process(pid=4066, name='python', status='running', started='19:35:16'), affinity [14, 15]
Child #[14, 15]: Set my affinity to [14, 15], affinity now [14, 15]

[04/02/2022, 15:53:36] start computing sampling shap for range: [8, 8]
[04/02/2022, 15:54:18] computing sampling shap 959:969 within 41.8074 sec, 4.1807 on average
[04/02/2022, 15:54:18] instances left: 126
[04/02/2022, 15:54:18] estimating time left: 0:08:46.768200

[[-6.80840931e-01 -5.75321940e+00 -5.02146324e-01  0.00000000e+00
  -8.59947318e-02 -1.64329506e-01]
 [ 4.52593599e+00  1.11431067e+01  0.00000000e+00  0.00000000e+00
  -3.50968814e-01  5.77776492e-02]
 [-8.38379941e-01 -5.68203996e+00 -1.87691087e-01  0.00000000e+00
  -1.33920187e+00  6.50898790e-02]
 [-2.72614664e-01  1.44252373e+01 -8.27890866e-02  0.00000000e+00
  -6.76549961e-01  4.07714603e-01]
 [-3.80618051e-01  1.47763547e+00  2.67994298e+00  0.00000000e+00
   6.66624488e-01 -6.80479662e-02]
 [-7.59325284e-01 -5.66841336e+00 -5.17173602e-01  0.00000000e+00
  -5.68253763e-01 -1.36631277e-01]
 [-1.16747690e+00  5.11051238e+00 -2.52327696e-01  0.00000000e+00
  -1.12791219e+00  2.37286805e-01]
 [-8.21678906e-01  4.84574657e+00 -2.73436443e-01  0.00000000e+00
   3.17893099e-01 -3.07525713e-03]
 [-6.49530272e-01 -5.80917399e+00 -4.43309967e-01  0.00000000e+00
  -1.31888185e-01  8.31955481e-01]
 [-5.90705518e-01  6.52745473e+00  7.80976373e+00  0.00000000e+00
  -1.13163484e-01 -9.57600378e-02]]
[04/02/2022, 15:54:54] computing sampling shap 969:979 within 35.8475 sec, 3.8828 on average
[04/02/2022, 15:54:54] instances left: 116
[04/02/2022, 15:54:54] estimating time left: 0:07:30.404800

[[-0.16238043 14.55383309 -0.19019705  0.         -0.46862881 -0.09260588]
 [ 4.35318149 11.23963044 -0.08627279  0.          0.98880523 -0.1469405 ]
 [-1.139493   -5.62845071  0.          0.         -0.41012131 -0.13840182]
 [-0.24455072  4.01240654  0.          0.         -0.29618891 -0.09167833]
 [-0.42054815  4.21170513  0.          0.         -0.14099549 -0.05424105]
 [-1.06009003 -5.29649486 -0.3618683   0.          1.03325885 -0.15260456]
 [-0.39545787 -4.02517364  7.80222334  0.         -1.1318421   0.03504964]
 [-0.42030923  1.27221019  2.91084313  0.         -0.53767641  0.54070125]
 [-0.81578262 -5.7925701  -0.35179615  0.         -1.17784066 -0.11513584]
 [-1.12532968 -5.64458036 -0.14618926  0.         -0.32321233 -0.10478721]]
[04/02/2022, 15:55:32] computing sampling shap 979:989 within 37.6997 sec, 3.8452 on average
[04/02/2022, 15:55:32] instances left: 106
[04/02/2022, 15:55:32] estimating time left: 0:06:47.591200

[[-5.65881461e-01  4.27919480e+00  0.00000000e+00  0.00000000e+00
   6.99433899e-01 -1.38366766e-01]
 [-7.36266700e-01 -5.77411729e+00 -3.32362644e-01  0.00000000e+00
   6.32509736e-01  3.21334698e-02]
 [ 3.24467213e+00 -4.01638994e-01  2.35217555e+00  0.00000000e+00
   7.57549793e-01 -4.32494002e-02]
 [-3.00385713e-01  1.44462831e+01  0.00000000e+00  0.00000000e+00
   6.47361630e-01 -2.07840140e-01]
 [ 4.43416885e+00  9.30692901e-01 -8.55661164e-02  0.00000000e+00
   3.61798227e-01  2.15224058e-01]
 [-1.21064770e+00 -5.26918631e+00 -3.66487456e-01  0.00000000e+00
  -3.76020301e-01 -1.64212897e-01]
 [-4.88815424e-01 -3.83696927e+00  7.75084808e+00  0.00000000e+00
  -4.32235950e-01  4.13054587e-02]
 [-9.05973734e-01 -5.40593411e+00 -5.07092412e-01  0.00000000e+00
   1.10187526e+00 -1.20673714e-01]
 [-1.50931767e-01  3.98529450e+00 -8.41974308e-02  0.00000000e+00
  -1.43449402e-01  4.74422510e-01]
 [-2.91378422e-01  4.00467040e+00 -7.18153237e-04  0.00000000e+00
  -2.12633384e-01 -1.39565399e-01]]
[04/02/2022, 15:56:08] computing sampling shap 989:999 within 36.6367 sec, 3.7999 on average
[04/02/2022, 15:56:08] instances left: 96
[04/02/2022, 15:56:08] estimating time left: 0:06:04.790400

[[ 3.52067949 10.19866578  2.10687718  0.         -0.36415194  0.01591482]
 [-1.08198015 -5.63160168 -0.14987936  0.         -0.14700172  0.15316518]
 [-0.75237486 -5.95599728 -0.22047194  0.          0.09176786 -0.13383102]
 [-1.12584434 -5.2156148  -0.44718828  0.         -0.30368948  0.32682016]
 [-1.00769796 -5.70427817 -0.22967013  0.          0.43454811 -0.07386943]
 [-0.76098857 -5.81455873 -0.17970203  0.          1.04557994 -0.1281291 ]
 [-0.36980819  0.9720411   3.18221567  0.         -0.59445972  0.06881769]
 [-0.13841448  4.3947802  -0.44335954  0.         -0.70713643  0.02621111]
 [-0.8743433   5.00011861 -0.43276492  0.         -0.08487578 -0.04296851]
 [-0.71956605 -5.83378741 -0.28853934  0.         -0.90809883  0.28502184]]
[04/02/2022, 15:56:44] computing sampling shap 999:1009 within 36.0144 sec, 3.7602 on average
[04/02/2022, 15:56:44] instances left: 86
[04/02/2022, 15:56:44] estimating time left: 0:05:23.377200

[[ 4.21096833e+00  1.14153719e+00  0.00000000e+00  0.00000000e+00
  -1.82302311e-01 -1.77464719e-01]
 [-1.01391855e+00 -5.41514876e+00 -4.19955435e-01  0.00000000e+00
  -4.25753163e-01 -9.55886579e-02]
 [-9.39841175e-01 -5.36993447e+00 -5.86584815e-01  0.00000000e+00
   3.66182229e-01 -1.82364970e-01]
 [ 4.16783435e+00  1.16638045e+00 -8.65534016e-02  0.00000000e+00
   6.67953323e-01 -6.10547181e-03]
 [-9.92616403e-01 -5.24871145e+00 -5.28301369e-01  0.00000000e+00
  -1.31499942e+00  1.02405598e-01]
 [-7.77487784e-01 -5.87274690e+00 -3.59711122e-01  0.00000000e+00
   1.56698681e-01  2.20700795e-01]
 [ 1.45235140e+01  2.90353411e+00 -3.12344215e-01  0.00000000e+00
  -8.46026464e-01  5.01339494e-02]
 [-1.21124943e+00 -5.15848485e+00 -4.54721660e-01  0.00000000e+00
  -1.37377784e-01  3.10143920e-01]
 [ 8.82988445e+00 -3.43219161e+00 -2.99814353e-01  0.00000000e+00
   9.88530881e-01 -1.33234786e-01]
 [-1.16273761e+00 -5.44292371e+00 -3.47234984e-01  0.00000000e+00
   4.39013566e-01 -1.64934779e-01]]
[04/02/2022, 15:57:22] computing sampling shap 1009:1019 within 37.2386 sec, 3.7542 on average
[04/02/2022, 15:57:22] instances left: 76
[04/02/2022, 15:57:22] estimating time left: 0:04:45.319200

[[ 3.67676627e+00  9.98970720e+00  2.03122446e+00  0.00000000e+00
   4.62926882e-01 -9.08685653e-02]
 [ 4.46503868e+00  1.13597739e+01 -8.39231647e-02  0.00000000e+00
  -2.20633987e-01  1.35875660e-04]
 [ 4.52477285e+00  7.81119979e-01  0.00000000e+00  0.00000000e+00
  -2.10118828e-01 -9.90655060e-02]
 [ 4.20402709e+00  1.04811620e+00 -8.38707447e-02  0.00000000e+00
  -2.15862692e-01 -6.26548402e-02]
 [-5.04833113e-01  4.14412713e+00  0.00000000e+00  0.00000000e+00
  -6.06996203e-01 -1.07603940e-01]
 [-1.03485321e+00 -5.41287451e+00 -4.96075671e-01  0.00000000e+00
  -3.73410955e-02 -4.29840385e-02]
 [ 4.42195111e+00  1.00507584e+00 -1.51096376e-01  0.00000000e+00
   8.61990315e-01 -7.73877694e-02]
 [-8.57045707e-01 -5.61737101e+00 -3.50098017e-01  0.00000000e+00
  -3.52169336e-01  3.18740041e-01]
 [-9.12904951e-01 -5.43955659e+00 -5.57796284e-01  0.00000000e+00
   7.37747695e-01 -1.15105154e-01]
 [ 4.42692164e+00  9.00174764e-01  0.00000000e+00  0.00000000e+00
   5.79945051e-01  2.49259818e-02]]
[04/02/2022, 15:57:57] computing sampling shap 1019:1029 within 35.4719 sec, 3.7246 on average
[04/02/2022, 15:57:57] instances left: 66
[04/02/2022, 15:57:57] estimating time left: 0:04:05.823600

[[-0.87273709 -5.68322258 -0.31634623  0.         -0.36149042  0.10692737]
 [-1.00350458 -5.57701209 -0.23622581  0.         -0.60733459  0.43870491]
 [-0.99525604 -5.60492542 -0.33988587  0.         -0.73282148 -0.06866949]
 [-0.42848496  4.42475435 -0.19274863  0.          0.99390904 -0.08812856]
 [-0.96096239 -5.39778947 -0.36275135  0.         -0.25143267  0.22459285]
 [-1.16452564 -5.40106826 -0.31654611  0.         -1.02106711  0.25987346]
 [-1.0330391  -5.53572145 -0.29223616  0.         -0.44078744  0.04484112]
 [-0.36890758  4.29709964 -0.14223735  0.         -0.32060632  0.42120752]
 [-0.97066257 -5.50246074 -0.37761003  0.         -1.22980376 -0.20502772]
 [ 4.38061734 11.3863176  -0.08849693  0.          0.42966195 -0.02010215]]
[04/02/2022, 15:58:32] computing sampling shap 1029:1039 within 34.7028 sec, 3.6929 on average
[04/02/2022, 15:58:32] instances left: 56
[04/02/2022, 15:58:32] estimating time left: 0:03:26.802400

[[-9.87507358e-01 -5.68675222e+00 -1.80105359e-01  0.00000000e+00
   6.85476717e-01 -1.50471608e-01]
 [-1.45299031e-01  1.43694587e+01  0.00000000e+00  0.00000000e+00
   5.44178780e-01  7.15730699e-03]
 [-8.61046572e-01 -5.38677084e+00 -5.82733118e-01  0.00000000e+00
   7.29484156e-01 -2.18293901e-01]
 [-8.50420623e-01  4.76073306e+00 -2.38667374e-01  0.00000000e+00
   7.24650708e-01 -1.74010095e-01]
 [ 5.36418260e+00  1.02060072e+01  0.00000000e+00  0.00000000e+00
   7.30149132e-01 -1.15281529e-01]
 [-1.18539364e+00 -5.36178967e+00 -3.00875229e-01  0.00000000e+00
  -1.09590586e+00 -1.07934175e-01]
 [-9.34604785e-01  4.86090194e+00 -1.89181898e-01  0.00000000e+00
   6.47904937e-01 -1.62734749e-01]
 [-7.59734885e-01  4.84580711e+00 -2.88709283e-01  0.00000000e+00
  -7.99853090e-01  4.28266471e-01]
 [-5.07553166e-01  4.29860337e+00 -8.32155462e-02  0.00000000e+00
   6.98241386e-01 -1.31695756e-01]
 [-1.17864138e+00 -5.32168676e+00 -3.49639456e-01  0.00000000e+00
   5.85859877e-02  3.56428325e-01]]
[04/02/2022, 15:59:08] computing sampling shap 1039:1049 within 36.5069 sec, 3.6882 on average
[04/02/2022, 15:59:08] instances left: 46
[04/02/2022, 15:59:08] estimating time left: 0:02:49.657200

[[-1.36753703 -5.17885254 -0.31874271  0.          0.70070109 -0.12318403]
 [ 8.49688115 -3.35549172  0.          0.         -1.11693238 -0.01584599]
 [-1.05984064 -5.2634262  -0.42589215  0.          1.08981256 -0.15533888]
 [-1.15275365 -5.48527161 -0.24687818  0.         -0.35843071 -0.17989877]
 [ 4.29113737 11.30580068  0.          0.          0.87359096 -0.05426091]
 [-1.20144251 -5.30401329 -0.38229698  0.          0.03383087 -0.16174723]
 [ 4.65035249 11.05265962  0.          0.         -0.23936826 -0.17833699]
 [-0.92803287 -5.31045185 -0.57479459  0.         -1.16593703 -0.26079831]
 [-0.6298049  -5.66261859 -0.51654761  0.          1.12056564 -0.14939275]
 [-0.20118698 14.37196899  0.          0.          0.42176827 -0.15856967]]
[04/02/2022, 15:59:46] computing sampling shap 1049:1059 within 37.4271 sec, 3.6937 on average
[04/02/2022, 15:59:46] instances left: 36
[04/02/2022, 15:59:46] estimating time left: 0:02:12.973200

[[-2.25547089e-01  1.44200175e+01 -1.79170941e-01  0.00000000e+00
  -2.99289179e-01 -6.82312667e-02]
 [-1.04940912e+00 -5.87841504e+00  0.00000000e+00  0.00000000e+00
  -2.18125354e-01  3.80433273e-01]
 [ 3.08855261e+00  1.28394359e-01  2.01736659e+00  0.00000000e+00
   1.27096035e-01  3.58646388e-01]
 [-4.00646469e-01  4.45578842e+00 -1.64382942e-01  0.00000000e+00
  -7.67257012e-01  8.57865127e-03]
 [-1.04222113e+00 -5.40024559e+00 -4.49676853e-01  0.00000000e+00
   1.02487932e-01 -8.27608715e-06]
 [-3.12617401e-01  4.44912085e+00 -4.12757899e-01  0.00000000e+00
  -2.72281035e-01  1.99496197e-01]
 [-4.16690615e-01  4.22780765e+00  0.00000000e+00  0.00000000e+00
  -4.04056770e-01 -1.73113350e-01]
 [-7.21758228e-01 -5.67478816e+00 -4.40353902e-01  0.00000000e+00
  -1.32746597e+00  6.62791781e-03]
 [ 5.28220262e+00  3.96130874e-01 -5.00855061e-01  0.00000000e+00
  -1.17732414e+00 -1.53392990e-01]
 [-3.09336252e-01  1.45487085e+01  0.00000000e+00  0.00000000e+00
   2.71108811e-01 -2.62825163e-02]]
[04/02/2022, 16:00:22] computing sampling shap 1059:1069 within 35.6824 sec, 3.6823 on average
[04/02/2022, 16:00:22] instances left: 26
[04/02/2022, 16:00:22] estimating time left: 0:01:35.739800

[[-0.90565907 -5.75458931 -0.31609757  0.          0.41928339 -0.06055409]
 [ 4.55934272  0.89050281  0.          0.         -0.39163082 -0.14135937]
 [-0.64788315  4.49674452  0.          0.         -0.78731631 -0.16583468]
 [14.73765457  2.14324619  0.          0.         -0.91224477  0.14317105]
 [-0.79286587 -5.9443311  -0.22252099  0.         -0.31050281 -0.11633355]
 [-0.93026406 -5.49634007 -0.42127516  0.         -1.28231687 -0.16067085]
 [-1.10608517 -5.26286509 -0.45333334  0.         -0.20927937 -0.20143843]
 [-0.98062049 -5.72487892 -0.22691345  0.         -0.86600657 -0.1281288 ]
 [-1.05535545 -5.49668466 -0.30496876  0.         -0.32184693 -0.19778582]
 [ 4.49218897 11.26212891 -0.08729313  0.          0.92265104 -0.20050619]]
[04/02/2022, 16:00:57] computing sampling shap 1069:1079 within 35.5363 sec, 3.6716 on average
[04/02/2022, 16:00:57] instances left: 16
[04/02/2022, 16:00:57] estimating time left: 0:00:58.745600

[[-8.87592209e-01 -5.50893055e+00 -4.20484504e-01  0.00000000e+00
  -3.72937143e-01 -9.87913968e-02]
 [-9.21263604e-01 -5.71179132e+00 -2.20798504e-01  0.00000000e+00
   1.17901273e+00 -1.00492034e-01]
 [-1.21982960e+00 -5.35610606e+00 -2.63795086e-01  0.00000000e+00
  -1.47075330e-01  1.29507898e-01]
 [-2.57634019e-01  4.00870194e+00  0.00000000e+00  0.00000000e+00
  -1.11515638e+00 -1.12433968e-01]
 [-4.99615391e-01  4.36863685e+00 -1.67043236e-01  0.00000000e+00
  -2.52769227e-01 -2.82422671e-03]
 [-4.24898398e-01  4.27013000e+00  0.00000000e+00  0.00000000e+00
  -2.80888101e-03 -1.90709669e-01]
 [-3.56542099e-01  1.05984997e+00  3.10771369e+00  0.00000000e+00
  -3.97426187e-01 -4.17966508e-02]
 [-1.29320016e+00 -5.20819747e+00 -3.59393282e-01  0.00000000e+00
  -8.47127019e-01 -2.18630881e-01]
 [-3.17449293e-01  1.48054951e+01 -1.42417090e-01  0.00000000e+00
  -3.23011979e-01 -2.29599561e-01]
 [-1.01769181e+00 -5.34333557e+00 -5.19266803e-01  0.00000000e+00
  -3.13052688e-01  2.11936149e-01]]
[04/02/2022, 16:01:36] computing sampling shap 1079:1089 within 38.7436 sec, 3.6872 on average
[04/02/2022, 16:01:36] instances left: 6
[04/02/2022, 16:01:36] estimating time left: 0:00:22.123200

[[-8.27913714e-01  4.74421272e+00 -2.65085429e-01  0.00000000e+00
   1.07914023e+00 -1.40453033e-01]
 [-1.19516043e+00  5.28562949e+00 -3.48218978e-01  0.00000000e+00
  -4.18737403e-01 -1.28695591e-01]
 [-1.05252263e+00 -5.50182979e+00 -2.19799769e-01  0.00000000e+00
   6.48278282e-01 -9.59499644e-02]
 [ 4.35443975e+00  1.15380181e+01 -1.39355876e-01  0.00000000e+00
  -1.49108131e-01  6.98001610e-02]
 [-2.58101673e-01  4.18188789e+00 -1.84507420e-01  0.00000000e+00
   1.03586438e+00 -6.58415549e-02]
 [-8.61187154e-01  5.11005145e+00 -5.39137891e-01  0.00000000e+00
   3.60440086e-01 -1.11709363e-01]
 [ 1.01649313e+01  6.93610158e+00  0.00000000e+00  0.00000000e+00
   1.39660953e-01 -2.49917237e-02]
 [-7.86873788e-01 -5.52984081e+00 -5.40147510e-01  0.00000000e+00
   6.74471955e-01 -1.05547123e-02]
 [-9.60596328e-01 -5.64374654e+00 -2.37192771e-01  0.00000000e+00
  -4.41309453e-01  2.07940014e-01]
 [ 4.74290250e+00  1.00650805e+00 -5.73233486e-01  0.00000000e+00
  -4.70389290e-01  5.17519645e-01]]
[04/02/2022, 16:01:36] finish computing sampling shap for range: [8, 8] within 479.334238 sec
