Child #[4, 5]: psutil.Process(pid=3881, name='python', status='running', started='19:34:58'), affinity [4, 5]
Child #[4, 5]: Set my affinity to [4, 5], affinity now [4, 5]

[04/02/2022, 15:53:11] start computing sampling shap for range: [3, 8]
[04/02/2022, 15:53:50] computing sampling shap 274:284 within 38.84 sec, 3.884 on average
[04/02/2022, 15:53:50] instances left: 127
[04/02/2022, 15:53:50] estimating time left: 0:08:13.268000

[[ 8.95812251e+00 -3.69189261e+00 -1.41112896e-01  0.00000000e+00
   9.81368809e-01 -1.21149790e-01]
 [-8.62263104e-01 -5.49496837e+00 -3.81947713e-01  0.00000000e+00
  -3.14791170e-02  6.28176739e-01]
 [-9.68353841e-01 -5.53174626e+00 -2.36123446e-01  0.00000000e+00
  -8.95983874e-01  8.62821837e-01]
 [-4.24216401e-01  1.45247368e+01  0.00000000e+00  0.00000000e+00
   3.71918745e-01 -1.64079584e-01]
 [-1.07271752e+00 -5.47847678e+00 -2.86629636e-01  0.00000000e+00
  -9.21375366e-01 -7.41423735e-02]
 [-1.09861384e+00 -5.42442712e+00 -3.60107023e-01  0.00000000e+00
   6.34471336e-02 -6.36884409e-03]
 [-6.54484631e-01  4.31148232e+00 -6.28089275e-04  0.00000000e+00
   4.11303441e-01 -1.40295564e-01]
 [-7.62494542e-01 -3.87324957e+00  8.02647982e+00  0.00000000e+00
  -9.47571812e-01  5.88212636e-01]
 [-3.75406272e-01  1.46362528e+01 -1.32693737e-01  0.00000000e+00
  -1.30034757e-01 -2.72595563e-01]
 [-8.87244892e-01 -5.26737818e+00 -6.80399629e-01  0.00000000e+00
   1.15917364e+00 -9.46694460e-02]]
[04/02/2022, 15:54:26] computing sampling shap 284:294 within 35.9287 sec, 3.7385 on average
[04/02/2022, 15:54:26] instances left: 117
[04/02/2022, 15:54:26] estimating time left: 0:07:17.404500

[[-1.08262935 -5.20901938 -0.47952235  0.          1.0808435  -0.1474713 ]
 [-0.95567309 -5.50051652 -0.33818575  0.         -0.13598857  0.48537136]
 [-1.10261263 -5.5408747  -0.19455153  0.          0.69095359 -0.04586043]
 [-0.85913928 -5.52309028 -0.30546706  0.         -1.33935799  0.21808093]
 [-0.55742835  4.31969588  0.          0.         -0.57789722  0.43094533]
 [-0.26000882  4.20030996 -0.08721448  0.          0.27294302 -0.12509179]
 [-0.4718825  -4.14213671  8.09473794  0.         -0.80816531  0.08605311]
 [-0.89112948 -5.65402823 -0.4146292   0.         -0.3596658  -0.0759752 ]
 [-1.09045075 -5.44406493 -0.26071092  0.          1.08770326 -0.13027543]
 [-0.23781505  4.31805288 -0.27419609  0.          0.6355921  -0.12943185]]
[04/02/2022, 15:55:02] computing sampling shap 294:304 within 36.404 sec, 3.7058 on average
[04/02/2022, 15:55:02] instances left: 107
[04/02/2022, 15:55:02] estimating time left: 0:06:36.520600

[[-0.27057314 14.83813346 -0.23307943  0.         -0.32292701  0.08043291]
 [-1.02604108  5.441833   -0.64983746  0.         -0.21587207  0.01508361]
 [-0.62404993  4.53973832 -0.14433268  0.          0.99227215 -0.13461441]
 [ 4.28772382 11.42099909  0.          0.         -0.27089883  0.44459271]
 [-0.15582745  4.0318399  -0.13901742  0.          0.61529838  0.25921735]
 [-1.01675814 -5.59433491 -0.2929093   0.         -1.22379352 -0.06200991]
 [-0.58902817  4.89931142 -0.51562076  0.         -0.45416109 -0.129149  ]
 [-0.33349726  4.03532562  0.          0.          0.11547723 -0.11600663]
 [-0.3232588  14.6403992  -0.0840598   0.          0.02381403  0.01789206]
 [-0.78697701 -5.93262046 -0.31642832  0.         -0.47930168  0.24105002]]
[04/02/2022, 15:55:39] computing sampling shap 304:314 within 36.6711 sec, 3.6962 on average
[04/02/2022, 15:55:39] instances left: 97
[04/02/2022, 15:55:39] estimating time left: 0:05:58.531400

[[-0.2002701  14.32537044  0.          0.         -0.10855717 -0.10607894]
 [-0.80947996 -5.37600112 -0.55218197  0.          1.0757067  -0.1527291 ]
 [-0.85779184 -5.72978741 -0.31502478  0.          0.72415951 -0.14091527]
 [-1.26370866 -5.52689558 -0.08682541  0.          0.3703791  -0.20549249]
 [-0.24283264 14.30898356  0.          0.          0.7135111  -0.14834654]
 [-0.1907288  14.60840683 -0.21288046  0.         -0.20533542 -0.20644474]
 [ 4.84807293  1.12943938 -0.59790339  0.         -0.29490808 -0.15096087]
 [-1.03080526 -5.31157224 -0.60527213  0.         -0.58841519 -0.07660275]
 [-1.0505275  -5.46292897 -0.25142096  0.         -1.10609516 -0.11374281]
 [-0.98603892 -5.59173682 -0.27900678  0.          1.13035518 -0.03105298]]
[04/02/2022, 15:56:15] computing sampling shap 314:324 within 36.3111 sec, 3.6832 on average
[04/02/2022, 15:56:15] instances left: 87
[04/02/2022, 15:56:15] estimating time left: 0:05:20.438400

[[ 4.1480905   1.19873237 -0.08521631  0.          0.72313244 -0.0896653 ]
 [-0.52927122 -5.94469947 -0.50522053  0.          1.25029311 -0.10890029]
 [-0.27473111  4.1935342  -0.13772913  0.         -0.13768864 -0.04746469]
 [-1.10815806 -5.36307193 -0.38283052  0.          0.68669328 -0.02557818]
 [-0.92496537 -5.51583553 -0.3317404   0.          1.08175486 -0.12389898]
 [-0.95595064 -5.70410424 -0.22245044  0.          0.38310512  0.17367482]
 [-0.73623168  4.94120575 -0.51658199  0.          0.60378079  0.10988564]
 [-0.91435619 -5.62194929 -0.28425686  0.         -0.17964972  0.12416951]
 [-1.02615892 -5.59686377 -0.21349508  0.         -0.38817139  0.10053798]
 [ 4.16453258  1.12856988  0.          0.         -0.84610862 -0.04330724]]
[04/02/2022, 15:56:51] computing sampling shap 324:334 within 36.0676 sec, 3.6705 on average
[04/02/2022, 15:56:51] instances left: 77
[04/02/2022, 15:56:51] estimating time left: 0:04:42.628500

[[-0.14585647  4.23893109 -0.30073514  0.          0.60552035  0.04682902]
 [-0.96803361 -5.60719234 -0.29646914  0.         -0.14911238 -0.21219338]
 [-0.89056922 -5.68709966 -0.3621246   0.         -0.04325186  0.33898958]
 [-0.36776498  4.25323245 -0.17671965  0.         -0.07349408 -0.14250782]
 [-0.90262779 -5.71477401 -0.47640043  0.          0.23488695 -0.03093862]
 [-0.66476448 -5.99207907 -0.14596265  0.          1.12941834 -0.14129714]
 [-0.54869886 -3.80389853  7.78294594  0.         -0.67333881  0.04276767]
 [-1.01210665 -5.38214858 -0.34631961  0.         -0.24171712 -0.20423894]
 [-1.04973543 -5.45554541 -0.436631    0.         -0.0454336  -0.19918575]
 [-1.16868458 -5.21899579 -0.38583778  0.         -0.1734092  -0.07720124]]
[04/02/2022, 15:57:28] computing sampling shap 334:344 within 36.5577 sec, 3.6684 on average
[04/02/2022, 15:57:28] instances left: 67
[04/02/2022, 15:57:28] estimating time left: 0:04:05.782800

[[-6.91217242e-01  4.97993224e+00 -5.68821337e-01  0.00000000e+00
  -3.49888956e-01  3.58624945e-01]
 [-1.72058979e-01  1.44418097e+01 -2.01481452e-05  0.00000000e+00
   2.46233838e-01 -1.63687050e-01]
 [-7.40976621e-01 -5.79817525e+00 -2.15664580e-01  0.00000000e+00
  -8.97141908e-01 -1.03368713e-01]
 [ 1.01733037e+01  6.95168981e+00  0.00000000e+00  0.00000000e+00
  -5.73565260e-01 -2.71562487e-02]
 [-8.01658480e-01 -5.74500424e+00 -3.75482912e-01  0.00000000e+00
   1.62387511e-01  1.36733253e-01]
 [-1.38167699e-01  3.80213540e+00  0.00000000e+00  0.00000000e+00
  -2.71063420e-01 -6.98111785e-02]
 [-7.35667092e-01 -5.74950525e+00 -3.41776617e-01  0.00000000e+00
  -3.45911527e-01 -1.15875498e-01]
 [-1.07446198e+00 -5.15195072e+00 -5.48284072e-01  0.00000000e+00
  -8.86833471e-01 -1.77555571e-01]
 [-8.07422170e-01 -5.74276776e+00 -3.40022940e-01  0.00000000e+00
  -2.76730916e-01  2.00731511e-01]
 [-8.85204655e-01 -5.48719525e+00 -4.79991979e-01  0.00000000e+00
  -3.75645341e-01 -1.40625377e-01]]
[04/02/2022, 15:58:05] computing sampling shap 344:354 within 36.7351 sec, 3.6691 on average
[04/02/2022, 15:58:05] instances left: 57
[04/02/2022, 15:58:05] estimating time left: 0:03:29.138700

[[-0.42140802  4.39563377 -0.17532641  0.         -0.17143788 -0.20663319]
 [-0.61133542  4.33437449  0.          0.          1.03655502 -0.13058066]
 [-1.05955945  5.09296133 -0.23162512  0.          0.59804827 -0.14118354]
 [-0.99557689 -5.47142611 -0.27387298  0.         -0.07042431 -0.15960715]
 [-0.87538664 -5.62032247 -0.29174911  0.         -0.43290319  0.36624996]
 [-0.40881835  1.18932014  3.05093598  0.         -0.45489951  0.06510441]
 [-0.22625472 14.41344083 -0.13726019  0.          0.69391624 -0.02340009]
 [-1.02700755 -5.23982442 -0.52223034  0.         -0.52754641 -0.07813445]
 [-0.89278158 -5.55246134 -0.43371106  0.          0.72297927 -0.1316404 ]
 [ 3.29631611 -0.41179968  2.16847542  0.         -1.20106074  0.40142208]]
[04/02/2022, 15:58:43] computing sampling shap 354:364 within 38.2044 sec, 3.6859 on average
[04/02/2022, 15:58:43] instances left: 47
[04/02/2022, 15:58:43] estimating time left: 0:02:53.237300

[[-1.04160053 -5.39551626 -0.31554294  0.          1.01282833 -0.09796702]
 [-1.06392988 -5.37558918 -0.47227282  0.         -0.3298105  -0.12706022]
 [-0.95322231 -5.41520272 -0.45224825  0.          0.29090202  0.19235752]
 [-0.91398829 -5.53175092 -0.34006361  0.          1.07949753 -0.13149343]
 [-0.93058639 -5.39170605 -0.58834714  0.          0.06063327 -0.12090133]
 [14.35314755  2.20236451 -0.08655391  0.          0.59806021  0.49679935]
 [-0.56121923  4.335473   -0.15290655  0.         -0.7211455   0.65168519]
 [-0.96904335 -5.5928224  -0.30998576  0.          0.04626654 -0.19008374]
 [-0.89376248 -5.52490051 -0.38152954  0.          0.62436858 -0.14353617]
 [-0.20112118 14.41383812 -0.07822515  0.          0.09110775  0.20961287]]
[04/02/2022, 15:59:19] computing sampling shap 364:374 within 36.5413 sec, 3.6827 on average
[04/02/2022, 15:59:19] instances left: 37
[04/02/2022, 15:59:19] estimating time left: 0:02:16.259900

[[ 4.26665205e+00  1.00229743e+00  0.00000000e+00  0.00000000e+00
   6.44551222e-01  4.32737991e-02]
 [-9.78838067e-01 -5.55041129e+00 -3.42038938e-01  0.00000000e+00
   1.20208378e+00 -1.45481181e-01]
 [-7.91566301e-01  4.65408451e+00 -8.39837600e-02  0.00000000e+00
  -1.05668637e+00  1.68527899e-01]
 [-9.23126421e-01  4.96461162e+00 -3.05726858e-01  0.00000000e+00
  -1.68286635e-01 -2.30525824e-03]
 [-4.29596850e-01  1.46024680e+01 -1.60980445e-01  0.00000000e+00
   2.02566114e-01 -8.53204819e-02]
 [-4.71630725e-01  1.45993455e+01  0.00000000e+00  0.00000000e+00
   3.13062042e-01 -1.35651836e-01]
 [-1.14081152e+00 -5.34213142e+00 -2.81081456e-01  0.00000000e+00
   6.26995712e-01 -7.86815418e-02]
 [-8.49527318e-01 -5.43098095e+00 -5.00519395e-01  0.00000000e+00
  -1.13884217e+00  5.30666714e-01]
 [-1.07994483e+00 -5.62899062e+00 -1.74151297e-01  0.00000000e+00
   3.56315844e-01 -1.52046501e-01]
 [-6.20006173e-01 -5.66480223e+00 -4.65814080e-01  0.00000000e+00
  -4.80410182e-01 -2.23085380e-01]]
[04/02/2022, 15:59:52] computing sampling shap 374:384 within 32.7636 sec, 3.6458 on average
[04/02/2022, 15:59:52] instances left: 27
[04/02/2022, 15:59:52] estimating time left: 0:01:38.436600

[[-7.83549099e-01 -5.54010717e+00 -4.83078812e-01  0.00000000e+00
  -2.75160891e-03 -3.50052322e-03]
 [-2.40966362e-01  1.44377397e+01  0.00000000e+00  0.00000000e+00
  -2.57955899e-01  1.98390643e-01]
 [-1.27210447e+00 -5.41420987e+00 -1.42962464e-01  0.00000000e+00
   1.13708281e+00 -1.45605040e-01]
 [-8.61699100e-01 -5.80865395e+00 -1.79443519e-01  0.00000000e+00
  -8.32240495e-01  3.24623790e-01]
 [-1.03353575e+00 -5.37632067e+00 -4.41376504e-01  0.00000000e+00
  -4.02529358e-01  2.72159714e-01]
 [ 4.42589865e+00  1.21322622e+00 -2.16344164e-01  0.00000000e+00
  -1.57296309e-01  8.23698311e-04]
 [-7.01388630e-01  4.80102494e+00 -4.29930290e-01  0.00000000e+00
   6.88551386e-01 -1.35972400e-01]
 [-6.32197753e-01 -6.10735165e+00 -8.31960331e-02  0.00000000e+00
  -1.15508625e-02 -1.81372165e-01]
 [-1.21739381e+00 -5.43210754e+00 -2.16394951e-01  0.00000000e+00
  -2.92309507e-01 -1.99615246e-01]
 [-9.42858221e-01 -5.42669570e+00 -5.02356904e-01  0.00000000e+00
  -3.64993081e-01 -2.17214049e-01]]
[04/02/2022, 16:00:31] computing sampling shap 384:394 within 38.7361 sec, 3.6648 on average
[04/02/2022, 16:00:31] instances left: 17
[04/02/2022, 16:00:31] estimating time left: 0:01:02.301600

[[-0.98828489 -5.60505463 -0.38673749  0.         -0.69632269 -0.16268554]
 [-0.7474522   4.95505022 -0.47498772  0.          0.9902468  -0.13295643]
 [-1.02740304 -5.37219434 -0.37501066  0.         -0.76051997 -0.1595425 ]
 [-0.9833454  -5.36601328 -0.42345535  0.         -0.7162839   0.14634694]
 [-0.46823158  4.28977003 -0.15347726  0.          0.14769442 -0.0262582 ]
 [-0.50508611  4.44654539 -0.18682799  0.          0.65397438 -0.07028344]
 [-0.48871783  4.32727447 -0.08359222  0.         -0.21435656  0.03368977]
 [-0.78603857 -5.76155674 -0.22318052  0.          1.01953635  0.04188753]
 [-0.21050465  4.15851765 -0.13238551  0.          0.03794     0.02199729]
 [-0.4401475   4.32491532  0.          0.         -0.09089015  0.08168711]]
[04/02/2022, 16:01:05] computing sampling shap 394:404 within 34.3813 sec, 3.6474 on average
[04/02/2022, 16:01:05] instances left: 7
[04/02/2022, 16:01:05] estimating time left: 0:00:25.531800

[[-7.55068365e-01 -5.88442219e+00 -8.45489110e-02  0.00000000e+00
   6.06168505e-01 -2.01488908e-01]
 [-5.07036437e-01  4.54876125e+00 -2.14114058e-01  0.00000000e+00
   5.85002279e-01 -1.38232615e-01]
 [-8.42601370e-01 -5.61825226e+00 -3.61324445e-01  0.00000000e+00
  -4.29889826e-01 -2.04768372e-01]
 [-2.65087691e-01  1.46561208e+01 -2.18467700e-01  0.00000000e+00
   1.18336281e-01  3.29189916e-01]
 [-2.93826152e-01  1.43924636e+01  0.00000000e+00  0.00000000e+00
  -8.32835976e-02  4.08476606e-02]
 [ 4.16631872e+00  1.28325695e+00  0.00000000e+00  0.00000000e+00
  -3.86386348e-01 -1.21552352e-01]
 [-8.70025900e-01 -5.45136573e+00 -4.30636678e-01  0.00000000e+00
  -1.25756430e+00  2.73694523e-02]
 [-1.36310839e+00 -5.29711572e+00 -1.70160886e-01  0.00000000e+00
   1.10074469e+00 -3.53329140e-03]
 [-2.14151684e-01  1.45020646e+01 -8.26212224e-02  0.00000000e+00
  -2.91474252e-01  4.94392162e-02]
 [ 4.15271120e+00  1.25954818e+00  0.00000000e+00  0.00000000e+00
  -2.98787907e-01 -1.96616023e-01]]
[04/02/2022, 16:01:05] finish computing sampling shap for range: [3, 8] within 474.16018 sec
