Child #[8, 9]: psutil.Process(pid=3952, name='python', status='running', started='19:35:05'), affinity [8, 9]
Child #[8, 9]: Set my affinity to [8, 9], affinity now [8, 9]

[04/02/2022, 15:53:45] start computing sampling shap for range: [5, 8]
[04/02/2022, 15:54:20] computing sampling shap 548:558 within 35.9469 sec, 3.5947 on average
[04/02/2022, 15:54:20] instances left: 127
[04/02/2022, 15:54:20] estimating time left: 0:07:36.526900

[[-0.21031117 14.36201936  0.          0.         -0.88133039  0.10091086]
 [-0.4000935   4.38927893 -0.13546386  0.          0.59500716 -0.13652678]
 [-0.46124584 14.73629421 -0.21634191  0.         -0.2725931  -0.16948049]
 [-0.79851521 -5.56802252 -0.37232196  0.         -0.04986933  0.23032057]
 [-0.77057679 -5.60501614 -0.54751814  0.          0.77991297 -0.1197017 ]
 [-0.73767587  4.69423976 -0.28787947  0.         -0.57522286  0.23204844]
 [ 3.00102821 10.24410468  2.30705392  0.         -1.17304717  0.33374186]
 [ 3.42101335 -0.10566962  1.77135497  0.         -0.60289291  0.22100516]
 [-1.00443264  5.08816599 -0.45748828  0.          0.13373119  0.08060477]
 [-0.77132883 -5.67968376 -0.37852118  0.          0.26553526 -0.14854453]]
[04/02/2022, 15:54:54] computing sampling shap 558:568 within 33.6776 sec, 3.4813 on average
[04/02/2022, 15:54:54] instances left: 117
[04/02/2022, 15:54:54] estimating time left: 0:06:47.312100

[[-9.79404113e-01 -5.47395109e+00 -3.20571259e-01  0.00000000e+00
  -2.86781421e-01  2.31171470e-01]
 [-8.90735064e-01 -5.70164010e+00 -2.07109823e-01  0.00000000e+00
  -3.57491699e-01 -2.19665078e-01]
 [-1.03529322e+00 -5.16462419e+00 -7.15574378e-01  0.00000000e+00
  -3.39565216e-01  8.32489682e-04]
 [-1.00622936e+00 -5.23430240e+00 -5.44952397e-01  0.00000000e+00
  -2.65598584e-01 -1.81918416e-01]
 [-5.24994596e-01  4.41341271e+00 -1.37871778e-01  0.00000000e+00
  -4.03160050e-01 -3.87858339e-02]
 [ 4.49659078e+00  1.08929960e+00 -1.49767619e-01  0.00000000e+00
  -4.02353434e-01 -1.61784595e-01]
 [-8.64209256e-01 -5.84455004e+00 -2.37909363e-01  0.00000000e+00
  -3.52146165e-01 -1.58021308e-01]
 [-9.88456074e-01 -5.49803559e+00 -4.28817887e-01  0.00000000e+00
  -3.09615378e-01 -4.33639798e-02]
 [-1.32814302e+00 -5.29834987e+00 -2.10798698e-01  0.00000000e+00
  -1.13768089e+00  1.66162032e-01]
 [-4.41750674e-01  4.21657597e+00  0.00000000e+00  0.00000000e+00
   1.00259409e+00 -1.48405932e-01]]
[04/02/2022, 15:55:30] computing sampling shap 568:578 within 35.9822 sec, 3.5204 on average
[04/02/2022, 15:55:30] instances left: 107
[04/02/2022, 15:55:30] estimating time left: 0:06:16.682800

[[-9.83881664e-01 -5.41427444e+00 -5.90047950e-01  0.00000000e+00
  -1.13747830e+00 -1.58641608e-01]
 [-3.71426947e-01  1.46704896e+01 -8.40246644e-02  0.00000000e+00
  -2.90202680e-03 -1.87649827e-01]
 [-1.14935247e-01  3.96089852e+00 -7.99820259e-02  0.00000000e+00
   7.82744501e-02 -1.42956904e-01]
 [-1.10848981e+00 -5.59229329e+00 -2.67651811e-01  0.00000000e+00
   4.36398564e-01 -8.55805905e-02]
 [-7.30554975e-01 -3.75546212e+00  7.87677311e+00  0.00000000e+00
  -6.55142428e-01  3.28934067e-01]
 [-1.15951639e+00 -5.45804702e+00 -2.32238320e-01  0.00000000e+00
   1.46247868e-02 -1.80492199e-01]
 [-6.41968901e-01  4.86017517e+00 -4.31528803e-01  0.00000000e+00
  -4.51528215e-02  2.93493082e-01]
 [-3.58259778e-01  4.20538419e+00 -8.48899136e-02  0.00000000e+00
   6.83948929e-01 -1.07860568e-01]
 [-2.62127407e-01  1.43573165e+01  0.00000000e+00  0.00000000e+00
   3.41649782e-01 -9.52054353e-02]
 [-1.13263014e+00  5.14693475e+00 -3.11070571e-01  0.00000000e+00
  -9.82770352e-01  5.22216943e-01]]
[04/02/2022, 15:56:07] computing sampling shap 578:588 within 36.5844 sec, 3.5549 on average
[04/02/2022, 15:56:07] instances left: 97
[04/02/2022, 15:56:07] estimating time left: 0:05:44.825300

[[-0.6479456   4.60143435 -0.21488176  0.          0.01240483 -0.17987693]
 [-0.48392553 -6.0091654  -0.33501902  0.          0.31018923 -0.16089611]
 [-0.7271402  -5.76876239 -0.41755264  0.         -0.89020587  0.42683871]
 [ 4.3224719  11.2113472   0.          0.          1.00159955 -0.14624844]
 [-0.95020835 -5.52076069 -0.47956043  0.          0.40324663 -0.03237461]
 [-1.11904423 -5.71325883  0.          0.          0.32851203 -0.07586627]
 [-0.44348683  4.24555212  0.          0.          0.96349001 -0.13654181]
 [-0.992826   -5.50430357 -0.31077377  0.          1.10789478 -0.13779031]
 [-1.18496891 -5.51214908 -0.17126674  0.          0.37877775 -0.16414673]
 [-0.65937211 -5.93708811 -0.30433007  0.          0.74272014 -0.12954433]]
[04/02/2022, 15:56:43] computing sampling shap 588:598 within 36.2476 sec, 3.5689 on average
[04/02/2022, 15:56:43] instances left: 87
[04/02/2022, 15:56:43] estimating time left: 0:05:10.494300

[[-9.21522403e-01 -5.55175075e+00 -4.01569230e-01  0.00000000e+00
  -1.14283665e+00 -1.52314754e-01]
 [-1.13275072e+00 -5.41461760e+00 -3.98128918e-01  0.00000000e+00
   1.23468917e+00 -1.03877505e-01]
 [ 9.27815176e+00 -4.09711442e+00  0.00000000e+00  0.00000000e+00
  -2.02293373e-01  3.42829297e-01]
 [-1.02286456e+00 -5.59902231e+00 -3.33580742e-01  0.00000000e+00
   1.29622375e-01 -2.24520204e-04]
 [-9.93505635e-01 -5.40327694e+00 -3.25557909e-01  0.00000000e+00
   9.81113495e-01 -9.65716235e-02]
 [-5.14403680e-01  4.50186689e+00 -1.96142410e-01  0.00000000e+00
   1.00813722e+00 -1.70444543e-01]
 [-2.19556399e-01  3.91690936e+00  0.00000000e+00  0.00000000e+00
  -3.36438940e-01 -6.50137581e-02]
 [-1.69471811e-01  1.44938628e+01 -8.43101369e-02  0.00000000e+00
  -6.28144064e-01  2.03298057e-01]
 [-9.32327258e-01 -5.56981973e+00 -2.97087601e-01  0.00000000e+00
  -5.19668822e-01 -1.04329208e-01]
 [-7.31542879e-01  4.53114330e+00 -8.37174255e-02  0.00000000e+00
   7.43373138e-01 -1.47054711e-01]]
[04/02/2022, 15:57:20] computing sampling shap 598:608 within 36.9681 sec, 3.5903 on average
[04/02/2022, 15:57:20] instances left: 77
[04/02/2022, 15:57:20] estimating time left: 0:04:36.453100

[[ 4.26776842  1.08190785 -0.08836131  0.         -0.28864933 -0.08291047]
 [-0.84338435 -5.48056942 -0.57054708  0.          1.20447383 -0.14777191]
 [-1.14558285 -5.30644794 -0.34344168  0.         -0.92689184  0.61060145]
 [-0.86196326 -5.98363165 -0.08621661  0.         -0.38981303 -0.0600343 ]
 [ 4.33952472  0.94560195  0.          0.         -0.21144999 -0.02735601]
 [-1.14849682 -5.47447533 -0.28710424  0.          1.21308561 -0.14080823]
 [-0.52516025  4.41263357 -0.18408241  0.          0.40178381 -0.1442531 ]
 [-0.75557401 -5.47347766 -0.51783291  0.         -0.70092619  0.79876161]
 [-0.93977125 -5.55271056 -0.38353737  0.          0.72618003 -0.16952081]
 [-1.21214214 -5.22521826 -0.37895426  0.          1.12827783 -0.14976206]]
[04/02/2022, 15:57:56] computing sampling shap 608:618 within 35.7073 sec, 3.5875 on average
[04/02/2022, 15:57:56] instances left: 67
[04/02/2022, 15:57:56] estimating time left: 0:04:00.362500

[[ 4.37997714 11.31295622  0.          0.          0.46731273 -0.15220406]
 [-0.93382298 -5.37830578 -0.47323312  0.          0.65176435 -0.18576305]
 [-0.58988504  4.39434732 -0.08528406  0.          0.69887247 -0.03771052]
 [-1.00323936 -5.64356239 -0.27965522  0.          0.13445478 -0.02098411]
 [-1.1097647  -5.31093529 -0.40732281  0.          1.12030133 -0.10696381]
 [-0.2472033  14.70355548 -0.22595705  0.         -0.26362777  1.13637556]
 [-1.25559846 -5.49353739 -0.21810984  0.          0.15625648 -0.14614994]
 [-1.01755468 -5.43726497 -0.41640466  0.         -0.22050649  0.45382959]
 [-0.85127249 -5.4356169  -0.51042168  0.          1.10576793 -0.08887218]
 [-1.10388806 -5.49418203 -0.17079776  0.         -0.02184745 -0.18019237]]
[04/02/2022, 15:58:33] computing sampling shap 618:628 within 37.5612 sec, 3.6086 on average
[04/02/2022, 15:58:33] instances left: 57
[04/02/2022, 15:58:33] estimating time left: 0:03:25.690200

[[-0.36642133 14.53369324 -0.08166502  0.          1.010474   -0.15453565]
 [-0.7273494  -5.70839784 -0.3954839   0.          1.13867078 -0.14523811]
 [ 4.41502593  1.00119588 -0.1537987   0.          0.71684571 -0.10977417]
 [-0.34626437  3.99381739  0.          0.          0.77108615  0.13193596]
 [-1.02131526 -5.54365394 -0.29914657  0.         -0.40906529 -0.19492481]
 [-1.09190865 -5.0180534  -0.67547863  0.         -0.08801507  0.33047719]
 [-1.1576027  -5.34748577 -0.34764131  0.         -0.30017999 -0.22373192]
 [-0.25146782  4.17602757 -0.18564455  0.         -0.12642511 -0.01656984]
 [-0.29381652 14.74964406 -0.24963157  0.         -1.00551187 -0.15827615]
 [-0.79893371 -5.71338244 -0.31364081  0.          1.13560872 -0.12433718]]
[04/02/2022, 15:59:12] computing sampling shap 628:638 within 38.5891 sec, 3.6364 on average
[04/02/2022, 15:59:12] instances left: 47
[04/02/2022, 15:59:12] estimating time left: 0:02:50.910800

[[ 4.54583557  0.73009364 -0.08738032  0.         -0.6086591  -0.07420334]
 [-0.68715407 -5.82523474 -0.34594233  0.         -0.28248355 -0.16064963]
 [-0.96866004 -5.63743356 -0.23748437  0.          0.6611633  -0.0105307 ]
 [ 4.27446297  1.16102725 -0.15676169  0.          0.86536979 -0.13127341]
 [-0.55109372 -5.76713386 -0.51875837  0.          1.15979982 -0.16061222]
 [-1.08400733 -5.25185581 -0.4690799   0.         -0.25243319 -0.17562513]
 [-0.72357872 -5.72273633 -0.45244795  0.         -1.03205722  0.65167633]
 [-0.70379173  6.6198498   7.91375299  0.         -0.19045017 -0.09290456]
 [ 4.7613107   0.55508298 -0.24363067  0.         -0.99048319  0.10078989]
 [-0.72370718 -4.07588011  8.00763268  0.         -0.12503713  0.19452795]]
[04/02/2022, 15:59:49] computing sampling shap 638:648 within 37.0049 sec, 3.6428 on average
[04/02/2022, 15:59:49] instances left: 37
[04/02/2022, 15:59:49] estimating time left: 0:02:14.783600

[[-7.04914415e-01  4.66520991e+00 -3.33370065e-01  0.00000000e+00
  -3.00075652e-01  3.04835232e-02]
 [ 4.36105323e+00  1.12543448e+01  0.00000000e+00  0.00000000e+00
   8.98725724e-01 -1.24954154e-01]
 [-3.40150091e-01  4.12185964e+00 -8.18900130e-02  0.00000000e+00
   1.04299886e+00 -2.26683346e-02]
 [-8.71607459e-01 -5.40804702e+00 -5.63651201e-01  0.00000000e+00
   1.12825968e+00 -9.96399495e-02]
 [-7.55263670e-01 -5.67511363e+00 -5.28093649e-01  0.00000000e+00
  -5.48398690e-01  1.64119083e-01]
 [-4.73741125e-01  4.26036275e+00  0.00000000e+00  0.00000000e+00
  -5.60417020e-01  3.14053517e-02]
 [-8.97551087e-01 -5.65413039e+00 -3.35764082e-01  0.00000000e+00
  -1.18439272e-01 -1.04799000e-02]
 [ 4.38989784e+00  8.12270945e-01  0.00000000e+00  0.00000000e+00
  -1.02800875e+00  1.62228502e-01]
 [-4.31986931e-01  1.45643612e+01 -8.40279226e-02  0.00000000e+00
   4.17604869e-01  4.48429049e-01]
 [ 4.28023905e+00  9.97446389e-01 -8.53704523e-02  0.00000000e+00
   9.45357660e-01 -1.24847763e-01]]
[04/02/2022, 16:00:26] computing sampling shap 648:658 within 36.733 sec, 3.6456 on average
[04/02/2022, 16:00:26] instances left: 27
[04/02/2022, 16:00:26] estimating time left: 0:01:38.431200

[[-9.57371780e-01 -5.40556674e+00 -5.48177235e-01  0.00000000e+00
  -3.38240406e-01  2.19379509e-01]
 [-5.61211741e-01 -5.70419588e+00 -5.72041530e-01  0.00000000e+00
  -4.87258029e-01 -9.33657814e-02]
 [-9.89756997e-01 -6.01639177e+00  0.00000000e+00  0.00000000e+00
   8.11309516e-01  1.89446154e-03]
 [-9.26748848e-01  4.89205392e+00 -2.22468210e-01  0.00000000e+00
   3.32661014e-01 -1.17040354e-01]
 [-8.56684579e-01 -5.58245833e+00 -2.96140962e-01  0.00000000e+00
   1.05017895e+00 -1.29581066e-01]
 [-9.25228703e-01 -5.47638166e+00 -3.43743022e-01  0.00000000e+00
   1.04808465e+00 -1.40530323e-01]
 [-9.57520912e-01 -5.50184404e+00 -3.30461351e-01  0.00000000e+00
  -3.48290896e-01  6.42333255e-01]
 [ 4.17956699e+00  1.06053156e+00  0.00000000e+00  0.00000000e+00
   6.26346522e-01  1.88441049e-01]
 [-9.65683078e-01 -5.59753759e+00 -2.86398751e-01  0.00000000e+00
   3.27117095e-01 -1.90041013e-01]
 [ 4.36203799e+00  9.69008025e-01  0.00000000e+00  0.00000000e+00
   3.88436249e-01  4.72843372e-02]]
[04/02/2022, 16:01:01] computing sampling shap 658:668 within 35.4408 sec, 3.6372 on average
[04/02/2022, 16:01:01] instances left: 17
[04/02/2022, 16:01:01] estimating time left: 0:01:01.832400

[[-5.70779024e-01  4.50714108e+00 -2.01788834e-01  0.00000000e+00
  -9.29351948e-02 -1.69514749e-01]
 [ 4.23193110e+00  8.36014950e-01  0.00000000e+00  0.00000000e+00
  -1.18005081e+00 -2.16125574e-02]
 [-1.00238474e+00 -5.57479103e+00 -2.52213634e-01  0.00000000e+00
  -1.09821013e+00  5.11724810e-01]
 [-7.60269332e-01 -6.06514959e+00  0.00000000e+00  0.00000000e+00
  -2.73564486e-01  6.37209453e-02]
 [-3.42888384e-01  1.46803920e+01 -2.65045949e-01  0.00000000e+00
   1.69348251e-01  9.18553674e-02]
 [-7.35080927e-01 -5.77247240e+00 -3.07753893e-01  0.00000000e+00
  -4.14403720e-01 -1.87750631e-01]
 [-1.80661458e-01  1.44962538e+01 -1.42648761e-01  0.00000000e+00
  -1.07623690e-01 -1.75537691e-03]
 [-2.98391153e-01  1.44577446e+01  0.00000000e+00  0.00000000e+00
  -3.29509374e-01  1.59324066e-02]
 [-1.08530899e+00 -5.69264825e+00 -8.44047050e-02  0.00000000e+00
  -3.23058732e-01 -1.91220922e-01]
 [-1.00282271e+00 -5.43460242e+00 -3.52239389e-01  0.00000000e+00
   6.71492369e-01 -9.75383902e-02]]
[04/02/2022, 16:01:37] computing sampling shap 668:678 within 35.7044 sec, 3.632 on average
[04/02/2022, 16:01:37] instances left: 7
[04/02/2022, 16:01:37] estimating time left: 0:00:25.424000

[[-0.9633448  -5.63019788 -0.22400361  0.          1.13605549 -0.0989241 ]
 [ 4.28372059 11.2974248   0.          0.         -1.28340639 -0.14441831]
 [-0.35242304  4.159285    0.          0.         -0.78200258 -0.12914898]
 [ 4.36287147  1.15070036 -0.23175402  0.         -0.29084153 -0.14112127]
 [-0.72460273 -5.71756851 -0.48537307  0.          1.20008254 -0.11033683]
 [-0.68956747 -6.15077066  0.          0.          0.09868773  0.17445772]
 [-0.98290828 -5.52982358 -0.35205845  0.          0.73943127 -0.19400121]
 [-0.92969289 -5.39923656 -0.48962706  0.         -0.1147092  -0.21857682]
 [-1.11674097 -5.40866912 -0.26206715  0.         -0.90480391  0.39081249]
 [-0.35072144 14.79117938 -0.22726782  0.         -0.84672089 -0.06641579]]
[04/02/2022, 16:01:37] finish computing sampling shap for range: [5, 8] within 472.167438 sec
