

[04/02/2022, 15:52:46] [get categorical paper data for /home/youyinnn_gmail_com/s2search/pipelining/exp-cspl cspl]
============== start ==============
[04/02/2022, 15:52:54] [get categorical paper data for /home/youyinnn_gmail_com/s2search/pipelining/exp-cspl cspl]
============== end 21884 ==============


[04/02/2022, 15:52:54] [sampling shap explainer training for /home/youyinnn_gmail_com/s2search/pipelining/exp-cspl cspl]
============== start ==============
[04/02/2022, 15:52:57] [sampling shap explainer training for /home/youyinnn_gmail_com/s2search/pipelining/exp-cspl cspl]
============== end 4376 ==============


[04/02/2022, 15:52:57] [sampling shap sv computing for /home/youyinnn_gmail_com/s2search/pipelining/exp-cspl cspl]
============== start ==============
instances left: 127
estimating time left: 0:07:27.040000
---- 10:40010
instances left: 117
estimating time left: 0:07:16.761000
---- 20:80020
instances left: 107
estimating time left: 0:06:28.420700
---- 30:120030
instances left: 97
estimating time left: 0:05:46.493700
---- 40:160040
instances left: 87
estimating time left: 0:05:13.156500
---- 50:200050
instances left: 77
estimating time left: 0:04:41.019200
---- 60:240060
instances left: 67
estimating time left: 0:04:04.255200
---- 70:280070
instances left: 57
estimating time left: 0:03:27.554100
---- 80:320080
instances left: 47
estimating time left: 0:02:51.921300
---- 90:360090
instances left: 37
estimating time left: 0:02:16.737200
---- 100:400100
instances left: 27
estimating time left: 0:01:39.446400
---- 110:440110
instances left: 17
estimating time left: 0:01:02.485200
---- 120:480120
instances left: 7
estimating time left: 0:00:25.698400
---- 130:520130
[04/02/2022, 16:00:55] [sampling shap sv computing for /home/youyinnn_gmail_com/s2search/pipelining/exp-cspl cspl]
============== end 520130 ==============
